# Logfile created on 2014-04-05 12:54:28 +0200 by logger.rb/44203
I, [2014-04-05T12:54:28.936468 #8485]  INFO -- : Reseting R3T to origin/master
I, [2014-04-05T12:54:29.715562 #8485]  INFO -- : Reseting Mr Bazinga to origin/master
I, [2014-04-05T12:54:30.568556 #8485]  INFO -- : Reseting NoCo to origin/master
I, [2014-04-05T12:54:31.506973 #8485]  INFO -- : Connected R3T at http://localhost:8080/
I, [2014-04-05T12:54:31.509473 #8485]  INFO -- : Connected Mr Bazinga at http://localhost:1337/
I, [2014-04-05T12:54:31.511941 #8485]  INFO -- : Connected NoCo at http://localhost:8000/player_service.php
E, [2014-04-05T12:54:31.513602 #8485] ERROR -- : Connection refused - connect(2) for "localhost" port 8080
E, [2014-04-05T12:54:31.513774 #8485] ERROR -- : Player R3T is unreachable
I, [2014-04-05T12:54:31.513882 #8485]  INFO -- : Waiting for players to start
E, [2014-04-05T12:54:32.514585 #8485] ERROR -- : Connection refused - connect(2) for "localhost" port 8080
E, [2014-04-05T12:54:32.514727 #8485] ERROR -- : Player R3T is unreachable
I, [2014-04-05T12:54:32.514813 #8485]  INFO -- : Waiting for players to start
E, [2014-04-05T12:54:33.515551 #8485] ERROR -- : Connection refused - connect(2) for "localhost" port 8080
E, [2014-04-05T12:54:33.515825 #8485] ERROR -- : Player R3T is unreachable
I, [2014-04-05T12:54:33.515984 #8485]  INFO -- : Waiting for players to start
E, [2014-04-05T12:54:34.516786 #8485] ERROR -- : Connection refused - connect(2) for "localhost" port 8080
E, [2014-04-05T12:54:34.516952 #8485] ERROR -- : Player R3T is unreachable
I, [2014-04-05T12:54:34.517054 #8485]  INFO -- : Waiting for players to start
E, [2014-04-05T12:54:35.527219 #8485] ERROR -- : Connection refused - connect(2) for "localhost" port 8080
E, [2014-04-05T12:54:35.527442 #8485] ERROR -- : Player R3T is unreachable
I, [2014-04-05T12:54:35.527563 #8485]  INFO -- : Waiting for players to start
E, [2014-04-05T12:54:36.528272 #8485] ERROR -- : Connection refused - connect(2) for "localhost" port 8080
E, [2014-04-05T12:54:36.528539 #8485] ERROR -- : Player R3T is unreachable
I, [2014-04-05T12:54:36.528720 #8485]  INFO -- : Waiting for players to start
E, [2014-04-05T12:54:37.536143 #8485] ERROR -- : Connection refused - connect(2) for "localhost" port 8080
E, [2014-04-05T12:54:37.536415 #8485] ERROR -- : Player R3T is unreachable
I, [2014-04-05T12:54:37.536553 #8485]  INFO -- : Waiting for players to start
E, [2014-04-05T12:54:38.544114 #8485] ERROR -- : Connection refused - connect(2) for "localhost" port 8080
E, [2014-04-05T12:54:38.548166 #8485] ERROR -- : Player R3T is unreachable
I, [2014-04-05T12:54:38.548457 #8485]  INFO -- : Waiting for players to start
E, [2014-04-05T12:54:39.549088 #8485] ERROR -- : Connection refused - connect(2) for "localhost" port 8080
E, [2014-04-05T12:54:39.549226 #8485] ERROR -- : Player R3T is unreachable
I, [2014-04-05T12:54:39.549307 #8485]  INFO -- : Waiting for players to start
E, [2014-04-05T12:54:40.560168 #8485] ERROR -- : Connection refused - connect(2) for "localhost" port 8080
E, [2014-04-05T12:54:40.560411 #8485] ERROR -- : Player R3T is unreachable
I, [2014-04-05T12:54:40.560507 #8485]  INFO -- : Waiting for players to start
E, [2014-04-05T12:54:41.561631 #8485] ERROR -- : Connection refused - connect(2) for "localhost" port 8080
E, [2014-04-05T12:54:41.561866 #8485] ERROR -- : Player R3T is unreachable
I, [2014-04-05T12:54:41.562093 #8485]  INFO -- : Waiting for players to start
E, [2014-04-05T12:54:42.576143 #8485] ERROR -- : Connection refused - connect(2) for "localhost" port 8080
E, [2014-04-05T12:54:42.576333 #8485] ERROR -- : Player R3T is unreachable
I, [2014-04-05T12:54:42.576430 #8485]  INFO -- : Waiting for players to start
E, [2014-04-05T12:54:43.577046 #8485] ERROR -- : Connection refused - connect(2) for "localhost" port 8080
E, [2014-04-05T12:54:43.577193 #8485] ERROR -- : Player R3T is unreachable
I, [2014-04-05T12:54:43.577308 #8485]  INFO -- : Waiting for players to start
E, [2014-04-05T12:54:44.577864 #8485] ERROR -- : Connection refused - connect(2) for "localhost" port 8080
E, [2014-04-05T12:54:44.578009 #8485] ERROR -- : Player R3T is unreachable
I, [2014-04-05T12:54:44.578105 #8485]  INFO -- : Waiting for players to start
E, [2014-04-05T12:54:45.578655 #8485] ERROR -- : Connection refused - connect(2) for "localhost" port 8080
E, [2014-04-05T12:54:45.578823 #8485] ERROR -- : Player R3T is unreachable
I, [2014-04-05T12:54:45.578871 #8485]  INFO -- : Waiting for players to start
E, [2014-04-05T12:54:46.579362 #8485] ERROR -- : Connection refused - connect(2) for "localhost" port 8080
E, [2014-04-05T12:54:46.579474 #8485] ERROR -- : Player R3T is unreachable
I, [2014-04-05T12:54:46.579524 #8485]  INFO -- : Waiting for players to start
E, [2014-04-05T12:54:48.085573 #8485] ERROR -- : Net::ReadTimeout
E, [2014-04-05T12:54:48.085714 #8485] ERROR -- : Player R3T is unreachable
I, [2014-04-05T12:54:48.085765 #8485]  INFO -- : Waiting for players to start
I, [2014-04-05T12:54:49.088621 #8485]  INFO -- : Player R3T responded with  (200)
I, [2014-04-05T12:54:49.106369 #8485]  INFO -- : Player Mr Bazinga responded with OK (200)
I, [2014-04-05T12:54:49.107886 #8485]  INFO -- : Player NoCo responded with  (200)
I, [2014-04-05T12:54:49.108025 #8485]  INFO -- : Players are running
I, [2014-04-05T12:54:49.136434 #8485]  INFO -- : Player R3T responded with v0.1 (200)
I, [2014-04-05T12:54:49.139759 #8485]  INFO -- : Player Mr Bazinga responded with Mr Bazinga PreFlop Version (200)
I, [2014-04-05T12:54:49.142458 #8485]  INFO -- : Player NoCo responded with NoCo1247 (200)
I, [2014-04-05T12:54:49.142779 #8485]  INFO -- : R3T received hole_card 3 of Diamonds
I, [2014-04-05T12:54:49.142951 #8485]  INFO -- : Mr Bazinga received hole_card Ace of Diamonds
I, [2014-04-05T12:54:49.143138 #8485]  INFO -- : NoCo received hole_card 6 of Hearts
I, [2014-04-05T12:54:49.143341 #8485]  INFO -- : R3T received hole_card 9 of Spades
I, [2014-04-05T12:54:49.143511 #8485]  INFO -- : Mr Bazinga received hole_card 10 of Clubs
I, [2014-04-05T12:54:49.143711 #8485]  INFO -- : NoCo received hole_card Queen of Diamonds
I, [2014-04-05T12:54:49.145180 #8485]  INFO -- : R3T made a bet of 10 (raise) and is left with 990 chips. The pot now contains 10 chips.
I, [2014-04-05T12:54:49.145469 #8485]  INFO -- : Mr Bazinga made a bet of 20 (raise) and is left with 980 chips. The pot now contains 30 chips.
I, [2014-04-05T12:54:49.147992 #8485]  INFO -- : Player NoCo responded with 0 (200)
I, [2014-04-05T12:54:49.148210 #8485]  INFO -- : NoCo made a bet of 0 (fold) and is left with 1000 chips. The pot now contains 30 chips.
I, [2014-04-05T12:54:49.201311 #8485]  INFO -- : Player R3T responded with 0 (200)
I, [2014-04-05T12:54:49.201618 #8485]  INFO -- : R3T made a bet of 0 (fold) and is left with 990 chips. The pot now contains 30 chips.
I, [2014-04-05T12:54:49.205122 #8485]  INFO -- : Player Mr Bazinga responded with 0 (200)
I, [2014-04-05T12:54:49.205762 #8485]  INFO -- : Mr Bazinga made a bet of 0 (check) and is left with 980 chips. The pot now contains 30 chips.
I, [2014-04-05T12:54:49.207100 #8485]  INFO -- : Mr Bazinga won 30
I, [2014-04-05T12:54:49.212383 #8485]  INFO -- : Player R3T responded with  (200)
I, [2014-04-05T12:54:49.217008 #8485]  INFO -- : Player Mr Bazinga responded with OK (200)
I, [2014-04-05T12:54:49.218964 #8485]  INFO -- : Player NoCo responded with  (200)
I, [2014-04-05T12:54:49.219308 #8485]  INFO -- : Mr Bazinga received hole_card 5 of Diamonds
I, [2014-04-05T12:54:49.219455 #8485]  INFO -- : NoCo received hole_card 3 of Clubs
I, [2014-04-05T12:54:49.219622 #8485]  INFO -- : R3T received hole_card Jack of Spades
I, [2014-04-05T12:54:49.219795 #8485]  INFO -- : Mr Bazinga received hole_card 6 of Clubs
I, [2014-04-05T12:54:49.219963 #8485]  INFO -- : NoCo received hole_card 10 of Hearts
I, [2014-04-05T12:54:49.220153 #8485]  INFO -- : R3T received hole_card 7 of Clubs
I, [2014-04-05T12:54:49.220460 #8485]  INFO -- : Mr Bazinga made a bet of 10 (raise) and is left with 1000 chips. The pot now contains 10 chips.
I, [2014-04-05T12:54:49.220721 #8485]  INFO -- : NoCo made a bet of 20 (raise) and is left with 980 chips. The pot now contains 30 chips.
I, [2014-04-05T12:54:49.224642 #8485]  INFO -- : Player R3T responded with 0 (200)
I, [2014-04-05T12:54:49.225096 #8485]  INFO -- : R3T made a bet of 0 (fold) and is left with 990 chips. The pot now contains 30 chips.
I, [2014-04-05T12:54:49.229526 #8485]  INFO -- : Player Mr Bazinga responded with 0 (200)
I, [2014-04-05T12:54:49.229774 #8485]  INFO -- : Mr Bazinga made a bet of 0 (fold) and is left with 1000 chips. The pot now contains 30 chips.
I, [2014-04-05T12:54:49.232276 #8485]  INFO -- : Player NoCo responded with 0 (200)
I, [2014-04-05T12:54:49.232614 #8485]  INFO -- : NoCo made a bet of 0 (check) and is left with 980 chips. The pot now contains 30 chips.
I, [2014-04-05T12:54:49.233197 #8485]  INFO -- : NoCo won 30
I, [2014-04-05T12:54:49.237779 #8485]  INFO -- : Player R3T responded with  (200)
I, [2014-04-05T12:54:49.242270 #8485]  INFO -- : Player Mr Bazinga responded with OK (200)
I, [2014-04-05T12:54:49.245158 #8485]  INFO -- : Player NoCo responded with  (200)
I, [2014-04-05T12:54:49.245599 #8485]  INFO -- : NoCo received hole_card 9 of Hearts
I, [2014-04-05T12:54:49.245766 #8485]  INFO -- : R3T received hole_card 4 of Diamonds
I, [2014-04-05T12:54:49.245932 #8485]  INFO -- : Mr Bazinga received hole_card 2 of Clubs
I, [2014-04-05T12:54:49.246089 #8485]  INFO -- : NoCo received hole_card King of Hearts
I, [2014-04-05T12:54:49.246281 #8485]  INFO -- : R3T received hole_card Ace of Spades
I, [2014-04-05T12:54:49.246463 #8485]  INFO -- : Mr Bazinga received hole_card Jack of Clubs
I, [2014-04-05T12:54:49.246765 #8485]  INFO -- : NoCo made a bet of 10 (raise) and is left with 1000 chips. The pot now contains 10 chips.
I, [2014-04-05T12:54:49.247022 #8485]  INFO -- : R3T made a bet of 20 (raise) and is left with 970 chips. The pot now contains 30 chips.
I, [2014-04-05T12:54:49.248961 #8485]  INFO -- : Player Mr Bazinga responded with 80 (200)
I, [2014-04-05T12:54:49.249293 #8485]  INFO -- : Mr Bazinga made a bet of 80 (raise) and is left with 920 chips. The pot now contains 110 chips.
I, [2014-04-05T12:54:49.252161 #8485]  INFO -- : Player NoCo responded with 0 (200)
I, [2014-04-05T12:54:49.252513 #8485]  INFO -- : NoCo made a bet of 0 (fold) and is left with 1000 chips. The pot now contains 110 chips.
I, [2014-04-05T12:54:49.255313 #8485]  INFO -- : Player R3T responded with 0 (200)
I, [2014-04-05T12:54:49.255524 #8485]  INFO -- : R3T made a bet of 0 (fold) and is left with 970 chips. The pot now contains 110 chips.
I, [2014-04-05T12:54:49.255941 #8485]  INFO -- : Mr Bazinga won 110
I, [2014-04-05T12:54:49.258903 #8485]  INFO -- : Player R3T responded with  (200)
I, [2014-04-05T12:54:49.273530 #8485]  INFO -- : Player Mr Bazinga responded with OK (200)
I, [2014-04-05T12:54:49.278973 #8485]  INFO -- : Player NoCo responded with  (200)
I, [2014-04-05T12:54:49.279307 #8485]  INFO -- : R3T received hole_card 5 of Diamonds
I, [2014-04-05T12:54:49.279496 #8485]  INFO -- : Mr Bazinga received hole_card 6 of Spades
I, [2014-04-05T12:54:49.279679 #8485]  INFO -- : NoCo received hole_card 8 of Hearts
I, [2014-04-05T12:54:49.279827 #8485]  INFO -- : R3T received hole_card 5 of Spades
I, [2014-04-05T12:54:49.280020 #8485]  INFO -- : Mr Bazinga received hole_card King of Hearts
I, [2014-04-05T12:54:49.280223 #8485]  INFO -- : NoCo received hole_card 10 of Diamonds
I, [2014-04-05T12:54:49.280491 #8485]  INFO -- : R3T made a bet of 10 (raise) and is left with 960 chips. The pot now contains 10 chips.
I, [2014-04-05T12:54:49.280719 #8485]  INFO -- : Mr Bazinga made a bet of 20 (raise) and is left with 1010 chips. The pot now contains 30 chips.
I, [2014-04-05T12:54:49.282783 #8485]  INFO -- : Player NoCo responded with 0 (200)
I, [2014-04-05T12:54:49.282968 #8485]  INFO -- : NoCo made a bet of 0 (fold) and is left with 1000 chips. The pot now contains 30 chips.
I, [2014-04-05T12:54:49.285575 #8485]  INFO -- : Player R3T responded with 620 (200)
I, [2014-04-05T12:54:49.286190 #8485]  INFO -- : R3T made a bet of 620 (raise) and is left with 340 chips. The pot now contains 650 chips.
I, [2014-04-05T12:54:49.291190 #8485]  INFO -- : Player Mr Bazinga responded with 0 (200)
I, [2014-04-05T12:54:49.291470 #8485]  INFO -- : Mr Bazinga made a bet of 0 (fold) and is left with 1010 chips. The pot now contains 650 chips.
I, [2014-04-05T12:54:49.291879 #8485]  INFO -- : R3T won 650
I, [2014-04-05T12:54:49.295307 #8485]  INFO -- : Player R3T responded with  (200)
I, [2014-04-05T12:54:49.297596 #8485]  INFO -- : Player Mr Bazinga responded with OK (200)
I, [2014-04-05T12:54:49.300601 #8485]  INFO -- : Player NoCo responded with  (200)
I, [2014-04-05T12:54:49.301051 #8485]  INFO -- : Mr Bazinga received hole_card Jack of Diamonds
I, [2014-04-05T12:54:49.301301 #8485]  INFO -- : NoCo received hole_card 10 of Spades
I, [2014-04-05T12:54:49.301518 #8485]  INFO -- : R3T received hole_card Ace of Spades
I, [2014-04-05T12:54:49.301738 #8485]  INFO -- : Mr Bazinga received hole_card King of Spades
I, [2014-04-05T12:54:49.301996 #8485]  INFO -- : NoCo received hole_card 5 of Clubs
I, [2014-04-05T12:54:49.302216 #8485]  INFO -- : R3T received hole_card 6 of Hearts
I, [2014-04-05T12:54:49.302572 #8485]  INFO -- : Mr Bazinga made a bet of 10 (raise) and is left with 1000 chips. The pot now contains 10 chips.
I, [2014-04-05T12:54:49.302945 #8485]  INFO -- : NoCo made a bet of 20 (raise) and is left with 980 chips. The pot now contains 30 chips.
I, [2014-04-05T12:54:49.307329 #8485]  INFO -- : Player R3T responded with 0 (200)
I, [2014-04-05T12:54:49.307749 #8485]  INFO -- : R3T made a bet of 0 (fold) and is left with 990 chips. The pot now contains 30 chips.
I, [2014-04-05T12:54:49.310022 #8485]  INFO -- : Player Mr Bazinga responded with 70 (200)
I, [2014-04-05T12:54:49.310306 #8485]  INFO -- : Mr Bazinga made a bet of 70 (raise) and is left with 930 chips. The pot now contains 100 chips.
I, [2014-04-05T12:54:49.312113 #8485]  INFO -- : Player NoCo responded with 0 (200)
I, [2014-04-05T12:54:49.312376 #8485]  INFO -- : NoCo made a bet of 0 (fold) and is left with 980 chips. The pot now contains 100 chips.
I, [2014-04-05T12:54:49.312919 #8485]  INFO -- : Mr Bazinga won 100
I, [2014-04-05T12:54:49.316550 #8485]  INFO -- : Player R3T responded with  (200)
I, [2014-04-05T12:54:49.320443 #8485]  INFO -- : Player Mr Bazinga responded with OK (200)
I, [2014-04-05T12:54:49.325016 #8485]  INFO -- : Player NoCo responded with  (200)
I, [2014-04-05T12:54:49.326043 #8485]  INFO -- : NoCo received hole_card King of Hearts
I, [2014-04-05T12:54:49.326639 #8485]  INFO -- : R3T received hole_card 9 of Diamonds
I, [2014-04-05T12:54:49.327239 #8485]  INFO -- : Mr Bazinga received hole_card 10 of Clubs
I, [2014-04-05T12:54:49.327979 #8485]  INFO -- : NoCo received hole_card 8 of Spades
I, [2014-04-05T12:54:49.328634 #8485]  INFO -- : R3T received hole_card 7 of Clubs
I, [2014-04-05T12:54:49.329218 #8485]  INFO -- : Mr Bazinga received hole_card 2 of Spades
I, [2014-04-05T12:54:49.330171 #8485]  INFO -- : NoCo made a bet of 10 (raise) and is left with 970 chips. The pot now contains 10 chips.
I, [2014-04-05T12:54:49.331116 #8485]  INFO -- : R3T made a bet of 20 (raise) and is left with 970 chips. The pot now contains 30 chips.
I, [2014-04-05T12:54:49.334030 #8485]  INFO -- : Player Mr Bazinga responded with 0 (200)
I, [2014-04-05T12:54:49.334579 #8485]  INFO -- : Mr Bazinga made a bet of 0 (fold) and is left with 1030 chips. The pot now contains 30 chips.
I, [2014-04-05T12:54:49.336948 #8485]  INFO -- : Player NoCo responded with 0 (200)
I, [2014-04-05T12:54:49.337722 #8485]  INFO -- : NoCo made a bet of 0 (fold) and is left with 970 chips. The pot now contains 30 chips.
I, [2014-04-05T12:54:49.342509 #8485]  INFO -- : Player R3T responded with 0 (200)
I, [2014-04-05T12:54:49.342846 #8485]  INFO -- : R3T made a bet of 0 (check) and is left with 970 chips. The pot now contains 30 chips.
I, [2014-04-05T12:54:49.343223 #8485]  INFO -- : R3T won 30
I, [2014-04-05T12:54:49.347248 #8485]  INFO -- : Player R3T responded with  (200)
I, [2014-04-05T12:54:49.350054 #8485]  INFO -- : Player Mr Bazinga responded with OK (200)
I, [2014-04-05T12:54:49.352803 #8485]  INFO -- : Player NoCo responded with  (200)
I, [2014-04-05T12:54:49.353478 #8485]  INFO -- : R3T received hole_card Queen of Hearts
I, [2014-04-05T12:54:49.353894 #8485]  INFO -- : Mr Bazinga received hole_card Jack of Diamonds
I, [2014-04-05T12:54:49.354336 #8485]  INFO -- : NoCo received hole_card 3 of Diamonds
I, [2014-04-05T12:54:49.354802 #8485]  INFO -- : R3T received hole_card King of Spades
I, [2014-04-05T12:54:49.355256 #8485]  INFO -- : Mr Bazinga received hole_card 9 of Clubs
I, [2014-04-05T12:54:49.355665 #8485]  INFO -- : NoCo received hole_card 5 of Clubs
I, [2014-04-05T12:54:49.356545 #8485]  INFO -- : R3T made a bet of 10 (raise) and is left with 990 chips. The pot now contains 10 chips.
I, [2014-04-05T12:54:49.357444 #8485]  INFO -- : Mr Bazinga made a bet of 20 (raise) and is left with 1010 chips. The pot now contains 30 chips.
I, [2014-04-05T12:54:49.362303 #8485]  INFO -- : Player NoCo responded with 0 (200)
I, [2014-04-05T12:54:49.363279 #8485]  INFO -- : NoCo made a bet of 0 (fold) and is left with 970 chips. The pot now contains 30 chips.
I, [2014-04-05T12:54:49.371141 #8485]  INFO -- : Player R3T responded with 0 (200)
I, [2014-04-05T12:54:49.371559 #8485]  INFO -- : R3T made a bet of 0 (fold) and is left with 990 chips. The pot now contains 30 chips.
I, [2014-04-05T12:54:49.373975 #8485]  INFO -- : Player Mr Bazinga responded with 0 (200)
I, [2014-04-05T12:54:49.374306 #8485]  INFO -- : Mr Bazinga made a bet of 0 (check) and is left with 1010 chips. The pot now contains 30 chips.
I, [2014-04-05T12:54:49.374889 #8485]  INFO -- : Mr Bazinga won 30
I, [2014-04-05T12:54:49.382307 #8485]  INFO -- : Player R3T responded with  (200)
I, [2014-04-05T12:54:49.384087 #8485]  INFO -- : Player Mr Bazinga responded with OK (200)
I, [2014-04-05T12:54:49.386931 #8485]  INFO -- : Player NoCo responded with  (200)
I, [2014-04-05T12:54:49.387335 #8485]  INFO -- : Mr Bazinga received hole_card Ace of Hearts
I, [2014-04-05T12:54:49.387529 #8485]  INFO -- : NoCo received hole_card 7 of Spades
I, [2014-04-05T12:54:49.387725 #8485]  INFO -- : R3T received hole_card 10 of Diamonds
I, [2014-04-05T12:54:49.387931 #8485]  INFO -- : Mr Bazinga received hole_card 5 of Diamonds
I, [2014-04-05T12:54:49.388152 #8485]  INFO -- : NoCo received hole_card 3 of Spades
I, [2014-04-05T12:54:49.388335 #8485]  INFO -- : R3T received hole_card 3 of Hearts
I, [2014-04-05T12:54:49.388628 #8485]  INFO -- : Mr Bazinga made a bet of 10 (raise) and is left with 1030 chips. The pot now contains 10 chips.
I, [2014-04-05T12:54:49.388946 #8485]  INFO -- : NoCo made a bet of 20 (raise) and is left with 950 chips. The pot now contains 30 chips.
I, [2014-04-05T12:54:49.391716 #8485]  INFO -- : Player R3T responded with 0 (200)
I, [2014-04-05T12:54:49.392028 #8485]  INFO -- : R3T made a bet of 0 (fold) and is left with 990 chips. The pot now contains 30 chips.
I, [2014-04-05T12:54:49.396103 #8485]  INFO -- : Player Mr Bazinga responded with 0 (200)
I, [2014-04-05T12:54:49.396419 #8485]  INFO -- : Mr Bazinga made a bet of 0 (fold) and is left with 1030 chips. The pot now contains 30 chips.
I, [2014-04-05T12:54:49.398554 #8485]  INFO -- : Player NoCo responded with 0 (200)
I, [2014-04-05T12:54:49.398782 #8485]  INFO -- : NoCo made a bet of 0 (check) and is left with 950 chips. The pot now contains 30 chips.
I, [2014-04-05T12:54:49.399152 #8485]  INFO -- : NoCo won 30
I, [2014-04-05T12:54:49.403960 #8485]  INFO -- : Player R3T responded with  (200)
I, [2014-04-05T12:54:49.407780 #8485]  INFO -- : Player Mr Bazinga responded with OK (200)
I, [2014-04-05T12:54:49.409439 #8485]  INFO -- : Player NoCo responded with  (200)
I, [2014-04-05T12:54:49.409775 #8485]  INFO -- : NoCo received hole_card 5 of Spades
I, [2014-04-05T12:54:49.409958 #8485]  INFO -- : R3T received hole_card 7 of Hearts
I, [2014-04-05T12:54:49.410137 #8485]  INFO -- : Mr Bazinga received hole_card 2 of Clubs
I, [2014-04-05T12:54:49.410299 #8485]  INFO -- : NoCo received hole_card 5 of Hearts
I, [2014-04-05T12:54:49.410468 #8485]  INFO -- : R3T received hole_card Queen of Spades
I, [2014-04-05T12:54:49.410644 #8485]  INFO -- : Mr Bazinga received hole_card 8 of Hearts
I, [2014-04-05T12:54:49.410932 #8485]  INFO -- : NoCo made a bet of 10 (raise) and is left with 970 chips. The pot now contains 10 chips.
I, [2014-04-05T12:54:49.411163 #8485]  INFO -- : R3T made a bet of 20 (raise) and is left with 970 chips. The pot now contains 30 chips.
I, [2014-04-05T12:54:49.414145 #8485]  INFO -- : Player Mr Bazinga responded with 0 (200)
I, [2014-04-05T12:54:49.414372 #8485]  INFO -- : Mr Bazinga made a bet of 0 (fold) and is left with 1030 chips. The pot now contains 30 chips.
I, [2014-04-05T12:54:49.417092 #8485]  INFO -- : Player NoCo responded with 10 (200)
I, [2014-04-05T12:54:49.417379 #8485]  INFO -- : NoCo made a bet of 10 (call) and is left with 960 chips. The pot now contains 40 chips.
I, [2014-04-05T12:54:49.423824 #8485]  INFO -- : Player R3T responded with 0 (200)
I, [2014-04-05T12:54:49.424155 #8485]  INFO -- : R3T made a bet of 0 (check) and is left with 970 chips. The pot now contains 40 chips.
I, [2014-04-05T12:54:49.424513 #8485]  INFO -- : community card 4 of Spades
I, [2014-04-05T12:54:49.424808 #8485]  INFO -- : community card 5 of Diamonds
I, [2014-04-05T12:54:49.425133 #8485]  INFO -- : community card 7 of Diamonds
E, [2014-04-05T12:54:49.927964 #8485] ERROR -- : Net::ReadTimeout
E, [2014-04-05T12:54:49.928431 #8485] ERROR -- : Player NoCo is unreachable
I, [2014-04-05T12:54:49.929301 #8485]  INFO -- : NoCo made a bet of 0 (check) and is left with 960 chips. The pot now contains 40 chips.
I, [2014-04-05T12:54:49.934404 #8485]  INFO -- : Player R3T responded with 0 (200)
I, [2014-04-05T12:54:49.934643 #8485]  INFO -- : R3T made a bet of 0 (check) and is left with 970 chips. The pot now contains 40 chips.
I, [2014-04-05T12:54:49.934877 #8485]  INFO -- : community card 2 of Hearts
E, [2014-04-05T12:54:50.436697 #8485] ERROR -- : Net::ReadTimeout
E, [2014-04-05T12:54:50.437024 #8485] ERROR -- : Player NoCo is unreachable
I, [2014-04-05T12:54:50.437556 #8485]  INFO -- : NoCo made a bet of 0 (check) and is left with 960 chips. The pot now contains 40 chips.
I, [2014-04-05T12:54:50.445029 #8485]  INFO -- : Player R3T responded with 0 (200)
I, [2014-04-05T12:54:50.445744 #8485]  INFO -- : R3T made a bet of 0 (check) and is left with 970 chips. The pot now contains 40 chips.
I, [2014-04-05T12:54:50.446574 #8485]  INFO -- : community card 9 of Hearts
E, [2014-04-05T12:54:50.950500 #8485] ERROR -- : Net::ReadTimeout
E, [2014-04-05T12:54:50.950643 #8485] ERROR -- : Player NoCo is unreachable
I, [2014-04-05T12:54:50.950798 #8485]  INFO -- : NoCo made a bet of 0 (check) and is left with 960 chips. The pot now contains 40 chips.
I, [2014-04-05T12:54:50.953324 #8485]  INFO -- : Player R3T responded with 0 (200)
I, [2014-04-05T12:54:50.953530 #8485]  INFO -- : R3T made a bet of 0 (check) and is left with 970 chips. The pot now contains 40 chips.
I, [2014-04-05T12:54:50.954030 #8485]  INFO -- : NoCo showed 5 of Diamonds,5 of Spades,5 of Hearts,7 of Diamonds,9 of Hearts making a three of a kind
I, [2014-04-05T12:54:50.954380 #8485]  INFO -- : NoCo won 40
I, [2014-04-05T12:54:50.959471 #8485]  INFO -- : Player R3T responded with  (200)
I, [2014-04-05T12:54:50.964490 #8485]  INFO -- : Player Mr Bazinga responded with OK (200)
E, [2014-04-05T12:54:51.468904 #8485] ERROR -- : Net::ReadTimeout
E, [2014-04-05T12:54:51.469263 #8485] ERROR -- : Player NoCo is unreachable
I, [2014-04-05T12:54:51.470147 #8485]  INFO -- : R3T received hole_card Ace of Clubs
I, [2014-04-05T12:54:51.470742 #8485]  INFO -- : Mr Bazinga received hole_card 10 of Diamonds
I, [2014-04-05T12:54:51.471304 #8485]  INFO -- : NoCo received hole_card 4 of Clubs
I, [2014-04-05T12:54:51.471855 #8485]  INFO -- : R3T received hole_card 10 of Spades
I, [2014-04-05T12:54:51.472545 #8485]  INFO -- : Mr Bazinga received hole_card 9 of Hearts
I, [2014-04-05T12:54:51.473101 #8485]  INFO -- : NoCo received hole_card 7 of Spades
I, [2014-04-05T12:54:51.474064 #8485]  INFO -- : R3T made a bet of 20 (raise) and is left with 950 chips. The pot now contains 20 chips.
I, [2014-04-05T12:54:51.474937 #8485]  INFO -- : Mr Bazinga made a bet of 40 (raise) and is left with 990 chips. The pot now contains 60 chips.
E, [2014-04-05T12:54:51.979075 #8485] ERROR -- : Net::ReadTimeout
E, [2014-04-05T12:54:51.979202 #8485] ERROR -- : Player NoCo is unreachable
I, [2014-04-05T12:54:51.979365 #8485]  INFO -- : NoCo made a bet of 0 (fold) and is left with 1000 chips. The pot now contains 60 chips.
I, [2014-04-05T12:54:51.983198 #8485]  INFO -- : Player R3T responded with 0 (200)
I, [2014-04-05T12:54:51.983475 #8485]  INFO -- : R3T made a bet of 0 (fold) and is left with 950 chips. The pot now contains 60 chips.
I, [2014-04-05T12:54:51.985762 #8485]  INFO -- : Player Mr Bazinga responded with 0 (200)
I, [2014-04-05T12:54:51.986145 #8485]  INFO -- : Mr Bazinga made a bet of 0 (check) and is left with 990 chips. The pot now contains 60 chips.
I, [2014-04-05T12:54:51.986671 #8485]  INFO -- : Mr Bazinga won 60
I, [2014-04-05T12:54:51.991657 #8485]  INFO -- : Player R3T responded with  (200)
I, [2014-04-05T12:54:51.994160 #8485]  INFO -- : Player Mr Bazinga responded with OK (200)
E, [2014-04-05T12:54:52.496467 #8485] ERROR -- : Net::ReadTimeout
E, [2014-04-05T12:54:52.496790 #8485] ERROR -- : Player NoCo is unreachable
I, [2014-04-05T12:54:52.497659 #8485]  INFO -- : Mr Bazinga received hole_card Queen of Hearts
I, [2014-04-05T12:54:52.498225 #8485]  INFO -- : NoCo received hole_card 6 of Spades
I, [2014-04-05T12:54:52.498769 #8485]  INFO -- : R3T received hole_card Jack of Clubs
I, [2014-04-05T12:54:52.499377 #8485]  INFO -- : Mr Bazinga received hole_card 7 of Diamonds
I, [2014-04-05T12:54:52.499874 #8485]  INFO -- : NoCo received hole_card 7 of Clubs
I, [2014-04-05T12:54:52.500501 #8485]  INFO -- : R3T received hole_card 9 of Diamonds
I, [2014-04-05T12:54:52.501416 #8485]  INFO -- : Mr Bazinga made a bet of 20 (raise) and is left with 1030 chips. The pot now contains 20 chips.
I, [2014-04-05T12:54:52.502235 #8485]  INFO -- : NoCo made a bet of 40 (raise) and is left with 960 chips. The pot now contains 60 chips.
I, [2014-04-05T12:54:52.505471 #8485]  INFO -- : Player R3T responded with 0 (200)
I, [2014-04-05T12:54:52.505891 #8485]  INFO -- : R3T made a bet of 0 (fold) and is left with 950 chips. The pot now contains 60 chips.
I, [2014-04-05T12:54:52.510893 #8485]  INFO -- : Player Mr Bazinga responded with 0 (200)
I, [2014-04-05T12:54:52.511496 #8485]  INFO -- : Mr Bazinga made a bet of 0 (fold) and is left with 1030 chips. The pot now contains 60 chips.
E, [2014-04-05T12:54:53.015200 #8485] ERROR -- : Net::ReadTimeout
E, [2014-04-05T12:54:53.015617 #8485] ERROR -- : Player NoCo is unreachable
I, [2014-04-05T12:54:53.016273 #8485]  INFO -- : NoCo made a bet of 0 (check) and is left with 960 chips. The pot now contains 60 chips.
I, [2014-04-05T12:54:53.017808 #8485]  INFO -- : NoCo won 60
I, [2014-04-05T12:54:53.025619 #8485]  INFO -- : Player R3T responded with  (200)
I, [2014-04-05T12:54:53.029982 #8485]  INFO -- : Player Mr Bazinga responded with OK (200)
E, [2014-04-05T12:54:53.532418 #8485] ERROR -- : Net::ReadTimeout
E, [2014-04-05T12:54:53.532538 #8485] ERROR -- : Player NoCo is unreachable
I, [2014-04-05T12:54:53.532833 #8485]  INFO -- : NoCo received hole_card Ace of Diamonds
I, [2014-04-05T12:54:53.532993 #8485]  INFO -- : R3T received hole_card Queen of Spades
I, [2014-04-05T12:54:53.533176 #8485]  INFO -- : Mr Bazinga received hole_card 4 of Hearts
I, [2014-04-05T12:54:53.533352 #8485]  INFO -- : NoCo received hole_card 6 of Diamonds
I, [2014-04-05T12:54:53.533510 #8485]  INFO -- : R3T received hole_card 4 of Diamonds
I, [2014-04-05T12:54:53.533687 #8485]  INFO -- : Mr Bazinga received hole_card 10 of Hearts
I, [2014-04-05T12:54:53.533997 #8485]  INFO -- : NoCo made a bet of 20 (raise) and is left with 1000 chips. The pot now contains 20 chips.
I, [2014-04-05T12:54:53.534242 #8485]  INFO -- : R3T made a bet of 40 (raise) and is left with 910 chips. The pot now contains 60 chips.
I, [2014-04-05T12:54:53.536912 #8485]  INFO -- : Player Mr Bazinga responded with 110 (200)
I, [2014-04-05T12:54:53.537134 #8485]  INFO -- : Mr Bazinga made a bet of 110 (raise) and is left with 920 chips. The pot now contains 170 chips.
E, [2014-04-05T12:54:54.038811 #8485] ERROR -- : Net::ReadTimeout
E, [2014-04-05T12:54:54.038982 #8485] ERROR -- : Player NoCo is unreachable
I, [2014-04-05T12:54:54.039239 #8485]  INFO -- : NoCo made a bet of 0 (fold) and is left with 1000 chips. The pot now contains 170 chips.
I, [2014-04-05T12:54:54.043373 #8485]  INFO -- : Player R3T responded with 0 (200)
I, [2014-04-05T12:54:54.044448 #8485]  INFO -- : R3T made a bet of 0 (fold) and is left with 910 chips. The pot now contains 170 chips.
I, [2014-04-05T12:54:54.045209 #8485]  INFO -- : Mr Bazinga won 170
I, [2014-04-05T12:54:54.050630 #8485]  INFO -- : Player R3T responded with  (200)
I, [2014-04-05T12:54:54.054690 #8485]  INFO -- : Player Mr Bazinga responded with OK (200)
E, [2014-04-05T12:54:54.557377 #8485] ERROR -- : Net::ReadTimeout
E, [2014-04-05T12:54:54.557810 #8485] ERROR -- : Player NoCo is unreachable
I, [2014-04-05T12:54:54.559125 #8485]  INFO -- : R3T received hole_card 2 of Clubs
I, [2014-04-05T12:54:54.560036 #8485]  INFO -- : Mr Bazinga received hole_card 8 of Clubs
I, [2014-04-05T12:54:54.560917 #8485]  INFO -- : NoCo received hole_card 8 of Hearts
I, [2014-04-05T12:54:54.561906 #8485]  INFO -- : R3T received hole_card 7 of Clubs
I, [2014-04-05T12:54:54.562837 #8485]  INFO -- : Mr Bazinga received hole_card Queen of Clubs
I, [2014-04-05T12:54:54.563847 #8485]  INFO -- : NoCo received hole_card 3 of Spades
I, [2014-04-05T12:54:54.564705 #8485]  INFO -- : R3T made a bet of 20 (raise) and is left with 890 chips. The pot now contains 20 chips.
I, [2014-04-05T12:54:54.565196 #8485]  INFO -- : Mr Bazinga made a bet of 40 (raise) and is left with 1050 chips. The pot now contains 60 chips.
I, [2014-04-05T12:54:54.643258 #8485]  INFO -- : Player NoCo responded with 0 (200)
I, [2014-04-05T12:54:54.643596 #8485]  INFO -- : NoCo made a bet of 0 (fold) and is left with 1000 chips. The pot now contains 60 chips.
I, [2014-04-05T12:54:54.647677 #8485]  INFO -- : Player R3T responded with 0 (200)
I, [2014-04-05T12:54:54.648842 #8485]  INFO -- : R3T made a bet of 0 (fold) and is left with 890 chips. The pot now contains 60 chips.
I, [2014-04-05T12:54:54.652519 #8485]  INFO -- : Player Mr Bazinga responded with 70 (200)
I, [2014-04-05T12:54:54.653126 #8485]  INFO -- : Mr Bazinga made a bet of 70 (raise) and is left with 980 chips. The pot now contains 130 chips.
I, [2014-04-05T12:54:54.654844 #8485]  INFO -- : Mr Bazinga won 130
I, [2014-04-05T12:54:54.657894 #8485]  INFO -- : Player R3T responded with  (200)
I, [2014-04-05T12:54:54.659861 #8485]  INFO -- : Player Mr Bazinga responded with OK (200)
I, [2014-04-05T12:54:54.661552 #8485]  INFO -- : Player NoCo responded with  (200)
I, [2014-04-05T12:54:54.661830 #8485]  INFO -- : Mr Bazinga received hole_card Queen of Diamonds
I, [2014-04-05T12:54:54.661990 #8485]  INFO -- : NoCo received hole_card 2 of Clubs
I, [2014-04-05T12:54:54.662151 #8485]  INFO -- : R3T received hole_card 8 of Clubs
I, [2014-04-05T12:54:54.662315 #8485]  INFO -- : Mr Bazinga received hole_card 3 of Diamonds
I, [2014-04-05T12:54:54.662468 #8485]  INFO -- : NoCo received hole_card 7 of Clubs
I, [2014-04-05T12:54:54.662629 #8485]  INFO -- : R3T received hole_card King of Hearts
I, [2014-04-05T12:54:54.662903 #8485]  INFO -- : Mr Bazinga made a bet of 20 (raise) and is left with 1090 chips. The pot now contains 20 chips.
I, [2014-04-05T12:54:54.663137 #8485]  INFO -- : NoCo made a bet of 40 (raise) and is left with 960 chips. The pot now contains 60 chips.
I, [2014-04-05T12:54:54.665707 #8485]  INFO -- : Player R3T responded with 0 (200)
I, [2014-04-05T12:54:54.665978 #8485]  INFO -- : R3T made a bet of 0 (fold) and is left with 890 chips. The pot now contains 60 chips.
I, [2014-04-05T12:54:54.669484 #8485]  INFO -- : Player Mr Bazinga responded with 90 (200)
I, [2014-04-05T12:54:54.669720 #8485]  INFO -- : Mr Bazinga made a bet of 90 (raise) and is left with 1000 chips. The pot now contains 150 chips.
I, [2014-04-05T12:54:54.671181 #8485]  INFO -- : Player NoCo responded with 0 (200)
I, [2014-04-05T12:54:54.671366 #8485]  INFO -- : NoCo made a bet of 0 (fold) and is left with 960 chips. The pot now contains 150 chips.
I, [2014-04-05T12:54:54.671710 #8485]  INFO -- : Mr Bazinga won 150
I, [2014-04-05T12:54:54.674634 #8485]  INFO -- : Player R3T responded with  (200)
I, [2014-04-05T12:54:54.676967 #8485]  INFO -- : Player Mr Bazinga responded with OK (200)
I, [2014-04-05T12:54:54.680137 #8485]  INFO -- : Player NoCo responded with  (200)
I, [2014-04-05T12:54:54.680973 #8485]  INFO -- : NoCo received hole_card 2 of Diamonds
I, [2014-04-05T12:54:54.681538 #8485]  INFO -- : R3T received hole_card 5 of Clubs
I, [2014-04-05T12:54:54.681908 #8485]  INFO -- : Mr Bazinga received hole_card Queen of Diamonds
I, [2014-04-05T12:54:54.682306 #8485]  INFO -- : NoCo received hole_card Queen of Clubs
I, [2014-04-05T12:54:54.682690 #8485]  INFO -- : R3T received hole_card King of Hearts
I, [2014-04-05T12:54:54.683086 #8485]  INFO -- : Mr Bazinga received hole_card 9 of Spades
I, [2014-04-05T12:54:54.683738 #8485]  INFO -- : NoCo made a bet of 20 (raise) and is left with 940 chips. The pot now contains 20 chips.
I, [2014-04-05T12:54:54.684737 #8485]  INFO -- : R3T made a bet of 40 (raise) and is left with 850 chips. The pot now contains 60 chips.
I, [2014-04-05T12:54:54.688751 #8485]  INFO -- : Player Mr Bazinga responded with 0 (200)
I, [2014-04-05T12:54:54.689049 #8485]  INFO -- : Mr Bazinga made a bet of 0 (fold) and is left with 1150 chips. The pot now contains 60 chips.
I, [2014-04-05T12:54:54.690799 #8485]  INFO -- : Player NoCo responded with 0 (200)
I, [2014-04-05T12:54:54.691012 #8485]  INFO -- : NoCo made a bet of 0 (fold) and is left with 940 chips. The pot now contains 60 chips.
I, [2014-04-05T12:54:54.693398 #8485]  INFO -- : Player R3T responded with 0 (200)
I, [2014-04-05T12:54:54.693631 #8485]  INFO -- : R3T made a bet of 0 (check) and is left with 850 chips. The pot now contains 60 chips.
I, [2014-04-05T12:54:54.693978 #8485]  INFO -- : R3T won 60
I, [2014-04-05T12:54:54.696486 #8485]  INFO -- : Player R3T responded with  (200)
I, [2014-04-05T12:54:54.698839 #8485]  INFO -- : Player Mr Bazinga responded with OK (200)
I, [2014-04-05T12:54:54.700865 #8485]  INFO -- : Player NoCo responded with  (200)
I, [2014-04-05T12:54:54.701432 #8485]  INFO -- : R3T received hole_card 8 of Diamonds
I, [2014-04-05T12:54:54.702169 #8485]  INFO -- : Mr Bazinga received hole_card 2 of Clubs
I, [2014-04-05T12:54:54.702628 #8485]  INFO -- : NoCo received hole_card 7 of Diamonds
I, [2014-04-05T12:54:54.703013 #8485]  INFO -- : R3T received hole_card Jack of Hearts
I, [2014-04-05T12:54:54.703234 #8485]  INFO -- : Mr Bazinga received hole_card 9 of Hearts
I, [2014-04-05T12:54:54.703445 #8485]  INFO -- : NoCo received hole_card 10 of Hearts
I, [2014-04-05T12:54:54.703850 #8485]  INFO -- : R3T made a bet of 20 (raise) and is left with 890 chips. The pot now contains 20 chips.
I, [2014-04-05T12:54:54.704683 #8485]  INFO -- : Mr Bazinga made a bet of 40 (raise) and is left with 1110 chips. The pot now contains 60 chips.
I, [2014-04-05T12:54:54.706698 #8485]  INFO -- : Player NoCo responded with 0 (200)
I, [2014-04-05T12:54:54.706930 #8485]  INFO -- : NoCo made a bet of 0 (fold) and is left with 940 chips. The pot now contains 60 chips.
I, [2014-04-05T12:54:54.710547 #8485]  INFO -- : Player R3T responded with 0 (200)
I, [2014-04-05T12:54:54.710820 #8485]  INFO -- : R3T made a bet of 0 (fold) and is left with 890 chips. The pot now contains 60 chips.
I, [2014-04-05T12:54:54.714813 #8485]  INFO -- : Player Mr Bazinga responded with 0 (200)
I, [2014-04-05T12:54:54.715180 #8485]  INFO -- : Mr Bazinga made a bet of 0 (check) and is left with 1110 chips. The pot now contains 60 chips.
I, [2014-04-05T12:54:54.715618 #8485]  INFO -- : Mr Bazinga won 60
I, [2014-04-05T12:54:54.719262 #8485]  INFO -- : Player R3T responded with  (200)
I, [2014-04-05T12:54:54.721650 #8485]  INFO -- : Player Mr Bazinga responded with OK (200)
I, [2014-04-05T12:54:54.724143 #8485]  INFO -- : Player NoCo responded with  (200)
I, [2014-04-05T12:54:54.724614 #8485]  INFO -- : Mr Bazinga received hole_card 8 of Diamonds
I, [2014-04-05T12:54:54.724890 #8485]  INFO -- : NoCo received hole_card 9 of Hearts
I, [2014-04-05T12:54:54.725143 #8485]  INFO -- : R3T received hole_card 9 of Spades
I, [2014-04-05T12:54:54.725435 #8485]  INFO -- : Mr Bazinga received hole_card 3 of Spades
I, [2014-04-05T12:54:54.725702 #8485]  INFO -- : NoCo received hole_card Jack of Clubs
I, [2014-04-05T12:54:54.725991 #8485]  INFO -- : R3T received hole_card Queen of Clubs
I, [2014-04-05T12:54:54.726536 #8485]  INFO -- : Mr Bazinga made a bet of 20 (raise) and is left with 1150 chips. The pot now contains 20 chips.
I, [2014-04-05T12:54:54.726983 #8485]  INFO -- : NoCo made a bet of 40 (raise) and is left with 900 chips. The pot now contains 60 chips.
I, [2014-04-05T12:54:54.730733 #8485]  INFO -- : Player R3T responded with 0 (200)
I, [2014-04-05T12:54:54.730991 #8485]  INFO -- : R3T made a bet of 0 (fold) and is left with 890 chips. The pot now contains 60 chips.
I, [2014-04-05T12:54:54.734967 #8485]  INFO -- : Player Mr Bazinga responded with 0 (200)
I, [2014-04-05T12:54:54.735488 #8485]  INFO -- : Mr Bazinga made a bet of 0 (fold) and is left with 1150 chips. The pot now contains 60 chips.
I, [2014-04-05T12:54:54.737548 #8485]  INFO -- : Player NoCo responded with 0 (200)
I, [2014-04-05T12:54:54.737796 #8485]  INFO -- : NoCo made a bet of 0 (check) and is left with 900 chips. The pot now contains 60 chips.
I, [2014-04-05T12:54:54.738253 #8485]  INFO -- : NoCo won 60
I, [2014-04-05T12:54:54.741835 #8485]  INFO -- : Player R3T responded with  (200)
I, [2014-04-05T12:54:54.745046 #8485]  INFO -- : Player Mr Bazinga responded with OK (200)
I, [2014-04-05T12:54:54.749181 #8485]  INFO -- : Player NoCo responded with  (200)
I, [2014-04-05T12:54:54.749902 #8485]  INFO -- : NoCo received hole_card 4 of Spades
I, [2014-04-05T12:54:54.750325 #8485]  INFO -- : R3T received hole_card Jack of Hearts
I, [2014-04-05T12:54:54.750781 #8485]  INFO -- : Mr Bazinga received hole_card Jack of Clubs
I, [2014-04-05T12:54:54.751231 #8485]  INFO -- : NoCo received hole_card 4 of Clubs
I, [2014-04-05T12:54:54.751638 #8485]  INFO -- : R3T received hole_card 4 of Diamonds
I, [2014-04-05T12:54:54.752117 #8485]  INFO -- : Mr Bazinga received hole_card Queen of Spades
I, [2014-04-05T12:54:54.752873 #8485]  INFO -- : NoCo made a bet of 20 (raise) and is left with 940 chips. The pot now contains 20 chips.
I, [2014-04-05T12:54:54.753495 #8485]  INFO -- : R3T made a bet of 40 (raise) and is left with 850 chips. The pot now contains 60 chips.
I, [2014-04-05T12:54:54.759076 #8485]  INFO -- : Player Mr Bazinga responded with 110 (200)
I, [2014-04-05T12:54:54.759648 #8485]  INFO -- : Mr Bazinga made a bet of 110 (raise) and is left with 1040 chips. The pot now contains 170 chips.
I, [2014-04-05T12:54:54.766370 #8485]  INFO -- : Player NoCo responded with 70 (200)
I, [2014-04-05T12:54:54.767042 #8485]  INFO -- : NoCo made a bet of 0 (fold) and is left with 940 chips. The pot now contains 170 chips.
I, [2014-04-05T12:54:54.770400 #8485]  INFO -- : Player R3T responded with 0 (200)
I, [2014-04-05T12:54:54.770691 #8485]  INFO -- : R3T made a bet of 0 (fold) and is left with 850 chips. The pot now contains 170 chips.
I, [2014-04-05T12:54:54.771068 #8485]  INFO -- : Mr Bazinga won 170
I, [2014-04-05T12:54:54.773728 #8485]  INFO -- : Player R3T responded with  (200)
I, [2014-04-05T12:54:54.775225 #8485]  INFO -- : Player Mr Bazinga responded with OK (200)
I, [2014-04-05T12:54:54.776708 #8485]  INFO -- : Player NoCo responded with  (200)
I, [2014-04-05T12:54:54.777000 #8485]  INFO -- : R3T received hole_card 5 of Diamonds
I, [2014-04-05T12:54:54.777146 #8485]  INFO -- : Mr Bazinga received hole_card 6 of Hearts
I, [2014-04-05T12:54:54.777306 #8485]  INFO -- : NoCo received hole_card 8 of Diamonds
I, [2014-04-05T12:54:54.777460 #8485]  INFO -- : R3T received hole_card Queen of Spades
I, [2014-04-05T12:54:54.777628 #8485]  INFO -- : Mr Bazinga received hole_card 10 of Clubs
I, [2014-04-05T12:54:54.777771 #8485]  INFO -- : NoCo received hole_card 4 of Spades
I, [2014-04-05T12:54:54.778063 #8485]  INFO -- : R3T made a bet of 40 (raise) and is left with 810 chips. The pot now contains 40 chips.
I, [2014-04-05T12:54:54.778404 #8485]  INFO -- : Mr Bazinga made a bet of 80 (raise) and is left with 1130 chips. The pot now contains 120 chips.
I, [2014-04-05T12:54:54.781283 #8485]  INFO -- : Player NoCo responded with 0 (200)
I, [2014-04-05T12:54:54.781607 #8485]  INFO -- : NoCo made a bet of 0 (fold) and is left with 940 chips. The pot now contains 120 chips.
I, [2014-04-05T12:54:54.784728 #8485]  INFO -- : Player R3T responded with 0 (200)
I, [2014-04-05T12:54:54.785153 #8485]  INFO -- : R3T made a bet of 0 (fold) and is left with 810 chips. The pot now contains 120 chips.
I, [2014-04-05T12:54:54.787996 #8485]  INFO -- : Player Mr Bazinga responded with 0 (200)
I, [2014-04-05T12:54:54.788410 #8485]  INFO -- : Mr Bazinga made a bet of 0 (check) and is left with 1130 chips. The pot now contains 120 chips.
I, [2014-04-05T12:54:54.788941 #8485]  INFO -- : Mr Bazinga won 120
I, [2014-04-05T12:54:54.791739 #8485]  INFO -- : Player R3T responded with  (200)
I, [2014-04-05T12:54:54.794290 #8485]  INFO -- : Player Mr Bazinga responded with OK (200)
I, [2014-04-05T12:54:54.798336 #8485]  INFO -- : Player NoCo responded with  (200)
I, [2014-04-05T12:54:54.798920 #8485]  INFO -- : Mr Bazinga received hole_card 2 of Spades
I, [2014-04-05T12:54:54.799265 #8485]  INFO -- : NoCo received hole_card 3 of Hearts
I, [2014-04-05T12:54:54.799615 #8485]  INFO -- : R3T received hole_card 2 of Diamonds
I, [2014-04-05T12:54:54.799968 #8485]  INFO -- : Mr Bazinga received hole_card Ace of Clubs
I, [2014-04-05T12:54:54.800358 #8485]  INFO -- : NoCo received hole_card Jack of Hearts
I, [2014-04-05T12:54:54.800721 #8485]  INFO -- : R3T received hole_card King of Hearts
I, [2014-04-05T12:54:54.801264 #8485]  INFO -- : Mr Bazinga made a bet of 40 (raise) and is left with 1210 chips. The pot now contains 40 chips.
I, [2014-04-05T12:54:54.801755 #8485]  INFO -- : NoCo made a bet of 80 (raise) and is left with 860 chips. The pot now contains 120 chips.
I, [2014-04-05T12:54:54.806352 #8485]  INFO -- : Player R3T responded with 0 (200)
I, [2014-04-05T12:54:54.806750 #8485]  INFO -- : R3T made a bet of 0 (fold) and is left with 810 chips. The pot now contains 120 chips.
I, [2014-04-05T12:54:54.809132 #8485]  INFO -- : Player Mr Bazinga responded with 0 (200)
I, [2014-04-05T12:54:54.809409 #8485]  INFO -- : Mr Bazinga made a bet of 0 (fold) and is left with 1210 chips. The pot now contains 120 chips.
I, [2014-04-05T12:54:54.812470 #8485]  INFO -- : Player NoCo responded with 0 (200)
I, [2014-04-05T12:54:54.813193 #8485]  INFO -- : NoCo made a bet of 0 (check) and is left with 860 chips. The pot now contains 120 chips.
I, [2014-04-05T12:54:54.813830 #8485]  INFO -- : NoCo won 120
I, [2014-04-05T12:54:54.817646 #8485]  INFO -- : Player R3T responded with  (200)
I, [2014-04-05T12:54:54.820155 #8485]  INFO -- : Player Mr Bazinga responded with OK (200)
I, [2014-04-05T12:54:54.822960 #8485]  INFO -- : Player NoCo responded with  (200)
I, [2014-04-05T12:54:54.823590 #8485]  INFO -- : NoCo received hole_card 5 of Diamonds
I, [2014-04-05T12:54:54.823920 #8485]  INFO -- : R3T received hole_card 4 of Diamonds
I, [2014-04-05T12:54:54.824341 #8485]  INFO -- : Mr Bazinga received hole_card 3 of Clubs
I, [2014-04-05T12:54:54.824714 #8485]  INFO -- : NoCo received hole_card Queen of Hearts
I, [2014-04-05T12:54:54.825098 #8485]  INFO -- : R3T received hole_card 9 of Diamonds
I, [2014-04-05T12:54:54.825479 #8485]  INFO -- : Mr Bazinga received hole_card Jack of Diamonds
I, [2014-04-05T12:54:54.826052 #8485]  INFO -- : NoCo made a bet of 40 (raise) and is left with 940 chips. The pot now contains 40 chips.
I, [2014-04-05T12:54:54.826587 #8485]  INFO -- : R3T made a bet of 80 (raise) and is left with 730 chips. The pot now contains 120 chips.
I, [2014-04-05T12:54:54.830751 #8485]  INFO -- : Player Mr Bazinga responded with 0 (200)
I, [2014-04-05T12:54:54.831441 #8485]  INFO -- : Mr Bazinga made a bet of 0 (fold) and is left with 1210 chips. The pot now contains 120 chips.
I, [2014-04-05T12:54:54.836575 #8485]  INFO -- : Player NoCo responded with 0 (200)
I, [2014-04-05T12:54:54.837159 #8485]  INFO -- : NoCo made a bet of 0 (fold) and is left with 940 chips. The pot now contains 120 chips.
I, [2014-04-05T12:54:54.843531 #8485]  INFO -- : Player R3T responded with 0 (200)
I, [2014-04-05T12:54:54.843906 #8485]  INFO -- : R3T made a bet of 0 (check) and is left with 730 chips. The pot now contains 120 chips.
I, [2014-04-05T12:54:54.844341 #8485]  INFO -- : R3T won 120
I, [2014-04-05T12:54:54.847518 #8485]  INFO -- : Player R3T responded with  (200)
I, [2014-04-05T12:54:54.852307 #8485]  INFO -- : Player Mr Bazinga responded with OK (200)
I, [2014-04-05T12:54:54.855591 #8485]  INFO -- : Player NoCo responded with  (200)
I, [2014-04-05T12:54:54.855901 #8485]  INFO -- : R3T received hole_card Jack of Spades
I, [2014-04-05T12:54:54.856202 #8485]  INFO -- : Mr Bazinga received hole_card 3 of Diamonds
I, [2014-04-05T12:54:54.856377 #8485]  INFO -- : NoCo received hole_card King of Spades
I, [2014-04-05T12:54:54.856570 #8485]  INFO -- : R3T received hole_card 5 of Diamonds
I, [2014-04-05T12:54:54.856783 #8485]  INFO -- : Mr Bazinga received hole_card 5 of Hearts
I, [2014-04-05T12:54:54.856960 #8485]  INFO -- : NoCo received hole_card 5 of Clubs
I, [2014-04-05T12:54:54.857260 #8485]  INFO -- : R3T made a bet of 40 (raise) and is left with 810 chips. The pot now contains 40 chips.
I, [2014-04-05T12:54:54.857500 #8485]  INFO -- : Mr Bazinga made a bet of 80 (raise) and is left with 1130 chips. The pot now contains 120 chips.
I, [2014-04-05T12:54:54.859039 #8485]  INFO -- : Player NoCo responded with 0 (200)
I, [2014-04-05T12:54:54.859234 #8485]  INFO -- : NoCo made a bet of 0 (fold) and is left with 940 chips. The pot now contains 120 chips.
I, [2014-04-05T12:54:54.861349 #8485]  INFO -- : Player R3T responded with 0 (200)
I, [2014-04-05T12:54:54.861563 #8485]  INFO -- : R3T made a bet of 0 (fold) and is left with 810 chips. The pot now contains 120 chips.
I, [2014-04-05T12:54:54.863545 #8485]  INFO -- : Player Mr Bazinga responded with 0 (200)
I, [2014-04-05T12:54:54.863761 #8485]  INFO -- : Mr Bazinga made a bet of 0 (check) and is left with 1130 chips. The pot now contains 120 chips.
I, [2014-04-05T12:54:54.864185 #8485]  INFO -- : Mr Bazinga won 120
I, [2014-04-05T12:54:54.866759 #8485]  INFO -- : Player R3T responded with  (200)
I, [2014-04-05T12:54:54.869511 #8485]  INFO -- : Player Mr Bazinga responded with OK (200)
I, [2014-04-05T12:54:54.871878 #8485]  INFO -- : Player NoCo responded with  (200)
I, [2014-04-05T12:54:54.872270 #8485]  INFO -- : Mr Bazinga received hole_card 9 of Spades
I, [2014-04-05T12:54:54.872482 #8485]  INFO -- : NoCo received hole_card Jack of Hearts
I, [2014-04-05T12:54:54.872679 #8485]  INFO -- : R3T received hole_card 6 of Hearts
I, [2014-04-05T12:54:54.872971 #8485]  INFO -- : Mr Bazinga received hole_card 5 of Clubs
I, [2014-04-05T12:54:54.873312 #8485]  INFO -- : NoCo received hole_card 7 of Diamonds
I, [2014-04-05T12:54:54.873628 #8485]  INFO -- : R3T received hole_card 3 of Hearts
I, [2014-04-05T12:54:54.874182 #8485]  INFO -- : Mr Bazinga made a bet of 40 (raise) and is left with 1210 chips. The pot now contains 40 chips.
I, [2014-04-05T12:54:54.874572 #8485]  INFO -- : NoCo made a bet of 80 (raise) and is left with 860 chips. The pot now contains 120 chips.
I, [2014-04-05T12:54:54.878160 #8485]  INFO -- : Player R3T responded with 0 (200)
I, [2014-04-05T12:54:54.880264 #8485]  INFO -- : R3T made a bet of 0 (fold) and is left with 810 chips. The pot now contains 120 chips.
I, [2014-04-05T12:54:54.884478 #8485]  INFO -- : Player Mr Bazinga responded with 0 (200)
I, [2014-04-05T12:54:54.884844 #8485]  INFO -- : Mr Bazinga made a bet of 0 (fold) and is left with 1210 chips. The pot now contains 120 chips.
I, [2014-04-05T12:54:54.889031 #8485]  INFO -- : Player NoCo responded with 0 (200)
I, [2014-04-05T12:54:54.889451 #8485]  INFO -- : NoCo made a bet of 0 (check) and is left with 860 chips. The pot now contains 120 chips.
I, [2014-04-05T12:54:54.890928 #8485]  INFO -- : NoCo won 120
I, [2014-04-05T12:54:54.895245 #8485]  INFO -- : Player R3T responded with  (200)
I, [2014-04-05T12:54:54.897388 #8485]  INFO -- : Player Mr Bazinga responded with OK (200)
I, [2014-04-05T12:54:54.899915 #8485]  INFO -- : Player NoCo responded with  (200)
I, [2014-04-05T12:54:54.900389 #8485]  INFO -- : NoCo received hole_card 6 of Spades
I, [2014-04-05T12:54:54.900604 #8485]  INFO -- : R3T received hole_card 6 of Hearts
I, [2014-04-05T12:54:54.900787 #8485]  INFO -- : Mr Bazinga received hole_card 7 of Spades
I, [2014-04-05T12:54:54.900959 #8485]  INFO -- : NoCo received hole_card 3 of Clubs
I, [2014-04-05T12:54:54.901187 #8485]  INFO -- : R3T received hole_card Ace of Diamonds
I, [2014-04-05T12:54:54.901775 #8485]  INFO -- : Mr Bazinga received hole_card 6 of Clubs
I, [2014-04-05T12:54:54.902332 #8485]  INFO -- : NoCo made a bet of 40 (raise) and is left with 940 chips. The pot now contains 40 chips.
I, [2014-04-05T12:54:54.902580 #8485]  INFO -- : R3T made a bet of 80 (raise) and is left with 730 chips. The pot now contains 120 chips.
I, [2014-04-05T12:54:54.904394 #8485]  INFO -- : Player Mr Bazinga responded with 0 (200)
I, [2014-04-05T12:54:54.904649 #8485]  INFO -- : Mr Bazinga made a bet of 0 (fold) and is left with 1210 chips. The pot now contains 120 chips.
I, [2014-04-05T12:54:54.906766 #8485]  INFO -- : Player NoCo responded with 0 (200)
I, [2014-04-05T12:54:54.907022 #8485]  INFO -- : NoCo made a bet of 0 (fold) and is left with 940 chips. The pot now contains 120 chips.
I, [2014-04-05T12:54:54.910215 #8485]  INFO -- : Player R3T responded with 0 (200)
I, [2014-04-05T12:54:54.910639 #8485]  INFO -- : R3T made a bet of 0 (check) and is left with 730 chips. The pot now contains 120 chips.
I, [2014-04-05T12:54:54.911108 #8485]  INFO -- : R3T won 120
I, [2014-04-05T12:54:54.914608 #8485]  INFO -- : Player R3T responded with  (200)
I, [2014-04-05T12:54:54.916998 #8485]  INFO -- : Player Mr Bazinga responded with OK (200)
I, [2014-04-05T12:54:54.920442 #8485]  INFO -- : Player NoCo responded with  (200)
I, [2014-04-05T12:54:54.920969 #8485]  INFO -- : R3T received hole_card 2 of Diamonds
I, [2014-04-05T12:54:54.921236 #8485]  INFO -- : Mr Bazinga received hole_card 6 of Spades
I, [2014-04-05T12:54:54.921524 #8485]  INFO -- : NoCo received hole_card 8 of Clubs
I, [2014-04-05T12:54:54.921793 #8485]  INFO -- : R3T received hole_card 9 of Spades
I, [2014-04-05T12:54:54.922099 #8485]  INFO -- : Mr Bazinga received hole_card 10 of Diamonds
I, [2014-04-05T12:54:54.922402 #8485]  INFO -- : NoCo received hole_card King of Clubs
I, [2014-04-05T12:54:54.923502 #8485]  INFO -- : R3T made a bet of 40 (raise) and is left with 810 chips. The pot now contains 40 chips.
I, [2014-04-05T12:54:54.924303 #8485]  INFO -- : Mr Bazinga made a bet of 80 (raise) and is left with 1130 chips. The pot now contains 120 chips.
I, [2014-04-05T12:54:54.928940 #8485]  INFO -- : Player NoCo responded with 0 (200)
I, [2014-04-05T12:54:54.929464 #8485]  INFO -- : NoCo made a bet of 0 (fold) and is left with 940 chips. The pot now contains 120 chips.
I, [2014-04-05T12:54:54.937364 #8485]  INFO -- : Player R3T responded with 0 (200)
I, [2014-04-05T12:54:54.937640 #8485]  INFO -- : R3T made a bet of 0 (fold) and is left with 810 chips. The pot now contains 120 chips.
I, [2014-04-05T12:54:54.940431 #8485]  INFO -- : Player Mr Bazinga responded with 0 (200)
I, [2014-04-05T12:54:54.940840 #8485]  INFO -- : Mr Bazinga made a bet of 0 (check) and is left with 1130 chips. The pot now contains 120 chips.
I, [2014-04-05T12:54:54.941282 #8485]  INFO -- : Mr Bazinga won 120
I, [2014-04-05T12:54:54.944087 #8485]  INFO -- : Player R3T responded with  (200)
I, [2014-04-05T12:54:54.946084 #8485]  INFO -- : Player Mr Bazinga responded with OK (200)
I, [2014-04-05T12:54:54.948535 #8485]  INFO -- : Player NoCo responded with  (200)
I, [2014-04-05T12:54:54.948883 #8485]  INFO -- : Mr Bazinga received hole_card 9 of Diamonds
I, [2014-04-05T12:54:54.949062 #8485]  INFO -- : NoCo received hole_card King of Spades
I, [2014-04-05T12:54:54.949259 #8485]  INFO -- : R3T received hole_card Jack of Diamonds
I, [2014-04-05T12:54:54.949461 #8485]  INFO -- : Mr Bazinga received hole_card 8 of Diamonds
I, [2014-04-05T12:54:54.949637 #8485]  INFO -- : NoCo received hole_card 2 of Hearts
I, [2014-04-05T12:54:54.949853 #8485]  INFO -- : R3T received hole_card 3 of Spades
I, [2014-04-05T12:54:54.950152 #8485]  INFO -- : Mr Bazinga made a bet of 40 (raise) and is left with 1210 chips. The pot now contains 40 chips.
I, [2014-04-05T12:54:54.950411 #8485]  INFO -- : NoCo made a bet of 80 (raise) and is left with 860 chips. The pot now contains 120 chips.
I, [2014-04-05T12:54:54.953575 #8485]  INFO -- : Player R3T responded with 0 (200)
I, [2014-04-05T12:54:54.953842 #8485]  INFO -- : R3T made a bet of 0 (fold) and is left with 810 chips. The pot now contains 120 chips.
I, [2014-04-05T12:54:54.955752 #8485]  INFO -- : Player Mr Bazinga responded with 130 (200)
I, [2014-04-05T12:54:54.955956 #8485]  INFO -- : Mr Bazinga made a bet of 130 (raise) and is left with 1080 chips. The pot now contains 250 chips.
I, [2014-04-05T12:54:54.958235 #8485]  INFO -- : Player NoCo responded with 0 (200)
I, [2014-04-05T12:54:54.958445 #8485]  INFO -- : NoCo made a bet of 0 (fold) and is left with 860 chips. The pot now contains 250 chips.
I, [2014-04-05T12:54:54.959006 #8485]  INFO -- : Mr Bazinga won 250
I, [2014-04-05T12:54:54.961845 #8485]  INFO -- : Player R3T responded with  (200)
I, [2014-04-05T12:54:54.964255 #8485]  INFO -- : Player Mr Bazinga responded with OK (200)
I, [2014-04-05T12:54:54.967046 #8485]  INFO -- : Player NoCo responded with  (200)
I, [2014-04-05T12:54:54.967466 #8485]  INFO -- : NoCo received hole_card 6 of Spades
I, [2014-04-05T12:54:54.967736 #8485]  INFO -- : R3T received hole_card 5 of Clubs
I, [2014-04-05T12:54:54.968171 #8485]  INFO -- : Mr Bazinga received hole_card 5 of Hearts
I, [2014-04-05T12:54:54.968607 #8485]  INFO -- : NoCo received hole_card 2 of Diamonds
I, [2014-04-05T12:54:54.969186 #8485]  INFO -- : R3T received hole_card 8 of Diamonds
I, [2014-04-05T12:54:54.970178 #8485]  INFO -- : Mr Bazinga received hole_card Queen of Spades
I, [2014-04-05T12:54:54.970875 #8485]  INFO -- : NoCo made a bet of 40 (raise) and is left with 820 chips. The pot now contains 40 chips.
I, [2014-04-05T12:54:54.971446 #8485]  INFO -- : R3T made a bet of 80 (raise) and is left with 730 chips. The pot now contains 120 chips.
I, [2014-04-05T12:54:54.974491 #8485]  INFO -- : Player Mr Bazinga responded with 0 (200)
I, [2014-04-05T12:54:54.974784 #8485]  INFO -- : Mr Bazinga made a bet of 0 (fold) and is left with 1330 chips. The pot now contains 120 chips.
I, [2014-04-05T12:54:54.976642 #8485]  INFO -- : Player NoCo responded with 0 (200)
I, [2014-04-05T12:54:54.976910 #8485]  INFO -- : NoCo made a bet of 0 (fold) and is left with 820 chips. The pot now contains 120 chips.
I, [2014-04-05T12:54:54.980144 #8485]  INFO -- : Player R3T responded with 0 (200)
I, [2014-04-05T12:54:54.980454 #8485]  INFO -- : R3T made a bet of 0 (check) and is left with 730 chips. The pot now contains 120 chips.
I, [2014-04-05T12:54:54.980964 #8485]  INFO -- : R3T won 120
I, [2014-04-05T12:54:54.983882 #8485]  INFO -- : Player R3T responded with  (200)
I, [2014-04-05T12:54:54.987461 #8485]  INFO -- : Player Mr Bazinga responded with OK (200)
I, [2014-04-05T12:54:54.990945 #8485]  INFO -- : Player NoCo responded with  (200)
I, [2014-04-05T12:54:54.991291 #8485]  INFO -- : R3T received hole_card 7 of Spades
I, [2014-04-05T12:54:54.991480 #8485]  INFO -- : Mr Bazinga received hole_card Queen of Spades
I, [2014-04-05T12:54:54.991660 #8485]  INFO -- : NoCo received hole_card 5 of Clubs
I, [2014-04-05T12:54:54.991852 #8485]  INFO -- : R3T received hole_card 9 of Spades
I, [2014-04-05T12:54:54.992070 #8485]  INFO -- : Mr Bazinga received hole_card 9 of Clubs
I, [2014-04-05T12:54:54.992745 #8485]  INFO -- : NoCo received hole_card 7 of Clubs
I, [2014-04-05T12:54:54.993830 #8485]  INFO -- : R3T made a bet of 80 (raise) and is left with 770 chips. The pot now contains 80 chips.
I, [2014-04-05T12:54:54.994782 #8485]  INFO -- : Mr Bazinga made a bet of 160 (raise) and is left with 1170 chips. The pot now contains 240 chips.
I, [2014-04-05T12:54:54.998563 #8485]  INFO -- : Player NoCo responded with 0 (200)
I, [2014-04-05T12:54:54.998807 #8485]  INFO -- : NoCo made a bet of 0 (fold) and is left with 820 chips. The pot now contains 240 chips.
I, [2014-04-05T12:54:55.001905 #8485]  INFO -- : Player R3T responded with 0 (200)
I, [2014-04-05T12:54:55.002522 #8485]  INFO -- : R3T made a bet of 0 (fold) and is left with 770 chips. The pot now contains 240 chips.
I, [2014-04-05T12:54:55.007638 #8485]  INFO -- : Player Mr Bazinga responded with 0 (200)
I, [2014-04-05T12:54:55.008246 #8485]  INFO -- : Mr Bazinga made a bet of 0 (check) and is left with 1170 chips. The pot now contains 240 chips.
I, [2014-04-05T12:54:55.008897 #8485]  INFO -- : Mr Bazinga won 240
I, [2014-04-05T12:54:55.012552 #8485]  INFO -- : Player R3T responded with  (200)
I, [2014-04-05T12:54:55.015506 #8485]  INFO -- : Player Mr Bazinga responded with OK (200)
I, [2014-04-05T12:54:55.017790 #8485]  INFO -- : Player NoCo responded with  (200)
I, [2014-04-05T12:54:55.018283 #8485]  INFO -- : Mr Bazinga received hole_card Queen of Hearts
I, [2014-04-05T12:54:55.018541 #8485]  INFO -- : NoCo received hole_card 9 of Spades
I, [2014-04-05T12:54:55.018826 #8485]  INFO -- : R3T received hole_card 4 of Hearts
I, [2014-04-05T12:54:55.019165 #8485]  INFO -- : Mr Bazinga received hole_card 5 of Clubs
I, [2014-04-05T12:54:55.019370 #8485]  INFO -- : NoCo received hole_card 3 of Hearts
I, [2014-04-05T12:54:55.019561 #8485]  INFO -- : R3T received hole_card King of Hearts
I, [2014-04-05T12:54:55.020557 #8485]  INFO -- : Mr Bazinga made a bet of 80 (raise) and is left with 1330 chips. The pot now contains 80 chips.
I, [2014-04-05T12:54:55.021043 #8485]  INFO -- : NoCo made a bet of 160 (raise) and is left with 660 chips. The pot now contains 240 chips.
I, [2014-04-05T12:54:55.023855 #8485]  INFO -- : Player R3T responded with 0 (200)
I, [2014-04-05T12:54:55.024190 #8485]  INFO -- : R3T made a bet of 0 (fold) and is left with 770 chips. The pot now contains 240 chips.
I, [2014-04-05T12:54:55.026124 #8485]  INFO -- : Player Mr Bazinga responded with 0 (200)
I, [2014-04-05T12:54:55.026396 #8485]  INFO -- : Mr Bazinga made a bet of 0 (fold) and is left with 1330 chips. The pot now contains 240 chips.
I, [2014-04-05T12:54:55.028226 #8485]  INFO -- : Player NoCo responded with 0 (200)
I, [2014-04-05T12:54:55.028419 #8485]  INFO -- : NoCo made a bet of 0 (check) and is left with 660 chips. The pot now contains 240 chips.
I, [2014-04-05T12:54:55.028894 #8485]  INFO -- : NoCo won 240
I, [2014-04-05T12:54:55.031628 #8485]  INFO -- : Player R3T responded with  (200)
I, [2014-04-05T12:54:55.035247 #8485]  INFO -- : Player Mr Bazinga responded with OK (200)
I, [2014-04-05T12:54:55.040104 #8485]  INFO -- : Player NoCo responded with  (200)
I, [2014-04-05T12:54:55.040917 #8485]  INFO -- : NoCo received hole_card 5 of Spades
I, [2014-04-05T12:54:55.041539 #8485]  INFO -- : R3T received hole_card Jack of Clubs
I, [2014-04-05T12:54:55.042151 #8485]  INFO -- : Mr Bazinga received hole_card Jack of Hearts
I, [2014-04-05T12:54:55.042806 #8485]  INFO -- : NoCo received hole_card 7 of Diamonds
I, [2014-04-05T12:54:55.043436 #8485]  INFO -- : R3T received hole_card 3 of Diamonds
I, [2014-04-05T12:54:55.044187 #8485]  INFO -- : Mr Bazinga received hole_card 8 of Hearts
I, [2014-04-05T12:54:55.044493 #8485]  INFO -- : NoCo made a bet of 80 (raise) and is left with 820 chips. The pot now contains 80 chips.
I, [2014-04-05T12:54:55.044756 #8485]  INFO -- : R3T made a bet of 160 (raise) and is left with 610 chips. The pot now contains 240 chips.
I, [2014-04-05T12:54:55.048988 #8485]  INFO -- : Player Mr Bazinga responded with 290 (200)
I, [2014-04-05T12:54:55.049389 #8485]  INFO -- : Mr Bazinga made a bet of 290 (raise) and is left with 1040 chips. The pot now contains 530 chips.
I, [2014-04-05T12:54:55.052195 #8485]  INFO -- : Player NoCo responded with 0 (200)
I, [2014-04-05T12:54:55.052563 #8485]  INFO -- : NoCo made a bet of 0 (fold) and is left with 820 chips. The pot now contains 530 chips.
I, [2014-04-05T12:54:55.057495 #8485]  INFO -- : Player R3T responded with 0 (200)
I, [2014-04-05T12:54:55.057790 #8485]  INFO -- : R3T made a bet of 0 (fold) and is left with 610 chips. The pot now contains 530 chips.
I, [2014-04-05T12:54:55.058311 #8485]  INFO -- : Mr Bazinga won 530
I, [2014-04-05T12:54:55.061584 #8485]  INFO -- : Player R3T responded with  (200)
I, [2014-04-05T12:54:55.063622 #8485]  INFO -- : Player Mr Bazinga responded with OK (200)
I, [2014-04-05T12:54:55.065125 #8485]  INFO -- : Player NoCo responded with  (200)
I, [2014-04-05T12:54:55.065557 #8485]  INFO -- : R3T received hole_card 6 of Diamonds
I, [2014-04-05T12:54:55.065837 #8485]  INFO -- : Mr Bazinga received hole_card 10 of Spades
I, [2014-04-05T12:54:55.066126 #8485]  INFO -- : NoCo received hole_card 9 of Diamonds
I, [2014-04-05T12:54:55.066393 #8485]  INFO -- : R3T received hole_card 5 of Clubs
I, [2014-04-05T12:54:55.066736 #8485]  INFO -- : Mr Bazinga received hole_card 3 of Spades
I, [2014-04-05T12:54:55.067037 #8485]  INFO -- : NoCo received hole_card 8 of Clubs
I, [2014-04-05T12:54:55.067526 #8485]  INFO -- : R3T made a bet of 80 (raise) and is left with 530 chips. The pot now contains 80 chips.
I, [2014-04-05T12:54:55.067998 #8485]  INFO -- : Mr Bazinga made a bet of 160 (raise) and is left with 1410 chips. The pot now contains 240 chips.
I, [2014-04-05T12:54:55.070265 #8485]  INFO -- : Player NoCo responded with 0 (200)
I, [2014-04-05T12:54:55.070545 #8485]  INFO -- : NoCo made a bet of 0 (fold) and is left with 820 chips. The pot now contains 240 chips.
I, [2014-04-05T12:54:55.074090 #8485]  INFO -- : Player R3T responded with 0 (200)
I, [2014-04-05T12:54:55.074983 #8485]  INFO -- : R3T made a bet of 0 (fold) and is left with 530 chips. The pot now contains 240 chips.
I, [2014-04-05T12:54:55.077550 #8485]  INFO -- : Player Mr Bazinga responded with 130 (200)
I, [2014-04-05T12:54:55.077811 #8485]  INFO -- : Mr Bazinga made a bet of 130 (raise) and is left with 1280 chips. The pot now contains 370 chips.
I, [2014-04-05T12:54:55.078350 #8485]  INFO -- : Mr Bazinga won 370
I, [2014-04-05T12:54:55.082199 #8485]  INFO -- : Player R3T responded with  (200)
I, [2014-04-05T12:54:55.086512 #8485]  INFO -- : Player Mr Bazinga responded with OK (200)
I, [2014-04-05T12:54:55.089716 #8485]  INFO -- : Player NoCo responded with  (200)
I, [2014-04-05T12:54:55.090560 #8485]  INFO -- : Mr Bazinga received hole_card 9 of Hearts
I, [2014-04-05T12:54:55.091034 #8485]  INFO -- : NoCo received hole_card 6 of Hearts
I, [2014-04-05T12:54:55.091456 #8485]  INFO -- : R3T received hole_card 4 of Diamonds
I, [2014-04-05T12:54:55.092085 #8485]  INFO -- : Mr Bazinga received hole_card 6 of Spades
I, [2014-04-05T12:54:55.092782 #8485]  INFO -- : NoCo received hole_card 6 of Diamonds
I, [2014-04-05T12:54:55.093312 #8485]  INFO -- : R3T received hole_card 4 of Clubs
I, [2014-04-05T12:54:55.093949 #8485]  INFO -- : Mr Bazinga made a bet of 80 (raise) and is left with 1570 chips. The pot now contains 80 chips.
I, [2014-04-05T12:54:55.094506 #8485]  INFO -- : NoCo made a bet of 160 (raise) and is left with 660 chips. The pot now contains 240 chips.
I, [2014-04-05T12:54:55.099896 #8485]  INFO -- : Player R3T responded with 760 (200)
I, [2014-04-05T12:54:55.100380 #8485]  INFO -- : R3T made a bet of 530 (allin) and is left with 0 chips. The pot now contains 770 chips.
I, [2014-04-05T12:54:55.104743 #8485]  INFO -- : Player Mr Bazinga responded with 0 (200)
I, [2014-04-05T12:54:55.105043 #8485]  INFO -- : Mr Bazinga made a bet of 0 (fold) and is left with 1570 chips. The pot now contains 770 chips.
I, [2014-04-05T12:54:55.106962 #8485]  INFO -- : Player NoCo responded with 370 (200)
I, [2014-04-05T12:54:55.107184 #8485]  INFO -- : NoCo made a bet of 370 (call) and is left with 290 chips. The pot now contains 1140 chips.
I, [2014-04-05T12:54:55.107404 #8485]  INFO -- : community card Jack of Hearts
I, [2014-04-05T12:54:55.107596 #8485]  INFO -- : community card 7 of Spades
I, [2014-04-05T12:54:55.107788 #8485]  INFO -- : community card Ace of Diamonds
I, [2014-04-05T12:54:55.107989 #8485]  INFO -- : community card 3 of Diamonds
I, [2014-04-05T12:54:55.108205 #8485]  INFO -- : community card 9 of Spades
I, [2014-04-05T12:54:55.108645 #8485]  INFO -- : R3T showed 4 of Diamonds,4 of Clubs,9 of Spades,Jack of Hearts,Ace of Diamonds making a pair
I, [2014-04-05T12:54:55.109063 #8485]  INFO -- : NoCo showed 6 of Hearts,6 of Diamonds,9 of Spades,Jack of Hearts,Ace of Diamonds making a pair
I, [2014-04-05T12:54:55.109266 #8485]  INFO -- : NoCo won 1140
I, [2014-04-05T12:54:55.111322 #8485]  INFO -- : Player R3T responded with  (200)
I, [2014-04-05T12:54:55.116512 #8485]  INFO -- : Player Mr Bazinga responded with OK (200)
I, [2014-04-05T12:54:55.119095 #8485]  INFO -- : Player NoCo responded with  (200)
I, [2014-04-05T12:54:55.119541 #8485]  INFO -- : NoCo received hole_card 4 of Diamonds
I, [2014-04-05T12:54:55.119818 #8485]  INFO -- : Mr Bazinga received hole_card 10 of Hearts
I, [2014-04-05T12:54:55.120134 #8485]  INFO -- : NoCo received hole_card 9 of Diamonds
I, [2014-04-05T12:54:55.120799 #8485]  INFO -- : Mr Bazinga received hole_card 7 of Clubs
I, [2014-04-05T12:54:55.121307 #8485]  INFO -- : NoCo made a bet of 80 (raise) and is left with 1350 chips. The pot now contains 80 chips.
I, [2014-04-05T12:54:55.121691 #8485]  INFO -- : Mr Bazinga made a bet of 160 (raise) and is left with 1410 chips. The pot now contains 240 chips.
I, [2014-04-05T12:54:55.124780 #8485]  INFO -- : Player NoCo responded with 0 (200)
I, [2014-04-05T12:54:55.125211 #8485]  INFO -- : NoCo made a bet of 0 (fold) and is left with 1350 chips. The pot now contains 240 chips.
I, [2014-04-05T12:54:55.126383 #8485]  INFO -- : Mr Bazinga won 240
I, [2014-04-05T12:54:55.131666 #8485]  INFO -- : Player R3T responded with  (200)
I, [2014-04-05T12:54:55.135973 #8485]  INFO -- : Player Mr Bazinga responded with OK (200)
I, [2014-04-05T12:54:55.137897 #8485]  INFO -- : Player NoCo responded with  (200)
I, [2014-04-05T12:54:55.138679 #8485]  INFO -- : Mr Bazinga received hole_card 10 of Clubs
I, [2014-04-05T12:54:55.139160 #8485]  INFO -- : NoCo received hole_card 3 of Hearts
I, [2014-04-05T12:54:55.139621 #8485]  INFO -- : Mr Bazinga received hole_card Queen of Clubs
I, [2014-04-05T12:54:55.140248 #8485]  INFO -- : NoCo received hole_card 8 of Spades
I, [2014-04-05T12:54:55.140759 #8485]  INFO -- : Mr Bazinga made a bet of 80 (raise) and is left with 1570 chips. The pot now contains 80 chips.
I, [2014-04-05T12:54:55.141212 #8485]  INFO -- : NoCo made a bet of 160 (raise) and is left with 1190 chips. The pot now contains 240 chips.
I, [2014-04-05T12:54:55.143265 #8485]  INFO -- : Player Mr Bazinga responded with 210 (200)
I, [2014-04-05T12:54:55.143607 #8485]  INFO -- : Mr Bazinga made a bet of 210 (raise) and is left with 1360 chips. The pot now contains 450 chips.
I, [2014-04-05T12:54:55.145814 #8485]  INFO -- : Player NoCo responded with 0 (200)
I, [2014-04-05T12:54:55.146666 #8485]  INFO -- : NoCo made a bet of 0 (fold) and is left with 1190 chips. The pot now contains 450 chips.
I, [2014-04-05T12:54:55.147396 #8485]  INFO -- : Mr Bazinga won 450
I, [2014-04-05T12:54:55.149917 #8485]  INFO -- : Player R3T responded with  (200)
I, [2014-04-05T12:54:55.151863 #8485]  INFO -- : Player Mr Bazinga responded with OK (200)
I, [2014-04-05T12:54:55.154190 #8485]  INFO -- : Player NoCo responded with  (200)
I, [2014-04-05T12:54:55.154937 #8485]  INFO -- : NoCo received hole_card 4 of Diamonds
I, [2014-04-05T12:54:55.155432 #8485]  INFO -- : Mr Bazinga received hole_card 3 of Hearts
I, [2014-04-05T12:54:55.155822 #8485]  INFO -- : NoCo received hole_card 3 of Diamonds
I, [2014-04-05T12:54:55.156388 #8485]  INFO -- : Mr Bazinga received hole_card 6 of Hearts
I, [2014-04-05T12:54:55.157132 #8485]  INFO -- : NoCo made a bet of 80 (raise) and is left with 1110 chips. The pot now contains 80 chips.
I, [2014-04-05T12:54:55.157853 #8485]  INFO -- : Mr Bazinga made a bet of 160 (raise) and is left with 1650 chips. The pot now contains 240 chips.
I, [2014-04-05T12:54:55.161089 #8485]  INFO -- : Player NoCo responded with 0 (200)
I, [2014-04-05T12:54:55.161542 #8485]  INFO -- : NoCo made a bet of 0 (fold) and is left with 1110 chips. The pot now contains 240 chips.
I, [2014-04-05T12:54:55.163186 #8485]  INFO -- : Mr Bazinga won 240
I, [2014-04-05T12:54:55.167877 #8485]  INFO -- : Player R3T responded with  (200)
I, [2014-04-05T12:54:55.170285 #8485]  INFO -- : Player Mr Bazinga responded with OK (200)
I, [2014-04-05T12:54:55.173167 #8485]  INFO -- : Player NoCo responded with  (200)
I, [2014-04-05T12:54:55.175027 #8485]  INFO -- : Mr Bazinga received hole_card 10 of Spades
I, [2014-04-05T12:54:55.175583 #8485]  INFO -- : NoCo received hole_card 10 of Diamonds
I, [2014-04-05T12:54:55.175923 #8485]  INFO -- : Mr Bazinga received hole_card Queen of Spades
I, [2014-04-05T12:54:55.176176 #8485]  INFO -- : NoCo received hole_card 7 of Diamonds
I, [2014-04-05T12:54:55.176440 #8485]  INFO -- : Mr Bazinga made a bet of 80 (raise) and is left with 1810 chips. The pot now contains 80 chips.
I, [2014-04-05T12:54:55.176662 #8485]  INFO -- : NoCo made a bet of 160 (raise) and is left with 950 chips. The pot now contains 240 chips.
I, [2014-04-05T12:54:55.178975 #8485]  INFO -- : Player Mr Bazinga responded with 210 (200)
I, [2014-04-05T12:54:55.179226 #8485]  INFO -- : Mr Bazinga made a bet of 210 (raise) and is left with 1600 chips. The pot now contains 450 chips.
I, [2014-04-05T12:54:55.182532 #8485]  INFO -- : Player NoCo responded with 0 (200)
I, [2014-04-05T12:54:55.184267 #8485]  INFO -- : NoCo made a bet of 0 (fold) and is left with 950 chips. The pot now contains 450 chips.
I, [2014-04-05T12:54:55.184859 #8485]  INFO -- : Mr Bazinga won 450
I, [2014-04-05T12:54:55.187072 #8485]  INFO -- : Player R3T responded with  (200)
I, [2014-04-05T12:54:55.188736 #8485]  INFO -- : Player Mr Bazinga responded with OK (200)
I, [2014-04-05T12:54:55.190437 #8485]  INFO -- : Player NoCo responded with  (200)
I, [2014-04-05T12:54:55.190928 #8485]  INFO -- : NoCo received hole_card 10 of Spades
I, [2014-04-05T12:54:55.191222 #8485]  INFO -- : Mr Bazinga received hole_card 5 of Spades
I, [2014-04-05T12:54:55.191606 #8485]  INFO -- : NoCo received hole_card King of Spades
I, [2014-04-05T12:54:55.191846 #8485]  INFO -- : Mr Bazinga received hole_card 6 of Hearts
I, [2014-04-05T12:54:55.192181 #8485]  INFO -- : NoCo made a bet of 160 (raise) and is left with 790 chips. The pot now contains 160 chips.
I, [2014-04-05T12:54:55.192516 #8485]  INFO -- : Mr Bazinga made a bet of 320 (raise) and is left with 1730 chips. The pot now contains 480 chips.
I, [2014-04-05T12:54:55.194459 #8485]  INFO -- : Player NoCo responded with 0 (200)
I, [2014-04-05T12:54:55.194665 #8485]  INFO -- : NoCo made a bet of 0 (fold) and is left with 790 chips. The pot now contains 480 chips.
I, [2014-04-05T12:54:55.195066 #8485]  INFO -- : Mr Bazinga won 480
I, [2014-04-05T12:54:55.198015 #8485]  INFO -- : Player R3T responded with  (200)
I, [2014-04-05T12:54:55.200591 #8485]  INFO -- : Player Mr Bazinga responded with OK (200)
I, [2014-04-05T12:54:55.204563 #8485]  INFO -- : Player NoCo responded with  (200)
I, [2014-04-05T12:54:55.205457 #8485]  INFO -- : Mr Bazinga received hole_card 5 of Hearts
I, [2014-04-05T12:54:55.205983 #8485]  INFO -- : NoCo received hole_card 7 of Clubs
I, [2014-04-05T12:54:55.207009 #8485]  INFO -- : Mr Bazinga received hole_card Ace of Clubs
I, [2014-04-05T12:54:55.207460 #8485]  INFO -- : NoCo received hole_card 10 of Diamonds
I, [2014-04-05T12:54:55.208142 #8485]  INFO -- : Mr Bazinga made a bet of 160 (raise) and is left with 2050 chips. The pot now contains 160 chips.
I, [2014-04-05T12:54:55.208702 #8485]  INFO -- : NoCo made a bet of 320 (raise) and is left with 470 chips. The pot now contains 480 chips.
I, [2014-04-05T12:54:55.214441 #8485]  INFO -- : Player Mr Bazinga responded with 0 (200)
I, [2014-04-05T12:54:55.215485 #8485]  INFO -- : Mr Bazinga made a bet of 0 (fold) and is left with 2050 chips. The pot now contains 480 chips.
I, [2014-04-05T12:54:55.220180 #8485]  INFO -- : Player NoCo responded with 0 (200)
I, [2014-04-05T12:54:55.220695 #8485]  INFO -- : NoCo made a bet of 0 (check) and is left with 470 chips. The pot now contains 480 chips.
I, [2014-04-05T12:54:55.221706 #8485]  INFO -- : NoCo won 480
I, [2014-04-05T12:54:55.225397 #8485]  INFO -- : Player R3T responded with  (200)
I, [2014-04-05T12:54:55.227369 #8485]  INFO -- : Player Mr Bazinga responded with OK (200)
I, [2014-04-05T12:54:55.229563 #8485]  INFO -- : Player NoCo responded with  (200)
I, [2014-04-05T12:54:55.229870 #8485]  INFO -- : NoCo received hole_card King of Clubs
I, [2014-04-05T12:54:55.230031 #8485]  INFO -- : Mr Bazinga received hole_card 6 of Hearts
I, [2014-04-05T12:54:55.230195 #8485]  INFO -- : NoCo received hole_card Ace of Clubs
I, [2014-04-05T12:54:55.230330 #8485]  INFO -- : Mr Bazinga received hole_card King of Spades
I, [2014-04-05T12:54:55.230573 #8485]  INFO -- : NoCo made a bet of 160 (raise) and is left with 790 chips. The pot now contains 160 chips.
I, [2014-04-05T12:54:55.230820 #8485]  INFO -- : Mr Bazinga made a bet of 320 (raise) and is left with 1730 chips. The pot now contains 480 chips.
I, [2014-04-05T12:54:55.232462 #8485]  INFO -- : Player NoCo responded with 0 (200)
I, [2014-04-05T12:54:55.232765 #8485]  INFO -- : NoCo made a bet of 0 (fold) and is left with 790 chips. The pot now contains 480 chips.
I, [2014-04-05T12:54:55.233363 #8485]  INFO -- : Mr Bazinga won 480
I, [2014-04-05T12:54:55.237517 #8485]  INFO -- : Player R3T responded with  (200)
I, [2014-04-05T12:54:55.240065 #8485]  INFO -- : Player Mr Bazinga responded with OK (200)
I, [2014-04-05T12:54:55.243208 #8485]  INFO -- : Player NoCo responded with  (200)
I, [2014-04-05T12:54:55.243667 #8485]  INFO -- : Mr Bazinga received hole_card 4 of Clubs
I, [2014-04-05T12:54:55.243932 #8485]  INFO -- : NoCo received hole_card 2 of Diamonds
I, [2014-04-05T12:54:55.244207 #8485]  INFO -- : Mr Bazinga received hole_card 8 of Hearts
I, [2014-04-05T12:54:55.244450 #8485]  INFO -- : NoCo received hole_card King of Spades
I, [2014-04-05T12:54:55.244781 #8485]  INFO -- : Mr Bazinga made a bet of 160 (raise) and is left with 2050 chips. The pot now contains 160 chips.
I, [2014-04-05T12:54:55.245101 #8485]  INFO -- : NoCo made a bet of 320 (raise) and is left with 470 chips. The pot now contains 480 chips.
I, [2014-04-05T12:54:55.249098 #8485]  INFO -- : Player Mr Bazinga responded with 0 (200)
I, [2014-04-05T12:54:55.249591 #8485]  INFO -- : Mr Bazinga made a bet of 0 (fold) and is left with 2050 chips. The pot now contains 480 chips.
I, [2014-04-05T12:54:55.253534 #8485]  INFO -- : Player NoCo responded with 0 (200)
I, [2014-04-05T12:54:55.253976 #8485]  INFO -- : NoCo made a bet of 0 (check) and is left with 470 chips. The pot now contains 480 chips.
I, [2014-04-05T12:54:55.254749 #8485]  INFO -- : NoCo won 480
I, [2014-04-05T12:54:55.260537 #8485]  INFO -- : Player R3T responded with  (200)
I, [2014-04-05T12:54:55.262941 #8485]  INFO -- : Player Mr Bazinga responded with OK (200)
I, [2014-04-05T12:54:55.264801 #8485]  INFO -- : Player NoCo responded with  (200)
I, [2014-04-05T12:54:55.265101 #8485]  INFO -- : NoCo received hole_card 10 of Diamonds
I, [2014-04-05T12:54:55.265238 #8485]  INFO -- : Mr Bazinga received hole_card 2 of Diamonds
I, [2014-04-05T12:54:55.265394 #8485]  INFO -- : NoCo received hole_card 8 of Diamonds
I, [2014-04-05T12:54:55.265540 #8485]  INFO -- : Mr Bazinga received hole_card Ace of Hearts
I, [2014-04-05T12:54:55.265788 #8485]  INFO -- : NoCo made a bet of 160 (raise) and is left with 790 chips. The pot now contains 160 chips.
I, [2014-04-05T12:54:55.266019 #8485]  INFO -- : Mr Bazinga made a bet of 320 (raise) and is left with 1730 chips. The pot now contains 480 chips.
I, [2014-04-05T12:54:55.267848 #8485]  INFO -- : Player NoCo responded with 0 (200)
I, [2014-04-05T12:54:55.268080 #8485]  INFO -- : NoCo made a bet of 0 (fold) and is left with 790 chips. The pot now contains 480 chips.
I, [2014-04-05T12:54:55.268429 #8485]  INFO -- : Mr Bazinga won 480
I, [2014-04-05T12:54:55.270673 #8485]  INFO -- : Player R3T responded with  (200)
I, [2014-04-05T12:54:55.273704 #8485]  INFO -- : Player Mr Bazinga responded with OK (200)
I, [2014-04-05T12:54:55.276342 #8485]  INFO -- : Player NoCo responded with  (200)
I, [2014-04-05T12:54:55.276831 #8485]  INFO -- : Mr Bazinga received hole_card 8 of Hearts
I, [2014-04-05T12:54:55.277046 #8485]  INFO -- : NoCo received hole_card 4 of Clubs
I, [2014-04-05T12:54:55.277247 #8485]  INFO -- : Mr Bazinga received hole_card King of Spades
I, [2014-04-05T12:54:55.277438 #8485]  INFO -- : NoCo received hole_card 9 of Spades
I, [2014-04-05T12:54:55.277736 #8485]  INFO -- : Mr Bazinga made a bet of 160 (raise) and is left with 2050 chips. The pot now contains 160 chips.
I, [2014-04-05T12:54:55.277989 #8485]  INFO -- : NoCo made a bet of 320 (raise) and is left with 470 chips. The pot now contains 480 chips.
I, [2014-04-05T12:54:55.281017 #8485]  INFO -- : Player Mr Bazinga responded with 0 (200)
I, [2014-04-05T12:54:55.281290 #8485]  INFO -- : Mr Bazinga made a bet of 0 (fold) and is left with 2050 chips. The pot now contains 480 chips.
I, [2014-04-05T12:54:55.283843 #8485]  INFO -- : Player NoCo responded with 0 (200)
I, [2014-04-05T12:54:55.284240 #8485]  INFO -- : NoCo made a bet of 0 (check) and is left with 470 chips. The pot now contains 480 chips.
I, [2014-04-05T12:54:55.284949 #8485]  INFO -- : NoCo won 480
I, [2014-04-05T12:54:55.287597 #8485]  INFO -- : Player R3T responded with  (200)
I, [2014-04-05T12:54:55.291649 #8485]  INFO -- : Player Mr Bazinga responded with OK (200)
I, [2014-04-05T12:54:55.295669 #8485]  INFO -- : Player NoCo responded with  (200)
I, [2014-04-05T12:54:55.296983 #8485]  INFO -- : NoCo received hole_card 8 of Diamonds
I, [2014-04-05T12:54:55.297314 #8485]  INFO -- : Mr Bazinga received hole_card 4 of Spades
I, [2014-04-05T12:54:55.300473 #8485]  INFO -- : NoCo received hole_card 2 of Spades
I, [2014-04-05T12:54:55.300850 #8485]  INFO -- : Mr Bazinga received hole_card 6 of Diamonds
I, [2014-04-05T12:54:55.301339 #8485]  INFO -- : NoCo made a bet of 160 (raise) and is left with 790 chips. The pot now contains 160 chips.
I, [2014-04-05T12:54:55.301736 #8485]  INFO -- : Mr Bazinga made a bet of 320 (raise) and is left with 1730 chips. The pot now contains 480 chips.
I, [2014-04-05T12:54:55.303602 #8485]  INFO -- : Player NoCo responded with 0 (200)
I, [2014-04-05T12:54:55.303919 #8485]  INFO -- : NoCo made a bet of 0 (fold) and is left with 790 chips. The pot now contains 480 chips.
I, [2014-04-05T12:54:55.304643 #8485]  INFO -- : Mr Bazinga won 480
I, [2014-04-05T12:54:55.310087 #8485]  INFO -- : Player R3T responded with  (200)
I, [2014-04-05T12:54:55.315044 #8485]  INFO -- : Player Mr Bazinga responded with OK (200)
I, [2014-04-05T12:54:55.317224 #8485]  INFO -- : Player NoCo responded with  (200)
I, [2014-04-05T12:54:55.317600 #8485]  INFO -- : Mr Bazinga received hole_card 3 of Spades
I, [2014-04-05T12:54:55.317772 #8485]  INFO -- : NoCo received hole_card King of Diamonds
I, [2014-04-05T12:54:55.318751 #8485]  INFO -- : Mr Bazinga received hole_card 7 of Hearts
I, [2014-04-05T12:54:55.319166 #8485]  INFO -- : NoCo received hole_card 7 of Diamonds
I, [2014-04-05T12:54:55.319485 #8485]  INFO -- : Mr Bazinga made a bet of 160 (raise) and is left with 2050 chips. The pot now contains 160 chips.
I, [2014-04-05T12:54:55.319727 #8485]  INFO -- : NoCo made a bet of 320 (raise) and is left with 470 chips. The pot now contains 480 chips.
I, [2014-04-05T12:54:55.321714 #8485]  INFO -- : Player Mr Bazinga responded with 0 (200)
I, [2014-04-05T12:54:55.321923 #8485]  INFO -- : Mr Bazinga made a bet of 0 (fold) and is left with 2050 chips. The pot now contains 480 chips.
I, [2014-04-05T12:54:55.323475 #8485]  INFO -- : Player NoCo responded with 0 (200)
I, [2014-04-05T12:54:55.323737 #8485]  INFO -- : NoCo made a bet of 0 (check) and is left with 470 chips. The pot now contains 480 chips.
I, [2014-04-05T12:54:55.324217 #8485]  INFO -- : NoCo won 480
I, [2014-04-05T12:54:55.326305 #8485]  INFO -- : Player R3T responded with  (200)
I, [2014-04-05T12:54:55.329357 #8485]  INFO -- : Player Mr Bazinga responded with OK (200)
I, [2014-04-05T12:54:55.330975 #8485]  INFO -- : Player NoCo responded with  (200)
I, [2014-04-05T12:54:55.331327 #8485]  INFO -- : NoCo received hole_card 5 of Hearts
I, [2014-04-05T12:54:55.331518 #8485]  INFO -- : Mr Bazinga received hole_card 9 of Hearts
I, [2014-04-05T12:54:55.331717 #8485]  INFO -- : NoCo received hole_card 3 of Hearts
I, [2014-04-05T12:54:55.331902 #8485]  INFO -- : Mr Bazinga received hole_card 4 of Hearts
I, [2014-04-05T12:54:55.332331 #8485]  INFO -- : NoCo made a bet of 160 (raise) and is left with 790 chips. The pot now contains 160 chips.
I, [2014-04-05T12:54:55.332730 #8485]  INFO -- : Mr Bazinga made a bet of 320 (raise) and is left with 1730 chips. The pot now contains 480 chips.
I, [2014-04-05T12:54:55.334932 #8485]  INFO -- : Player NoCo responded with 0 (200)
I, [2014-04-05T12:54:55.335252 #8485]  INFO -- : NoCo made a bet of 0 (fold) and is left with 790 chips. The pot now contains 480 chips.
I, [2014-04-05T12:54:55.335774 #8485]  INFO -- : Mr Bazinga won 480
I, [2014-04-05T12:54:55.338793 #8485]  INFO -- : Player R3T responded with  (200)
I, [2014-04-05T12:54:55.341423 #8485]  INFO -- : Player Mr Bazinga responded with OK (200)
I, [2014-04-05T12:54:55.344576 #8485]  INFO -- : Player NoCo responded with  (200)
I, [2014-04-05T12:54:55.345065 #8485]  INFO -- : Mr Bazinga received hole_card 5 of Hearts
I, [2014-04-05T12:54:55.345330 #8485]  INFO -- : NoCo received hole_card Ace of Hearts
I, [2014-04-05T12:54:55.345774 #8485]  INFO -- : Mr Bazinga received hole_card Queen of Hearts
I, [2014-04-05T12:54:55.345979 #8485]  INFO -- : NoCo received hole_card 2 of Hearts
I, [2014-04-05T12:54:55.346234 #8485]  INFO -- : Mr Bazinga made a bet of 320 (raise) and is left with 1890 chips. The pot now contains 320 chips.
I, [2014-04-05T12:54:55.346460 #8485]  INFO -- : NoCo made a bet of 640 (raise) and is left with 150 chips. The pot now contains 960 chips.
I, [2014-04-05T12:54:55.348608 #8485]  INFO -- : Player Mr Bazinga responded with 690 (200)
I, [2014-04-05T12:54:55.349257 #8485]  INFO -- : Mr Bazinga made a bet of 690 (raise) and is left with 1200 chips. The pot now contains 1650 chips.
I, [2014-04-05T12:54:55.351764 #8485]  INFO -- : Player NoCo responded with 0 (200)
I, [2014-04-05T12:54:55.352285 #8485]  INFO -- : NoCo made a bet of 0 (fold) and is left with 150 chips. The pot now contains 1650 chips.
I, [2014-04-05T12:54:55.353226 #8485]  INFO -- : Mr Bazinga won 1650
I, [2014-04-05T12:54:55.356401 #8485]  INFO -- : Player R3T responded with  (200)
I, [2014-04-05T12:54:55.358654 #8485]  INFO -- : Player Mr Bazinga responded with OK (200)
I, [2014-04-05T12:54:55.360976 #8485]  INFO -- : Player NoCo responded with  (200)
I, [2014-04-05T12:54:55.361306 #8485]  INFO -- : NoCo received hole_card Jack of Clubs
I, [2014-04-05T12:54:55.361484 #8485]  INFO -- : Mr Bazinga received hole_card 9 of Hearts
I, [2014-04-05T12:54:55.361660 #8485]  INFO -- : NoCo received hole_card 6 of Diamonds
I, [2014-04-05T12:54:55.361839 #8485]  INFO -- : Mr Bazinga received hole_card Jack of Hearts
I, [2014-04-05T12:54:55.362118 #8485]  INFO -- : NoCo made a bet of 150 (allin) and is left with 0 chips. The pot now contains 150 chips.
I, [2014-04-05T12:54:55.362362 #8485]  INFO -- : Mr Bazinga made a bet of 640 (raise) and is left with 2210 chips. The pot now contains 790 chips.
I, [2014-04-05T12:54:55.362561 #8485]  INFO -- : community card 4 of Clubs
I, [2014-04-05T12:54:55.362736 #8485]  INFO -- : community card 3 of Clubs
I, [2014-04-05T12:54:55.362909 #8485]  INFO -- : community card King of Clubs
I, [2014-04-05T12:54:55.363097 #8485]  INFO -- : community card Jack of Spades
I, [2014-04-05T12:54:55.363283 #8485]  INFO -- : community card 8 of Diamonds
I, [2014-04-05T12:54:55.363745 #8485]  INFO -- : Mr Bazinga showed 8 of Diamonds,9 of Hearts,Jack of Spades,Jack of Hearts,King of Clubs making a pair
I, [2014-04-05T12:54:55.364233 #8485]  INFO -- : Mr Bazinga won 790
I, [2014-04-05T12:54:55.368636 #8485]  INFO -- : Player R3T responded with  (200)
I, [2014-04-05T12:54:55.373349 #8485]  INFO -- : Player Mr Bazinga responded with OK (200)
I, [2014-04-05T12:54:55.378052 #8485]  INFO -- : Player NoCo responded with  (200)
