# Logfile created on 2014-04-05 16:11:39 +0200 by logger.rb/44203
I, [2014-04-05T16:11:39.341223 #19869]  INFO -- : Reseting R3T to origin/master
I, [2014-04-05T16:11:40.242141 #19869]  INFO -- : Reseting Mr Bazinga to origin/master
I, [2014-04-05T16:11:41.049205 #19869]  INFO -- : Reseting NoCo to origin/master
I, [2014-04-05T16:11:42.775076 #19869]  INFO -- : Connected R3T at http://localhost:8080/
I, [2014-04-05T16:11:42.777062 #19869]  INFO -- : Connected Mr Bazinga at http://localhost:1337/
I, [2014-04-05T16:11:42.779050 #19869]  INFO -- : Connected NoCo at http://localhost:8000/player_service.php
E, [2014-04-05T16:11:42.779961 #19869] ERROR -- : Connection refused - connect(2) for "localhost" port 8080
E, [2014-04-05T16:11:42.780101 #19869] ERROR -- : Player R3T is unreachable
I, [2014-04-05T16:11:42.780185 #19869]  INFO -- : Waiting for players to start
E, [2014-04-05T16:11:43.780715 #19869] ERROR -- : Connection refused - connect(2) for "localhost" port 8080
E, [2014-04-05T16:11:43.780839 #19869] ERROR -- : Player R3T is unreachable
I, [2014-04-05T16:11:43.780930 #19869]  INFO -- : Waiting for players to start
E, [2014-04-05T16:11:44.782489 #19869] ERROR -- : Connection refused - connect(2) for "localhost" port 8080
E, [2014-04-05T16:11:44.782665 #19869] ERROR -- : Player R3T is unreachable
I, [2014-04-05T16:11:44.782781 #19869]  INFO -- : Waiting for players to start
E, [2014-04-05T16:11:45.783422 #19869] ERROR -- : Connection refused - connect(2) for "localhost" port 8080
E, [2014-04-05T16:11:45.783552 #19869] ERROR -- : Player R3T is unreachable
I, [2014-04-05T16:11:45.783630 #19869]  INFO -- : Waiting for players to start
E, [2014-04-05T16:11:46.789785 #19869] ERROR -- : Connection refused - connect(2) for "localhost" port 8080
E, [2014-04-05T16:11:46.789959 #19869] ERROR -- : Player R3T is unreachable
I, [2014-04-05T16:11:46.790048 #19869]  INFO -- : Waiting for players to start
E, [2014-04-05T16:11:47.799279 #19869] ERROR -- : Connection refused - connect(2) for "localhost" port 8080
E, [2014-04-05T16:11:47.799551 #19869] ERROR -- : Player R3T is unreachable
I, [2014-04-05T16:11:47.799681 #19869]  INFO -- : Waiting for players to start
E, [2014-04-05T16:11:48.805490 #19869] ERROR -- : Connection refused - connect(2) for "localhost" port 8080
E, [2014-04-05T16:11:48.805651 #19869] ERROR -- : Player R3T is unreachable
I, [2014-04-05T16:11:48.805740 #19869]  INFO -- : Waiting for players to start
E, [2014-04-05T16:11:49.820712 #19869] ERROR -- : Connection refused - connect(2) for "localhost" port 8080
E, [2014-04-05T16:11:49.820908 #19869] ERROR -- : Player R3T is unreachable
I, [2014-04-05T16:11:49.821010 #19869]  INFO -- : Waiting for players to start
E, [2014-04-05T16:11:50.829168 #19869] ERROR -- : Connection refused - connect(2) for "localhost" port 8080
E, [2014-04-05T16:11:50.829356 #19869] ERROR -- : Player R3T is unreachable
I, [2014-04-05T16:11:50.829465 #19869]  INFO -- : Waiting for players to start
E, [2014-04-05T16:11:51.830158 #19869] ERROR -- : Connection refused - connect(2) for "localhost" port 8080
E, [2014-04-05T16:11:51.830399 #19869] ERROR -- : Player R3T is unreachable
I, [2014-04-05T16:11:51.830521 #19869]  INFO -- : Waiting for players to start
E, [2014-04-05T16:11:52.834380 #19869] ERROR -- : Connection refused - connect(2) for "localhost" port 8080
E, [2014-04-05T16:11:52.834600 #19869] ERROR -- : Player R3T is unreachable
I, [2014-04-05T16:11:52.835363 #19869]  INFO -- : Waiting for players to start
E, [2014-04-05T16:11:53.836199 #19869] ERROR -- : Connection refused - connect(2) for "localhost" port 8080
E, [2014-04-05T16:11:53.836337 #19869] ERROR -- : Player R3T is unreachable
I, [2014-04-05T16:11:53.836419 #19869]  INFO -- : Waiting for players to start
E, [2014-04-05T16:11:54.837011 #19869] ERROR -- : Connection refused - connect(2) for "localhost" port 8080
E, [2014-04-05T16:11:54.837173 #19869] ERROR -- : Player R3T is unreachable
I, [2014-04-05T16:11:54.837317 #19869]  INFO -- : Waiting for players to start
E, [2014-04-05T16:11:55.848229 #19869] ERROR -- : Connection refused - connect(2) for "localhost" port 8080
E, [2014-04-05T16:11:55.849241 #19869] ERROR -- : Player R3T is unreachable
I, [2014-04-05T16:11:55.849417 #19869]  INFO -- : Waiting for players to start
E, [2014-04-05T16:11:56.852539 #19869] ERROR -- : Connection refused - connect(2) for "localhost" port 8080
E, [2014-04-05T16:11:56.852855 #19869] ERROR -- : Player R3T is unreachable
I, [2014-04-05T16:11:56.853046 #19869]  INFO -- : Waiting for players to start
E, [2014-04-05T16:11:57.859635 #19869] ERROR -- : Connection refused - connect(2) for "localhost" port 8080
E, [2014-04-05T16:11:57.859805 #19869] ERROR -- : Player R3T is unreachable
I, [2014-04-05T16:11:57.859888 #19869]  INFO -- : Waiting for players to start
E, [2014-04-05T16:11:59.364362 #19869] ERROR -- : Net::ReadTimeout
E, [2014-04-05T16:11:59.364565 #19869] ERROR -- : Player R3T is unreachable
I, [2014-04-05T16:11:59.364684 #19869]  INFO -- : Waiting for players to start
E, [2014-04-05T16:12:00.869425 #19869] ERROR -- : Net::ReadTimeout
E, [2014-04-05T16:12:00.869695 #19869] ERROR -- : Player R3T is unreachable
I, [2014-04-05T16:12:00.869814 #19869]  INFO -- : Waiting for players to start
I, [2014-04-05T16:12:01.872302 #19869]  INFO -- : Player R3T responded with  (200)
I, [2014-04-05T16:12:01.884192 #19869]  INFO -- : Player Mr Bazinga responded with OK (200)
I, [2014-04-05T16:12:01.887672 #19869]  INFO -- : Player NoCo responded with  (200)
I, [2014-04-05T16:12:01.887862 #19869]  INFO -- : Players are running
I, [2014-04-05T16:12:01.907561 #19869]  INFO -- : Player R3T responded with v0.42 (200)
I, [2014-04-05T16:12:01.910853 #19869]  INFO -- : Player Mr Bazinga responded with Super AI 1.0 (200)
I, [2014-04-05T16:12:01.912448 #19869]  INFO -- : Player NoCo responded with NoCo1610 (200)
I, [2014-04-05T16:12:01.912744 #19869]  INFO -- : Mr Bazinga received hole_card 7 of Spades
I, [2014-04-05T16:12:01.912917 #19869]  INFO -- : NoCo received hole_card 8 of Hearts
I, [2014-04-05T16:12:01.913060 #19869]  INFO -- : R3T received hole_card 9 of Hearts
I, [2014-04-05T16:12:01.913240 #19869]  INFO -- : Mr Bazinga received hole_card Jack of Diamonds
I, [2014-04-05T16:12:01.913415 #19869]  INFO -- : NoCo received hole_card Queen of Clubs
I, [2014-04-05T16:12:01.913586 #19869]  INFO -- : R3T received hole_card 7 of Diamonds
I, [2014-04-05T16:12:01.915073 #19869]  INFO -- : Mr Bazinga made a bet of 10 (raise) and is left with 990 chips. The pot now contains 10 chips.
I, [2014-04-05T16:12:01.915472 #19869]  INFO -- : NoCo made a bet of 20 (raise) and is left with 980 chips. The pot now contains 30 chips.
I, [2014-04-05T16:12:01.962648 #19869]  INFO -- : Player R3T responded with 0 (200)
I, [2014-04-05T16:12:01.962877 #19869]  INFO -- : R3T made a bet of 0 (fold) and is left with 1000 chips. The pot now contains 30 chips.
I, [2014-04-05T16:12:01.966255 #19869]  INFO -- : Player Mr Bazinga responded with 0 (200)
I, [2014-04-05T16:12:01.966499 #19869]  INFO -- : Mr Bazinga made a bet of 0 (fold) and is left with 990 chips. The pot now contains 30 chips.
I, [2014-04-05T16:12:01.968405 #19869]  INFO -- : Player NoCo responded with 80 (200)
I, [2014-04-05T16:12:01.968626 #19869]  INFO -- : NoCo made a bet of 80 (raise) and is left with 900 chips. The pot now contains 110 chips.
I, [2014-04-05T16:12:01.969073 #19869]  INFO -- : NoCo won 110
I, [2014-04-05T16:12:01.971939 #19869]  INFO -- : Player R3T responded with  (200)
I, [2014-04-05T16:12:01.974100 #19869]  INFO -- : Player Mr Bazinga responded with OK (200)
I, [2014-04-05T16:12:01.977479 #19869]  INFO -- : Player NoCo responded with  (200)
I, [2014-04-05T16:12:01.977994 #19869]  INFO -- : NoCo received hole_card 10 of Diamonds
I, [2014-04-05T16:12:01.978288 #19869]  INFO -- : R3T received hole_card 3 of Hearts
I, [2014-04-05T16:12:01.978577 #19869]  INFO -- : Mr Bazinga received hole_card 7 of Diamonds
I, [2014-04-05T16:12:01.978881 #19869]  INFO -- : NoCo received hole_card Queen of Spades
I, [2014-04-05T16:12:01.979190 #19869]  INFO -- : R3T received hole_card Queen of Hearts
I, [2014-04-05T16:12:01.979459 #19869]  INFO -- : Mr Bazinga received hole_card 6 of Spades
I, [2014-04-05T16:12:01.980002 #19869]  INFO -- : NoCo made a bet of 10 (raise) and is left with 1000 chips. The pot now contains 10 chips.
I, [2014-04-05T16:12:01.980467 #19869]  INFO -- : R3T made a bet of 20 (raise) and is left with 980 chips. The pot now contains 30 chips.
I, [2014-04-05T16:12:01.982771 #19869]  INFO -- : Player Mr Bazinga responded with 0 (200)
I, [2014-04-05T16:12:01.983073 #19869]  INFO -- : Mr Bazinga made a bet of 0 (fold) and is left with 990 chips. The pot now contains 30 chips.
I, [2014-04-05T16:12:01.984988 #19869]  INFO -- : Player NoCo responded with 80 (200)
I, [2014-04-05T16:12:01.985273 #19869]  INFO -- : NoCo made a bet of 80 (raise) and is left with 920 chips. The pot now contains 110 chips.
I, [2014-04-05T16:12:01.987838 #19869]  INFO -- : Player R3T responded with 230 (200)
I, [2014-04-05T16:12:01.988122 #19869]  INFO -- : R3T made a bet of 230 (raise) and is left with 750 chips. The pot now contains 340 chips.
I, [2014-04-05T16:12:01.991576 #19869]  INFO -- : Player NoCo responded with 80 (200)
I, [2014-04-05T16:12:01.992027 #19869]  INFO -- : NoCo made a bet of 0 (fold) and is left with 920 chips. The pot now contains 340 chips.
I, [2014-04-05T16:12:01.992739 #19869]  INFO -- : R3T won 340
I, [2014-04-05T16:12:01.997595 #19869]  INFO -- : Player R3T responded with  (200)
I, [2014-04-05T16:12:02.000687 #19869]  INFO -- : Player Mr Bazinga responded with OK (200)
I, [2014-04-05T16:12:02.002533 #19869]  INFO -- : Player NoCo responded with  (200)
I, [2014-04-05T16:12:02.002927 #19869]  INFO -- : R3T received hole_card 2 of Hearts
I, [2014-04-05T16:12:02.003148 #19869]  INFO -- : Mr Bazinga received hole_card 4 of Hearts
I, [2014-04-05T16:12:02.003347 #19869]  INFO -- : NoCo received hole_card 2 of Diamonds
I, [2014-04-05T16:12:02.003559 #19869]  INFO -- : R3T received hole_card 9 of Hearts
I, [2014-04-05T16:12:02.003781 #19869]  INFO -- : Mr Bazinga received hole_card 10 of Diamonds
I, [2014-04-05T16:12:02.004139 #19869]  INFO -- : NoCo received hole_card Queen of Clubs
I, [2014-04-05T16:12:02.004486 #19869]  INFO -- : R3T made a bet of 10 (raise) and is left with 1080 chips. The pot now contains 10 chips.
I, [2014-04-05T16:12:02.004789 #19869]  INFO -- : Mr Bazinga made a bet of 20 (raise) and is left with 970 chips. The pot now contains 30 chips.
I, [2014-04-05T16:12:02.006861 #19869]  INFO -- : Player NoCo responded with 0 (200)
I, [2014-04-05T16:12:02.007076 #19869]  INFO -- : NoCo made a bet of 0 (fold) and is left with 920 chips. The pot now contains 30 chips.
I, [2014-04-05T16:12:02.010721 #19869]  INFO -- : Player R3T responded with 0 (200)
I, [2014-04-05T16:12:02.011224 #19869]  INFO -- : R3T made a bet of 0 (fold) and is left with 1080 chips. The pot now contains 30 chips.
I, [2014-04-05T16:12:02.013865 #19869]  INFO -- : Player Mr Bazinga responded with 0 (200)
I, [2014-04-05T16:12:02.014152 #19869]  INFO -- : Mr Bazinga made a bet of 0 (check) and is left with 970 chips. The pot now contains 30 chips.
I, [2014-04-05T16:12:02.014568 #19869]  INFO -- : Mr Bazinga won 30
I, [2014-04-05T16:12:02.017016 #19869]  INFO -- : Player R3T responded with  (200)
I, [2014-04-05T16:12:02.018673 #19869]  INFO -- : Player Mr Bazinga responded with OK (200)
I, [2014-04-05T16:12:02.020453 #19869]  INFO -- : Player NoCo responded with  (200)
I, [2014-04-05T16:12:02.020837 #19869]  INFO -- : Mr Bazinga received hole_card 7 of Hearts
I, [2014-04-05T16:12:02.021101 #19869]  INFO -- : NoCo received hole_card 4 of Hearts
I, [2014-04-05T16:12:02.021355 #19869]  INFO -- : R3T received hole_card 3 of Hearts
I, [2014-04-05T16:12:02.021630 #19869]  INFO -- : Mr Bazinga received hole_card 6 of Diamonds
I, [2014-04-05T16:12:02.023482 #19869]  INFO -- : NoCo received hole_card King of Clubs
I, [2014-04-05T16:12:02.023796 #19869]  INFO -- : R3T received hole_card 5 of Diamonds
I, [2014-04-05T16:12:02.024238 #19869]  INFO -- : Mr Bazinga made a bet of 10 (raise) and is left with 990 chips. The pot now contains 10 chips.
I, [2014-04-05T16:12:02.024916 #19869]  INFO -- : NoCo made a bet of 20 (raise) and is left with 900 chips. The pot now contains 30 chips.
I, [2014-04-05T16:12:02.029291 #19869]  INFO -- : Player R3T responded with 0 (200)
I, [2014-04-05T16:12:02.029561 #19869]  INFO -- : R3T made a bet of 0 (fold) and is left with 1080 chips. The pot now contains 30 chips.
I, [2014-04-05T16:12:02.032783 #19869]  INFO -- : Player Mr Bazinga responded with 0 (200)
I, [2014-04-05T16:12:02.033082 #19869]  INFO -- : Mr Bazinga made a bet of 0 (fold) and is left with 990 chips. The pot now contains 30 chips.
I, [2014-04-05T16:12:02.034925 #19869]  INFO -- : Player NoCo responded with 80 (200)
I, [2014-04-05T16:12:02.035183 #19869]  INFO -- : NoCo made a bet of 80 (raise) and is left with 820 chips. The pot now contains 110 chips.
I, [2014-04-05T16:12:02.035604 #19869]  INFO -- : NoCo won 110
I, [2014-04-05T16:12:02.038750 #19869]  INFO -- : Player R3T responded with  (200)
I, [2014-04-05T16:12:02.041359 #19869]  INFO -- : Player Mr Bazinga responded with OK (200)
I, [2014-04-05T16:12:02.043497 #19869]  INFO -- : Player NoCo responded with  (200)
I, [2014-04-05T16:12:02.043960 #19869]  INFO -- : NoCo received hole_card 7 of Diamonds
I, [2014-04-05T16:12:02.044217 #19869]  INFO -- : R3T received hole_card Ace of Diamonds
I, [2014-04-05T16:12:02.044480 #19869]  INFO -- : Mr Bazinga received hole_card 6 of Diamonds
I, [2014-04-05T16:12:02.044757 #19869]  INFO -- : NoCo received hole_card 3 of Clubs
I, [2014-04-05T16:12:02.045001 #19869]  INFO -- : R3T received hole_card 7 of Hearts
I, [2014-04-05T16:12:02.045299 #19869]  INFO -- : Mr Bazinga received hole_card Ace of Hearts
I, [2014-04-05T16:12:02.045776 #19869]  INFO -- : NoCo made a bet of 10 (raise) and is left with 920 chips. The pot now contains 10 chips.
I, [2014-04-05T16:12:02.046211 #19869]  INFO -- : R3T made a bet of 20 (raise) and is left with 1060 chips. The pot now contains 30 chips.
I, [2014-04-05T16:12:02.048466 #19869]  INFO -- : Player Mr Bazinga responded with 0 (200)
I, [2014-04-05T16:12:02.048765 #19869]  INFO -- : Mr Bazinga made a bet of 0 (fold) and is left with 990 chips. The pot now contains 30 chips.
I, [2014-04-05T16:12:02.050616 #19869]  INFO -- : Player NoCo responded with 0 (200)
I, [2014-04-05T16:12:02.050873 #19869]  INFO -- : NoCo made a bet of 0 (fold) and is left with 920 chips. The pot now contains 30 chips.
I, [2014-04-05T16:12:02.057152 #19869]  INFO -- : Player R3T responded with 0 (200)
I, [2014-04-05T16:12:02.057486 #19869]  INFO -- : R3T made a bet of 0 (check) and is left with 1060 chips. The pot now contains 30 chips.
I, [2014-04-05T16:12:02.057895 #19869]  INFO -- : R3T won 30
I, [2014-04-05T16:12:02.061013 #19869]  INFO -- : Player R3T responded with  (200)
I, [2014-04-05T16:12:02.066566 #19869]  INFO -- : Player Mr Bazinga responded with OK (200)
I, [2014-04-05T16:12:02.069455 #19869]  INFO -- : Player NoCo responded with  (200)
I, [2014-04-05T16:12:02.069914 #19869]  INFO -- : R3T received hole_card Jack of Spades
I, [2014-04-05T16:12:02.070215 #19869]  INFO -- : Mr Bazinga received hole_card Queen of Spades
I, [2014-04-05T16:12:02.070533 #19869]  INFO -- : NoCo received hole_card 8 of Diamonds
I, [2014-04-05T16:12:02.070859 #19869]  INFO -- : R3T received hole_card Jack of Clubs
I, [2014-04-05T16:12:02.071175 #19869]  INFO -- : Mr Bazinga received hole_card 5 of Diamonds
I, [2014-04-05T16:12:02.071494 #19869]  INFO -- : NoCo received hole_card 5 of Spades
I, [2014-04-05T16:12:02.072272 #19869]  INFO -- : R3T made a bet of 10 (raise) and is left with 1080 chips. The pot now contains 10 chips.
I, [2014-04-05T16:12:02.073169 #19869]  INFO -- : Mr Bazinga made a bet of 20 (raise) and is left with 970 chips. The pot now contains 30 chips.
I, [2014-04-05T16:12:02.075440 #19869]  INFO -- : Player NoCo responded with 0 (200)
I, [2014-04-05T16:12:02.075717 #19869]  INFO -- : NoCo made a bet of 0 (fold) and is left with 920 chips. The pot now contains 30 chips.
I, [2014-04-05T16:12:02.079210 #19869]  INFO -- : Player R3T responded with 50 (200)
I, [2014-04-05T16:12:02.079573 #19869]  INFO -- : R3T made a bet of 50 (raise) and is left with 1030 chips. The pot now contains 80 chips.
I, [2014-04-05T16:12:02.089472 #19869]  INFO -- : Player Mr Bazinga responded with 0 (200)
I, [2014-04-05T16:12:02.089933 #19869]  INFO -- : Mr Bazinga made a bet of 0 (fold) and is left with 970 chips. The pot now contains 80 chips.
I, [2014-04-05T16:12:02.091263 #19869]  INFO -- : R3T won 80
I, [2014-04-05T16:12:02.094418 #19869]  INFO -- : Player R3T responded with  (200)
I, [2014-04-05T16:12:02.096439 #19869]  INFO -- : Player Mr Bazinga responded with OK (200)
I, [2014-04-05T16:12:02.098036 #19869]  INFO -- : Player NoCo responded with  (200)
I, [2014-04-05T16:12:02.098351 #19869]  INFO -- : Mr Bazinga received hole_card 8 of Clubs
I, [2014-04-05T16:12:02.098538 #19869]  INFO -- : NoCo received hole_card 6 of Hearts
I, [2014-04-05T16:12:02.098712 #19869]  INFO -- : R3T received hole_card 6 of Clubs
I, [2014-04-05T16:12:02.098893 #19869]  INFO -- : Mr Bazinga received hole_card 10 of Spades
I, [2014-04-05T16:12:02.099055 #19869]  INFO -- : NoCo received hole_card 9 of Hearts
I, [2014-04-05T16:12:02.099229 #19869]  INFO -- : R3T received hole_card 7 of Hearts
I, [2014-04-05T16:12:02.099500 #19869]  INFO -- : Mr Bazinga made a bet of 10 (raise) and is left with 960 chips. The pot now contains 10 chips.
I, [2014-04-05T16:12:02.099733 #19869]  INFO -- : NoCo made a bet of 20 (raise) and is left with 900 chips. The pot now contains 30 chips.
I, [2014-04-05T16:12:02.102533 #19869]  INFO -- : Player R3T responded with 0 (200)
I, [2014-04-05T16:12:02.102785 #19869]  INFO -- : R3T made a bet of 0 (fold) and is left with 1110 chips. The pot now contains 30 chips.
I, [2014-04-05T16:12:02.105811 #19869]  INFO -- : Player Mr Bazinga responded with 0 (200)
I, [2014-04-05T16:12:02.106466 #19869]  INFO -- : Mr Bazinga made a bet of 0 (fold) and is left with 960 chips. The pot now contains 30 chips.
I, [2014-04-05T16:12:02.109799 #19869]  INFO -- : Player NoCo responded with 80 (200)
I, [2014-04-05T16:12:02.110342 #19869]  INFO -- : NoCo made a bet of 80 (raise) and is left with 820 chips. The pot now contains 110 chips.
I, [2014-04-05T16:12:02.111218 #19869]  INFO -- : NoCo won 110
I, [2014-04-05T16:12:02.116894 #19869]  INFO -- : Player R3T responded with  (200)
I, [2014-04-05T16:12:02.120848 #19869]  INFO -- : Player Mr Bazinga responded with OK (200)
I, [2014-04-05T16:12:02.125618 #19869]  INFO -- : Player NoCo responded with  (200)
I, [2014-04-05T16:12:02.126151 #19869]  INFO -- : NoCo received hole_card King of Diamonds
I, [2014-04-05T16:12:02.126458 #19869]  INFO -- : R3T received hole_card 7 of Diamonds
I, [2014-04-05T16:12:02.126908 #19869]  INFO -- : Mr Bazinga received hole_card 9 of Spades
I, [2014-04-05T16:12:02.127343 #19869]  INFO -- : NoCo received hole_card Queen of Hearts
I, [2014-04-05T16:12:02.127842 #19869]  INFO -- : R3T received hole_card 8 of Spades
I, [2014-04-05T16:12:02.128315 #19869]  INFO -- : Mr Bazinga received hole_card 6 of Hearts
I, [2014-04-05T16:12:02.128582 #19869]  INFO -- : NoCo made a bet of 10 (raise) and is left with 920 chips. The pot now contains 10 chips.
I, [2014-04-05T16:12:02.128804 #19869]  INFO -- : R3T made a bet of 20 (raise) and is left with 1090 chips. The pot now contains 30 chips.
I, [2014-04-05T16:12:02.132374 #19869]  INFO -- : Player Mr Bazinga responded with 0 (200)
I, [2014-04-05T16:12:02.132852 #19869]  INFO -- : Mr Bazinga made a bet of 0 (fold) and is left with 960 chips. The pot now contains 30 chips.
I, [2014-04-05T16:12:02.136950 #19869]  INFO -- : Player NoCo responded with 1840 (200)
I, [2014-04-05T16:12:02.137616 #19869]  INFO -- : NoCo made a bet of 920 (allin) and is left with 0 chips. The pot now contains 950 chips.
I, [2014-04-05T16:12:02.142746 #19869]  INFO -- : Player R3T responded with 0 (200)
I, [2014-04-05T16:12:02.143315 #19869]  INFO -- : R3T made a bet of 0 (fold) and is left with 1090 chips. The pot now contains 950 chips.
I, [2014-04-05T16:12:02.144290 #19869]  INFO -- : NoCo won 950
I, [2014-04-05T16:12:02.148608 #19869]  INFO -- : Player R3T responded with  (200)
I, [2014-04-05T16:12:02.156153 #19869]  INFO -- : Player Mr Bazinga responded with OK (200)
I, [2014-04-05T16:12:02.161137 #19869]  INFO -- : Player NoCo responded with  (200)
I, [2014-04-05T16:12:02.162105 #19869]  INFO -- : R3T received hole_card 7 of Hearts
I, [2014-04-05T16:12:02.162741 #19869]  INFO -- : Mr Bazinga received hole_card 8 of Spades
I, [2014-04-05T16:12:02.163314 #19869]  INFO -- : NoCo received hole_card 5 of Clubs
I, [2014-04-05T16:12:02.163908 #19869]  INFO -- : R3T received hole_card Queen of Diamonds
I, [2014-04-05T16:12:02.164548 #19869]  INFO -- : Mr Bazinga received hole_card 5 of Hearts
I, [2014-04-05T16:12:02.165225 #19869]  INFO -- : NoCo received hole_card 6 of Hearts
I, [2014-04-05T16:12:02.166196 #19869]  INFO -- : R3T made a bet of 10 (raise) and is left with 1080 chips. The pot now contains 10 chips.
I, [2014-04-05T16:12:02.167011 #19869]  INFO -- : Mr Bazinga made a bet of 20 (raise) and is left with 940 chips. The pot now contains 30 chips.
I, [2014-04-05T16:12:02.172185 #19869]  INFO -- : Player NoCo responded with 0 (200)
I, [2014-04-05T16:12:02.172857 #19869]  INFO -- : NoCo made a bet of 0 (fold) and is left with 950 chips. The pot now contains 30 chips.
I, [2014-04-05T16:12:02.178482 #19869]  INFO -- : Player R3T responded with 0 (200)
I, [2014-04-05T16:12:02.178895 #19869]  INFO -- : R3T made a bet of 0 (fold) and is left with 1080 chips. The pot now contains 30 chips.
I, [2014-04-05T16:12:02.183838 #19869]  INFO -- : Player Mr Bazinga responded with 0 (200)
I, [2014-04-05T16:12:02.184602 #19869]  INFO -- : Mr Bazinga made a bet of 0 (check) and is left with 940 chips. The pot now contains 30 chips.
I, [2014-04-05T16:12:02.185818 #19869]  INFO -- : Mr Bazinga won 30
I, [2014-04-05T16:12:02.192597 #19869]  INFO -- : Player R3T responded with  (200)
I, [2014-04-05T16:12:02.194970 #19869]  INFO -- : Player Mr Bazinga responded with OK (200)
I, [2014-04-05T16:12:02.198329 #19869]  INFO -- : Player NoCo responded with  (200)
I, [2014-04-05T16:12:02.199335 #19869]  INFO -- : Mr Bazinga received hole_card Queen of Hearts
I, [2014-04-05T16:12:02.200094 #19869]  INFO -- : NoCo received hole_card 2 of Diamonds
I, [2014-04-05T16:12:02.200733 #19869]  INFO -- : R3T received hole_card 2 of Clubs
I, [2014-04-05T16:12:02.201427 #19869]  INFO -- : Mr Bazinga received hole_card Queen of Spades
I, [2014-04-05T16:12:02.202049 #19869]  INFO -- : NoCo received hole_card 2 of Hearts
I, [2014-04-05T16:12:02.202669 #19869]  INFO -- : R3T received hole_card 9 of Hearts
I, [2014-04-05T16:12:02.203762 #19869]  INFO -- : Mr Bazinga made a bet of 20 (raise) and is left with 950 chips. The pot now contains 20 chips.
I, [2014-04-05T16:12:02.204768 #19869]  INFO -- : NoCo made a bet of 40 (raise) and is left with 910 chips. The pot now contains 60 chips.
I, [2014-04-05T16:12:02.209389 #19869]  INFO -- : Player R3T responded with 0 (200)
I, [2014-04-05T16:12:02.209705 #19869]  INFO -- : R3T made a bet of 0 (fold) and is left with 1080 chips. The pot now contains 60 chips.
I, [2014-04-05T16:12:02.213572 #19869]  INFO -- : Player Mr Bazinga responded with 240 (200)
I, [2014-04-05T16:12:02.214253 #19869]  INFO -- : Mr Bazinga made a bet of 240 (raise) and is left with 710 chips. The pot now contains 300 chips.
I, [2014-04-05T16:12:02.217844 #19869]  INFO -- : Player NoCo responded with 0 (200)
I, [2014-04-05T16:12:02.218322 #19869]  INFO -- : NoCo made a bet of 0 (fold) and is left with 910 chips. The pot now contains 300 chips.
I, [2014-04-05T16:12:02.219415 #19869]  INFO -- : Mr Bazinga won 300
I, [2014-04-05T16:12:02.225899 #19869]  INFO -- : Player R3T responded with  (200)
I, [2014-04-05T16:12:02.229662 #19869]  INFO -- : Player Mr Bazinga responded with OK (200)
I, [2014-04-05T16:12:02.234417 #19869]  INFO -- : Player NoCo responded with  (200)
I, [2014-04-05T16:12:02.235369 #19869]  INFO -- : NoCo received hole_card 5 of Spades
I, [2014-04-05T16:12:02.235927 #19869]  INFO -- : R3T received hole_card Ace of Hearts
I, [2014-04-05T16:12:02.236605 #19869]  INFO -- : Mr Bazinga received hole_card 7 of Clubs
I, [2014-04-05T16:12:02.237110 #19869]  INFO -- : NoCo received hole_card 2 of Clubs
I, [2014-04-05T16:12:02.237386 #19869]  INFO -- : R3T received hole_card Ace of Spades
I, [2014-04-05T16:12:02.237642 #19869]  INFO -- : Mr Bazinga received hole_card Jack of Hearts
I, [2014-04-05T16:12:02.238048 #19869]  INFO -- : NoCo made a bet of 20 (raise) and is left with 890 chips. The pot now contains 20 chips.
I, [2014-04-05T16:12:02.238369 #19869]  INFO -- : R3T made a bet of 40 (raise) and is left with 1040 chips. The pot now contains 60 chips.
I, [2014-04-05T16:12:02.242422 #19869]  INFO -- : Player Mr Bazinga responded with 0 (200)
I, [2014-04-05T16:12:02.243271 #19869]  INFO -- : Mr Bazinga made a bet of 0 (fold) and is left with 1010 chips. The pot now contains 60 chips.
I, [2014-04-05T16:12:02.247213 #19869]  INFO -- : Player NoCo responded with 0 (200)
I, [2014-04-05T16:12:02.247767 #19869]  INFO -- : NoCo made a bet of 0 (fold) and is left with 890 chips. The pot now contains 60 chips.
I, [2014-04-05T16:12:02.252707 #19869]  INFO -- : Player R3T responded with 100 (200)
I, [2014-04-05T16:12:02.253310 #19869]  INFO -- : R3T made a bet of 100 (raise) and is left with 940 chips. The pot now contains 160 chips.
I, [2014-04-05T16:12:02.254611 #19869]  INFO -- : R3T won 160
I, [2014-04-05T16:12:02.258420 #19869]  INFO -- : Player R3T responded with  (200)
I, [2014-04-05T16:12:02.260772 #19869]  INFO -- : Player Mr Bazinga responded with OK (200)
I, [2014-04-05T16:12:02.262728 #19869]  INFO -- : Player NoCo responded with  (200)
I, [2014-04-05T16:12:02.263056 #19869]  INFO -- : R3T received hole_card 2 of Clubs
I, [2014-04-05T16:12:02.263252 #19869]  INFO -- : Mr Bazinga received hole_card 4 of Spades
I, [2014-04-05T16:12:02.263437 #19869]  INFO -- : NoCo received hole_card 8 of Diamonds
I, [2014-04-05T16:12:02.263644 #19869]  INFO -- : R3T received hole_card 7 of Hearts
I, [2014-04-05T16:12:02.263893 #19869]  INFO -- : Mr Bazinga received hole_card Jack of Spades
I, [2014-04-05T16:12:02.264199 #19869]  INFO -- : NoCo received hole_card 8 of Clubs
I, [2014-04-05T16:12:02.264660 #19869]  INFO -- : R3T made a bet of 20 (raise) and is left with 1080 chips. The pot now contains 20 chips.
I, [2014-04-05T16:12:02.265202 #19869]  INFO -- : Mr Bazinga made a bet of 40 (raise) and is left with 970 chips. The pot now contains 60 chips.
I, [2014-04-05T16:12:02.268629 #19869]  INFO -- : Player NoCo responded with 1780 (200)
I, [2014-04-05T16:12:02.268968 #19869]  INFO -- : NoCo made a bet of 890 (allin) and is left with 0 chips. The pot now contains 950 chips.
I, [2014-04-05T16:12:02.274119 #19869]  INFO -- : Player R3T responded with 0 (200)
I, [2014-04-05T16:12:02.274483 #19869]  INFO -- : R3T made a bet of 0 (fold) and is left with 1080 chips. The pot now contains 950 chips.
I, [2014-04-05T16:12:02.277204 #19869]  INFO -- : Player Mr Bazinga responded with 1700 (200)
I, [2014-04-05T16:12:02.277715 #19869]  INFO -- : Mr Bazinga made a bet of 970 (allin) and is left with 0 chips. The pot now contains 1920 chips.
I, [2014-04-05T16:12:02.278061 #19869]  INFO -- : community card 7 of Diamonds
I, [2014-04-05T16:12:02.278376 #19869]  INFO -- : community card 7 of Spades
I, [2014-04-05T16:12:02.278682 #19869]  INFO -- : community card 10 of Hearts
I, [2014-04-05T16:12:02.279005 #19869]  INFO -- : community card 3 of Spades
I, [2014-04-05T16:12:02.279314 #19869]  INFO -- : community card Ace of Spades
I, [2014-04-05T16:12:02.279948 #19869]  INFO -- : Mr Bazinga showed 3 of Spades,4 of Spades,7 of Spades,Jack of Spades,Ace of Spades making a flush
I, [2014-04-05T16:12:02.280600 #19869]  INFO -- : Mr Bazinga won 1920
I, [2014-04-05T16:12:02.283645 #19869]  INFO -- : Player R3T responded with  (200)
I, [2014-04-05T16:12:02.285873 #19869]  INFO -- : Player Mr Bazinga responded with OK (200)
I, [2014-04-05T16:12:02.287980 #19869]  INFO -- : Player NoCo responded with  (200)
I, [2014-04-05T16:12:02.288325 #19869]  INFO -- : Mr Bazinga received hole_card 6 of Hearts
I, [2014-04-05T16:12:02.288505 #19869]  INFO -- : R3T received hole_card 5 of Hearts
I, [2014-04-05T16:12:02.288695 #19869]  INFO -- : Mr Bazinga received hole_card 8 of Hearts
I, [2014-04-05T16:12:02.288904 #19869]  INFO -- : R3T received hole_card King of Spades
I, [2014-04-05T16:12:02.289196 #19869]  INFO -- : Mr Bazinga made a bet of 20 (raise) and is left with 1900 chips. The pot now contains 20 chips.
I, [2014-04-05T16:12:02.289449 #19869]  INFO -- : R3T made a bet of 40 (raise) and is left with 1040 chips. The pot now contains 60 chips.
I, [2014-04-05T16:12:02.291122 #19869]  INFO -- : Player Mr Bazinga responded with 40 (200)
I, [2014-04-05T16:12:02.291361 #19869]  INFO -- : Mr Bazinga made a bet of 40 (raise) and is left with 1860 chips. The pot now contains 100 chips.
I, [2014-04-05T16:12:02.295049 #19869]  INFO -- : Player R3T responded with 0 (200)
I, [2014-04-05T16:12:02.295423 #19869]  INFO -- : R3T made a bet of 0 (fold) and is left with 1040 chips. The pot now contains 100 chips.
I, [2014-04-05T16:12:02.295946 #19869]  INFO -- : Mr Bazinga won 100
I, [2014-04-05T16:12:02.299383 #19869]  INFO -- : Player R3T responded with  (200)
I, [2014-04-05T16:12:02.302472 #19869]  INFO -- : Player Mr Bazinga responded with OK (200)
I, [2014-04-05T16:12:02.304367 #19869]  INFO -- : Player NoCo responded with  (200)
I, [2014-04-05T16:12:02.304706 #19869]  INFO -- : R3T received hole_card 3 of Diamonds
I, [2014-04-05T16:12:02.304883 #19869]  INFO -- : Mr Bazinga received hole_card 8 of Clubs
I, [2014-04-05T16:12:02.305038 #19869]  INFO -- : R3T received hole_card 9 of Spades
I, [2014-04-05T16:12:02.305331 #19869]  INFO -- : Mr Bazinga received hole_card 9 of Diamonds
I, [2014-04-05T16:12:02.305697 #19869]  INFO -- : R3T made a bet of 20 (raise) and is left with 1020 chips. The pot now contains 20 chips.
I, [2014-04-05T16:12:02.305928 #19869]  INFO -- : Mr Bazinga made a bet of 40 (raise) and is left with 1920 chips. The pot now contains 60 chips.
I, [2014-04-05T16:12:02.308689 #19869]  INFO -- : Player R3T responded with 0 (200)
I, [2014-04-05T16:12:02.308928 #19869]  INFO -- : R3T made a bet of 0 (fold) and is left with 1020 chips. The pot now contains 60 chips.
I, [2014-04-05T16:12:02.310577 #19869]  INFO -- : Player Mr Bazinga responded with 0 (200)
I, [2014-04-05T16:12:02.310995 #19869]  INFO -- : Mr Bazinga made a bet of 0 (check) and is left with 1920 chips. The pot now contains 60 chips.
I, [2014-04-05T16:12:02.311758 #19869]  INFO -- : Mr Bazinga won 60
I, [2014-04-05T16:12:02.314998 #19869]  INFO -- : Player R3T responded with  (200)
I, [2014-04-05T16:12:02.318433 #19869]  INFO -- : Player Mr Bazinga responded with OK (200)
I, [2014-04-05T16:12:02.320764 #19869]  INFO -- : Player NoCo responded with  (200)
I, [2014-04-05T16:12:02.321319 #19869]  INFO -- : Mr Bazinga received hole_card 4 of Diamonds
I, [2014-04-05T16:12:02.321680 #19869]  INFO -- : R3T received hole_card 3 of Hearts
I, [2014-04-05T16:12:02.322022 #19869]  INFO -- : Mr Bazinga received hole_card 8 of Diamonds
I, [2014-04-05T16:12:02.322346 #19869]  INFO -- : R3T received hole_card 9 of Spades
I, [2014-04-05T16:12:02.322777 #19869]  INFO -- : Mr Bazinga made a bet of 20 (raise) and is left with 1960 chips. The pot now contains 20 chips.
I, [2014-04-05T16:12:02.323313 #19869]  INFO -- : R3T made a bet of 40 (raise) and is left with 980 chips. The pot now contains 60 chips.
I, [2014-04-05T16:12:02.327311 #19869]  INFO -- : Player Mr Bazinga responded with 40 (200)
I, [2014-04-05T16:12:02.327639 #19869]  INFO -- : Mr Bazinga made a bet of 40 (raise) and is left with 1920 chips. The pot now contains 100 chips.
I, [2014-04-05T16:12:02.330789 #19869]  INFO -- : Player R3T responded with 0 (200)
I, [2014-04-05T16:12:02.331234 #19869]  INFO -- : R3T made a bet of 0 (fold) and is left with 980 chips. The pot now contains 100 chips.
I, [2014-04-05T16:12:02.332014 #19869]  INFO -- : Mr Bazinga won 100
I, [2014-04-05T16:12:02.336516 #19869]  INFO -- : Player R3T responded with  (200)
I, [2014-04-05T16:12:02.340494 #19869]  INFO -- : Player Mr Bazinga responded with OK (200)
I, [2014-04-05T16:12:02.344593 #19869]  INFO -- : Player NoCo responded with  (200)
I, [2014-04-05T16:12:02.345530 #19869]  INFO -- : R3T received hole_card 7 of Diamonds
I, [2014-04-05T16:12:02.346157 #19869]  INFO -- : Mr Bazinga received hole_card 8 of Diamonds
I, [2014-04-05T16:12:02.346792 #19869]  INFO -- : R3T received hole_card 5 of Hearts
I, [2014-04-05T16:12:02.347405 #19869]  INFO -- : Mr Bazinga received hole_card Ace of Diamonds
I, [2014-04-05T16:12:02.348601 #19869]  INFO -- : R3T made a bet of 20 (raise) and is left with 960 chips. The pot now contains 20 chips.
I, [2014-04-05T16:12:02.349249 #19869]  INFO -- : Mr Bazinga made a bet of 40 (raise) and is left with 1980 chips. The pot now contains 60 chips.
I, [2014-04-05T16:12:02.354966 #19869]  INFO -- : Player R3T responded with 0 (200)
I, [2014-04-05T16:12:02.355514 #19869]  INFO -- : R3T made a bet of 0 (fold) and is left with 960 chips. The pot now contains 60 chips.
I, [2014-04-05T16:12:02.360201 #19869]  INFO -- : Player Mr Bazinga responded with 20 (200)
I, [2014-04-05T16:12:02.362829 #19869]  INFO -- : Mr Bazinga made a bet of 20 (raise) and is left with 1960 chips. The pot now contains 80 chips.
I, [2014-04-05T16:12:02.364575 #19869]  INFO -- : Mr Bazinga won 80
I, [2014-04-05T16:12:02.366728 #19869]  INFO -- : Player R3T responded with  (200)
I, [2014-04-05T16:12:02.368491 #19869]  INFO -- : Player Mr Bazinga responded with OK (200)
I, [2014-04-05T16:12:02.370023 #19869]  INFO -- : Player NoCo responded with  (200)
I, [2014-04-05T16:12:02.370339 #19869]  INFO -- : Mr Bazinga received hole_card Queen of Spades
I, [2014-04-05T16:12:02.370505 #19869]  INFO -- : R3T received hole_card 2 of Diamonds
I, [2014-04-05T16:12:02.370703 #19869]  INFO -- : Mr Bazinga received hole_card 4 of Hearts
I, [2014-04-05T16:12:02.370860 #19869]  INFO -- : R3T received hole_card 7 of Spades
I, [2014-04-05T16:12:02.371124 #19869]  INFO -- : Mr Bazinga made a bet of 20 (raise) and is left with 2020 chips. The pot now contains 20 chips.
I, [2014-04-05T16:12:02.371372 #19869]  INFO -- : R3T made a bet of 40 (raise) and is left with 920 chips. The pot now contains 60 chips.
I, [2014-04-05T16:12:02.372938 #19869]  INFO -- : Player Mr Bazinga responded with 0 (200)
I, [2014-04-05T16:12:02.373224 #19869]  INFO -- : Mr Bazinga made a bet of 0 (fold) and is left with 2020 chips. The pot now contains 60 chips.
I, [2014-04-05T16:12:02.373609 #19869]  INFO -- : R3T won 60
I, [2014-04-05T16:12:02.376869 #19869]  INFO -- : Player R3T responded with  (200)
I, [2014-04-05T16:12:02.380133 #19869]  INFO -- : Player Mr Bazinga responded with OK (200)
I, [2014-04-05T16:12:02.384277 #19869]  INFO -- : Player NoCo responded with  (200)
I, [2014-04-05T16:12:02.388780 #19869]  INFO -- : R3T received hole_card 4 of Diamonds
I, [2014-04-05T16:12:02.389076 #19869]  INFO -- : Mr Bazinga received hole_card 9 of Clubs
I, [2014-04-05T16:12:02.389294 #19869]  INFO -- : R3T received hole_card Jack of Clubs
I, [2014-04-05T16:12:02.389485 #19869]  INFO -- : Mr Bazinga received hole_card 9 of Diamonds
I, [2014-04-05T16:12:02.389821 #19869]  INFO -- : R3T made a bet of 20 (raise) and is left with 960 chips. The pot now contains 20 chips.
I, [2014-04-05T16:12:02.390123 #19869]  INFO -- : Mr Bazinga made a bet of 40 (raise) and is left with 1980 chips. The pot now contains 60 chips.
I, [2014-04-05T16:12:02.393693 #19869]  INFO -- : Player R3T responded with 0 (200)
I, [2014-04-05T16:12:02.393958 #19869]  INFO -- : R3T made a bet of 0 (fold) and is left with 960 chips. The pot now contains 60 chips.
I, [2014-04-05T16:12:02.395589 #19869]  INFO -- : Player Mr Bazinga responded with 220 (200)
I, [2014-04-05T16:12:02.395795 #19869]  INFO -- : Mr Bazinga made a bet of 220 (raise) and is left with 1760 chips. The pot now contains 280 chips.
I, [2014-04-05T16:12:02.396206 #19869]  INFO -- : Mr Bazinga won 280
I, [2014-04-05T16:12:02.400458 #19869]  INFO -- : Player R3T responded with  (200)
I, [2014-04-05T16:12:02.402212 #19869]  INFO -- : Player Mr Bazinga responded with OK (200)
I, [2014-04-05T16:12:02.403921 #19869]  INFO -- : Player NoCo responded with  (200)
I, [2014-04-05T16:12:02.404294 #19869]  INFO -- : Mr Bazinga received hole_card 8 of Spades
I, [2014-04-05T16:12:02.404489 #19869]  INFO -- : R3T received hole_card Queen of Hearts
I, [2014-04-05T16:12:02.404655 #19869]  INFO -- : Mr Bazinga received hole_card 10 of Clubs
I, [2014-04-05T16:12:02.404828 #19869]  INFO -- : R3T received hole_card King of Spades
I, [2014-04-05T16:12:02.405112 #19869]  INFO -- : Mr Bazinga made a bet of 40 (raise) and is left with 2000 chips. The pot now contains 40 chips.
I, [2014-04-05T16:12:02.405348 #19869]  INFO -- : R3T made a bet of 80 (raise) and is left with 880 chips. The pot now contains 120 chips.
I, [2014-04-05T16:12:02.406924 #19869]  INFO -- : Player Mr Bazinga responded with 0 (200)
I, [2014-04-05T16:12:02.407141 #19869]  INFO -- : Mr Bazinga made a bet of 0 (fold) and is left with 2000 chips. The pot now contains 120 chips.
I, [2014-04-05T16:12:02.407485 #19869]  INFO -- : R3T won 120
I, [2014-04-05T16:12:02.409743 #19869]  INFO -- : Player R3T responded with  (200)
I, [2014-04-05T16:12:02.413444 #19869]  INFO -- : Player Mr Bazinga responded with OK (200)
I, [2014-04-05T16:12:02.415185 #19869]  INFO -- : Player NoCo responded with  (200)
I, [2014-04-05T16:12:02.415629 #19869]  INFO -- : R3T received hole_card 5 of Diamonds
I, [2014-04-05T16:12:02.415899 #19869]  INFO -- : Mr Bazinga received hole_card Jack of Clubs
I, [2014-04-05T16:12:02.416192 #19869]  INFO -- : R3T received hole_card 3 of Diamonds
I, [2014-04-05T16:12:02.416439 #19869]  INFO -- : Mr Bazinga received hole_card 3 of Clubs
I, [2014-04-05T16:12:02.416880 #19869]  INFO -- : R3T made a bet of 40 (raise) and is left with 960 chips. The pot now contains 40 chips.
I, [2014-04-05T16:12:02.417286 #19869]  INFO -- : Mr Bazinga made a bet of 80 (raise) and is left with 1920 chips. The pot now contains 120 chips.
I, [2014-04-05T16:12:02.422189 #19869]  INFO -- : Player R3T responded with 0 (200)
I, [2014-04-05T16:12:02.422571 #19869]  INFO -- : R3T made a bet of 0 (fold) and is left with 960 chips. The pot now contains 120 chips.
I, [2014-04-05T16:12:02.425864 #19869]  INFO -- : Player Mr Bazinga responded with 40 (200)
I, [2014-04-05T16:12:02.426254 #19869]  INFO -- : Mr Bazinga made a bet of 40 (raise) and is left with 1880 chips. The pot now contains 160 chips.
I, [2014-04-05T16:12:02.426659 #19869]  INFO -- : Mr Bazinga won 160
I, [2014-04-05T16:12:02.428553 #19869]  INFO -- : Player R3T responded with  (200)
I, [2014-04-05T16:12:02.430182 #19869]  INFO -- : Player Mr Bazinga responded with OK (200)
I, [2014-04-05T16:12:02.432244 #19869]  INFO -- : Player NoCo responded with  (200)
I, [2014-04-05T16:12:02.432542 #19869]  INFO -- : Mr Bazinga received hole_card 9 of Hearts
I, [2014-04-05T16:12:02.432725 #19869]  INFO -- : R3T received hole_card 10 of Clubs
I, [2014-04-05T16:12:02.433013 #19869]  INFO -- : Mr Bazinga received hole_card 8 of Clubs
I, [2014-04-05T16:12:02.433264 #19869]  INFO -- : R3T received hole_card Jack of Clubs
I, [2014-04-05T16:12:02.433549 #19869]  INFO -- : Mr Bazinga made a bet of 40 (raise) and is left with 2000 chips. The pot now contains 40 chips.
I, [2014-04-05T16:12:02.433793 #19869]  INFO -- : R3T made a bet of 80 (raise) and is left with 880 chips. The pot now contains 120 chips.
I, [2014-04-05T16:12:02.435600 #19869]  INFO -- : Player Mr Bazinga responded with 0 (200)
I, [2014-04-05T16:12:02.435938 #19869]  INFO -- : Mr Bazinga made a bet of 0 (fold) and is left with 2000 chips. The pot now contains 120 chips.
I, [2014-04-05T16:12:02.436416 #19869]  INFO -- : R3T won 120
I, [2014-04-05T16:12:02.439876 #19869]  INFO -- : Player R3T responded with  (200)
I, [2014-04-05T16:12:02.444247 #19869]  INFO -- : Player Mr Bazinga responded with OK (200)
I, [2014-04-05T16:12:02.446840 #19869]  INFO -- : Player NoCo responded with  (200)
I, [2014-04-05T16:12:02.447469 #19869]  INFO -- : R3T received hole_card 3 of Spades
I, [2014-04-05T16:12:02.447875 #19869]  INFO -- : Mr Bazinga received hole_card 4 of Spades
I, [2014-04-05T16:12:02.448240 #19869]  INFO -- : R3T received hole_card Ace of Clubs
I, [2014-04-05T16:12:02.448794 #19869]  INFO -- : Mr Bazinga received hole_card 5 of Clubs
I, [2014-04-05T16:12:02.449761 #19869]  INFO -- : R3T made a bet of 40 (raise) and is left with 960 chips. The pot now contains 40 chips.
I, [2014-04-05T16:12:02.450535 #19869]  INFO -- : Mr Bazinga made a bet of 80 (raise) and is left with 1920 chips. The pot now contains 120 chips.
I, [2014-04-05T16:12:02.455636 #19869]  INFO -- : Player R3T responded with 0 (200)
I, [2014-04-05T16:12:02.456062 #19869]  INFO -- : R3T made a bet of 0 (fold) and is left with 960 chips. The pot now contains 120 chips.
I, [2014-04-05T16:12:02.458886 #19869]  INFO -- : Player Mr Bazinga responded with 0 (200)
I, [2014-04-05T16:12:02.460463 #19869]  INFO -- : Mr Bazinga made a bet of 0 (check) and is left with 1920 chips. The pot now contains 120 chips.
I, [2014-04-05T16:12:02.461203 #19869]  INFO -- : Mr Bazinga won 120
I, [2014-04-05T16:12:02.463863 #19869]  INFO -- : Player R3T responded with  (200)
I, [2014-04-05T16:12:02.465672 #19869]  INFO -- : Player Mr Bazinga responded with OK (200)
I, [2014-04-05T16:12:02.467517 #19869]  INFO -- : Player NoCo responded with  (200)
I, [2014-04-05T16:12:02.468135 #19869]  INFO -- : Mr Bazinga received hole_card Jack of Diamonds
I, [2014-04-05T16:12:02.468461 #19869]  INFO -- : R3T received hole_card 3 of Hearts
I, [2014-04-05T16:12:02.468761 #19869]  INFO -- : Mr Bazinga received hole_card 9 of Spades
I, [2014-04-05T16:12:02.469048 #19869]  INFO -- : R3T received hole_card Queen of Diamonds
I, [2014-04-05T16:12:02.469568 #19869]  INFO -- : Mr Bazinga made a bet of 40 (raise) and is left with 2000 chips. The pot now contains 40 chips.
I, [2014-04-05T16:12:02.470003 #19869]  INFO -- : R3T made a bet of 80 (raise) and is left with 880 chips. The pot now contains 120 chips.
I, [2014-04-05T16:12:02.473115 #19869]  INFO -- : Player Mr Bazinga responded with 0 (200)
I, [2014-04-05T16:12:02.473714 #19869]  INFO -- : Mr Bazinga made a bet of 0 (fold) and is left with 2000 chips. The pot now contains 120 chips.
I, [2014-04-05T16:12:02.474423 #19869]  INFO -- : R3T won 120
I, [2014-04-05T16:12:02.480127 #19869]  INFO -- : Player R3T responded with  (200)
I, [2014-04-05T16:12:02.485690 #19869]  INFO -- : Player Mr Bazinga responded with OK (200)
I, [2014-04-05T16:12:02.488402 #19869]  INFO -- : Player NoCo responded with  (200)
I, [2014-04-05T16:12:02.488873 #19869]  INFO -- : R3T received hole_card 5 of Diamonds
I, [2014-04-05T16:12:02.489166 #19869]  INFO -- : Mr Bazinga received hole_card 8 of Diamonds
I, [2014-04-05T16:12:02.489463 #19869]  INFO -- : R3T received hole_card 10 of Hearts
I, [2014-04-05T16:12:02.489759 #19869]  INFO -- : Mr Bazinga received hole_card Ace of Spades
I, [2014-04-05T16:12:02.490314 #19869]  INFO -- : R3T made a bet of 40 (raise) and is left with 960 chips. The pot now contains 40 chips.
I, [2014-04-05T16:12:02.491099 #19869]  INFO -- : Mr Bazinga made a bet of 80 (raise) and is left with 1920 chips. The pot now contains 120 chips.
I, [2014-04-05T16:12:02.494852 #19869]  INFO -- : Player R3T responded with 0 (200)
I, [2014-04-05T16:12:02.495127 #19869]  INFO -- : R3T made a bet of 0 (fold) and is left with 960 chips. The pot now contains 120 chips.
I, [2014-04-05T16:12:02.497418 #19869]  INFO -- : Player Mr Bazinga responded with 0 (200)
I, [2014-04-05T16:12:02.497759 #19869]  INFO -- : Mr Bazinga made a bet of 0 (check) and is left with 1920 chips. The pot now contains 120 chips.
I, [2014-04-05T16:12:02.498297 #19869]  INFO -- : Mr Bazinga won 120
I, [2014-04-05T16:12:02.502919 #19869]  INFO -- : Player R3T responded with  (200)
I, [2014-04-05T16:12:02.505233 #19869]  INFO -- : Player Mr Bazinga responded with OK (200)
I, [2014-04-05T16:12:02.507228 #19869]  INFO -- : Player NoCo responded with  (200)
I, [2014-04-05T16:12:02.507708 #19869]  INFO -- : Mr Bazinga received hole_card 5 of Hearts
I, [2014-04-05T16:12:02.507890 #19869]  INFO -- : R3T received hole_card 9 of Spades
I, [2014-04-05T16:12:02.508098 #19869]  INFO -- : Mr Bazinga received hole_card King of Spades
I, [2014-04-05T16:12:02.508386 #19869]  INFO -- : R3T received hole_card King of Clubs
I, [2014-04-05T16:12:02.509003 #19869]  INFO -- : Mr Bazinga made a bet of 40 (raise) and is left with 2000 chips. The pot now contains 40 chips.
I, [2014-04-05T16:12:02.509318 #19869]  INFO -- : R3T made a bet of 80 (raise) and is left with 880 chips. The pot now contains 120 chips.
I, [2014-04-05T16:12:02.512881 #19869]  INFO -- : Player Mr Bazinga responded with 0 (200)
I, [2014-04-05T16:12:02.513350 #19869]  INFO -- : Mr Bazinga made a bet of 0 (fold) and is left with 2000 chips. The pot now contains 120 chips.
I, [2014-04-05T16:12:02.513779 #19869]  INFO -- : R3T won 120
I, [2014-04-05T16:12:02.517236 #19869]  INFO -- : Player R3T responded with  (200)
I, [2014-04-05T16:12:02.520645 #19869]  INFO -- : Player Mr Bazinga responded with OK (200)
I, [2014-04-05T16:12:02.524115 #19869]  INFO -- : Player NoCo responded with  (200)
I, [2014-04-05T16:12:02.524629 #19869]  INFO -- : R3T received hole_card King of Clubs
I, [2014-04-05T16:12:02.524951 #19869]  INFO -- : Mr Bazinga received hole_card 2 of Clubs
I, [2014-04-05T16:12:02.525381 #19869]  INFO -- : R3T received hole_card 8 of Spades
I, [2014-04-05T16:12:02.526201 #19869]  INFO -- : Mr Bazinga received hole_card 9 of Hearts
I, [2014-04-05T16:12:02.527546 #19869]  INFO -- : R3T made a bet of 40 (raise) and is left with 960 chips. The pot now contains 40 chips.
I, [2014-04-05T16:12:02.528191 #19869]  INFO -- : Mr Bazinga made a bet of 80 (raise) and is left with 1920 chips. The pot now contains 120 chips.
I, [2014-04-05T16:12:02.530654 #19869]  INFO -- : Player R3T responded with 0 (200)
I, [2014-04-05T16:12:02.530961 #19869]  INFO -- : R3T made a bet of 0 (fold) and is left with 960 chips. The pot now contains 120 chips.
I, [2014-04-05T16:12:02.532729 #19869]  INFO -- : Player Mr Bazinga responded with 0 (200)
I, [2014-04-05T16:12:02.533067 #19869]  INFO -- : Mr Bazinga made a bet of 0 (check) and is left with 1920 chips. The pot now contains 120 chips.
I, [2014-04-05T16:12:02.533875 #19869]  INFO -- : Mr Bazinga won 120
I, [2014-04-05T16:12:02.536395 #19869]  INFO -- : Player R3T responded with  (200)
I, [2014-04-05T16:12:02.539052 #19869]  INFO -- : Player Mr Bazinga responded with OK (200)
I, [2014-04-05T16:12:02.543856 #19869]  INFO -- : Player NoCo responded with  (200)
I, [2014-04-05T16:12:02.544345 #19869]  INFO -- : Mr Bazinga received hole_card 9 of Clubs
I, [2014-04-05T16:12:02.544658 #19869]  INFO -- : R3T received hole_card 4 of Spades
I, [2014-04-05T16:12:02.544952 #19869]  INFO -- : Mr Bazinga received hole_card Jack of Diamonds
I, [2014-04-05T16:12:02.545243 #19869]  INFO -- : R3T received hole_card Queen of Diamonds
I, [2014-04-05T16:12:02.545829 #19869]  INFO -- : Mr Bazinga made a bet of 40 (raise) and is left with 2000 chips. The pot now contains 40 chips.
I, [2014-04-05T16:12:02.546461 #19869]  INFO -- : R3T made a bet of 80 (raise) and is left with 880 chips. The pot now contains 120 chips.
I, [2014-04-05T16:12:02.549797 #19869]  INFO -- : Player Mr Bazinga responded with 0 (200)
I, [2014-04-05T16:12:02.550179 #19869]  INFO -- : Mr Bazinga made a bet of 0 (fold) and is left with 2000 chips. The pot now contains 120 chips.
I, [2014-04-05T16:12:02.550771 #19869]  INFO -- : R3T won 120
I, [2014-04-05T16:12:02.554255 #19869]  INFO -- : Player R3T responded with  (200)
I, [2014-04-05T16:12:02.559029 #19869]  INFO -- : Player Mr Bazinga responded with OK (200)
I, [2014-04-05T16:12:02.561397 #19869]  INFO -- : Player NoCo responded with  (200)
I, [2014-04-05T16:12:02.561865 #19869]  INFO -- : R3T received hole_card 9 of Hearts
I, [2014-04-05T16:12:02.562136 #19869]  INFO -- : Mr Bazinga received hole_card Jack of Hearts
I, [2014-04-05T16:12:02.562476 #19869]  INFO -- : R3T received hole_card King of Diamonds
I, [2014-04-05T16:12:02.562781 #19869]  INFO -- : Mr Bazinga received hole_card 5 of Clubs
I, [2014-04-05T16:12:02.563254 #19869]  INFO -- : R3T made a bet of 80 (raise) and is left with 920 chips. The pot now contains 80 chips.
I, [2014-04-05T16:12:02.563679 #19869]  INFO -- : Mr Bazinga made a bet of 160 (raise) and is left with 1840 chips. The pot now contains 240 chips.
I, [2014-04-05T16:12:02.567374 #19869]  INFO -- : Player R3T responded with 0 (200)
I, [2014-04-05T16:12:02.567603 #19869]  INFO -- : R3T made a bet of 0 (fold) and is left with 920 chips. The pot now contains 240 chips.
I, [2014-04-05T16:12:02.569723 #19869]  INFO -- : Player Mr Bazinga responded with 0 (200)
I, [2014-04-05T16:12:02.570018 #19869]  INFO -- : Mr Bazinga made a bet of 0 (check) and is left with 1840 chips. The pot now contains 240 chips.
I, [2014-04-05T16:12:02.570583 #19869]  INFO -- : Mr Bazinga won 240
I, [2014-04-05T16:12:02.573370 #19869]  INFO -- : Player R3T responded with  (200)
I, [2014-04-05T16:12:02.577647 #19869]  INFO -- : Player Mr Bazinga responded with OK (200)
I, [2014-04-05T16:12:02.582135 #19869]  INFO -- : Player NoCo responded with  (200)
I, [2014-04-05T16:12:02.582517 #19869]  INFO -- : Mr Bazinga received hole_card Jack of Diamonds
I, [2014-04-05T16:12:02.582724 #19869]  INFO -- : R3T received hole_card Queen of Clubs
I, [2014-04-05T16:12:02.582934 #19869]  INFO -- : Mr Bazinga received hole_card 9 of Clubs
I, [2014-04-05T16:12:02.583115 #19869]  INFO -- : R3T received hole_card 3 of Hearts
I, [2014-04-05T16:12:02.583446 #19869]  INFO -- : Mr Bazinga made a bet of 80 (raise) and is left with 2000 chips. The pot now contains 80 chips.
I, [2014-04-05T16:12:02.583719 #19869]  INFO -- : R3T made a bet of 160 (raise) and is left with 760 chips. The pot now contains 240 chips.
I, [2014-04-05T16:12:02.585519 #19869]  INFO -- : Player Mr Bazinga responded with 0 (200)
I, [2014-04-05T16:12:02.585812 #19869]  INFO -- : Mr Bazinga made a bet of 0 (fold) and is left with 2000 chips. The pot now contains 240 chips.
I, [2014-04-05T16:12:02.586438 #19869]  INFO -- : R3T won 240
I, [2014-04-05T16:12:02.589534 #19869]  INFO -- : Player R3T responded with  (200)
I, [2014-04-05T16:12:02.593212 #19869]  INFO -- : Player Mr Bazinga responded with OK (200)
I, [2014-04-05T16:12:02.595655 #19869]  INFO -- : Player NoCo responded with  (200)
I, [2014-04-05T16:12:02.596014 #19869]  INFO -- : R3T received hole_card 6 of Hearts
I, [2014-04-05T16:12:02.596250 #19869]  INFO -- : Mr Bazinga received hole_card 9 of Hearts
I, [2014-04-05T16:12:02.596444 #19869]  INFO -- : R3T received hole_card 8 of Hearts
I, [2014-04-05T16:12:02.596640 #19869]  INFO -- : Mr Bazinga received hole_card Jack of Spades
I, [2014-04-05T16:12:02.596933 #19869]  INFO -- : R3T made a bet of 80 (raise) and is left with 920 chips. The pot now contains 80 chips.
I, [2014-04-05T16:12:02.597190 #19869]  INFO -- : Mr Bazinga made a bet of 160 (raise) and is left with 1840 chips. The pot now contains 240 chips.
I, [2014-04-05T16:12:02.600286 #19869]  INFO -- : Player R3T responded with 0 (200)
I, [2014-04-05T16:12:02.600612 #19869]  INFO -- : R3T made a bet of 0 (fold) and is left with 920 chips. The pot now contains 240 chips.
I, [2014-04-05T16:12:02.603432 #19869]  INFO -- : Player Mr Bazinga responded with 0 (200)
I, [2014-04-05T16:12:02.603866 #19869]  INFO -- : Mr Bazinga made a bet of 0 (check) and is left with 1840 chips. The pot now contains 240 chips.
I, [2014-04-05T16:12:02.605317 #19869]  INFO -- : Mr Bazinga won 240
I, [2014-04-05T16:12:02.610158 #19869]  INFO -- : Player R3T responded with  (200)
I, [2014-04-05T16:12:02.615454 #19869]  INFO -- : Player Mr Bazinga responded with OK (200)
I, [2014-04-05T16:12:02.618970 #19869]  INFO -- : Player NoCo responded with  (200)
I, [2014-04-05T16:12:02.619551 #19869]  INFO -- : Mr Bazinga received hole_card Queen of Hearts
I, [2014-04-05T16:12:02.619921 #19869]  INFO -- : R3T received hole_card Queen of Clubs
I, [2014-04-05T16:12:02.620270 #19869]  INFO -- : Mr Bazinga received hole_card Jack of Hearts
I, [2014-04-05T16:12:02.620632 #19869]  INFO -- : R3T received hole_card 10 of Hearts
I, [2014-04-05T16:12:02.621157 #19869]  INFO -- : Mr Bazinga made a bet of 80 (raise) and is left with 2000 chips. The pot now contains 80 chips.
I, [2014-04-05T16:12:02.621659 #19869]  INFO -- : R3T made a bet of 160 (raise) and is left with 760 chips. The pot now contains 240 chips.
I, [2014-04-05T16:12:02.624690 #19869]  INFO -- : Player Mr Bazinga responded with 360 (200)
I, [2014-04-05T16:12:02.625136 #19869]  INFO -- : Mr Bazinga made a bet of 360 (raise) and is left with 1640 chips. The pot now contains 600 chips.
I, [2014-04-05T16:12:02.631907 #19869]  INFO -- : Player R3T responded with 0 (200)
I, [2014-04-05T16:12:02.632786 #19869]  INFO -- : R3T made a bet of 0 (fold) and is left with 760 chips. The pot now contains 600 chips.
I, [2014-04-05T16:12:02.633402 #19869]  INFO -- : Mr Bazinga won 600
I, [2014-04-05T16:12:02.641922 #19869]  INFO -- : Player R3T responded with  (200)
I, [2014-04-05T16:12:02.646887 #19869]  INFO -- : Player Mr Bazinga responded with OK (200)
I, [2014-04-05T16:12:02.651233 #19869]  INFO -- : Player NoCo responded with  (200)
I, [2014-04-05T16:12:02.651857 #19869]  INFO -- : R3T received hole_card 2 of Diamonds
I, [2014-04-05T16:12:02.652266 #19869]  INFO -- : Mr Bazinga received hole_card 8 of Diamonds
I, [2014-04-05T16:12:02.652635 #19869]  INFO -- : R3T received hole_card 10 of Diamonds
I, [2014-04-05T16:12:02.652994 #19869]  INFO -- : Mr Bazinga received hole_card 2 of Hearts
I, [2014-04-05T16:12:02.653583 #19869]  INFO -- : R3T made a bet of 80 (raise) and is left with 680 chips. The pot now contains 80 chips.
I, [2014-04-05T16:12:02.654130 #19869]  INFO -- : Mr Bazinga made a bet of 160 (raise) and is left with 2080 chips. The pot now contains 240 chips.
I, [2014-04-05T16:12:02.657823 #19869]  INFO -- : Player R3T responded with 0 (200)
I, [2014-04-05T16:12:02.658271 #19869]  INFO -- : R3T made a bet of 0 (fold) and is left with 680 chips. The pot now contains 240 chips.
I, [2014-04-05T16:12:02.661030 #19869]  INFO -- : Player Mr Bazinga responded with 0 (200)
I, [2014-04-05T16:12:02.661375 #19869]  INFO -- : Mr Bazinga made a bet of 0 (check) and is left with 2080 chips. The pot now contains 240 chips.
I, [2014-04-05T16:12:02.661939 #19869]  INFO -- : Mr Bazinga won 240
I, [2014-04-05T16:12:02.667957 #19869]  INFO -- : Player R3T responded with  (200)
I, [2014-04-05T16:12:02.676342 #19869]  INFO -- : Player Mr Bazinga responded with OK (200)
I, [2014-04-05T16:12:02.679671 #19869]  INFO -- : Player NoCo responded with  (200)
I, [2014-04-05T16:12:02.679975 #19869]  INFO -- : Mr Bazinga received hole_card 10 of Hearts
I, [2014-04-05T16:12:02.680159 #19869]  INFO -- : R3T received hole_card King of Hearts
I, [2014-04-05T16:12:02.680326 #19869]  INFO -- : Mr Bazinga received hole_card 8 of Hearts
I, [2014-04-05T16:12:02.680476 #19869]  INFO -- : R3T received hole_card 2 of Hearts
I, [2014-04-05T16:12:02.680740 #19869]  INFO -- : Mr Bazinga made a bet of 80 (raise) and is left with 2240 chips. The pot now contains 80 chips.
I, [2014-04-05T16:12:02.680965 #19869]  INFO -- : R3T made a bet of 160 (raise) and is left with 520 chips. The pot now contains 240 chips.
I, [2014-04-05T16:12:02.688615 #19869]  INFO -- : Player Mr Bazinga responded with 160 (200)
I, [2014-04-05T16:12:02.688887 #19869]  INFO -- : Mr Bazinga made a bet of 160 (raise) and is left with 2080 chips. The pot now contains 400 chips.
I, [2014-04-05T16:12:02.691471 #19869]  INFO -- : Player R3T responded with 400 (200)
I, [2014-04-05T16:12:02.691689 #19869]  INFO -- : R3T made a bet of 400 (raise) and is left with 120 chips. The pot now contains 800 chips.
I, [2014-04-05T16:12:02.693393 #19869]  INFO -- : Player Mr Bazinga responded with 640 (200)
I, [2014-04-05T16:12:02.693590 #19869]  INFO -- : Mr Bazinga made a bet of 640 (raise) and is left with 1440 chips. The pot now contains 1440 chips.
I, [2014-04-05T16:12:02.695853 #19869]  INFO -- : Player R3T responded with 1520 (200)
I, [2014-04-05T16:12:02.696122 #19869]  INFO -- : R3T made a bet of 120 (allin) and is left with 0 chips. The pot now contains 1560 chips.
I, [2014-04-05T16:12:02.696343 #19869]  INFO -- : community card 10 of Clubs
I, [2014-04-05T16:12:02.696519 #19869]  INFO -- : community card 7 of Spades
I, [2014-04-05T16:12:02.696693 #19869]  INFO -- : community card 3 of Hearts
I, [2014-04-05T16:12:02.696909 #19869]  INFO -- : community card 9 of Hearts
I, [2014-04-05T16:12:02.697307 #19869]  INFO -- : community card Queen of Spades
I, [2014-04-05T16:12:02.698358 #19869]  INFO -- : Mr Bazinga showed 8 of Hearts,9 of Hearts,10 of Hearts,10 of Clubs,Queen of Spades making a pair
I, [2014-04-05T16:12:02.699090 #19869]  INFO -- : Mr Bazinga won 1560
I, [2014-04-05T16:12:02.704388 #19869]  INFO -- : Player R3T responded with  (200)
I, [2014-04-05T16:12:02.708690 #19869]  INFO -- : Player Mr Bazinga responded with OK (200)
I, [2014-04-05T16:12:02.712296 #19869]  INFO -- : Player NoCo responded with  (200)
