# Logfile created on 2014-04-05 13:40:47 +0200 by logger.rb/44203
I, [2014-04-05T13:40:47.992801 #16217]  INFO -- : Reseting R3T to origin/master
I, [2014-04-05T13:40:48.839235 #16217]  INFO -- : Reseting Mr Bazinga to origin/master
I, [2014-04-05T13:40:49.719028 #16217]  INFO -- : Reseting NoCo to origin/master
I, [2014-04-05T13:40:50.538694 #16217]  INFO -- : Connected R3T at http://localhost:8080/
I, [2014-04-05T13:40:50.540479 #16217]  INFO -- : Connected Mr Bazinga at http://localhost:1337/
I, [2014-04-05T13:40:50.542812 #16217]  INFO -- : Connected NoCo at http://localhost:8000/player_service.php
E, [2014-04-05T13:40:50.544126 #16217] ERROR -- : Connection refused - connect(2) for "localhost" port 8080
E, [2014-04-05T13:40:50.544274 #16217] ERROR -- : Player R3T is unreachable
I, [2014-04-05T13:40:50.544379 #16217]  INFO -- : Waiting for players to start
E, [2014-04-05T13:40:51.545028 #16217] ERROR -- : Connection refused - connect(2) for "localhost" port 8080
E, [2014-04-05T13:40:51.545208 #16217] ERROR -- : Player R3T is unreachable
I, [2014-04-05T13:40:51.545317 #16217]  INFO -- : Waiting for players to start
E, [2014-04-05T13:40:52.546405 #16217] ERROR -- : Connection refused - connect(2) for "localhost" port 8080
E, [2014-04-05T13:40:52.546621 #16217] ERROR -- : Player R3T is unreachable
I, [2014-04-05T13:40:52.546733 #16217]  INFO -- : Waiting for players to start
E, [2014-04-05T13:40:53.547823 #16217] ERROR -- : Connection refused - connect(2) for "localhost" port 8080
E, [2014-04-05T13:40:53.548027 #16217] ERROR -- : Player R3T is unreachable
I, [2014-04-05T13:40:53.548133 #16217]  INFO -- : Waiting for players to start
E, [2014-04-05T13:40:54.553222 #16217] ERROR -- : Connection refused - connect(2) for "localhost" port 8080
E, [2014-04-05T13:40:54.553411 #16217] ERROR -- : Player R3T is unreachable
I, [2014-04-05T13:40:54.553516 #16217]  INFO -- : Waiting for players to start
E, [2014-04-05T13:40:55.554163 #16217] ERROR -- : Connection refused - connect(2) for "localhost" port 8080
E, [2014-04-05T13:40:55.554439 #16217] ERROR -- : Player R3T is unreachable
I, [2014-04-05T13:40:55.554617 #16217]  INFO -- : Waiting for players to start
E, [2014-04-05T13:40:56.568154 #16217] ERROR -- : Connection refused - connect(2) for "localhost" port 8080
E, [2014-04-05T13:40:56.568367 #16217] ERROR -- : Player R3T is unreachable
I, [2014-04-05T13:40:56.568475 #16217]  INFO -- : Waiting for players to start
E, [2014-04-05T13:40:57.572184 #16217] ERROR -- : Connection refused - connect(2) for "localhost" port 8080
E, [2014-04-05T13:40:57.572385 #16217] ERROR -- : Player R3T is unreachable
I, [2014-04-05T13:40:57.572491 #16217]  INFO -- : Waiting for players to start
E, [2014-04-05T13:40:58.573162 #16217] ERROR -- : Connection refused - connect(2) for "localhost" port 8080
E, [2014-04-05T13:40:58.573288 #16217] ERROR -- : Player R3T is unreachable
I, [2014-04-05T13:40:58.573358 #16217]  INFO -- : Waiting for players to start
E, [2014-04-05T13:40:59.573912 #16217] ERROR -- : Connection refused - connect(2) for "localhost" port 8080
E, [2014-04-05T13:40:59.574131 #16217] ERROR -- : Player R3T is unreachable
I, [2014-04-05T13:40:59.574236 #16217]  INFO -- : Waiting for players to start
E, [2014-04-05T13:41:00.574858 #16217] ERROR -- : Connection refused - connect(2) for "localhost" port 8080
E, [2014-04-05T13:41:00.575028 #16217] ERROR -- : Player R3T is unreachable
I, [2014-04-05T13:41:00.575187 #16217]  INFO -- : Waiting for players to start
E, [2014-04-05T13:41:01.575772 #16217] ERROR -- : Connection refused - connect(2) for "localhost" port 8080
E, [2014-04-05T13:41:01.576053 #16217] ERROR -- : Player R3T is unreachable
I, [2014-04-05T13:41:01.576226 #16217]  INFO -- : Waiting for players to start
E, [2014-04-05T13:41:02.576971 #16217] ERROR -- : Connection refused - connect(2) for "localhost" port 8080
E, [2014-04-05T13:41:02.577110 #16217] ERROR -- : Player R3T is unreachable
I, [2014-04-05T13:41:02.577222 #16217]  INFO -- : Waiting for players to start
E, [2014-04-05T13:41:03.577848 #16217] ERROR -- : Connection refused - connect(2) for "localhost" port 8080
E, [2014-04-05T13:41:03.578013 #16217] ERROR -- : Player R3T is unreachable
I, [2014-04-05T13:41:03.578097 #16217]  INFO -- : Waiting for players to start
E, [2014-04-05T13:41:04.578642 #16217] ERROR -- : Connection refused - connect(2) for "localhost" port 8080
E, [2014-04-05T13:41:04.578814 #16217] ERROR -- : Player R3T is unreachable
I, [2014-04-05T13:41:04.578866 #16217]  INFO -- : Waiting for players to start
E, [2014-04-05T13:41:05.579376 #16217] ERROR -- : Connection refused - connect(2) for "localhost" port 8080
E, [2014-04-05T13:41:05.579489 #16217] ERROR -- : Player R3T is unreachable
I, [2014-04-05T13:41:05.579540 #16217]  INFO -- : Waiting for players to start
E, [2014-04-05T13:41:07.081638 #16217] ERROR -- : Net::ReadTimeout
E, [2014-04-05T13:41:07.081768 #16217] ERROR -- : Player R3T is unreachable
I, [2014-04-05T13:41:07.081828 #16217]  INFO -- : Waiting for players to start
I, [2014-04-05T13:41:08.335920 #16217]  INFO -- : Player R3T responded with  (200)
I, [2014-04-05T13:41:08.354658 #16217]  INFO -- : Player Mr Bazinga responded with OK (200)
I, [2014-04-05T13:41:08.356878 #16217]  INFO -- : Player NoCo responded with  (200)
I, [2014-04-05T13:41:08.357059 #16217]  INFO -- : Players are running
I, [2014-04-05T13:41:08.381533 #16217]  INFO -- : Player R3T responded with v0.2 always in (200)
I, [2014-04-05T13:41:08.384079 #16217]  INFO -- : Player Mr Bazinga responded with Mr Bazinga PreFlop Version (200)
I, [2014-04-05T13:41:08.385420 #16217]  INFO -- : Player NoCo responded with NoCo1300 (200)
I, [2014-04-05T13:41:08.385767 #16217]  INFO -- : R3T received hole_card 8 of Clubs
I, [2014-04-05T13:41:08.385942 #16217]  INFO -- : Mr Bazinga received hole_card 6 of Spades
I, [2014-04-05T13:41:08.386134 #16217]  INFO -- : NoCo received hole_card 2 of Diamonds
I, [2014-04-05T13:41:08.386328 #16217]  INFO -- : R3T received hole_card 4 of Hearts
I, [2014-04-05T13:41:08.386484 #16217]  INFO -- : Mr Bazinga received hole_card 9 of Clubs
I, [2014-04-05T13:41:08.386681 #16217]  INFO -- : NoCo received hole_card 3 of Spades
I, [2014-04-05T13:41:08.388227 #16217]  INFO -- : R3T made a bet of 10 (raise) and is left with 990 chips. The pot now contains 10 chips.
I, [2014-04-05T13:41:08.388535 #16217]  INFO -- : Mr Bazinga made a bet of 20 (raise) and is left with 980 chips. The pot now contains 30 chips.
I, [2014-04-05T13:41:08.390495 #16217]  INFO -- : Player NoCo responded with 141 (200)
I, [2014-04-05T13:41:08.390940 #16217]  INFO -- : NoCo made a bet of 141 (raise) and is left with 859 chips. The pot now contains 171 chips.
I, [2014-04-05T13:41:08.438525 #16217]  INFO -- : Player R3T responded with 141 (200)
I, [2014-04-05T13:41:08.438818 #16217]  INFO -- : R3T made a bet of 131 (call) and is left with 859 chips. The pot now contains 302 chips.
I, [2014-04-05T13:41:08.442226 #16217]  INFO -- : Player Mr Bazinga responded with 0 (200)
I, [2014-04-05T13:41:08.442581 #16217]  INFO -- : Mr Bazinga made a bet of 0 (fold) and is left with 980 chips. The pot now contains 302 chips.
I, [2014-04-05T13:41:08.443113 #16217]  INFO -- : community card Jack of Diamonds
I, [2014-04-05T13:41:08.443446 #16217]  INFO -- : community card 10 of Clubs
I, [2014-04-05T13:41:08.443768 #16217]  INFO -- : community card Jack of Hearts
I, [2014-04-05T13:41:08.461742 #16217]  INFO -- : Player R3T responded with 141 (200)
I, [2014-04-05T13:41:08.462057 #16217]  INFO -- : R3T made a bet of 141 (raise) and is left with 718 chips. The pot now contains 443 chips.
I, [2014-04-05T13:41:08.463964 #16217]  INFO -- : Player NoCo responded with 169 (200)
I, [2014-04-05T13:41:08.464316 #16217]  INFO -- : NoCo made a bet of 141 (call) and is left with 718 chips. The pot now contains 584 chips.
I, [2014-04-05T13:41:08.464984 #16217]  INFO -- : community card Ace of Clubs
I, [2014-04-05T13:41:08.478559 #16217]  INFO -- : Player R3T responded with 282 (200)
I, [2014-04-05T13:41:08.479087 #16217]  INFO -- : R3T made a bet of 282 (raise) and is left with 436 chips. The pot now contains 866 chips.
I, [2014-04-05T13:41:08.482654 #16217]  INFO -- : Player NoCo responded with 295 (200)
I, [2014-04-05T13:41:08.483038 #16217]  INFO -- : NoCo made a bet of 282 (call) and is left with 436 chips. The pot now contains 1148 chips.
I, [2014-04-05T13:41:08.483443 #16217]  INFO -- : community card 4 of Spades
I, [2014-04-05T13:41:08.496748 #16217]  INFO -- : Player R3T responded with 564 (200)
I, [2014-04-05T13:41:08.497008 #16217]  INFO -- : R3T made a bet of 436 (allin) and is left with 0 chips. The pot now contains 1584 chips.
I, [2014-04-05T13:41:08.498948 #16217]  INFO -- : Player NoCo responded with 495 (200)
I, [2014-04-05T13:41:08.499174 #16217]  INFO -- : NoCo made a bet of 436 (allin) and is left with 0 chips. The pot now contains 2020 chips.
I, [2014-04-05T13:41:08.500439 #16217]  INFO -- : R3T showed 4 of Hearts,4 of Spades,Jack of Hearts,Jack of Diamonds,Ace of Clubs making a two pairs
I, [2014-04-05T13:41:08.501636 #16217]  INFO -- : R3T won 2020
I, [2014-04-05T13:41:08.505921 #16217]  INFO -- : Player R3T responded with  (200)
I, [2014-04-05T13:41:08.508286 #16217]  INFO -- : Player Mr Bazinga responded with OK (200)
I, [2014-04-05T13:41:08.509984 #16217]  INFO -- : Player NoCo responded with  (200)
I, [2014-04-05T13:41:08.510391 #16217]  INFO -- : Mr Bazinga received hole_card 6 of Spades
I, [2014-04-05T13:41:08.510629 #16217]  INFO -- : R3T received hole_card Queen of Spades
I, [2014-04-05T13:41:08.510908 #16217]  INFO -- : Mr Bazinga received hole_card 8 of Hearts
I, [2014-04-05T13:41:08.511147 #16217]  INFO -- : R3T received hole_card Queen of Diamonds
I, [2014-04-05T13:41:08.511536 #16217]  INFO -- : Mr Bazinga made a bet of 10 (raise) and is left with 970 chips. The pot now contains 10 chips.
I, [2014-04-05T13:41:08.511949 #16217]  INFO -- : R3T made a bet of 20 (raise) and is left with 2000 chips. The pot now contains 30 chips.
I, [2014-04-05T13:41:08.515472 #16217]  INFO -- : Player Mr Bazinga responded with 0 (200)
I, [2014-04-05T13:41:08.515914 #16217]  INFO -- : Mr Bazinga made a bet of 0 (fold) and is left with 970 chips. The pot now contains 30 chips.
I, [2014-04-05T13:41:08.516793 #16217]  INFO -- : R3T won 30
I, [2014-04-05T13:41:08.520749 #16217]  INFO -- : Player R3T responded with  (200)
I, [2014-04-05T13:41:08.523257 #16217]  INFO -- : Player Mr Bazinga responded with OK (200)
I, [2014-04-05T13:41:08.526316 #16217]  INFO -- : Player NoCo responded with  (200)
I, [2014-04-05T13:41:08.526891 #16217]  INFO -- : R3T received hole_card 9 of Diamonds
I, [2014-04-05T13:41:08.527235 #16217]  INFO -- : Mr Bazinga received hole_card Jack of Spades
I, [2014-04-05T13:41:08.527584 #16217]  INFO -- : R3T received hole_card 7 of Spades
I, [2014-04-05T13:41:08.527927 #16217]  INFO -- : Mr Bazinga received hole_card 10 of Spades
I, [2014-04-05T13:41:08.528511 #16217]  INFO -- : R3T made a bet of 10 (raise) and is left with 2020 chips. The pot now contains 10 chips.
I, [2014-04-05T13:41:08.529047 #16217]  INFO -- : Mr Bazinga made a bet of 20 (raise) and is left with 950 chips. The pot now contains 30 chips.
I, [2014-04-05T13:41:08.532765 #16217]  INFO -- : Player R3T responded with 20 (200)
I, [2014-04-05T13:41:08.533472 #16217]  INFO -- : R3T made a bet of 20 (raise) and is left with 2000 chips. The pot now contains 50 chips.
I, [2014-04-05T13:41:08.535936 #16217]  INFO -- : Player Mr Bazinga responded with 70 (200)
I, [2014-04-05T13:41:08.536270 #16217]  INFO -- : Mr Bazinga made a bet of 70 (raise) and is left with 880 chips. The pot now contains 120 chips.
I, [2014-04-05T13:41:08.541905 #16217]  INFO -- : Player R3T responded with 90 (200)
I, [2014-04-05T13:41:08.542528 #16217]  INFO -- : R3T made a bet of 60 (call) and is left with 1940 chips. The pot now contains 180 chips.
I, [2014-04-05T13:41:08.542919 #16217]  INFO -- : community card 6 of Diamonds
I, [2014-04-05T13:41:08.543152 #16217]  INFO -- : community card Jack of Diamonds
I, [2014-04-05T13:41:08.543429 #16217]  INFO -- : community card 4 of Clubs
I, [2014-04-05T13:41:08.563876 #16217]  INFO -- : Player R3T responded with 90 (200)
I, [2014-04-05T13:41:08.564266 #16217]  INFO -- : R3T made a bet of 90 (raise) and is left with 1850 chips. The pot now contains 270 chips.
I, [2014-04-05T13:41:08.577401 #16217]  INFO -- : Player Mr Bazinga responded with 230 (200)
I, [2014-04-05T13:41:08.577608 #16217]  INFO -- : Mr Bazinga made a bet of 230 (raise) and is left with 650 chips. The pot now contains 500 chips.
I, [2014-04-05T13:41:08.584918 #16217]  INFO -- : Player R3T responded with 320 (200)
I, [2014-04-05T13:41:08.585158 #16217]  INFO -- : R3T made a bet of 320 (raise) and is left with 1530 chips. The pot now contains 820 chips.
I, [2014-04-05T13:41:08.587284 #16217]  INFO -- : Player Mr Bazinga responded with 410 (200)
I, [2014-04-05T13:41:08.587495 #16217]  INFO -- : Mr Bazinga made a bet of 410 (raise) and is left with 240 chips. The pot now contains 1230 chips.
I, [2014-04-05T13:41:08.599947 #16217]  INFO -- : Player R3T responded with 730 (200)
I, [2014-04-05T13:41:08.600554 #16217]  INFO -- : R3T made a bet of 730 (raise) and is left with 800 chips. The pot now contains 1960 chips.
I, [2014-04-05T13:41:08.603117 #16217]  INFO -- : Player Mr Bazinga responded with 1050 (200)
I, [2014-04-05T13:41:08.603477 #16217]  INFO -- : Mr Bazinga made a bet of 240 (allin) and is left with 0 chips. The pot now contains 2200 chips.
I, [2014-04-05T13:41:08.603883 #16217]  INFO -- : community card Ace of Diamonds
I, [2014-04-05T13:41:08.605545 #16217]  INFO -- : community card 9 of Clubs
I, [2014-04-05T13:41:08.606272 #16217]  INFO -- : R3T showed 7 of Spades,9 of Diamonds,9 of Clubs,Jack of Diamonds,Ace of Diamonds making a pair
I, [2014-04-05T13:41:08.606765 #16217]  INFO -- : Mr Bazinga showed 9 of Clubs,10 of Spades,Jack of Diamonds,Jack of Spades,Ace of Diamonds making a pair
I, [2014-04-05T13:41:08.606973 #16217]  INFO -- : Mr Bazinga won 1940
I, [2014-04-05T13:41:08.607464 #16217]  INFO -- : R3T won 260
I, [2014-04-05T13:41:08.610030 #16217]  INFO -- : Player R3T responded with  (200)
I, [2014-04-05T13:41:08.611625 #16217]  INFO -- : Player Mr Bazinga responded with OK (200)
I, [2014-04-05T13:41:08.614178 #16217]  INFO -- : Player NoCo responded with  (200)
I, [2014-04-05T13:41:08.614477 #16217]  INFO -- : Mr Bazinga received hole_card 2 of Spades
I, [2014-04-05T13:41:08.614652 #16217]  INFO -- : R3T received hole_card 5 of Clubs
I, [2014-04-05T13:41:08.614829 #16217]  INFO -- : Mr Bazinga received hole_card 6 of Diamonds
I, [2014-04-05T13:41:08.614979 #16217]  INFO -- : R3T received hole_card 4 of Diamonds
I, [2014-04-05T13:41:08.615294 #16217]  INFO -- : Mr Bazinga made a bet of 10 (raise) and is left with 1930 chips. The pot now contains 10 chips.
I, [2014-04-05T13:41:08.615517 #16217]  INFO -- : R3T made a bet of 20 (raise) and is left with 1040 chips. The pot now contains 30 chips.
I, [2014-04-05T13:41:08.619699 #16217]  INFO -- : Player Mr Bazinga responded with 0 (200)
I, [2014-04-05T13:41:08.620337 #16217]  INFO -- : Mr Bazinga made a bet of 0 (fold) and is left with 1930 chips. The pot now contains 30 chips.
I, [2014-04-05T13:41:08.621019 #16217]  INFO -- : R3T won 30
I, [2014-04-05T13:41:08.625410 #16217]  INFO -- : Player R3T responded with  (200)
I, [2014-04-05T13:41:08.628585 #16217]  INFO -- : Player Mr Bazinga responded with OK (200)
I, [2014-04-05T13:41:08.630254 #16217]  INFO -- : Player NoCo responded with  (200)
I, [2014-04-05T13:41:08.630591 #16217]  INFO -- : R3T received hole_card 4 of Hearts
I, [2014-04-05T13:41:08.631397 #16217]  INFO -- : Mr Bazinga received hole_card Ace of Spades
I, [2014-04-05T13:41:08.631856 #16217]  INFO -- : R3T received hole_card 7 of Clubs
I, [2014-04-05T13:41:08.632196 #16217]  INFO -- : Mr Bazinga received hole_card 8 of Clubs
I, [2014-04-05T13:41:08.632806 #16217]  INFO -- : R3T made a bet of 10 (raise) and is left with 1060 chips. The pot now contains 10 chips.
I, [2014-04-05T13:41:08.633119 #16217]  INFO -- : Mr Bazinga made a bet of 20 (raise) and is left with 1910 chips. The pot now contains 30 chips.
I, [2014-04-05T13:41:08.638091 #16217]  INFO -- : Player R3T responded with 20 (200)
I, [2014-04-05T13:41:08.638386 #16217]  INFO -- : R3T made a bet of 20 (raise) and is left with 1040 chips. The pot now contains 50 chips.
I, [2014-04-05T13:41:08.640532 #16217]  INFO -- : Player Mr Bazinga responded with 0 (200)
I, [2014-04-05T13:41:08.640753 #16217]  INFO -- : Mr Bazinga made a bet of 0 (fold) and is left with 1910 chips. The pot now contains 50 chips.
I, [2014-04-05T13:41:08.641116 #16217]  INFO -- : R3T won 50
I, [2014-04-05T13:41:08.644261 #16217]  INFO -- : Player R3T responded with  (200)
I, [2014-04-05T13:41:08.647563 #16217]  INFO -- : Player Mr Bazinga responded with OK (200)
I, [2014-04-05T13:41:08.650413 #16217]  INFO -- : Player NoCo responded with  (200)
I, [2014-04-05T13:41:08.650923 #16217]  INFO -- : Mr Bazinga received hole_card 3 of Diamonds
I, [2014-04-05T13:41:08.651271 #16217]  INFO -- : R3T received hole_card 10 of Spades
I, [2014-04-05T13:41:08.651636 #16217]  INFO -- : Mr Bazinga received hole_card Queen of Clubs
I, [2014-04-05T13:41:08.652130 #16217]  INFO -- : R3T received hole_card 5 of Spades
I, [2014-04-05T13:41:08.652912 #16217]  INFO -- : Mr Bazinga made a bet of 10 (raise) and is left with 1900 chips. The pot now contains 10 chips.
I, [2014-04-05T13:41:08.653632 #16217]  INFO -- : R3T made a bet of 20 (raise) and is left with 1070 chips. The pot now contains 30 chips.
I, [2014-04-05T13:41:08.657300 #16217]  INFO -- : Player Mr Bazinga responded with 0 (200)
I, [2014-04-05T13:41:08.657693 #16217]  INFO -- : Mr Bazinga made a bet of 0 (fold) and is left with 1900 chips. The pot now contains 30 chips.
I, [2014-04-05T13:41:08.658296 #16217]  INFO -- : R3T won 30
I, [2014-04-05T13:41:08.660954 #16217]  INFO -- : Player R3T responded with  (200)
I, [2014-04-05T13:41:08.663738 #16217]  INFO -- : Player Mr Bazinga responded with OK (200)
I, [2014-04-05T13:41:08.665553 #16217]  INFO -- : Player NoCo responded with  (200)
I, [2014-04-05T13:41:08.666035 #16217]  INFO -- : R3T received hole_card 4 of Clubs
I, [2014-04-05T13:41:08.666299 #16217]  INFO -- : Mr Bazinga received hole_card 6 of Clubs
I, [2014-04-05T13:41:08.666553 #16217]  INFO -- : R3T received hole_card 9 of Spades
I, [2014-04-05T13:41:08.666830 #16217]  INFO -- : Mr Bazinga received hole_card 2 of Clubs
I, [2014-04-05T13:41:08.667290 #16217]  INFO -- : R3T made a bet of 10 (raise) and is left with 1090 chips. The pot now contains 10 chips.
I, [2014-04-05T13:41:08.667687 #16217]  INFO -- : Mr Bazinga made a bet of 20 (raise) and is left with 1880 chips. The pot now contains 30 chips.
I, [2014-04-05T13:41:08.671223 #16217]  INFO -- : Player R3T responded with 20 (200)
I, [2014-04-05T13:41:08.671661 #16217]  INFO -- : R3T made a bet of 20 (raise) and is left with 1070 chips. The pot now contains 50 chips.
I, [2014-04-05T13:41:08.675655 #16217]  INFO -- : Player Mr Bazinga responded with 0 (200)
I, [2014-04-05T13:41:08.675921 #16217]  INFO -- : Mr Bazinga made a bet of 0 (fold) and is left with 1880 chips. The pot now contains 50 chips.
I, [2014-04-05T13:41:08.676323 #16217]  INFO -- : R3T won 50
I, [2014-04-05T13:41:08.678676 #16217]  INFO -- : Player R3T responded with  (200)
I, [2014-04-05T13:41:08.681205 #16217]  INFO -- : Player Mr Bazinga responded with OK (200)
I, [2014-04-05T13:41:08.684513 #16217]  INFO -- : Player NoCo responded with  (200)
I, [2014-04-05T13:41:08.685066 #16217]  INFO -- : Mr Bazinga received hole_card Ace of Spades
I, [2014-04-05T13:41:08.685335 #16217]  INFO -- : R3T received hole_card Jack of Hearts
I, [2014-04-05T13:41:08.685607 #16217]  INFO -- : Mr Bazinga received hole_card 7 of Spades
I, [2014-04-05T13:41:08.685921 #16217]  INFO -- : R3T received hole_card 2 of Spades
I, [2014-04-05T13:41:08.686410 #16217]  INFO -- : Mr Bazinga made a bet of 10 (raise) and is left with 1870 chips. The pot now contains 10 chips.
I, [2014-04-05T13:41:08.687281 #16217]  INFO -- : R3T made a bet of 20 (raise) and is left with 1100 chips. The pot now contains 30 chips.
I, [2014-04-05T13:41:08.690785 #16217]  INFO -- : Player Mr Bazinga responded with 70 (200)
I, [2014-04-05T13:41:08.691026 #16217]  INFO -- : Mr Bazinga made a bet of 70 (raise) and is left with 1800 chips. The pot now contains 100 chips.
I, [2014-04-05T13:41:08.693870 #16217]  INFO -- : Player R3T responded with 80 (200)
I, [2014-04-05T13:41:08.694166 #16217]  INFO -- : R3T made a bet of 60 (call) and is left with 1040 chips. The pot now contains 160 chips.
I, [2014-04-05T13:41:08.694426 #16217]  INFO -- : community card 6 of Spades
I, [2014-04-05T13:41:08.694652 #16217]  INFO -- : community card 9 of Hearts
I, [2014-04-05T13:41:08.694920 #16217]  INFO -- : community card 3 of Diamonds
I, [2014-04-05T13:41:08.702578 #16217]  INFO -- : Player Mr Bazinga responded with 70 (200)
I, [2014-04-05T13:41:08.702880 #16217]  INFO -- : Mr Bazinga made a bet of 70 (raise) and is left with 1730 chips. The pot now contains 230 chips.
I, [2014-04-05T13:41:08.719204 #16217]  INFO -- : Player R3T responded with 150 (200)
I, [2014-04-05T13:41:08.719585 #16217]  INFO -- : R3T made a bet of 150 (raise) and is left with 890 chips. The pot now contains 380 chips.
I, [2014-04-05T13:41:08.724818 #16217]  INFO -- : Player Mr Bazinga responded with 210 (200)
I, [2014-04-05T13:41:08.726025 #16217]  INFO -- : Mr Bazinga made a bet of 210 (raise) and is left with 1520 chips. The pot now contains 590 chips.
I, [2014-04-05T13:41:08.735266 #16217]  INFO -- : Player R3T responded with 360 (200)
I, [2014-04-05T13:41:08.735495 #16217]  INFO -- : R3T made a bet of 360 (raise) and is left with 530 chips. The pot now contains 950 chips.
I, [2014-04-05T13:41:08.739366 #16217]  INFO -- : Player Mr Bazinga responded with 510 (200)
I, [2014-04-05T13:41:08.739687 #16217]  INFO -- : Mr Bazinga made a bet of 510 (raise) and is left with 1010 chips. The pot now contains 1460 chips.
I, [2014-04-05T13:41:08.751890 #16217]  INFO -- : Player R3T responded with 870 (200)
I, [2014-04-05T13:41:08.752407 #16217]  INFO -- : R3T made a bet of 530 (allin) and is left with 0 chips. The pot now contains 1990 chips.
I, [2014-04-05T13:41:08.756145 #16217]  INFO -- : Player Mr Bazinga responded with 580 (200)
I, [2014-04-05T13:41:08.756505 #16217]  INFO -- : Mr Bazinga made a bet of 580 (raise) and is left with 430 chips. The pot now contains 2570 chips.
I, [2014-04-05T13:41:08.756886 #16217]  INFO -- : community card Queen of Diamonds
I, [2014-04-05T13:41:08.757261 #16217]  INFO -- : community card 6 of Hearts
I, [2014-04-05T13:41:08.758388 #16217]  INFO -- : Mr Bazinga showed 6 of Hearts,6 of Spades,9 of Hearts,Queen of Diamonds,Ace of Spades making a pair
I, [2014-04-05T13:41:08.759455 #16217]  INFO -- : Mr Bazinga won 2570
I, [2014-04-05T13:41:08.767183 #16217]  INFO -- : Player R3T responded with  (200)
I, [2014-04-05T13:41:08.771285 #16217]  INFO -- : Player Mr Bazinga responded with OK (200)
I, [2014-04-05T13:41:08.777081 #16217]  INFO -- : Player NoCo responded with  (200)
