# Logfile created on 2014-04-05 16:36:14 +0200 by logger.rb/44203
I, [2014-04-05T16:36:14.034513 #27840]  INFO -- : Reseting R3T to origin/master
I, [2014-04-05T16:36:14.955780 #27840]  INFO -- : Reseting Mr Bazinga to origin/master
I, [2014-04-05T16:36:15.805795 #27840]  INFO -- : Reseting NoCo to origin/master
I, [2014-04-05T16:36:16.646700 #27840]  INFO -- : Connected R3T at http://localhost:8080/
I, [2014-04-05T16:36:16.653044 #27840]  INFO -- : Connected Mr Bazinga at http://localhost:1337/
I, [2014-04-05T16:36:16.657011 #27840]  INFO -- : Connected NoCo at http://localhost:8000/player_service.php
E, [2014-04-05T16:36:16.658120 #27840] ERROR -- : Connection refused - connect(2) for "localhost" port 8080
E, [2014-04-05T16:36:16.658406 #27840] ERROR -- : Player R3T is unreachable
I, [2014-04-05T16:36:16.658588 #27840]  INFO -- : Waiting for players to start
E, [2014-04-05T16:36:17.659314 #27840] ERROR -- : Connection refused - connect(2) for "localhost" port 8080
E, [2014-04-05T16:36:17.659441 #27840] ERROR -- : Player R3T is unreachable
I, [2014-04-05T16:36:17.659532 #27840]  INFO -- : Waiting for players to start
E, [2014-04-05T16:36:18.660635 #27840] ERROR -- : Connection refused - connect(2) for "localhost" port 8080
E, [2014-04-05T16:36:18.661008 #27840] ERROR -- : Player R3T is unreachable
I, [2014-04-05T16:36:18.661119 #27840]  INFO -- : Waiting for players to start
E, [2014-04-05T16:36:19.667948 #27840] ERROR -- : Connection refused - connect(2) for "localhost" port 8080
E, [2014-04-05T16:36:19.668193 #27840] ERROR -- : Player R3T is unreachable
I, [2014-04-05T16:36:19.668289 #27840]  INFO -- : Waiting for players to start
E, [2014-04-05T16:36:20.672170 #27840] ERROR -- : Connection refused - connect(2) for "localhost" port 8080
E, [2014-04-05T16:36:20.672407 #27840] ERROR -- : Player R3T is unreachable
I, [2014-04-05T16:36:20.672524 #27840]  INFO -- : Waiting for players to start
E, [2014-04-05T16:36:21.676124 #27840] ERROR -- : Connection refused - connect(2) for "localhost" port 8080
E, [2014-04-05T16:36:21.676427 #27840] ERROR -- : Player R3T is unreachable
I, [2014-04-05T16:36:21.676625 #27840]  INFO -- : Waiting for players to start
E, [2014-04-05T16:36:22.682965 #27840] ERROR -- : Connection refused - connect(2) for "localhost" port 8080
E, [2014-04-05T16:36:22.683149 #27840] ERROR -- : Player R3T is unreachable
I, [2014-04-05T16:36:22.683259 #27840]  INFO -- : Waiting for players to start
E, [2014-04-05T16:36:23.686436 #27840] ERROR -- : Connection refused - connect(2) for "localhost" port 8080
E, [2014-04-05T16:36:23.687264 #27840] ERROR -- : Player R3T is unreachable
I, [2014-04-05T16:36:23.687739 #27840]  INFO -- : Waiting for players to start
E, [2014-04-05T16:36:24.696373 #27840] ERROR -- : Connection refused - connect(2) for "localhost" port 8080
E, [2014-04-05T16:36:24.696642 #27840] ERROR -- : Player R3T is unreachable
I, [2014-04-05T16:36:24.696808 #27840]  INFO -- : Waiting for players to start
E, [2014-04-05T16:36:25.697489 #27840] ERROR -- : Connection refused - connect(2) for "localhost" port 8080
E, [2014-04-05T16:36:25.697837 #27840] ERROR -- : Player R3T is unreachable
I, [2014-04-05T16:36:25.697993 #27840]  INFO -- : Waiting for players to start
E, [2014-04-05T16:36:26.706003 #27840] ERROR -- : Connection refused - connect(2) for "localhost" port 8080
E, [2014-04-05T16:36:26.706284 #27840] ERROR -- : Player R3T is unreachable
I, [2014-04-05T16:36:26.706493 #27840]  INFO -- : Waiting for players to start
E, [2014-04-05T16:36:27.707133 #27840] ERROR -- : Connection refused - connect(2) for "localhost" port 8080
E, [2014-04-05T16:36:27.707266 #27840] ERROR -- : Player R3T is unreachable
I, [2014-04-05T16:36:27.707337 #27840]  INFO -- : Waiting for players to start
E, [2014-04-05T16:36:28.708022 #27840] ERROR -- : Connection refused - connect(2) for "localhost" port 8080
E, [2014-04-05T16:36:28.708242 #27840] ERROR -- : Player R3T is unreachable
I, [2014-04-05T16:36:28.708345 #27840]  INFO -- : Waiting for players to start
E, [2014-04-05T16:36:29.708927 #27840] ERROR -- : Connection refused - connect(2) for "localhost" port 8080
E, [2014-04-05T16:36:29.709103 #27840] ERROR -- : Player R3T is unreachable
I, [2014-04-05T16:36:29.709199 #27840]  INFO -- : Waiting for players to start
E, [2014-04-05T16:36:30.709893 #27840] ERROR -- : Connection refused - connect(2) for "localhost" port 8080
E, [2014-04-05T16:36:30.710027 #27840] ERROR -- : Player R3T is unreachable
I, [2014-04-05T16:36:30.710105 #27840]  INFO -- : Waiting for players to start
E, [2014-04-05T16:36:32.219784 #27840] ERROR -- : Net::ReadTimeout
E, [2014-04-05T16:36:32.220078 #27840] ERROR -- : Player R3T is unreachable
I, [2014-04-05T16:36:32.220181 #27840]  INFO -- : Waiting for players to start
I, [2014-04-05T16:36:33.227478 #27840]  INFO -- : Player R3T responded with  (200)
I, [2014-04-05T16:36:33.247434 #27840]  INFO -- : Player Mr Bazinga responded with OK (200)
I, [2014-04-05T16:36:33.249940 #27840]  INFO -- : Player NoCo responded with  (200)
I, [2014-04-05T16:36:33.250231 #27840]  INFO -- : Players are running
I, [2014-04-05T16:36:33.275359 #27840]  INFO -- : Player R3T responded with v0.44 (200)
I, [2014-04-05T16:36:33.278741 #27840]  INFO -- : Player Mr Bazinga responded with Super AI 2.0 Semi-Courage Engine (200)
I, [2014-04-05T16:36:33.282910 #27840]  INFO -- : Player NoCo responded with NoCo1627 (200)
I, [2014-04-05T16:36:33.283813 #27840]  INFO -- : Mr Bazinga received hole_card 4 of Hearts
I, [2014-04-05T16:36:33.284508 #27840]  INFO -- : NoCo received hole_card 9 of Diamonds
I, [2014-04-05T16:36:33.285082 #27840]  INFO -- : R3T received hole_card Ace of Diamonds
I, [2014-04-05T16:36:33.285779 #27840]  INFO -- : Mr Bazinga received hole_card 10 of Hearts
I, [2014-04-05T16:36:33.286432 #27840]  INFO -- : NoCo received hole_card King of Spades
I, [2014-04-05T16:36:33.286870 #27840]  INFO -- : R3T received hole_card Ace of Clubs
I, [2014-04-05T16:36:33.288958 #27840]  INFO -- : Mr Bazinga made a bet of 10 (raise) and is left with 990 chips. The pot now contains 10 chips.
I, [2014-04-05T16:36:33.289379 #27840]  INFO -- : NoCo made a bet of 20 (raise) and is left with 980 chips. The pot now contains 30 chips.
I, [2014-04-05T16:36:33.347059 #27840]  INFO -- : Player R3T responded with 50 (200)
I, [2014-04-05T16:36:33.347369 #27840]  INFO -- : R3T made a bet of 50 (raise) and is left with 950 chips. The pot now contains 80 chips.
I, [2014-04-05T16:36:33.350361 #27840]  INFO -- : Player Mr Bazinga responded with 40 (200)
I, [2014-04-05T16:36:33.350741 #27840]  INFO -- : Mr Bazinga made a bet of 40 (call) and is left with 950 chips. The pot now contains 120 chips.
I, [2014-04-05T16:36:33.352641 #27840]  INFO -- : Player NoCo responded with 80 (200)
I, [2014-04-05T16:36:33.352853 #27840]  INFO -- : NoCo made a bet of 80 (raise) and is left with 900 chips. The pot now contains 200 chips.
I, [2014-04-05T16:36:33.356191 #27840]  INFO -- : Player R3T responded with 250 (200)
I, [2014-04-05T16:36:33.356587 #27840]  INFO -- : R3T made a bet of 250 (raise) and is left with 700 chips. The pot now contains 450 chips.
I, [2014-04-05T16:36:33.359381 #27840]  INFO -- : Player Mr Bazinga responded with 250 (200)
I, [2014-04-05T16:36:33.359668 #27840]  INFO -- : Mr Bazinga made a bet of 250 (call) and is left with 700 chips. The pot now contains 700 chips.
I, [2014-04-05T16:36:33.363278 #27840]  INFO -- : Player NoCo responded with 80 (200)
I, [2014-04-05T16:36:33.363534 #27840]  INFO -- : NoCo made a bet of 0 (fold) and is left with 900 chips. The pot now contains 700 chips.
I, [2014-04-05T16:36:33.363832 #27840]  INFO -- : community card 7 of Spades
I, [2014-04-05T16:36:33.364083 #27840]  INFO -- : community card Queen of Clubs
I, [2014-04-05T16:36:33.364294 #27840]  INFO -- : community card Ace of Hearts
I, [2014-04-05T16:36:33.382696 #27840]  INFO -- : Player Mr Bazinga responded with 0 (200)
I, [2014-04-05T16:36:33.383087 #27840]  INFO -- : Mr Bazinga made a bet of 0 (check) and is left with 700 chips. The pot now contains 700 chips.
I, [2014-04-05T16:36:33.471597 #27840]  INFO -- : Player R3T responded with 360 (200)
I, [2014-04-05T16:36:33.471910 #27840]  INFO -- : R3T made a bet of 360 (raise) and is left with 340 chips. The pot now contains 1060 chips.
I, [2014-04-05T16:36:33.553919 #27840]  INFO -- : Player Mr Bazinga responded with 360 (200)
I, [2014-04-05T16:36:33.554483 #27840]  INFO -- : Mr Bazinga made a bet of 360 (call) and is left with 340 chips. The pot now contains 1420 chips.
I, [2014-04-05T16:36:33.555086 #27840]  INFO -- : community card 10 of Clubs
I, [2014-04-05T16:36:33.665357 #27840]  INFO -- : Player Mr Bazinga responded with 0 (200)
I, [2014-04-05T16:36:33.666127 #27840]  INFO -- : Mr Bazinga made a bet of 0 (check) and is left with 340 chips. The pot now contains 1420 chips.
I, [2014-04-05T16:36:33.734291 #27840]  INFO -- : Player R3T responded with 720 (200)
I, [2014-04-05T16:36:33.734647 #27840]  INFO -- : R3T made a bet of 340 (allin) and is left with 0 chips. The pot now contains 1760 chips.
I, [2014-04-05T16:36:33.949092 #27840]  INFO -- : Player Mr Bazinga responded with 340 (200)
I, [2014-04-05T16:36:33.949945 #27840]  INFO -- : Mr Bazinga made a bet of 340 (allin) and is left with 0 chips. The pot now contains 2100 chips.
I, [2014-04-05T16:36:33.950649 #27840]  INFO -- : community card 5 of Spades
I, [2014-04-05T16:36:33.952678 #27840]  INFO -- : R3T showed 10 of Clubs,Queen of Clubs,Ace of Hearts,Ace of Clubs,Ace of Diamonds making a three of a kind
I, [2014-04-05T16:36:33.954219 #27840]  INFO -- : R3T won 2100
I, [2014-04-05T16:36:33.963425 #27840]  INFO -- : Player R3T responded with  (200)
I, [2014-04-05T16:36:33.970024 #27840]  INFO -- : Player Mr Bazinga responded with OK (200)
I, [2014-04-05T16:36:33.976696 #27840]  INFO -- : Player NoCo responded with  (200)
I, [2014-04-05T16:36:33.977187 #27840]  INFO -- : R3T received hole_card 9 of Clubs
I, [2014-04-05T16:36:33.977470 #27840]  INFO -- : NoCo received hole_card 10 of Hearts
I, [2014-04-05T16:36:33.977776 #27840]  INFO -- : R3T received hole_card 7 of Spades
I, [2014-04-05T16:36:33.978056 #27840]  INFO -- : NoCo received hole_card King of Spades
I, [2014-04-05T16:36:33.978512 #27840]  INFO -- : R3T made a bet of 10 (raise) and is left with 2090 chips. The pot now contains 10 chips.
I, [2014-04-05T16:36:33.978850 #27840]  INFO -- : NoCo made a bet of 20 (raise) and is left with 880 chips. The pot now contains 30 chips.
I, [2014-04-05T16:36:33.986403 #27840]  INFO -- : Player R3T responded with 0 (200)
I, [2014-04-05T16:36:33.986881 #27840]  INFO -- : R3T made a bet of 0 (fold) and is left with 2090 chips. The pot now contains 30 chips.
I, [2014-04-05T16:36:33.988137 #27840]  INFO -- : NoCo won 30
I, [2014-04-05T16:36:33.992665 #27840]  INFO -- : Player R3T responded with  (200)
I, [2014-04-05T16:36:33.994443 #27840]  INFO -- : Player Mr Bazinga responded with OK (200)
I, [2014-04-05T16:36:33.996245 #27840]  INFO -- : Player NoCo responded with  (200)
I, [2014-04-05T16:36:33.996822 #27840]  INFO -- : NoCo received hole_card 4 of Spades
I, [2014-04-05T16:36:33.997165 #27840]  INFO -- : R3T received hole_card 10 of Clubs
I, [2014-04-05T16:36:33.997517 #27840]  INFO -- : NoCo received hole_card Ace of Diamonds
I, [2014-04-05T16:36:33.997909 #27840]  INFO -- : R3T received hole_card Queen of Hearts
I, [2014-04-05T16:36:33.998448 #27840]  INFO -- : NoCo made a bet of 10 (raise) and is left with 900 chips. The pot now contains 10 chips.
I, [2014-04-05T16:36:33.998877 #27840]  INFO -- : R3T made a bet of 20 (raise) and is left with 2070 chips. The pot now contains 30 chips.
I, [2014-04-05T16:36:34.002326 #27840]  INFO -- : Player NoCo responded with 80 (200)
I, [2014-04-05T16:36:34.002647 #27840]  INFO -- : NoCo made a bet of 80 (raise) and is left with 820 chips. The pot now contains 110 chips.
I, [2014-04-05T16:36:34.007612 #27840]  INFO -- : Player R3T responded with 0 (200)
I, [2014-04-05T16:36:34.007984 #27840]  INFO -- : R3T made a bet of 0 (fold) and is left with 2070 chips. The pot now contains 110 chips.
I, [2014-04-05T16:36:34.008760 #27840]  INFO -- : NoCo won 110
I, [2014-04-05T16:36:34.014266 #27840]  INFO -- : Player R3T responded with  (200)
I, [2014-04-05T16:36:34.019150 #27840]  INFO -- : Player Mr Bazinga responded with OK (200)
I, [2014-04-05T16:36:34.023040 #27840]  INFO -- : Player NoCo responded with  (200)
I, [2014-04-05T16:36:34.023785 #27840]  INFO -- : R3T received hole_card 6 of Hearts
I, [2014-04-05T16:36:34.024263 #27840]  INFO -- : NoCo received hole_card Queen of Clubs
I, [2014-04-05T16:36:34.024628 #27840]  INFO -- : R3T received hole_card Jack of Diamonds
I, [2014-04-05T16:36:34.024930 #27840]  INFO -- : NoCo received hole_card 6 of Spades
I, [2014-04-05T16:36:34.025260 #27840]  INFO -- : R3T made a bet of 10 (raise) and is left with 2060 chips. The pot now contains 10 chips.
I, [2014-04-05T16:36:34.025593 #27840]  INFO -- : NoCo made a bet of 20 (raise) and is left with 910 chips. The pot now contains 30 chips.
I, [2014-04-05T16:36:34.032425 #27840]  INFO -- : Player R3T responded with 0 (200)
I, [2014-04-05T16:36:34.032692 #27840]  INFO -- : R3T made a bet of 0 (fold) and is left with 2060 chips. The pot now contains 30 chips.
I, [2014-04-05T16:36:34.033133 #27840]  INFO -- : NoCo won 30
I, [2014-04-05T16:36:34.035591 #27840]  INFO -- : Player R3T responded with  (200)
I, [2014-04-05T16:36:34.047204 #27840]  INFO -- : Player Mr Bazinga responded with OK (200)
I, [2014-04-05T16:36:34.049288 #27840]  INFO -- : Player NoCo responded with  (200)
I, [2014-04-05T16:36:34.049682 #27840]  INFO -- : NoCo received hole_card King of Spades
I, [2014-04-05T16:36:34.049885 #27840]  INFO -- : R3T received hole_card Ace of Spades
I, [2014-04-05T16:36:34.050048 #27840]  INFO -- : NoCo received hole_card 5 of Diamonds
I, [2014-04-05T16:36:34.050205 #27840]  INFO -- : R3T received hole_card 7 of Spades
I, [2014-04-05T16:36:34.050500 #27840]  INFO -- : NoCo made a bet of 10 (raise) and is left with 930 chips. The pot now contains 10 chips.
I, [2014-04-05T16:36:34.050721 #27840]  INFO -- : R3T made a bet of 20 (raise) and is left with 2040 chips. The pot now contains 30 chips.
I, [2014-04-05T16:36:34.052924 #27840]  INFO -- : Player NoCo responded with 80 (200)
I, [2014-04-05T16:36:34.053147 #27840]  INFO -- : NoCo made a bet of 80 (raise) and is left with 850 chips. The pot now contains 110 chips.
I, [2014-04-05T16:36:34.056141 #27840]  INFO -- : Player R3T responded with 230 (200)
I, [2014-04-05T16:36:34.056455 #27840]  INFO -- : R3T made a bet of 230 (raise) and is left with 1810 chips. The pot now contains 340 chips.
I, [2014-04-05T16:36:34.058761 #27840]  INFO -- : Player NoCo responded with 80 (200)
I, [2014-04-05T16:36:34.059026 #27840]  INFO -- : NoCo made a bet of 0 (fold) and is left with 850 chips. The pot now contains 340 chips.
I, [2014-04-05T16:36:34.059586 #27840]  INFO -- : R3T won 340
I, [2014-04-05T16:36:34.062527 #27840]  INFO -- : Player R3T responded with  (200)
I, [2014-04-05T16:36:34.065324 #27840]  INFO -- : Player Mr Bazinga responded with OK (200)
I, [2014-04-05T16:36:34.068961 #27840]  INFO -- : Player NoCo responded with  (200)
I, [2014-04-05T16:36:34.069342 #27840]  INFO -- : R3T received hole_card 9 of Diamonds
I, [2014-04-05T16:36:34.069614 #27840]  INFO -- : NoCo received hole_card 8 of Clubs
I, [2014-04-05T16:36:34.069842 #27840]  INFO -- : R3T received hole_card 10 of Hearts
I, [2014-04-05T16:36:34.070151 #27840]  INFO -- : NoCo received hole_card 7 of Hearts
I, [2014-04-05T16:36:34.070539 #27840]  INFO -- : R3T made a bet of 10 (raise) and is left with 2140 chips. The pot now contains 10 chips.
I, [2014-04-05T16:36:34.070850 #27840]  INFO -- : NoCo made a bet of 20 (raise) and is left with 830 chips. The pot now contains 30 chips.
I, [2014-04-05T16:36:34.075293 #27840]  INFO -- : Player R3T responded with 20 (200)
I, [2014-04-05T16:36:34.076278 #27840]  INFO -- : R3T made a bet of 20 (raise) and is left with 2120 chips. The pot now contains 50 chips.
I, [2014-04-05T16:36:34.078125 #27840]  INFO -- : Player NoCo responded with 0 (200)
I, [2014-04-05T16:36:34.078399 #27840]  INFO -- : NoCo made a bet of 0 (fold) and is left with 830 chips. The pot now contains 50 chips.
I, [2014-04-05T16:36:34.078782 #27840]  INFO -- : R3T won 50
I, [2014-04-05T16:36:34.081529 #27840]  INFO -- : Player R3T responded with  (200)
I, [2014-04-05T16:36:34.083324 #27840]  INFO -- : Player Mr Bazinga responded with OK (200)
I, [2014-04-05T16:36:34.085090 #27840]  INFO -- : Player NoCo responded with  (200)
I, [2014-04-05T16:36:34.085379 #27840]  INFO -- : NoCo received hole_card 6 of Diamonds
I, [2014-04-05T16:36:34.085605 #27840]  INFO -- : R3T received hole_card 6 of Spades
I, [2014-04-05T16:36:34.085807 #27840]  INFO -- : NoCo received hole_card 2 of Hearts
I, [2014-04-05T16:36:34.085999 #27840]  INFO -- : R3T received hole_card 5 of Hearts
I, [2014-04-05T16:36:34.086289 #27840]  INFO -- : NoCo made a bet of 10 (raise) and is left with 820 chips. The pot now contains 10 chips.
I, [2014-04-05T16:36:34.086540 #27840]  INFO -- : R3T made a bet of 20 (raise) and is left with 2150 chips. The pot now contains 30 chips.
I, [2014-04-05T16:36:34.088480 #27840]  INFO -- : Player NoCo responded with 0 (200)
I, [2014-04-05T16:36:34.088713 #27840]  INFO -- : NoCo made a bet of 0 (fold) and is left with 820 chips. The pot now contains 30 chips.
I, [2014-04-05T16:36:34.091594 #27840]  INFO -- : Player R3T responded with 20 (200)
I, [2014-04-05T16:36:34.091834 #27840]  INFO -- : R3T made a bet of 20 (raise) and is left with 2130 chips. The pot now contains 50 chips.
I, [2014-04-05T16:36:34.092270 #27840]  INFO -- : R3T won 50
I, [2014-04-05T16:36:34.095244 #27840]  INFO -- : Player R3T responded with  (200)
I, [2014-04-05T16:36:34.097207 #27840]  INFO -- : Player Mr Bazinga responded with OK (200)
I, [2014-04-05T16:36:34.099095 #27840]  INFO -- : Player NoCo responded with  (200)
I, [2014-04-05T16:36:34.099540 #27840]  INFO -- : R3T received hole_card King of Clubs
I, [2014-04-05T16:36:34.099835 #27840]  INFO -- : NoCo received hole_card 3 of Diamonds
I, [2014-04-05T16:36:34.100201 #27840]  INFO -- : R3T received hole_card 7 of Diamonds
I, [2014-04-05T16:36:34.100700 #27840]  INFO -- : NoCo received hole_card Queen of Hearts
I, [2014-04-05T16:36:34.101655 #27840]  INFO -- : R3T made a bet of 10 (raise) and is left with 2170 chips. The pot now contains 10 chips.
I, [2014-04-05T16:36:34.102192 #27840]  INFO -- : NoCo made a bet of 20 (raise) and is left with 800 chips. The pot now contains 30 chips.
I, [2014-04-05T16:36:34.106861 #27840]  INFO -- : Player R3T responded with 0 (200)
I, [2014-04-05T16:36:34.107084 #27840]  INFO -- : R3T made a bet of 0 (fold) and is left with 2170 chips. The pot now contains 30 chips.
I, [2014-04-05T16:36:34.107464 #27840]  INFO -- : NoCo won 30
I, [2014-04-05T16:36:34.109534 #27840]  INFO -- : Player R3T responded with  (200)
I, [2014-04-05T16:36:34.111003 #27840]  INFO -- : Player Mr Bazinga responded with OK (200)
I, [2014-04-05T16:36:34.112756 #27840]  INFO -- : Player NoCo responded with  (200)
I, [2014-04-05T16:36:34.113027 #27840]  INFO -- : NoCo received hole_card Queen of Spades
I, [2014-04-05T16:36:34.113186 #27840]  INFO -- : R3T received hole_card King of Hearts
I, [2014-04-05T16:36:34.113348 #27840]  INFO -- : NoCo received hole_card 5 of Clubs
I, [2014-04-05T16:36:34.113506 #27840]  INFO -- : R3T received hole_card 3 of Clubs
I, [2014-04-05T16:36:34.113757 #27840]  INFO -- : NoCo made a bet of 10 (raise) and is left with 820 chips. The pot now contains 10 chips.
I, [2014-04-05T16:36:34.113969 #27840]  INFO -- : R3T made a bet of 20 (raise) and is left with 2150 chips. The pot now contains 30 chips.
I, [2014-04-05T16:36:34.115402 #27840]  INFO -- : Player NoCo responded with 80 (200)
I, [2014-04-05T16:36:34.115585 #27840]  INFO -- : NoCo made a bet of 80 (raise) and is left with 740 chips. The pot now contains 110 chips.
I, [2014-04-05T16:36:34.120847 #27840]  INFO -- : Player R3T responded with 0 (200)
I, [2014-04-05T16:36:34.121239 #27840]  INFO -- : R3T made a bet of 0 (fold) and is left with 2150 chips. The pot now contains 110 chips.
I, [2014-04-05T16:36:34.121866 #27840]  INFO -- : NoCo won 110
I, [2014-04-05T16:36:34.126201 #27840]  INFO -- : Player R3T responded with  (200)
I, [2014-04-05T16:36:34.132696 #27840]  INFO -- : Player Mr Bazinga responded with OK (200)
I, [2014-04-05T16:36:34.138469 #27840]  INFO -- : Player NoCo responded with  (200)
I, [2014-04-05T16:36:34.138861 #27840]  INFO -- : R3T received hole_card 2 of Spades
I, [2014-04-05T16:36:34.139080 #27840]  INFO -- : NoCo received hole_card 7 of Diamonds
I, [2014-04-05T16:36:34.139351 #27840]  INFO -- : R3T received hole_card 3 of Spades
I, [2014-04-05T16:36:34.139637 #27840]  INFO -- : NoCo received hole_card 6 of Hearts
I, [2014-04-05T16:36:34.139968 #27840]  INFO -- : R3T made a bet of 20 (raise) and is left with 2130 chips. The pot now contains 20 chips.
I, [2014-04-05T16:36:34.140299 #27840]  INFO -- : NoCo made a bet of 40 (raise) and is left with 810 chips. The pot now contains 60 chips.
I, [2014-04-05T16:36:34.143884 #27840]  INFO -- : Player R3T responded with 40 (200)
I, [2014-04-05T16:36:34.144246 #27840]  INFO -- : R3T made a bet of 40 (raise) and is left with 2090 chips. The pot now contains 100 chips.
I, [2014-04-05T16:36:34.147046 #27840]  INFO -- : Player NoCo responded with 0 (200)
I, [2014-04-05T16:36:34.147463 #27840]  INFO -- : NoCo made a bet of 0 (fold) and is left with 810 chips. The pot now contains 100 chips.
I, [2014-04-05T16:36:34.148090 #27840]  INFO -- : R3T won 100
I, [2014-04-05T16:36:34.154159 #27840]  INFO -- : Player R3T responded with  (200)
I, [2014-04-05T16:36:34.157161 #27840]  INFO -- : Player Mr Bazinga responded with OK (200)
I, [2014-04-05T16:36:34.159231 #27840]  INFO -- : Player NoCo responded with  (200)
I, [2014-04-05T16:36:34.159721 #27840]  INFO -- : NoCo received hole_card 8 of Spades
I, [2014-04-05T16:36:34.159989 #27840]  INFO -- : R3T received hole_card 4 of Diamonds
I, [2014-04-05T16:36:34.160346 #27840]  INFO -- : NoCo received hole_card 10 of Diamonds
I, [2014-04-05T16:36:34.160642 #27840]  INFO -- : R3T received hole_card Ace of Spades
I, [2014-04-05T16:36:34.161174 #27840]  INFO -- : NoCo made a bet of 20 (raise) and is left with 790 chips. The pot now contains 20 chips.
I, [2014-04-05T16:36:34.161704 #27840]  INFO -- : R3T made a bet of 40 (raise) and is left with 2150 chips. The pot now contains 60 chips.
I, [2014-04-05T16:36:34.168965 #27840]  INFO -- : Player NoCo responded with 80 (200)
I, [2014-04-05T16:36:34.170102 #27840]  INFO -- : NoCo made a bet of 80 (raise) and is left with 710 chips. The pot now contains 140 chips.
I, [2014-04-05T16:36:34.173885 #27840]  INFO -- : Player R3T responded with 0 (200)
I, [2014-04-05T16:36:34.174192 #27840]  INFO -- : R3T made a bet of 0 (fold) and is left with 2150 chips. The pot now contains 140 chips.
I, [2014-04-05T16:36:34.174575 #27840]  INFO -- : NoCo won 140
I, [2014-04-05T16:36:34.177355 #27840]  INFO -- : Player R3T responded with  (200)
I, [2014-04-05T16:36:34.179551 #27840]  INFO -- : Player Mr Bazinga responded with OK (200)
I, [2014-04-05T16:36:34.181142 #27840]  INFO -- : Player NoCo responded with  (200)
I, [2014-04-05T16:36:34.181421 #27840]  INFO -- : R3T received hole_card Jack of Clubs
I, [2014-04-05T16:36:34.181609 #27840]  INFO -- : NoCo received hole_card 2 of Diamonds
I, [2014-04-05T16:36:34.181809 #27840]  INFO -- : R3T received hole_card 6 of Hearts
I, [2014-04-05T16:36:34.182006 #27840]  INFO -- : NoCo received hole_card 3 of Clubs
I, [2014-04-05T16:36:34.182306 #27840]  INFO -- : R3T made a bet of 20 (raise) and is left with 2130 chips. The pot now contains 20 chips.
I, [2014-04-05T16:36:34.182546 #27840]  INFO -- : NoCo made a bet of 40 (raise) and is left with 810 chips. The pot now contains 60 chips.
I, [2014-04-05T16:36:34.184796 #27840]  INFO -- : Player R3T responded with 0 (200)
I, [2014-04-05T16:36:34.185055 #27840]  INFO -- : R3T made a bet of 0 (fold) and is left with 2130 chips. The pot now contains 60 chips.
I, [2014-04-05T16:36:34.185398 #27840]  INFO -- : NoCo won 60
I, [2014-04-05T16:36:34.187570 #27840]  INFO -- : Player R3T responded with  (200)
I, [2014-04-05T16:36:34.190482 #27840]  INFO -- : Player Mr Bazinga responded with OK (200)
I, [2014-04-05T16:36:34.193025 #27840]  INFO -- : Player NoCo responded with  (200)
I, [2014-04-05T16:36:34.193486 #27840]  INFO -- : NoCo received hole_card 4 of Spades
I, [2014-04-05T16:36:34.193730 #27840]  INFO -- : R3T received hole_card King of Diamonds
I, [2014-04-05T16:36:34.193988 #27840]  INFO -- : NoCo received hole_card Ace of Diamonds
I, [2014-04-05T16:36:34.194217 #27840]  INFO -- : R3T received hole_card Queen of Diamonds
I, [2014-04-05T16:36:34.194721 #27840]  INFO -- : NoCo made a bet of 20 (raise) and is left with 850 chips. The pot now contains 20 chips.
I, [2014-04-05T16:36:34.195104 #27840]  INFO -- : R3T made a bet of 40 (raise) and is left with 2090 chips. The pot now contains 60 chips.
I, [2014-04-05T16:36:34.200368 #27840]  INFO -- : Player NoCo responded with 80 (200)
I, [2014-04-05T16:36:34.201143 #27840]  INFO -- : NoCo made a bet of 80 (raise) and is left with 770 chips. The pot now contains 140 chips.
I, [2014-04-05T16:36:34.208038 #27840]  INFO -- : Player R3T responded with 100 (200)
I, [2014-04-05T16:36:34.208922 #27840]  INFO -- : R3T made a bet of 60 (call) and is left with 2030 chips. The pot now contains 200 chips.
I, [2014-04-05T16:36:34.209668 #27840]  INFO -- : community card 8 of Hearts
I, [2014-04-05T16:36:34.210256 #27840]  INFO -- : community card 2 of Spades
I, [2014-04-05T16:36:34.210904 #27840]  INFO -- : community card 5 of Hearts
E, [2014-04-05T16:36:34.714394 #27840] ERROR -- : Net::ReadTimeout
E, [2014-04-05T16:36:34.714537 #27840] ERROR -- : Player NoCo is unreachable
I, [2014-04-05T16:36:34.714722 #27840]  INFO -- : NoCo made a bet of 0 (check) and is left with 770 chips. The pot now contains 200 chips.
I, [2014-04-05T16:36:34.877398 #27840]  INFO -- : Player R3T responded with 0 (200)
I, [2014-04-05T16:36:34.877646 #27840]  INFO -- : R3T made a bet of 0 (check) and is left with 2030 chips. The pot now contains 200 chips.
I, [2014-04-05T16:36:34.877904 #27840]  INFO -- : community card 8 of Clubs
E, [2014-04-05T16:36:35.380021 #27840] ERROR -- : Net::ReadTimeout
E, [2014-04-05T16:36:35.380367 #27840] ERROR -- : Player NoCo is unreachable
I, [2014-04-05T16:36:35.380832 #27840]  INFO -- : NoCo made a bet of 0 (check) and is left with 770 chips. The pot now contains 200 chips.
I, [2014-04-05T16:36:35.595507 #27840]  INFO -- : Player R3T responded with 140 (200)
I, [2014-04-05T16:36:35.596170 #27840]  INFO -- : R3T made a bet of 140 (raise) and is left with 1890 chips. The pot now contains 340 chips.
E, [2014-04-05T16:36:36.100007 #27840] ERROR -- : Net::ReadTimeout
E, [2014-04-05T16:36:36.100563 #27840] ERROR -- : Player NoCo is unreachable
I, [2014-04-05T16:36:36.101079 #27840]  INFO -- : NoCo made a bet of 0 (fold) and is left with 770 chips. The pot now contains 340 chips.
I, [2014-04-05T16:36:36.102287 #27840]  INFO -- : R3T won 340
I, [2014-04-05T16:36:36.109072 #27840]  INFO -- : Player R3T responded with  (200)
I, [2014-04-05T16:36:36.113518 #27840]  INFO -- : Player Mr Bazinga responded with OK (200)
E, [2014-04-05T16:36:36.617291 #27840] ERROR -- : Net::ReadTimeout
E, [2014-04-05T16:36:36.617618 #27840] ERROR -- : Player NoCo is unreachable
I, [2014-04-05T16:36:36.619109 #27840]  INFO -- : R3T received hole_card Jack of Diamonds
I, [2014-04-05T16:36:36.619645 #27840]  INFO -- : NoCo received hole_card 8 of Hearts
I, [2014-04-05T16:36:36.620169 #27840]  INFO -- : R3T received hole_card King of Spades
I, [2014-04-05T16:36:36.620716 #27840]  INFO -- : NoCo received hole_card 10 of Clubs
I, [2014-04-05T16:36:36.621552 #27840]  INFO -- : R3T made a bet of 20 (raise) and is left with 2210 chips. The pot now contains 20 chips.
I, [2014-04-05T16:36:36.622308 #27840]  INFO -- : NoCo made a bet of 40 (raise) and is left with 730 chips. The pot now contains 60 chips.
I, [2014-04-05T16:36:36.635843 #27840]  INFO -- : Player R3T responded with 60 (200)
I, [2014-04-05T16:36:36.636491 #27840]  INFO -- : R3T made a bet of 60 (raise) and is left with 2150 chips. The pot now contains 120 chips.
E, [2014-04-05T16:36:37.139566 #27840] ERROR -- : Net::ReadTimeout
E, [2014-04-05T16:36:37.139690 #27840] ERROR -- : Player NoCo is unreachable
I, [2014-04-05T16:36:37.139853 #27840]  INFO -- : NoCo made a bet of 0 (fold) and is left with 730 chips. The pot now contains 120 chips.
I, [2014-04-05T16:36:37.140262 #27840]  INFO -- : R3T won 120
I, [2014-04-05T16:36:37.142997 #27840]  INFO -- : Player R3T responded with  (200)
I, [2014-04-05T16:36:37.147933 #27840]  INFO -- : Player Mr Bazinga responded with OK (200)
E, [2014-04-05T16:36:37.649570 #27840] ERROR -- : Net::ReadTimeout
E, [2014-04-05T16:36:37.649704 #27840] ERROR -- : Player NoCo is unreachable
I, [2014-04-05T16:36:37.650154 #27840]  INFO -- : NoCo received hole_card 4 of Spades
I, [2014-04-05T16:36:37.650401 #27840]  INFO -- : R3T received hole_card 8 of Spades
I, [2014-04-05T16:36:37.650590 #27840]  INFO -- : NoCo received hole_card 2 of Diamonds
I, [2014-04-05T16:36:37.651008 #27840]  INFO -- : R3T received hole_card 10 of Spades
I, [2014-04-05T16:36:37.651480 #27840]  INFO -- : NoCo made a bet of 20 (raise) and is left with 710 chips. The pot now contains 20 chips.
I, [2014-04-05T16:36:37.651967 #27840]  INFO -- : R3T made a bet of 40 (raise) and is left with 2230 chips. The pot now contains 60 chips.
E, [2014-04-05T16:36:38.155740 #27840] ERROR -- : Net::ReadTimeout
E, [2014-04-05T16:36:38.155854 #27840] ERROR -- : Player NoCo is unreachable
I, [2014-04-05T16:36:38.156012 #27840]  INFO -- : NoCo made a bet of 0 (fold) and is left with 710 chips. The pot now contains 60 chips.
I, [2014-04-05T16:36:38.158727 #27840]  INFO -- : Player R3T responded with 0 (200)
I, [2014-04-05T16:36:38.158984 #27840]  INFO -- : R3T made a bet of 0 (check) and is left with 2230 chips. The pot now contains 60 chips.
I, [2014-04-05T16:36:38.159330 #27840]  INFO -- : R3T won 60
I, [2014-04-05T16:36:38.161894 #27840]  INFO -- : Player R3T responded with  (200)
I, [2014-04-05T16:36:38.163699 #27840]  INFO -- : Player Mr Bazinga responded with OK (200)
E, [2014-04-05T16:36:38.665920 #27840] ERROR -- : Net::ReadTimeout
E, [2014-04-05T16:36:38.666292 #27840] ERROR -- : Player NoCo is unreachable
I, [2014-04-05T16:36:38.666955 #27840]  INFO -- : R3T received hole_card 9 of Spades
I, [2014-04-05T16:36:38.667109 #27840]  INFO -- : NoCo received hole_card 4 of Diamonds
I, [2014-04-05T16:36:38.667341 #27840]  INFO -- : R3T received hole_card Ace of Spades
I, [2014-04-05T16:36:38.667497 #27840]  INFO -- : NoCo received hole_card 9 of Diamonds
I, [2014-04-05T16:36:38.668479 #27840]  INFO -- : R3T made a bet of 20 (raise) and is left with 2270 chips. The pot now contains 20 chips.
I, [2014-04-05T16:36:38.669177 #27840]  INFO -- : NoCo made a bet of 40 (raise) and is left with 670 chips. The pot now contains 60 chips.
I, [2014-04-05T16:36:38.675235 #27840]  INFO -- : Player R3T responded with 80 (200)
I, [2014-04-05T16:36:38.675571 #27840]  INFO -- : R3T made a bet of 80 (raise) and is left with 2190 chips. The pot now contains 140 chips.
I, [2014-04-05T16:36:38.790247 #27840]  INFO -- : Player NoCo responded with 0 (200)
I, [2014-04-05T16:36:38.790922 #27840]  INFO -- : NoCo made a bet of 0 (fold) and is left with 670 chips. The pot now contains 140 chips.
I, [2014-04-05T16:36:38.791974 #27840]  INFO -- : R3T won 140
I, [2014-04-05T16:36:38.796973 #27840]  INFO -- : Player R3T responded with  (200)
I, [2014-04-05T16:36:38.800282 #27840]  INFO -- : Player Mr Bazinga responded with OK (200)
I, [2014-04-05T16:36:38.803447 #27840]  INFO -- : Player NoCo responded with  (200)
I, [2014-04-05T16:36:38.803738 #27840]  INFO -- : NoCo received hole_card 10 of Spades
I, [2014-04-05T16:36:38.803895 #27840]  INFO -- : R3T received hole_card 8 of Clubs
I, [2014-04-05T16:36:38.804073 #27840]  INFO -- : NoCo received hole_card 2 of Spades
I, [2014-04-05T16:36:38.804228 #27840]  INFO -- : R3T received hole_card 9 of Hearts
I, [2014-04-05T16:36:38.804545 #27840]  INFO -- : NoCo made a bet of 20 (raise) and is left with 650 chips. The pot now contains 20 chips.
I, [2014-04-05T16:36:38.804804 #27840]  INFO -- : R3T made a bet of 40 (raise) and is left with 2290 chips. The pot now contains 60 chips.
I, [2014-04-05T16:36:38.808761 #27840]  INFO -- : Player NoCo responded with 0 (200)
I, [2014-04-05T16:36:38.809265 #27840]  INFO -- : NoCo made a bet of 0 (fold) and is left with 650 chips. The pot now contains 60 chips.
I, [2014-04-05T16:36:38.813023 #27840]  INFO -- : Player R3T responded with 40 (200)
I, [2014-04-05T16:36:38.813691 #27840]  INFO -- : R3T made a bet of 40 (raise) and is left with 2250 chips. The pot now contains 100 chips.
I, [2014-04-05T16:36:38.814418 #27840]  INFO -- : R3T won 100
I, [2014-04-05T16:36:38.819727 #27840]  INFO -- : Player R3T responded with  (200)
I, [2014-04-05T16:36:38.823541 #27840]  INFO -- : Player Mr Bazinga responded with OK (200)
I, [2014-04-05T16:36:38.826255 #27840]  INFO -- : Player NoCo responded with  (200)
I, [2014-04-05T16:36:38.826799 #27840]  INFO -- : R3T received hole_card 5 of Clubs
I, [2014-04-05T16:36:38.827114 #27840]  INFO -- : NoCo received hole_card 5 of Diamonds
I, [2014-04-05T16:36:38.827516 #27840]  INFO -- : R3T received hole_card Queen of Hearts
I, [2014-04-05T16:36:38.827902 #27840]  INFO -- : NoCo received hole_card 8 of Hearts
I, [2014-04-05T16:36:38.828483 #27840]  INFO -- : R3T made a bet of 20 (raise) and is left with 2330 chips. The pot now contains 20 chips.
I, [2014-04-05T16:36:38.828983 #27840]  INFO -- : NoCo made a bet of 40 (raise) and is left with 610 chips. The pot now contains 60 chips.
I, [2014-04-05T16:36:38.833167 #27840]  INFO -- : Player R3T responded with 0 (200)
I, [2014-04-05T16:36:38.833388 #27840]  INFO -- : R3T made a bet of 0 (fold) and is left with 2330 chips. The pot now contains 60 chips.
I, [2014-04-05T16:36:38.833767 #27840]  INFO -- : NoCo won 60
I, [2014-04-05T16:36:38.838553 #27840]  INFO -- : Player R3T responded with  (200)
I, [2014-04-05T16:36:38.842792 #27840]  INFO -- : Player Mr Bazinga responded with OK (200)
I, [2014-04-05T16:36:38.847142 #27840]  INFO -- : Player NoCo responded with  (200)
I, [2014-04-05T16:36:38.848545 #27840]  INFO -- : NoCo received hole_card 10 of Diamonds
I, [2014-04-05T16:36:38.849416 #27840]  INFO -- : R3T received hole_card 6 of Diamonds
I, [2014-04-05T16:36:38.850084 #27840]  INFO -- : NoCo received hole_card 9 of Clubs
I, [2014-04-05T16:36:38.850521 #27840]  INFO -- : R3T received hole_card Ace of Clubs
I, [2014-04-05T16:36:38.851253 #27840]  INFO -- : NoCo made a bet of 40 (raise) and is left with 630 chips. The pot now contains 40 chips.
I, [2014-04-05T16:36:38.852178 #27840]  INFO -- : R3T made a bet of 80 (raise) and is left with 2250 chips. The pot now contains 120 chips.
I, [2014-04-05T16:36:38.857930 #27840]  INFO -- : Player NoCo responded with 80 (200)
I, [2014-04-05T16:36:38.858336 #27840]  INFO -- : NoCo made a bet of 80 (raise) and is left with 550 chips. The pot now contains 200 chips.
I, [2014-04-05T16:36:38.861773 #27840]  INFO -- : Player R3T responded with 0 (200)
I, [2014-04-05T16:36:38.862053 #27840]  INFO -- : R3T made a bet of 0 (fold) and is left with 2250 chips. The pot now contains 200 chips.
I, [2014-04-05T16:36:38.862396 #27840]  INFO -- : NoCo won 200
I, [2014-04-05T16:36:38.867408 #27840]  INFO -- : Player R3T responded with  (200)
I, [2014-04-05T16:36:38.870207 #27840]  INFO -- : Player Mr Bazinga responded with OK (200)
I, [2014-04-05T16:36:38.872307 #27840]  INFO -- : Player NoCo responded with  (200)
I, [2014-04-05T16:36:38.872755 #27840]  INFO -- : R3T received hole_card 9 of Diamonds
I, [2014-04-05T16:36:38.872915 #27840]  INFO -- : NoCo received hole_card 9 of Hearts
I, [2014-04-05T16:36:38.873091 #27840]  INFO -- : R3T received hole_card 6 of Hearts
I, [2014-04-05T16:36:38.873292 #27840]  INFO -- : NoCo received hole_card 6 of Spades
I, [2014-04-05T16:36:38.873648 #27840]  INFO -- : R3T made a bet of 40 (raise) and is left with 2210 chips. The pot now contains 40 chips.
I, [2014-04-05T16:36:38.873966 #27840]  INFO -- : NoCo made a bet of 80 (raise) and is left with 670 chips. The pot now contains 120 chips.
I, [2014-04-05T16:36:38.878308 #27840]  INFO -- : Player R3T responded with 0 (200)
I, [2014-04-05T16:36:38.878583 #27840]  INFO -- : R3T made a bet of 0 (fold) and is left with 2210 chips. The pot now contains 120 chips.
I, [2014-04-05T16:36:38.878971 #27840]  INFO -- : NoCo won 120
I, [2014-04-05T16:36:38.883246 #27840]  INFO -- : Player R3T responded with  (200)
I, [2014-04-05T16:36:38.886293 #27840]  INFO -- : Player Mr Bazinga responded with OK (200)
I, [2014-04-05T16:36:38.889815 #27840]  INFO -- : Player NoCo responded with  (200)
I, [2014-04-05T16:36:38.890681 #27840]  INFO -- : NoCo received hole_card Ace of Spades
I, [2014-04-05T16:36:38.891241 #27840]  INFO -- : R3T received hole_card 5 of Diamonds
I, [2014-04-05T16:36:38.891806 #27840]  INFO -- : NoCo received hole_card Jack of Diamonds
I, [2014-04-05T16:36:38.892544 #27840]  INFO -- : R3T received hole_card 6 of Spades
I, [2014-04-05T16:36:38.893468 #27840]  INFO -- : NoCo made a bet of 40 (raise) and is left with 750 chips. The pot now contains 40 chips.
I, [2014-04-05T16:36:38.894395 #27840]  INFO -- : R3T made a bet of 80 (raise) and is left with 2130 chips. The pot now contains 120 chips.
I, [2014-04-05T16:36:38.899432 #27840]  INFO -- : Player NoCo responded with 750 (200)
I, [2014-04-05T16:36:38.900498 #27840]  INFO -- : NoCo made a bet of 750 (allin) and is left with 0 chips. The pot now contains 870 chips.
I, [2014-04-05T16:36:38.907410 #27840]  INFO -- : Player R3T responded with 790 (200)
I, [2014-04-05T16:36:38.907828 #27840]  INFO -- : R3T made a bet of 710 (call) and is left with 1420 chips. The pot now contains 1580 chips.
I, [2014-04-05T16:36:38.908316 #27840]  INFO -- : community card 7 of Hearts
I, [2014-04-05T16:36:38.908936 #27840]  INFO -- : community card 7 of Clubs
I, [2014-04-05T16:36:38.909551 #27840]  INFO -- : community card King of Diamonds
I, [2014-04-05T16:36:38.910159 #27840]  INFO -- : community card 7 of Spades
I, [2014-04-05T16:36:38.910843 #27840]  INFO -- : community card 4 of Clubs
I, [2014-04-05T16:36:38.912537 #27840]  INFO -- : NoCo showed 7 of Clubs,7 of Hearts,7 of Spades,King of Diamonds,Ace of Spades making a three of a kind
I, [2014-04-05T16:36:38.913779 #27840]  INFO -- : NoCo won 1580
I, [2014-04-05T16:36:38.919994 #27840]  INFO -- : Player R3T responded with  (200)
I, [2014-04-05T16:36:38.925198 #27840]  INFO -- : Player Mr Bazinga responded with OK (200)
I, [2014-04-05T16:36:38.929378 #27840]  INFO -- : Player NoCo responded with  (200)
I, [2014-04-05T16:36:38.929849 #27840]  INFO -- : R3T received hole_card Ace of Spades
I, [2014-04-05T16:36:38.930142 #27840]  INFO -- : NoCo received hole_card King of Hearts
I, [2014-04-05T16:36:38.930410 #27840]  INFO -- : R3T received hole_card Queen of Spades
I, [2014-04-05T16:36:38.930693 #27840]  INFO -- : NoCo received hole_card King of Spades
I, [2014-04-05T16:36:38.931144 #27840]  INFO -- : R3T made a bet of 40 (raise) and is left with 1380 chips. The pot now contains 40 chips.
I, [2014-04-05T16:36:38.931587 #27840]  INFO -- : NoCo made a bet of 80 (raise) and is left with 1500 chips. The pot now contains 120 chips.
I, [2014-04-05T16:36:38.935283 #27840]  INFO -- : Player R3T responded with 200 (200)
I, [2014-04-05T16:36:38.935766 #27840]  INFO -- : R3T made a bet of 200 (raise) and is left with 1180 chips. The pot now contains 320 chips.
I, [2014-04-05T16:36:38.940824 #27840]  INFO -- : Player NoCo responded with 1500 (200)
I, [2014-04-05T16:36:38.941149 #27840]  INFO -- : NoCo made a bet of 1500 (allin) and is left with 0 chips. The pot now contains 1820 chips.
I, [2014-04-05T16:36:38.943783 #27840]  INFO -- : Player R3T responded with 5600 (200)
I, [2014-04-05T16:36:38.944034 #27840]  INFO -- : R3T made a bet of 1180 (allin) and is left with 0 chips. The pot now contains 3000 chips.
I, [2014-04-05T16:36:38.944298 #27840]  INFO -- : community card 4 of Clubs
I, [2014-04-05T16:36:38.944490 #27840]  INFO -- : community card 7 of Hearts
I, [2014-04-05T16:36:38.944684 #27840]  INFO -- : community card Jack of Clubs
I, [2014-04-05T16:36:38.944878 #27840]  INFO -- : community card 7 of Diamonds
I, [2014-04-05T16:36:38.945078 #27840]  INFO -- : community card 10 of Clubs
I, [2014-04-05T16:36:38.945517 #27840]  INFO -- : NoCo showed 7 of Hearts,7 of Diamonds,Jack of Clubs,King of Spades,King of Hearts making a two pairs
I, [2014-04-05T16:36:38.945883 #27840]  INFO -- : NoCo won 3000
I, [2014-04-05T16:36:38.948034 #27840]  INFO -- : Player R3T responded with  (200)
I, [2014-04-05T16:36:38.949733 #27840]  INFO -- : Player Mr Bazinga responded with OK (200)
I, [2014-04-05T16:36:38.951447 #27840]  INFO -- : Player NoCo responded with  (200)
