# Logfile created on 2014-04-05 16:07:24 +0200 by logger.rb/44203
I, [2014-04-05T16:07:24.321200 #18595]  INFO -- : Reseting R3T to origin/master
I, [2014-04-05T16:07:25.169435 #18595]  INFO -- : Reseting Mr Bazinga to origin/master
I, [2014-04-05T16:07:26.014526 #18595]  INFO -- : Reseting NoCo to origin/master
I, [2014-04-05T16:07:27.826714 #18595]  INFO -- : Connected R3T at http://localhost:8080/
I, [2014-04-05T16:07:27.829334 #18595]  INFO -- : Connected Mr Bazinga at http://localhost:1337/
I, [2014-04-05T16:07:27.831615 #18595]  INFO -- : Connected NoCo at http://localhost:8000/player_service.php
E, [2014-04-05T16:07:27.833443 #18595] ERROR -- : Connection refused - connect(2) for "localhost" port 8080
E, [2014-04-05T16:07:27.833567 #18595] ERROR -- : Player R3T is unreachable
I, [2014-04-05T16:07:27.833649 #18595]  INFO -- : Waiting for players to start
E, [2014-04-05T16:07:28.834310 #18595] ERROR -- : Connection refused - connect(2) for "localhost" port 8080
E, [2014-04-05T16:07:28.834440 #18595] ERROR -- : Player R3T is unreachable
I, [2014-04-05T16:07:28.834500 #18595]  INFO -- : Waiting for players to start
E, [2014-04-05T16:07:29.836085 #18595] ERROR -- : Connection refused - connect(2) for "localhost" port 8080
E, [2014-04-05T16:07:29.836264 #18595] ERROR -- : Player R3T is unreachable
I, [2014-04-05T16:07:29.836382 #18595]  INFO -- : Waiting for players to start
E, [2014-04-05T16:07:30.837034 #18595] ERROR -- : Connection refused - connect(2) for "localhost" port 8080
E, [2014-04-05T16:07:30.837291 #18595] ERROR -- : Player R3T is unreachable
I, [2014-04-05T16:07:30.837385 #18595]  INFO -- : Waiting for players to start
E, [2014-04-05T16:07:31.837997 #18595] ERROR -- : Connection refused - connect(2) for "localhost" port 8080
E, [2014-04-05T16:07:31.838148 #18595] ERROR -- : Player R3T is unreachable
I, [2014-04-05T16:07:31.838241 #18595]  INFO -- : Waiting for players to start
E, [2014-04-05T16:07:32.844836 #18595] ERROR -- : Connection refused - connect(2) for "localhost" port 8080
E, [2014-04-05T16:07:32.845003 #18595] ERROR -- : Player R3T is unreachable
I, [2014-04-05T16:07:32.845083 #18595]  INFO -- : Waiting for players to start
E, [2014-04-05T16:07:33.845732 #18595] ERROR -- : Connection refused - connect(2) for "localhost" port 8080
E, [2014-04-05T16:07:33.845872 #18595] ERROR -- : Player R3T is unreachable
I, [2014-04-05T16:07:33.845957 #18595]  INFO -- : Waiting for players to start
E, [2014-04-05T16:07:34.853102 #18595] ERROR -- : Connection refused - connect(2) for "localhost" port 8080
E, [2014-04-05T16:07:34.853283 #18595] ERROR -- : Player R3T is unreachable
I, [2014-04-05T16:07:34.853390 #18595]  INFO -- : Waiting for players to start
E, [2014-04-05T16:07:35.854925 #18595] ERROR -- : Connection refused - connect(2) for "localhost" port 8080
E, [2014-04-05T16:07:35.855703 #18595] ERROR -- : Player R3T is unreachable
I, [2014-04-05T16:07:35.855985 #18595]  INFO -- : Waiting for players to start
E, [2014-04-05T16:07:36.856841 #18595] ERROR -- : Connection refused - connect(2) for "localhost" port 8080
E, [2014-04-05T16:07:36.857024 #18595] ERROR -- : Player R3T is unreachable
I, [2014-04-05T16:07:36.857116 #18595]  INFO -- : Waiting for players to start
E, [2014-04-05T16:07:37.870170 #18595] ERROR -- : Connection refused - connect(2) for "localhost" port 8080
E, [2014-04-05T16:07:37.870992 #18595] ERROR -- : Player R3T is unreachable
I, [2014-04-05T16:07:37.871353 #18595]  INFO -- : Waiting for players to start
E, [2014-04-05T16:07:38.871927 #18595] ERROR -- : Connection refused - connect(2) for "localhost" port 8080
E, [2014-04-05T16:07:38.872115 #18595] ERROR -- : Player R3T is unreachable
I, [2014-04-05T16:07:38.872233 #18595]  INFO -- : Waiting for players to start
E, [2014-04-05T16:07:39.886403 #18595] ERROR -- : Connection refused - connect(2) for "localhost" port 8080
E, [2014-04-05T16:07:39.886717 #18595] ERROR -- : Player R3T is unreachable
I, [2014-04-05T16:07:39.886900 #18595]  INFO -- : Waiting for players to start
E, [2014-04-05T16:07:40.896171 #18595] ERROR -- : Connection refused - connect(2) for "localhost" port 8080
E, [2014-04-05T16:07:40.896400 #18595] ERROR -- : Player R3T is unreachable
I, [2014-04-05T16:07:40.896523 #18595]  INFO -- : Waiting for players to start
E, [2014-04-05T16:07:41.897129 #18595] ERROR -- : Connection refused - connect(2) for "localhost" port 8080
E, [2014-04-05T16:07:41.897300 #18595] ERROR -- : Player R3T is unreachable
I, [2014-04-05T16:07:41.897362 #18595]  INFO -- : Waiting for players to start
E, [2014-04-05T16:07:42.900095 #18595] ERROR -- : Connection refused - connect(2) for "localhost" port 8080
E, [2014-04-05T16:07:42.900246 #18595] ERROR -- : Player R3T is unreachable
I, [2014-04-05T16:07:42.900339 #18595]  INFO -- : Waiting for players to start
E, [2014-04-05T16:07:44.402703 #18595] ERROR -- : Net::ReadTimeout
E, [2014-04-05T16:07:44.402857 #18595] ERROR -- : Player R3T is unreachable
I, [2014-04-05T16:07:44.402946 #18595]  INFO -- : Waiting for players to start
I, [2014-04-05T16:07:45.406660 #18595]  INFO -- : Player R3T responded with  (200)
I, [2014-04-05T16:07:45.421945 #18595]  INFO -- : Player Mr Bazinga responded with OK (200)
I, [2014-04-05T16:07:45.424397 #18595]  INFO -- : Player NoCo responded with  (200)
I, [2014-04-05T16:07:45.424735 #18595]  INFO -- : Players are running
I, [2014-04-05T16:07:45.446191 #18595]  INFO -- : Player R3T responded with v0.41 (200)
I, [2014-04-05T16:07:45.453347 #18595]  INFO -- : Player Mr Bazinga responded with Super AI 1.0 (200)
I, [2014-04-05T16:07:45.457283 #18595]  INFO -- : Player NoCo responded with NoCo1607 (200)
I, [2014-04-05T16:07:45.457606 #18595]  INFO -- : Mr Bazinga received hole_card 5 of Hearts
I, [2014-04-05T16:07:45.457896 #18595]  INFO -- : NoCo received hole_card Ace of Spades
I, [2014-04-05T16:07:45.458317 #18595]  INFO -- : R3T received hole_card 4 of Hearts
I, [2014-04-05T16:07:45.458611 #18595]  INFO -- : Mr Bazinga received hole_card 6 of Hearts
I, [2014-04-05T16:07:45.458876 #18595]  INFO -- : NoCo received hole_card 10 of Hearts
I, [2014-04-05T16:07:45.459209 #18595]  INFO -- : R3T received hole_card 2 of Diamonds
I, [2014-04-05T16:07:45.461403 #18595]  INFO -- : Mr Bazinga made a bet of 10 (raise) and is left with 990 chips. The pot now contains 10 chips.
I, [2014-04-05T16:07:45.462192 #18595]  INFO -- : NoCo made a bet of 20 (raise) and is left with 980 chips. The pot now contains 30 chips.
I, [2014-04-05T16:07:45.527393 #18595]  INFO -- : Player R3T responded with 0 (200)
I, [2014-04-05T16:07:45.527766 #18595]  INFO -- : R3T made a bet of 0 (fold) and is left with 1000 chips. The pot now contains 30 chips.
I, [2014-04-05T16:07:45.533758 #18595]  INFO -- : Player Mr Bazinga responded with 0 (200)
I, [2014-04-05T16:07:45.534317 #18595]  INFO -- : Mr Bazinga made a bet of 0 (fold) and is left with 990 chips. The pot now contains 30 chips.
I, [2014-04-05T16:07:45.539041 #18595]  INFO -- : Player NoCo responded with 180 (200)
I, [2014-04-05T16:07:45.539318 #18595]  INFO -- : NoCo made a bet of 180 (raise) and is left with 800 chips. The pot now contains 210 chips.
I, [2014-04-05T16:07:45.540303 #18595]  INFO -- : NoCo won 210
I, [2014-04-05T16:07:45.543475 #18595]  INFO -- : Player R3T responded with  (200)
I, [2014-04-05T16:07:45.545597 #18595]  INFO -- : Player Mr Bazinga responded with OK (200)
I, [2014-04-05T16:07:45.548778 #18595]  INFO -- : Player NoCo responded with  (200)
I, [2014-04-05T16:07:45.549775 #18595]  INFO -- : NoCo received hole_card 10 of Spades
I, [2014-04-05T16:07:45.550545 #18595]  INFO -- : R3T received hole_card Ace of Clubs
I, [2014-04-05T16:07:45.551280 #18595]  INFO -- : Mr Bazinga received hole_card 7 of Clubs
I, [2014-04-05T16:07:45.551804 #18595]  INFO -- : NoCo received hole_card 4 of Spades
I, [2014-04-05T16:07:45.552311 #18595]  INFO -- : R3T received hole_card Ace of Hearts
I, [2014-04-05T16:07:45.552539 #18595]  INFO -- : Mr Bazinga received hole_card Queen of Diamonds
I, [2014-04-05T16:07:45.552863 #18595]  INFO -- : NoCo made a bet of 10 (raise) and is left with 1000 chips. The pot now contains 10 chips.
I, [2014-04-05T16:07:45.553144 #18595]  INFO -- : R3T made a bet of 20 (raise) and is left with 980 chips. The pot now contains 30 chips.
I, [2014-04-05T16:07:45.555879 #18595]  INFO -- : Player Mr Bazinga responded with 0 (200)
I, [2014-04-05T16:07:45.556177 #18595]  INFO -- : Mr Bazinga made a bet of 0 (fold) and is left with 990 chips. The pot now contains 30 chips.
I, [2014-04-05T16:07:45.558903 #18595]  INFO -- : Player NoCo responded with 0 (200)
I, [2014-04-05T16:07:45.559391 #18595]  INFO -- : NoCo made a bet of 0 (fold) and is left with 1000 chips. The pot now contains 30 chips.
I, [2014-04-05T16:07:45.564649 #18595]  INFO -- : Player R3T responded with 50 (200)
I, [2014-04-05T16:07:45.564918 #18595]  INFO -- : R3T made a bet of 50 (raise) and is left with 930 chips. The pot now contains 80 chips.
I, [2014-04-05T16:07:45.565298 #18595]  INFO -- : R3T won 80
I, [2014-04-05T16:07:45.567579 #18595]  INFO -- : Player R3T responded with  (200)
I, [2014-04-05T16:07:45.570906 #18595]  INFO -- : Player Mr Bazinga responded with OK (200)
I, [2014-04-05T16:07:45.573496 #18595]  INFO -- : Player NoCo responded with  (200)
I, [2014-04-05T16:07:45.573775 #18595]  INFO -- : R3T received hole_card 3 of Clubs
I, [2014-04-05T16:07:45.573941 #18595]  INFO -- : Mr Bazinga received hole_card 10 of Diamonds
I, [2014-04-05T16:07:45.574107 #18595]  INFO -- : NoCo received hole_card Jack of Diamonds
I, [2014-04-05T16:07:45.574259 #18595]  INFO -- : R3T received hole_card Ace of Hearts
I, [2014-04-05T16:07:45.574448 #18595]  INFO -- : Mr Bazinga received hole_card 5 of Spades
I, [2014-04-05T16:07:45.574640 #18595]  INFO -- : NoCo received hole_card 7 of Diamonds
I, [2014-04-05T16:07:45.574965 #18595]  INFO -- : R3T made a bet of 10 (raise) and is left with 1000 chips. The pot now contains 10 chips.
I, [2014-04-05T16:07:45.576532 #18595]  INFO -- : Mr Bazinga made a bet of 20 (raise) and is left with 970 chips. The pot now contains 30 chips.
I, [2014-04-05T16:07:45.579942 #18595]  INFO -- : Player NoCo responded with 80 (200)
I, [2014-04-05T16:07:45.580401 #18595]  INFO -- : NoCo made a bet of 80 (raise) and is left with 920 chips. The pot now contains 110 chips.
I, [2014-04-05T16:07:45.585615 #18595]  INFO -- : Player R3T responded with 0 (200)
I, [2014-04-05T16:07:45.586109 #18595]  INFO -- : R3T made a bet of 0 (fold) and is left with 1000 chips. The pot now contains 110 chips.
I, [2014-04-05T16:07:45.588744 #18595]  INFO -- : Player Mr Bazinga responded with 0 (200)
I, [2014-04-05T16:07:45.589285 #18595]  INFO -- : Mr Bazinga made a bet of 0 (fold) and is left with 970 chips. The pot now contains 110 chips.
I, [2014-04-05T16:07:45.589924 #18595]  INFO -- : NoCo won 110
I, [2014-04-05T16:07:45.593837 #18595]  INFO -- : Player R3T responded with  (200)
I, [2014-04-05T16:07:45.598138 #18595]  INFO -- : Player Mr Bazinga responded with OK (200)
I, [2014-04-05T16:07:45.601823 #18595]  INFO -- : Player NoCo responded with  (200)
I, [2014-04-05T16:07:45.602718 #18595]  INFO -- : Mr Bazinga received hole_card 4 of Diamonds
I, [2014-04-05T16:07:45.603316 #18595]  INFO -- : NoCo received hole_card King of Hearts
I, [2014-04-05T16:07:45.603867 #18595]  INFO -- : R3T received hole_card 6 of Hearts
I, [2014-04-05T16:07:45.604462 #18595]  INFO -- : Mr Bazinga received hole_card 3 of Clubs
I, [2014-04-05T16:07:45.605053 #18595]  INFO -- : NoCo received hole_card 10 of Clubs
I, [2014-04-05T16:07:45.605619 #18595]  INFO -- : R3T received hole_card 2 of Spades
I, [2014-04-05T16:07:45.606368 #18595]  INFO -- : Mr Bazinga made a bet of 10 (raise) and is left with 960 chips. The pot now contains 10 chips.
I, [2014-04-05T16:07:45.607076 #18595]  INFO -- : NoCo made a bet of 20 (raise) and is left with 1010 chips. The pot now contains 30 chips.
I, [2014-04-05T16:07:45.613081 #18595]  INFO -- : Player R3T responded with 0 (200)
I, [2014-04-05T16:07:45.613882 #18595]  INFO -- : R3T made a bet of 0 (fold) and is left with 1000 chips. The pot now contains 30 chips.
I, [2014-04-05T16:07:45.620385 #18595]  INFO -- : Player Mr Bazinga responded with 0 (200)
I, [2014-04-05T16:07:45.621283 #18595]  INFO -- : Mr Bazinga made a bet of 0 (fold) and is left with 960 chips. The pot now contains 30 chips.
I, [2014-04-05T16:07:45.626187 #18595]  INFO -- : Player NoCo responded with 180 (200)
I, [2014-04-05T16:07:45.626480 #18595]  INFO -- : NoCo made a bet of 180 (raise) and is left with 830 chips. The pot now contains 210 chips.
I, [2014-04-05T16:07:45.627301 #18595]  INFO -- : NoCo won 210
I, [2014-04-05T16:07:45.630677 #18595]  INFO -- : Player R3T responded with  (200)
I, [2014-04-05T16:07:45.633137 #18595]  INFO -- : Player Mr Bazinga responded with OK (200)
I, [2014-04-05T16:07:45.634948 #18595]  INFO -- : Player NoCo responded with  (200)
I, [2014-04-05T16:07:45.635255 #18595]  INFO -- : NoCo received hole_card 5 of Clubs
I, [2014-04-05T16:07:45.635425 #18595]  INFO -- : R3T received hole_card Queen of Clubs
I, [2014-04-05T16:07:45.635570 #18595]  INFO -- : Mr Bazinga received hole_card Jack of Clubs
I, [2014-04-05T16:07:45.635744 #18595]  INFO -- : NoCo received hole_card 4 of Spades
I, [2014-04-05T16:07:45.635922 #18595]  INFO -- : R3T received hole_card 5 of Spades
I, [2014-04-05T16:07:45.636187 #18595]  INFO -- : Mr Bazinga received hole_card Jack of Hearts
I, [2014-04-05T16:07:45.636582 #18595]  INFO -- : NoCo made a bet of 10 (raise) and is left with 1030 chips. The pot now contains 10 chips.
I, [2014-04-05T16:07:45.636913 #18595]  INFO -- : R3T made a bet of 20 (raise) and is left with 980 chips. The pot now contains 30 chips.
I, [2014-04-05T16:07:45.639044 #18595]  INFO -- : Player Mr Bazinga responded with 230 (200)
I, [2014-04-05T16:07:45.639420 #18595]  INFO -- : Mr Bazinga made a bet of 230 (raise) and is left with 730 chips. The pot now contains 260 chips.
I, [2014-04-05T16:07:45.642053 #18595]  INFO -- : Player NoCo responded with 0 (200)
I, [2014-04-05T16:07:45.642543 #18595]  INFO -- : NoCo made a bet of 0 (fold) and is left with 1030 chips. The pot now contains 260 chips.
I, [2014-04-05T16:07:45.647097 #18595]  INFO -- : Player R3T responded with 0 (200)
I, [2014-04-05T16:07:45.647502 #18595]  INFO -- : R3T made a bet of 0 (fold) and is left with 980 chips. The pot now contains 260 chips.
I, [2014-04-05T16:07:45.648467 #18595]  INFO -- : Mr Bazinga won 260
I, [2014-04-05T16:07:45.653118 #18595]  INFO -- : Player R3T responded with  (200)
I, [2014-04-05T16:07:45.657342 #18595]  INFO -- : Player Mr Bazinga responded with OK (200)
I, [2014-04-05T16:07:45.661950 #18595]  INFO -- : Player NoCo responded with  (200)
I, [2014-04-05T16:07:45.662677 #18595]  INFO -- : R3T received hole_card 10 of Hearts
I, [2014-04-05T16:07:45.663086 #18595]  INFO -- : Mr Bazinga received hole_card 8 of Spades
I, [2014-04-05T16:07:45.663499 #18595]  INFO -- : NoCo received hole_card King of Clubs
I, [2014-04-05T16:07:45.663935 #18595]  INFO -- : R3T received hole_card 3 of Clubs
I, [2014-04-05T16:07:45.664408 #18595]  INFO -- : Mr Bazinga received hole_card 4 of Diamonds
I, [2014-04-05T16:07:45.664851 #18595]  INFO -- : NoCo received hole_card Jack of Spades
I, [2014-04-05T16:07:45.665551 #18595]  INFO -- : R3T made a bet of 10 (raise) and is left with 970 chips. The pot now contains 10 chips.
I, [2014-04-05T16:07:45.666194 #18595]  INFO -- : Mr Bazinga made a bet of 20 (raise) and is left with 970 chips. The pot now contains 30 chips.
I, [2014-04-05T16:07:45.669326 #18595]  INFO -- : Player NoCo responded with 2000 (200)
I, [2014-04-05T16:07:45.669995 #18595]  INFO -- : NoCo made a bet of 1030 (allin) and is left with 0 chips. The pot now contains 1060 chips.
I, [2014-04-05T16:07:45.677914 #18595]  INFO -- : Player R3T responded with 0 (200)
I, [2014-04-05T16:07:45.678323 #18595]  INFO -- : R3T made a bet of 0 (fold) and is left with 970 chips. The pot now contains 1060 chips.
I, [2014-04-05T16:07:45.683044 #18595]  INFO -- : Player Mr Bazinga responded with 0 (200)
I, [2014-04-05T16:07:45.683664 #18595]  INFO -- : Mr Bazinga made a bet of 0 (fold) and is left with 970 chips. The pot now contains 1060 chips.
I, [2014-04-05T16:07:45.685182 #18595]  INFO -- : NoCo won 1060
I, [2014-04-05T16:07:45.689388 #18595]  INFO -- : Player R3T responded with  (200)
I, [2014-04-05T16:07:45.693633 #18595]  INFO -- : Player Mr Bazinga responded with OK (200)
I, [2014-04-05T16:07:45.695229 #18595]  INFO -- : Player NoCo responded with  (200)
I, [2014-04-05T16:07:45.695528 #18595]  INFO -- : Mr Bazinga received hole_card 10 of Hearts
I, [2014-04-05T16:07:45.695711 #18595]  INFO -- : NoCo received hole_card 7 of Clubs
I, [2014-04-05T16:07:45.695886 #18595]  INFO -- : R3T received hole_card 10 of Spades
I, [2014-04-05T16:07:45.696073 #18595]  INFO -- : Mr Bazinga received hole_card 8 of Diamonds
I, [2014-04-05T16:07:45.696327 #18595]  INFO -- : NoCo received hole_card 6 of Spades
I, [2014-04-05T16:07:45.696576 #18595]  INFO -- : R3T received hole_card Jack of Spades
I, [2014-04-05T16:07:45.696960 #18595]  INFO -- : Mr Bazinga made a bet of 10 (raise) and is left with 960 chips. The pot now contains 10 chips.
I, [2014-04-05T16:07:45.697290 #18595]  INFO -- : NoCo made a bet of 20 (raise) and is left with 1040 chips. The pot now contains 30 chips.
I, [2014-04-05T16:07:45.701996 #18595]  INFO -- : Player R3T responded with 40 (200)
I, [2014-04-05T16:07:45.702246 #18595]  INFO -- : R3T made a bet of 40 (raise) and is left with 930 chips. The pot now contains 70 chips.
I, [2014-04-05T16:07:45.705251 #18595]  INFO -- : Player Mr Bazinga responded with 0 (200)
I, [2014-04-05T16:07:45.705708 #18595]  INFO -- : Mr Bazinga made a bet of 0 (fold) and is left with 960 chips. The pot now contains 70 chips.
I, [2014-04-05T16:07:45.710221 #18595]  INFO -- : Player NoCo responded with 0 (200)
I, [2014-04-05T16:07:45.710714 #18595]  INFO -- : NoCo made a bet of 0 (fold) and is left with 1040 chips. The pot now contains 70 chips.
I, [2014-04-05T16:07:45.711262 #18595]  INFO -- : R3T won 70
I, [2014-04-05T16:07:45.715144 #18595]  INFO -- : Player R3T responded with  (200)
I, [2014-04-05T16:07:45.720307 #18595]  INFO -- : Player Mr Bazinga responded with OK (200)
I, [2014-04-05T16:07:45.722920 #18595]  INFO -- : Player NoCo responded with  (200)
I, [2014-04-05T16:07:45.723909 #18595]  INFO -- : NoCo received hole_card 3 of Diamonds
I, [2014-04-05T16:07:45.724626 #18595]  INFO -- : R3T received hole_card 4 of Diamonds
I, [2014-04-05T16:07:45.725362 #18595]  INFO -- : Mr Bazinga received hole_card 7 of Clubs
I, [2014-04-05T16:07:45.726018 #18595]  INFO -- : NoCo received hole_card 4 of Hearts
I, [2014-04-05T16:07:45.726689 #18595]  INFO -- : R3T received hole_card 4 of Clubs
I, [2014-04-05T16:07:45.727148 #18595]  INFO -- : Mr Bazinga received hole_card Jack of Clubs
I, [2014-04-05T16:07:45.727633 #18595]  INFO -- : NoCo made a bet of 10 (raise) and is left with 1030 chips. The pot now contains 10 chips.
I, [2014-04-05T16:07:45.728098 #18595]  INFO -- : R3T made a bet of 20 (raise) and is left with 980 chips. The pot now contains 30 chips.
I, [2014-04-05T16:07:45.732297 #18595]  INFO -- : Player Mr Bazinga responded with 30 (200)
I, [2014-04-05T16:07:45.732586 #18595]  INFO -- : Mr Bazinga made a bet of 30 (raise) and is left with 930 chips. The pot now contains 60 chips.
I, [2014-04-05T16:07:45.735866 #18595]  INFO -- : Player NoCo responded with 0 (200)
I, [2014-04-05T16:07:45.736252 #18595]  INFO -- : NoCo made a bet of 0 (fold) and is left with 1030 chips. The pot now contains 60 chips.
I, [2014-04-05T16:07:45.741134 #18595]  INFO -- : Player R3T responded with 40 (200)
I, [2014-04-05T16:07:45.741716 #18595]  INFO -- : R3T made a bet of 40 (raise) and is left with 940 chips. The pot now contains 100 chips.
I, [2014-04-05T16:07:45.746059 #18595]  INFO -- : Player Mr Bazinga responded with 60 (200)
I, [2014-04-05T16:07:45.746407 #18595]  INFO -- : Mr Bazinga made a bet of 60 (raise) and is left with 870 chips. The pot now contains 160 chips.
I, [2014-04-05T16:07:45.749910 #18595]  INFO -- : Player R3T responded with 120 (200)
I, [2014-04-05T16:07:45.750723 #18595]  INFO -- : R3T made a bet of 120 (raise) and is left with 820 chips. The pot now contains 280 chips.
I, [2014-04-05T16:07:45.754038 #18595]  INFO -- : Player Mr Bazinga responded with 180 (200)
I, [2014-04-05T16:07:45.754298 #18595]  INFO -- : Mr Bazinga made a bet of 180 (raise) and is left with 690 chips. The pot now contains 460 chips.
I, [2014-04-05T16:07:45.758394 #18595]  INFO -- : Player R3T responded with 360 (200)
I, [2014-04-05T16:07:45.758645 #18595]  INFO -- : R3T made a bet of 360 (raise) and is left with 460 chips. The pot now contains 820 chips.
I, [2014-04-05T16:07:45.766626 #18595]  INFO -- : Player Mr Bazinga responded with 540 (200)
I, [2014-04-05T16:07:45.767013 #18595]  INFO -- : Mr Bazinga made a bet of 540 (raise) and is left with 150 chips. The pot now contains 1360 chips.
I, [2014-04-05T16:07:45.776214 #18595]  INFO -- : Player R3T responded with 1080 (200)
I, [2014-04-05T16:07:45.776638 #18595]  INFO -- : R3T made a bet of 460 (allin) and is left with 0 chips. The pot now contains 1820 chips.
I, [2014-04-05T16:07:45.781721 #18595]  INFO -- : Player Mr Bazinga responded with 460 (200)
I, [2014-04-05T16:07:45.782774 #18595]  INFO -- : Mr Bazinga made a bet of 150 (allin) and is left with 0 chips. The pot now contains 1970 chips.
I, [2014-04-05T16:07:45.783387 #18595]  INFO -- : community card 9 of Diamonds
I, [2014-04-05T16:07:45.783897 #18595]  INFO -- : community card King of Spades
I, [2014-04-05T16:07:45.784464 #18595]  INFO -- : community card 3 of Spades
I, [2014-04-05T16:07:45.785056 #18595]  INFO -- : community card 5 of Clubs
I, [2014-04-05T16:07:45.785580 #18595]  INFO -- : community card 5 of Hearts
I, [2014-04-05T16:07:45.786814 #18595]  INFO -- : R3T showed 4 of Diamonds,4 of Clubs,5 of Clubs,5 of Hearts,King of Spades making a two pairs
I, [2014-04-05T16:07:45.788327 #18595]  INFO -- : R3T won 1970
I, [2014-04-05T16:07:45.797472 #18595]  INFO -- : Player R3T responded with  (200)
I, [2014-04-05T16:07:45.807265 #18595]  INFO -- : Player Mr Bazinga responded with OK (200)
I, [2014-04-05T16:07:45.810919 #18595]  INFO -- : Player NoCo responded with  (200)
I, [2014-04-05T16:07:45.811604 #18595]  INFO -- : R3T received hole_card King of Clubs
I, [2014-04-05T16:07:45.812224 #18595]  INFO -- : NoCo received hole_card 10 of Spades
I, [2014-04-05T16:07:45.813327 #18595]  INFO -- : R3T received hole_card 8 of Clubs
I, [2014-04-05T16:07:45.814597 #18595]  INFO -- : NoCo received hole_card 5 of Clubs
I, [2014-04-05T16:07:45.815172 #18595]  INFO -- : R3T made a bet of 10 (raise) and is left with 1960 chips. The pot now contains 10 chips.
I, [2014-04-05T16:07:45.816001 #18595]  INFO -- : NoCo made a bet of 20 (raise) and is left with 1010 chips. The pot now contains 30 chips.
I, [2014-04-05T16:07:45.822274 #18595]  INFO -- : Player R3T responded with 40 (200)
I, [2014-04-05T16:07:45.823173 #18595]  INFO -- : R3T made a bet of 40 (raise) and is left with 1920 chips. The pot now contains 70 chips.
I, [2014-04-05T16:07:45.833432 #18595]  INFO -- : Player NoCo responded with 0 (200)
I, [2014-04-05T16:07:45.834058 #18595]  INFO -- : NoCo made a bet of 0 (fold) and is left with 1010 chips. The pot now contains 70 chips.
I, [2014-04-05T16:07:45.836493 #18595]  INFO -- : R3T won 70
I, [2014-04-05T16:07:45.849269 #18595]  INFO -- : Player R3T responded with  (200)
I, [2014-04-05T16:07:45.852286 #18595]  INFO -- : Player Mr Bazinga responded with OK (200)
I, [2014-04-05T16:07:45.857603 #18595]  INFO -- : Player NoCo responded with  (200)
I, [2014-04-05T16:07:45.858213 #18595]  INFO -- : NoCo received hole_card King of Spades
I, [2014-04-05T16:07:45.858595 #18595]  INFO -- : R3T received hole_card Ace of Clubs
I, [2014-04-05T16:07:45.859024 #18595]  INFO -- : NoCo received hole_card 9 of Diamonds
I, [2014-04-05T16:07:45.859601 #18595]  INFO -- : R3T received hole_card 5 of Hearts
I, [2014-04-05T16:07:45.860727 #18595]  INFO -- : NoCo made a bet of 20 (raise) and is left with 990 chips. The pot now contains 20 chips.
I, [2014-04-05T16:07:45.861410 #18595]  INFO -- : R3T made a bet of 40 (raise) and is left with 1950 chips. The pot now contains 60 chips.
I, [2014-04-05T16:07:45.866859 #18595]  INFO -- : Player NoCo responded with 80 (200)
I, [2014-04-05T16:07:45.867869 #18595]  INFO -- : NoCo made a bet of 80 (raise) and is left with 910 chips. The pot now contains 140 chips.
I, [2014-04-05T16:07:45.871470 #18595]  INFO -- : Player R3T responded with 0 (200)
I, [2014-04-05T16:07:45.871856 #18595]  INFO -- : R3T made a bet of 0 (fold) and is left with 1950 chips. The pot now contains 140 chips.
I, [2014-04-05T16:07:45.872500 #18595]  INFO -- : NoCo won 140
I, [2014-04-05T16:07:45.887737 #18595]  INFO -- : Player R3T responded with  (200)
I, [2014-04-05T16:07:45.896547 #18595]  INFO -- : Player Mr Bazinga responded with OK (200)
I, [2014-04-05T16:07:45.899883 #18595]  INFO -- : Player NoCo responded with  (200)
I, [2014-04-05T16:07:45.900386 #18595]  INFO -- : R3T received hole_card 8 of Spades
I, [2014-04-05T16:07:45.900775 #18595]  INFO -- : NoCo received hole_card 5 of Hearts
I, [2014-04-05T16:07:45.901118 #18595]  INFO -- : R3T received hole_card 9 of Diamonds
I, [2014-04-05T16:07:45.901389 #18595]  INFO -- : NoCo received hole_card King of Spades
I, [2014-04-05T16:07:45.901882 #18595]  INFO -- : R3T made a bet of 20 (raise) and is left with 1930 chips. The pot now contains 20 chips.
I, [2014-04-05T16:07:45.902399 #18595]  INFO -- : NoCo made a bet of 40 (raise) and is left with 1010 chips. The pot now contains 60 chips.
I, [2014-04-05T16:07:45.907005 #18595]  INFO -- : Player R3T responded with 0 (200)
I, [2014-04-05T16:07:45.907516 #18595]  INFO -- : R3T made a bet of 0 (fold) and is left with 1930 chips. The pot now contains 60 chips.
I, [2014-04-05T16:07:45.908300 #18595]  INFO -- : NoCo won 60
I, [2014-04-05T16:07:45.911702 #18595]  INFO -- : Player R3T responded with  (200)
I, [2014-04-05T16:07:45.913947 #18595]  INFO -- : Player Mr Bazinga responded with OK (200)
I, [2014-04-05T16:07:45.915997 #18595]  INFO -- : Player NoCo responded with  (200)
I, [2014-04-05T16:07:45.916471 #18595]  INFO -- : NoCo received hole_card Ace of Hearts
I, [2014-04-05T16:07:45.916757 #18595]  INFO -- : R3T received hole_card 6 of Hearts
I, [2014-04-05T16:07:45.917060 #18595]  INFO -- : NoCo received hole_card King of Hearts
I, [2014-04-05T16:07:45.917313 #18595]  INFO -- : R3T received hole_card 9 of Spades
I, [2014-04-05T16:07:45.917808 #18595]  INFO -- : NoCo made a bet of 20 (raise) and is left with 1050 chips. The pot now contains 20 chips.
I, [2014-04-05T16:07:45.918185 #18595]  INFO -- : R3T made a bet of 40 (raise) and is left with 1890 chips. The pot now contains 60 chips.
I, [2014-04-05T16:07:45.920139 #18595]  INFO -- : Player NoCo responded with 1050 (200)
I, [2014-04-05T16:07:45.920404 #18595]  INFO -- : NoCo made a bet of 1050 (allin) and is left with 0 chips. The pot now contains 1110 chips.
I, [2014-04-05T16:07:45.925490 #18595]  INFO -- : Player R3T responded with 0 (200)
I, [2014-04-05T16:07:45.926127 #18595]  INFO -- : R3T made a bet of 0 (fold) and is left with 1890 chips. The pot now contains 1110 chips.
I, [2014-04-05T16:07:45.927054 #18595]  INFO -- : NoCo won 1110
I, [2014-04-05T16:07:45.932281 #18595]  INFO -- : Player R3T responded with  (200)
I, [2014-04-05T16:07:45.934327 #18595]  INFO -- : Player Mr Bazinga responded with OK (200)
I, [2014-04-05T16:07:45.936274 #18595]  INFO -- : Player NoCo responded with  (200)
I, [2014-04-05T16:07:45.936661 #18595]  INFO -- : R3T received hole_card 9 of Clubs
I, [2014-04-05T16:07:45.936943 #18595]  INFO -- : NoCo received hole_card 9 of Hearts
I, [2014-04-05T16:07:45.937240 #18595]  INFO -- : R3T received hole_card King of Clubs
I, [2014-04-05T16:07:45.937514 #18595]  INFO -- : NoCo received hole_card 10 of Spades
I, [2014-04-05T16:07:45.938913 #18595]  INFO -- : R3T made a bet of 20 (raise) and is left with 1870 chips. The pot now contains 20 chips.
I, [2014-04-05T16:07:45.939838 #18595]  INFO -- : NoCo made a bet of 40 (raise) and is left with 1070 chips. The pot now contains 60 chips.
I, [2014-04-05T16:07:45.942913 #18595]  INFO -- : Player R3T responded with 80 (200)
I, [2014-04-05T16:07:45.943134 #18595]  INFO -- : R3T made a bet of 80 (raise) and is left with 1790 chips. The pot now contains 140 chips.
I, [2014-04-05T16:07:45.945063 #18595]  INFO -- : Player NoCo responded with 80 (200)
I, [2014-04-05T16:07:45.945266 #18595]  INFO -- : NoCo made a bet of 60 (call) and is left with 1010 chips. The pot now contains 200 chips.
I, [2014-04-05T16:07:45.945482 #18595]  INFO -- : community card Queen of Clubs
I, [2014-04-05T16:07:45.945638 #18595]  INFO -- : community card Queen of Spades
I, [2014-04-05T16:07:45.945905 #18595]  INFO -- : community card 6 of Clubs
I, [2014-04-05T16:07:46.048324 #18595]  INFO -- : Player R3T responded with 140 (200)
I, [2014-04-05T16:07:46.048864 #18595]  INFO -- : R3T made a bet of 140 (raise) and is left with 1650 chips. The pot now contains 340 chips.
E, [2014-04-05T16:07:46.552781 #18595] ERROR -- : Net::ReadTimeout
E, [2014-04-05T16:07:46.553157 #18595] ERROR -- : Player NoCo is unreachable
I, [2014-04-05T16:07:46.553789 #18595]  INFO -- : NoCo made a bet of 0 (fold) and is left with 1010 chips. The pot now contains 340 chips.
I, [2014-04-05T16:07:46.555200 #18595]  INFO -- : R3T won 340
I, [2014-04-05T16:07:46.562009 #18595]  INFO -- : Player R3T responded with  (200)
I, [2014-04-05T16:07:46.567214 #18595]  INFO -- : Player Mr Bazinga responded with OK (200)
E, [2014-04-05T16:07:47.071437 #18595] ERROR -- : Net::ReadTimeout
E, [2014-04-05T16:07:47.071777 #18595] ERROR -- : Player NoCo is unreachable
I, [2014-04-05T16:07:47.072643 #18595]  INFO -- : NoCo received hole_card 8 of Clubs
I, [2014-04-05T16:07:47.073208 #18595]  INFO -- : R3T received hole_card Ace of Hearts
I, [2014-04-05T16:07:47.073746 #18595]  INFO -- : NoCo received hole_card Ace of Clubs
I, [2014-04-05T16:07:47.074313 #18595]  INFO -- : R3T received hole_card Ace of Diamonds
I, [2014-04-05T16:07:47.075157 #18595]  INFO -- : NoCo made a bet of 20 (raise) and is left with 990 chips. The pot now contains 20 chips.
I, [2014-04-05T16:07:47.075904 #18595]  INFO -- : R3T made a bet of 40 (raise) and is left with 1950 chips. The pot now contains 60 chips.
I, [2014-04-05T16:07:47.172698 #18595]  INFO -- : Player NoCo responded with 180 (200)
I, [2014-04-05T16:07:47.173337 #18595]  INFO -- : NoCo made a bet of 180 (raise) and is left with 810 chips. The pot now contains 240 chips.
I, [2014-04-05T16:07:47.181139 #18595]  INFO -- : Player R3T responded with 680 (200)
I, [2014-04-05T16:07:47.181906 #18595]  INFO -- : R3T made a bet of 680 (raise) and is left with 1270 chips. The pot now contains 920 chips.
I, [2014-04-05T16:07:47.187577 #18595]  INFO -- : Player NoCo responded with 720 (200)
I, [2014-04-05T16:07:47.188414 #18595]  INFO -- : NoCo made a bet of 520 (call) and is left with 290 chips. The pot now contains 1440 chips.
I, [2014-04-05T16:07:47.189166 #18595]  INFO -- : community card Ace of Spades
I, [2014-04-05T16:07:47.189767 #18595]  INFO -- : community card 10 of Clubs
I, [2014-04-05T16:07:47.190403 #18595]  INFO -- : community card Queen of Spades
E, [2014-04-05T16:07:47.693996 #18595] ERROR -- : Net::ReadTimeout
E, [2014-04-05T16:07:47.694161 #18595] ERROR -- : Player NoCo is unreachable
I, [2014-04-05T16:07:47.694443 #18595]  INFO -- : NoCo made a bet of 0 (check) and is left with 290 chips. The pot now contains 1440 chips.
I, [2014-04-05T16:07:47.793894 #18595]  INFO -- : Player R3T responded with 840 (200)
I, [2014-04-05T16:07:47.794113 #18595]  INFO -- : R3T made a bet of 840 (raise) and is left with 430 chips. The pot now contains 2280 chips.
E, [2014-04-05T16:07:48.296211 #18595] ERROR -- : Net::ReadTimeout
E, [2014-04-05T16:07:48.296496 #18595] ERROR -- : Player NoCo is unreachable
I, [2014-04-05T16:07:48.297021 #18595]  INFO -- : NoCo made a bet of 0 (fold) and is left with 290 chips. The pot now contains 2280 chips.
I, [2014-04-05T16:07:48.298230 #18595]  INFO -- : R3T won 2280
I, [2014-04-05T16:07:48.302582 #18595]  INFO -- : Player R3T responded with  (200)
I, [2014-04-05T16:07:48.306659 #18595]  INFO -- : Player Mr Bazinga responded with OK (200)
E, [2014-04-05T16:07:48.808670 #18595] ERROR -- : Net::ReadTimeout
E, [2014-04-05T16:07:48.809103 #18595] ERROR -- : Player NoCo is unreachable
I, [2014-04-05T16:07:48.810121 #18595]  INFO -- : R3T received hole_card 10 of Diamonds
I, [2014-04-05T16:07:48.810783 #18595]  INFO -- : NoCo received hole_card 9 of Clubs
I, [2014-04-05T16:07:48.811345 #18595]  INFO -- : R3T received hole_card 3 of Clubs
I, [2014-04-05T16:07:48.811938 #18595]  INFO -- : NoCo received hole_card 6 of Hearts
I, [2014-04-05T16:07:48.813018 #18595]  INFO -- : R3T made a bet of 20 (raise) and is left with 2690 chips. The pot now contains 20 chips.
I, [2014-04-05T16:07:48.813915 #18595]  INFO -- : NoCo made a bet of 40 (raise) and is left with 250 chips. The pot now contains 60 chips.
I, [2014-04-05T16:07:48.817642 #18595]  INFO -- : Player R3T responded with 0 (200)
I, [2014-04-05T16:07:48.817940 #18595]  INFO -- : R3T made a bet of 0 (fold) and is left with 2690 chips. The pot now contains 60 chips.
I, [2014-04-05T16:07:48.818355 #18595]  INFO -- : NoCo won 60
I, [2014-04-05T16:07:48.822771 #18595]  INFO -- : Player R3T responded with  (200)
I, [2014-04-05T16:07:48.826423 #18595]  INFO -- : Player Mr Bazinga responded with OK (200)
I, [2014-04-05T16:07:49.320025 #18595]  INFO -- : Player NoCo responded with  (200)
I, [2014-04-05T16:07:49.320555 #18595]  INFO -- : NoCo received hole_card 4 of Diamonds
I, [2014-04-05T16:07:49.320832 #18595]  INFO -- : R3T received hole_card Queen of Clubs
I, [2014-04-05T16:07:49.321043 #18595]  INFO -- : NoCo received hole_card 4 of Hearts
I, [2014-04-05T16:07:49.321262 #18595]  INFO -- : R3T received hole_card 5 of Clubs
I, [2014-04-05T16:07:49.321556 #18595]  INFO -- : NoCo made a bet of 20 (raise) and is left with 290 chips. The pot now contains 20 chips.
I, [2014-04-05T16:07:49.321791 #18595]  INFO -- : R3T made a bet of 40 (raise) and is left with 2650 chips. The pot now contains 60 chips.
I, [2014-04-05T16:07:49.323613 #18595]  INFO -- : Player NoCo responded with 0 (200)
I, [2014-04-05T16:07:49.323837 #18595]  INFO -- : NoCo made a bet of 0 (fold) and is left with 290 chips. The pot now contains 60 chips.
I, [2014-04-05T16:07:49.327085 #18595]  INFO -- : Player R3T responded with 80 (200)
I, [2014-04-05T16:07:49.327343 #18595]  INFO -- : R3T made a bet of 80 (raise) and is left with 2570 chips. The pot now contains 140 chips.
I, [2014-04-05T16:07:49.327731 #18595]  INFO -- : R3T won 140
I, [2014-04-05T16:07:49.332453 #18595]  INFO -- : Player R3T responded with  (200)
I, [2014-04-05T16:07:49.337412 #18595]  INFO -- : Player Mr Bazinga responded with OK (200)
I, [2014-04-05T16:07:49.339194 #18595]  INFO -- : Player NoCo responded with  (200)
I, [2014-04-05T16:07:49.339926 #18595]  INFO -- : R3T received hole_card King of Spades
I, [2014-04-05T16:07:49.340166 #18595]  INFO -- : NoCo received hole_card 8 of Hearts
I, [2014-04-05T16:07:49.340352 #18595]  INFO -- : R3T received hole_card Queen of Diamonds
I, [2014-04-05T16:07:49.340588 #18595]  INFO -- : NoCo received hole_card 10 of Spades
I, [2014-04-05T16:07:49.340875 #18595]  INFO -- : R3T made a bet of 20 (raise) and is left with 2690 chips. The pot now contains 20 chips.
I, [2014-04-05T16:07:49.341124 #18595]  INFO -- : NoCo made a bet of 40 (raise) and is left with 250 chips. The pot now contains 60 chips.
I, [2014-04-05T16:07:49.343852 #18595]  INFO -- : Player R3T responded with 60 (200)
I, [2014-04-05T16:07:49.344269 #18595]  INFO -- : R3T made a bet of 60 (raise) and is left with 2630 chips. The pot now contains 120 chips.
I, [2014-04-05T16:07:49.347174 #18595]  INFO -- : Player NoCo responded with 80 (200)
I, [2014-04-05T16:07:49.347462 #18595]  INFO -- : NoCo made a bet of 80 (raise) and is left with 170 chips. The pot now contains 200 chips.
I, [2014-04-05T16:07:49.351778 #18595]  INFO -- : Player R3T responded with 160 (200)
I, [2014-04-05T16:07:49.352646 #18595]  INFO -- : R3T made a bet of 160 (raise) and is left with 2470 chips. The pot now contains 360 chips.
I, [2014-04-05T16:07:49.355691 #18595]  INFO -- : Player NoCo responded with 80 (200)
I, [2014-04-05T16:07:49.355877 #18595]  INFO -- : NoCo made a bet of 0 (fold) and is left with 170 chips. The pot now contains 360 chips.
I, [2014-04-05T16:07:49.356283 #18595]  INFO -- : R3T won 360
I, [2014-04-05T16:07:49.358278 #18595]  INFO -- : Player R3T responded with  (200)
I, [2014-04-05T16:07:49.361398 #18595]  INFO -- : Player Mr Bazinga responded with OK (200)
I, [2014-04-05T16:07:49.364579 #18595]  INFO -- : Player NoCo responded with  (200)
I, [2014-04-05T16:07:49.364889 #18595]  INFO -- : NoCo received hole_card 10 of Spades
I, [2014-04-05T16:07:49.365069 #18595]  INFO -- : R3T received hole_card 4 of Diamonds
I, [2014-04-05T16:07:49.365243 #18595]  INFO -- : NoCo received hole_card 8 of Diamonds
I, [2014-04-05T16:07:49.365412 #18595]  INFO -- : R3T received hole_card King of Diamonds
I, [2014-04-05T16:07:49.365679 #18595]  INFO -- : NoCo made a bet of 20 (raise) and is left with 150 chips. The pot now contains 20 chips.
I, [2014-04-05T16:07:49.365905 #18595]  INFO -- : R3T made a bet of 40 (raise) and is left with 2790 chips. The pot now contains 60 chips.
I, [2014-04-05T16:07:49.367740 #18595]  INFO -- : Player NoCo responded with 80 (200)
I, [2014-04-05T16:07:49.368290 #18595]  INFO -- : NoCo made a bet of 80 (raise) and is left with 70 chips. The pot now contains 140 chips.
I, [2014-04-05T16:07:49.373144 #18595]  INFO -- : Player R3T responded with 220 (200)
I, [2014-04-05T16:07:49.373399 #18595]  INFO -- : R3T made a bet of 220 (raise) and is left with 2570 chips. The pot now contains 360 chips.
I, [2014-04-05T16:07:49.375198 #18595]  INFO -- : Player NoCo responded with 80 (200)
I, [2014-04-05T16:07:49.375461 #18595]  INFO -- : NoCo made a bet of 70 (allin) and is left with 0 chips. The pot now contains 430 chips.
I, [2014-04-05T16:07:49.375833 #18595]  INFO -- : community card Ace of Spades
I, [2014-04-05T16:07:49.376142 #18595]  INFO -- : community card 3 of Spades
I, [2014-04-05T16:07:49.376446 #18595]  INFO -- : community card Ace of Hearts
I, [2014-04-05T16:07:49.376749 #18595]  INFO -- : community card 3 of Clubs
I, [2014-04-05T16:07:49.377064 #18595]  INFO -- : community card Jack of Hearts
I, [2014-04-05T16:07:49.377889 #18595]  INFO -- : R3T showed 3 of Clubs,3 of Spades,King of Diamonds,Ace of Hearts,Ace of Spades making a two pairs
I, [2014-04-05T16:07:49.379028 #18595]  INFO -- : R3T won 430
I, [2014-04-05T16:07:49.382803 #18595]  INFO -- : Player R3T responded with  (200)
I, [2014-04-05T16:07:49.384662 #18595]  INFO -- : Player Mr Bazinga responded with OK (200)
I, [2014-04-05T16:07:49.386954 #18595]  INFO -- : Player NoCo responded with  (200)
