:compileJava UP-TO-DATE
:processResources UP-TO-DATE
:classes UP-TO-DATE
:tomcatRun
Started Tomcat Server
The Server is running at http://localhost:8080
players : [{"name":"R3T","stack":980,"status":"active","bet":20,"hole_cards":[{"rank":"6","suit":"hearts"},{"rank":"9","suit":"clubs"}],"version":"","id":0},{"name":"Mr Bazinga","stack":900,"status":"active","bet":100,"version":"Mr Bazinga version 0.1","id":1},{"name":"NoCo","stack":900,"status":"active","bet":100,"version":"NoCo1011","id":2}]
small_blind : 10
orbits : 0
dealer : 1
community_cards : []
current_buy_in : 100
pot : 220
in_action : 0
minimum_raise : 80
players : [{"name":"R3T","stack":970,"status":"active","bet":10,"hole_cards":[{"rank":"3","suit":"spades"},{"rank":"9","suit":"diamonds"}],"version":"","id":0},{"name":"Mr Bazinga","stack":1400,"status":"active","bet":20,"version":"Mr Bazinga version 0.1","id":1},{"name":"NoCo","stack":580,"status":"active","bet":20,"version":"NoCo1011","id":2}]
small_blind : 10
orbits : 0
dealer : 2
community_cards : []
current_buy_in : 20
pot : 50
in_action : 0
minimum_raise : 10
players : [{"name":"R3T","stack":970,"status":"active","bet":0,"hole_cards":[{"rank":"5","suit":"clubs"},{"rank":"6","suit":"clubs"}],"version":"","id":0},{"name":"Mr Bazinga","stack":1840,"status":"active","bet":10,"version":"Mr Bazinga version 0.1","id":1},{"name":"NoCo","stack":160,"status":"active","bet":20,"version":"NoCo1011","id":2}]
small_blind : 10
orbits : 0
dealer : 0
community_cards : []
current_buy_in : 20
pot : 30
in_action : 0
minimum_raise : 10
players : [{"name":"R3T","stack":960,"status":"active","bet":10,"hole_cards":[{"rank":"8","suit":"diamonds"},{"rank":"8","suit":"hearts"}],"version":"","id":0},{"name":"Mr Bazinga","stack":2010,"status":"active","bet":20,"version":"Mr Bazinga version 0.1","id":1},{"name":"NoCo","stack":0,"status":"out","bet":0,"version":"NoCo1011","id":2}]
small_blind : 10
orbits : 1
dealer : 1
community_cards : []
current_buy_in : 20
pot : 30
in_action : 0
minimum_raise : 10
players : [{"name":"R3T","stack":940,"status":"active","bet":20,"hole_cards":[{"rank":"Q","suit":"diamonds"},{"rank":"10","suit":"spades"}],"version":"","id":0},{"name":"Mr Bazinga","stack":1930,"status":"active","bet":110,"version":"Mr Bazinga version 0.1","id":1},{"name":"NoCo","stack":0,"status":"out","bet":0,"version":"NoCo1011","id":2}]
small_blind : 10
orbits : 1
dealer : 0
community_cards : []
current_buy_in : 110
pot : 130
in_action : 0
minimum_raise : 90
players : [{"name":"R3T","stack":930,"status":"active","bet":10,"hole_cards":[{"rank":"Q","suit":"diamonds"},{"rank":"Q","suit":"spades"}],"version":"","id":0},{"name":"Mr Bazinga","stack":2040,"status":"active","bet":20,"version":"Mr Bazinga version 0.1","id":1},{"name":"NoCo","stack":0,"status":"out","bet":0,"version":"NoCo1011","id":2}]
small_blind : 10
orbits : 1
dealer : 1
community_cards : []
current_buy_in : 20
pot : 30
in_action : 0
minimum_raise : 10
players : [{"name":"R3T","stack":910,"status":"active","bet":20,"hole_cards":[{"rank":"J","suit":"clubs"},{"rank":"10","suit":"hearts"}],"version":"","id":0},{"name":"Mr Bazinga","stack":1960,"status":"active","bet":110,"version":"Mr Bazinga version 0.1","id":1},{"name":"NoCo","stack":0,"status":"out","bet":0,"version":"NoCo1011","id":2}]
small_blind : 10
orbits : 2
dealer : 0
community_cards : []
current_buy_in : 110
pot : 130
in_action : 0
minimum_raise : 90
players : [{"name":"R3T","stack":900,"status":"active","bet":10,"hole_cards":[{"rank":"5","suit":"hearts"},{"rank":"8","suit":"hearts"}],"version":"","id":0},{"name":"Mr Bazinga","stack":2070,"status":"active","bet":20,"version":"Mr Bazinga version 0.1","id":1},{"name":"NoCo","stack":0,"status":"out","bet":0,"version":"NoCo1011","id":2}]
small_blind : 10
orbits : 2
dealer : 1
community_cards : []
current_buy_in : 20
pot : 30
in_action : 0
minimum_raise : 10
players : [{"name":"R3T","stack":880,"status":"active","bet":20,"hole_cards":[{"rank":"5","suit":"diamonds"},{"rank":"8","suit":"diamonds"}],"version":"","id":0},{"name":"Mr Bazinga","stack":1990,"status":"active","bet":110,"version":"Mr Bazinga version 0.1","id":1},{"name":"NoCo","stack":0,"status":"out","bet":0,"version":"NoCo1011","id":2}]
small_blind : 10
orbits : 2
dealer : 0
community_cards : []
current_buy_in : 110
pot : 130
in_action : 0
minimum_raise : 90
players : [{"name":"R3T","stack":860,"status":"active","bet":20,"hole_cards":[{"rank":"6","suit":"clubs"},{"rank":"8","suit":"clubs"}],"version":"","id":0},{"name":"Mr Bazinga","stack":2080,"status":"active","bet":40,"version":"Mr Bazinga version 0.1","id":1},{"name":"NoCo","stack":0,"status":"out","bet":0,"version":"NoCo1011","id":2}]
small_blind : 10
orbits : 3
dealer : 1
community_cards : []
current_buy_in : 40
pot : 60
in_action : 0
minimum_raise : 20
players : [{"name":"R3T","stack":820,"status":"active","bet":40,"hole_cards":[{"rank":"2","suit":"diamonds"},{"rank":"3","suit":"hearts"}],"version":"","id":0},{"name":"Mr Bazinga","stack":2020,"status":"active","bet":120,"version":"Mr Bazinga version 0.1","id":1},{"name":"NoCo","stack":0,"status":"out","bet":0,"version":"NoCo1011","id":2}]
small_blind : 10
orbits : 3
dealer : 0
community_cards : []
current_buy_in : 120
pot : 160
in_action : 0
minimum_raise : 80
players : [{"name":"R3T","stack":800,"status":"active","bet":20,"hole_cards":[{"rank":"J","suit":"clubs"},{"rank":"6","suit":"clubs"}],"version":"","id":0},{"name":"Mr Bazinga","stack":2140,"status":"active","bet":40,"version":"Mr Bazinga version 0.1","id":1},{"name":"NoCo","stack":0,"status":"out","bet":0,"version":"NoCo1011","id":2}]
small_blind : 10
orbits : 3
dealer : 1
community_cards : []
current_buy_in : 40
pot : 60
in_action : 0
minimum_raise : 20
players : [{"name":"R3T","stack":760,"status":"active","bet":40,"hole_cards":[{"rank":"6","suit":"spades"},{"rank":"K","suit":"clubs"}],"version":"","id":0},{"name":"Mr Bazinga","stack":2080,"status":"active","bet":120,"version":"Mr Bazinga version 0.1","id":1},{"name":"NoCo","stack":0,"status":"out","bet":0,"version":"NoCo1011","id":2}]
small_blind : 10
orbits : 4
dealer : 0
community_cards : []
current_buy_in : 120
pot : 160
in_action : 0
minimum_raise : 80
players : [{"name":"R3T","stack":740,"status":"active","bet":20,"hole_cards":[{"rank":"2","suit":"hearts"},{"rank":"A","suit":"hearts"}],"version":"","id":0},{"name":"Mr Bazinga","stack":2200,"status":"active","bet":40,"version":"Mr Bazinga version 0.1","id":1},{"name":"NoCo","stack":0,"status":"out","bet":0,"version":"NoCo1011","id":2}]
small_blind : 10
orbits : 4
dealer : 1
community_cards : []
current_buy_in : 40
pot : 60
in_action : 0
minimum_raise : 20
players : [{"name":"R3T","stack":700,"status":"active","bet":40,"hole_cards":[{"rank":"3","suit":"spades"},{"rank":"3","suit":"hearts"}],"version":"","id":0},{"name":"Mr Bazinga","stack":2140,"status":"active","bet":120,"version":"Mr Bazinga version 0.1","id":1},{"name":"NoCo","stack":0,"status":"out","bet":0,"version":"NoCo1011","id":2}]
small_blind : 10
orbits : 4
dealer : 0
community_cards : []
current_buy_in : 120
pot : 160
in_action : 0
minimum_raise : 80
players : [{"name":"R3T","stack":680,"status":"active","bet":20,"hole_cards":[{"rank":"Q","suit":"hearts"},{"rank":"4","suit":"spades"}],"version":"","id":0},{"name":"Mr Bazinga","stack":2260,"status":"active","bet":40,"version":"Mr Bazinga version 0.1","id":1},{"name":"NoCo","stack":0,"status":"out","bet":0,"version":"NoCo1011","id":2}]
small_blind : 10
orbits : 5
dealer : 1
community_cards : []
current_buy_in : 40
pot : 60
in_action : 0
minimum_raise : 20
players : [{"name":"R3T","stack":640,"status":"active","bet":40,"hole_cards":[{"rank":"4","suit":"diamonds"},{"rank":"4","suit":"spades"}],"version":"","id":0},{"name":"Mr Bazinga","stack":2200,"status":"active","bet":120,"version":"Mr Bazinga version 0.1","id":1},{"name":"NoCo","stack":0,"status":"out","bet":0,"version":"NoCo1011","id":2}]
small_blind : 10
orbits : 5
dealer : 0
community_cards : []
current_buy_in : 120
pot : 160
in_action : 0
minimum_raise : 80
players : [{"name":"R3T","stack":620,"status":"active","bet":20,"hole_cards":[{"rank":"4","suit":"hearts"},{"rank":"A","suit":"spades"}],"version":"","id":0},{"name":"Mr Bazinga","stack":2320,"status":"active","bet":40,"version":"Mr Bazinga version 0.1","id":1},{"name":"NoCo","stack":0,"status":"out","bet":0,"version":"NoCo1011","id":2}]
small_blind : 10
orbits : 5
dealer : 1
community_cards : []
current_buy_in : 40
pot : 60
in_action : 0
minimum_raise : 20
players : [{"name":"R3T","stack":540,"status":"active","bet":80,"hole_cards":[{"rank":"4","suit":"hearts"},{"rank":"2","suit":"spades"}],"version":"","id":0},{"name":"Mr Bazinga","stack":2240,"status":"active","bet":140,"version":"Mr Bazinga version 0.1","id":1},{"name":"NoCo","stack":0,"status":"out","bet":0,"version":"NoCo1011","id":2}]
small_blind : 10
orbits : 6
dealer : 0
community_cards : []
current_buy_in : 140
pot : 220
in_action : 0
minimum_raise : 60
players : [{"name":"R3T","stack":500,"status":"active","bet":40,"hole_cards":[{"rank":"J","suit":"hearts"},{"rank":"4","suit":"spades"}],"version":"","id":0},{"name":"Mr Bazinga","stack":2380,"status":"active","bet":80,"version":"Mr Bazinga version 0.1","id":1},{"name":"NoCo","stack":0,"status":"out","bet":0,"version":"NoCo1011","id":2}]
small_blind : 10
orbits : 6
dealer : 1
community_cards : []
current_buy_in : 80
pot : 120
in_action : 0
minimum_raise : 40
players : [{"name":"R3T","stack":420,"status":"active","bet":80,"hole_cards":[{"rank":"9","suit":"clubs"},{"rank":"5","suit":"clubs"}],"version":"","id":0},{"name":"Mr Bazinga","stack":2360,"status":"active","bet":140,"version":"Mr Bazinga version 0.1","id":1},{"name":"NoCo","stack":0,"status":"out","bet":0,"version":"NoCo1011","id":2}]
small_blind : 10
orbits : 6
dealer : 0
community_cards : []
current_buy_in : 140
pot : 220
in_action : 0
minimum_raise : 60
players : [{"name":"R3T","stack":380,"status":"active","bet":40,"hole_cards":[{"rank":"A","suit":"clubs"},{"rank":"8","suit":"clubs"}],"version":"","id":0},{"name":"Mr Bazinga","stack":2500,"status":"active","bet":80,"version":"Mr Bazinga version 0.1","id":1},{"name":"NoCo","stack":0,"status":"out","bet":0,"version":"NoCo1011","id":2}]
small_blind : 10
orbits : 7
dealer : 1
community_cards : []
current_buy_in : 80
pot : 120
in_action : 0
minimum_raise : 40
players : [{"name":"R3T","stack":300,"status":"active","bet":80,"hole_cards":[{"rank":"K","suit":"clubs"},{"rank":"3","suit":"hearts"}],"version":"","id":0},{"name":"Mr Bazinga","stack":2480,"status":"active","bet":140,"version":"Mr Bazinga version 0.1","id":1},{"name":"NoCo","stack":0,"status":"out","bet":0,"version":"NoCo1011","id":2}]
small_blind : 10
orbits : 7
dealer : 0
community_cards : []
current_buy_in : 140
pot : 220
in_action : 0
minimum_raise : 60
players : [{"name":"R3T","stack":260,"status":"active","bet":40,"hole_cards":[{"rank":"9","suit":"hearts"},{"rank":"5","suit":"clubs"}],"version":"","id":0},{"name":"Mr Bazinga","stack":2620,"status":"active","bet":80,"version":"Mr Bazinga version 0.1","id":1},{"name":"NoCo","stack":0,"status":"out","bet":0,"version":"NoCo1011","id":2}]
small_blind : 10
orbits : 7
dealer : 1
community_cards : []
current_buy_in : 80
pot : 120
in_action : 0
minimum_raise : 40
players : [{"name":"R3T","stack":180,"status":"active","bet":80,"hole_cards":[{"rank":"4","suit":"spades"},{"rank":"8","suit":"hearts"}],"version":"","id":0},{"name":"Mr Bazinga","stack":2600,"status":"active","bet":140,"version":"Mr Bazinga version 0.1","id":1},{"name":"NoCo","stack":0,"status":"out","bet":0,"version":"NoCo1011","id":2}]
small_blind : 10
orbits : 8
dealer : 0
community_cards : []
current_buy_in : 140
pot : 220
in_action : 0
minimum_raise : 60
players : [{"name":"R3T","stack":140,"status":"active","bet":40,"hole_cards":[{"rank":"Q","suit":"diamonds"},{"rank":"2","suit":"clubs"}],"version":"","id":0},{"name":"Mr Bazinga","stack":2740,"status":"active","bet":80,"version":"Mr Bazinga version 0.1","id":1},{"name":"NoCo","stack":0,"status":"out","bet":0,"version":"NoCo1011","id":2}]
small_blind : 10
orbits : 8
dealer : 1
community_cards : []
current_buy_in : 80
pot : 120
in_action : 0
minimum_raise : 40
players : [{"name":"R3T","stack":60,"status":"active","bet":80,"hole_cards":[{"rank":"5","suit":"spades"},{"rank":"8","suit":"spades"}],"version":"","id":0},{"name":"Mr Bazinga","stack":2720,"status":"active","bet":140,"version":"Mr Bazinga version 0.1","id":1},{"name":"NoCo","stack":0,"status":"out","bet":0,"version":"NoCo1011","id":2}]
small_blind : 10
orbits : 8
dealer : 0
community_cards : []
current_buy_in : 140
pot : 220
in_action : 0
minimum_raise : 60

BUILD SUCCESSFUL

Total time: 21.074 secs
