# Logfile created on 2014-04-05 12:07:28 +0200 by logger.rb/44203
I, [2014-04-05T12:07:28.919525 #26970]  INFO -- : Reseting R3T to origin/master
I, [2014-04-05T12:07:30.510314 #26970]  INFO -- : Reseting Mr Bazinga to origin/master
I, [2014-04-05T12:07:31.355860 #26970]  INFO -- : Reseting NoCo to origin/master
I, [2014-04-05T12:07:32.173863 #26970]  INFO -- : Connected R3T at http://localhost:8080/
I, [2014-04-05T12:07:32.179161 #26970]  INFO -- : Connected Mr Bazinga at http://localhost:1337/
I, [2014-04-05T12:07:32.183461 #26970]  INFO -- : Connected NoCo at http://localhost:8000/player_service.php
E, [2014-04-05T12:07:32.185868 #26970] ERROR -- : Connection refused - connect(2) for "localhost" port 8080
E, [2014-04-05T12:07:32.186109 #26970] ERROR -- : Player R3T is unreachable
I, [2014-04-05T12:07:32.186498 #26970]  INFO -- : Waiting for players to start
E, [2014-04-05T12:07:33.187346 #26970] ERROR -- : Connection refused - connect(2) for "localhost" port 8080
E, [2014-04-05T12:07:33.187472 #26970] ERROR -- : Player R3T is unreachable
I, [2014-04-05T12:07:33.187531 #26970]  INFO -- : Waiting for players to start
E, [2014-04-05T12:07:34.188245 #26970] ERROR -- : Connection refused - connect(2) for "localhost" port 8080
E, [2014-04-05T12:07:34.188419 #26970] ERROR -- : Player R3T is unreachable
I, [2014-04-05T12:07:34.188521 #26970]  INFO -- : Waiting for players to start
E, [2014-04-05T12:07:35.196145 #26970] ERROR -- : Connection refused - connect(2) for "localhost" port 8080
E, [2014-04-05T12:07:35.196330 #26970] ERROR -- : Player R3T is unreachable
I, [2014-04-05T12:07:35.196430 #26970]  INFO -- : Waiting for players to start
E, [2014-04-05T12:07:36.197286 #26970] ERROR -- : Connection refused - connect(2) for "localhost" port 8080
E, [2014-04-05T12:07:36.197445 #26970] ERROR -- : Player R3T is unreachable
I, [2014-04-05T12:07:36.197544 #26970]  INFO -- : Waiting for players to start
E, [2014-04-05T12:07:37.199277 #26970] ERROR -- : Connection refused - connect(2) for "localhost" port 8080
E, [2014-04-05T12:07:37.199429 #26970] ERROR -- : Player R3T is unreachable
I, [2014-04-05T12:07:37.199524 #26970]  INFO -- : Waiting for players to start
E, [2014-04-05T12:07:38.208191 #26970] ERROR -- : Connection refused - connect(2) for "localhost" port 8080
E, [2014-04-05T12:07:38.208388 #26970] ERROR -- : Player R3T is unreachable
I, [2014-04-05T12:07:38.208488 #26970]  INFO -- : Waiting for players to start
E, [2014-04-05T12:07:39.209137 #26970] ERROR -- : Connection refused - connect(2) for "localhost" port 8080
E, [2014-04-05T12:07:39.209274 #26970] ERROR -- : Player R3T is unreachable
I, [2014-04-05T12:07:39.209350 #26970]  INFO -- : Waiting for players to start
E, [2014-04-05T12:07:40.209956 #26970] ERROR -- : Connection refused - connect(2) for "localhost" port 8080
E, [2014-04-05T12:07:40.210113 #26970] ERROR -- : Player R3T is unreachable
I, [2014-04-05T12:07:40.210207 #26970]  INFO -- : Waiting for players to start
E, [2014-04-05T12:07:41.216834 #26970] ERROR -- : Connection refused - connect(2) for "localhost" port 8080
E, [2014-04-05T12:07:41.217083 #26970] ERROR -- : Player R3T is unreachable
I, [2014-04-05T12:07:41.217162 #26970]  INFO -- : Waiting for players to start
E, [2014-04-05T12:07:42.222718 #26970] ERROR -- : Connection refused - connect(2) for "localhost" port 8080
E, [2014-04-05T12:07:42.222923 #26970] ERROR -- : Player R3T is unreachable
I, [2014-04-05T12:07:42.223076 #26970]  INFO -- : Waiting for players to start
E, [2014-04-05T12:07:43.223670 #26970] ERROR -- : Connection refused - connect(2) for "localhost" port 8080
E, [2014-04-05T12:07:43.223846 #26970] ERROR -- : Player R3T is unreachable
I, [2014-04-05T12:07:43.223955 #26970]  INFO -- : Waiting for players to start
E, [2014-04-05T12:07:44.224487 #26970] ERROR -- : Connection refused - connect(2) for "localhost" port 8080
E, [2014-04-05T12:07:44.224599 #26970] ERROR -- : Player R3T is unreachable
I, [2014-04-05T12:07:44.224675 #26970]  INFO -- : Waiting for players to start
E, [2014-04-05T12:07:45.225205 #26970] ERROR -- : Connection refused - connect(2) for "localhost" port 8080
E, [2014-04-05T12:07:45.225337 #26970] ERROR -- : Player R3T is unreachable
I, [2014-04-05T12:07:45.225386 #26970]  INFO -- : Waiting for players to start
E, [2014-04-05T12:07:46.225931 #26970] ERROR -- : Connection refused - connect(2) for "localhost" port 8080
E, [2014-04-05T12:07:46.226029 #26970] ERROR -- : Player R3T is unreachable
I, [2014-04-05T12:07:46.226078 #26970]  INFO -- : Waiting for players to start
E, [2014-04-05T12:07:47.728000 #26970] ERROR -- : Net::ReadTimeout
E, [2014-04-05T12:07:47.728162 #26970] ERROR -- : Player R3T is unreachable
I, [2014-04-05T12:07:47.728255 #26970]  INFO -- : Waiting for players to start
I, [2014-04-05T12:07:48.730709 #26970]  INFO -- : Player R3T responded with  (200)
I, [2014-04-05T12:07:48.741036 #26970]  INFO -- : Player Mr Bazinga responded with OK (200)
I, [2014-04-05T12:07:48.743284 #26970]  INFO -- : Player NoCo responded with  (200)
I, [2014-04-05T12:07:48.743431 #26970]  INFO -- : Players are running
I, [2014-04-05T12:07:48.767348 #26970]  INFO -- : Player R3T responded with v0.1 (200)
I, [2014-04-05T12:07:48.770209 #26970]  INFO -- : Player Mr Bazinga responded with Mr Bazinga version 0.1 (200)
I, [2014-04-05T12:07:48.772018 #26970]  INFO -- : Player NoCo responded with NoCo1201 (200)
I, [2014-04-05T12:07:48.772421 #26970]  INFO -- : R3T received hole_card Jack of Clubs
I, [2014-04-05T12:07:48.772661 #26970]  INFO -- : Mr Bazinga received hole_card Jack of Diamonds
I, [2014-04-05T12:07:48.772863 #26970]  INFO -- : NoCo received hole_card 7 of Clubs
I, [2014-04-05T12:07:48.773118 #26970]  INFO -- : R3T received hole_card 7 of Spades
I, [2014-04-05T12:07:48.773326 #26970]  INFO -- : Mr Bazinga received hole_card 10 of Clubs
I, [2014-04-05T12:07:48.773502 #26970]  INFO -- : NoCo received hole_card 6 of Hearts
I, [2014-04-05T12:07:48.775798 #26970]  INFO -- : R3T made a bet of 10 (raise) and is left with 990 chips. The pot now contains 10 chips.
I, [2014-04-05T12:07:48.776165 #26970]  INFO -- : Mr Bazinga made a bet of 20 (raise) and is left with 980 chips. The pot now contains 30 chips.
I, [2014-04-05T12:07:48.778531 #26970]  INFO -- : Player NoCo responded with 1000 (200)
I, [2014-04-05T12:07:48.778924 #26970]  INFO -- : NoCo made a bet of 1000 (allin) and is left with 0 chips. The pot now contains 1030 chips.
I, [2014-04-05T12:07:48.887684 #26970]  INFO -- : Player R3T responded with 0 (200)
I, [2014-04-05T12:07:48.888313 #26970]  INFO -- : R3T made a bet of 0 (fold) and is left with 990 chips. The pot now contains 1030 chips.
I, [2014-04-05T12:07:48.892669 #26970]  INFO -- : Player Mr Bazinga responded with 500 (200)
I, [2014-04-05T12:07:48.892946 #26970]  INFO -- : Mr Bazinga made a bet of 0 (fold) and is left with 980 chips. The pot now contains 1030 chips.
I, [2014-04-05T12:07:48.894349 #26970]  INFO -- : NoCo won 1030
I, [2014-04-05T12:07:48.901119 #26970]  INFO -- : Player R3T responded with  (200)
I, [2014-04-05T12:07:48.903684 #26970]  INFO -- : Player Mr Bazinga responded with OK (200)
I, [2014-04-05T12:07:48.907261 #26970]  INFO -- : Player NoCo responded with  (200)
I, [2014-04-05T12:07:48.907643 #26970]  INFO -- : Mr Bazinga received hole_card 2 of Clubs
I, [2014-04-05T12:07:48.907864 #26970]  INFO -- : NoCo received hole_card 2 of Hearts
I, [2014-04-05T12:07:48.908055 #26970]  INFO -- : R3T received hole_card 5 of Spades
I, [2014-04-05T12:07:48.908298 #26970]  INFO -- : Mr Bazinga received hole_card 3 of Diamonds
I, [2014-04-05T12:07:48.908515 #26970]  INFO -- : NoCo received hole_card 10 of Hearts
I, [2014-04-05T12:07:48.908769 #26970]  INFO -- : R3T received hole_card 9 of Diamonds
I, [2014-04-05T12:07:48.909310 #26970]  INFO -- : Mr Bazinga made a bet of 10 (raise) and is left with 970 chips. The pot now contains 10 chips.
I, [2014-04-05T12:07:48.909806 #26970]  INFO -- : NoCo made a bet of 20 (raise) and is left with 1010 chips. The pot now contains 30 chips.
I, [2014-04-05T12:07:48.924398 #26970]  INFO -- : Player R3T responded with 0 (200)
I, [2014-04-05T12:07:48.924755 #26970]  INFO -- : R3T made a bet of 0 (fold) and is left with 990 chips. The pot now contains 30 chips.
I, [2014-04-05T12:07:48.929206 #26970]  INFO -- : Player Mr Bazinga responded with 500 (200)
I, [2014-04-05T12:07:48.929526 #26970]  INFO -- : Mr Bazinga made a bet of 500 (raise) and is left with 470 chips. The pot now contains 530 chips.
I, [2014-04-05T12:07:48.931977 #26970]  INFO -- : Player NoCo responded with 1000 (200)
I, [2014-04-05T12:07:48.932294 #26970]  INFO -- : NoCo made a bet of 1000 (raise) and is left with 10 chips. The pot now contains 1530 chips.
I, [2014-04-05T12:07:48.936516 #26970]  INFO -- : Player Mr Bazinga responded with 500 (200)
I, [2014-04-05T12:07:48.936781 #26970]  INFO -- : Mr Bazinga made a bet of 470 (allin) and is left with 0 chips. The pot now contains 2000 chips.
I, [2014-04-05T12:07:48.937078 #26970]  INFO -- : community card 8 of Clubs
I, [2014-04-05T12:07:48.937271 #26970]  INFO -- : community card King of Diamonds
I, [2014-04-05T12:07:48.937507 #26970]  INFO -- : community card Ace of Spades
I, [2014-04-05T12:07:48.937745 #26970]  INFO -- : community card 3 of Clubs
I, [2014-04-05T12:07:48.937965 #26970]  INFO -- : community card Ace of Clubs
I, [2014-04-05T12:07:48.938464 #26970]  INFO -- : NoCo showed 8 of Clubs,10 of Hearts,King of Diamonds,Ace of Spades,Ace of Clubs making a pair
I, [2014-04-05T12:07:48.938934 #26970]  INFO -- : Mr Bazinga showed 3 of Clubs,3 of Diamonds,King of Diamonds,Ace of Spades,Ace of Clubs making a two pairs
I, [2014-04-05T12:07:48.939171 #26970]  INFO -- : Mr Bazinga won 1960
I, [2014-04-05T12:07:48.939644 #26970]  INFO -- : NoCo won 40
I, [2014-04-05T12:07:48.943212 #26970]  INFO -- : Player R3T responded with  (200)
I, [2014-04-05T12:07:48.945232 #26970]  INFO -- : Player Mr Bazinga responded with OK (200)
I, [2014-04-05T12:07:48.947157 #26970]  INFO -- : Player NoCo responded with  (200)
I, [2014-04-05T12:07:48.947517 #26970]  INFO -- : NoCo received hole_card 3 of Spades
I, [2014-04-05T12:07:48.947723 #26970]  INFO -- : R3T received hole_card Jack of Diamonds
I, [2014-04-05T12:07:48.947947 #26970]  INFO -- : Mr Bazinga received hole_card Queen of Clubs
I, [2014-04-05T12:07:48.948216 #26970]  INFO -- : NoCo received hole_card 7 of Clubs
I, [2014-04-05T12:07:48.948467 #26970]  INFO -- : R3T received hole_card 8 of Spades
I, [2014-04-05T12:07:48.948676 #26970]  INFO -- : Mr Bazinga received hole_card 4 of Diamonds
I, [2014-04-05T12:07:48.949058 #26970]  INFO -- : NoCo made a bet of 10 (raise) and is left with 40 chips. The pot now contains 10 chips.
I, [2014-04-05T12:07:48.949328 #26970]  INFO -- : R3T made a bet of 20 (raise) and is left with 970 chips. The pot now contains 30 chips.
I, [2014-04-05T12:07:48.960969 #26970]  INFO -- : Player Mr Bazinga responded with 500 (200)
I, [2014-04-05T12:07:48.961245 #26970]  INFO -- : Mr Bazinga made a bet of 500 (raise) and is left with 1460 chips. The pot now contains 530 chips.
I, [2014-04-05T12:07:48.962941 #26970]  INFO -- : Player NoCo responded with 1000 (200)
I, [2014-04-05T12:07:48.963151 #26970]  INFO -- : NoCo made a bet of 40 (allin) and is left with 0 chips. The pot now contains 570 chips.
I, [2014-04-05T12:07:48.973939 #26970]  INFO -- : Player R3T responded with 0 (200)
I, [2014-04-05T12:07:48.974264 #26970]  INFO -- : R3T made a bet of 0 (fold) and is left with 970 chips. The pot now contains 570 chips.
I, [2014-04-05T12:07:48.974772 #26970]  INFO -- : community card 3 of Hearts
I, [2014-04-05T12:07:48.975092 #26970]  INFO -- : community card 6 of Diamonds
I, [2014-04-05T12:07:48.975392 #26970]  INFO -- : community card King of Clubs
I, [2014-04-05T12:07:48.975789 #26970]  INFO -- : community card Jack of Spades
I, [2014-04-05T12:07:48.976132 #26970]  INFO -- : community card 8 of Hearts
I, [2014-04-05T12:07:48.976998 #26970]  INFO -- : Mr Bazinga showed 6 of Diamonds,8 of Hearts,Jack of Spades,Queen of Clubs,King of Clubs making a high card
I, [2014-04-05T12:07:48.977778 #26970]  INFO -- : NoCo showed 3 of Hearts,3 of Spades,8 of Hearts,Jack of Spades,King of Clubs making a pair
I, [2014-04-05T12:07:48.978159 #26970]  INFO -- : NoCo won 120
I, [2014-04-05T12:07:48.978835 #26970]  INFO -- : Mr Bazinga won 450
I, [2014-04-05T12:07:48.984679 #26970]  INFO -- : Player R3T responded with  (200)
I, [2014-04-05T12:07:48.988668 #26970]  INFO -- : Player Mr Bazinga responded with OK (200)
I, [2014-04-05T12:07:48.991138 #26970]  INFO -- : Player NoCo responded with  (200)
I, [2014-04-05T12:07:48.991465 #26970]  INFO -- : R3T received hole_card 4 of Diamonds
I, [2014-04-05T12:07:48.991636 #26970]  INFO -- : Mr Bazinga received hole_card 4 of Hearts
I, [2014-04-05T12:07:48.991827 #26970]  INFO -- : NoCo received hole_card Jack of Diamonds
I, [2014-04-05T12:07:48.992054 #26970]  INFO -- : R3T received hole_card Jack of Clubs
I, [2014-04-05T12:07:48.992275 #26970]  INFO -- : Mr Bazinga received hole_card 4 of Spades
I, [2014-04-05T12:07:48.992458 #26970]  INFO -- : NoCo received hole_card 8 of Diamonds
I, [2014-04-05T12:07:48.992762 #26970]  INFO -- : R3T made a bet of 10 (raise) and is left with 960 chips. The pot now contains 10 chips.
I, [2014-04-05T12:07:48.993032 #26970]  INFO -- : Mr Bazinga made a bet of 20 (raise) and is left with 1890 chips. The pot now contains 30 chips.
I, [2014-04-05T12:07:48.994525 #26970]  INFO -- : Player NoCo responded with 1000 (200)
I, [2014-04-05T12:07:48.994706 #26970]  INFO -- : NoCo made a bet of 120 (allin) and is left with 0 chips. The pot now contains 150 chips.
I, [2014-04-05T12:07:49.005773 #26970]  INFO -- : Player R3T responded with 0 (200)
I, [2014-04-05T12:07:49.006100 #26970]  INFO -- : R3T made a bet of 0 (fold) and is left with 960 chips. The pot now contains 150 chips.
I, [2014-04-05T12:07:49.010345 #26970]  INFO -- : Player Mr Bazinga responded with 500 (200)
I, [2014-04-05T12:07:49.010820 #26970]  INFO -- : Mr Bazinga made a bet of 500 (raise) and is left with 1390 chips. The pot now contains 650 chips.
I, [2014-04-05T12:07:49.011474 #26970]  INFO -- : community card 6 of Spades
I, [2014-04-05T12:07:49.012021 #26970]  INFO -- : community card 8 of Spades
I, [2014-04-05T12:07:49.012675 #26970]  INFO -- : community card Queen of Clubs
I, [2014-04-05T12:07:49.013251 #26970]  INFO -- : community card Ace of Hearts
I, [2014-04-05T12:07:49.013881 #26970]  INFO -- : community card Ace of Spades
I, [2014-04-05T12:07:49.014809 #26970]  INFO -- : Mr Bazinga showed 4 of Spades,4 of Hearts,Queen of Clubs,Ace of Hearts,Ace of Spades making a two pairs
I, [2014-04-05T12:07:49.015493 #26970]  INFO -- : NoCo showed 8 of Spades,8 of Diamonds,Queen of Clubs,Ace of Hearts,Ace of Spades making a two pairs
I, [2014-04-05T12:07:49.015891 #26970]  INFO -- : NoCo won 250
I, [2014-04-05T12:07:49.016393 #26970]  INFO -- : Mr Bazinga won 400
I, [2014-04-05T12:07:49.021281 #26970]  INFO -- : Player R3T responded with  (200)
I, [2014-04-05T12:07:49.023506 #26970]  INFO -- : Player Mr Bazinga responded with OK (200)
I, [2014-04-05T12:07:49.026706 #26970]  INFO -- : Player NoCo responded with  (200)
I, [2014-04-05T12:07:49.027828 #26970]  INFO -- : Mr Bazinga received hole_card 8 of Diamonds
I, [2014-04-05T12:07:49.028513 #26970]  INFO -- : NoCo received hole_card King of Clubs
I, [2014-04-05T12:07:49.029150 #26970]  INFO -- : R3T received hole_card Queen of Clubs
I, [2014-04-05T12:07:49.029803 #26970]  INFO -- : Mr Bazinga received hole_card 9 of Clubs
I, [2014-04-05T12:07:49.030458 #26970]  INFO -- : NoCo received hole_card 6 of Diamonds
I, [2014-04-05T12:07:49.031066 #26970]  INFO -- : R3T received hole_card 2 of Hearts
I, [2014-04-05T12:07:49.032143 #26970]  INFO -- : Mr Bazinga made a bet of 10 (raise) and is left with 1780 chips. The pot now contains 10 chips.
I, [2014-04-05T12:07:49.032979 #26970]  INFO -- : NoCo made a bet of 20 (raise) and is left with 230 chips. The pot now contains 30 chips.
I, [2014-04-05T12:07:49.052189 #26970]  INFO -- : Player R3T responded with 0 (200)
I, [2014-04-05T12:07:49.052922 #26970]  INFO -- : R3T made a bet of 0 (fold) and is left with 960 chips. The pot now contains 30 chips.
I, [2014-04-05T12:07:49.057132 #26970]  INFO -- : Player Mr Bazinga responded with 500 (200)
I, [2014-04-05T12:07:49.057657 #26970]  INFO -- : Mr Bazinga made a bet of 500 (raise) and is left with 1280 chips. The pot now contains 530 chips.
I, [2014-04-05T12:07:49.060953 #26970]  INFO -- : Player NoCo responded with 1000 (200)
I, [2014-04-05T12:07:49.061144 #26970]  INFO -- : NoCo made a bet of 230 (allin) and is left with 0 chips. The pot now contains 760 chips.
I, [2014-04-05T12:07:49.061370 #26970]  INFO -- : community card 4 of Clubs
I, [2014-04-05T12:07:49.061556 #26970]  INFO -- : community card 4 of Hearts
I, [2014-04-05T12:07:49.061740 #26970]  INFO -- : community card 8 of Hearts
I, [2014-04-05T12:07:49.061929 #26970]  INFO -- : community card 7 of Diamonds
I, [2014-04-05T12:07:49.062121 #26970]  INFO -- : community card 8 of Clubs
I, [2014-04-05T12:07:49.062495 #26970]  INFO -- : Mr Bazinga showed 4 of Hearts,4 of Clubs,8 of Diamonds,8 of Hearts,8 of Clubs making a full house
I, [2014-04-05T12:07:49.062843 #26970]  INFO -- : Mr Bazinga won 760
I, [2014-04-05T12:07:49.067806 #26970]  INFO -- : Player R3T responded with  (200)
I, [2014-04-05T12:07:49.069895 #26970]  INFO -- : Player Mr Bazinga responded with OK (200)
I, [2014-04-05T12:07:49.073874 #26970]  INFO -- : Player NoCo responded with  (200)
I, [2014-04-05T12:07:49.075275 #26970]  INFO -- : R3T received hole_card Ace of Spades
I, [2014-04-05T12:07:49.076143 #26970]  INFO -- : Mr Bazinga received hole_card King of Hearts
I, [2014-04-05T12:07:49.077089 #26970]  INFO -- : R3T received hole_card 4 of Hearts
I, [2014-04-05T12:07:49.077500 #26970]  INFO -- : Mr Bazinga received hole_card 8 of Spades
I, [2014-04-05T12:07:49.077903 #26970]  INFO -- : R3T made a bet of 10 (raise) and is left with 950 chips. The pot now contains 10 chips.
I, [2014-04-05T12:07:49.078294 #26970]  INFO -- : Mr Bazinga made a bet of 20 (raise) and is left with 2020 chips. The pot now contains 30 chips.
I, [2014-04-05T12:07:49.090387 #26970]  INFO -- : Player R3T responded with 0 (200)
I, [2014-04-05T12:07:49.090941 #26970]  INFO -- : R3T made a bet of 0 (fold) and is left with 950 chips. The pot now contains 30 chips.
I, [2014-04-05T12:07:49.093331 #26970]  INFO -- : Player Mr Bazinga responded with 500 (200)
I, [2014-04-05T12:07:49.093500 #26970]  INFO -- : Mr Bazinga made a bet of 500 (raise) and is left with 1520 chips. The pot now contains 530 chips.
I, [2014-04-05T12:07:49.093837 #26970]  INFO -- : Mr Bazinga won 530
I, [2014-04-05T12:07:49.095861 #26970]  INFO -- : Player R3T responded with  (200)
I, [2014-04-05T12:07:49.097839 #26970]  INFO -- : Player Mr Bazinga responded with OK (200)
I, [2014-04-05T12:07:49.100084 #26970]  INFO -- : Player NoCo responded with  (200)
I, [2014-04-05T12:07:49.100381 #26970]  INFO -- : Mr Bazinga received hole_card 10 of Spades
I, [2014-04-05T12:07:49.100547 #26970]  INFO -- : R3T received hole_card 4 of Clubs
I, [2014-04-05T12:07:49.100740 #26970]  INFO -- : Mr Bazinga received hole_card 5 of Hearts
I, [2014-04-05T12:07:49.100909 #26970]  INFO -- : R3T received hole_card 2 of Spades
I, [2014-04-05T12:07:49.101170 #26970]  INFO -- : Mr Bazinga made a bet of 10 (raise) and is left with 2040 chips. The pot now contains 10 chips.
I, [2014-04-05T12:07:49.101405 #26970]  INFO -- : R3T made a bet of 20 (raise) and is left with 930 chips. The pot now contains 30 chips.
I, [2014-04-05T12:07:49.102920 #26970]  INFO -- : Player Mr Bazinga responded with 500 (200)
I, [2014-04-05T12:07:49.103166 #26970]  INFO -- : Mr Bazinga made a bet of 500 (raise) and is left with 1540 chips. The pot now contains 530 chips.
I, [2014-04-05T12:07:49.117060 #26970]  INFO -- : Player R3T responded with 0 (200)
I, [2014-04-05T12:07:49.117471 #26970]  INFO -- : R3T made a bet of 0 (fold) and is left with 930 chips. The pot now contains 530 chips.
I, [2014-04-05T12:07:49.118313 #26970]  INFO -- : Mr Bazinga won 530
I, [2014-04-05T12:07:49.123350 #26970]  INFO -- : Player R3T responded with  (200)
I, [2014-04-05T12:07:49.126341 #26970]  INFO -- : Player Mr Bazinga responded with OK (200)
I, [2014-04-05T12:07:49.130479 #26970]  INFO -- : Player NoCo responded with  (200)
I, [2014-04-05T12:07:49.131358 #26970]  INFO -- : R3T received hole_card Jack of Hearts
I, [2014-04-05T12:07:49.132013 #26970]  INFO -- : Mr Bazinga received hole_card 5 of Hearts
I, [2014-04-05T12:07:49.132696 #26970]  INFO -- : R3T received hole_card 2 of Spades
I, [2014-04-05T12:07:49.133300 #26970]  INFO -- : Mr Bazinga received hole_card 10 of Diamonds
I, [2014-04-05T12:07:49.134286 #26970]  INFO -- : R3T made a bet of 10 (raise) and is left with 920 chips. The pot now contains 10 chips.
I, [2014-04-05T12:07:49.135070 #26970]  INFO -- : Mr Bazinga made a bet of 20 (raise) and is left with 2050 chips. The pot now contains 30 chips.
I, [2014-04-05T12:07:49.153749 #26970]  INFO -- : Player R3T responded with 0 (200)
I, [2014-04-05T12:07:49.154411 #26970]  INFO -- : R3T made a bet of 0 (fold) and is left with 920 chips. The pot now contains 30 chips.
I, [2014-04-05T12:07:49.161623 #26970]  INFO -- : Player Mr Bazinga responded with 500 (200)
I, [2014-04-05T12:07:49.162449 #26970]  INFO -- : Mr Bazinga made a bet of 500 (raise) and is left with 1550 chips. The pot now contains 530 chips.
I, [2014-04-05T12:07:49.163549 #26970]  INFO -- : Mr Bazinga won 530
I, [2014-04-05T12:07:49.168244 #26970]  INFO -- : Player R3T responded with  (200)
I, [2014-04-05T12:07:49.173573 #26970]  INFO -- : Player Mr Bazinga responded with OK (200)
I, [2014-04-05T12:07:49.177529 #26970]  INFO -- : Player NoCo responded with  (200)
I, [2014-04-05T12:07:49.177839 #26970]  INFO -- : Mr Bazinga received hole_card Queen of Diamonds
I, [2014-04-05T12:07:49.178036 #26970]  INFO -- : R3T received hole_card 6 of Spades
I, [2014-04-05T12:07:49.178221 #26970]  INFO -- : Mr Bazinga received hole_card Jack of Diamonds
I, [2014-04-05T12:07:49.178418 #26970]  INFO -- : R3T received hole_card 8 of Clubs
I, [2014-04-05T12:07:49.178682 #26970]  INFO -- : Mr Bazinga made a bet of 10 (raise) and is left with 2070 chips. The pot now contains 10 chips.
I, [2014-04-05T12:07:49.178955 #26970]  INFO -- : R3T made a bet of 20 (raise) and is left with 900 chips. The pot now contains 30 chips.
I, [2014-04-05T12:07:49.180537 #26970]  INFO -- : Player Mr Bazinga responded with 500 (200)
I, [2014-04-05T12:07:49.180998 #26970]  INFO -- : Mr Bazinga made a bet of 500 (raise) and is left with 1570 chips. The pot now contains 530 chips.
I, [2014-04-05T12:07:49.189643 #26970]  INFO -- : Player R3T responded with 0 (200)
I, [2014-04-05T12:07:49.190095 #26970]  INFO -- : R3T made a bet of 0 (fold) and is left with 900 chips. The pot now contains 530 chips.
I, [2014-04-05T12:07:49.191036 #26970]  INFO -- : Mr Bazinga won 530
I, [2014-04-05T12:07:49.193963 #26970]  INFO -- : Player R3T responded with  (200)
I, [2014-04-05T12:07:49.195935 #26970]  INFO -- : Player Mr Bazinga responded with OK (200)
I, [2014-04-05T12:07:49.198531 #26970]  INFO -- : Player NoCo responded with  (200)
I, [2014-04-05T12:07:49.199013 #26970]  INFO -- : R3T received hole_card Queen of Spades
I, [2014-04-05T12:07:49.199363 #26970]  INFO -- : Mr Bazinga received hole_card Queen of Hearts
I, [2014-04-05T12:07:49.199647 #26970]  INFO -- : R3T received hole_card 6 of Diamonds
I, [2014-04-05T12:07:49.200366 #26970]  INFO -- : Mr Bazinga received hole_card 3 of Spades
I, [2014-04-05T12:07:49.201026 #26970]  INFO -- : R3T made a bet of 20 (raise) and is left with 880 chips. The pot now contains 20 chips.
I, [2014-04-05T12:07:49.201398 #26970]  INFO -- : Mr Bazinga made a bet of 40 (raise) and is left with 2060 chips. The pot now contains 60 chips.
I, [2014-04-05T12:07:49.213245 #26970]  INFO -- : Player R3T responded with 0 (200)
I, [2014-04-05T12:07:49.213472 #26970]  INFO -- : R3T made a bet of 0 (fold) and is left with 880 chips. The pot now contains 60 chips.
I, [2014-04-05T12:07:49.216398 #26970]  INFO -- : Player Mr Bazinga responded with 500 (200)
I, [2014-04-05T12:07:49.217091 #26970]  INFO -- : Mr Bazinga made a bet of 500 (raise) and is left with 1560 chips. The pot now contains 560 chips.
I, [2014-04-05T12:07:49.218197 #26970]  INFO -- : Mr Bazinga won 560
I, [2014-04-05T12:07:49.224573 #26970]  INFO -- : Player R3T responded with  (200)
I, [2014-04-05T12:07:49.226679 #26970]  INFO -- : Player Mr Bazinga responded with OK (200)
I, [2014-04-05T12:07:49.229118 #26970]  INFO -- : Player NoCo responded with  (200)
I, [2014-04-05T12:07:49.229667 #26970]  INFO -- : Mr Bazinga received hole_card 5 of Diamonds
I, [2014-04-05T12:07:49.229973 #26970]  INFO -- : R3T received hole_card 3 of Spades
I, [2014-04-05T12:07:49.230349 #26970]  INFO -- : Mr Bazinga received hole_card 4 of Hearts
I, [2014-04-05T12:07:49.230964 #26970]  INFO -- : R3T received hole_card 8 of Hearts
I, [2014-04-05T12:07:49.231576 #26970]  INFO -- : Mr Bazinga made a bet of 20 (raise) and is left with 2100 chips. The pot now contains 20 chips.
I, [2014-04-05T12:07:49.231966 #26970]  INFO -- : R3T made a bet of 40 (raise) and is left with 840 chips. The pot now contains 60 chips.
I, [2014-04-05T12:07:49.233777 #26970]  INFO -- : Player Mr Bazinga responded with 500 (200)
I, [2014-04-05T12:07:49.233978 #26970]  INFO -- : Mr Bazinga made a bet of 500 (raise) and is left with 1600 chips. The pot now contains 560 chips.
I, [2014-04-05T12:07:49.243269 #26970]  INFO -- : Player R3T responded with 0 (200)
I, [2014-04-05T12:07:49.243514 #26970]  INFO -- : R3T made a bet of 0 (fold) and is left with 840 chips. The pot now contains 560 chips.
I, [2014-04-05T12:07:49.243855 #26970]  INFO -- : Mr Bazinga won 560
I, [2014-04-05T12:07:49.248492 #26970]  INFO -- : Player R3T responded with  (200)
I, [2014-04-05T12:07:49.252394 #26970]  INFO -- : Player Mr Bazinga responded with OK (200)
I, [2014-04-05T12:07:49.255355 #26970]  INFO -- : Player NoCo responded with  (200)
I, [2014-04-05T12:07:49.255908 #26970]  INFO -- : R3T received hole_card Jack of Spades
I, [2014-04-05T12:07:49.256223 #26970]  INFO -- : Mr Bazinga received hole_card 10 of Hearts
I, [2014-04-05T12:07:49.256594 #26970]  INFO -- : R3T received hole_card Queen of Spades
I, [2014-04-05T12:07:49.256967 #26970]  INFO -- : Mr Bazinga received hole_card 2 of Spades
I, [2014-04-05T12:07:49.257619 #26970]  INFO -- : R3T made a bet of 20 (raise) and is left with 820 chips. The pot now contains 20 chips.
I, [2014-04-05T12:07:49.258369 #26970]  INFO -- : Mr Bazinga made a bet of 40 (raise) and is left with 2120 chips. The pot now contains 60 chips.
I, [2014-04-05T12:07:49.269374 #26970]  INFO -- : Player R3T responded with 0 (200)
I, [2014-04-05T12:07:49.269601 #26970]  INFO -- : R3T made a bet of 0 (fold) and is left with 820 chips. The pot now contains 60 chips.
I, [2014-04-05T12:07:49.272160 #26970]  INFO -- : Player Mr Bazinga responded with 500 (200)
I, [2014-04-05T12:07:49.272423 #26970]  INFO -- : Mr Bazinga made a bet of 500 (raise) and is left with 1620 chips. The pot now contains 560 chips.
I, [2014-04-05T12:07:49.272853 #26970]  INFO -- : Mr Bazinga won 560
I, [2014-04-05T12:07:49.275123 #26970]  INFO -- : Player R3T responded with  (200)
I, [2014-04-05T12:07:49.277259 #26970]  INFO -- : Player Mr Bazinga responded with OK (200)
I, [2014-04-05T12:07:49.278850 #26970]  INFO -- : Player NoCo responded with  (200)
I, [2014-04-05T12:07:49.279164 #26970]  INFO -- : Mr Bazinga received hole_card 6 of Diamonds
I, [2014-04-05T12:07:49.279414 #26970]  INFO -- : R3T received hole_card 6 of Spades
I, [2014-04-05T12:07:49.279988 #26970]  INFO -- : Mr Bazinga received hole_card King of Clubs
I, [2014-04-05T12:07:49.280704 #26970]  INFO -- : R3T received hole_card 7 of Clubs
I, [2014-04-05T12:07:49.281641 #26970]  INFO -- : Mr Bazinga made a bet of 20 (raise) and is left with 2160 chips. The pot now contains 20 chips.
I, [2014-04-05T12:07:49.282570 #26970]  INFO -- : R3T made a bet of 40 (raise) and is left with 780 chips. The pot now contains 60 chips.
I, [2014-04-05T12:07:49.285853 #26970]  INFO -- : Player Mr Bazinga responded with 500 (200)
I, [2014-04-05T12:07:49.286075 #26970]  INFO -- : Mr Bazinga made a bet of 500 (raise) and is left with 1660 chips. The pot now contains 560 chips.
I, [2014-04-05T12:07:49.298462 #26970]  INFO -- : Player R3T responded with 0 (200)
I, [2014-04-05T12:07:49.298876 #26970]  INFO -- : R3T made a bet of 0 (fold) and is left with 780 chips. The pot now contains 560 chips.
I, [2014-04-05T12:07:49.299874 #26970]  INFO -- : Mr Bazinga won 560
I, [2014-04-05T12:07:49.303283 #26970]  INFO -- : Player R3T responded with  (200)
I, [2014-04-05T12:07:49.305930 #26970]  INFO -- : Player Mr Bazinga responded with OK (200)
I, [2014-04-05T12:07:49.309426 #26970]  INFO -- : Player NoCo responded with  (200)
I, [2014-04-05T12:07:49.310086 #26970]  INFO -- : R3T received hole_card 9 of Diamonds
I, [2014-04-05T12:07:49.310455 #26970]  INFO -- : Mr Bazinga received hole_card 9 of Clubs
I, [2014-04-05T12:07:49.310859 #26970]  INFO -- : R3T received hole_card 3 of Hearts
I, [2014-04-05T12:07:49.311253 #26970]  INFO -- : Mr Bazinga received hole_card King of Spades
I, [2014-04-05T12:07:49.311896 #26970]  INFO -- : R3T made a bet of 20 (raise) and is left with 760 chips. The pot now contains 20 chips.
I, [2014-04-05T12:07:49.312430 #26970]  INFO -- : Mr Bazinga made a bet of 40 (raise) and is left with 2180 chips. The pot now contains 60 chips.
I, [2014-04-05T12:07:49.326823 #26970]  INFO -- : Player R3T responded with 0 (200)
I, [2014-04-05T12:07:49.327558 #26970]  INFO -- : R3T made a bet of 0 (fold) and is left with 760 chips. The pot now contains 60 chips.
I, [2014-04-05T12:07:49.331488 #26970]  INFO -- : Player Mr Bazinga responded with 500 (200)
I, [2014-04-05T12:07:49.331983 #26970]  INFO -- : Mr Bazinga made a bet of 500 (raise) and is left with 1680 chips. The pot now contains 560 chips.
I, [2014-04-05T12:07:49.333322 #26970]  INFO -- : Mr Bazinga won 560
I, [2014-04-05T12:07:49.338587 #26970]  INFO -- : Player R3T responded with  (200)
I, [2014-04-05T12:07:49.343856 #26970]  INFO -- : Player Mr Bazinga responded with OK (200)
I, [2014-04-05T12:07:49.347165 #26970]  INFO -- : Player NoCo responded with  (200)
I, [2014-04-05T12:07:49.347574 #26970]  INFO -- : Mr Bazinga received hole_card 2 of Spades
I, [2014-04-05T12:07:49.347827 #26970]  INFO -- : R3T received hole_card 4 of Diamonds
I, [2014-04-05T12:07:49.348114 #26970]  INFO -- : Mr Bazinga received hole_card 10 of Hearts
I, [2014-04-05T12:07:49.348389 #26970]  INFO -- : R3T received hole_card Jack of Hearts
I, [2014-04-05T12:07:49.349166 #26970]  INFO -- : Mr Bazinga made a bet of 20 (raise) and is left with 2220 chips. The pot now contains 20 chips.
I, [2014-04-05T12:07:49.349628 #26970]  INFO -- : R3T made a bet of 40 (raise) and is left with 720 chips. The pot now contains 60 chips.
I, [2014-04-05T12:07:49.352830 #26970]  INFO -- : Player Mr Bazinga responded with 500 (200)
I, [2014-04-05T12:07:49.353995 #26970]  INFO -- : Mr Bazinga made a bet of 500 (raise) and is left with 1720 chips. The pot now contains 560 chips.
I, [2014-04-05T12:07:49.369941 #26970]  INFO -- : Player R3T responded with 0 (200)
I, [2014-04-05T12:07:49.370379 #26970]  INFO -- : R3T made a bet of 0 (fold) and is left with 720 chips. The pot now contains 560 chips.
I, [2014-04-05T12:07:49.371498 #26970]  INFO -- : Mr Bazinga won 560
I, [2014-04-05T12:07:49.377280 #26970]  INFO -- : Player R3T responded with  (200)
I, [2014-04-05T12:07:49.383905 #26970]  INFO -- : Player Mr Bazinga responded with OK (200)
I, [2014-04-05T12:07:49.388713 #26970]  INFO -- : Player NoCo responded with  (200)
I, [2014-04-05T12:07:49.389211 #26970]  INFO -- : R3T received hole_card 10 of Spades
I, [2014-04-05T12:07:49.389609 #26970]  INFO -- : Mr Bazinga received hole_card 2 of Diamonds
I, [2014-04-05T12:07:49.390323 #26970]  INFO -- : R3T received hole_card 10 of Clubs
I, [2014-04-05T12:07:49.391217 #26970]  INFO -- : Mr Bazinga received hole_card King of Clubs
I, [2014-04-05T12:07:49.392360 #26970]  INFO -- : R3T made a bet of 20 (raise) and is left with 700 chips. The pot now contains 20 chips.
I, [2014-04-05T12:07:49.392785 #26970]  INFO -- : Mr Bazinga made a bet of 40 (raise) and is left with 2240 chips. The pot now contains 60 chips.
I, [2014-04-05T12:07:49.395643 #26970]  INFO -- : Player R3T responded with 80 (200)
I, [2014-04-05T12:07:49.395856 #26970]  INFO -- : R3T made a bet of 80 (raise) and is left with 620 chips. The pot now contains 140 chips.
I, [2014-04-05T12:07:49.397702 #26970]  INFO -- : Player Mr Bazinga responded with 500 (200)
I, [2014-04-05T12:07:49.397905 #26970]  INFO -- : Mr Bazinga made a bet of 500 (raise) and is left with 1740 chips. The pot now contains 640 chips.
I, [2014-04-05T12:07:49.400309 #26970]  INFO -- : Player R3T responded with 580 (200)
I, [2014-04-05T12:07:49.400535 #26970]  INFO -- : R3T made a bet of 440 (call) and is left with 180 chips. The pot now contains 1080 chips.
I, [2014-04-05T12:07:49.400735 #26970]  INFO -- : community card 4 of Clubs
I, [2014-04-05T12:07:49.400903 #26970]  INFO -- : community card 5 of Diamonds
I, [2014-04-05T12:07:49.401061 #26970]  INFO -- : community card King of Hearts
I, [2014-04-05T12:07:49.403360 #26970]  INFO -- : Player R3T responded with 580 (200)
I, [2014-04-05T12:07:49.403556 #26970]  INFO -- : R3T made a bet of 180 (allin) and is left with 0 chips. The pot now contains 1260 chips.
I, [2014-04-05T12:07:49.407582 #26970]  INFO -- : Player Mr Bazinga responded with 500 (200)
I, [2014-04-05T12:07:49.408143 #26970]  INFO -- : Mr Bazinga made a bet of 500 (raise) and is left with 1240 chips. The pot now contains 1760 chips.
I, [2014-04-05T12:07:49.408684 #26970]  INFO -- : community card 4 of Hearts
I, [2014-04-05T12:07:49.409184 #26970]  INFO -- : community card 10 of Hearts
I, [2014-04-05T12:07:49.410239 #26970]  INFO -- : Mr Bazinga showed 4 of Clubs,4 of Hearts,10 of Hearts,King of Clubs,King of Hearts making a two pairs
I, [2014-04-05T12:07:49.410962 #26970]  INFO -- : R3T showed 4 of Clubs,4 of Hearts,10 of Spades,10 of Hearts,10 of Clubs making a full house
I, [2014-04-05T12:07:49.411345 #26970]  INFO -- : R3T won 1440
I, [2014-04-05T12:07:49.412106 #26970]  INFO -- : Mr Bazinga won 320
I, [2014-04-05T12:07:49.416731 #26970]  INFO -- : Player R3T responded with  (200)
I, [2014-04-05T12:07:49.420655 #26970]  INFO -- : Player Mr Bazinga responded with OK (200)
I, [2014-04-05T12:07:49.422356 #26970]  INFO -- : Player NoCo responded with  (200)
I, [2014-04-05T12:07:49.423092 #26970]  INFO -- : Mr Bazinga received hole_card Ace of Spades
I, [2014-04-05T12:07:49.423562 #26970]  INFO -- : R3T received hole_card 10 of Clubs
I, [2014-04-05T12:07:49.423990 #26970]  INFO -- : Mr Bazinga received hole_card King of Diamonds
I, [2014-04-05T12:07:49.424520 #26970]  INFO -- : R3T received hole_card 9 of Hearts
I, [2014-04-05T12:07:49.425234 #26970]  INFO -- : Mr Bazinga made a bet of 20 (raise) and is left with 1540 chips. The pot now contains 20 chips.
I, [2014-04-05T12:07:49.425918 #26970]  INFO -- : R3T made a bet of 40 (raise) and is left with 1400 chips. The pot now contains 60 chips.
I, [2014-04-05T12:07:49.429484 #26970]  INFO -- : Player Mr Bazinga responded with 500 (200)
I, [2014-04-05T12:07:49.429718 #26970]  INFO -- : Mr Bazinga made a bet of 500 (raise) and is left with 1040 chips. The pot now contains 560 chips.
I, [2014-04-05T12:07:49.440874 #26970]  INFO -- : Player R3T responded with 0 (200)
I, [2014-04-05T12:07:49.441303 #26970]  INFO -- : R3T made a bet of 0 (fold) and is left with 1400 chips. The pot now contains 560 chips.
I, [2014-04-05T12:07:49.441898 #26970]  INFO -- : Mr Bazinga won 560
I, [2014-04-05T12:07:49.445486 #26970]  INFO -- : Player R3T responded with  (200)
I, [2014-04-05T12:07:49.447939 #26970]  INFO -- : Player Mr Bazinga responded with OK (200)
I, [2014-04-05T12:07:49.449974 #26970]  INFO -- : Player NoCo responded with  (200)
I, [2014-04-05T12:07:49.450284 #26970]  INFO -- : R3T received hole_card 6 of Clubs
I, [2014-04-05T12:07:49.450456 #26970]  INFO -- : Mr Bazinga received hole_card 9 of Clubs
I, [2014-04-05T12:07:49.450610 #26970]  INFO -- : R3T received hole_card 5 of Clubs
I, [2014-04-05T12:07:49.451275 #26970]  INFO -- : Mr Bazinga received hole_card 3 of Diamonds
I, [2014-04-05T12:07:49.452267 #26970]  INFO -- : R3T made a bet of 20 (raise) and is left with 1380 chips. The pot now contains 20 chips.
I, [2014-04-05T12:07:49.452518 #26970]  INFO -- : Mr Bazinga made a bet of 40 (raise) and is left with 1560 chips. The pot now contains 60 chips.
I, [2014-04-05T12:07:49.465222 #26970]  INFO -- : Player R3T responded with 0 (200)
I, [2014-04-05T12:07:49.465492 #26970]  INFO -- : R3T made a bet of 0 (fold) and is left with 1380 chips. The pot now contains 60 chips.
I, [2014-04-05T12:07:49.467263 #26970]  INFO -- : Player Mr Bazinga responded with 500 (200)
I, [2014-04-05T12:07:49.467515 #26970]  INFO -- : Mr Bazinga made a bet of 500 (raise) and is left with 1060 chips. The pot now contains 560 chips.
I, [2014-04-05T12:07:49.467946 #26970]  INFO -- : Mr Bazinga won 560
I, [2014-04-05T12:07:49.471962 #26970]  INFO -- : Player R3T responded with  (200)
I, [2014-04-05T12:07:49.474321 #26970]  INFO -- : Player Mr Bazinga responded with OK (200)
I, [2014-04-05T12:07:49.477250 #26970]  INFO -- : Player NoCo responded with  (200)
I, [2014-04-05T12:07:49.477541 #26970]  INFO -- : Mr Bazinga received hole_card Queen of Diamonds
I, [2014-04-05T12:07:49.477715 #26970]  INFO -- : R3T received hole_card 3 of Diamonds
I, [2014-04-05T12:07:49.477898 #26970]  INFO -- : Mr Bazinga received hole_card 4 of Clubs
I, [2014-04-05T12:07:49.478058 #26970]  INFO -- : R3T received hole_card 4 of Diamonds
I, [2014-04-05T12:07:49.478336 #26970]  INFO -- : Mr Bazinga made a bet of 40 (raise) and is left with 1580 chips. The pot now contains 40 chips.
I, [2014-04-05T12:07:49.478565 #26970]  INFO -- : R3T made a bet of 80 (raise) and is left with 1300 chips. The pot now contains 120 chips.
I, [2014-04-05T12:07:49.480140 #26970]  INFO -- : Player Mr Bazinga responded with 500 (200)
I, [2014-04-05T12:07:49.480366 #26970]  INFO -- : Mr Bazinga made a bet of 500 (raise) and is left with 1080 chips. The pot now contains 620 chips.
I, [2014-04-05T12:07:49.486903 #26970]  INFO -- : Player R3T responded with 0 (200)
I, [2014-04-05T12:07:49.487190 #26970]  INFO -- : R3T made a bet of 0 (fold) and is left with 1300 chips. The pot now contains 620 chips.
I, [2014-04-05T12:07:49.487649 #26970]  INFO -- : Mr Bazinga won 620
I, [2014-04-05T12:07:49.490247 #26970]  INFO -- : Player R3T responded with  (200)
I, [2014-04-05T12:07:49.492811 #26970]  INFO -- : Player Mr Bazinga responded with OK (200)
I, [2014-04-05T12:07:49.495143 #26970]  INFO -- : Player NoCo responded with  (200)
I, [2014-04-05T12:07:49.495433 #26970]  INFO -- : R3T received hole_card 3 of Hearts
I, [2014-04-05T12:07:49.495583 #26970]  INFO -- : Mr Bazinga received hole_card 6 of Hearts
I, [2014-04-05T12:07:49.495748 #26970]  INFO -- : R3T received hole_card 6 of Diamonds
I, [2014-04-05T12:07:49.495908 #26970]  INFO -- : Mr Bazinga received hole_card 4 of Hearts
I, [2014-04-05T12:07:49.496408 #26970]  INFO -- : R3T made a bet of 40 (raise) and is left with 1260 chips. The pot now contains 40 chips.
I, [2014-04-05T12:07:49.497030 #26970]  INFO -- : Mr Bazinga made a bet of 80 (raise) and is left with 1620 chips. The pot now contains 120 chips.
I, [2014-04-05T12:07:49.510624 #26970]  INFO -- : Player R3T responded with 0 (200)
I, [2014-04-05T12:07:49.511258 #26970]  INFO -- : R3T made a bet of 0 (fold) and is left with 1260 chips. The pot now contains 120 chips.
I, [2014-04-05T12:07:49.515871 #26970]  INFO -- : Player Mr Bazinga responded with 500 (200)
I, [2014-04-05T12:07:49.516614 #26970]  INFO -- : Mr Bazinga made a bet of 500 (raise) and is left with 1120 chips. The pot now contains 620 chips.
I, [2014-04-05T12:07:49.517713 #26970]  INFO -- : Mr Bazinga won 620
I, [2014-04-05T12:07:49.523388 #26970]  INFO -- : Player R3T responded with  (200)
I, [2014-04-05T12:07:49.529548 #26970]  INFO -- : Player Mr Bazinga responded with OK (200)
I, [2014-04-05T12:07:49.534244 #26970]  INFO -- : Player NoCo responded with  (200)
I, [2014-04-05T12:07:49.534988 #26970]  INFO -- : Mr Bazinga received hole_card King of Diamonds
I, [2014-04-05T12:07:49.535368 #26970]  INFO -- : R3T received hole_card 7 of Clubs
I, [2014-04-05T12:07:49.535578 #26970]  INFO -- : Mr Bazinga received hole_card Queen of Clubs
I, [2014-04-05T12:07:49.535773 #26970]  INFO -- : R3T received hole_card 7 of Spades
I, [2014-04-05T12:07:49.536190 #26970]  INFO -- : Mr Bazinga made a bet of 40 (raise) and is left with 1700 chips. The pot now contains 40 chips.
I, [2014-04-05T12:07:49.536462 #26970]  INFO -- : R3T made a bet of 80 (raise) and is left with 1180 chips. The pot now contains 120 chips.
I, [2014-04-05T12:07:49.539357 #26970]  INFO -- : Player Mr Bazinga responded with 500 (200)
I, [2014-04-05T12:07:49.539581 #26970]  INFO -- : Mr Bazinga made a bet of 500 (raise) and is left with 1200 chips. The pot now contains 620 chips.
I, [2014-04-05T12:07:49.544319 #26970]  INFO -- : Player R3T responded with 580 (200)
I, [2014-04-05T12:07:49.544538 #26970]  INFO -- : R3T made a bet of 460 (call) and is left with 720 chips. The pot now contains 1080 chips.
I, [2014-04-05T12:07:49.544770 #26970]  INFO -- : community card 3 of Spades
I, [2014-04-05T12:07:49.544965 #26970]  INFO -- : community card Jack of Diamonds
I, [2014-04-05T12:07:49.545147 #26970]  INFO -- : community card 8 of Diamonds
I, [2014-04-05T12:07:49.548830 #26970]  INFO -- : Player Mr Bazinga responded with 500 (200)
I, [2014-04-05T12:07:49.549419 #26970]  INFO -- : Mr Bazinga made a bet of 500 (raise) and is left with 700 chips. The pot now contains 1580 chips.
I, [2014-04-05T12:07:49.556444 #26970]  INFO -- : Player R3T responded with 1080 (200)
I, [2014-04-05T12:07:49.556938 #26970]  INFO -- : R3T made a bet of 720 (allin) and is left with 0 chips. The pot now contains 2300 chips.
I, [2014-04-05T12:07:49.561239 #26970]  INFO -- : Player Mr Bazinga responded with 500 (200)
I, [2014-04-05T12:07:49.562084 #26970]  INFO -- : Mr Bazinga made a bet of 220 (call) and is left with 480 chips. The pot now contains 2520 chips.
I, [2014-04-05T12:07:49.562807 #26970]  INFO -- : community card 9 of Hearts
I, [2014-04-05T12:07:49.563218 #26970]  INFO -- : community card 5 of Clubs
I, [2014-04-05T12:07:49.563956 #26970]  INFO -- : R3T showed 7 of Clubs,7 of Spades,8 of Diamonds,9 of Hearts,Jack of Diamonds making a pair
I, [2014-04-05T12:07:49.564488 #26970]  INFO -- : R3T won 2520
I, [2014-04-05T12:07:49.570713 #26970]  INFO -- : Player R3T responded with  (200)
I, [2014-04-05T12:07:49.575469 #26970]  INFO -- : Player Mr Bazinga responded with OK (200)
I, [2014-04-05T12:07:49.580150 #26970]  INFO -- : Player NoCo responded with  (200)
I, [2014-04-05T12:07:49.581006 #26970]  INFO -- : R3T received hole_card Jack of Clubs
I, [2014-04-05T12:07:49.581575 #26970]  INFO -- : Mr Bazinga received hole_card 7 of Spades
I, [2014-04-05T12:07:49.582098 #26970]  INFO -- : R3T received hole_card Jack of Hearts
I, [2014-04-05T12:07:49.582659 #26970]  INFO -- : Mr Bazinga received hole_card 6 of Spades
I, [2014-04-05T12:07:49.583525 #26970]  INFO -- : R3T made a bet of 40 (raise) and is left with 2480 chips. The pot now contains 40 chips.
I, [2014-04-05T12:07:49.584405 #26970]  INFO -- : Mr Bazinga made a bet of 80 (raise) and is left with 400 chips. The pot now contains 120 chips.
I, [2014-04-05T12:07:49.594124 #26970]  INFO -- : Player R3T responded with 120 (200)
I, [2014-04-05T12:07:49.595140 #26970]  INFO -- : R3T made a bet of 120 (raise) and is left with 2360 chips. The pot now contains 240 chips.
I, [2014-04-05T12:07:49.603202 #26970]  INFO -- : Player Mr Bazinga responded with 500 (200)
I, [2014-04-05T12:07:49.603654 #26970]  INFO -- : Mr Bazinga made a bet of 400 (allin) and is left with 0 chips. The pot now contains 640 chips.
I, [2014-04-05T12:07:49.609318 #26970]  INFO -- : Player R3T responded with 520 (200)
I, [2014-04-05T12:07:49.609595 #26970]  INFO -- : R3T made a bet of 320 (call) and is left with 2040 chips. The pot now contains 960 chips.
I, [2014-04-05T12:07:49.609821 #26970]  INFO -- : community card 4 of Spades
I, [2014-04-05T12:07:49.610024 #26970]  INFO -- : community card 7 of Diamonds
I, [2014-04-05T12:07:49.610217 #26970]  INFO -- : community card 5 of Spades
I, [2014-04-05T12:07:49.610438 #26970]  INFO -- : community card 9 of Spades
I, [2014-04-05T12:07:49.610652 #26970]  INFO -- : community card 9 of Hearts
I, [2014-04-05T12:07:49.611058 #26970]  INFO -- : Mr Bazinga showed 4 of Spades,5 of Spades,6 of Spades,7 of Spades,9 of Spades making a flush
I, [2014-04-05T12:07:49.611459 #26970]  INFO -- : Mr Bazinga won 960
I, [2014-04-05T12:07:49.613958 #26970]  INFO -- : Player R3T responded with  (200)
I, [2014-04-05T12:07:49.616901 #26970]  INFO -- : Player Mr Bazinga responded with OK (200)
I, [2014-04-05T12:07:49.619733 #26970]  INFO -- : Player NoCo responded with  (200)
I, [2014-04-05T12:07:49.620206 #26970]  INFO -- : Mr Bazinga received hole_card 2 of Clubs
I, [2014-04-05T12:07:49.620501 #26970]  INFO -- : R3T received hole_card King of Diamonds
I, [2014-04-05T12:07:49.620787 #26970]  INFO -- : Mr Bazinga received hole_card 8 of Hearts
I, [2014-04-05T12:07:49.621046 #26970]  INFO -- : R3T received hole_card 3 of Clubs
I, [2014-04-05T12:07:49.621527 #26970]  INFO -- : Mr Bazinga made a bet of 40 (raise) and is left with 920 chips. The pot now contains 40 chips.
I, [2014-04-05T12:07:49.621904 #26970]  INFO -- : R3T made a bet of 80 (raise) and is left with 1960 chips. The pot now contains 120 chips.
I, [2014-04-05T12:07:49.626213 #26970]  INFO -- : Player Mr Bazinga responded with 500 (200)
I, [2014-04-05T12:07:49.627748 #26970]  INFO -- : Mr Bazinga made a bet of 500 (raise) and is left with 420 chips. The pot now contains 620 chips.
I, [2014-04-05T12:07:49.636997 #26970]  INFO -- : Player R3T responded with 0 (200)
I, [2014-04-05T12:07:49.637277 #26970]  INFO -- : R3T made a bet of 0 (fold) and is left with 1960 chips. The pot now contains 620 chips.
I, [2014-04-05T12:07:49.637633 #26970]  INFO -- : Mr Bazinga won 620
I, [2014-04-05T12:07:49.639518 #26970]  INFO -- : Player R3T responded with  (200)
I, [2014-04-05T12:07:49.641577 #26970]  INFO -- : Player Mr Bazinga responded with OK (200)
I, [2014-04-05T12:07:49.643390 #26970]  INFO -- : Player NoCo responded with  (200)
I, [2014-04-05T12:07:49.643662 #26970]  INFO -- : R3T received hole_card 4 of Spades
I, [2014-04-05T12:07:49.643815 #26970]  INFO -- : Mr Bazinga received hole_card 3 of Clubs
I, [2014-04-05T12:07:49.643976 #26970]  INFO -- : R3T received hole_card 3 of Spades
I, [2014-04-05T12:07:49.644150 #26970]  INFO -- : Mr Bazinga received hole_card Queen of Spades
I, [2014-04-05T12:07:49.644424 #26970]  INFO -- : R3T made a bet of 40 (raise) and is left with 1920 chips. The pot now contains 40 chips.
I, [2014-04-05T12:07:49.644636 #26970]  INFO -- : Mr Bazinga made a bet of 80 (raise) and is left with 960 chips. The pot now contains 120 chips.
I, [2014-04-05T12:07:49.658062 #26970]  INFO -- : Player R3T responded with 0 (200)
I, [2014-04-05T12:07:49.658539 #26970]  INFO -- : R3T made a bet of 0 (fold) and is left with 1920 chips. The pot now contains 120 chips.
I, [2014-04-05T12:07:49.661388 #26970]  INFO -- : Player Mr Bazinga responded with 500 (200)
I, [2014-04-05T12:07:49.661688 #26970]  INFO -- : Mr Bazinga made a bet of 500 (raise) and is left with 460 chips. The pot now contains 620 chips.
I, [2014-04-05T12:07:49.662161 #26970]  INFO -- : Mr Bazinga won 620
I, [2014-04-05T12:07:49.664741 #26970]  INFO -- : Player R3T responded with  (200)
I, [2014-04-05T12:07:49.667436 #26970]  INFO -- : Player Mr Bazinga responded with OK (200)
I, [2014-04-05T12:07:49.670250 #26970]  INFO -- : Player NoCo responded with  (200)
I, [2014-04-05T12:07:49.670546 #26970]  INFO -- : Mr Bazinga received hole_card 6 of Diamonds
I, [2014-04-05T12:07:49.670703 #26970]  INFO -- : R3T received hole_card 7 of Clubs
I, [2014-04-05T12:07:49.670865 #26970]  INFO -- : Mr Bazinga received hole_card 6 of Spades
I, [2014-04-05T12:07:49.671026 #26970]  INFO -- : R3T received hole_card 5 of Hearts
I, [2014-04-05T12:07:49.671278 #26970]  INFO -- : Mr Bazinga made a bet of 40 (raise) and is left with 1040 chips. The pot now contains 40 chips.
I, [2014-04-05T12:07:49.671497 #26970]  INFO -- : R3T made a bet of 80 (raise) and is left with 1840 chips. The pot now contains 120 chips.
I, [2014-04-05T12:07:49.672895 #26970]  INFO -- : Player Mr Bazinga responded with 500 (200)
I, [2014-04-05T12:07:49.673062 #26970]  INFO -- : Mr Bazinga made a bet of 500 (raise) and is left with 540 chips. The pot now contains 620 chips.
I, [2014-04-05T12:07:49.685407 #26970]  INFO -- : Player R3T responded with 0 (200)
I, [2014-04-05T12:07:49.685938 #26970]  INFO -- : R3T made a bet of 0 (fold) and is left with 1840 chips. The pot now contains 620 chips.
I, [2014-04-05T12:07:49.686886 #26970]  INFO -- : Mr Bazinga won 620
I, [2014-04-05T12:07:49.692147 #26970]  INFO -- : Player R3T responded with  (200)
I, [2014-04-05T12:07:49.697704 #26970]  INFO -- : Player Mr Bazinga responded with OK (200)
I, [2014-04-05T12:07:49.700377 #26970]  INFO -- : Player NoCo responded with  (200)
I, [2014-04-05T12:07:49.701172 #26970]  INFO -- : R3T received hole_card 3 of Clubs
I, [2014-04-05T12:07:49.701761 #26970]  INFO -- : Mr Bazinga received hole_card Queen of Clubs
I, [2014-04-05T12:07:49.702360 #26970]  INFO -- : R3T received hole_card Queen of Hearts
I, [2014-04-05T12:07:49.703164 #26970]  INFO -- : Mr Bazinga received hole_card 7 of Hearts
I, [2014-04-05T12:07:49.703899 #26970]  INFO -- : R3T made a bet of 40 (raise) and is left with 1800 chips. The pot now contains 40 chips.
I, [2014-04-05T12:07:49.704379 #26970]  INFO -- : Mr Bazinga made a bet of 80 (raise) and is left with 1080 chips. The pot now contains 120 chips.
I, [2014-04-05T12:07:49.718341 #26970]  INFO -- : Player R3T responded with 0 (200)
I, [2014-04-05T12:07:49.718829 #26970]  INFO -- : R3T made a bet of 0 (fold) and is left with 1800 chips. The pot now contains 120 chips.
I, [2014-04-05T12:07:49.723335 #26970]  INFO -- : Player Mr Bazinga responded with 500 (200)
I, [2014-04-05T12:07:49.723872 #26970]  INFO -- : Mr Bazinga made a bet of 500 (raise) and is left with 580 chips. The pot now contains 620 chips.
I, [2014-04-05T12:07:49.725010 #26970]  INFO -- : Mr Bazinga won 620
I, [2014-04-05T12:07:49.729038 #26970]  INFO -- : Player R3T responded with  (200)
I, [2014-04-05T12:07:49.732079 #26970]  INFO -- : Player Mr Bazinga responded with OK (200)
I, [2014-04-05T12:07:49.734815 #26970]  INFO -- : Player NoCo responded with  (200)
I, [2014-04-05T12:07:49.735112 #26970]  INFO -- : Mr Bazinga received hole_card Queen of Hearts
I, [2014-04-05T12:07:49.735279 #26970]  INFO -- : R3T received hole_card Ace of Hearts
I, [2014-04-05T12:07:49.735474 #26970]  INFO -- : Mr Bazinga received hole_card Ace of Diamonds
I, [2014-04-05T12:07:49.735641 #26970]  INFO -- : R3T received hole_card Jack of Hearts
I, [2014-04-05T12:07:49.735953 #26970]  INFO -- : Mr Bazinga made a bet of 40 (raise) and is left with 1160 chips. The pot now contains 40 chips.
I, [2014-04-05T12:07:49.736220 #26970]  INFO -- : R3T made a bet of 80 (raise) and is left with 1720 chips. The pot now contains 120 chips.
I, [2014-04-05T12:07:49.737688 #26970]  INFO -- : Player Mr Bazinga responded with 500 (200)
I, [2014-04-05T12:07:49.737876 #26970]  INFO -- : Mr Bazinga made a bet of 500 (raise) and is left with 660 chips. The pot now contains 620 chips.
I, [2014-04-05T12:07:49.745022 #26970]  INFO -- : Player R3T responded with 0 (200)
I, [2014-04-05T12:07:49.745453 #26970]  INFO -- : R3T made a bet of 0 (fold) and is left with 1720 chips. The pot now contains 620 chips.
I, [2014-04-05T12:07:49.746460 #26970]  INFO -- : Mr Bazinga won 620
I, [2014-04-05T12:07:49.751205 #26970]  INFO -- : Player R3T responded with  (200)
I, [2014-04-05T12:07:49.754578 #26970]  INFO -- : Player Mr Bazinga responded with OK (200)
I, [2014-04-05T12:07:49.757774 #26970]  INFO -- : Player NoCo responded with  (200)
I, [2014-04-05T12:07:49.758242 #26970]  INFO -- : R3T received hole_card 5 of Hearts
I, [2014-04-05T12:07:49.758460 #26970]  INFO -- : Mr Bazinga received hole_card 2 of Spades
I, [2014-04-05T12:07:49.758688 #26970]  INFO -- : R3T received hole_card Queen of Hearts
I, [2014-04-05T12:07:49.759008 #26970]  INFO -- : Mr Bazinga received hole_card 6 of Diamonds
I, [2014-04-05T12:07:49.759926 #26970]  INFO -- : R3T made a bet of 80 (raise) and is left with 1640 chips. The pot now contains 80 chips.
I, [2014-04-05T12:07:49.760805 #26970]  INFO -- : Mr Bazinga made a bet of 160 (raise) and is left with 1120 chips. The pot now contains 240 chips.
I, [2014-04-05T12:07:49.777923 #26970]  INFO -- : Player R3T responded with 0 (200)
I, [2014-04-05T12:07:49.778509 #26970]  INFO -- : R3T made a bet of 0 (fold) and is left with 1640 chips. The pot now contains 240 chips.
I, [2014-04-05T12:07:49.782531 #26970]  INFO -- : Player Mr Bazinga responded with 500 (200)
I, [2014-04-05T12:07:49.782743 #26970]  INFO -- : Mr Bazinga made a bet of 500 (raise) and is left with 620 chips. The pot now contains 740 chips.
I, [2014-04-05T12:07:49.783109 #26970]  INFO -- : Mr Bazinga won 740
I, [2014-04-05T12:07:49.785533 #26970]  INFO -- : Player R3T responded with  (200)
I, [2014-04-05T12:07:49.788095 #26970]  INFO -- : Player Mr Bazinga responded with OK (200)
I, [2014-04-05T12:07:49.790530 #26970]  INFO -- : Player NoCo responded with  (200)
I, [2014-04-05T12:07:49.790835 #26970]  INFO -- : Mr Bazinga received hole_card King of Spades
I, [2014-04-05T12:07:49.791031 #26970]  INFO -- : R3T received hole_card 2 of Diamonds
I, [2014-04-05T12:07:49.791219 #26970]  INFO -- : Mr Bazinga received hole_card Ace of Diamonds
I, [2014-04-05T12:07:49.791411 #26970]  INFO -- : R3T received hole_card 5 of Clubs
I, [2014-04-05T12:07:49.791709 #26970]  INFO -- : Mr Bazinga made a bet of 80 (raise) and is left with 1280 chips. The pot now contains 80 chips.
I, [2014-04-05T12:07:49.791951 #26970]  INFO -- : R3T made a bet of 160 (raise) and is left with 1480 chips. The pot now contains 240 chips.
I, [2014-04-05T12:07:49.795576 #26970]  INFO -- : Player Mr Bazinga responded with 500 (200)
I, [2014-04-05T12:07:49.795911 #26970]  INFO -- : Mr Bazinga made a bet of 500 (raise) and is left with 780 chips. The pot now contains 740 chips.
I, [2014-04-05T12:07:49.807947 #26970]  INFO -- : Player R3T responded with 0 (200)
I, [2014-04-05T12:07:49.808550 #26970]  INFO -- : R3T made a bet of 0 (fold) and is left with 1480 chips. The pot now contains 740 chips.
I, [2014-04-05T12:07:49.809523 #26970]  INFO -- : Mr Bazinga won 740
I, [2014-04-05T12:07:49.814531 #26970]  INFO -- : Player R3T responded with  (200)
I, [2014-04-05T12:07:49.819515 #26970]  INFO -- : Player Mr Bazinga responded with OK (200)
I, [2014-04-05T12:07:49.821794 #26970]  INFO -- : Player NoCo responded with  (200)
I, [2014-04-05T12:07:49.822644 #26970]  INFO -- : R3T received hole_card 4 of Spades
I, [2014-04-05T12:07:49.823398 #26970]  INFO -- : Mr Bazinga received hole_card Ace of Clubs
I, [2014-04-05T12:07:49.824231 #26970]  INFO -- : R3T received hole_card King of Clubs
I, [2014-04-05T12:07:49.824811 #26970]  INFO -- : Mr Bazinga received hole_card 6 of Spades
I, [2014-04-05T12:07:49.825333 #26970]  INFO -- : R3T made a bet of 80 (raise) and is left with 1400 chips. The pot now contains 80 chips.
I, [2014-04-05T12:07:49.825593 #26970]  INFO -- : Mr Bazinga made a bet of 160 (raise) and is left with 1360 chips. The pot now contains 240 chips.
I, [2014-04-05T12:07:49.841375 #26970]  INFO -- : Player R3T responded with 0 (200)
I, [2014-04-05T12:07:49.841951 #26970]  INFO -- : R3T made a bet of 0 (fold) and is left with 1400 chips. The pot now contains 240 chips.
I, [2014-04-05T12:07:49.848478 #26970]  INFO -- : Player Mr Bazinga responded with 500 (200)
I, [2014-04-05T12:07:49.848971 #26970]  INFO -- : Mr Bazinga made a bet of 500 (raise) and is left with 860 chips. The pot now contains 740 chips.
I, [2014-04-05T12:07:49.849795 #26970]  INFO -- : Mr Bazinga won 740
I, [2014-04-05T12:07:49.857181 #26970]  INFO -- : Player R3T responded with  (200)
I, [2014-04-05T12:07:49.863150 #26970]  INFO -- : Player Mr Bazinga responded with OK (200)
I, [2014-04-05T12:07:49.864824 #26970]  INFO -- : Player NoCo responded with  (200)
I, [2014-04-05T12:07:49.865141 #26970]  INFO -- : Mr Bazinga received hole_card 3 of Diamonds
I, [2014-04-05T12:07:49.865358 #26970]  INFO -- : R3T received hole_card 2 of Hearts
I, [2014-04-05T12:07:49.865563 #26970]  INFO -- : Mr Bazinga received hole_card Queen of Hearts
I, [2014-04-05T12:07:49.865741 #26970]  INFO -- : R3T received hole_card 7 of Hearts
I, [2014-04-05T12:07:49.866064 #26970]  INFO -- : Mr Bazinga made a bet of 80 (raise) and is left with 1520 chips. The pot now contains 80 chips.
I, [2014-04-05T12:07:49.866320 #26970]  INFO -- : R3T made a bet of 160 (raise) and is left with 1240 chips. The pot now contains 240 chips.
I, [2014-04-05T12:07:49.868821 #26970]  INFO -- : Player Mr Bazinga responded with 500 (200)
I, [2014-04-05T12:07:49.869057 #26970]  INFO -- : Mr Bazinga made a bet of 500 (raise) and is left with 1020 chips. The pot now contains 740 chips.
I, [2014-04-05T12:07:49.878944 #26970]  INFO -- : Player R3T responded with 0 (200)
I, [2014-04-05T12:07:49.879384 #26970]  INFO -- : R3T made a bet of 0 (fold) and is left with 1240 chips. The pot now contains 740 chips.
I, [2014-04-05T12:07:49.880037 #26970]  INFO -- : Mr Bazinga won 740
I, [2014-04-05T12:07:49.884748 #26970]  INFO -- : Player R3T responded with  (200)
I, [2014-04-05T12:07:49.888969 #26970]  INFO -- : Player Mr Bazinga responded with OK (200)
I, [2014-04-05T12:07:49.892167 #26970]  INFO -- : Player NoCo responded with  (200)
I, [2014-04-05T12:07:49.892451 #26970]  INFO -- : R3T received hole_card 2 of Diamonds
I, [2014-04-05T12:07:49.892621 #26970]  INFO -- : Mr Bazinga received hole_card 6 of Diamonds
I, [2014-04-05T12:07:49.892768 #26970]  INFO -- : R3T received hole_card Jack of Spades
I, [2014-04-05T12:07:49.892923 #26970]  INFO -- : Mr Bazinga received hole_card King of Hearts
I, [2014-04-05T12:07:49.893190 #26970]  INFO -- : R3T made a bet of 80 (raise) and is left with 1160 chips. The pot now contains 80 chips.
I, [2014-04-05T12:07:49.893416 #26970]  INFO -- : Mr Bazinga made a bet of 160 (raise) and is left with 1600 chips. The pot now contains 240 chips.
I, [2014-04-05T12:07:49.909169 #26970]  INFO -- : Player R3T responded with 0 (200)
I, [2014-04-05T12:07:49.909449 #26970]  INFO -- : R3T made a bet of 0 (fold) and is left with 1160 chips. The pot now contains 240 chips.
I, [2014-04-05T12:07:49.911766 #26970]  INFO -- : Player Mr Bazinga responded with 500 (200)
I, [2014-04-05T12:07:49.912163 #26970]  INFO -- : Mr Bazinga made a bet of 500 (raise) and is left with 1100 chips. The pot now contains 740 chips.
I, [2014-04-05T12:07:49.912692 #26970]  INFO -- : Mr Bazinga won 740
I, [2014-04-05T12:07:49.916549 #26970]  INFO -- : Player R3T responded with  (200)
I, [2014-04-05T12:07:49.918156 #26970]  INFO -- : Player Mr Bazinga responded with OK (200)
I, [2014-04-05T12:07:49.920822 #26970]  INFO -- : Player NoCo responded with  (200)
I, [2014-04-05T12:07:49.921131 #26970]  INFO -- : Mr Bazinga received hole_card 5 of Hearts
I, [2014-04-05T12:07:49.921307 #26970]  INFO -- : R3T received hole_card Ace of Clubs
I, [2014-04-05T12:07:49.921460 #26970]  INFO -- : Mr Bazinga received hole_card 9 of Spades
I, [2014-04-05T12:07:49.921656 #26970]  INFO -- : R3T received hole_card 3 of Hearts
I, [2014-04-05T12:07:49.921985 #26970]  INFO -- : Mr Bazinga made a bet of 80 (raise) and is left with 1760 chips. The pot now contains 80 chips.
I, [2014-04-05T12:07:49.922224 #26970]  INFO -- : R3T made a bet of 160 (raise) and is left with 1000 chips. The pot now contains 240 chips.
I, [2014-04-05T12:07:49.923874 #26970]  INFO -- : Player Mr Bazinga responded with 500 (200)
I, [2014-04-05T12:07:49.924125 #26970]  INFO -- : Mr Bazinga made a bet of 500 (raise) and is left with 1260 chips. The pot now contains 740 chips.
I, [2014-04-05T12:07:49.935078 #26970]  INFO -- : Player R3T responded with 0 (200)
I, [2014-04-05T12:07:49.935328 #26970]  INFO -- : R3T made a bet of 0 (fold) and is left with 1000 chips. The pot now contains 740 chips.
I, [2014-04-05T12:07:49.935670 #26970]  INFO -- : Mr Bazinga won 740
I, [2014-04-05T12:07:49.939097 #26970]  INFO -- : Player R3T responded with  (200)
I, [2014-04-05T12:07:49.941525 #26970]  INFO -- : Player Mr Bazinga responded with OK (200)
I, [2014-04-05T12:07:49.943769 #26970]  INFO -- : Player NoCo responded with  (200)
I, [2014-04-05T12:07:49.944305 #26970]  INFO -- : R3T received hole_card 6 of Hearts
I, [2014-04-05T12:07:49.944482 #26970]  INFO -- : Mr Bazinga received hole_card 3 of Clubs
I, [2014-04-05T12:07:49.944630 #26970]  INFO -- : R3T received hole_card 8 of Diamonds
I, [2014-04-05T12:07:49.944808 #26970]  INFO -- : Mr Bazinga received hole_card 7 of Spades
I, [2014-04-05T12:07:49.945098 #26970]  INFO -- : R3T made a bet of 80 (raise) and is left with 920 chips. The pot now contains 80 chips.
I, [2014-04-05T12:07:49.945336 #26970]  INFO -- : Mr Bazinga made a bet of 160 (raise) and is left with 1840 chips. The pot now contains 240 chips.
I, [2014-04-05T12:07:49.960435 #26970]  INFO -- : Player R3T responded with 0 (200)
I, [2014-04-05T12:07:49.961096 #26970]  INFO -- : R3T made a bet of 0 (fold) and is left with 920 chips. The pot now contains 240 chips.
I, [2014-04-05T12:07:49.964997 #26970]  INFO -- : Player Mr Bazinga responded with 500 (200)
I, [2014-04-05T12:07:49.965638 #26970]  INFO -- : Mr Bazinga made a bet of 500 (raise) and is left with 1340 chips. The pot now contains 740 chips.
I, [2014-04-05T12:07:49.967027 #26970]  INFO -- : Mr Bazinga won 740
I, [2014-04-05T12:07:49.971323 #26970]  INFO -- : Player R3T responded with  (200)
I, [2014-04-05T12:07:49.976324 #26970]  INFO -- : Player Mr Bazinga responded with OK (200)
I, [2014-04-05T12:07:49.980560 #26970]  INFO -- : Player NoCo responded with  (200)
I, [2014-04-05T12:07:49.981933 #26970]  INFO -- : Mr Bazinga received hole_card 10 of Spades
I, [2014-04-05T12:07:49.982956 #26970]  INFO -- : R3T received hole_card 8 of Clubs
I, [2014-04-05T12:07:49.983642 #26970]  INFO -- : Mr Bazinga received hole_card Queen of Diamonds
I, [2014-04-05T12:07:49.984238 #26970]  INFO -- : R3T received hole_card Jack of Hearts
I, [2014-04-05T12:07:49.985102 #26970]  INFO -- : Mr Bazinga made a bet of 80 (raise) and is left with 2000 chips. The pot now contains 80 chips.
I, [2014-04-05T12:07:49.985871 #26970]  INFO -- : R3T made a bet of 160 (raise) and is left with 760 chips. The pot now contains 240 chips.
I, [2014-04-05T12:07:49.990206 #26970]  INFO -- : Player Mr Bazinga responded with 500 (200)
I, [2014-04-05T12:07:49.990833 #26970]  INFO -- : Mr Bazinga made a bet of 500 (raise) and is left with 1500 chips. The pot now contains 740 chips.
I, [2014-04-05T12:07:50.006484 #26970]  INFO -- : Player R3T responded with 0 (200)
I, [2014-04-05T12:07:50.006964 #26970]  INFO -- : R3T made a bet of 0 (fold) and is left with 760 chips. The pot now contains 740 chips.
I, [2014-04-05T12:07:50.008113 #26970]  INFO -- : Mr Bazinga won 740
I, [2014-04-05T12:07:50.013986 #26970]  INFO -- : Player R3T responded with  (200)
I, [2014-04-05T12:07:50.018557 #26970]  INFO -- : Player Mr Bazinga responded with OK (200)
I, [2014-04-05T12:07:50.021476 #26970]  INFO -- : Player NoCo responded with  (200)
I, [2014-04-05T12:07:50.021918 #26970]  INFO -- : R3T received hole_card Queen of Clubs
I, [2014-04-05T12:07:50.022348 #26970]  INFO -- : Mr Bazinga received hole_card 3 of Hearts
I, [2014-04-05T12:07:50.023418 #26970]  INFO -- : R3T received hole_card 2 of Hearts
I, [2014-04-05T12:07:50.024032 #26970]  INFO -- : Mr Bazinga received hole_card 5 of Spades
I, [2014-04-05T12:07:50.025047 #26970]  INFO -- : R3T made a bet of 80 (raise) and is left with 680 chips. The pot now contains 80 chips.
I, [2014-04-05T12:07:50.025811 #26970]  INFO -- : Mr Bazinga made a bet of 160 (raise) and is left with 2080 chips. The pot now contains 240 chips.
I, [2014-04-05T12:07:50.035590 #26970]  INFO -- : Player R3T responded with 0 (200)
I, [2014-04-05T12:07:50.035851 #26970]  INFO -- : R3T made a bet of 0 (fold) and is left with 680 chips. The pot now contains 240 chips.
I, [2014-04-05T12:07:50.038818 #26970]  INFO -- : Player Mr Bazinga responded with 500 (200)
I, [2014-04-05T12:07:50.039752 #26970]  INFO -- : Mr Bazinga made a bet of 500 (raise) and is left with 1580 chips. The pot now contains 740 chips.
I, [2014-04-05T12:07:50.040220 #26970]  INFO -- : Mr Bazinga won 740
I, [2014-04-05T12:07:50.042783 #26970]  INFO -- : Player R3T responded with  (200)
I, [2014-04-05T12:07:50.044947 #26970]  INFO -- : Player Mr Bazinga responded with OK (200)
I, [2014-04-05T12:07:50.047016 #26970]  INFO -- : Player NoCo responded with  (200)
I, [2014-04-05T12:07:50.047399 #26970]  INFO -- : Mr Bazinga received hole_card 3 of Spades
I, [2014-04-05T12:07:50.047659 #26970]  INFO -- : R3T received hole_card Jack of Clubs
I, [2014-04-05T12:07:50.047912 #26970]  INFO -- : Mr Bazinga received hole_card 5 of Spades
I, [2014-04-05T12:07:50.048215 #26970]  INFO -- : R3T received hole_card 7 of Spades
I, [2014-04-05T12:07:50.048649 #26970]  INFO -- : Mr Bazinga made a bet of 160 (raise) and is left with 2160 chips. The pot now contains 160 chips.
I, [2014-04-05T12:07:50.048998 #26970]  INFO -- : R3T made a bet of 320 (raise) and is left with 360 chips. The pot now contains 480 chips.
I, [2014-04-05T12:07:50.053550 #26970]  INFO -- : Player Mr Bazinga responded with 500 (200)
I, [2014-04-05T12:07:50.053970 #26970]  INFO -- : Mr Bazinga made a bet of 500 (raise) and is left with 1660 chips. The pot now contains 980 chips.
I, [2014-04-05T12:07:50.065922 #26970]  INFO -- : Player R3T responded with 0 (200)
I, [2014-04-05T12:07:50.066350 #26970]  INFO -- : R3T made a bet of 0 (fold) and is left with 360 chips. The pot now contains 980 chips.
I, [2014-04-05T12:07:50.067506 #26970]  INFO -- : Mr Bazinga won 980
I, [2014-04-05T12:07:50.071368 #26970]  INFO -- : Player R3T responded with  (200)
I, [2014-04-05T12:07:50.073363 #26970]  INFO -- : Player Mr Bazinga responded with OK (200)
I, [2014-04-05T12:07:50.075857 #26970]  INFO -- : Player NoCo responded with  (200)
I, [2014-04-05T12:07:50.076396 #26970]  INFO -- : R3T received hole_card 9 of Clubs
I, [2014-04-05T12:07:50.076551 #26970]  INFO -- : Mr Bazinga received hole_card 3 of Spades
I, [2014-04-05T12:07:50.076720 #26970]  INFO -- : R3T received hole_card 5 of Clubs
I, [2014-04-05T12:07:50.076895 #26970]  INFO -- : Mr Bazinga received hole_card 4 of Diamonds
I, [2014-04-05T12:07:50.077156 #26970]  INFO -- : R3T made a bet of 160 (raise) and is left with 200 chips. The pot now contains 160 chips.
I, [2014-04-05T12:07:50.077377 #26970]  INFO -- : Mr Bazinga made a bet of 320 (raise) and is left with 2320 chips. The pot now contains 480 chips.
I, [2014-04-05T12:07:50.092673 #26970]  INFO -- : Player R3T responded with 0 (200)
I, [2014-04-05T12:07:50.093121 #26970]  INFO -- : R3T made a bet of 0 (fold) and is left with 200 chips. The pot now contains 480 chips.
I, [2014-04-05T12:07:50.098464 #26970]  INFO -- : Player Mr Bazinga responded with 500 (200)
I, [2014-04-05T12:07:50.099208 #26970]  INFO -- : Mr Bazinga made a bet of 500 (raise) and is left with 1820 chips. The pot now contains 980 chips.
I, [2014-04-05T12:07:50.100350 #26970]  INFO -- : Mr Bazinga won 980
I, [2014-04-05T12:07:50.104229 #26970]  INFO -- : Player R3T responded with  (200)
I, [2014-04-05T12:07:50.105881 #26970]  INFO -- : Player Mr Bazinga responded with OK (200)
I, [2014-04-05T12:07:50.107862 #26970]  INFO -- : Player NoCo responded with  (200)
I, [2014-04-05T12:07:50.108174 #26970]  INFO -- : Mr Bazinga received hole_card 4 of Diamonds
I, [2014-04-05T12:07:50.108350 #26970]  INFO -- : R3T received hole_card 10 of Clubs
I, [2014-04-05T12:07:50.108524 #26970]  INFO -- : Mr Bazinga received hole_card Jack of Hearts
I, [2014-04-05T12:07:50.108669 #26970]  INFO -- : R3T received hole_card 7 of Hearts
I, [2014-04-05T12:07:50.108928 #26970]  INFO -- : Mr Bazinga made a bet of 160 (raise) and is left with 2640 chips. The pot now contains 160 chips.
I, [2014-04-05T12:07:50.109145 #26970]  INFO -- : R3T made a bet of 200 (allin) and is left with 0 chips. The pot now contains 360 chips.
I, [2014-04-05T12:07:50.111264 #26970]  INFO -- : Player Mr Bazinga responded with 500 (200)
I, [2014-04-05T12:07:50.111510 #26970]  INFO -- : Mr Bazinga made a bet of 500 (raise) and is left with 2140 chips. The pot now contains 860 chips.
I, [2014-04-05T12:07:50.111709 #26970]  INFO -- : community card 3 of Clubs
I, [2014-04-05T12:07:50.111879 #26970]  INFO -- : community card 10 of Spades
I, [2014-04-05T12:07:50.112076 #26970]  INFO -- : community card 5 of Hearts
I, [2014-04-05T12:07:50.112417 #26970]  INFO -- : community card King of Hearts
I, [2014-04-05T12:07:50.112714 #26970]  INFO -- : community card Queen of Spades
I, [2014-04-05T12:07:50.114004 #26970]  INFO -- : Mr Bazinga showed 5 of Hearts,10 of Spades,Jack of Hearts,Queen of Spades,King of Hearts making a high card
I, [2014-04-05T12:07:50.114724 #26970]  INFO -- : R3T showed 7 of Hearts,10 of Clubs,10 of Spades,Queen of Spades,King of Hearts making a pair
I, [2014-04-05T12:07:50.115063 #26970]  INFO -- : R3T won 400
I, [2014-04-05T12:07:50.115643 #26970]  INFO -- : Mr Bazinga won 460
I, [2014-04-05T12:07:50.120588 #26970]  INFO -- : Player R3T responded with  (200)
I, [2014-04-05T12:07:50.123456 #26970]  INFO -- : Player Mr Bazinga responded with OK (200)
I, [2014-04-05T12:07:50.127534 #26970]  INFO -- : Player NoCo responded with  (200)
I, [2014-04-05T12:07:50.128630 #26970]  INFO -- : R3T received hole_card Queen of Diamonds
I, [2014-04-05T12:07:50.129319 #26970]  INFO -- : Mr Bazinga received hole_card 8 of Spades
I, [2014-04-05T12:07:50.129995 #26970]  INFO -- : R3T received hole_card 9 of Clubs
I, [2014-04-05T12:07:50.130633 #26970]  INFO -- : Mr Bazinga received hole_card 5 of Hearts
I, [2014-04-05T12:07:50.131563 #26970]  INFO -- : R3T made a bet of 160 (raise) and is left with 240 chips. The pot now contains 160 chips.
I, [2014-04-05T12:07:50.132487 #26970]  INFO -- : Mr Bazinga made a bet of 320 (raise) and is left with 2280 chips. The pot now contains 480 chips.
I, [2014-04-05T12:07:50.149915 #26970]  INFO -- : Player R3T responded with 0 (200)
I, [2014-04-05T12:07:50.150442 #26970]  INFO -- : R3T made a bet of 0 (fold) and is left with 240 chips. The pot now contains 480 chips.
I, [2014-04-05T12:07:50.153264 #26970]  INFO -- : Player Mr Bazinga responded with 500 (200)
I, [2014-04-05T12:07:50.154263 #26970]  INFO -- : Mr Bazinga made a bet of 500 (raise) and is left with 1780 chips. The pot now contains 980 chips.
I, [2014-04-05T12:07:50.155457 #26970]  INFO -- : Mr Bazinga won 980
I, [2014-04-05T12:07:50.159637 #26970]  INFO -- : Player R3T responded with  (200)
I, [2014-04-05T12:07:50.162912 #26970]  INFO -- : Player Mr Bazinga responded with OK (200)
I, [2014-04-05T12:07:50.165211 #26970]  INFO -- : Player NoCo responded with  (200)
I, [2014-04-05T12:07:50.165488 #26970]  INFO -- : Mr Bazinga received hole_card Ace of Diamonds
I, [2014-04-05T12:07:50.165647 #26970]  INFO -- : R3T received hole_card Queen of Hearts
I, [2014-04-05T12:07:50.165792 #26970]  INFO -- : Mr Bazinga received hole_card 8 of Diamonds
I, [2014-04-05T12:07:50.165943 #26970]  INFO -- : R3T received hole_card 5 of Clubs
I, [2014-04-05T12:07:50.166198 #26970]  INFO -- : Mr Bazinga made a bet of 160 (raise) and is left with 2600 chips. The pot now contains 160 chips.
I, [2014-04-05T12:07:50.166473 #26970]  INFO -- : R3T made a bet of 240 (allin) and is left with 0 chips. The pot now contains 400 chips.
I, [2014-04-05T12:07:50.171756 #26970]  INFO -- : Player Mr Bazinga responded with 500 (200)
I, [2014-04-05T12:07:50.172199 #26970]  INFO -- : Mr Bazinga made a bet of 500 (raise) and is left with 2100 chips. The pot now contains 900 chips.
I, [2014-04-05T12:07:50.172745 #26970]  INFO -- : community card 10 of Diamonds
I, [2014-04-05T12:07:50.173438 #26970]  INFO -- : community card 10 of Spades
I, [2014-04-05T12:07:50.174116 #26970]  INFO -- : community card Jack of Clubs
I, [2014-04-05T12:07:50.174740 #26970]  INFO -- : community card King of Spades
I, [2014-04-05T12:07:50.175459 #26970]  INFO -- : community card Ace of Hearts
I, [2014-04-05T12:07:50.177157 #26970]  INFO -- : Mr Bazinga showed 10 of Diamonds,10 of Spades,King of Spades,Ace of Diamonds,Ace of Hearts making a two pairs
I, [2014-04-05T12:07:50.178610 #26970]  INFO -- : R3T showed 10 of Spades,Jack of Clubs,Queen of Hearts,King of Spades,Ace of Hearts making a straight
I, [2014-04-05T12:07:50.179645 #26970]  INFO -- : R3T won 480
I, [2014-04-05T12:07:50.181663 #26970]  INFO -- : Mr Bazinga won 420
I, [2014-04-05T12:07:50.186487 #26970]  INFO -- : Player R3T responded with  (200)
I, [2014-04-05T12:07:50.193326 #26970]  INFO -- : Player Mr Bazinga responded with OK (200)
I, [2014-04-05T12:07:50.197059 #26970]  INFO -- : Player NoCo responded with  (200)
I, [2014-04-05T12:07:50.197390 #26970]  INFO -- : R3T received hole_card Ace of Spades
I, [2014-04-05T12:07:50.197568 #26970]  INFO -- : Mr Bazinga received hole_card Jack of Clubs
I, [2014-04-05T12:07:50.197758 #26970]  INFO -- : R3T received hole_card 8 of Spades
I, [2014-04-05T12:07:50.197952 #26970]  INFO -- : Mr Bazinga received hole_card 10 of Clubs
I, [2014-04-05T12:07:50.198248 #26970]  INFO -- : R3T made a bet of 160 (raise) and is left with 320 chips. The pot now contains 160 chips.
I, [2014-04-05T12:07:50.198497 #26970]  INFO -- : Mr Bazinga made a bet of 320 (raise) and is left with 2200 chips. The pot now contains 480 chips.
I, [2014-04-05T12:07:50.206533 #26970]  INFO -- : Player R3T responded with 0 (200)
I, [2014-04-05T12:07:50.206857 #26970]  INFO -- : R3T made a bet of 0 (fold) and is left with 320 chips. The pot now contains 480 chips.
I, [2014-04-05T12:07:50.210208 #26970]  INFO -- : Player Mr Bazinga responded with 500 (200)
I, [2014-04-05T12:07:50.210444 #26970]  INFO -- : Mr Bazinga made a bet of 500 (raise) and is left with 1700 chips. The pot now contains 980 chips.
I, [2014-04-05T12:07:50.210828 #26970]  INFO -- : Mr Bazinga won 980
I, [2014-04-05T12:07:50.213861 #26970]  INFO -- : Player R3T responded with  (200)
I, [2014-04-05T12:07:50.217678 #26970]  INFO -- : Player Mr Bazinga responded with OK (200)
I, [2014-04-05T12:07:50.219985 #26970]  INFO -- : Player NoCo responded with  (200)
I, [2014-04-05T12:07:50.220433 #26970]  INFO -- : Mr Bazinga received hole_card 2 of Hearts
I, [2014-04-05T12:07:50.220696 #26970]  INFO -- : R3T received hole_card 10 of Spades
I, [2014-04-05T12:07:50.220954 #26970]  INFO -- : Mr Bazinga received hole_card 4 of Spades
I, [2014-04-05T12:07:50.221203 #26970]  INFO -- : R3T received hole_card King of Clubs
I, [2014-04-05T12:07:50.223139 #26970]  INFO -- : Mr Bazinga made a bet of 160 (raise) and is left with 2520 chips. The pot now contains 160 chips.
I, [2014-04-05T12:07:50.223693 #26970]  INFO -- : R3T made a bet of 320 (allin) and is left with 0 chips. The pot now contains 480 chips.
I, [2014-04-05T12:07:50.226467 #26970]  INFO -- : Player Mr Bazinga responded with 500 (200)
I, [2014-04-05T12:07:50.226698 #26970]  INFO -- : Mr Bazinga made a bet of 500 (raise) and is left with 2020 chips. The pot now contains 980 chips.
I, [2014-04-05T12:07:50.226906 #26970]  INFO -- : community card Queen of Spades
I, [2014-04-05T12:07:50.227123 #26970]  INFO -- : community card 2 of Clubs
I, [2014-04-05T12:07:50.227294 #26970]  INFO -- : community card 4 of Clubs
I, [2014-04-05T12:07:50.227450 #26970]  INFO -- : community card 10 of Hearts
I, [2014-04-05T12:07:50.227635 #26970]  INFO -- : community card Jack of Clubs
I, [2014-04-05T12:07:50.228092 #26970]  INFO -- : Mr Bazinga showed 2 of Clubs,2 of Hearts,4 of Clubs,4 of Spades,Queen of Spades making a two pairs
I, [2014-04-05T12:07:50.228530 #26970]  INFO -- : Mr Bazinga won 980
I, [2014-04-05T12:07:50.231349 #26970]  INFO -- : Player R3T responded with  (200)
I, [2014-04-05T12:07:50.235176 #26970]  INFO -- : Player Mr Bazinga responded with OK (200)
I, [2014-04-05T12:07:50.237125 #26970]  INFO -- : Player NoCo responded with  (200)
