# Logfile created on 2014-04-05 14:41:07 +0200 by logger.rb/44203
I, [2014-04-05T14:41:07.288274 #26702]  INFO -- : Reseting R3T to origin/master
I, [2014-04-05T14:41:08.102623 #26702]  INFO -- : Reseting Mr Bazinga to origin/master
I, [2014-04-05T14:41:08.958972 #26702]  INFO -- : Reseting NoCo to origin/master
I, [2014-04-05T14:41:09.766764 #26702]  INFO -- : Connected R3T at http://localhost:8080/
I, [2014-04-05T14:41:09.769250 #26702]  INFO -- : Connected Mr Bazinga at http://localhost:1337/
I, [2014-04-05T14:41:09.771710 #26702]  INFO -- : Connected NoCo at http://localhost:8000/player_service.php
E, [2014-04-05T14:41:09.772783 #26702] ERROR -- : Connection refused - connect(2) for "localhost" port 8080
E, [2014-04-05T14:41:09.772945 #26702] ERROR -- : Player R3T is unreachable
I, [2014-04-05T14:41:09.773063 #26702]  INFO -- : Waiting for players to start
E, [2014-04-05T14:41:10.773811 #26702] ERROR -- : Connection refused - connect(2) for "localhost" port 8080
E, [2014-04-05T14:41:10.774000 #26702] ERROR -- : Player R3T is unreachable
I, [2014-04-05T14:41:10.774112 #26702]  INFO -- : Waiting for players to start
E, [2014-04-05T14:41:11.774740 #26702] ERROR -- : Connection refused - connect(2) for "localhost" port 8080
E, [2014-04-05T14:41:11.774897 #26702] ERROR -- : Player R3T is unreachable
I, [2014-04-05T14:41:11.774996 #26702]  INFO -- : Waiting for players to start
E, [2014-04-05T14:41:12.784101 #26702] ERROR -- : Connection refused - connect(2) for "localhost" port 8080
E, [2014-04-05T14:41:12.784290 #26702] ERROR -- : Player R3T is unreachable
I, [2014-04-05T14:41:12.784373 #26702]  INFO -- : Waiting for players to start
E, [2014-04-05T14:41:13.784959 #26702] ERROR -- : Connection refused - connect(2) for "localhost" port 8080
E, [2014-04-05T14:41:13.785101 #26702] ERROR -- : Player R3T is unreachable
I, [2014-04-05T14:41:13.785181 #26702]  INFO -- : Waiting for players to start
E, [2014-04-05T14:41:14.785795 #26702] ERROR -- : Connection refused - connect(2) for "localhost" port 8080
E, [2014-04-05T14:41:14.785939 #26702] ERROR -- : Player R3T is unreachable
I, [2014-04-05T14:41:14.786038 #26702]  INFO -- : Waiting for players to start
E, [2014-04-05T14:41:15.792094 #26702] ERROR -- : Connection refused - connect(2) for "localhost" port 8080
E, [2014-04-05T14:41:15.792262 #26702] ERROR -- : Player R3T is unreachable
I, [2014-04-05T14:41:15.792342 #26702]  INFO -- : Waiting for players to start
E, [2014-04-05T14:41:16.792979 #26702] ERROR -- : Connection refused - connect(2) for "localhost" port 8080
E, [2014-04-05T14:41:16.793114 #26702] ERROR -- : Player R3T is unreachable
I, [2014-04-05T14:41:16.793190 #26702]  INFO -- : Waiting for players to start
E, [2014-04-05T14:41:17.793787 #26702] ERROR -- : Connection refused - connect(2) for "localhost" port 8080
E, [2014-04-05T14:41:17.793936 #26702] ERROR -- : Player R3T is unreachable
I, [2014-04-05T14:41:17.794025 #26702]  INFO -- : Waiting for players to start
E, [2014-04-05T14:41:18.803094 #26702] ERROR -- : Connection refused - connect(2) for "localhost" port 8080
E, [2014-04-05T14:41:18.803279 #26702] ERROR -- : Player R3T is unreachable
I, [2014-04-05T14:41:18.803376 #26702]  INFO -- : Waiting for players to start
E, [2014-04-05T14:41:19.803990 #26702] ERROR -- : Connection refused - connect(2) for "localhost" port 8080
E, [2014-04-05T14:41:19.804164 #26702] ERROR -- : Player R3T is unreachable
I, [2014-04-05T14:41:19.804322 #26702]  INFO -- : Waiting for players to start
E, [2014-04-05T14:41:20.804925 #26702] ERROR -- : Connection refused - connect(2) for "localhost" port 8080
E, [2014-04-05T14:41:20.805101 #26702] ERROR -- : Player R3T is unreachable
I, [2014-04-05T14:41:20.805200 #26702]  INFO -- : Waiting for players to start
E, [2014-04-05T14:41:21.816139 #26702] ERROR -- : Connection refused - connect(2) for "localhost" port 8080
E, [2014-04-05T14:41:21.816316 #26702] ERROR -- : Player R3T is unreachable
I, [2014-04-05T14:41:21.816445 #26702]  INFO -- : Waiting for players to start
E, [2014-04-05T14:41:22.817064 #26702] ERROR -- : Connection refused - connect(2) for "localhost" port 8080
E, [2014-04-05T14:41:22.817237 #26702] ERROR -- : Player R3T is unreachable
I, [2014-04-05T14:41:22.817331 #26702]  INFO -- : Waiting for players to start
E, [2014-04-05T14:41:24.319668 #26702] ERROR -- : Net::ReadTimeout
E, [2014-04-05T14:41:24.319875 #26702] ERROR -- : Player R3T is unreachable
I, [2014-04-05T14:41:24.319992 #26702]  INFO -- : Waiting for players to start
I, [2014-04-05T14:41:25.514662 #26702]  INFO -- : Player R3T responded with  (200)
I, [2014-04-05T14:41:25.527480 #26702]  INFO -- : Player Mr Bazinga responded with OK (200)
I, [2014-04-05T14:41:25.531461 #26702]  INFO -- : Player NoCo responded with  (200)
I, [2014-04-05T14:41:25.531575 #26702]  INFO -- : Players are running
I, [2014-04-05T14:41:25.549850 #26702]  INFO -- : Player R3T responded with v0.3 (200)
I, [2014-04-05T14:41:25.554899 #26702]  INFO -- : Player Mr Bazinga responded with Mr Bazinga PreFlop Version 2 (200)
I, [2014-04-05T14:41:25.558081 #26702]  INFO -- : Player NoCo responded with NoCo1406 (200)
I, [2014-04-05T14:41:25.559147 #26702]  INFO -- : NoCo received hole_card 8 of Diamonds
I, [2014-04-05T14:41:25.559686 #26702]  INFO -- : R3T received hole_card 8 of Clubs
I, [2014-04-05T14:41:25.560339 #26702]  INFO -- : Mr Bazinga received hole_card 3 of Hearts
I, [2014-04-05T14:41:25.561008 #26702]  INFO -- : NoCo received hole_card 9 of Diamonds
I, [2014-04-05T14:41:25.561583 #26702]  INFO -- : R3T received hole_card Ace of Diamonds
I, [2014-04-05T14:41:25.562201 #26702]  INFO -- : Mr Bazinga received hole_card 7 of Diamonds
I, [2014-04-05T14:41:25.567261 #26702]  INFO -- : NoCo made a bet of 10 (raise) and is left with 990 chips. The pot now contains 10 chips.
I, [2014-04-05T14:41:25.568172 #26702]  INFO -- : R3T made a bet of 20 (raise) and is left with 980 chips. The pot now contains 30 chips.
I, [2014-04-05T14:41:25.575620 #26702]  INFO -- : Player Mr Bazinga responded with 0 (200)
I, [2014-04-05T14:41:25.575997 #26702]  INFO -- : Mr Bazinga made a bet of 0 (fold) and is left with 1000 chips. The pot now contains 30 chips.
I, [2014-04-05T14:41:25.584318 #26702]  INFO -- : Player NoCo responded with Cannot GET /bet_request100 (200)
I, [2014-04-05T14:41:25.584583 #26702]  INFO -- : NoCo made a bet of 0 (fold) and is left with 990 chips. The pot now contains 30 chips.
I, [2014-04-05T14:41:25.643613 #26702]  INFO -- : Player R3T responded with 20 (200)
I, [2014-04-05T14:41:25.643951 #26702]  INFO -- : R3T made a bet of 20 (raise) and is left with 960 chips. The pot now contains 50 chips.
I, [2014-04-05T14:41:25.645735 #26702]  INFO -- : R3T won 50
I, [2014-04-05T14:41:25.653240 #26702]  INFO -- : Player R3T responded with  (200)
I, [2014-04-05T14:41:25.656982 #26702]  INFO -- : Player Mr Bazinga responded with OK (200)
I, [2014-04-05T14:41:25.662456 #26702]  INFO -- : Player NoCo responded with  (200)
I, [2014-04-05T14:41:25.663484 #26702]  INFO -- : R3T received hole_card Ace of Clubs
I, [2014-04-05T14:41:25.664394 #26702]  INFO -- : Mr Bazinga received hole_card 10 of Diamonds
I, [2014-04-05T14:41:25.665175 #26702]  INFO -- : NoCo received hole_card Ace of Spades
I, [2014-04-05T14:41:25.665982 #26702]  INFO -- : R3T received hole_card King of Diamonds
I, [2014-04-05T14:41:25.666708 #26702]  INFO -- : Mr Bazinga received hole_card 5 of Clubs
I, [2014-04-05T14:41:25.667420 #26702]  INFO -- : NoCo received hole_card 6 of Spades
I, [2014-04-05T14:41:25.668337 #26702]  INFO -- : R3T made a bet of 10 (raise) and is left with 1000 chips. The pot now contains 10 chips.
I, [2014-04-05T14:41:25.668604 #26702]  INFO -- : Mr Bazinga made a bet of 20 (raise) and is left with 980 chips. The pot now contains 30 chips.
I, [2014-04-05T14:41:25.673726 #26702]  INFO -- : Player NoCo responded with Cannot GET /bet_request0 (200)
I, [2014-04-05T14:41:25.674364 #26702]  INFO -- : NoCo made a bet of 0 (fold) and is left with 990 chips. The pot now contains 30 chips.
I, [2014-04-05T14:41:25.680488 #26702]  INFO -- : Player R3T responded with 20 (200)
I, [2014-04-05T14:41:25.680813 #26702]  INFO -- : R3T made a bet of 20 (raise) and is left with 980 chips. The pot now contains 50 chips.
I, [2014-04-05T14:41:25.683498 #26702]  INFO -- : Player Mr Bazinga responded with 0 (200)
I, [2014-04-05T14:41:25.683769 #26702]  INFO -- : Mr Bazinga made a bet of 0 (fold) and is left with 980 chips. The pot now contains 50 chips.
I, [2014-04-05T14:41:25.684170 #26702]  INFO -- : R3T won 50
I, [2014-04-05T14:41:25.686418 #26702]  INFO -- : Player R3T responded with  (200)
I, [2014-04-05T14:41:25.688171 #26702]  INFO -- : Player Mr Bazinga responded with OK (200)
I, [2014-04-05T14:41:25.691316 #26702]  INFO -- : Player NoCo responded with  (200)
I, [2014-04-05T14:41:25.691621 #26702]  INFO -- : Mr Bazinga received hole_card 8 of Clubs
I, [2014-04-05T14:41:25.691786 #26702]  INFO -- : NoCo received hole_card 9 of Diamonds
I, [2014-04-05T14:41:25.691950 #26702]  INFO -- : R3T received hole_card 4 of Spades
I, [2014-04-05T14:41:25.692178 #26702]  INFO -- : Mr Bazinga received hole_card 3 of Spades
I, [2014-04-05T14:41:25.692423 #26702]  INFO -- : NoCo received hole_card 5 of Diamonds
I, [2014-04-05T14:41:25.692686 #26702]  INFO -- : R3T received hole_card 4 of Hearts
I, [2014-04-05T14:41:25.693120 #26702]  INFO -- : Mr Bazinga made a bet of 10 (raise) and is left with 970 chips. The pot now contains 10 chips.
I, [2014-04-05T14:41:25.693466 #26702]  INFO -- : NoCo made a bet of 20 (raise) and is left with 970 chips. The pot now contains 30 chips.
I, [2014-04-05T14:41:25.697877 #26702]  INFO -- : Player R3T responded with 60 (200)
I, [2014-04-05T14:41:25.698426 #26702]  INFO -- : R3T made a bet of 60 (raise) and is left with 970 chips. The pot now contains 90 chips.
I, [2014-04-05T14:41:25.701710 #26702]  INFO -- : Player Mr Bazinga responded with 0 (200)
I, [2014-04-05T14:41:25.702229 #26702]  INFO -- : Mr Bazinga made a bet of 0 (fold) and is left with 970 chips. The pot now contains 90 chips.
I, [2014-04-05T14:41:25.707070 #26702]  INFO -- : Player NoCo responded with Cannot GET /bet_request0 (200)
I, [2014-04-05T14:41:25.707330 #26702]  INFO -- : NoCo made a bet of 0 (fold) and is left with 970 chips. The pot now contains 90 chips.
I, [2014-04-05T14:41:25.707841 #26702]  INFO -- : R3T won 90
I, [2014-04-05T14:41:25.713335 #26702]  INFO -- : Player R3T responded with  (200)
I, [2014-04-05T14:41:25.717877 #26702]  INFO -- : Player Mr Bazinga responded with OK (200)
I, [2014-04-05T14:41:25.720594 #26702]  INFO -- : Player NoCo responded with  (200)
I, [2014-04-05T14:41:25.721344 #26702]  INFO -- : NoCo received hole_card 2 of Clubs
I, [2014-04-05T14:41:25.721939 #26702]  INFO -- : R3T received hole_card 3 of Spades
I, [2014-04-05T14:41:25.722449 #26702]  INFO -- : Mr Bazinga received hole_card King of Spades
I, [2014-04-05T14:41:25.723047 #26702]  INFO -- : NoCo received hole_card 2 of Spades
I, [2014-04-05T14:41:25.723526 #26702]  INFO -- : R3T received hole_card 8 of Hearts
I, [2014-04-05T14:41:25.724091 #26702]  INFO -- : Mr Bazinga received hole_card Ace of Hearts
I, [2014-04-05T14:41:25.725005 #26702]  INFO -- : NoCo made a bet of 10 (raise) and is left with 960 chips. The pot now contains 10 chips.
I, [2014-04-05T14:41:25.725671 #26702]  INFO -- : R3T made a bet of 20 (raise) and is left with 1040 chips. The pot now contains 30 chips.
I, [2014-04-05T14:41:25.728787 #26702]  INFO -- : Player Mr Bazinga responded with 30 (200)
I, [2014-04-05T14:41:25.729156 #26702]  INFO -- : Mr Bazinga made a bet of 30 (raise) and is left with 940 chips. The pot now contains 60 chips.
I, [2014-04-05T14:41:25.735138 #26702]  INFO -- : Player NoCo responded with Cannot GET /bet_request0 (200)
I, [2014-04-05T14:41:25.736010 #26702]  INFO -- : NoCo made a bet of 0 (fold) and is left with 960 chips. The pot now contains 60 chips.
I, [2014-04-05T14:41:25.740477 #26702]  INFO -- : Player R3T responded with 30 (200)
I, [2014-04-05T14:41:25.745194 #26702]  INFO -- : R3T made a bet of 30 (raise) and is left with 1010 chips. The pot now contains 90 chips.
I, [2014-04-05T14:41:25.750221 #26702]  INFO -- : Player Mr Bazinga responded with 40 (200)
I, [2014-04-05T14:41:25.750751 #26702]  INFO -- : Mr Bazinga made a bet of 40 (raise) and is left with 900 chips. The pot now contains 130 chips.
I, [2014-04-05T14:41:25.755707 #26702]  INFO -- : Player R3T responded with 70 (200)
I, [2014-04-05T14:41:25.755976 #26702]  INFO -- : R3T made a bet of 70 (raise) and is left with 940 chips. The pot now contains 200 chips.
I, [2014-04-05T14:41:25.758824 #26702]  INFO -- : Player Mr Bazinga responded with 100 (200)
I, [2014-04-05T14:41:25.759697 #26702]  INFO -- : Mr Bazinga made a bet of 100 (raise) and is left with 800 chips. The pot now contains 300 chips.
I, [2014-04-05T14:41:25.765701 #26702]  INFO -- : Player R3T responded with 170 (200)
I, [2014-04-05T14:41:25.765942 #26702]  INFO -- : R3T made a bet of 170 (raise) and is left with 770 chips. The pot now contains 470 chips.
I, [2014-04-05T14:41:25.768241 #26702]  INFO -- : Player Mr Bazinga responded with 240 (200)
I, [2014-04-05T14:41:25.768557 #26702]  INFO -- : Mr Bazinga made a bet of 240 (raise) and is left with 560 chips. The pot now contains 710 chips.
I, [2014-04-05T14:41:25.772938 #26702]  INFO -- : Player R3T responded with 410 (200)
I, [2014-04-05T14:41:25.773825 #26702]  INFO -- : R3T made a bet of 410 (raise) and is left with 360 chips. The pot now contains 1120 chips.
I, [2014-04-05T14:41:25.778361 #26702]  INFO -- : Player Mr Bazinga responded with 580 (200)
I, [2014-04-05T14:41:25.778617 #26702]  INFO -- : Mr Bazinga made a bet of 560 (allin) and is left with 0 chips. The pot now contains 1680 chips.
I, [2014-04-05T14:41:25.781389 #26702]  INFO -- : Player R3T responded with 970 (200)
I, [2014-04-05T14:41:25.781647 #26702]  INFO -- : R3T made a bet of 360 (allin) and is left with 0 chips. The pot now contains 2040 chips.
I, [2014-04-05T14:41:25.781887 #26702]  INFO -- : community card 7 of Spades
I, [2014-04-05T14:41:25.782077 #26702]  INFO -- : community card Ace of Spades
I, [2014-04-05T14:41:25.782254 #26702]  INFO -- : community card Queen of Clubs
I, [2014-04-05T14:41:25.782433 #26702]  INFO -- : community card 6 of Spades
I, [2014-04-05T14:41:25.782618 #26702]  INFO -- : community card 8 of Clubs
I, [2014-04-05T14:41:25.783125 #26702]  INFO -- : R3T showed 7 of Spades,8 of Hearts,8 of Clubs,Queen of Clubs,Ace of Spades making a pair
I, [2014-04-05T14:41:25.783545 #26702]  INFO -- : Mr Bazinga showed 8 of Clubs,Queen of Clubs,King of Spades,Ace of Hearts,Ace of Spades making a pair
I, [2014-04-05T14:41:25.783743 #26702]  INFO -- : Mr Bazinga won 1950
I, [2014-04-05T14:41:25.784141 #26702]  INFO -- : R3T won 90
I, [2014-04-05T14:41:25.787714 #26702]  INFO -- : Player R3T responded with  (200)
I, [2014-04-05T14:41:25.790463 #26702]  INFO -- : Player Mr Bazinga responded with OK (200)
I, [2014-04-05T14:41:25.793505 #26702]  INFO -- : Player NoCo responded with  (200)
I, [2014-04-05T14:41:25.793822 #26702]  INFO -- : R3T received hole_card 10 of Spades
I, [2014-04-05T14:41:25.793990 #26702]  INFO -- : Mr Bazinga received hole_card 4 of Hearts
I, [2014-04-05T14:41:25.794152 #26702]  INFO -- : NoCo received hole_card 6 of Clubs
I, [2014-04-05T14:41:25.794298 #26702]  INFO -- : R3T received hole_card 10 of Clubs
I, [2014-04-05T14:41:25.794460 #26702]  INFO -- : Mr Bazinga received hole_card 5 of Clubs
I, [2014-04-05T14:41:25.794636 #26702]  INFO -- : NoCo received hole_card Queen of Diamonds
I, [2014-04-05T14:41:25.794901 #26702]  INFO -- : R3T made a bet of 10 (raise) and is left with 80 chips. The pot now contains 10 chips.
I, [2014-04-05T14:41:25.795125 #26702]  INFO -- : Mr Bazinga made a bet of 20 (raise) and is left with 1930 chips. The pot now contains 30 chips.
I, [2014-04-05T14:41:25.799174 #26702]  INFO -- : Player NoCo responded with Cannot GET /bet_request0 (200)
I, [2014-04-05T14:41:25.799440 #26702]  INFO -- : NoCo made a bet of 0 (fold) and is left with 960 chips. The pot now contains 30 chips.
I, [2014-04-05T14:41:25.803630 #26702]  INFO -- : Player R3T responded with 60 (200)
I, [2014-04-05T14:41:25.803982 #26702]  INFO -- : R3T made a bet of 60 (raise) and is left with 20 chips. The pot now contains 90 chips.
I, [2014-04-05T14:41:25.805858 #26702]  INFO -- : Player Mr Bazinga responded with 0 (200)
I, [2014-04-05T14:41:25.806176 #26702]  INFO -- : Mr Bazinga made a bet of 0 (fold) and is left with 1930 chips. The pot now contains 90 chips.
I, [2014-04-05T14:41:25.806561 #26702]  INFO -- : R3T won 90
I, [2014-04-05T14:41:25.809365 #26702]  INFO -- : Player R3T responded with  (200)
I, [2014-04-05T14:41:25.812417 #26702]  INFO -- : Player Mr Bazinga responded with OK (200)
I, [2014-04-05T14:41:25.814330 #26702]  INFO -- : Player NoCo responded with  (200)
I, [2014-04-05T14:41:25.814640 #26702]  INFO -- : Mr Bazinga received hole_card 2 of Diamonds
I, [2014-04-05T14:41:25.814890 #26702]  INFO -- : NoCo received hole_card Queen of Spades
I, [2014-04-05T14:41:25.815125 #26702]  INFO -- : R3T received hole_card 10 of Hearts
I, [2014-04-05T14:41:25.815349 #26702]  INFO -- : Mr Bazinga received hole_card Ace of Spades
I, [2014-04-05T14:41:25.815547 #26702]  INFO -- : NoCo received hole_card 6 of Clubs
I, [2014-04-05T14:41:25.815767 #26702]  INFO -- : R3T received hole_card Jack of Spades
I, [2014-04-05T14:41:25.816347 #26702]  INFO -- : Mr Bazinga made a bet of 10 (raise) and is left with 1920 chips. The pot now contains 10 chips.
I, [2014-04-05T14:41:25.817089 #26702]  INFO -- : NoCo made a bet of 20 (raise) and is left with 940 chips. The pot now contains 30 chips.
I, [2014-04-05T14:41:25.820386 #26702]  INFO -- : Player R3T responded with 20 (200)
I, [2014-04-05T14:41:25.820620 #26702]  INFO -- : R3T made a bet of 20 (call) and is left with 90 chips. The pot now contains 50 chips.
I, [2014-04-05T14:41:25.822618 #26702]  INFO -- : Player Mr Bazinga responded with 0 (200)
I, [2014-04-05T14:41:25.822825 #26702]  INFO -- : Mr Bazinga made a bet of 0 (fold) and is left with 1920 chips. The pot now contains 50 chips.
I, [2014-04-05T14:41:25.826951 #26702]  INFO -- : Player NoCo responded with Cannot GET /bet_request0 (200)
I, [2014-04-05T14:41:25.827624 #26702]  INFO -- : NoCo made a bet of 0 (check) and is left with 940 chips. The pot now contains 50 chips.
I, [2014-04-05T14:41:25.828421 #26702]  INFO -- : community card 6 of Diamonds
I, [2014-04-05T14:41:25.829129 #26702]  INFO -- : community card 4 of Spades
I, [2014-04-05T14:41:25.829794 #26702]  INFO -- : community card 8 of Clubs
E, [2014-04-05T14:41:26.332649 #26702] ERROR -- : Net::ReadTimeout
E, [2014-04-05T14:41:26.333012 #26702] ERROR -- : Player NoCo is unreachable
I, [2014-04-05T14:41:26.333542 #26702]  INFO -- : NoCo made a bet of 0 (check) and is left with 940 chips. The pot now contains 50 chips.
I, [2014-04-05T14:41:26.361965 #26702]  INFO -- : Player R3T responded with 0 (200)
I, [2014-04-05T14:41:26.362340 #26702]  INFO -- : R3T made a bet of 0 (check) and is left with 90 chips. The pot now contains 50 chips.
I, [2014-04-05T14:41:26.362725 #26702]  INFO -- : community card Ace of Diamonds
E, [2014-04-05T14:41:26.865191 #26702] ERROR -- : Net::ReadTimeout
E, [2014-04-05T14:41:26.865525 #26702] ERROR -- : Player NoCo is unreachable
I, [2014-04-05T14:41:26.866011 #26702]  INFO -- : NoCo made a bet of 0 (check) and is left with 940 chips. The pot now contains 50 chips.
I, [2014-04-05T14:41:26.884930 #26702]  INFO -- : Player R3T responded with 0 (200)
I, [2014-04-05T14:41:26.885345 #26702]  INFO -- : R3T made a bet of 0 (check) and is left with 90 chips. The pot now contains 50 chips.
I, [2014-04-05T14:41:26.885721 #26702]  INFO -- : community card 2 of Spades
E, [2014-04-05T14:41:27.388431 #26702] ERROR -- : Net::ReadTimeout
E, [2014-04-05T14:41:27.388812 #26702] ERROR -- : Player NoCo is unreachable
I, [2014-04-05T14:41:27.389339 #26702]  INFO -- : NoCo made a bet of 0 (check) and is left with 940 chips. The pot now contains 50 chips.
I, [2014-04-05T14:41:27.410525 #26702]  INFO -- : Player R3T responded with 0 (200)
I, [2014-04-05T14:41:27.411078 #26702]  INFO -- : R3T made a bet of 0 (check) and is left with 90 chips. The pot now contains 50 chips.
I, [2014-04-05T14:41:27.412875 #26702]  INFO -- : NoCo showed 6 of Clubs,6 of Diamonds,8 of Clubs,Queen of Spades,Ace of Diamonds making a pair
I, [2014-04-05T14:41:27.414169 #26702]  INFO -- : NoCo won 50
I, [2014-04-05T14:41:27.420896 #26702]  INFO -- : Player R3T responded with  (200)
I, [2014-04-05T14:41:27.426000 #26702]  INFO -- : Player Mr Bazinga responded with OK (200)
E, [2014-04-05T14:41:27.927571 #26702] ERROR -- : Net::ReadTimeout
E, [2014-04-05T14:41:27.927732 #26702] ERROR -- : Player NoCo is unreachable
I, [2014-04-05T14:41:27.928004 #26702]  INFO -- : NoCo received hole_card Ace of Hearts
I, [2014-04-05T14:41:27.928198 #26702]  INFO -- : R3T received hole_card 2 of Hearts
I, [2014-04-05T14:41:27.928378 #26702]  INFO -- : Mr Bazinga received hole_card 3 of Diamonds
I, [2014-04-05T14:41:27.928550 #26702]  INFO -- : NoCo received hole_card Ace of Clubs
I, [2014-04-05T14:41:27.928718 #26702]  INFO -- : R3T received hole_card 9 of Diamonds
I, [2014-04-05T14:41:27.928902 #26702]  INFO -- : Mr Bazinga received hole_card Jack of Hearts
I, [2014-04-05T14:41:27.929217 #26702]  INFO -- : NoCo made a bet of 10 (raise) and is left with 980 chips. The pot now contains 10 chips.
I, [2014-04-05T14:41:27.929456 #26702]  INFO -- : R3T made a bet of 20 (raise) and is left with 70 chips. The pot now contains 30 chips.
I, [2014-04-05T14:41:27.931295 #26702]  INFO -- : Player Mr Bazinga responded with 0 (200)
I, [2014-04-05T14:41:27.931558 #26702]  INFO -- : Mr Bazinga made a bet of 0 (fold) and is left with 1920 chips. The pot now contains 30 chips.
E, [2014-04-05T14:41:28.433209 #26702] ERROR -- : Net::ReadTimeout
E, [2014-04-05T14:41:28.433367 #26702] ERROR -- : Player NoCo is unreachable
I, [2014-04-05T14:41:28.433629 #26702]  INFO -- : NoCo made a bet of 0 (fold) and is left with 980 chips. The pot now contains 30 chips.
I, [2014-04-05T14:41:28.436365 #26702]  INFO -- : Player R3T responded with 20 (200)
I, [2014-04-05T14:41:28.436694 #26702]  INFO -- : R3T made a bet of 20 (raise) and is left with 50 chips. The pot now contains 50 chips.
I, [2014-04-05T14:41:28.437258 #26702]  INFO -- : R3T won 50
I, [2014-04-05T14:41:28.440697 #26702]  INFO -- : Player R3T responded with  (200)
I, [2014-04-05T14:41:28.443884 #26702]  INFO -- : Player Mr Bazinga responded with OK (200)
E, [2014-04-05T14:41:28.947308 #26702] ERROR -- : Net::ReadTimeout
E, [2014-04-05T14:41:28.947645 #26702] ERROR -- : Player NoCo is unreachable
I, [2014-04-05T14:41:28.948643 #26702]  INFO -- : R3T received hole_card Jack of Hearts
I, [2014-04-05T14:41:28.949188 #26702]  INFO -- : Mr Bazinga received hole_card King of Spades
I, [2014-04-05T14:41:28.949739 #26702]  INFO -- : NoCo received hole_card Queen of Spades
I, [2014-04-05T14:41:28.950241 #26702]  INFO -- : R3T received hole_card Jack of Spades
I, [2014-04-05T14:41:28.950748 #26702]  INFO -- : Mr Bazinga received hole_card 4 of Clubs
I, [2014-04-05T14:41:28.951277 #26702]  INFO -- : NoCo received hole_card 6 of Diamonds
I, [2014-04-05T14:41:28.952187 #26702]  INFO -- : R3T made a bet of 10 (raise) and is left with 90 chips. The pot now contains 10 chips.
I, [2014-04-05T14:41:28.952964 #26702]  INFO -- : Mr Bazinga made a bet of 20 (raise) and is left with 1900 chips. The pot now contains 30 chips.
E, [2014-04-05T14:41:29.456462 #26702] ERROR -- : Net::ReadTimeout
E, [2014-04-05T14:41:29.456842 #26702] ERROR -- : Player NoCo is unreachable
I, [2014-04-05T14:41:29.457292 #26702]  INFO -- : NoCo made a bet of 0 (fold) and is left with 980 chips. The pot now contains 30 chips.
I, [2014-04-05T14:41:29.466052 #26702]  INFO -- : Player R3T responded with 60 (200)
I, [2014-04-05T14:41:29.466748 #26702]  INFO -- : R3T made a bet of 60 (raise) and is left with 30 chips. The pot now contains 90 chips.
I, [2014-04-05T14:41:29.471599 #26702]  INFO -- : Player Mr Bazinga responded with 0 (200)
I, [2014-04-05T14:41:29.472463 #26702]  INFO -- : Mr Bazinga made a bet of 0 (fold) and is left with 1900 chips. The pot now contains 90 chips.
I, [2014-04-05T14:41:29.473693 #26702]  INFO -- : R3T won 90
I, [2014-04-05T14:41:29.480334 #26702]  INFO -- : Player R3T responded with  (200)
I, [2014-04-05T14:41:29.486901 #26702]  INFO -- : Player Mr Bazinga responded with OK (200)
E, [2014-04-05T14:41:29.989651 #26702] ERROR -- : Net::ReadTimeout
E, [2014-04-05T14:41:29.990253 #26702] ERROR -- : Player NoCo is unreachable
I, [2014-04-05T14:41:29.991102 #26702]  INFO -- : Mr Bazinga received hole_card 10 of Clubs
I, [2014-04-05T14:41:29.991609 #26702]  INFO -- : NoCo received hole_card King of Spades
I, [2014-04-05T14:41:29.992212 #26702]  INFO -- : R3T received hole_card 3 of Clubs
I, [2014-04-05T14:41:29.992745 #26702]  INFO -- : Mr Bazinga received hole_card 9 of Diamonds
I, [2014-04-05T14:41:29.993356 #26702]  INFO -- : NoCo received hole_card 7 of Spades
I, [2014-04-05T14:41:29.994014 #26702]  INFO -- : R3T received hole_card Ace of Clubs
I, [2014-04-05T14:41:29.994942 #26702]  INFO -- : Mr Bazinga made a bet of 10 (raise) and is left with 1890 chips. The pot now contains 10 chips.
I, [2014-04-05T14:41:29.995748 #26702]  INFO -- : NoCo made a bet of 20 (raise) and is left with 960 chips. The pot now contains 30 chips.
I, [2014-04-05T14:41:30.003172 #26702]  INFO -- : Player R3T responded with 30 (200)
I, [2014-04-05T14:41:30.003983 #26702]  INFO -- : R3T made a bet of 30 (raise) and is left with 90 chips. The pot now contains 60 chips.
I, [2014-04-05T14:41:30.011085 #26702]  INFO -- : Player Mr Bazinga responded with 0 (200)
I, [2014-04-05T14:41:30.011886 #26702]  INFO -- : Mr Bazinga made a bet of 0 (fold) and is left with 1890 chips. The pot now contains 60 chips.
I, [2014-04-05T14:41:30.208785 #26702]  INFO -- : Player NoCo responded with Cannot GET /bet_request0 (200)
I, [2014-04-05T14:41:30.209409 #26702]  INFO -- : NoCo made a bet of 0 (fold) and is left with 960 chips. The pot now contains 60 chips.
I, [2014-04-05T14:41:30.210544 #26702]  INFO -- : R3T won 60
I, [2014-04-05T14:41:30.217485 #26702]  INFO -- : Player R3T responded with  (200)
I, [2014-04-05T14:41:30.220822 #26702]  INFO -- : Player Mr Bazinga responded with OK (200)
I, [2014-04-05T14:41:30.226429 #26702]  INFO -- : Player NoCo responded with  (200)
I, [2014-04-05T14:41:30.227428 #26702]  INFO -- : NoCo received hole_card Jack of Hearts
I, [2014-04-05T14:41:30.227956 #26702]  INFO -- : R3T received hole_card King of Clubs
I, [2014-04-05T14:41:30.228614 #26702]  INFO -- : Mr Bazinga received hole_card 6 of Spades
I, [2014-04-05T14:41:30.229197 #26702]  INFO -- : NoCo received hole_card Ace of Clubs
I, [2014-04-05T14:41:30.229758 #26702]  INFO -- : R3T received hole_card King of Hearts
I, [2014-04-05T14:41:30.230333 #26702]  INFO -- : Mr Bazinga received hole_card Ace of Spades
I, [2014-04-05T14:41:30.231237 #26702]  INFO -- : NoCo made a bet of 20 (raise) and is left with 940 chips. The pot now contains 20 chips.
I, [2014-04-05T14:41:30.232025 #26702]  INFO -- : R3T made a bet of 40 (raise) and is left with 110 chips. The pot now contains 60 chips.
I, [2014-04-05T14:41:30.238197 #26702]  INFO -- : Player Mr Bazinga responded with 60 (200)
I, [2014-04-05T14:41:30.238425 #26702]  INFO -- : Mr Bazinga made a bet of 60 (raise) and is left with 1830 chips. The pot now contains 120 chips.
I, [2014-04-05T14:41:30.242654 #26702]  INFO -- : Player NoCo responded with Cannot GET /bet_request0 (200)
I, [2014-04-05T14:41:30.243294 #26702]  INFO -- : NoCo made a bet of 0 (fold) and is left with 940 chips. The pot now contains 120 chips.
I, [2014-04-05T14:41:30.250180 #26702]  INFO -- : Player R3T responded with 120 (200)
I, [2014-04-05T14:41:30.250862 #26702]  INFO -- : R3T made a bet of 110 (allin) and is left with 0 chips. The pot now contains 230 chips.
I, [2014-04-05T14:41:30.253891 #26702]  INFO -- : Player Mr Bazinga responded with 180 (200)
I, [2014-04-05T14:41:30.254322 #26702]  INFO -- : Mr Bazinga made a bet of 180 (raise) and is left with 1650 chips. The pot now contains 410 chips.
I, [2014-04-05T14:41:30.255181 #26702]  INFO -- : community card Jack of Spades
I, [2014-04-05T14:41:30.255901 #26702]  INFO -- : community card 5 of Diamonds
I, [2014-04-05T14:41:30.256683 #26702]  INFO -- : community card 10 of Diamonds
I, [2014-04-05T14:41:30.257458 #26702]  INFO -- : community card 7 of Clubs
I, [2014-04-05T14:41:30.257969 #26702]  INFO -- : community card 5 of Spades
I, [2014-04-05T14:41:30.259407 #26702]  INFO -- : Mr Bazinga showed 5 of Diamonds,5 of Spades,10 of Diamonds,Jack of Spades,Ace of Spades making a pair
I, [2014-04-05T14:41:30.261044 #26702]  INFO -- : R3T showed 5 of Diamonds,5 of Spades,Jack of Spades,King of Hearts,King of Clubs making a two pairs
I, [2014-04-05T14:41:30.261809 #26702]  INFO -- : R3T won 320
I, [2014-04-05T14:41:30.263065 #26702]  INFO -- : Mr Bazinga won 90
I, [2014-04-05T14:41:30.268826 #26702]  INFO -- : Player R3T responded with  (200)
I, [2014-04-05T14:41:30.273453 #26702]  INFO -- : Player Mr Bazinga responded with OK (200)
I, [2014-04-05T14:41:30.277086 #26702]  INFO -- : Player NoCo responded with  (200)
I, [2014-04-05T14:41:30.278062 #26702]  INFO -- : R3T received hole_card 3 of Hearts
I, [2014-04-05T14:41:30.278688 #26702]  INFO -- : Mr Bazinga received hole_card 7 of Hearts
I, [2014-04-05T14:41:30.279212 #26702]  INFO -- : NoCo received hole_card 8 of Hearts
I, [2014-04-05T14:41:30.279462 #26702]  INFO -- : R3T received hole_card 2 of Clubs
I, [2014-04-05T14:41:30.279745 #26702]  INFO -- : Mr Bazinga received hole_card 3 of Spades
I, [2014-04-05T14:41:30.280030 #26702]  INFO -- : NoCo received hole_card 9 of Spades
I, [2014-04-05T14:41:30.280385 #26702]  INFO -- : R3T made a bet of 20 (raise) and is left with 300 chips. The pot now contains 20 chips.
I, [2014-04-05T14:41:30.280863 #26702]  INFO -- : Mr Bazinga made a bet of 40 (raise) and is left with 1700 chips. The pot now contains 60 chips.
I, [2014-04-05T14:41:30.285464 #26702]  INFO -- : Player NoCo responded with Cannot GET /bet_request100 (200)
I, [2014-04-05T14:41:30.286291 #26702]  INFO -- : NoCo made a bet of 0 (fold) and is left with 940 chips. The pot now contains 60 chips.
I, [2014-04-05T14:41:30.290818 #26702]  INFO -- : Player R3T responded with 40 (200)
I, [2014-04-05T14:41:30.291430 #26702]  INFO -- : R3T made a bet of 40 (raise) and is left with 260 chips. The pot now contains 100 chips.
I, [2014-04-05T14:41:30.294890 #26702]  INFO -- : Player Mr Bazinga responded with 0 (200)
I, [2014-04-05T14:41:30.295326 #26702]  INFO -- : Mr Bazinga made a bet of 0 (fold) and is left with 1700 chips. The pot now contains 100 chips.
I, [2014-04-05T14:41:30.296253 #26702]  INFO -- : R3T won 100
I, [2014-04-05T14:41:30.299316 #26702]  INFO -- : Player R3T responded with  (200)
I, [2014-04-05T14:41:30.302534 #26702]  INFO -- : Player Mr Bazinga responded with OK (200)
I, [2014-04-05T14:41:30.305892 #26702]  INFO -- : Player NoCo responded with  (200)
I, [2014-04-05T14:41:30.306808 #26702]  INFO -- : Mr Bazinga received hole_card 9 of Hearts
I, [2014-04-05T14:41:30.307630 #26702]  INFO -- : NoCo received hole_card King of Spades
I, [2014-04-05T14:41:30.308287 #26702]  INFO -- : R3T received hole_card 10 of Diamonds
I, [2014-04-05T14:41:30.308897 #26702]  INFO -- : Mr Bazinga received hole_card Ace of Hearts
I, [2014-04-05T14:41:30.309496 #26702]  INFO -- : NoCo received hole_card King of Clubs
I, [2014-04-05T14:41:30.310140 #26702]  INFO -- : R3T received hole_card 8 of Clubs
I, [2014-04-05T14:41:30.311069 #26702]  INFO -- : Mr Bazinga made a bet of 20 (raise) and is left with 1680 chips. The pot now contains 20 chips.
I, [2014-04-05T14:41:30.311918 #26702]  INFO -- : NoCo made a bet of 40 (raise) and is left with 900 chips. The pot now contains 60 chips.
I, [2014-04-05T14:41:30.316790 #26702]  INFO -- : Player R3T responded with 40 (200)
I, [2014-04-05T14:41:30.317447 #26702]  INFO -- : R3T made a bet of 40 (call) and is left with 320 chips. The pot now contains 100 chips.
I, [2014-04-05T14:41:30.324834 #26702]  INFO -- : Player Mr Bazinga responded with 40 (200)
I, [2014-04-05T14:41:30.325198 #26702]  INFO -- : Mr Bazinga made a bet of 40 (raise) and is left with 1640 chips. The pot now contains 140 chips.
I, [2014-04-05T14:41:30.327539 #26702]  INFO -- : Player NoCo responded with Cannot GET /bet_request0 (200)
I, [2014-04-05T14:41:30.327787 #26702]  INFO -- : NoCo made a bet of 0 (fold) and is left with 900 chips. The pot now contains 140 chips.
I, [2014-04-05T14:41:30.330127 #26702]  INFO -- : Player R3T responded with 60 (200)
I, [2014-04-05T14:41:30.330403 #26702]  INFO -- : R3T made a bet of 60 (raise) and is left with 260 chips. The pot now contains 200 chips.
I, [2014-04-05T14:41:30.332730 #26702]  INFO -- : Player Mr Bazinga responded with 80 (200)
I, [2014-04-05T14:41:30.332934 #26702]  INFO -- : Mr Bazinga made a bet of 80 (raise) and is left with 1560 chips. The pot now contains 280 chips.
I, [2014-04-05T14:41:30.337339 #26702]  INFO -- : Player R3T responded with 140 (200)
I, [2014-04-05T14:41:30.337643 #26702]  INFO -- : R3T made a bet of 140 (raise) and is left with 120 chips. The pot now contains 420 chips.
I, [2014-04-05T14:41:30.340389 #26702]  INFO -- : Player Mr Bazinga responded with 200 (200)
I, [2014-04-05T14:41:30.340772 #26702]  INFO -- : Mr Bazinga made a bet of 200 (raise) and is left with 1360 chips. The pot now contains 620 chips.
I, [2014-04-05T14:41:30.344206 #26702]  INFO -- : Player R3T responded with 340 (200)
I, [2014-04-05T14:41:30.344725 #26702]  INFO -- : R3T made a bet of 120 (allin) and is left with 0 chips. The pot now contains 740 chips.
I, [2014-04-05T14:41:30.348836 #26702]  INFO -- : Player Mr Bazinga responded with 120 (200)
I, [2014-04-05T14:41:30.349302 #26702]  INFO -- : Mr Bazinga made a bet of 120 (raise) and is left with 1240 chips. The pot now contains 860 chips.
I, [2014-04-05T14:41:30.349769 #26702]  INFO -- : community card 2 of Diamonds
I, [2014-04-05T14:41:30.350170 #26702]  INFO -- : community card Queen of Diamonds
I, [2014-04-05T14:41:30.350579 #26702]  INFO -- : community card 4 of Spades
I, [2014-04-05T14:41:30.350997 #26702]  INFO -- : community card 9 of Spades
I, [2014-04-05T14:41:30.351416 #26702]  INFO -- : community card 2 of Hearts
I, [2014-04-05T14:41:30.352477 #26702]  INFO -- : Mr Bazinga showed 2 of Diamonds,2 of Hearts,9 of Spades,9 of Hearts,Ace of Hearts making a two pairs
I, [2014-04-05T14:41:30.353306 #26702]  INFO -- : Mr Bazinga won 860
I, [2014-04-05T14:41:30.358443 #26702]  INFO -- : Player R3T responded with  (200)
I, [2014-04-05T14:41:30.365500 #26702]  INFO -- : Player Mr Bazinga responded with OK (200)
I, [2014-04-05T14:41:30.370518 #26702]  INFO -- : Player NoCo responded with  (200)
I, [2014-04-05T14:41:30.371466 #26702]  INFO -- : NoCo received hole_card 8 of Clubs
I, [2014-04-05T14:41:30.372344 #26702]  INFO -- : Mr Bazinga received hole_card 9 of Hearts
I, [2014-04-05T14:41:30.372965 #26702]  INFO -- : NoCo received hole_card 3 of Clubs
I, [2014-04-05T14:41:30.373780 #26702]  INFO -- : Mr Bazinga received hole_card 6 of Clubs
I, [2014-04-05T14:41:30.374579 #26702]  INFO -- : NoCo made a bet of 20 (raise) and is left with 880 chips. The pot now contains 20 chips.
I, [2014-04-05T14:41:30.375227 #26702]  INFO -- : Mr Bazinga made a bet of 40 (raise) and is left with 2060 chips. The pot now contains 60 chips.
I, [2014-04-05T14:41:30.383451 #26702]  INFO -- : Player NoCo responded with Cannot GET /bet_request0 (200)
I, [2014-04-05T14:41:30.384335 #26702]  INFO -- : NoCo made a bet of 0 (fold) and is left with 880 chips. The pot now contains 60 chips.
I, [2014-04-05T14:41:30.385602 #26702]  INFO -- : Mr Bazinga won 60
I, [2014-04-05T14:41:30.390819 #26702]  INFO -- : Player R3T responded with  (200)
I, [2014-04-05T14:41:30.395329 #26702]  INFO -- : Player Mr Bazinga responded with OK (200)
I, [2014-04-05T14:41:30.400432 #26702]  INFO -- : Player NoCo responded with  (200)
I, [2014-04-05T14:41:30.401353 #26702]  INFO -- : Mr Bazinga received hole_card 8 of Spades
I, [2014-04-05T14:41:30.402228 #26702]  INFO -- : NoCo received hole_card Jack of Spades
I, [2014-04-05T14:41:30.403228 #26702]  INFO -- : Mr Bazinga received hole_card Jack of Clubs
I, [2014-04-05T14:41:30.404233 #26702]  INFO -- : NoCo received hole_card 5 of Spades
I, [2014-04-05T14:41:30.405567 #26702]  INFO -- : Mr Bazinga made a bet of 20 (raise) and is left with 2100 chips. The pot now contains 20 chips.
I, [2014-04-05T14:41:30.405964 #26702]  INFO -- : NoCo made a bet of 40 (raise) and is left with 840 chips. The pot now contains 60 chips.
I, [2014-04-05T14:41:30.408569 #26702]  INFO -- : Player Mr Bazinga responded with 0 (200)
I, [2014-04-05T14:41:30.408892 #26702]  INFO -- : Mr Bazinga made a bet of 0 (fold) and is left with 2100 chips. The pot now contains 60 chips.
I, [2014-04-05T14:41:30.415612 #26702]  INFO -- : Player NoCo responded with Cannot GET /bet_request0 (200)
I, [2014-04-05T14:41:30.416222 #26702]  INFO -- : NoCo made a bet of 0 (check) and is left with 840 chips. The pot now contains 60 chips.
I, [2014-04-05T14:41:30.417473 #26702]  INFO -- : NoCo won 60
I, [2014-04-05T14:41:30.422793 #26702]  INFO -- : Player R3T responded with  (200)
I, [2014-04-05T14:41:30.427131 #26702]  INFO -- : Player Mr Bazinga responded with OK (200)
I, [2014-04-05T14:41:30.432404 #26702]  INFO -- : Player NoCo responded with  (200)
I, [2014-04-05T14:41:30.433440 #26702]  INFO -- : NoCo received hole_card 3 of Hearts
I, [2014-04-05T14:41:30.434048 #26702]  INFO -- : Mr Bazinga received hole_card 7 of Clubs
I, [2014-04-05T14:41:30.434626 #26702]  INFO -- : NoCo received hole_card 4 of Clubs
I, [2014-04-05T14:41:30.434903 #26702]  INFO -- : Mr Bazinga received hole_card King of Hearts
I, [2014-04-05T14:41:30.435288 #26702]  INFO -- : NoCo made a bet of 20 (raise) and is left with 880 chips. The pot now contains 20 chips.
I, [2014-04-05T14:41:30.435666 #26702]  INFO -- : Mr Bazinga made a bet of 40 (raise) and is left with 2060 chips. The pot now contains 60 chips.
I, [2014-04-05T14:41:30.442367 #26702]  INFO -- : Player NoCo responded with Cannot GET /bet_request0 (200)
I, [2014-04-05T14:41:30.443078 #26702]  INFO -- : NoCo made a bet of 0 (fold) and is left with 880 chips. The pot now contains 60 chips.
I, [2014-04-05T14:41:30.444462 #26702]  INFO -- : Mr Bazinga won 60
I, [2014-04-05T14:41:30.449807 #26702]  INFO -- : Player R3T responded with  (200)
I, [2014-04-05T14:41:30.451211 #26702]  INFO -- : Player Mr Bazinga responded with OK (200)
I, [2014-04-05T14:41:30.453972 #26702]  INFO -- : Player NoCo responded with  (200)
I, [2014-04-05T14:41:30.454855 #26702]  INFO -- : Mr Bazinga received hole_card 9 of Diamonds
I, [2014-04-05T14:41:30.455386 #26702]  INFO -- : NoCo received hole_card 2 of Clubs
I, [2014-04-05T14:41:30.455964 #26702]  INFO -- : Mr Bazinga received hole_card 10 of Spades
I, [2014-04-05T14:41:30.456450 #26702]  INFO -- : NoCo received hole_card Queen of Clubs
I, [2014-04-05T14:41:30.457360 #26702]  INFO -- : Mr Bazinga made a bet of 20 (raise) and is left with 2100 chips. The pot now contains 20 chips.
I, [2014-04-05T14:41:30.458290 #26702]  INFO -- : NoCo made a bet of 40 (raise) and is left with 840 chips. The pot now contains 60 chips.
I, [2014-04-05T14:41:30.464612 #26702]  INFO -- : Player Mr Bazinga responded with 0 (200)
I, [2014-04-05T14:41:30.465354 #26702]  INFO -- : Mr Bazinga made a bet of 0 (fold) and is left with 2100 chips. The pot now contains 60 chips.
I, [2014-04-05T14:41:30.469704 #26702]  INFO -- : Player NoCo responded with Cannot GET /bet_request0 (200)
I, [2014-04-05T14:41:30.470281 #26702]  INFO -- : NoCo made a bet of 0 (check) and is left with 840 chips. The pot now contains 60 chips.
I, [2014-04-05T14:41:30.471484 #26702]  INFO -- : NoCo won 60
I, [2014-04-05T14:41:30.478760 #26702]  INFO -- : Player R3T responded with  (200)
I, [2014-04-05T14:41:30.482074 #26702]  INFO -- : Player Mr Bazinga responded with OK (200)
I, [2014-04-05T14:41:30.485760 #26702]  INFO -- : Player NoCo responded with  (200)
I, [2014-04-05T14:41:30.486074 #26702]  INFO -- : NoCo received hole_card 3 of Clubs
I, [2014-04-05T14:41:30.486241 #26702]  INFO -- : Mr Bazinga received hole_card Jack of Diamonds
I, [2014-04-05T14:41:30.486415 #26702]  INFO -- : NoCo received hole_card King of Diamonds
I, [2014-04-05T14:41:30.486560 #26702]  INFO -- : Mr Bazinga received hole_card 5 of Hearts
I, [2014-04-05T14:41:30.486838 #26702]  INFO -- : NoCo made a bet of 20 (raise) and is left with 880 chips. The pot now contains 20 chips.
I, [2014-04-05T14:41:30.487064 #26702]  INFO -- : Mr Bazinga made a bet of 40 (raise) and is left with 2060 chips. The pot now contains 60 chips.
I, [2014-04-05T14:41:30.491626 #26702]  INFO -- : Player NoCo responded with Cannot GET /bet_request0 (200)
I, [2014-04-05T14:41:30.492375 #26702]  INFO -- : NoCo made a bet of 0 (fold) and is left with 880 chips. The pot now contains 60 chips.
I, [2014-04-05T14:41:30.493825 #26702]  INFO -- : Mr Bazinga won 60
I, [2014-04-05T14:41:30.498617 #26702]  INFO -- : Player R3T responded with  (200)
I, [2014-04-05T14:41:30.501215 #26702]  INFO -- : Player Mr Bazinga responded with OK (200)
I, [2014-04-05T14:41:30.504948 #26702]  INFO -- : Player NoCo responded with  (200)
I, [2014-04-05T14:41:30.505316 #26702]  INFO -- : Mr Bazinga received hole_card Ace of Hearts
I, [2014-04-05T14:41:30.505530 #26702]  INFO -- : NoCo received hole_card 7 of Clubs
I, [2014-04-05T14:41:30.505736 #26702]  INFO -- : Mr Bazinga received hole_card 9 of Spades
I, [2014-04-05T14:41:30.505915 #26702]  INFO -- : NoCo received hole_card 10 of Hearts
I, [2014-04-05T14:41:30.506218 #26702]  INFO -- : Mr Bazinga made a bet of 20 (raise) and is left with 2100 chips. The pot now contains 20 chips.
I, [2014-04-05T14:41:30.506521 #26702]  INFO -- : NoCo made a bet of 40 (raise) and is left with 840 chips. The pot now contains 60 chips.
I, [2014-04-05T14:41:30.508588 #26702]  INFO -- : Player Mr Bazinga responded with 0 (200)
I, [2014-04-05T14:41:30.508791 #26702]  INFO -- : Mr Bazinga made a bet of 0 (fold) and is left with 2100 chips. The pot now contains 60 chips.
I, [2014-04-05T14:41:30.511783 #26702]  INFO -- : Player NoCo responded with Cannot GET /bet_request100 (200)
I, [2014-04-05T14:41:30.512004 #26702]  INFO -- : NoCo made a bet of 0 (check) and is left with 840 chips. The pot now contains 60 chips.
I, [2014-04-05T14:41:30.512378 #26702]  INFO -- : NoCo won 60
I, [2014-04-05T14:41:30.514256 #26702]  INFO -- : Player R3T responded with  (200)
I, [2014-04-05T14:41:30.516281 #26702]  INFO -- : Player Mr Bazinga responded with OK (200)
I, [2014-04-05T14:41:30.518947 #26702]  INFO -- : Player NoCo responded with  (200)
I, [2014-04-05T14:41:30.519492 #26702]  INFO -- : NoCo received hole_card King of Hearts
I, [2014-04-05T14:41:30.519835 #26702]  INFO -- : Mr Bazinga received hole_card 10 of Diamonds
I, [2014-04-05T14:41:30.520399 #26702]  INFO -- : NoCo received hole_card 9 of Spades
I, [2014-04-05T14:41:30.520869 #26702]  INFO -- : Mr Bazinga received hole_card Ace of Diamonds
I, [2014-04-05T14:41:30.521435 #26702]  INFO -- : NoCo made a bet of 40 (raise) and is left with 860 chips. The pot now contains 40 chips.
I, [2014-04-05T14:41:30.522015 #26702]  INFO -- : Mr Bazinga made a bet of 80 (raise) and is left with 2020 chips. The pot now contains 120 chips.
I, [2014-04-05T14:41:30.526790 #26702]  INFO -- : Player NoCo responded with Cannot GET /bet_request0 (200)
I, [2014-04-05T14:41:30.527126 #26702]  INFO -- : NoCo made a bet of 0 (fold) and is left with 860 chips. The pot now contains 120 chips.
I, [2014-04-05T14:41:30.527581 #26702]  INFO -- : Mr Bazinga won 120
I, [2014-04-05T14:41:30.532352 #26702]  INFO -- : Player R3T responded with  (200)
I, [2014-04-05T14:41:30.538075 #26702]  INFO -- : Player Mr Bazinga responded with OK (200)
I, [2014-04-05T14:41:30.543281 #26702]  INFO -- : Player NoCo responded with  (200)
I, [2014-04-05T14:41:30.544265 #26702]  INFO -- : Mr Bazinga received hole_card 10 of Hearts
I, [2014-04-05T14:41:30.544842 #26702]  INFO -- : NoCo received hole_card 9 of Clubs
I, [2014-04-05T14:41:30.545429 #26702]  INFO -- : Mr Bazinga received hole_card King of Spades
I, [2014-04-05T14:41:30.545978 #26702]  INFO -- : NoCo received hole_card King of Diamonds
I, [2014-04-05T14:41:30.546862 #26702]  INFO -- : Mr Bazinga made a bet of 40 (raise) and is left with 2100 chips. The pot now contains 40 chips.
I, [2014-04-05T14:41:30.547637 #26702]  INFO -- : NoCo made a bet of 80 (raise) and is left with 780 chips. The pot now contains 120 chips.
I, [2014-04-05T14:41:30.551839 #26702]  INFO -- : Player Mr Bazinga responded with 0 (200)
I, [2014-04-05T14:41:30.552700 #26702]  INFO -- : Mr Bazinga made a bet of 0 (fold) and is left with 2100 chips. The pot now contains 120 chips.
I, [2014-04-05T14:41:30.559371 #26702]  INFO -- : Player NoCo responded with Cannot GET /bet_request0 (200)
I, [2014-04-05T14:41:30.559658 #26702]  INFO -- : NoCo made a bet of 0 (check) and is left with 780 chips. The pot now contains 120 chips.
I, [2014-04-05T14:41:30.560199 #26702]  INFO -- : NoCo won 120
I, [2014-04-05T14:41:30.565606 #26702]  INFO -- : Player R3T responded with  (200)
I, [2014-04-05T14:41:30.569431 #26702]  INFO -- : Player Mr Bazinga responded with OK (200)
I, [2014-04-05T14:41:30.571236 #26702]  INFO -- : Player NoCo responded with  (200)
I, [2014-04-05T14:41:30.572306 #26702]  INFO -- : NoCo received hole_card 9 of Clubs
I, [2014-04-05T14:41:30.572918 #26702]  INFO -- : Mr Bazinga received hole_card 10 of Diamonds
I, [2014-04-05T14:41:30.573597 #26702]  INFO -- : NoCo received hole_card 6 of Hearts
I, [2014-04-05T14:41:30.574030 #26702]  INFO -- : Mr Bazinga received hole_card 3 of Hearts
I, [2014-04-05T14:41:30.575032 #26702]  INFO -- : NoCo made a bet of 40 (raise) and is left with 860 chips. The pot now contains 40 chips.
I, [2014-04-05T14:41:30.575878 #26702]  INFO -- : Mr Bazinga made a bet of 80 (raise) and is left with 2020 chips. The pot now contains 120 chips.
I, [2014-04-05T14:41:30.578439 #26702]  INFO -- : Player NoCo responded with Cannot GET /bet_request0 (200)
I, [2014-04-05T14:41:30.578635 #26702]  INFO -- : NoCo made a bet of 0 (fold) and is left with 860 chips. The pot now contains 120 chips.
I, [2014-04-05T14:41:30.579002 #26702]  INFO -- : Mr Bazinga won 120
I, [2014-04-05T14:41:30.583100 #26702]  INFO -- : Player R3T responded with  (200)
I, [2014-04-05T14:41:30.585541 #26702]  INFO -- : Player Mr Bazinga responded with OK (200)
I, [2014-04-05T14:41:30.589022 #26702]  INFO -- : Player NoCo responded with  (200)
I, [2014-04-05T14:41:30.589719 #26702]  INFO -- : Mr Bazinga received hole_card King of Diamonds
I, [2014-04-05T14:41:30.590121 #26702]  INFO -- : NoCo received hole_card 10 of Hearts
I, [2014-04-05T14:41:30.590710 #26702]  INFO -- : Mr Bazinga received hole_card King of Hearts
I, [2014-04-05T14:41:30.591135 #26702]  INFO -- : NoCo received hole_card 6 of Spades
I, [2014-04-05T14:41:30.591928 #26702]  INFO -- : Mr Bazinga made a bet of 40 (raise) and is left with 2100 chips. The pot now contains 40 chips.
I, [2014-04-05T14:41:30.592552 #26702]  INFO -- : NoCo made a bet of 80 (raise) and is left with 780 chips. The pot now contains 120 chips.
I, [2014-04-05T14:41:30.596051 #26702]  INFO -- : Player Mr Bazinga responded with 280 (200)
I, [2014-04-05T14:41:30.596295 #26702]  INFO -- : Mr Bazinga made a bet of 280 (raise) and is left with 1820 chips. The pot now contains 400 chips.
I, [2014-04-05T14:41:30.600368 #26702]  INFO -- : Player NoCo responded with Cannot GET /bet_request0 (200)
I, [2014-04-05T14:41:30.601026 #26702]  INFO -- : NoCo made a bet of 0 (fold) and is left with 780 chips. The pot now contains 400 chips.
I, [2014-04-05T14:41:30.602112 #26702]  INFO -- : Mr Bazinga won 400
I, [2014-04-05T14:41:30.605576 #26702]  INFO -- : Player R3T responded with  (200)
I, [2014-04-05T14:41:30.608989 #26702]  INFO -- : Player Mr Bazinga responded with OK (200)
I, [2014-04-05T14:41:30.614039 #26702]  INFO -- : Player NoCo responded with  (200)
I, [2014-04-05T14:41:30.614929 #26702]  INFO -- : NoCo received hole_card Jack of Diamonds
I, [2014-04-05T14:41:30.615453 #26702]  INFO -- : Mr Bazinga received hole_card 6 of Spades
I, [2014-04-05T14:41:30.616143 #26702]  INFO -- : NoCo received hole_card Queen of Spades
I, [2014-04-05T14:41:30.616822 #26702]  INFO -- : Mr Bazinga received hole_card 5 of Hearts
I, [2014-04-05T14:41:30.617697 #26702]  INFO -- : NoCo made a bet of 40 (raise) and is left with 740 chips. The pot now contains 40 chips.
I, [2014-04-05T14:41:30.618073 #26702]  INFO -- : Mr Bazinga made a bet of 80 (raise) and is left with 2140 chips. The pot now contains 120 chips.
I, [2014-04-05T14:41:30.624035 #26702]  INFO -- : Player NoCo responded with Cannot GET /bet_request0 (200)
I, [2014-04-05T14:41:30.624636 #26702]  INFO -- : NoCo made a bet of 0 (fold) and is left with 740 chips. The pot now contains 120 chips.
I, [2014-04-05T14:41:30.626117 #26702]  INFO -- : Mr Bazinga won 120
I, [2014-04-05T14:41:30.631112 #26702]  INFO -- : Player R3T responded with  (200)
I, [2014-04-05T14:41:30.637785 #26702]  INFO -- : Player Mr Bazinga responded with OK (200)
I, [2014-04-05T14:41:30.640721 #26702]  INFO -- : Player NoCo responded with  (200)
I, [2014-04-05T14:41:30.641275 #26702]  INFO -- : Mr Bazinga received hole_card 5 of Diamonds
I, [2014-04-05T14:41:30.641599 #26702]  INFO -- : NoCo received hole_card 3 of Hearts
I, [2014-04-05T14:41:30.641951 #26702]  INFO -- : Mr Bazinga received hole_card 10 of Clubs
I, [2014-04-05T14:41:30.642825 #26702]  INFO -- : NoCo received hole_card 9 of Hearts
I, [2014-04-05T14:41:30.643602 #26702]  INFO -- : Mr Bazinga made a bet of 40 (raise) and is left with 2220 chips. The pot now contains 40 chips.
I, [2014-04-05T14:41:30.644122 #26702]  INFO -- : NoCo made a bet of 80 (raise) and is left with 660 chips. The pot now contains 120 chips.
I, [2014-04-05T14:41:30.649120 #26702]  INFO -- : Player Mr Bazinga responded with 0 (200)
I, [2014-04-05T14:41:30.649432 #26702]  INFO -- : Mr Bazinga made a bet of 0 (fold) and is left with 2220 chips. The pot now contains 120 chips.
I, [2014-04-05T14:41:30.651960 #26702]  INFO -- : Player NoCo responded with Cannot GET /bet_request0 (200)
I, [2014-04-05T14:41:30.652196 #26702]  INFO -- : NoCo made a bet of 0 (check) and is left with 660 chips. The pot now contains 120 chips.
I, [2014-04-05T14:41:30.652563 #26702]  INFO -- : NoCo won 120
I, [2014-04-05T14:41:30.654741 #26702]  INFO -- : Player R3T responded with  (200)
I, [2014-04-05T14:41:30.656706 #26702]  INFO -- : Player Mr Bazinga responded with OK (200)
I, [2014-04-05T14:41:30.664312 #26702]  INFO -- : Player NoCo responded with  (200)
I, [2014-04-05T14:41:30.664651 #26702]  INFO -- : NoCo received hole_card 10 of Spades
I, [2014-04-05T14:41:30.664823 #26702]  INFO -- : Mr Bazinga received hole_card 7 of Diamonds
I, [2014-04-05T14:41:30.664969 #26702]  INFO -- : NoCo received hole_card Jack of Clubs
I, [2014-04-05T14:41:30.665118 #26702]  INFO -- : Mr Bazinga received hole_card 9 of Diamonds
I, [2014-04-05T14:41:30.665405 #26702]  INFO -- : NoCo made a bet of 40 (raise) and is left with 740 chips. The pot now contains 40 chips.
I, [2014-04-05T14:41:30.665629 #26702]  INFO -- : Mr Bazinga made a bet of 80 (raise) and is left with 2140 chips. The pot now contains 120 chips.
I, [2014-04-05T14:41:30.668476 #26702]  INFO -- : Player NoCo responded with Cannot GET /bet_request0 (200)
I, [2014-04-05T14:41:30.668783 #26702]  INFO -- : NoCo made a bet of 0 (fold) and is left with 740 chips. The pot now contains 120 chips.
I, [2014-04-05T14:41:30.669223 #26702]  INFO -- : Mr Bazinga won 120
I, [2014-04-05T14:41:30.673157 #26702]  INFO -- : Player R3T responded with  (200)
I, [2014-04-05T14:41:30.676614 #26702]  INFO -- : Player Mr Bazinga responded with OK (200)
I, [2014-04-05T14:41:30.689617 #26702]  INFO -- : Player NoCo responded with  (200)
I, [2014-04-05T14:41:30.690121 #26702]  INFO -- : Mr Bazinga received hole_card Ace of Diamonds
I, [2014-04-05T14:41:30.690400 #26702]  INFO -- : NoCo received hole_card 5 of Hearts
I, [2014-04-05T14:41:30.690739 #26702]  INFO -- : Mr Bazinga received hole_card 8 of Spades
I, [2014-04-05T14:41:30.691032 #26702]  INFO -- : NoCo received hole_card 7 of Hearts
I, [2014-04-05T14:41:30.691558 #26702]  INFO -- : Mr Bazinga made a bet of 40 (raise) and is left with 2220 chips. The pot now contains 40 chips.
I, [2014-04-05T14:41:30.691990 #26702]  INFO -- : NoCo made a bet of 80 (raise) and is left with 660 chips. The pot now contains 120 chips.
I, [2014-04-05T14:41:30.694602 #26702]  INFO -- : Player Mr Bazinga responded with 0 (200)
I, [2014-04-05T14:41:30.695109 #26702]  INFO -- : Mr Bazinga made a bet of 0 (fold) and is left with 2220 chips. The pot now contains 120 chips.
I, [2014-04-05T14:41:30.701582 #26702]  INFO -- : Player NoCo responded with Cannot GET /bet_request0 (200)
I, [2014-04-05T14:41:30.701932 #26702]  INFO -- : NoCo made a bet of 0 (check) and is left with 660 chips. The pot now contains 120 chips.
I, [2014-04-05T14:41:30.702587 #26702]  INFO -- : NoCo won 120
I, [2014-04-05T14:41:30.705769 #26702]  INFO -- : Player R3T responded with  (200)
I, [2014-04-05T14:41:30.707737 #26702]  INFO -- : Player Mr Bazinga responded with OK (200)
I, [2014-04-05T14:41:30.709815 #26702]  INFO -- : Player NoCo responded with  (200)
I, [2014-04-05T14:41:30.710289 #26702]  INFO -- : NoCo received hole_card 7 of Spades
I, [2014-04-05T14:41:30.710534 #26702]  INFO -- : Mr Bazinga received hole_card 9 of Hearts
I, [2014-04-05T14:41:30.710794 #26702]  INFO -- : NoCo received hole_card Jack of Diamonds
I, [2014-04-05T14:41:30.711087 #26702]  INFO -- : Mr Bazinga received hole_card 4 of Hearts
I, [2014-04-05T14:41:30.711447 #26702]  INFO -- : NoCo made a bet of 40 (raise) and is left with 740 chips. The pot now contains 40 chips.
I, [2014-04-05T14:41:30.711770 #26702]  INFO -- : Mr Bazinga made a bet of 80 (raise) and is left with 2140 chips. The pot now contains 120 chips.
I, [2014-04-05T14:41:30.715256 #26702]  INFO -- : Player NoCo responded with Cannot GET /bet_request0 (200)
I, [2014-04-05T14:41:30.715521 #26702]  INFO -- : NoCo made a bet of 0 (fold) and is left with 740 chips. The pot now contains 120 chips.
I, [2014-04-05T14:41:30.715934 #26702]  INFO -- : Mr Bazinga won 120
I, [2014-04-05T14:41:30.722314 #26702]  INFO -- : Player R3T responded with  (200)
I, [2014-04-05T14:41:30.725647 #26702]  INFO -- : Player Mr Bazinga responded with OK (200)
I, [2014-04-05T14:41:30.727555 #26702]  INFO -- : Player NoCo responded with  (200)
I, [2014-04-05T14:41:30.727852 #26702]  INFO -- : Mr Bazinga received hole_card Jack of Hearts
I, [2014-04-05T14:41:30.728021 #26702]  INFO -- : NoCo received hole_card 4 of Clubs
I, [2014-04-05T14:41:30.728205 #26702]  INFO -- : Mr Bazinga received hole_card Jack of Diamonds
I, [2014-04-05T14:41:30.728374 #26702]  INFO -- : NoCo received hole_card 4 of Hearts
I, [2014-04-05T14:41:30.728644 #26702]  INFO -- : Mr Bazinga made a bet of 80 (raise) and is left with 2180 chips. The pot now contains 80 chips.
I, [2014-04-05T14:41:30.728874 #26702]  INFO -- : NoCo made a bet of 160 (raise) and is left with 580 chips. The pot now contains 240 chips.
I, [2014-04-05T14:41:30.730686 #26702]  INFO -- : Player Mr Bazinga responded with 360 (200)
I, [2014-04-05T14:41:30.731017 #26702]  INFO -- : Mr Bazinga made a bet of 360 (raise) and is left with 1820 chips. The pot now contains 600 chips.
I, [2014-04-05T14:41:30.738307 #26702]  INFO -- : Player NoCo responded with Cannot GET /bet_request0 (200)
I, [2014-04-05T14:41:30.739060 #26702]  INFO -- : NoCo made a bet of 0 (fold) and is left with 580 chips. The pot now contains 600 chips.
I, [2014-04-05T14:41:30.740942 #26702]  INFO -- : Mr Bazinga won 600
I, [2014-04-05T14:41:30.745070 #26702]  INFO -- : Player R3T responded with  (200)
I, [2014-04-05T14:41:30.746876 #26702]  INFO -- : Player Mr Bazinga responded with OK (200)
I, [2014-04-05T14:41:30.752411 #26702]  INFO -- : Player NoCo responded with  (200)
I, [2014-04-05T14:41:30.753197 #26702]  INFO -- : NoCo received hole_card Queen of Spades
I, [2014-04-05T14:41:30.754447 #26702]  INFO -- : Mr Bazinga received hole_card Ace of Hearts
I, [2014-04-05T14:41:30.755015 #26702]  INFO -- : NoCo received hole_card Ace of Clubs
I, [2014-04-05T14:41:30.755404 #26702]  INFO -- : Mr Bazinga received hole_card 6 of Clubs
I, [2014-04-05T14:41:30.755799 #26702]  INFO -- : NoCo made a bet of 80 (raise) and is left with 500 chips. The pot now contains 80 chips.
I, [2014-04-05T14:41:30.756115 #26702]  INFO -- : Mr Bazinga made a bet of 160 (raise) and is left with 2260 chips. The pot now contains 240 chips.
I, [2014-04-05T14:41:30.758609 #26702]  INFO -- : Player NoCo responded with Cannot GET /bet_request0 (200)
I, [2014-04-05T14:41:30.758822 #26702]  INFO -- : NoCo made a bet of 0 (fold) and is left with 500 chips. The pot now contains 240 chips.
I, [2014-04-05T14:41:30.759208 #26702]  INFO -- : Mr Bazinga won 240
I, [2014-04-05T14:41:30.761111 #26702]  INFO -- : Player R3T responded with  (200)
I, [2014-04-05T14:41:30.762886 #26702]  INFO -- : Player Mr Bazinga responded with OK (200)
I, [2014-04-05T14:41:30.764581 #26702]  INFO -- : Player NoCo responded with  (200)
I, [2014-04-05T14:41:30.765004 #26702]  INFO -- : Mr Bazinga received hole_card 7 of Spades
I, [2014-04-05T14:41:30.765290 #26702]  INFO -- : NoCo received hole_card 4 of Clubs
I, [2014-04-05T14:41:30.765557 #26702]  INFO -- : Mr Bazinga received hole_card 2 of Hearts
I, [2014-04-05T14:41:30.765851 #26702]  INFO -- : NoCo received hole_card Queen of Clubs
I, [2014-04-05T14:41:30.766461 #26702]  INFO -- : Mr Bazinga made a bet of 80 (raise) and is left with 2420 chips. The pot now contains 80 chips.
I, [2014-04-05T14:41:30.767439 #26702]  INFO -- : NoCo made a bet of 160 (raise) and is left with 340 chips. The pot now contains 240 chips.
I, [2014-04-05T14:41:30.771151 #26702]  INFO -- : Player Mr Bazinga responded with 0 (200)
I, [2014-04-05T14:41:30.771685 #26702]  INFO -- : Mr Bazinga made a bet of 0 (fold) and is left with 2420 chips. The pot now contains 240 chips.
I, [2014-04-05T14:41:30.775394 #26702]  INFO -- : Player NoCo responded with Cannot GET /bet_request0 (200)
I, [2014-04-05T14:41:30.775638 #26702]  INFO -- : NoCo made a bet of 0 (check) and is left with 340 chips. The pot now contains 240 chips.
I, [2014-04-05T14:41:30.776063 #26702]  INFO -- : NoCo won 240
I, [2014-04-05T14:41:30.778363 #26702]  INFO -- : Player R3T responded with  (200)
I, [2014-04-05T14:41:30.779966 #26702]  INFO -- : Player Mr Bazinga responded with OK (200)
I, [2014-04-05T14:41:30.782399 #26702]  INFO -- : Player NoCo responded with  (200)
I, [2014-04-05T14:41:30.783571 #26702]  INFO -- : NoCo received hole_card Queen of Hearts
I, [2014-04-05T14:41:30.784344 #26702]  INFO -- : Mr Bazinga received hole_card 9 of Hearts
I, [2014-04-05T14:41:30.784826 #26702]  INFO -- : NoCo received hole_card 10 of Hearts
I, [2014-04-05T14:41:30.785031 #26702]  INFO -- : Mr Bazinga received hole_card 4 of Diamonds
I, [2014-04-05T14:41:30.785353 #26702]  INFO -- : NoCo made a bet of 80 (raise) and is left with 500 chips. The pot now contains 80 chips.
I, [2014-04-05T14:41:30.785603 #26702]  INFO -- : Mr Bazinga made a bet of 160 (raise) and is left with 2260 chips. The pot now contains 240 chips.
I, [2014-04-05T14:41:30.788574 #26702]  INFO -- : Player NoCo responded with Cannot GET /bet_request0 (200)
I, [2014-04-05T14:41:30.788804 #26702]  INFO -- : NoCo made a bet of 0 (fold) and is left with 500 chips. The pot now contains 240 chips.
I, [2014-04-05T14:41:30.789204 #26702]  INFO -- : Mr Bazinga won 240
I, [2014-04-05T14:41:30.791315 #26702]  INFO -- : Player R3T responded with  (200)
I, [2014-04-05T14:41:30.793927 #26702]  INFO -- : Player Mr Bazinga responded with OK (200)
I, [2014-04-05T14:41:30.796049 #26702]  INFO -- : Player NoCo responded with  (200)
I, [2014-04-05T14:41:30.796580 #26702]  INFO -- : Mr Bazinga received hole_card King of Clubs
I, [2014-04-05T14:41:30.796873 #26702]  INFO -- : NoCo received hole_card 6 of Clubs
I, [2014-04-05T14:41:30.797186 #26702]  INFO -- : Mr Bazinga received hole_card 7 of Hearts
I, [2014-04-05T14:41:30.797510 #26702]  INFO -- : NoCo received hole_card 10 of Clubs
I, [2014-04-05T14:41:30.798020 #26702]  INFO -- : Mr Bazinga made a bet of 80 (raise) and is left with 2420 chips. The pot now contains 80 chips.
I, [2014-04-05T14:41:30.798495 #26702]  INFO -- : NoCo made a bet of 160 (raise) and is left with 340 chips. The pot now contains 240 chips.
I, [2014-04-05T14:41:30.802540 #26702]  INFO -- : Player Mr Bazinga responded with 0 (200)
I, [2014-04-05T14:41:30.802866 #26702]  INFO -- : Mr Bazinga made a bet of 0 (fold) and is left with 2420 chips. The pot now contains 240 chips.
I, [2014-04-05T14:41:30.805667 #26702]  INFO -- : Player NoCo responded with Cannot GET /bet_request100 (200)
I, [2014-04-05T14:41:30.805923 #26702]  INFO -- : NoCo made a bet of 0 (check) and is left with 340 chips. The pot now contains 240 chips.
I, [2014-04-05T14:41:30.806327 #26702]  INFO -- : NoCo won 240
I, [2014-04-05T14:41:30.808519 #26702]  INFO -- : Player R3T responded with  (200)
I, [2014-04-05T14:41:30.810138 #26702]  INFO -- : Player Mr Bazinga responded with OK (200)
I, [2014-04-05T14:41:30.812106 #26702]  INFO -- : Player NoCo responded with  (200)
I, [2014-04-05T14:41:30.812445 #26702]  INFO -- : NoCo received hole_card 2 of Spades
I, [2014-04-05T14:41:30.812640 #26702]  INFO -- : Mr Bazinga received hole_card 10 of Diamonds
I, [2014-04-05T14:41:30.812841 #26702]  INFO -- : NoCo received hole_card 2 of Hearts
I, [2014-04-05T14:41:30.813071 #26702]  INFO -- : Mr Bazinga received hole_card 5 of Diamonds
I, [2014-04-05T14:41:30.813367 #26702]  INFO -- : NoCo made a bet of 80 (raise) and is left with 500 chips. The pot now contains 80 chips.
I, [2014-04-05T14:41:30.813618 #26702]  INFO -- : Mr Bazinga made a bet of 160 (raise) and is left with 2260 chips. The pot now contains 240 chips.
I, [2014-04-05T14:41:30.817039 #26702]  INFO -- : Player NoCo responded with Cannot GET /bet_request0 (200)
I, [2014-04-05T14:41:30.818071 #26702]  INFO -- : NoCo made a bet of 0 (fold) and is left with 500 chips. The pot now contains 240 chips.
I, [2014-04-05T14:41:30.818730 #26702]  INFO -- : Mr Bazinga won 240
I, [2014-04-05T14:41:30.821063 #26702]  INFO -- : Player R3T responded with  (200)
I, [2014-04-05T14:41:30.822922 #26702]  INFO -- : Player Mr Bazinga responded with OK (200)
I, [2014-04-05T14:41:30.824611 #26702]  INFO -- : Player NoCo responded with  (200)
I, [2014-04-05T14:41:30.824921 #26702]  INFO -- : Mr Bazinga received hole_card Jack of Clubs
I, [2014-04-05T14:41:30.825102 #26702]  INFO -- : NoCo received hole_card Ace of Spades
I, [2014-04-05T14:41:30.825261 #26702]  INFO -- : Mr Bazinga received hole_card Queen of Diamonds
I, [2014-04-05T14:41:30.825430 #26702]  INFO -- : NoCo received hole_card 8 of Spades
I, [2014-04-05T14:41:30.825698 #26702]  INFO -- : Mr Bazinga made a bet of 80 (raise) and is left with 2420 chips. The pot now contains 80 chips.
I, [2014-04-05T14:41:30.825921 #26702]  INFO -- : NoCo made a bet of 160 (raise) and is left with 340 chips. The pot now contains 240 chips.
I, [2014-04-05T14:41:30.829253 #26702]  INFO -- : Player Mr Bazinga responded with 160 (200)
I, [2014-04-05T14:41:30.830631 #26702]  INFO -- : Mr Bazinga made a bet of 160 (raise) and is left with 2260 chips. The pot now contains 400 chips.
I, [2014-04-05T14:41:30.833703 #26702]  INFO -- : Player NoCo responded with Cannot GET /bet_request0 (200)
I, [2014-04-05T14:41:30.834052 #26702]  INFO -- : NoCo made a bet of 0 (fold) and is left with 340 chips. The pot now contains 400 chips.
I, [2014-04-05T14:41:30.834599 #26702]  INFO -- : Mr Bazinga won 400
I, [2014-04-05T14:41:30.838451 #26702]  INFO -- : Player R3T responded with  (200)
I, [2014-04-05T14:41:30.840577 #26702]  INFO -- : Player Mr Bazinga responded with OK (200)
I, [2014-04-05T14:41:30.842520 #26702]  INFO -- : Player NoCo responded with  (200)
I, [2014-04-05T14:41:30.842834 #26702]  INFO -- : NoCo received hole_card 9 of Clubs
I, [2014-04-05T14:41:30.843047 #26702]  INFO -- : Mr Bazinga received hole_card 8 of Spades
I, [2014-04-05T14:41:30.843231 #26702]  INFO -- : NoCo received hole_card 10 of Diamonds
I, [2014-04-05T14:41:30.843413 #26702]  INFO -- : Mr Bazinga received hole_card 8 of Hearts
I, [2014-04-05T14:41:30.843753 #26702]  INFO -- : NoCo made a bet of 80 (raise) and is left with 260 chips. The pot now contains 80 chips.
I, [2014-04-05T14:41:30.844006 #26702]  INFO -- : Mr Bazinga made a bet of 160 (raise) and is left with 2500 chips. The pot now contains 240 chips.
I, [2014-04-05T14:41:30.846384 #26702]  INFO -- : Player NoCo responded with Cannot GET /bet_request100 (200)
I, [2014-04-05T14:41:30.846634 #26702]  INFO -- : NoCo made a bet of 0 (fold) and is left with 260 chips. The pot now contains 240 chips.
I, [2014-04-05T14:41:30.847005 #26702]  INFO -- : Mr Bazinga won 240
I, [2014-04-05T14:41:30.849226 #26702]  INFO -- : Player R3T responded with  (200)
I, [2014-04-05T14:41:30.850770 #26702]  INFO -- : Player Mr Bazinga responded with OK (200)
I, [2014-04-05T14:41:30.852569 #26702]  INFO -- : Player NoCo responded with  (200)
I, [2014-04-05T14:41:30.852910 #26702]  INFO -- : Mr Bazinga received hole_card Jack of Clubs
I, [2014-04-05T14:41:30.853138 #26702]  INFO -- : NoCo received hole_card 6 of Diamonds
I, [2014-04-05T14:41:30.853353 #26702]  INFO -- : Mr Bazinga received hole_card 8 of Spades
I, [2014-04-05T14:41:30.853619 #26702]  INFO -- : NoCo received hole_card 2 of Clubs
I, [2014-04-05T14:41:30.854885 #26702]  INFO -- : Mr Bazinga made a bet of 80 (raise) and is left with 2660 chips. The pot now contains 80 chips.
I, [2014-04-05T14:41:30.855624 #26702]  INFO -- : NoCo made a bet of 160 (raise) and is left with 100 chips. The pot now contains 240 chips.
I, [2014-04-05T14:41:30.857540 #26702]  INFO -- : Player Mr Bazinga responded with 0 (200)
I, [2014-04-05T14:41:30.857822 #26702]  INFO -- : Mr Bazinga made a bet of 0 (fold) and is left with 2660 chips. The pot now contains 240 chips.
I, [2014-04-05T14:41:30.860457 #26702]  INFO -- : Player NoCo responded with Cannot GET /bet_request0 (200)
I, [2014-04-05T14:41:30.860825 #26702]  INFO -- : NoCo made a bet of 0 (check) and is left with 100 chips. The pot now contains 240 chips.
I, [2014-04-05T14:41:30.861468 #26702]  INFO -- : NoCo won 240
I, [2014-04-05T14:41:30.864873 #26702]  INFO -- : Player R3T responded with  (200)
I, [2014-04-05T14:41:30.868163 #26702]  INFO -- : Player Mr Bazinga responded with OK (200)
I, [2014-04-05T14:41:30.872527 #26702]  INFO -- : Player NoCo responded with  (200)
I, [2014-04-05T14:41:30.872937 #26702]  INFO -- : NoCo received hole_card 9 of Spades
I, [2014-04-05T14:41:30.873225 #26702]  INFO -- : Mr Bazinga received hole_card 10 of Diamonds
I, [2014-04-05T14:41:30.873493 #26702]  INFO -- : NoCo received hole_card 5 of Spades
I, [2014-04-05T14:41:30.873680 #26702]  INFO -- : Mr Bazinga received hole_card 6 of Spades
I, [2014-04-05T14:41:30.874019 #26702]  INFO -- : NoCo made a bet of 160 (raise) and is left with 180 chips. The pot now contains 160 chips.
I, [2014-04-05T14:41:30.874271 #26702]  INFO -- : Mr Bazinga made a bet of 320 (raise) and is left with 2340 chips. The pot now contains 480 chips.
I, [2014-04-05T14:41:30.876884 #26702]  INFO -- : Player NoCo responded with Cannot GET /bet_request0 (200)
I, [2014-04-05T14:41:30.877114 #26702]  INFO -- : NoCo made a bet of 0 (fold) and is left with 180 chips. The pot now contains 480 chips.
I, [2014-04-05T14:41:30.877504 #26702]  INFO -- : Mr Bazinga won 480
I, [2014-04-05T14:41:30.879961 #26702]  INFO -- : Player R3T responded with  (200)
I, [2014-04-05T14:41:30.881615 #26702]  INFO -- : Player Mr Bazinga responded with OK (200)
I, [2014-04-05T14:41:30.883402 #26702]  INFO -- : Player NoCo responded with  (200)
I, [2014-04-05T14:41:30.883736 #26702]  INFO -- : Mr Bazinga received hole_card 4 of Clubs
I, [2014-04-05T14:41:30.883950 #26702]  INFO -- : NoCo received hole_card 8 of Hearts
I, [2014-04-05T14:41:30.884178 #26702]  INFO -- : Mr Bazinga received hole_card Jack of Hearts
I, [2014-04-05T14:41:30.884379 #26702]  INFO -- : NoCo received hole_card Jack of Clubs
I, [2014-04-05T14:41:30.884718 #26702]  INFO -- : Mr Bazinga made a bet of 160 (raise) and is left with 2660 chips. The pot now contains 160 chips.
I, [2014-04-05T14:41:30.884969 #26702]  INFO -- : NoCo made a bet of 180 (allin) and is left with 0 chips. The pot now contains 340 chips.
I, [2014-04-05T14:41:30.888097 #26702]  INFO -- : Player Mr Bazinga responded with 0 (200)
I, [2014-04-05T14:41:30.888427 #26702]  INFO -- : Mr Bazinga made a bet of 0 (fold) and is left with 2660 chips. The pot now contains 340 chips.
I, [2014-04-05T14:41:30.888831 #26702]  INFO -- : NoCo won 340
I, [2014-04-05T14:41:30.891102 #26702]  INFO -- : Player R3T responded with  (200)
I, [2014-04-05T14:41:30.892843 #26702]  INFO -- : Player Mr Bazinga responded with OK (200)
I, [2014-04-05T14:41:30.894860 #26702]  INFO -- : Player NoCo responded with  (200)
I, [2014-04-05T14:41:30.895313 #26702]  INFO -- : NoCo received hole_card Ace of Clubs
I, [2014-04-05T14:41:30.895664 #26702]  INFO -- : Mr Bazinga received hole_card 6 of Clubs
I, [2014-04-05T14:41:30.896105 #26702]  INFO -- : NoCo received hole_card 9 of Diamonds
I, [2014-04-05T14:41:30.896617 #26702]  INFO -- : Mr Bazinga received hole_card 7 of Clubs
I, [2014-04-05T14:41:30.898272 #26702]  INFO -- : NoCo made a bet of 160 (raise) and is left with 180 chips. The pot now contains 160 chips.
I, [2014-04-05T14:41:30.899367 #26702]  INFO -- : Mr Bazinga made a bet of 320 (raise) and is left with 2340 chips. The pot now contains 480 chips.
I, [2014-04-05T14:41:30.901951 #26702]  INFO -- : Player NoCo responded with Cannot GET /bet_request0 (200)
I, [2014-04-05T14:41:30.902187 #26702]  INFO -- : NoCo made a bet of 0 (fold) and is left with 180 chips. The pot now contains 480 chips.
I, [2014-04-05T14:41:30.903002 #26702]  INFO -- : Mr Bazinga won 480
I, [2014-04-05T14:41:30.907755 #26702]  INFO -- : Player R3T responded with  (200)
I, [2014-04-05T14:41:30.909583 #26702]  INFO -- : Player Mr Bazinga responded with OK (200)
I, [2014-04-05T14:41:30.912083 #26702]  INFO -- : Player NoCo responded with  (200)
I, [2014-04-05T14:41:30.912411 #26702]  INFO -- : Mr Bazinga received hole_card 8 of Spades
I, [2014-04-05T14:41:30.912630 #26702]  INFO -- : NoCo received hole_card 6 of Diamonds
I, [2014-04-05T14:41:30.912826 #26702]  INFO -- : Mr Bazinga received hole_card Jack of Spades
I, [2014-04-05T14:41:30.912984 #26702]  INFO -- : NoCo received hole_card Jack of Diamonds
I, [2014-04-05T14:41:30.913251 #26702]  INFO -- : Mr Bazinga made a bet of 160 (raise) and is left with 2660 chips. The pot now contains 160 chips.
I, [2014-04-05T14:41:30.913497 #26702]  INFO -- : NoCo made a bet of 180 (allin) and is left with 0 chips. The pot now contains 340 chips.
I, [2014-04-05T14:41:30.915218 #26702]  INFO -- : Player Mr Bazinga responded with 180 (200)
I, [2014-04-05T14:41:30.915472 #26702]  INFO -- : Mr Bazinga made a bet of 180 (raise) and is left with 2480 chips. The pot now contains 520 chips.
I, [2014-04-05T14:41:30.915705 #26702]  INFO -- : community card 7 of Clubs
I, [2014-04-05T14:41:30.915891 #26702]  INFO -- : community card 2 of Spades
I, [2014-04-05T14:41:30.916076 #26702]  INFO -- : community card 9 of Diamonds
I, [2014-04-05T14:41:30.916274 #26702]  INFO -- : community card 9 of Clubs
I, [2014-04-05T14:41:30.916469 #26702]  INFO -- : community card King of Hearts
I, [2014-04-05T14:41:30.916927 #26702]  INFO -- : Mr Bazinga showed 8 of Spades,9 of Clubs,9 of Diamonds,Jack of Spades,King of Hearts making a pair
I, [2014-04-05T14:41:30.917312 #26702]  INFO -- : Mr Bazinga won 520
I, [2014-04-05T14:41:30.920206 #26702]  INFO -- : Player R3T responded with  (200)
I, [2014-04-05T14:41:30.923405 #26702]  INFO -- : Player Mr Bazinga responded with OK (200)
I, [2014-04-05T14:41:30.925444 #26702]  INFO -- : Player NoCo responded with  (200)
