# Logfile created on 2014-04-05 14:12:30 +0200 by logger.rb/44203
I, [2014-04-05T14:12:30.055559 #25009]  INFO -- : Reseting R3T to origin/master
I, [2014-04-05T14:12:30.920357 #25009]  INFO -- : Reseting Mr Bazinga to origin/master
I, [2014-04-05T14:12:31.952415 #25009]  INFO -- : Reseting NoCo to origin/master
I, [2014-04-05T14:12:33.179779 #25009]  INFO -- : Connected R3T at http://localhost:8080/
I, [2014-04-05T14:12:33.181909 #25009]  INFO -- : Connected Mr Bazinga at http://localhost:1337/
I, [2014-04-05T14:12:33.184286 #25009]  INFO -- : Connected NoCo at http://localhost:8000/player_service.php
E, [2014-04-05T14:12:33.185188 #25009] ERROR -- : Connection refused - connect(2) for "localhost" port 8080
E, [2014-04-05T14:12:33.185312 #25009] ERROR -- : Player R3T is unreachable
I, [2014-04-05T14:12:33.185408 #25009]  INFO -- : Waiting for players to start
E, [2014-04-05T14:12:34.186132 #25009] ERROR -- : Connection refused - connect(2) for "localhost" port 8080
E, [2014-04-05T14:12:34.186371 #25009] ERROR -- : Player R3T is unreachable
I, [2014-04-05T14:12:34.186462 #25009]  INFO -- : Waiting for players to start
E, [2014-04-05T14:12:35.187392 #25009] ERROR -- : Connection refused - connect(2) for "localhost" port 8080
E, [2014-04-05T14:12:35.187521 #25009] ERROR -- : Player R3T is unreachable
I, [2014-04-05T14:12:35.187584 #25009]  INFO -- : Waiting for players to start
E, [2014-04-05T14:12:36.188272 #25009] ERROR -- : Connection refused - connect(2) for "localhost" port 8080
E, [2014-04-05T14:12:36.188532 #25009] ERROR -- : Player R3T is unreachable
I, [2014-04-05T14:12:36.188697 #25009]  INFO -- : Waiting for players to start
E, [2014-04-05T14:12:37.190498 #25009] ERROR -- : Connection refused - connect(2) for "localhost" port 8080
E, [2014-04-05T14:12:37.190635 #25009] ERROR -- : Player R3T is unreachable
I, [2014-04-05T14:12:37.190715 #25009]  INFO -- : Waiting for players to start
E, [2014-04-05T14:12:38.191343 #25009] ERROR -- : Connection refused - connect(2) for "localhost" port 8080
E, [2014-04-05T14:12:38.191484 #25009] ERROR -- : Player R3T is unreachable
I, [2014-04-05T14:12:38.191572 #25009]  INFO -- : Waiting for players to start
E, [2014-04-05T14:12:39.192261 #25009] ERROR -- : Connection refused - connect(2) for "localhost" port 8080
E, [2014-04-05T14:12:39.192517 #25009] ERROR -- : Player R3T is unreachable
I, [2014-04-05T14:12:39.192879 #25009]  INFO -- : Waiting for players to start
E, [2014-04-05T14:12:40.193630 #25009] ERROR -- : Connection refused - connect(2) for "localhost" port 8080
E, [2014-04-05T14:12:40.193887 #25009] ERROR -- : Player R3T is unreachable
I, [2014-04-05T14:12:40.194055 #25009]  INFO -- : Waiting for players to start
E, [2014-04-05T14:12:41.194736 #25009] ERROR -- : Connection refused - connect(2) for "localhost" port 8080
E, [2014-04-05T14:12:41.194878 #25009] ERROR -- : Player R3T is unreachable
I, [2014-04-05T14:12:41.194959 #25009]  INFO -- : Waiting for players to start
E, [2014-04-05T14:12:42.195559 #25009] ERROR -- : Connection refused - connect(2) for "localhost" port 8080
E, [2014-04-05T14:12:42.195705 #25009] ERROR -- : Player R3T is unreachable
I, [2014-04-05T14:12:42.195795 #25009]  INFO -- : Waiting for players to start
E, [2014-04-05T14:12:43.204091 #25009] ERROR -- : Connection refused - connect(2) for "localhost" port 8080
E, [2014-04-05T14:12:43.204257 #25009] ERROR -- : Player R3T is unreachable
I, [2014-04-05T14:12:43.204388 #25009]  INFO -- : Waiting for players to start
E, [2014-04-05T14:12:44.208162 #25009] ERROR -- : Connection refused - connect(2) for "localhost" port 8080
E, [2014-04-05T14:12:44.208445 #25009] ERROR -- : Player R3T is unreachable
I, [2014-04-05T14:12:44.208601 #25009]  INFO -- : Waiting for players to start
E, [2014-04-05T14:12:45.209205 #25009] ERROR -- : Connection refused - connect(2) for "localhost" port 8080
E, [2014-04-05T14:12:45.209338 #25009] ERROR -- : Player R3T is unreachable
I, [2014-04-05T14:12:45.209453 #25009]  INFO -- : Waiting for players to start
E, [2014-04-05T14:12:46.209990 #25009] ERROR -- : Connection refused - connect(2) for "localhost" port 8080
E, [2014-04-05T14:12:46.210149 #25009] ERROR -- : Player R3T is unreachable
I, [2014-04-05T14:12:46.210227 #25009]  INFO -- : Waiting for players to start
E, [2014-04-05T14:12:47.210856 #25009] ERROR -- : Connection refused - connect(2) for "localhost" port 8080
E, [2014-04-05T14:12:47.210976 #25009] ERROR -- : Player R3T is unreachable
I, [2014-04-05T14:12:47.211026 #25009]  INFO -- : Waiting for players to start
E, [2014-04-05T14:12:48.713325 #25009] ERROR -- : Net::ReadTimeout
E, [2014-04-05T14:12:48.713462 #25009] ERROR -- : Player R3T is unreachable
I, [2014-04-05T14:12:48.713531 #25009]  INFO -- : Waiting for players to start
E, [2014-04-05T14:12:50.215510 #25009] ERROR -- : Net::ReadTimeout
E, [2014-04-05T14:12:50.215845 #25009] ERROR -- : Player R3T is unreachable
I, [2014-04-05T14:12:50.216032 #25009]  INFO -- : Waiting for players to start
E, [2014-04-05T14:12:51.719025 #25009] ERROR -- : Net::ReadTimeout
E, [2014-04-05T14:12:51.719183 #25009] ERROR -- : Player R3T is unreachable
I, [2014-04-05T14:12:51.719272 #25009]  INFO -- : Waiting for players to start
I, [2014-04-05T14:12:52.888646 #25009]  INFO -- : Player R3T responded with  (200)
I, [2014-04-05T14:12:52.903587 #25009]  INFO -- : Player Mr Bazinga responded with OK (200)
I, [2014-04-05T14:12:52.905488 #25009]  INFO -- : Player NoCo responded with  (200)
I, [2014-04-05T14:12:52.905600 #25009]  INFO -- : Players are running
I, [2014-04-05T14:12:52.934912 #25009]  INFO -- : Player R3T responded with v0.3 (200)
I, [2014-04-05T14:12:52.941576 #25009]  INFO -- : Player Mr Bazinga responded with Mr Bazinga PreFlop Version 2 (200)
I, [2014-04-05T14:12:52.944197 #25009]  INFO -- : Player NoCo responded with NoCo1406 (200)
I, [2014-04-05T14:12:52.944711 #25009]  INFO -- : R3T received hole_card Ace of Clubs
I, [2014-04-05T14:12:52.944985 #25009]  INFO -- : Mr Bazinga received hole_card 8 of Spades
I, [2014-04-05T14:12:52.945254 #25009]  INFO -- : NoCo received hole_card 7 of Diamonds
I, [2014-04-05T14:12:52.945456 #25009]  INFO -- : R3T received hole_card 9 of Hearts
I, [2014-04-05T14:12:52.946031 #25009]  INFO -- : Mr Bazinga received hole_card 2 of Hearts
I, [2014-04-05T14:12:52.946645 #25009]  INFO -- : NoCo received hole_card 2 of Clubs
I, [2014-04-05T14:12:52.950199 #25009]  INFO -- : R3T made a bet of 10 (raise) and is left with 990 chips. The pot now contains 10 chips.
I, [2014-04-05T14:12:52.951198 #25009]  INFO -- : Mr Bazinga made a bet of 20 (raise) and is left with 980 chips. The pot now contains 30 chips.
I, [2014-04-05T14:12:52.955251 #25009]  INFO -- : Player NoCo responded with 0 (200)
I, [2014-04-05T14:12:52.955832 #25009]  INFO -- : NoCo made a bet of 0 (fold) and is left with 1000 chips. The pot now contains 30 chips.
I, [2014-04-05T14:12:53.014939 #25009]  INFO -- : Player R3T responded with 20 (200)
I, [2014-04-05T14:12:53.015803 #25009]  INFO -- : R3T made a bet of 20 (raise) and is left with 970 chips. The pot now contains 50 chips.
I, [2014-04-05T14:12:53.022597 #25009]  INFO -- : Player Mr Bazinga responded with 0 (200)
I, [2014-04-05T14:12:53.022828 #25009]  INFO -- : Mr Bazinga made a bet of 0 (fold) and is left with 980 chips. The pot now contains 50 chips.
I, [2014-04-05T14:12:53.023241 #25009]  INFO -- : R3T won 50
I, [2014-04-05T14:12:53.027950 #25009]  INFO -- : Player R3T responded with  (200)
I, [2014-04-05T14:12:53.033950 #25009]  INFO -- : Player Mr Bazinga responded with OK (200)
I, [2014-04-05T14:12:53.039622 #25009]  INFO -- : Player NoCo responded with  (200)
I, [2014-04-05T14:12:53.040750 #25009]  INFO -- : Mr Bazinga received hole_card 5 of Clubs
I, [2014-04-05T14:12:53.041478 #25009]  INFO -- : NoCo received hole_card 4 of Clubs
I, [2014-04-05T14:12:53.042281 #25009]  INFO -- : R3T received hole_card 10 of Clubs
I, [2014-04-05T14:12:53.043312 #25009]  INFO -- : Mr Bazinga received hole_card 9 of Clubs
I, [2014-04-05T14:12:53.044336 #25009]  INFO -- : NoCo received hole_card 3 of Hearts
I, [2014-04-05T14:12:53.045195 #25009]  INFO -- : R3T received hole_card 10 of Diamonds
I, [2014-04-05T14:12:53.045647 #25009]  INFO -- : Mr Bazinga made a bet of 10 (raise) and is left with 970 chips. The pot now contains 10 chips.
I, [2014-04-05T14:12:53.046084 #25009]  INFO -- : NoCo made a bet of 20 (raise) and is left with 980 chips. The pot now contains 30 chips.
I, [2014-04-05T14:12:53.051897 #25009]  INFO -- : Player R3T responded with 60 (200)
I, [2014-04-05T14:12:53.052690 #25009]  INFO -- : R3T made a bet of 60 (raise) and is left with 960 chips. The pot now contains 90 chips.
I, [2014-04-05T14:12:53.056589 #25009]  INFO -- : Player Mr Bazinga responded with 90 (200)
I, [2014-04-05T14:12:53.057070 #25009]  INFO -- : Mr Bazinga made a bet of 90 (raise) and is left with 880 chips. The pot now contains 180 chips.
I, [2014-04-05T14:12:53.060834 #25009]  INFO -- : Player NoCo responded with 0 (200)
I, [2014-04-05T14:12:53.061428 #25009]  INFO -- : NoCo made a bet of 0 (fold) and is left with 980 chips. The pot now contains 180 chips.
I, [2014-04-05T14:12:53.068975 #25009]  INFO -- : Player R3T responded with 240 (200)
I, [2014-04-05T14:12:53.069864 #25009]  INFO -- : R3T made a bet of 240 (raise) and is left with 720 chips. The pot now contains 420 chips.
I, [2014-04-05T14:12:53.090510 #25009]  INFO -- : Player Mr Bazinga responded with 400 (200)
I, [2014-04-05T14:12:53.090974 #25009]  INFO -- : Mr Bazinga made a bet of 400 (raise) and is left with 480 chips. The pot now contains 820 chips.
I, [2014-04-05T14:12:53.095597 #25009]  INFO -- : Player R3T responded with 1200 (200)
I, [2014-04-05T14:12:53.096242 #25009]  INFO -- : R3T made a bet of 720 (allin) and is left with 0 chips. The pot now contains 1540 chips.
I, [2014-04-05T14:12:53.099699 #25009]  INFO -- : Player Mr Bazinga responded with 1040 (200)
I, [2014-04-05T14:12:53.100278 #25009]  INFO -- : Mr Bazinga made a bet of 480 (allin) and is left with 0 chips. The pot now contains 2020 chips.
I, [2014-04-05T14:12:53.100528 #25009]  INFO -- : community card Jack of Hearts
I, [2014-04-05T14:12:53.100763 #25009]  INFO -- : community card 2 of Diamonds
I, [2014-04-05T14:12:53.101036 #25009]  INFO -- : community card Queen of Clubs
I, [2014-04-05T14:12:53.101247 #25009]  INFO -- : community card 6 of Diamonds
I, [2014-04-05T14:12:53.101501 #25009]  INFO -- : community card 6 of Hearts
I, [2014-04-05T14:12:53.102028 #25009]  INFO -- : R3T showed 6 of Hearts,6 of Diamonds,10 of Clubs,10 of Diamonds,Queen of Clubs making a two pairs
I, [2014-04-05T14:12:53.102459 #25009]  INFO -- : R3T won 2020
I, [2014-04-05T14:12:53.105846 #25009]  INFO -- : Player R3T responded with  (200)
I, [2014-04-05T14:12:53.108403 #25009]  INFO -- : Player Mr Bazinga responded with OK (200)
I, [2014-04-05T14:12:53.111712 #25009]  INFO -- : Player NoCo responded with  (200)
I, [2014-04-05T14:12:53.112701 #25009]  INFO -- : R3T received hole_card 4 of Clubs
I, [2014-04-05T14:12:53.113193 #25009]  INFO -- : NoCo received hole_card 10 of Clubs
I, [2014-04-05T14:12:53.113577 #25009]  INFO -- : R3T received hole_card 7 of Spades
I, [2014-04-05T14:12:53.114014 #25009]  INFO -- : NoCo received hole_card 6 of Hearts
I, [2014-04-05T14:12:53.114684 #25009]  INFO -- : R3T made a bet of 10 (raise) and is left with 2010 chips. The pot now contains 10 chips.
I, [2014-04-05T14:12:53.115399 #25009]  INFO -- : NoCo made a bet of 20 (raise) and is left with 960 chips. The pot now contains 30 chips.
I, [2014-04-05T14:12:53.118792 #25009]  INFO -- : Player R3T responded with 20 (200)
I, [2014-04-05T14:12:53.119120 #25009]  INFO -- : R3T made a bet of 20 (raise) and is left with 1990 chips. The pot now contains 50 chips.
I, [2014-04-05T14:12:53.121821 #25009]  INFO -- : Player NoCo responded with 0 (200)
I, [2014-04-05T14:12:53.122092 #25009]  INFO -- : NoCo made a bet of 0 (fold) and is left with 960 chips. The pot now contains 50 chips.
I, [2014-04-05T14:12:53.122553 #25009]  INFO -- : R3T won 50
I, [2014-04-05T14:12:53.129038 #25009]  INFO -- : Player R3T responded with  (200)
I, [2014-04-05T14:12:53.133906 #25009]  INFO -- : Player Mr Bazinga responded with OK (200)
I, [2014-04-05T14:12:53.141995 #25009]  INFO -- : Player NoCo responded with  (200)
I, [2014-04-05T14:12:53.142489 #25009]  INFO -- : NoCo received hole_card Ace of Diamonds
I, [2014-04-05T14:12:53.142759 #25009]  INFO -- : R3T received hole_card 4 of Clubs
I, [2014-04-05T14:12:53.143027 #25009]  INFO -- : NoCo received hole_card 10 of Diamonds
I, [2014-04-05T14:12:53.143650 #25009]  INFO -- : R3T received hole_card 2 of Hearts
I, [2014-04-05T14:12:53.144766 #25009]  INFO -- : NoCo made a bet of 10 (raise) and is left with 950 chips. The pot now contains 10 chips.
I, [2014-04-05T14:12:53.145548 #25009]  INFO -- : R3T made a bet of 20 (raise) and is left with 2020 chips. The pot now contains 30 chips.
I, [2014-04-05T14:12:53.150644 #25009]  INFO -- : Player NoCo responded with 0 (200)
I, [2014-04-05T14:12:53.151405 #25009]  INFO -- : NoCo made a bet of 0 (fold) and is left with 950 chips. The pot now contains 30 chips.
I, [2014-04-05T14:12:53.157627 #25009]  INFO -- : Player R3T responded with 20 (200)
I, [2014-04-05T14:12:53.158259 #25009]  INFO -- : R3T made a bet of 20 (raise) and is left with 2000 chips. The pot now contains 50 chips.
I, [2014-04-05T14:12:53.159526 #25009]  INFO -- : R3T won 50
I, [2014-04-05T14:12:53.166507 #25009]  INFO -- : Player R3T responded with  (200)
I, [2014-04-05T14:12:53.171105 #25009]  INFO -- : Player Mr Bazinga responded with OK (200)
I, [2014-04-05T14:12:53.174389 #25009]  INFO -- : Player NoCo responded with  (200)
I, [2014-04-05T14:12:53.175397 #25009]  INFO -- : R3T received hole_card 3 of Clubs
I, [2014-04-05T14:12:53.176209 #25009]  INFO -- : NoCo received hole_card Jack of Hearts
I, [2014-04-05T14:12:53.176629 #25009]  INFO -- : R3T received hole_card 3 of Diamonds
I, [2014-04-05T14:12:53.176989 #25009]  INFO -- : NoCo received hole_card 10 of Spades
I, [2014-04-05T14:12:53.177785 #25009]  INFO -- : R3T made a bet of 10 (raise) and is left with 2040 chips. The pot now contains 10 chips.
I, [2014-04-05T14:12:53.178890 #25009]  INFO -- : NoCo made a bet of 20 (raise) and is left with 930 chips. The pot now contains 30 chips.
I, [2014-04-05T14:12:53.185064 #25009]  INFO -- : Player R3T responded with 60 (200)
I, [2014-04-05T14:12:53.185701 #25009]  INFO -- : R3T made a bet of 60 (raise) and is left with 1980 chips. The pot now contains 90 chips.
I, [2014-04-05T14:12:53.192239 #25009]  INFO -- : Player NoCo responded with 0 (200)
I, [2014-04-05T14:12:53.192920 #25009]  INFO -- : NoCo made a bet of 0 (fold) and is left with 930 chips. The pot now contains 90 chips.
I, [2014-04-05T14:12:53.194089 #25009]  INFO -- : R3T won 90
I, [2014-04-05T14:12:53.199524 #25009]  INFO -- : Player R3T responded with  (200)
I, [2014-04-05T14:12:53.205224 #25009]  INFO -- : Player Mr Bazinga responded with OK (200)
I, [2014-04-05T14:12:53.208843 #25009]  INFO -- : Player NoCo responded with  (200)
I, [2014-04-05T14:12:53.209182 #25009]  INFO -- : NoCo received hole_card Jack of Diamonds
I, [2014-04-05T14:12:53.209341 #25009]  INFO -- : R3T received hole_card Ace of Spades
I, [2014-04-05T14:12:53.209520 #25009]  INFO -- : NoCo received hole_card King of Hearts
I, [2014-04-05T14:12:53.209696 #25009]  INFO -- : R3T received hole_card 10 of Spades
I, [2014-04-05T14:12:53.209962 #25009]  INFO -- : NoCo made a bet of 10 (raise) and is left with 920 chips. The pot now contains 10 chips.
I, [2014-04-05T14:12:53.210194 #25009]  INFO -- : R3T made a bet of 20 (raise) and is left with 2050 chips. The pot now contains 30 chips.
I, [2014-04-05T14:12:53.211843 #25009]  INFO -- : Player NoCo responded with 0 (200)
I, [2014-04-05T14:12:53.212036 #25009]  INFO -- : NoCo made a bet of 0 (fold) and is left with 920 chips. The pot now contains 30 chips.
I, [2014-04-05T14:12:53.214156 #25009]  INFO -- : Player R3T responded with 30 (200)
I, [2014-04-05T14:12:53.214335 #25009]  INFO -- : R3T made a bet of 30 (raise) and is left with 2020 chips. The pot now contains 60 chips.
I, [2014-04-05T14:12:53.214702 #25009]  INFO -- : R3T won 60
I, [2014-04-05T14:12:53.217257 #25009]  INFO -- : Player R3T responded with  (200)
I, [2014-04-05T14:12:53.218779 #25009]  INFO -- : Player Mr Bazinga responded with OK (200)
I, [2014-04-05T14:12:53.220853 #25009]  INFO -- : Player NoCo responded with  (200)
I, [2014-04-05T14:12:53.221728 #25009]  INFO -- : R3T received hole_card 9 of Clubs
I, [2014-04-05T14:12:53.222361 #25009]  INFO -- : NoCo received hole_card 6 of Hearts
I, [2014-04-05T14:12:53.222972 #25009]  INFO -- : R3T received hole_card 10 of Hearts
I, [2014-04-05T14:12:53.223585 #25009]  INFO -- : NoCo received hole_card Ace of Spades
I, [2014-04-05T14:12:53.224644 #25009]  INFO -- : R3T made a bet of 10 (raise) and is left with 2070 chips. The pot now contains 10 chips.
I, [2014-04-05T14:12:53.225443 #25009]  INFO -- : NoCo made a bet of 20 (raise) and is left with 900 chips. The pot now contains 30 chips.
I, [2014-04-05T14:12:53.230526 #25009]  INFO -- : Player R3T responded with 20 (200)
I, [2014-04-05T14:12:53.230991 #25009]  INFO -- : R3T made a bet of 20 (raise) and is left with 2050 chips. The pot now contains 50 chips.
I, [2014-04-05T14:12:53.234560 #25009]  INFO -- : Player NoCo responded with 0 (200)
I, [2014-04-05T14:12:53.235381 #25009]  INFO -- : NoCo made a bet of 0 (fold) and is left with 900 chips. The pot now contains 50 chips.
I, [2014-04-05T14:12:53.236379 #25009]  INFO -- : R3T won 50
I, [2014-04-05T14:12:53.242843 #25009]  INFO -- : Player R3T responded with  (200)
I, [2014-04-05T14:12:53.246979 #25009]  INFO -- : Player Mr Bazinga responded with OK (200)
I, [2014-04-05T14:12:53.251515 #25009]  INFO -- : Player NoCo responded with  (200)
I, [2014-04-05T14:12:53.252654 #25009]  INFO -- : NoCo received hole_card 4 of Clubs
I, [2014-04-05T14:12:53.253340 #25009]  INFO -- : R3T received hole_card King of Diamonds
I, [2014-04-05T14:12:53.253976 #25009]  INFO -- : NoCo received hole_card 7 of Clubs
I, [2014-04-05T14:12:53.254666 #25009]  INFO -- : R3T received hole_card King of Spades
I, [2014-04-05T14:12:53.255632 #25009]  INFO -- : NoCo made a bet of 10 (raise) and is left with 890 chips. The pot now contains 10 chips.
I, [2014-04-05T14:12:53.256551 #25009]  INFO -- : R3T made a bet of 20 (raise) and is left with 2080 chips. The pot now contains 30 chips.
I, [2014-04-05T14:12:53.261641 #25009]  INFO -- : Player NoCo responded with 0 (200)
I, [2014-04-05T14:12:53.262104 #25009]  INFO -- : NoCo made a bet of 0 (fold) and is left with 890 chips. The pot now contains 30 chips.
I, [2014-04-05T14:12:53.267628 #25009]  INFO -- : Player R3T responded with 60 (200)
I, [2014-04-05T14:12:53.268462 #25009]  INFO -- : R3T made a bet of 60 (raise) and is left with 2020 chips. The pot now contains 90 chips.
I, [2014-04-05T14:12:53.269765 #25009]  INFO -- : R3T won 90
I, [2014-04-05T14:12:53.273993 #25009]  INFO -- : Player R3T responded with  (200)
I, [2014-04-05T14:12:53.277986 #25009]  INFO -- : Player Mr Bazinga responded with OK (200)
I, [2014-04-05T14:12:53.282960 #25009]  INFO -- : Player NoCo responded with  (200)
I, [2014-04-05T14:12:53.283866 #25009]  INFO -- : R3T received hole_card 6 of Hearts
I, [2014-04-05T14:12:53.284705 #25009]  INFO -- : NoCo received hole_card 5 of Clubs
I, [2014-04-05T14:12:53.285306 #25009]  INFO -- : R3T received hole_card 9 of Spades
I, [2014-04-05T14:12:53.285843 #25009]  INFO -- : NoCo received hole_card 2 of Diamonds
I, [2014-04-05T14:12:53.286698 #25009]  INFO -- : R3T made a bet of 10 (raise) and is left with 2100 chips. The pot now contains 10 chips.
I, [2014-04-05T14:12:53.287529 #25009]  INFO -- : NoCo made a bet of 20 (raise) and is left with 870 chips. The pot now contains 30 chips.
I, [2014-04-05T14:12:53.294950 #25009]  INFO -- : Player R3T responded with 20 (200)
I, [2014-04-05T14:12:53.295303 #25009]  INFO -- : R3T made a bet of 20 (raise) and is left with 2080 chips. The pot now contains 50 chips.
I, [2014-04-05T14:12:53.299985 #25009]  INFO -- : Player NoCo responded with 0 (200)
I, [2014-04-05T14:12:53.300291 #25009]  INFO -- : NoCo made a bet of 0 (fold) and is left with 870 chips. The pot now contains 50 chips.
I, [2014-04-05T14:12:53.300672 #25009]  INFO -- : R3T won 50
I, [2014-04-05T14:12:53.305116 #25009]  INFO -- : Player R3T responded with  (200)
I, [2014-04-05T14:12:53.307015 #25009]  INFO -- : Player Mr Bazinga responded with OK (200)
I, [2014-04-05T14:12:53.308826 #25009]  INFO -- : Player NoCo responded with  (200)
I, [2014-04-05T14:12:53.309156 #25009]  INFO -- : NoCo received hole_card Queen of Diamonds
I, [2014-04-05T14:12:53.309324 #25009]  INFO -- : R3T received hole_card 8 of Hearts
I, [2014-04-05T14:12:53.309492 #25009]  INFO -- : NoCo received hole_card Jack of Hearts
I, [2014-04-05T14:12:53.309645 #25009]  INFO -- : R3T received hole_card Ace of Clubs
I, [2014-04-05T14:12:53.309923 #25009]  INFO -- : NoCo made a bet of 20 (raise) and is left with 850 chips. The pot now contains 20 chips.
I, [2014-04-05T14:12:53.310156 #25009]  INFO -- : R3T made a bet of 40 (raise) and is left with 2090 chips. The pot now contains 60 chips.
I, [2014-04-05T14:12:53.311977 #25009]  INFO -- : Player NoCo responded with 0 (200)
I, [2014-04-05T14:12:53.312304 #25009]  INFO -- : NoCo made a bet of 0 (fold) and is left with 850 chips. The pot now contains 60 chips.
I, [2014-04-05T14:12:53.315307 #25009]  INFO -- : Player R3T responded with 40 (200)
I, [2014-04-05T14:12:53.315556 #25009]  INFO -- : R3T made a bet of 40 (raise) and is left with 2050 chips. The pot now contains 100 chips.
I, [2014-04-05T14:12:53.315975 #25009]  INFO -- : R3T won 100
I, [2014-04-05T14:12:53.318551 #25009]  INFO -- : Player R3T responded with  (200)
I, [2014-04-05T14:12:53.320725 #25009]  INFO -- : Player Mr Bazinga responded with OK (200)
I, [2014-04-05T14:12:53.327318 #25009]  INFO -- : Player NoCo responded with  (200)
I, [2014-04-05T14:12:53.327834 #25009]  INFO -- : R3T received hole_card 10 of Spades
I, [2014-04-05T14:12:53.328189 #25009]  INFO -- : NoCo received hole_card 3 of Clubs
I, [2014-04-05T14:12:53.328377 #25009]  INFO -- : R3T received hole_card 10 of Diamonds
I, [2014-04-05T14:12:53.328575 #25009]  INFO -- : NoCo received hole_card 2 of Hearts
I, [2014-04-05T14:12:53.328870 #25009]  INFO -- : R3T made a bet of 20 (raise) and is left with 2130 chips. The pot now contains 20 chips.
I, [2014-04-05T14:12:53.329133 #25009]  INFO -- : NoCo made a bet of 40 (raise) and is left with 810 chips. The pot now contains 60 chips.
I, [2014-04-05T14:12:53.331301 #25009]  INFO -- : Player R3T responded with 120 (200)
I, [2014-04-05T14:12:53.331533 #25009]  INFO -- : R3T made a bet of 120 (raise) and is left with 2010 chips. The pot now contains 180 chips.
I, [2014-04-05T14:12:53.333214 #25009]  INFO -- : Player NoCo responded with 0 (200)
I, [2014-04-05T14:12:53.333396 #25009]  INFO -- : NoCo made a bet of 0 (fold) and is left with 810 chips. The pot now contains 180 chips.
I, [2014-04-05T14:12:53.333738 #25009]  INFO -- : R3T won 180
I, [2014-04-05T14:12:53.335789 #25009]  INFO -- : Player R3T responded with  (200)
I, [2014-04-05T14:12:53.338870 #25009]  INFO -- : Player Mr Bazinga responded with OK (200)
I, [2014-04-05T14:12:53.341204 #25009]  INFO -- : Player NoCo responded with  (200)
I, [2014-04-05T14:12:53.341636 #25009]  INFO -- : NoCo received hole_card 8 of Hearts
I, [2014-04-05T14:12:53.341915 #25009]  INFO -- : R3T received hole_card 2 of Hearts
I, [2014-04-05T14:12:53.342176 #25009]  INFO -- : NoCo received hole_card King of Spades
I, [2014-04-05T14:12:53.342408 #25009]  INFO -- : R3T received hole_card 9 of Clubs
I, [2014-04-05T14:12:53.342847 #25009]  INFO -- : NoCo made a bet of 20 (raise) and is left with 790 chips. The pot now contains 20 chips.
I, [2014-04-05T14:12:53.343188 #25009]  INFO -- : R3T made a bet of 40 (raise) and is left with 2150 chips. The pot now contains 60 chips.
I, [2014-04-05T14:12:53.345989 #25009]  INFO -- : Player NoCo responded with 0 (200)
I, [2014-04-05T14:12:53.346270 #25009]  INFO -- : NoCo made a bet of 0 (fold) and is left with 790 chips. The pot now contains 60 chips.
I, [2014-04-05T14:12:53.351043 #25009]  INFO -- : Player R3T responded with 40 (200)
I, [2014-04-05T14:12:53.351480 #25009]  INFO -- : R3T made a bet of 40 (raise) and is left with 2110 chips. The pot now contains 100 chips.
I, [2014-04-05T14:12:53.352349 #25009]  INFO -- : R3T won 100
I, [2014-04-05T14:12:53.356157 #25009]  INFO -- : Player R3T responded with  (200)
I, [2014-04-05T14:12:53.364785 #25009]  INFO -- : Player Mr Bazinga responded with OK (200)
I, [2014-04-05T14:12:53.368243 #25009]  INFO -- : Player NoCo responded with  (200)
I, [2014-04-05T14:12:53.369024 #25009]  INFO -- : R3T received hole_card 3 of Clubs
I, [2014-04-05T14:12:53.369612 #25009]  INFO -- : NoCo received hole_card 5 of Clubs
I, [2014-04-05T14:12:53.370356 #25009]  INFO -- : R3T received hole_card 9 of Clubs
I, [2014-04-05T14:12:53.370934 #25009]  INFO -- : NoCo received hole_card Queen of Diamonds
I, [2014-04-05T14:12:53.371873 #25009]  INFO -- : R3T made a bet of 20 (raise) and is left with 2190 chips. The pot now contains 20 chips.
I, [2014-04-05T14:12:53.372893 #25009]  INFO -- : NoCo made a bet of 40 (raise) and is left with 750 chips. The pot now contains 60 chips.
I, [2014-04-05T14:12:53.378957 #25009]  INFO -- : Player R3T responded with 60 (200)
I, [2014-04-05T14:12:53.379610 #25009]  INFO -- : R3T made a bet of 60 (raise) and is left with 2130 chips. The pot now contains 120 chips.
I, [2014-04-05T14:12:53.384411 #25009]  INFO -- : Player NoCo responded with 0 (200)
I, [2014-04-05T14:12:53.384737 #25009]  INFO -- : NoCo made a bet of 0 (fold) and is left with 750 chips. The pot now contains 120 chips.
I, [2014-04-05T14:12:53.385215 #25009]  INFO -- : R3T won 120
I, [2014-04-05T14:12:53.390156 #25009]  INFO -- : Player R3T responded with  (200)
I, [2014-04-05T14:12:53.392732 #25009]  INFO -- : Player Mr Bazinga responded with OK (200)
I, [2014-04-05T14:12:53.394311 #25009]  INFO -- : Player NoCo responded with  (200)
I, [2014-04-05T14:12:53.394612 #25009]  INFO -- : NoCo received hole_card 6 of Clubs
I, [2014-04-05T14:12:53.394790 #25009]  INFO -- : R3T received hole_card 4 of Clubs
I, [2014-04-05T14:12:53.394968 #25009]  INFO -- : NoCo received hole_card King of Clubs
I, [2014-04-05T14:12:53.395130 #25009]  INFO -- : R3T received hole_card 2 of Spades
I, [2014-04-05T14:12:53.395400 #25009]  INFO -- : NoCo made a bet of 20 (raise) and is left with 730 chips. The pot now contains 20 chips.
I, [2014-04-05T14:12:53.395659 #25009]  INFO -- : R3T made a bet of 40 (raise) and is left with 2210 chips. The pot now contains 60 chips.
I, [2014-04-05T14:12:53.398375 #25009]  INFO -- : Player NoCo responded with 0 (200)
I, [2014-04-05T14:12:53.398883 #25009]  INFO -- : NoCo made a bet of 0 (fold) and is left with 730 chips. The pot now contains 60 chips.
I, [2014-04-05T14:12:53.403806 #25009]  INFO -- : Player R3T responded with 40 (200)
I, [2014-04-05T14:12:53.404514 #25009]  INFO -- : R3T made a bet of 40 (raise) and is left with 2170 chips. The pot now contains 100 chips.
I, [2014-04-05T14:12:53.405894 #25009]  INFO -- : R3T won 100
I, [2014-04-05T14:12:53.412091 #25009]  INFO -- : Player R3T responded with  (200)
I, [2014-04-05T14:12:53.414916 #25009]  INFO -- : Player Mr Bazinga responded with OK (200)
I, [2014-04-05T14:12:53.418900 #25009]  INFO -- : Player NoCo responded with  (200)
I, [2014-04-05T14:12:53.419937 #25009]  INFO -- : R3T received hole_card 3 of Hearts
I, [2014-04-05T14:12:53.420615 #25009]  INFO -- : NoCo received hole_card 8 of Spades
I, [2014-04-05T14:12:53.421150 #25009]  INFO -- : R3T received hole_card 7 of Hearts
I, [2014-04-05T14:12:53.421882 #25009]  INFO -- : NoCo received hole_card 6 of Diamonds
I, [2014-04-05T14:12:53.422745 #25009]  INFO -- : R3T made a bet of 20 (raise) and is left with 2250 chips. The pot now contains 20 chips.
I, [2014-04-05T14:12:53.423557 #25009]  INFO -- : NoCo made a bet of 40 (raise) and is left with 690 chips. The pot now contains 60 chips.
I, [2014-04-05T14:12:53.429600 #25009]  INFO -- : Player R3T responded with 60 (200)
I, [2014-04-05T14:12:53.429840 #25009]  INFO -- : R3T made a bet of 60 (raise) and is left with 2190 chips. The pot now contains 120 chips.
I, [2014-04-05T14:12:53.433220 #25009]  INFO -- : Player NoCo responded with 0 (200)
I, [2014-04-05T14:12:53.433940 #25009]  INFO -- : NoCo made a bet of 0 (fold) and is left with 690 chips. The pot now contains 120 chips.
I, [2014-04-05T14:12:53.435231 #25009]  INFO -- : R3T won 120
I, [2014-04-05T14:12:53.440084 #25009]  INFO -- : Player R3T responded with  (200)
I, [2014-04-05T14:12:53.444184 #25009]  INFO -- : Player Mr Bazinga responded with OK (200)
I, [2014-04-05T14:12:53.448017 #25009]  INFO -- : Player NoCo responded with  (200)
I, [2014-04-05T14:12:53.448519 #25009]  INFO -- : NoCo received hole_card 3 of Hearts
I, [2014-04-05T14:12:53.449239 #25009]  INFO -- : R3T received hole_card 2 of Diamonds
I, [2014-04-05T14:12:53.449627 #25009]  INFO -- : NoCo received hole_card 2 of Spades
I, [2014-04-05T14:12:53.449965 #25009]  INFO -- : R3T received hole_card 10 of Clubs
I, [2014-04-05T14:12:53.450279 #25009]  INFO -- : NoCo made a bet of 20 (raise) and is left with 670 chips. The pot now contains 20 chips.
I, [2014-04-05T14:12:53.450509 #25009]  INFO -- : R3T made a bet of 40 (raise) and is left with 2270 chips. The pot now contains 60 chips.
I, [2014-04-05T14:12:53.452233 #25009]  INFO -- : Player NoCo responded with 0 (200)
I, [2014-04-05T14:12:53.452420 #25009]  INFO -- : NoCo made a bet of 0 (fold) and is left with 670 chips. The pot now contains 60 chips.
I, [2014-04-05T14:12:53.454619 #25009]  INFO -- : Player R3T responded with 40 (200)
I, [2014-04-05T14:12:53.454864 #25009]  INFO -- : R3T made a bet of 40 (raise) and is left with 2230 chips. The pot now contains 100 chips.
I, [2014-04-05T14:12:53.455214 #25009]  INFO -- : R3T won 100
I, [2014-04-05T14:12:53.457162 #25009]  INFO -- : Player R3T responded with  (200)
I, [2014-04-05T14:12:53.458861 #25009]  INFO -- : Player Mr Bazinga responded with OK (200)
I, [2014-04-05T14:12:53.460795 #25009]  INFO -- : Player NoCo responded with  (200)
I, [2014-04-05T14:12:53.461321 #25009]  INFO -- : R3T received hole_card 3 of Clubs
I, [2014-04-05T14:12:53.461606 #25009]  INFO -- : NoCo received hole_card 10 of Hearts
I, [2014-04-05T14:12:53.461923 #25009]  INFO -- : R3T received hole_card Queen of Diamonds
I, [2014-04-05T14:12:53.462258 #25009]  INFO -- : NoCo received hole_card King of Spades
I, [2014-04-05T14:12:53.462735 #25009]  INFO -- : R3T made a bet of 20 (raise) and is left with 2310 chips. The pot now contains 20 chips.
I, [2014-04-05T14:12:53.463224 #25009]  INFO -- : NoCo made a bet of 40 (raise) and is left with 630 chips. The pot now contains 60 chips.
I, [2014-04-05T14:12:53.467240 #25009]  INFO -- : Player R3T responded with 40 (200)
I, [2014-04-05T14:12:53.467575 #25009]  INFO -- : R3T made a bet of 40 (raise) and is left with 2270 chips. The pot now contains 100 chips.
I, [2014-04-05T14:12:53.470493 #25009]  INFO -- : Player NoCo responded with 0 (200)
I, [2014-04-05T14:12:53.470902 #25009]  INFO -- : NoCo made a bet of 0 (fold) and is left with 630 chips. The pot now contains 100 chips.
I, [2014-04-05T14:12:53.471611 #25009]  INFO -- : R3T won 100
I, [2014-04-05T14:12:53.476362 #25009]  INFO -- : Player R3T responded with  (200)
I, [2014-04-05T14:12:53.479300 #25009]  INFO -- : Player Mr Bazinga responded with OK (200)
I, [2014-04-05T14:12:53.484686 #25009]  INFO -- : Player NoCo responded with  (200)
I, [2014-04-05T14:12:53.485602 #25009]  INFO -- : NoCo received hole_card 2 of Clubs
I, [2014-04-05T14:12:53.486189 #25009]  INFO -- : R3T received hole_card 10 of Diamonds
I, [2014-04-05T14:12:53.486765 #25009]  INFO -- : NoCo received hole_card Queen of Spades
I, [2014-04-05T14:12:53.487317 #25009]  INFO -- : R3T received hole_card 10 of Clubs
I, [2014-04-05T14:12:53.488423 #25009]  INFO -- : NoCo made a bet of 20 (raise) and is left with 610 chips. The pot now contains 20 chips.
I, [2014-04-05T14:12:53.489285 #25009]  INFO -- : R3T made a bet of 40 (raise) and is left with 2330 chips. The pot now contains 60 chips.
I, [2014-04-05T14:12:53.492212 #25009]  INFO -- : Player NoCo responded with 0 (200)
I, [2014-04-05T14:12:53.492794 #25009]  INFO -- : NoCo made a bet of 0 (fold) and is left with 610 chips. The pot now contains 60 chips.
I, [2014-04-05T14:12:53.498875 #25009]  INFO -- : Player R3T responded with 120 (200)
I, [2014-04-05T14:12:53.499499 #25009]  INFO -- : R3T made a bet of 120 (raise) and is left with 2210 chips. The pot now contains 180 chips.
I, [2014-04-05T14:12:53.500795 #25009]  INFO -- : R3T won 180
I, [2014-04-05T14:12:53.506954 #25009]  INFO -- : Player R3T responded with  (200)
I, [2014-04-05T14:12:53.509455 #25009]  INFO -- : Player Mr Bazinga responded with OK (200)
I, [2014-04-05T14:12:53.514942 #25009]  INFO -- : Player NoCo responded with  (200)
I, [2014-04-05T14:12:53.515890 #25009]  INFO -- : R3T received hole_card 7 of Hearts
I, [2014-04-05T14:12:53.516475 #25009]  INFO -- : NoCo received hole_card 4 of Diamonds
I, [2014-04-05T14:12:53.517059 #25009]  INFO -- : R3T received hole_card 10 of Diamonds
I, [2014-04-05T14:12:53.517637 #25009]  INFO -- : NoCo received hole_card King of Hearts
I, [2014-04-05T14:12:53.518622 #25009]  INFO -- : R3T made a bet of 40 (raise) and is left with 2350 chips. The pot now contains 40 chips.
I, [2014-04-05T14:12:53.519461 #25009]  INFO -- : NoCo made a bet of 80 (raise) and is left with 530 chips. The pot now contains 120 chips.
I, [2014-04-05T14:12:53.524669 #25009]  INFO -- : Player R3T responded with 80 (200)
I, [2014-04-05T14:12:53.525245 #25009]  INFO -- : R3T made a bet of 80 (raise) and is left with 2270 chips. The pot now contains 200 chips.
I, [2014-04-05T14:12:53.530281 #25009]  INFO -- : Player NoCo responded with 0 (200)
I, [2014-04-05T14:12:53.530501 #25009]  INFO -- : NoCo made a bet of 0 (fold) and is left with 530 chips. The pot now contains 200 chips.
I, [2014-04-05T14:12:53.530858 #25009]  INFO -- : R3T won 200
I, [2014-04-05T14:12:53.536604 #25009]  INFO -- : Player R3T responded with  (200)
I, [2014-04-05T14:12:53.540316 #25009]  INFO -- : Player Mr Bazinga responded with OK (200)
I, [2014-04-05T14:12:53.545912 #25009]  INFO -- : Player NoCo responded with  (200)
I, [2014-04-05T14:12:53.546898 #25009]  INFO -- : NoCo received hole_card King of Clubs
I, [2014-04-05T14:12:53.547502 #25009]  INFO -- : R3T received hole_card Queen of Clubs
I, [2014-04-05T14:12:53.548123 #25009]  INFO -- : NoCo received hole_card 2 of Hearts
I, [2014-04-05T14:12:53.548651 #25009]  INFO -- : R3T received hole_card 9 of Clubs
I, [2014-04-05T14:12:53.549667 #25009]  INFO -- : NoCo made a bet of 40 (raise) and is left with 490 chips. The pot now contains 40 chips.
I, [2014-04-05T14:12:53.550473 #25009]  INFO -- : R3T made a bet of 80 (raise) and is left with 2390 chips. The pot now contains 120 chips.
I, [2014-04-05T14:12:53.555336 #25009]  INFO -- : Player NoCo responded with 0 (200)
I, [2014-04-05T14:12:53.555553 #25009]  INFO -- : NoCo made a bet of 0 (fold) and is left with 490 chips. The pot now contains 120 chips.
I, [2014-04-05T14:12:53.561065 #25009]  INFO -- : Player R3T responded with 120 (200)
I, [2014-04-05T14:12:53.561787 #25009]  INFO -- : R3T made a bet of 120 (raise) and is left with 2270 chips. The pot now contains 240 chips.
I, [2014-04-05T14:12:53.562939 #25009]  INFO -- : R3T won 240
I, [2014-04-05T14:12:53.567659 #25009]  INFO -- : Player R3T responded with  (200)
I, [2014-04-05T14:12:53.573113 #25009]  INFO -- : Player Mr Bazinga responded with OK (200)
I, [2014-04-05T14:12:53.576350 #25009]  INFO -- : Player NoCo responded with  (200)
I, [2014-04-05T14:12:53.577248 #25009]  INFO -- : R3T received hole_card 5 of Diamonds
I, [2014-04-05T14:12:53.577792 #25009]  INFO -- : NoCo received hole_card Jack of Clubs
I, [2014-04-05T14:12:53.578401 #25009]  INFO -- : R3T received hole_card 4 of Diamonds
I, [2014-04-05T14:12:53.578889 #25009]  INFO -- : NoCo received hole_card 7 of Clubs
I, [2014-04-05T14:12:53.579864 #25009]  INFO -- : R3T made a bet of 40 (raise) and is left with 2470 chips. The pot now contains 40 chips.
I, [2014-04-05T14:12:53.580843 #25009]  INFO -- : NoCo made a bet of 80 (raise) and is left with 410 chips. The pot now contains 120 chips.
I, [2014-04-05T14:12:53.587290 #25009]  INFO -- : Player R3T responded with 120 (200)
I, [2014-04-05T14:12:53.588032 #25009]  INFO -- : R3T made a bet of 120 (raise) and is left with 2350 chips. The pot now contains 240 chips.
I, [2014-04-05T14:12:53.593445 #25009]  INFO -- : Player NoCo responded with 0 (200)
I, [2014-04-05T14:12:53.594072 #25009]  INFO -- : NoCo made a bet of 0 (fold) and is left with 410 chips. The pot now contains 240 chips.
I, [2014-04-05T14:12:53.595301 #25009]  INFO -- : R3T won 240
I, [2014-04-05T14:12:53.599633 #25009]  INFO -- : Player R3T responded with  (200)
I, [2014-04-05T14:12:53.605888 #25009]  INFO -- : Player Mr Bazinga responded with OK (200)
I, [2014-04-05T14:12:53.610769 #25009]  INFO -- : Player NoCo responded with  (200)
I, [2014-04-05T14:12:53.611744 #25009]  INFO -- : NoCo received hole_card Jack of Hearts
I, [2014-04-05T14:12:53.612443 #25009]  INFO -- : R3T received hole_card Ace of Spades
I, [2014-04-05T14:12:53.612991 #25009]  INFO -- : NoCo received hole_card Jack of Clubs
I, [2014-04-05T14:12:53.613610 #25009]  INFO -- : R3T received hole_card King of Diamonds
I, [2014-04-05T14:12:53.614492 #25009]  INFO -- : NoCo made a bet of 40 (raise) and is left with 370 chips. The pot now contains 40 chips.
I, [2014-04-05T14:12:53.615240 #25009]  INFO -- : R3T made a bet of 80 (raise) and is left with 2510 chips. The pot now contains 120 chips.
I, [2014-04-05T14:12:53.620438 #25009]  INFO -- : Player NoCo responded with 0 (200)
I, [2014-04-05T14:12:53.621097 #25009]  INFO -- : NoCo made a bet of 0 (fold) and is left with 370 chips. The pot now contains 120 chips.
I, [2014-04-05T14:12:53.628298 #25009]  INFO -- : Player R3T responded with 80 (200)
I, [2014-04-05T14:12:53.630625 #25009]  INFO -- : R3T made a bet of 80 (raise) and is left with 2430 chips. The pot now contains 200 chips.
I, [2014-04-05T14:12:53.631457 #25009]  INFO -- : R3T won 200
I, [2014-04-05T14:12:53.635030 #25009]  INFO -- : Player R3T responded with  (200)
I, [2014-04-05T14:12:53.639604 #25009]  INFO -- : Player Mr Bazinga responded with OK (200)
I, [2014-04-05T14:12:53.642123 #25009]  INFO -- : Player NoCo responded with  (200)
I, [2014-04-05T14:12:53.642612 #25009]  INFO -- : R3T received hole_card 5 of Spades
I, [2014-04-05T14:12:53.642909 #25009]  INFO -- : NoCo received hole_card 2 of Clubs
I, [2014-04-05T14:12:53.643168 #25009]  INFO -- : R3T received hole_card Queen of Clubs
I, [2014-04-05T14:12:53.643467 #25009]  INFO -- : NoCo received hole_card King of Spades
I, [2014-04-05T14:12:53.643959 #25009]  INFO -- : R3T made a bet of 40 (raise) and is left with 2590 chips. The pot now contains 40 chips.
I, [2014-04-05T14:12:53.644400 #25009]  INFO -- : NoCo made a bet of 80 (raise) and is left with 290 chips. The pot now contains 120 chips.
I, [2014-04-05T14:12:53.647154 #25009]  INFO -- : Player R3T responded with 80 (200)
I, [2014-04-05T14:12:53.647393 #25009]  INFO -- : R3T made a bet of 80 (raise) and is left with 2510 chips. The pot now contains 200 chips.
I, [2014-04-05T14:12:53.649223 #25009]  INFO -- : Player NoCo responded with 0 (200)
I, [2014-04-05T14:12:53.649431 #25009]  INFO -- : NoCo made a bet of 0 (fold) and is left with 290 chips. The pot now contains 200 chips.
I, [2014-04-05T14:12:53.649822 #25009]  INFO -- : R3T won 200
I, [2014-04-05T14:12:53.652116 #25009]  INFO -- : Player R3T responded with  (200)
I, [2014-04-05T14:12:53.654031 #25009]  INFO -- : Player Mr Bazinga responded with OK (200)
I, [2014-04-05T14:12:53.655633 #25009]  INFO -- : Player NoCo responded with  (200)
I, [2014-04-05T14:12:53.655905 #25009]  INFO -- : NoCo received hole_card 8 of Spades
I, [2014-04-05T14:12:53.656125 #25009]  INFO -- : R3T received hole_card Jack of Diamonds
I, [2014-04-05T14:12:53.656284 #25009]  INFO -- : NoCo received hole_card Ace of Diamonds
I, [2014-04-05T14:12:53.656450 #25009]  INFO -- : R3T received hole_card 10 of Hearts
I, [2014-04-05T14:12:53.656791 #25009]  INFO -- : NoCo made a bet of 40 (raise) and is left with 250 chips. The pot now contains 40 chips.
I, [2014-04-05T14:12:53.657074 #25009]  INFO -- : R3T made a bet of 80 (raise) and is left with 2630 chips. The pot now contains 120 chips.
I, [2014-04-05T14:12:53.659200 #25009]  INFO -- : Player NoCo responded with 0 (200)
I, [2014-04-05T14:12:53.659474 #25009]  INFO -- : NoCo made a bet of 0 (fold) and is left with 250 chips. The pot now contains 120 chips.
I, [2014-04-05T14:12:53.662844 #25009]  INFO -- : Player R3T responded with 80 (200)
I, [2014-04-05T14:12:53.663373 #25009]  INFO -- : R3T made a bet of 80 (raise) and is left with 2550 chips. The pot now contains 200 chips.
I, [2014-04-05T14:12:53.664512 #25009]  INFO -- : R3T won 200
I, [2014-04-05T14:12:53.668912 #25009]  INFO -- : Player R3T responded with  (200)
I, [2014-04-05T14:12:53.671909 #25009]  INFO -- : Player Mr Bazinga responded with OK (200)
I, [2014-04-05T14:12:53.675387 #25009]  INFO -- : Player NoCo responded with  (200)
I, [2014-04-05T14:12:53.675696 #25009]  INFO -- : R3T received hole_card 7 of Clubs
I, [2014-04-05T14:12:53.675872 #25009]  INFO -- : NoCo received hole_card 5 of Clubs
I, [2014-04-05T14:12:53.676071 #25009]  INFO -- : R3T received hole_card King of Diamonds
I, [2014-04-05T14:12:53.676491 #25009]  INFO -- : NoCo received hole_card 10 of Diamonds
I, [2014-04-05T14:12:53.677120 #25009]  INFO -- : R3T made a bet of 40 (raise) and is left with 2710 chips. The pot now contains 40 chips.
I, [2014-04-05T14:12:53.677681 #25009]  INFO -- : NoCo made a bet of 80 (raise) and is left with 170 chips. The pot now contains 120 chips.
I, [2014-04-05T14:12:53.683334 #25009]  INFO -- : Player R3T responded with 80 (200)
I, [2014-04-05T14:12:53.684013 #25009]  INFO -- : R3T made a bet of 80 (raise) and is left with 2630 chips. The pot now contains 200 chips.
I, [2014-04-05T14:12:53.688755 #25009]  INFO -- : Player NoCo responded with 0 (200)
I, [2014-04-05T14:12:53.689078 #25009]  INFO -- : NoCo made a bet of 0 (fold) and is left with 170 chips. The pot now contains 200 chips.
I, [2014-04-05T14:12:53.689559 #25009]  INFO -- : R3T won 200
I, [2014-04-05T14:12:53.693652 #25009]  INFO -- : Player R3T responded with  (200)
I, [2014-04-05T14:12:53.698456 #25009]  INFO -- : Player Mr Bazinga responded with OK (200)
I, [2014-04-05T14:12:53.703693 #25009]  INFO -- : Player NoCo responded with  (200)
I, [2014-04-05T14:12:53.704717 #25009]  INFO -- : NoCo received hole_card 7 of Diamonds
I, [2014-04-05T14:12:53.705363 #25009]  INFO -- : R3T received hole_card 9 of Hearts
I, [2014-04-05T14:12:53.706015 #25009]  INFO -- : NoCo received hole_card 8 of Hearts
I, [2014-04-05T14:12:53.706676 #25009]  INFO -- : R3T received hole_card 3 of Spades
I, [2014-04-05T14:12:53.707707 #25009]  INFO -- : NoCo made a bet of 40 (raise) and is left with 130 chips. The pot now contains 40 chips.
I, [2014-04-05T14:12:53.708636 #25009]  INFO -- : R3T made a bet of 80 (raise) and is left with 2750 chips. The pot now contains 120 chips.
I, [2014-04-05T14:12:53.714107 #25009]  INFO -- : Player NoCo responded with 0 (200)
I, [2014-04-05T14:12:53.717612 #25009]  INFO -- : NoCo made a bet of 0 (fold) and is left with 130 chips. The pot now contains 120 chips.
I, [2014-04-05T14:12:53.722180 #25009]  INFO -- : Player R3T responded with 80 (200)
I, [2014-04-05T14:12:53.722766 #25009]  INFO -- : R3T made a bet of 80 (raise) and is left with 2670 chips. The pot now contains 200 chips.
I, [2014-04-05T14:12:53.724165 #25009]  INFO -- : R3T won 200
I, [2014-04-05T14:12:53.727851 #25009]  INFO -- : Player R3T responded with  (200)
I, [2014-04-05T14:12:53.729666 #25009]  INFO -- : Player Mr Bazinga responded with OK (200)
I, [2014-04-05T14:12:53.731398 #25009]  INFO -- : Player NoCo responded with  (200)
I, [2014-04-05T14:12:53.731709 #25009]  INFO -- : R3T received hole_card King of Hearts
I, [2014-04-05T14:12:53.731865 #25009]  INFO -- : NoCo received hole_card Queen of Spades
I, [2014-04-05T14:12:53.732066 #25009]  INFO -- : R3T received hole_card Queen of Hearts
I, [2014-04-05T14:12:53.732377 #25009]  INFO -- : NoCo received hole_card 10 of Diamonds
I, [2014-04-05T14:12:53.732652 #25009]  INFO -- : R3T made a bet of 40 (raise) and is left with 2830 chips. The pot now contains 40 chips.
I, [2014-04-05T14:12:53.732896 #25009]  INFO -- : NoCo made a bet of 80 (raise) and is left with 50 chips. The pot now contains 120 chips.
I, [2014-04-05T14:12:53.735074 #25009]  INFO -- : Player R3T responded with 120 (200)
I, [2014-04-05T14:12:53.735341 #25009]  INFO -- : R3T made a bet of 120 (raise) and is left with 2710 chips. The pot now contains 240 chips.
I, [2014-04-05T14:12:53.737070 #25009]  INFO -- : Player NoCo responded with 0 (200)
I, [2014-04-05T14:12:53.737278 #25009]  INFO -- : NoCo made a bet of 0 (fold) and is left with 50 chips. The pot now contains 240 chips.
I, [2014-04-05T14:12:53.737625 #25009]  INFO -- : R3T won 240
I, [2014-04-05T14:12:53.739776 #25009]  INFO -- : Player R3T responded with  (200)
I, [2014-04-05T14:12:53.742393 #25009]  INFO -- : Player Mr Bazinga responded with OK (200)
I, [2014-04-05T14:12:53.744456 #25009]  INFO -- : Player NoCo responded with  (200)
I, [2014-04-05T14:12:53.744775 #25009]  INFO -- : NoCo received hole_card 7 of Clubs
I, [2014-04-05T14:12:53.744936 #25009]  INFO -- : R3T received hole_card 9 of Clubs
I, [2014-04-05T14:12:53.745111 #25009]  INFO -- : NoCo received hole_card 6 of Clubs
I, [2014-04-05T14:12:53.745278 #25009]  INFO -- : R3T received hole_card 8 of Clubs
I, [2014-04-05T14:12:53.745560 #25009]  INFO -- : NoCo made a bet of 50 (allin) and is left with 0 chips. The pot now contains 50 chips.
I, [2014-04-05T14:12:53.745796 #25009]  INFO -- : R3T made a bet of 160 (raise) and is left with 2790 chips. The pot now contains 210 chips.
I, [2014-04-05T14:12:53.748348 #25009]  INFO -- : Player R3T responded with 330 (200)
I, [2014-04-05T14:12:53.748875 #25009]  INFO -- : R3T made a bet of 330 (raise) and is left with 2460 chips. The pot now contains 540 chips.
I, [2014-04-05T14:12:53.749284 #25009]  INFO -- : community card Jack of Clubs
I, [2014-04-05T14:12:53.749524 #25009]  INFO -- : community card 9 of Spades
I, [2014-04-05T14:12:53.749753 #25009]  INFO -- : community card King of Hearts
I, [2014-04-05T14:12:53.749959 #25009]  INFO -- : community card Queen of Diamonds
I, [2014-04-05T14:12:53.750240 #25009]  INFO -- : community card 3 of Clubs
I, [2014-04-05T14:12:53.751008 #25009]  INFO -- : R3T showed 9 of Clubs,9 of Spades,Jack of Clubs,Queen of Diamonds,King of Hearts making a pair
I, [2014-04-05T14:12:53.751692 #25009]  INFO -- : R3T won 540
I, [2014-04-05T14:12:53.755550 #25009]  INFO -- : Player R3T responded with  (200)
I, [2014-04-05T14:12:53.757173 #25009]  INFO -- : Player Mr Bazinga responded with OK (200)
I, [2014-04-05T14:12:53.758943 #25009]  INFO -- : Player NoCo responded with  (200)
