# Logfile created on 2014-04-05 13:58:23 +0200 by logger.rb/44203
I, [2014-04-05T13:58:23.597169 #20470]  INFO -- : Reseting R3T to origin/master
I, [2014-04-05T13:58:25.539953 #20470]  INFO -- : Reseting Mr Bazinga to origin/master
I, [2014-04-05T13:58:26.643214 #20470]  INFO -- : Reseting NoCo to origin/master
I, [2014-04-05T13:58:27.701777 #20470]  INFO -- : Connected R3T at http://localhost:8080/
I, [2014-04-05T13:58:27.706211 #20470]  INFO -- : Connected Mr Bazinga at http://localhost:1337/
I, [2014-04-05T13:58:27.709464 #20470]  INFO -- : Connected NoCo at http://localhost:8000/player_service.php
E, [2014-04-05T13:58:27.711499 #20470] ERROR -- : Connection refused - connect(2) for "localhost" port 8080
E, [2014-04-05T13:58:27.711824 #20470] ERROR -- : Player R3T is unreachable
I, [2014-04-05T13:58:27.712033 #20470]  INFO -- : Waiting for players to start
E, [2014-04-05T13:58:28.712771 #20470] ERROR -- : Connection refused - connect(2) for "localhost" port 8080
E, [2014-04-05T13:58:28.712916 #20470] ERROR -- : Player R3T is unreachable
I, [2014-04-05T13:58:28.713013 #20470]  INFO -- : Waiting for players to start
E, [2014-04-05T13:58:29.713606 #20470] ERROR -- : Connection refused - connect(2) for "localhost" port 8080
E, [2014-04-05T13:58:29.713774 #20470] ERROR -- : Player R3T is unreachable
I, [2014-04-05T13:58:29.713880 #20470]  INFO -- : Waiting for players to start
E, [2014-04-05T13:58:30.720216 #20470] ERROR -- : Connection refused - connect(2) for "localhost" port 8080
E, [2014-04-05T13:58:30.720949 #20470] ERROR -- : Player R3T is unreachable
I, [2014-04-05T13:58:30.721054 #20470]  INFO -- : Waiting for players to start
E, [2014-04-05T13:58:31.736791 #20470] ERROR -- : Connection refused - connect(2) for "localhost" port 8080
E, [2014-04-05T13:58:31.736974 #20470] ERROR -- : Player R3T is unreachable
I, [2014-04-05T13:58:31.737068 #20470]  INFO -- : Waiting for players to start
E, [2014-04-05T13:58:32.737746 #20470] ERROR -- : Connection refused - connect(2) for "localhost" port 8080
E, [2014-04-05T13:58:32.737896 #20470] ERROR -- : Player R3T is unreachable
I, [2014-04-05T13:58:32.737983 #20470]  INFO -- : Waiting for players to start
E, [2014-04-05T13:58:33.744336 #20470] ERROR -- : Connection refused - connect(2) for "localhost" port 8080
E, [2014-04-05T13:58:33.744530 #20470] ERROR -- : Player R3T is unreachable
I, [2014-04-05T13:58:33.744626 #20470]  INFO -- : Waiting for players to start
E, [2014-04-05T13:58:34.748219 #20470] ERROR -- : Connection refused - connect(2) for "localhost" port 8080
E, [2014-04-05T13:58:34.748392 #20470] ERROR -- : Player R3T is unreachable
I, [2014-04-05T13:58:34.748481 #20470]  INFO -- : Waiting for players to start
E, [2014-04-05T13:58:35.749061 #20470] ERROR -- : Connection refused - connect(2) for "localhost" port 8080
E, [2014-04-05T13:58:35.749194 #20470] ERROR -- : Player R3T is unreachable
I, [2014-04-05T13:58:35.749272 #20470]  INFO -- : Waiting for players to start
E, [2014-04-05T13:58:36.756138 #20470] ERROR -- : Connection refused - connect(2) for "localhost" port 8080
E, [2014-04-05T13:58:36.756311 #20470] ERROR -- : Player R3T is unreachable
I, [2014-04-05T13:58:36.756403 #20470]  INFO -- : Waiting for players to start
E, [2014-04-05T13:58:37.756990 #20470] ERROR -- : Connection refused - connect(2) for "localhost" port 8080
E, [2014-04-05T13:58:37.757206 #20470] ERROR -- : Player R3T is unreachable
I, [2014-04-05T13:58:37.757349 #20470]  INFO -- : Waiting for players to start
E, [2014-04-05T13:58:38.757951 #20470] ERROR -- : Connection refused - connect(2) for "localhost" port 8080
E, [2014-04-05T13:58:38.758100 #20470] ERROR -- : Player R3T is unreachable
I, [2014-04-05T13:58:38.758192 #20470]  INFO -- : Waiting for players to start
E, [2014-04-05T13:58:39.760127 #20470] ERROR -- : Connection refused - connect(2) for "localhost" port 8080
E, [2014-04-05T13:58:39.760367 #20470] ERROR -- : Player R3T is unreachable
I, [2014-04-05T13:58:39.760763 #20470]  INFO -- : Waiting for players to start
E, [2014-04-05T13:58:40.761465 #20470] ERROR -- : Connection refused - connect(2) for "localhost" port 8080
E, [2014-04-05T13:58:40.761613 #20470] ERROR -- : Player R3T is unreachable
I, [2014-04-05T13:58:40.761683 #20470]  INFO -- : Waiting for players to start
E, [2014-04-05T13:58:41.762214 #20470] ERROR -- : Connection refused - connect(2) for "localhost" port 8080
E, [2014-04-05T13:58:41.762382 #20470] ERROR -- : Player R3T is unreachable
I, [2014-04-05T13:58:41.762432 #20470]  INFO -- : Waiting for players to start
E, [2014-04-05T13:58:43.265759 #20470] ERROR -- : Net::ReadTimeout
E, [2014-04-05T13:58:43.265898 #20470] ERROR -- : Player R3T is unreachable
I, [2014-04-05T13:58:43.265995 #20470]  INFO -- : Waiting for players to start
I, [2014-04-05T13:58:44.272478 #20470]  INFO -- : Player R3T responded with  (200)
I, [2014-04-05T13:58:44.297083 #20470]  INFO -- : Player Mr Bazinga responded with OK (200)
I, [2014-04-05T13:58:44.299161 #20470]  INFO -- : Player NoCo responded with  (200)
I, [2014-04-05T13:58:44.299401 #20470]  INFO -- : Players are running
I, [2014-04-05T13:58:44.317859 #20470]  INFO -- : Player R3T responded with v0.2 always in (200)
I, [2014-04-05T13:58:44.326198 #20470]  INFO -- : Player Mr Bazinga responded with Mr Bazinga PreFlop Version (200)
I, [2014-04-05T13:58:44.330159 #20470]  INFO -- : Player NoCo responded with NoCo1356 (200)
I, [2014-04-05T13:58:44.330448 #20470]  INFO -- : R3T received hole_card Jack of Hearts
I, [2014-04-05T13:58:44.330807 #20470]  INFO -- : Mr Bazinga received hole_card King of Hearts
I, [2014-04-05T13:58:44.331149 #20470]  INFO -- : NoCo received hole_card 5 of Hearts
I, [2014-04-05T13:58:44.331398 #20470]  INFO -- : R3T received hole_card 3 of Clubs
I, [2014-04-05T13:58:44.331610 #20470]  INFO -- : Mr Bazinga received hole_card 5 of Clubs
I, [2014-04-05T13:58:44.331825 #20470]  INFO -- : NoCo received hole_card Ace of Diamonds
I, [2014-04-05T13:58:44.334806 #20470]  INFO -- : R3T made a bet of 10 (raise) and is left with 990 chips. The pot now contains 10 chips.
I, [2014-04-05T13:58:44.335772 #20470]  INFO -- : Mr Bazinga made a bet of 20 (raise) and is left with 980 chips. The pot now contains 30 chips.
I, [2014-04-05T13:58:44.341478 #20470]  INFO -- : Player NoCo responded with 0 (200)
I, [2014-04-05T13:58:44.342172 #20470]  INFO -- : NoCo made a bet of 0 (fold) and is left with 1000 chips. The pot now contains 30 chips.
I, [2014-04-05T13:58:44.400867 #20470]  INFO -- : Player R3T responded with 20 (200)
I, [2014-04-05T13:58:44.401431 #20470]  INFO -- : R3T made a bet of 20 (raise) and is left with 970 chips. The pot now contains 50 chips.
I, [2014-04-05T13:58:44.409819 #20470]  INFO -- : Player Mr Bazinga responded with 0 (200)
I, [2014-04-05T13:58:44.410114 #20470]  INFO -- : Mr Bazinga made a bet of 0 (fold) and is left with 980 chips. The pot now contains 50 chips.
I, [2014-04-05T13:58:44.410866 #20470]  INFO -- : R3T won 50
I, [2014-04-05T13:58:44.419652 #20470]  INFO -- : Player R3T responded with  (200)
I, [2014-04-05T13:58:44.425927 #20470]  INFO -- : Player Mr Bazinga responded with OK (200)
I, [2014-04-05T13:58:44.431087 #20470]  INFO -- : Player NoCo responded with  (200)
I, [2014-04-05T13:58:44.431561 #20470]  INFO -- : Mr Bazinga received hole_card 5 of Clubs
I, [2014-04-05T13:58:44.431865 #20470]  INFO -- : NoCo received hole_card 8 of Clubs
I, [2014-04-05T13:58:44.432114 #20470]  INFO -- : R3T received hole_card King of Clubs
I, [2014-04-05T13:58:44.432375 #20470]  INFO -- : Mr Bazinga received hole_card Queen of Diamonds
I, [2014-04-05T13:58:44.432602 #20470]  INFO -- : NoCo received hole_card 2 of Spades
I, [2014-04-05T13:58:44.432830 #20470]  INFO -- : R3T received hole_card 8 of Diamonds
I, [2014-04-05T13:58:44.433528 #20470]  INFO -- : Mr Bazinga made a bet of 10 (raise) and is left with 970 chips. The pot now contains 10 chips.
I, [2014-04-05T13:58:44.433868 #20470]  INFO -- : NoCo made a bet of 20 (raise) and is left with 980 chips. The pot now contains 30 chips.
I, [2014-04-05T13:58:44.439153 #20470]  INFO -- : Player R3T responded with 20 (200)
I, [2014-04-05T13:58:44.439702 #20470]  INFO -- : R3T made a bet of 20 (call) and is left with 1000 chips. The pot now contains 50 chips.
I, [2014-04-05T13:58:44.442576 #20470]  INFO -- : Player Mr Bazinga responded with 0 (200)
I, [2014-04-05T13:58:44.442817 #20470]  INFO -- : Mr Bazinga made a bet of 0 (fold) and is left with 970 chips. The pot now contains 50 chips.
I, [2014-04-05T13:58:44.444502 #20470]  INFO -- : Player NoCo responded with 0 (200)
I, [2014-04-05T13:58:44.444684 #20470]  INFO -- : NoCo made a bet of 0 (check) and is left with 980 chips. The pot now contains 50 chips.
I, [2014-04-05T13:58:44.444902 #20470]  INFO -- : community card 2 of Hearts
I, [2014-04-05T13:58:44.445081 #20470]  INFO -- : community card 10 of Clubs
I, [2014-04-05T13:58:44.445261 #20470]  INFO -- : community card Ace of Hearts
I, [2014-04-05T13:58:44.447116 #20470]  INFO -- : Player NoCo responded with 0 (200)
I, [2014-04-05T13:58:44.447738 #20470]  INFO -- : NoCo made a bet of 0 (check) and is left with 980 chips. The pot now contains 50 chips.
I, [2014-04-05T13:58:44.473917 #20470]  INFO -- : Player R3T responded with 20 (200)
I, [2014-04-05T13:58:44.474508 #20470]  INFO -- : R3T made a bet of 20 (raise) and is left with 980 chips. The pot now contains 70 chips.
I, [2014-04-05T13:58:44.478470 #20470]  INFO -- : Player NoCo responded with 0 (200)
I, [2014-04-05T13:58:44.478700 #20470]  INFO -- : NoCo made a bet of 0 (fold) and is left with 980 chips. The pot now contains 70 chips.
I, [2014-04-05T13:58:44.479123 #20470]  INFO -- : R3T won 70
I, [2014-04-05T13:58:44.482842 #20470]  INFO -- : Player R3T responded with  (200)
I, [2014-04-05T13:58:44.492472 #20470]  INFO -- : Player Mr Bazinga responded with OK (200)
I, [2014-04-05T13:58:44.496782 #20470]  INFO -- : Player NoCo responded with  (200)
I, [2014-04-05T13:58:44.497486 #20470]  INFO -- : NoCo received hole_card Queen of Diamonds
I, [2014-04-05T13:58:44.497988 #20470]  INFO -- : R3T received hole_card 8 of Spades
I, [2014-04-05T13:58:44.498511 #20470]  INFO -- : Mr Bazinga received hole_card King of Diamonds
I, [2014-04-05T13:58:44.499036 #20470]  INFO -- : NoCo received hole_card Ace of Diamonds
I, [2014-04-05T13:58:44.499525 #20470]  INFO -- : R3T received hole_card King of Clubs
I, [2014-04-05T13:58:44.500112 #20470]  INFO -- : Mr Bazinga received hole_card 7 of Diamonds
I, [2014-04-05T13:58:44.500999 #20470]  INFO -- : NoCo made a bet of 10 (raise) and is left with 970 chips. The pot now contains 10 chips.
I, [2014-04-05T13:58:44.501654 #20470]  INFO -- : R3T made a bet of 20 (raise) and is left with 1030 chips. The pot now contains 30 chips.
I, [2014-04-05T13:58:44.504962 #20470]  INFO -- : Player Mr Bazinga responded with 80 (200)
I, [2014-04-05T13:58:44.505521 #20470]  INFO -- : Mr Bazinga made a bet of 80 (raise) and is left with 890 chips. The pot now contains 110 chips.
I, [2014-04-05T13:58:44.508601 #20470]  INFO -- : Player NoCo responded with 0 (200)
I, [2014-04-05T13:58:44.508918 #20470]  INFO -- : NoCo made a bet of 0 (fold) and is left with 970 chips. The pot now contains 110 chips.
I, [2014-04-05T13:58:44.515771 #20470]  INFO -- : Player R3T responded with 80 (200)
I, [2014-04-05T13:58:44.516395 #20470]  INFO -- : R3T made a bet of 60 (call) and is left with 970 chips. The pot now contains 170 chips.
I, [2014-04-05T13:58:44.517188 #20470]  INFO -- : community card 4 of Diamonds
I, [2014-04-05T13:58:44.517903 #20470]  INFO -- : community card Ace of Clubs
I, [2014-04-05T13:58:44.518673 #20470]  INFO -- : community card Queen of Spades
I, [2014-04-05T13:58:44.536008 #20470]  INFO -- : Player R3T responded with 80 (200)
I, [2014-04-05T13:58:44.536295 #20470]  INFO -- : R3T made a bet of 80 (raise) and is left with 890 chips. The pot now contains 250 chips.
I, [2014-04-05T13:58:44.538548 #20470]  INFO -- : Player Mr Bazinga responded with 210 (200)
I, [2014-04-05T13:58:44.538756 #20470]  INFO -- : Mr Bazinga made a bet of 210 (raise) and is left with 680 chips. The pot now contains 460 chips.
I, [2014-04-05T13:58:44.548604 #20470]  INFO -- : Player R3T responded with 290 (200)
I, [2014-04-05T13:58:44.548869 #20470]  INFO -- : R3T made a bet of 290 (raise) and is left with 600 chips. The pot now contains 750 chips.
I, [2014-04-05T13:58:44.550927 #20470]  INFO -- : Player Mr Bazinga responded with 370 (200)
I, [2014-04-05T13:58:44.551182 #20470]  INFO -- : Mr Bazinga made a bet of 370 (raise) and is left with 310 chips. The pot now contains 1120 chips.
I, [2014-04-05T13:58:44.563158 #20470]  INFO -- : Player R3T responded with 660 (200)
I, [2014-04-05T13:58:44.563724 #20470]  INFO -- : R3T made a bet of 600 (allin) and is left with 0 chips. The pot now contains 1720 chips.
I, [2014-04-05T13:58:44.566914 #20470]  INFO -- : Player Mr Bazinga responded with 830 (200)
I, [2014-04-05T13:58:44.567346 #20470]  INFO -- : Mr Bazinga made a bet of 310 (allin) and is left with 0 chips. The pot now contains 2030 chips.
I, [2014-04-05T13:58:44.567809 #20470]  INFO -- : community card 4 of Clubs
I, [2014-04-05T13:58:44.568234 #20470]  INFO -- : community card Jack of Hearts
I, [2014-04-05T13:58:44.569342 #20470]  INFO -- : R3T showed 4 of Clubs,4 of Diamonds,Queen of Spades,King of Clubs,Ace of Clubs making a pair
I, [2014-04-05T13:58:44.570212 #20470]  INFO -- : Mr Bazinga showed 4 of Clubs,4 of Diamonds,Queen of Spades,King of Diamonds,Ace of Clubs making a pair
I, [2014-04-05T13:58:44.570633 #20470]  INFO -- : R3T won 975
I, [2014-04-05T13:58:44.571013 #20470]  INFO -- : Mr Bazinga won 975
I, [2014-04-05T13:58:44.571691 #20470]  INFO -- : R3T won 80
I, [2014-04-05T13:58:44.575813 #20470]  INFO -- : Player R3T responded with  (200)
I, [2014-04-05T13:58:44.578276 #20470]  INFO -- : Player Mr Bazinga responded with OK (200)
I, [2014-04-05T13:58:44.581386 #20470]  INFO -- : Player NoCo responded with  (200)
I, [2014-04-05T13:58:44.581683 #20470]  INFO -- : R3T received hole_card 2 of Diamonds
I, [2014-04-05T13:58:44.581850 #20470]  INFO -- : Mr Bazinga received hole_card 6 of Clubs
I, [2014-04-05T13:58:44.581992 #20470]  INFO -- : NoCo received hole_card 8 of Clubs
I, [2014-04-05T13:58:44.582163 #20470]  INFO -- : R3T received hole_card 4 of Spades
I, [2014-04-05T13:58:44.582417 #20470]  INFO -- : Mr Bazinga received hole_card King of Clubs
I, [2014-04-05T13:58:44.582699 #20470]  INFO -- : NoCo received hole_card 6 of Spades
I, [2014-04-05T13:58:44.583141 #20470]  INFO -- : R3T made a bet of 10 (raise) and is left with 1045 chips. The pot now contains 10 chips.
I, [2014-04-05T13:58:44.583534 #20470]  INFO -- : Mr Bazinga made a bet of 20 (raise) and is left with 955 chips. The pot now contains 30 chips.
I, [2014-04-05T13:58:44.585991 #20470]  INFO -- : Player NoCo responded with 0 (200)
I, [2014-04-05T13:58:44.586363 #20470]  INFO -- : NoCo made a bet of 0 (fold) and is left with 970 chips. The pot now contains 30 chips.
I, [2014-04-05T13:58:44.590553 #20470]  INFO -- : Player R3T responded with 20 (200)
I, [2014-04-05T13:58:44.590819 #20470]  INFO -- : R3T made a bet of 20 (raise) and is left with 1025 chips. The pot now contains 50 chips.
I, [2014-04-05T13:58:44.593701 #20470]  INFO -- : Player Mr Bazinga responded with 70 (200)
I, [2014-04-05T13:58:44.594062 #20470]  INFO -- : Mr Bazinga made a bet of 70 (raise) and is left with 885 chips. The pot now contains 120 chips.
I, [2014-04-05T13:58:44.597832 #20470]  INFO -- : Player R3T responded with 90 (200)
I, [2014-04-05T13:58:44.598190 #20470]  INFO -- : R3T made a bet of 60 (call) and is left with 965 chips. The pot now contains 180 chips.
I, [2014-04-05T13:58:44.598522 #20470]  INFO -- : community card Queen of Hearts
I, [2014-04-05T13:58:44.598830 #20470]  INFO -- : community card 2 of Spades
I, [2014-04-05T13:58:44.599163 #20470]  INFO -- : community card King of Spades
I, [2014-04-05T13:58:44.608935 #20470]  INFO -- : Player R3T responded with 90 (200)
I, [2014-04-05T13:58:44.609547 #20470]  INFO -- : R3T made a bet of 90 (raise) and is left with 875 chips. The pot now contains 270 chips.
I, [2014-04-05T13:58:44.614467 #20470]  INFO -- : Player Mr Bazinga responded with 230 (200)
I, [2014-04-05T13:58:44.614725 #20470]  INFO -- : Mr Bazinga made a bet of 230 (raise) and is left with 655 chips. The pot now contains 500 chips.
I, [2014-04-05T13:58:44.622113 #20470]  INFO -- : Player R3T responded with 320 (200)
I, [2014-04-05T13:58:44.622372 #20470]  INFO -- : R3T made a bet of 320 (raise) and is left with 555 chips. The pot now contains 820 chips.
I, [2014-04-05T13:58:44.623846 #20470]  INFO -- : Player Mr Bazinga responded with 410 (200)
I, [2014-04-05T13:58:44.624080 #20470]  INFO -- : Mr Bazinga made a bet of 410 (raise) and is left with 245 chips. The pot now contains 1230 chips.
I, [2014-04-05T13:58:44.635809 #20470]  INFO -- : Player R3T responded with 730 (200)
I, [2014-04-05T13:58:44.636369 #20470]  INFO -- : R3T made a bet of 555 (allin) and is left with 0 chips. The pot now contains 1785 chips.
I, [2014-04-05T13:58:44.640652 #20470]  INFO -- : Player Mr Bazinga responded with 700 (200)
I, [2014-04-05T13:58:44.641227 #20470]  INFO -- : Mr Bazinga made a bet of 245 (allin) and is left with 0 chips. The pot now contains 2030 chips.
I, [2014-04-05T13:58:44.641931 #20470]  INFO -- : community card 5 of Spades
I, [2014-04-05T13:58:44.642619 #20470]  INFO -- : community card Ace of Spades
I, [2014-04-05T13:58:44.643803 #20470]  INFO -- : R3T showed 2 of Spades,4 of Spades,5 of Spades,King of Spades,Ace of Spades making a flush
I, [2014-04-05T13:58:44.645235 #20470]  INFO -- : R3T won 2030
I, [2014-04-05T13:58:44.652813 #20470]  INFO -- : Player R3T responded with  (200)
I, [2014-04-05T13:58:44.656197 #20470]  INFO -- : Player Mr Bazinga responded with OK (200)
I, [2014-04-05T13:58:44.659126 #20470]  INFO -- : Player NoCo responded with  (200)
I, [2014-04-05T13:58:44.659667 #20470]  INFO -- : NoCo received hole_card 7 of Diamonds
I, [2014-04-05T13:58:44.660235 #20470]  INFO -- : R3T received hole_card 9 of Hearts
I, [2014-04-05T13:58:44.660896 #20470]  INFO -- : NoCo received hole_card 10 of Spades
I, [2014-04-05T13:58:44.661463 #20470]  INFO -- : R3T received hole_card Queen of Hearts
I, [2014-04-05T13:58:44.662422 #20470]  INFO -- : NoCo made a bet of 10 (raise) and is left with 960 chips. The pot now contains 10 chips.
I, [2014-04-05T13:58:44.663081 #20470]  INFO -- : R3T made a bet of 20 (raise) and is left with 2010 chips. The pot now contains 30 chips.
I, [2014-04-05T13:58:44.667140 #20470]  INFO -- : Player NoCo responded with 50 (200)
I, [2014-04-05T13:58:44.667730 #20470]  INFO -- : NoCo made a bet of 50 (raise) and is left with 910 chips. The pot now contains 80 chips.
I, [2014-04-05T13:58:44.674105 #20470]  INFO -- : Player R3T responded with 360 (200)
I, [2014-04-05T13:58:44.674701 #20470]  INFO -- : R3T made a bet of 360 (raise) and is left with 1650 chips. The pot now contains 440 chips.
I, [2014-04-05T13:58:44.678508 #20470]  INFO -- : Player NoCo responded with 1600 (200)
I, [2014-04-05T13:58:44.678876 #20470]  INFO -- : NoCo made a bet of 910 (allin) and is left with 0 chips. The pot now contains 1350 chips.
I, [2014-04-05T13:58:44.682224 #20470]  INFO -- : Player R3T responded with 1270 (200)
I, [2014-04-05T13:58:44.683252 #20470]  INFO -- : R3T made a bet of 1270 (raise) and is left with 380 chips. The pot now contains 2620 chips.
I, [2014-04-05T13:58:44.683967 #20470]  INFO -- : community card 3 of Hearts
I, [2014-04-05T13:58:44.684313 #20470]  INFO -- : community card Queen of Spades
I, [2014-04-05T13:58:44.685053 #20470]  INFO -- : community card 4 of Hearts
I, [2014-04-05T13:58:44.685707 #20470]  INFO -- : community card King of Diamonds
I, [2014-04-05T13:58:44.686453 #20470]  INFO -- : community card Jack of Clubs
I, [2014-04-05T13:58:44.687978 #20470]  INFO -- : R3T showed 9 of Hearts,Jack of Clubs,Queen of Hearts,Queen of Spades,King of Diamonds making a pair
I, [2014-04-05T13:58:44.688546 #20470]  INFO -- : R3T won 2620
I, [2014-04-05T13:58:44.690917 #20470]  INFO -- : Player R3T responded with  (200)
I, [2014-04-05T13:58:44.693111 #20470]  INFO -- : Player Mr Bazinga responded with OK (200)
I, [2014-04-05T13:58:44.694874 #20470]  INFO -- : Player NoCo responded with  (200)
