# Logfile created on 2014-04-05 15:21:32 +0200 by logger.rb/44203
I, [2014-04-05T15:21:32.558516 #9187]  INFO -- : Reseting R3T to origin/master
I, [2014-04-05T15:21:34.259749 #9187]  INFO -- : Reseting Mr Bazinga to origin/master
I, [2014-04-05T15:21:35.139221 #9187]  INFO -- : Reseting NoCo to origin/master
I, [2014-04-05T15:21:36.209922 #9187]  INFO -- : Connected R3T at http://localhost:8080/
I, [2014-04-05T15:21:36.212872 #9187]  INFO -- : Connected Mr Bazinga at http://localhost:1337/
I, [2014-04-05T15:21:36.216345 #9187]  INFO -- : Connected NoCo at http://localhost:8000/player_service.php
E, [2014-04-05T15:21:36.217553 #9187] ERROR -- : Connection refused - connect(2) for "localhost" port 8080
E, [2014-04-05T15:21:36.217712 #9187] ERROR -- : Player R3T is unreachable
I, [2014-04-05T15:21:36.217818 #9187]  INFO -- : Waiting for players to start
E, [2014-04-05T15:21:37.221012 #9187] ERROR -- : Connection refused - connect(2) for "localhost" port 8080
E, [2014-04-05T15:21:37.221196 #9187] ERROR -- : Player R3T is unreachable
I, [2014-04-05T15:21:37.221300 #9187]  INFO -- : Waiting for players to start
E, [2014-04-05T15:21:38.221818 #9187] ERROR -- : Connection refused - connect(2) for "localhost" port 8080
E, [2014-04-05T15:21:38.221956 #9187] ERROR -- : Player R3T is unreachable
I, [2014-04-05T15:21:38.222055 #9187]  INFO -- : Waiting for players to start
E, [2014-04-05T15:21:39.222720 #9187] ERROR -- : Connection refused - connect(2) for "localhost" port 8080
E, [2014-04-05T15:21:39.222864 #9187] ERROR -- : Player R3T is unreachable
I, [2014-04-05T15:21:39.222959 #9187]  INFO -- : Waiting for players to start
E, [2014-04-05T15:21:40.223560 #9187] ERROR -- : Connection refused - connect(2) for "localhost" port 8080
E, [2014-04-05T15:21:40.223828 #9187] ERROR -- : Player R3T is unreachable
I, [2014-04-05T15:21:40.224004 #9187]  INFO -- : Waiting for players to start
E, [2014-04-05T15:21:41.224750 #9187] ERROR -- : Connection refused - connect(2) for "localhost" port 8080
E, [2014-04-05T15:21:41.224887 #9187] ERROR -- : Player R3T is unreachable
I, [2014-04-05T15:21:41.224972 #9187]  INFO -- : Waiting for players to start
E, [2014-04-05T15:21:42.239201 #9187] ERROR -- : Connection refused - connect(2) for "localhost" port 8080
E, [2014-04-05T15:21:42.239540 #9187] ERROR -- : Player R3T is unreachable
I, [2014-04-05T15:21:42.239728 #9187]  INFO -- : Waiting for players to start
E, [2014-04-05T15:21:43.240528 #9187] ERROR -- : Connection refused - connect(2) for "localhost" port 8080
E, [2014-04-05T15:21:43.240713 #9187] ERROR -- : Player R3T is unreachable
I, [2014-04-05T15:21:43.240828 #9187]  INFO -- : Waiting for players to start
E, [2014-04-05T15:21:44.251547 #9187] ERROR -- : Connection refused - connect(2) for "localhost" port 8080
E, [2014-04-05T15:21:44.251762 #9187] ERROR -- : Player R3T is unreachable
I, [2014-04-05T15:21:44.251878 #9187]  INFO -- : Waiting for players to start
E, [2014-04-05T15:21:45.252556 #9187] ERROR -- : Connection refused - connect(2) for "localhost" port 8080
E, [2014-04-05T15:21:45.252748 #9187] ERROR -- : Player R3T is unreachable
I, [2014-04-05T15:21:45.252832 #9187]  INFO -- : Waiting for players to start
E, [2014-04-05T15:21:46.253533 #9187] ERROR -- : Connection refused - connect(2) for "localhost" port 8080
E, [2014-04-05T15:21:46.253706 #9187] ERROR -- : Player R3T is unreachable
I, [2014-04-05T15:21:46.253858 #9187]  INFO -- : Waiting for players to start
E, [2014-04-05T15:21:47.262407 #9187] ERROR -- : Connection refused - connect(2) for "localhost" port 8080
E, [2014-04-05T15:21:47.262630 #9187] ERROR -- : Player R3T is unreachable
I, [2014-04-05T15:21:47.262766 #9187]  INFO -- : Waiting for players to start
E, [2014-04-05T15:21:48.263419 #9187] ERROR -- : Connection refused - connect(2) for "localhost" port 8080
E, [2014-04-05T15:21:48.263555 #9187] ERROR -- : Player R3T is unreachable
I, [2014-04-05T15:21:48.263663 #9187]  INFO -- : Waiting for players to start
E, [2014-04-05T15:21:49.264287 #9187] ERROR -- : Connection refused - connect(2) for "localhost" port 8080
E, [2014-04-05T15:21:49.264504 #9187] ERROR -- : Player R3T is unreachable
I, [2014-04-05T15:21:49.264599 #9187]  INFO -- : Waiting for players to start
E, [2014-04-05T15:21:50.265175 #9187] ERROR -- : Connection refused - connect(2) for "localhost" port 8080
E, [2014-04-05T15:21:50.265393 #9187] ERROR -- : Player R3T is unreachable
I, [2014-04-05T15:21:50.265480 #9187]  INFO -- : Waiting for players to start
E, [2014-04-05T15:21:51.767951 #9187] ERROR -- : Net::ReadTimeout
E, [2014-04-05T15:21:51.768165 #9187] ERROR -- : Player R3T is unreachable
I, [2014-04-05T15:21:51.768275 #9187]  INFO -- : Waiting for players to start
I, [2014-04-05T15:21:53.042620 #9187]  INFO -- : Player R3T responded with  (200)
I, [2014-04-05T15:21:53.060805 #9187]  INFO -- : Player Mr Bazinga responded with OK (200)
I, [2014-04-05T15:21:53.064413 #9187]  INFO -- : Player NoCo responded with  (200)
I, [2014-04-05T15:21:53.064531 #9187]  INFO -- : Players are running
I, [2014-04-05T15:21:53.084887 #9187]  INFO -- : Player R3T responded with v0.35 (200)
I, [2014-04-05T15:21:53.087612 #9187]  INFO -- : Player Mr Bazinga responded with Super AI 1.0 (200)
I, [2014-04-05T15:21:53.090423 #9187]  INFO -- : Player NoCo responded with NoCo1518 (200)
I, [2014-04-05T15:21:53.090728 #9187]  INFO -- : NoCo received hole_card Jack of Clubs
I, [2014-04-05T15:21:53.090929 #9187]  INFO -- : R3T received hole_card Ace of Diamonds
I, [2014-04-05T15:21:53.091095 #9187]  INFO -- : Mr Bazinga received hole_card 3 of Hearts
I, [2014-04-05T15:21:53.091304 #9187]  INFO -- : NoCo received hole_card 9 of Spades
I, [2014-04-05T15:21:53.091579 #9187]  INFO -- : R3T received hole_card 10 of Diamonds
I, [2014-04-05T15:21:53.091750 #9187]  INFO -- : Mr Bazinga received hole_card 2 of Spades
I, [2014-04-05T15:21:53.093518 #9187]  INFO -- : NoCo made a bet of 10 (raise) and is left with 990 chips. The pot now contains 10 chips.
I, [2014-04-05T15:21:53.093815 #9187]  INFO -- : R3T made a bet of 20 (raise) and is left with 980 chips. The pot now contains 30 chips.
I, [2014-04-05T15:21:53.099913 #9187]  INFO -- : Player Mr Bazinga responded with 0 (200)
I, [2014-04-05T15:21:53.100214 #9187]  INFO -- : Mr Bazinga made a bet of 0 (fold) and is left with 1000 chips. The pot now contains 30 chips.
I, [2014-04-05T15:21:53.103265 #9187]  INFO -- : Player NoCo responded with  (200)
I, [2014-04-05T15:21:53.103628 #9187]  INFO -- : NoCo made a bet of 0 (fold) and is left with 990 chips. The pot now contains 30 chips.
I, [2014-04-05T15:21:53.157646 #9187]  INFO -- : Player R3T responded with 216 (200)
I, [2014-04-05T15:21:53.158591 #9187]  INFO -- : R3T made a bet of 216 (raise) and is left with 764 chips. The pot now contains 246 chips.
I, [2014-04-05T15:21:53.160135 #9187]  INFO -- : R3T won 246
I, [2014-04-05T15:21:53.165516 #9187]  INFO -- : Player R3T responded with  (200)
I, [2014-04-05T15:21:53.170116 #9187]  INFO -- : Player Mr Bazinga responded with OK (200)
I, [2014-04-05T15:21:53.174670 #9187]  INFO -- : Player NoCo responded with  (200)
I, [2014-04-05T15:21:53.175147 #9187]  INFO -- : R3T received hole_card Queen of Clubs
I, [2014-04-05T15:21:53.175406 #9187]  INFO -- : Mr Bazinga received hole_card Queen of Spades
I, [2014-04-05T15:21:53.175614 #9187]  INFO -- : NoCo received hole_card Queen of Hearts
I, [2014-04-05T15:21:53.175870 #9187]  INFO -- : R3T received hole_card King of Clubs
I, [2014-04-05T15:21:53.176152 #9187]  INFO -- : Mr Bazinga received hole_card King of Diamonds
I, [2014-04-05T15:21:53.176443 #9187]  INFO -- : NoCo received hole_card Ace of Hearts
I, [2014-04-05T15:21:53.177152 #9187]  INFO -- : R3T made a bet of 10 (raise) and is left with 1000 chips. The pot now contains 10 chips.
I, [2014-04-05T15:21:53.177702 #9187]  INFO -- : Mr Bazinga made a bet of 20 (raise) and is left with 980 chips. The pot now contains 30 chips.
I, [2014-04-05T15:21:53.180050 #9187]  INFO -- : Player NoCo responded with 1980 (200)
I, [2014-04-05T15:21:53.180250 #9187]  INFO -- : NoCo made a bet of 990 (allin) and is left with 0 chips. The pot now contains 1020 chips.
I, [2014-04-05T15:21:53.182666 #9187]  INFO -- : Player R3T responded with 0 (200)
I, [2014-04-05T15:21:53.182908 #9187]  INFO -- : R3T made a bet of 0 (fold) and is left with 1000 chips. The pot now contains 1020 chips.
I, [2014-04-05T15:21:53.185176 #9187]  INFO -- : Player Mr Bazinga responded with 970 (200)
I, [2014-04-05T15:21:53.185528 #9187]  INFO -- : Mr Bazinga made a bet of 970 (call) and is left with 10 chips. The pot now contains 1990 chips.
I, [2014-04-05T15:21:53.185881 #9187]  INFO -- : community card Jack of Hearts
I, [2014-04-05T15:21:53.186278 #9187]  INFO -- : community card King of Hearts
I, [2014-04-05T15:21:53.186731 #9187]  INFO -- : community card 5 of Clubs
I, [2014-04-05T15:21:53.187364 #9187]  INFO -- : community card 6 of Spades
I, [2014-04-05T15:21:53.188029 #9187]  INFO -- : community card 3 of Clubs
I, [2014-04-05T15:21:53.189150 #9187]  INFO -- : NoCo showed 6 of Spades,Jack of Hearts,Queen of Hearts,King of Hearts,Ace of Hearts making a high card
I, [2014-04-05T15:21:53.190106 #9187]  INFO -- : Mr Bazinga showed 6 of Spades,Jack of Hearts,Queen of Spades,King of Diamonds,King of Hearts making a pair
I, [2014-04-05T15:21:53.190566 #9187]  INFO -- : Mr Bazinga won 1990
I, [2014-04-05T15:21:53.195692 #9187]  INFO -- : Player R3T responded with  (200)
I, [2014-04-05T15:21:53.201095 #9187]  INFO -- : Player Mr Bazinga responded with OK (200)
I, [2014-04-05T15:21:53.206410 #9187]  INFO -- : Player NoCo responded with  (200)
I, [2014-04-05T15:21:53.206771 #9187]  INFO -- : Mr Bazinga received hole_card 3 of Clubs
I, [2014-04-05T15:21:53.206967 #9187]  INFO -- : R3T received hole_card 4 of Spades
I, [2014-04-05T15:21:53.207172 #9187]  INFO -- : Mr Bazinga received hole_card Jack of Spades
I, [2014-04-05T15:21:53.207364 #9187]  INFO -- : R3T received hole_card 8 of Diamonds
I, [2014-04-05T15:21:53.207644 #9187]  INFO -- : Mr Bazinga made a bet of 10 (raise) and is left with 1990 chips. The pot now contains 10 chips.
I, [2014-04-05T15:21:53.207920 #9187]  INFO -- : R3T made a bet of 20 (raise) and is left with 980 chips. The pot now contains 30 chips.
I, [2014-04-05T15:21:53.210617 #9187]  INFO -- : Player Mr Bazinga responded with 0 (200)
I, [2014-04-05T15:21:53.210835 #9187]  INFO -- : Mr Bazinga made a bet of 0 (fold) and is left with 1990 chips. The pot now contains 30 chips.
I, [2014-04-05T15:21:53.211251 #9187]  INFO -- : R3T won 30
I, [2014-04-05T15:21:53.215217 #9187]  INFO -- : Player R3T responded with  (200)
I, [2014-04-05T15:21:53.217483 #9187]  INFO -- : Player Mr Bazinga responded with OK (200)
I, [2014-04-05T15:21:53.219970 #9187]  INFO -- : Player NoCo responded with  (200)
I, [2014-04-05T15:21:53.220657 #9187]  INFO -- : R3T received hole_card 10 of Diamonds
I, [2014-04-05T15:21:53.221298 #9187]  INFO -- : Mr Bazinga received hole_card Jack of Diamonds
I, [2014-04-05T15:21:53.221957 #9187]  INFO -- : R3T received hole_card 9 of Spades
I, [2014-04-05T15:21:53.222393 #9187]  INFO -- : Mr Bazinga received hole_card 4 of Spades
I, [2014-04-05T15:21:53.222662 #9187]  INFO -- : R3T made a bet of 10 (raise) and is left with 1000 chips. The pot now contains 10 chips.
I, [2014-04-05T15:21:53.222882 #9187]  INFO -- : Mr Bazinga made a bet of 20 (raise) and is left with 1970 chips. The pot now contains 30 chips.
I, [2014-04-05T15:21:53.225918 #9187]  INFO -- : Player R3T responded with 0 (200)
I, [2014-04-05T15:21:53.226298 #9187]  INFO -- : R3T made a bet of 0 (fold) and is left with 1000 chips. The pot now contains 30 chips.
I, [2014-04-05T15:21:53.229415 #9187]  INFO -- : Player Mr Bazinga responded with 0 (200)
I, [2014-04-05T15:21:53.230371 #9187]  INFO -- : Mr Bazinga made a bet of 0 (check) and is left with 1970 chips. The pot now contains 30 chips.
I, [2014-04-05T15:21:53.230836 #9187]  INFO -- : Mr Bazinga won 30
I, [2014-04-05T15:21:53.233526 #9187]  INFO -- : Player R3T responded with  (200)
I, [2014-04-05T15:21:53.236609 #9187]  INFO -- : Player Mr Bazinga responded with OK (200)
I, [2014-04-05T15:21:53.238152 #9187]  INFO -- : Player NoCo responded with  (200)
I, [2014-04-05T15:21:53.238409 #9187]  INFO -- : Mr Bazinga received hole_card 5 of Clubs
I, [2014-04-05T15:21:53.238610 #9187]  INFO -- : R3T received hole_card 8 of Hearts
I, [2014-04-05T15:21:53.238791 #9187]  INFO -- : Mr Bazinga received hole_card King of Hearts
I, [2014-04-05T15:21:53.238966 #9187]  INFO -- : R3T received hole_card 5 of Diamonds
I, [2014-04-05T15:21:53.239232 #9187]  INFO -- : Mr Bazinga made a bet of 10 (raise) and is left with 1990 chips. The pot now contains 10 chips.
I, [2014-04-05T15:21:53.239465 #9187]  INFO -- : R3T made a bet of 20 (raise) and is left with 980 chips. The pot now contains 30 chips.
I, [2014-04-05T15:21:53.241444 #9187]  INFO -- : Player Mr Bazinga responded with 0 (200)
I, [2014-04-05T15:21:53.241645 #9187]  INFO -- : Mr Bazinga made a bet of 0 (fold) and is left with 1990 chips. The pot now contains 30 chips.
I, [2014-04-05T15:21:53.242054 #9187]  INFO -- : R3T won 30
I, [2014-04-05T15:21:53.246585 #9187]  INFO -- : Player R3T responded with  (200)
I, [2014-04-05T15:21:53.253656 #9187]  INFO -- : Player Mr Bazinga responded with OK (200)
I, [2014-04-05T15:21:53.256561 #9187]  INFO -- : Player NoCo responded with  (200)
I, [2014-04-05T15:21:53.256989 #9187]  INFO -- : R3T received hole_card Ace of Hearts
I, [2014-04-05T15:21:53.257212 #9187]  INFO -- : Mr Bazinga received hole_card 5 of Spades
I, [2014-04-05T15:21:53.257425 #9187]  INFO -- : R3T received hole_card Ace of Spades
I, [2014-04-05T15:21:53.257611 #9187]  INFO -- : Mr Bazinga received hole_card 3 of Hearts
I, [2014-04-05T15:21:53.257883 #9187]  INFO -- : R3T made a bet of 10 (raise) and is left with 1000 chips. The pot now contains 10 chips.
I, [2014-04-05T15:21:53.258098 #9187]  INFO -- : Mr Bazinga made a bet of 20 (raise) and is left with 1970 chips. The pot now contains 30 chips.
I, [2014-04-05T15:21:53.261974 #9187]  INFO -- : Player R3T responded with 420 (200)
I, [2014-04-05T15:21:53.262405 #9187]  INFO -- : R3T made a bet of 420 (raise) and is left with 580 chips. The pot now contains 450 chips.
I, [2014-04-05T15:21:53.272254 #9187]  INFO -- : Player Mr Bazinga responded with 0 (200)
I, [2014-04-05T15:21:53.272574 #9187]  INFO -- : Mr Bazinga made a bet of 0 (fold) and is left with 1970 chips. The pot now contains 450 chips.
I, [2014-04-05T15:21:53.273375 #9187]  INFO -- : R3T won 450
I, [2014-04-05T15:21:53.277547 #9187]  INFO -- : Player R3T responded with  (200)
I, [2014-04-05T15:21:53.280027 #9187]  INFO -- : Player Mr Bazinga responded with OK (200)
I, [2014-04-05T15:21:53.285274 #9187]  INFO -- : Player NoCo responded with  (200)
I, [2014-04-05T15:21:53.286660 #9187]  INFO -- : Mr Bazinga received hole_card 8 of Clubs
I, [2014-04-05T15:21:53.287483 #9187]  INFO -- : R3T received hole_card 2 of Spades
I, [2014-04-05T15:21:53.287797 #9187]  INFO -- : Mr Bazinga received hole_card Queen of Hearts
I, [2014-04-05T15:21:53.288108 #9187]  INFO -- : R3T received hole_card 2 of Hearts
I, [2014-04-05T15:21:53.288520 #9187]  INFO -- : Mr Bazinga made a bet of 10 (raise) and is left with 1960 chips. The pot now contains 10 chips.
I, [2014-04-05T15:21:53.288883 #9187]  INFO -- : R3T made a bet of 20 (raise) and is left with 1010 chips. The pot now contains 30 chips.
I, [2014-04-05T15:21:53.292659 #9187]  INFO -- : Player Mr Bazinga responded with 0 (200)
I, [2014-04-05T15:21:53.293319 #9187]  INFO -- : Mr Bazinga made a bet of 0 (fold) and is left with 1960 chips. The pot now contains 30 chips.
I, [2014-04-05T15:21:53.293861 #9187]  INFO -- : R3T won 30
I, [2014-04-05T15:21:53.299881 #9187]  INFO -- : Player R3T responded with  (200)
I, [2014-04-05T15:21:53.304245 #9187]  INFO -- : Player Mr Bazinga responded with OK (200)
I, [2014-04-05T15:21:53.307033 #9187]  INFO -- : Player NoCo responded with  (200)
I, [2014-04-05T15:21:53.308035 #9187]  INFO -- : R3T received hole_card 4 of Hearts
I, [2014-04-05T15:21:53.308788 #9187]  INFO -- : Mr Bazinga received hole_card 8 of Diamonds
I, [2014-04-05T15:21:53.309228 #9187]  INFO -- : R3T received hole_card Ace of Spades
I, [2014-04-05T15:21:53.309920 #9187]  INFO -- : Mr Bazinga received hole_card Ace of Clubs
I, [2014-04-05T15:21:53.310947 #9187]  INFO -- : R3T made a bet of 10 (raise) and is left with 1030 chips. The pot now contains 10 chips.
I, [2014-04-05T15:21:53.311833 #9187]  INFO -- : Mr Bazinga made a bet of 20 (raise) and is left with 1940 chips. The pot now contains 30 chips.
I, [2014-04-05T15:21:53.317120 #9187]  INFO -- : Player R3T responded with 0 (200)
I, [2014-04-05T15:21:53.317602 #9187]  INFO -- : R3T made a bet of 0 (fold) and is left with 1030 chips. The pot now contains 30 chips.
I, [2014-04-05T15:21:53.326243 #9187]  INFO -- : Player Mr Bazinga responded with 0 (200)
I, [2014-04-05T15:21:53.326968 #9187]  INFO -- : Mr Bazinga made a bet of 0 (check) and is left with 1940 chips. The pot now contains 30 chips.
I, [2014-04-05T15:21:53.328252 #9187]  INFO -- : Mr Bazinga won 30
I, [2014-04-05T15:21:53.330735 #9187]  INFO -- : Player R3T responded with  (200)
I, [2014-04-05T15:21:53.333585 #9187]  INFO -- : Player Mr Bazinga responded with OK (200)
I, [2014-04-05T15:21:53.335736 #9187]  INFO -- : Player NoCo responded with  (200)
I, [2014-04-05T15:21:53.336312 #9187]  INFO -- : Mr Bazinga received hole_card 9 of Hearts
I, [2014-04-05T15:21:53.336623 #9187]  INFO -- : R3T received hole_card 10 of Spades
I, [2014-04-05T15:21:53.336906 #9187]  INFO -- : Mr Bazinga received hole_card 3 of Diamonds
I, [2014-04-05T15:21:53.337211 #9187]  INFO -- : R3T received hole_card Jack of Spades
I, [2014-04-05T15:21:53.337677 #9187]  INFO -- : Mr Bazinga made a bet of 10 (raise) and is left with 1960 chips. The pot now contains 10 chips.
I, [2014-04-05T15:21:53.338062 #9187]  INFO -- : R3T made a bet of 20 (raise) and is left with 1010 chips. The pot now contains 30 chips.
I, [2014-04-05T15:21:53.339870 #9187]  INFO -- : Player Mr Bazinga responded with 0 (200)
I, [2014-04-05T15:21:53.340069 #9187]  INFO -- : Mr Bazinga made a bet of 0 (fold) and is left with 1960 chips. The pot now contains 30 chips.
I, [2014-04-05T15:21:53.341177 #9187]  INFO -- : R3T won 30
I, [2014-04-05T15:21:53.347421 #9187]  INFO -- : Player R3T responded with  (200)
I, [2014-04-05T15:21:53.350112 #9187]  INFO -- : Player Mr Bazinga responded with OK (200)
I, [2014-04-05T15:21:53.354202 #9187]  INFO -- : Player NoCo responded with  (200)
I, [2014-04-05T15:21:53.354705 #9187]  INFO -- : R3T received hole_card 2 of Hearts
I, [2014-04-05T15:21:53.355164 #9187]  INFO -- : Mr Bazinga received hole_card 8 of Clubs
I, [2014-04-05T15:21:53.355568 #9187]  INFO -- : R3T received hole_card King of Diamonds
I, [2014-04-05T15:21:53.355897 #9187]  INFO -- : Mr Bazinga received hole_card Jack of Hearts
I, [2014-04-05T15:21:53.356471 #9187]  INFO -- : R3T made a bet of 20 (raise) and is left with 1020 chips. The pot now contains 20 chips.
I, [2014-04-05T15:21:53.356892 #9187]  INFO -- : Mr Bazinga made a bet of 40 (raise) and is left with 1920 chips. The pot now contains 60 chips.
I, [2014-04-05T15:21:53.362160 #9187]  INFO -- : Player R3T responded with 0 (200)
I, [2014-04-05T15:21:53.362368 #9187]  INFO -- : R3T made a bet of 0 (fold) and is left with 1020 chips. The pot now contains 60 chips.
I, [2014-04-05T15:21:53.365100 #9187]  INFO -- : Player Mr Bazinga responded with 0 (200)
I, [2014-04-05T15:21:53.365692 #9187]  INFO -- : Mr Bazinga made a bet of 0 (check) and is left with 1920 chips. The pot now contains 60 chips.
I, [2014-04-05T15:21:53.366862 #9187]  INFO -- : Mr Bazinga won 60
I, [2014-04-05T15:21:53.372526 #9187]  INFO -- : Player R3T responded with  (200)
I, [2014-04-05T15:21:53.376783 #9187]  INFO -- : Player Mr Bazinga responded with OK (200)
I, [2014-04-05T15:21:53.379521 #9187]  INFO -- : Player NoCo responded with  (200)
I, [2014-04-05T15:21:53.379942 #9187]  INFO -- : Mr Bazinga received hole_card 9 of Diamonds
I, [2014-04-05T15:21:53.380188 #9187]  INFO -- : R3T received hole_card 10 of Spades
I, [2014-04-05T15:21:53.380430 #9187]  INFO -- : Mr Bazinga received hole_card 3 of Diamonds
I, [2014-04-05T15:21:53.380998 #9187]  INFO -- : R3T received hole_card Queen of Spades
I, [2014-04-05T15:21:53.381696 #9187]  INFO -- : Mr Bazinga made a bet of 20 (raise) and is left with 1960 chips. The pot now contains 20 chips.
I, [2014-04-05T15:21:53.382080 #9187]  INFO -- : R3T made a bet of 40 (raise) and is left with 980 chips. The pot now contains 60 chips.
I, [2014-04-05T15:21:53.386884 #9187]  INFO -- : Player Mr Bazinga responded with 20 (200)
I, [2014-04-05T15:21:53.387639 #9187]  INFO -- : Mr Bazinga made a bet of 20 (call) and is left with 1940 chips. The pot now contains 80 chips.
I, [2014-04-05T15:21:53.388300 #9187]  INFO -- : community card 6 of Hearts
I, [2014-04-05T15:21:53.388498 #9187]  INFO -- : community card Jack of Hearts
I, [2014-04-05T15:21:53.388674 #9187]  INFO -- : community card Ace of Spades
I, [2014-04-05T15:21:53.509941 #9187]  INFO -- : Player Mr Bazinga responded with 0 (200)
I, [2014-04-05T15:21:53.510183 #9187]  INFO -- : Mr Bazinga made a bet of 0 (check) and is left with 1940 chips. The pot now contains 80 chips.
I, [2014-04-05T15:21:53.548482 #9187]  INFO -- : Player R3T responded with 0 (200)
I, [2014-04-05T15:21:53.548720 #9187]  INFO -- : R3T made a bet of 0 (check) and is left with 980 chips. The pot now contains 80 chips.
I, [2014-04-05T15:21:53.548989 #9187]  INFO -- : community card 3 of Spades
I, [2014-04-05T15:21:53.558777 #9187]  INFO -- : Player Mr Bazinga responded with 0 (200)
I, [2014-04-05T15:21:53.559009 #9187]  INFO -- : Mr Bazinga made a bet of 0 (check) and is left with 1940 chips. The pot now contains 80 chips.
I, [2014-04-05T15:21:53.571028 #9187]  INFO -- : Player R3T responded with 0 (200)
I, [2014-04-05T15:21:53.571487 #9187]  INFO -- : R3T made a bet of 0 (check) and is left with 980 chips. The pot now contains 80 chips.
I, [2014-04-05T15:21:53.571929 #9187]  INFO -- : community card 7 of Diamonds
I, [2014-04-05T15:21:53.585120 #9187]  INFO -- : Player Mr Bazinga responded with 0 (200)
I, [2014-04-05T15:21:53.585632 #9187]  INFO -- : Mr Bazinga made a bet of 0 (check) and is left with 1940 chips. The pot now contains 80 chips.
I, [2014-04-05T15:21:53.600122 #9187]  INFO -- : Player R3T responded with 0 (200)
I, [2014-04-05T15:21:53.600702 #9187]  INFO -- : R3T made a bet of 0 (check) and is left with 980 chips. The pot now contains 80 chips.
I, [2014-04-05T15:21:53.601714 #9187]  INFO -- : Mr Bazinga showed 3 of Diamonds,3 of Spades,9 of Diamonds,Jack of Hearts,Ace of Spades making a pair
I, [2014-04-05T15:21:53.603017 #9187]  INFO -- : Mr Bazinga won 80
I, [2014-04-05T15:21:53.608623 #9187]  INFO -- : Player R3T responded with  (200)
I, [2014-04-05T15:21:53.610779 #9187]  INFO -- : Player Mr Bazinga responded with OK (200)
I, [2014-04-05T15:21:53.613133 #9187]  INFO -- : Player NoCo responded with  (200)
I, [2014-04-05T15:21:53.613447 #9187]  INFO -- : R3T received hole_card Ace of Spades
I, [2014-04-05T15:21:53.613643 #9187]  INFO -- : Mr Bazinga received hole_card 4 of Clubs
I, [2014-04-05T15:21:53.613838 #9187]  INFO -- : R3T received hole_card 8 of Spades
I, [2014-04-05T15:21:53.614040 #9187]  INFO -- : Mr Bazinga received hole_card 9 of Diamonds
I, [2014-04-05T15:21:53.614328 #9187]  INFO -- : R3T made a bet of 20 (raise) and is left with 960 chips. The pot now contains 20 chips.
I, [2014-04-05T15:21:53.614575 #9187]  INFO -- : Mr Bazinga made a bet of 40 (raise) and is left with 1980 chips. The pot now contains 60 chips.
I, [2014-04-05T15:21:53.617400 #9187]  INFO -- : Player R3T responded with 232 (200)
I, [2014-04-05T15:21:53.617629 #9187]  INFO -- : R3T made a bet of 232 (raise) and is left with 728 chips. The pot now contains 292 chips.
I, [2014-04-05T15:21:53.619413 #9187]  INFO -- : Player Mr Bazinga responded with 0 (200)
I, [2014-04-05T15:21:53.619640 #9187]  INFO -- : Mr Bazinga made a bet of 0 (fold) and is left with 1980 chips. The pot now contains 292 chips.
I, [2014-04-05T15:21:53.620081 #9187]  INFO -- : R3T won 292
I, [2014-04-05T15:21:53.637293 #9187]  INFO -- : Player R3T responded with  (200)
I, [2014-04-05T15:21:53.643362 #9187]  INFO -- : Player Mr Bazinga responded with OK (200)
I, [2014-04-05T15:21:53.646867 #9187]  INFO -- : Player NoCo responded with  (200)
I, [2014-04-05T15:21:53.647381 #9187]  INFO -- : Mr Bazinga received hole_card 5 of Spades
I, [2014-04-05T15:21:53.647673 #9187]  INFO -- : R3T received hole_card King of Spades
I, [2014-04-05T15:21:53.647956 #9187]  INFO -- : Mr Bazinga received hole_card 6 of Clubs
I, [2014-04-05T15:21:53.648250 #9187]  INFO -- : R3T received hole_card 3 of Spades
I, [2014-04-05T15:21:53.648697 #9187]  INFO -- : Mr Bazinga made a bet of 20 (raise) and is left with 1960 chips. The pot now contains 20 chips.
I, [2014-04-05T15:21:53.649094 #9187]  INFO -- : R3T made a bet of 40 (raise) and is left with 980 chips. The pot now contains 60 chips.
I, [2014-04-05T15:21:53.651896 #9187]  INFO -- : Player Mr Bazinga responded with 0 (200)
I, [2014-04-05T15:21:53.652381 #9187]  INFO -- : Mr Bazinga made a bet of 0 (fold) and is left with 1960 chips. The pot now contains 60 chips.
I, [2014-04-05T15:21:53.653120 #9187]  INFO -- : R3T won 60
I, [2014-04-05T15:21:53.656676 #9187]  INFO -- : Player R3T responded with  (200)
I, [2014-04-05T15:21:53.659744 #9187]  INFO -- : Player Mr Bazinga responded with OK (200)
I, [2014-04-05T15:21:53.664133 #9187]  INFO -- : Player NoCo responded with  (200)
I, [2014-04-05T15:21:53.664654 #9187]  INFO -- : R3T received hole_card 8 of Spades
I, [2014-04-05T15:21:53.664847 #9187]  INFO -- : Mr Bazinga received hole_card 7 of Diamonds
I, [2014-04-05T15:21:53.665040 #9187]  INFO -- : R3T received hole_card 10 of Diamonds
I, [2014-04-05T15:21:53.665236 #9187]  INFO -- : Mr Bazinga received hole_card 7 of Spades
I, [2014-04-05T15:21:53.665604 #9187]  INFO -- : R3T made a bet of 20 (raise) and is left with 1020 chips. The pot now contains 20 chips.
I, [2014-04-05T15:21:53.665891 #9187]  INFO -- : Mr Bazinga made a bet of 40 (raise) and is left with 1920 chips. The pot now contains 60 chips.
I, [2014-04-05T15:21:53.671683 #9187]  INFO -- : Player R3T responded with 0 (200)
I, [2014-04-05T15:21:53.672559 #9187]  INFO -- : R3T made a bet of 0 (fold) and is left with 1020 chips. The pot now contains 60 chips.
I, [2014-04-05T15:21:53.674803 #9187]  INFO -- : Player Mr Bazinga responded with 220 (200)
I, [2014-04-05T15:21:53.675059 #9187]  INFO -- : Mr Bazinga made a bet of 220 (raise) and is left with 1700 chips. The pot now contains 280 chips.
I, [2014-04-05T15:21:53.675404 #9187]  INFO -- : Mr Bazinga won 280
I, [2014-04-05T15:21:53.677729 #9187]  INFO -- : Player R3T responded with  (200)
I, [2014-04-05T15:21:53.680260 #9187]  INFO -- : Player Mr Bazinga responded with OK (200)
I, [2014-04-05T15:21:53.682539 #9187]  INFO -- : Player NoCo responded with  (200)
I, [2014-04-05T15:21:53.682858 #9187]  INFO -- : Mr Bazinga received hole_card 5 of Diamonds
I, [2014-04-05T15:21:53.683006 #9187]  INFO -- : R3T received hole_card Queen of Clubs
I, [2014-04-05T15:21:53.683170 #9187]  INFO -- : Mr Bazinga received hole_card King of Clubs
I, [2014-04-05T15:21:53.683329 #9187]  INFO -- : R3T received hole_card 8 of Diamonds
I, [2014-04-05T15:21:53.683580 #9187]  INFO -- : Mr Bazinga made a bet of 20 (raise) and is left with 1960 chips. The pot now contains 20 chips.
I, [2014-04-05T15:21:53.683819 #9187]  INFO -- : R3T made a bet of 40 (raise) and is left with 980 chips. The pot now contains 60 chips.
I, [2014-04-05T15:21:53.686642 #9187]  INFO -- : Player Mr Bazinga responded with 0 (200)
I, [2014-04-05T15:21:53.687154 #9187]  INFO -- : Mr Bazinga made a bet of 0 (fold) and is left with 1960 chips. The pot now contains 60 chips.
I, [2014-04-05T15:21:53.688027 #9187]  INFO -- : R3T won 60
I, [2014-04-05T15:21:53.692196 #9187]  INFO -- : Player R3T responded with  (200)
I, [2014-04-05T15:21:53.694747 #9187]  INFO -- : Player Mr Bazinga responded with OK (200)
I, [2014-04-05T15:21:53.697885 #9187]  INFO -- : Player NoCo responded with  (200)
I, [2014-04-05T15:21:53.698341 #9187]  INFO -- : R3T received hole_card 10 of Spades
I, [2014-04-05T15:21:53.698577 #9187]  INFO -- : Mr Bazinga received hole_card 10 of Clubs
I, [2014-04-05T15:21:53.698813 #9187]  INFO -- : R3T received hole_card 9 of Diamonds
I, [2014-04-05T15:21:53.699224 #9187]  INFO -- : Mr Bazinga received hole_card 6 of Diamonds
I, [2014-04-05T15:21:53.699978 #9187]  INFO -- : R3T made a bet of 20 (raise) and is left with 1020 chips. The pot now contains 20 chips.
I, [2014-04-05T15:21:53.700524 #9187]  INFO -- : Mr Bazinga made a bet of 40 (raise) and is left with 1920 chips. The pot now contains 60 chips.
I, [2014-04-05T15:21:53.703839 #9187]  INFO -- : Player R3T responded with 0 (200)
I, [2014-04-05T15:21:53.704424 #9187]  INFO -- : R3T made a bet of 0 (fold) and is left with 1020 chips. The pot now contains 60 chips.
I, [2014-04-05T15:21:53.707234 #9187]  INFO -- : Player Mr Bazinga responded with 0 (200)
I, [2014-04-05T15:21:53.707459 #9187]  INFO -- : Mr Bazinga made a bet of 0 (check) and is left with 1920 chips. The pot now contains 60 chips.
I, [2014-04-05T15:21:53.707871 #9187]  INFO -- : Mr Bazinga won 60
I, [2014-04-05T15:21:53.711283 #9187]  INFO -- : Player R3T responded with  (200)
I, [2014-04-05T15:21:53.714931 #9187]  INFO -- : Player Mr Bazinga responded with OK (200)
I, [2014-04-05T15:21:53.719353 #9187]  INFO -- : Player NoCo responded with  (200)
I, [2014-04-05T15:21:53.720488 #9187]  INFO -- : Mr Bazinga received hole_card Queen of Spades
I, [2014-04-05T15:21:53.721111 #9187]  INFO -- : R3T received hole_card 4 of Clubs
I, [2014-04-05T15:21:53.721596 #9187]  INFO -- : Mr Bazinga received hole_card 4 of Diamonds
I, [2014-04-05T15:21:53.722186 #9187]  INFO -- : R3T received hole_card King of Hearts
I, [2014-04-05T15:21:53.723078 #9187]  INFO -- : Mr Bazinga made a bet of 20 (raise) and is left with 1960 chips. The pot now contains 20 chips.
I, [2014-04-05T15:21:53.723882 #9187]  INFO -- : R3T made a bet of 40 (raise) and is left with 980 chips. The pot now contains 60 chips.
I, [2014-04-05T15:21:53.726303 #9187]  INFO -- : Player Mr Bazinga responded with 0 (200)
I, [2014-04-05T15:21:53.726701 #9187]  INFO -- : Mr Bazinga made a bet of 0 (fold) and is left with 1960 chips. The pot now contains 60 chips.
I, [2014-04-05T15:21:53.727433 #9187]  INFO -- : R3T won 60
I, [2014-04-05T15:21:53.730161 #9187]  INFO -- : Player R3T responded with  (200)
I, [2014-04-05T15:21:53.735946 #9187]  INFO -- : Player Mr Bazinga responded with OK (200)
I, [2014-04-05T15:21:53.738099 #9187]  INFO -- : Player NoCo responded with  (200)
I, [2014-04-05T15:21:53.738400 #9187]  INFO -- : R3T received hole_card 6 of Spades
I, [2014-04-05T15:21:53.738578 #9187]  INFO -- : Mr Bazinga received hole_card 2 of Hearts
I, [2014-04-05T15:21:53.738745 #9187]  INFO -- : R3T received hole_card 5 of Hearts
I, [2014-04-05T15:21:53.738902 #9187]  INFO -- : Mr Bazinga received hole_card 4 of Hearts
I, [2014-04-05T15:21:53.739161 #9187]  INFO -- : R3T made a bet of 20 (raise) and is left with 1020 chips. The pot now contains 20 chips.
I, [2014-04-05T15:21:53.739376 #9187]  INFO -- : Mr Bazinga made a bet of 40 (raise) and is left with 1920 chips. The pot now contains 60 chips.
I, [2014-04-05T15:21:53.742030 #9187]  INFO -- : Player R3T responded with 0 (200)
I, [2014-04-05T15:21:53.742328 #9187]  INFO -- : R3T made a bet of 0 (fold) and is left with 1020 chips. The pot now contains 60 chips.
I, [2014-04-05T15:21:53.744417 #9187]  INFO -- : Player Mr Bazinga responded with 0 (200)
I, [2014-04-05T15:21:53.744707 #9187]  INFO -- : Mr Bazinga made a bet of 0 (check) and is left with 1920 chips. The pot now contains 60 chips.
I, [2014-04-05T15:21:53.745216 #9187]  INFO -- : Mr Bazinga won 60
I, [2014-04-05T15:21:53.747934 #9187]  INFO -- : Player R3T responded with  (200)
I, [2014-04-05T15:21:53.750328 #9187]  INFO -- : Player Mr Bazinga responded with OK (200)
I, [2014-04-05T15:21:53.752214 #9187]  INFO -- : Player NoCo responded with  (200)
I, [2014-04-05T15:21:53.752689 #9187]  INFO -- : Mr Bazinga received hole_card 9 of Spades
I, [2014-04-05T15:21:53.752960 #9187]  INFO -- : R3T received hole_card 9 of Diamonds
I, [2014-04-05T15:21:53.753295 #9187]  INFO -- : Mr Bazinga received hole_card King of Spades
I, [2014-04-05T15:21:53.753670 #9187]  INFO -- : R3T received hole_card King of Hearts
I, [2014-04-05T15:21:53.754264 #9187]  INFO -- : Mr Bazinga made a bet of 40 (raise) and is left with 1940 chips. The pot now contains 40 chips.
I, [2014-04-05T15:21:53.754795 #9187]  INFO -- : R3T made a bet of 80 (raise) and is left with 940 chips. The pot now contains 120 chips.
I, [2014-04-05T15:21:53.758630 #9187]  INFO -- : Player Mr Bazinga responded with 40 (200)
I, [2014-04-05T15:21:53.759247 #9187]  INFO -- : Mr Bazinga made a bet of 40 (call) and is left with 1900 chips. The pot now contains 160 chips.
I, [2014-04-05T15:21:53.759773 #9187]  INFO -- : community card Jack of Clubs
I, [2014-04-05T15:21:53.760652 #9187]  INFO -- : community card 2 of Spades
I, [2014-04-05T15:21:53.761187 #9187]  INFO -- : community card 5 of Diamonds
I, [2014-04-05T15:21:53.796748 #9187]  INFO -- : Player Mr Bazinga responded with 0 (200)
I, [2014-04-05T15:21:53.797097 #9187]  INFO -- : Mr Bazinga made a bet of 0 (check) and is left with 1900 chips. The pot now contains 160 chips.
I, [2014-04-05T15:21:53.810191 #9187]  INFO -- : Player R3T responded with 0 (200)
I, [2014-04-05T15:21:53.811079 #9187]  INFO -- : R3T made a bet of 0 (check) and is left with 940 chips. The pot now contains 160 chips.
I, [2014-04-05T15:21:53.811949 #9187]  INFO -- : community card 9 of Hearts
I, [2014-04-05T15:21:53.847250 #9187]  INFO -- : Player Mr Bazinga responded with 0 (200)
I, [2014-04-05T15:21:53.847787 #9187]  INFO -- : Mr Bazinga made a bet of 0 (check) and is left with 1900 chips. The pot now contains 160 chips.
I, [2014-04-05T15:21:53.866573 #9187]  INFO -- : Player R3T responded with 160 (200)
I, [2014-04-05T15:21:53.867384 #9187]  INFO -- : R3T made a bet of 160 (raise) and is left with 780 chips. The pot now contains 320 chips.
I, [2014-04-05T15:21:53.909153 #9187]  INFO -- : Player Mr Bazinga responded with 160 (200)
I, [2014-04-05T15:21:53.909983 #9187]  INFO -- : Mr Bazinga made a bet of 160 (call) and is left with 1740 chips. The pot now contains 480 chips.
I, [2014-04-05T15:21:53.910800 #9187]  INFO -- : community card Jack of Hearts
I, [2014-04-05T15:21:53.928908 #9187]  INFO -- : Player Mr Bazinga responded with 280 (200)
I, [2014-04-05T15:21:53.929721 #9187]  INFO -- : Mr Bazinga made a bet of 280 (raise) and is left with 1460 chips. The pot now contains 760 chips.
I, [2014-04-05T15:21:53.960769 #9187]  INFO -- : Player R3T responded with 1080 (200)
I, [2014-04-05T15:21:53.961566 #9187]  INFO -- : R3T made a bet of 780 (allin) and is left with 0 chips. The pot now contains 1540 chips.
I, [2014-04-05T15:21:53.981141 #9187]  INFO -- : Player Mr Bazinga responded with 1200 (200)
I, [2014-04-05T15:21:53.981527 #9187]  INFO -- : Mr Bazinga made a bet of 1200 (raise) and is left with 260 chips. The pot now contains 2740 chips.
I, [2014-04-05T15:21:53.982058 #9187]  INFO -- : Mr Bazinga showed 9 of Hearts,9 of Spades,Jack of Clubs,Jack of Hearts,King of Spades making a two pairs
I, [2014-04-05T15:21:53.982492 #9187]  INFO -- : R3T showed 9 of Hearts,9 of Diamonds,Jack of Clubs,Jack of Hearts,King of Hearts making a two pairs
I, [2014-04-05T15:21:53.982717 #9187]  INFO -- : Mr Bazinga won 1020
I, [2014-04-05T15:21:53.982902 #9187]  INFO -- : R3T won 1020
I, [2014-04-05T15:21:53.983236 #9187]  INFO -- : Mr Bazinga won 700
I, [2014-04-05T15:21:53.986234 #9187]  INFO -- : Player R3T responded with  (200)
I, [2014-04-05T15:21:53.988701 #9187]  INFO -- : Player Mr Bazinga responded with OK (200)
I, [2014-04-05T15:21:53.990501 #9187]  INFO -- : Player NoCo responded with  (200)
I, [2014-04-05T15:21:53.990971 #9187]  INFO -- : R3T received hole_card 3 of Clubs
I, [2014-04-05T15:21:53.991296 #9187]  INFO -- : Mr Bazinga received hole_card 10 of Hearts
I, [2014-04-05T15:21:53.991613 #9187]  INFO -- : R3T received hole_card Jack of Hearts
I, [2014-04-05T15:21:53.991910 #9187]  INFO -- : Mr Bazinga received hole_card 9 of Spades
I, [2014-04-05T15:21:53.992434 #9187]  INFO -- : R3T made a bet of 40 (raise) and is left with 980 chips. The pot now contains 40 chips.
I, [2014-04-05T15:21:53.992907 #9187]  INFO -- : Mr Bazinga made a bet of 80 (raise) and is left with 1900 chips. The pot now contains 120 chips.
I, [2014-04-05T15:21:53.998141 #9187]  INFO -- : Player R3T responded with 0 (200)
I, [2014-04-05T15:21:53.998444 #9187]  INFO -- : R3T made a bet of 0 (fold) and is left with 980 chips. The pot now contains 120 chips.
I, [2014-04-05T15:21:54.002943 #9187]  INFO -- : Player Mr Bazinga responded with 0 (200)
I, [2014-04-05T15:21:54.003342 #9187]  INFO -- : Mr Bazinga made a bet of 0 (check) and is left with 1900 chips. The pot now contains 120 chips.
I, [2014-04-05T15:21:54.003912 #9187]  INFO -- : Mr Bazinga won 120
I, [2014-04-05T15:21:54.009124 #9187]  INFO -- : Player R3T responded with  (200)
I, [2014-04-05T15:21:54.013712 #9187]  INFO -- : Player Mr Bazinga responded with OK (200)
I, [2014-04-05T15:21:54.017376 #9187]  INFO -- : Player NoCo responded with  (200)
I, [2014-04-05T15:21:54.018302 #9187]  INFO -- : Mr Bazinga received hole_card Queen of Diamonds
I, [2014-04-05T15:21:54.018831 #9187]  INFO -- : R3T received hole_card Queen of Clubs
I, [2014-04-05T15:21:54.019413 #9187]  INFO -- : Mr Bazinga received hole_card 4 of Spades
I, [2014-04-05T15:21:54.020008 #9187]  INFO -- : R3T received hole_card 5 of Hearts
I, [2014-04-05T15:21:54.020786 #9187]  INFO -- : Mr Bazinga made a bet of 40 (raise) and is left with 1980 chips. The pot now contains 40 chips.
I, [2014-04-05T15:21:54.021577 #9187]  INFO -- : R3T made a bet of 80 (raise) and is left with 900 chips. The pot now contains 120 chips.
I, [2014-04-05T15:21:54.027945 #9187]  INFO -- : Player Mr Bazinga responded with 0 (200)
I, [2014-04-05T15:21:54.029022 #9187]  INFO -- : Mr Bazinga made a bet of 0 (fold) and is left with 1980 chips. The pot now contains 120 chips.
I, [2014-04-05T15:21:54.030360 #9187]  INFO -- : R3T won 120
I, [2014-04-05T15:21:54.035245 #9187]  INFO -- : Player R3T responded with  (200)
I, [2014-04-05T15:21:54.038395 #9187]  INFO -- : Player Mr Bazinga responded with OK (200)
I, [2014-04-05T15:21:54.043312 #9187]  INFO -- : Player NoCo responded with  (200)
I, [2014-04-05T15:21:54.044539 #9187]  INFO -- : R3T received hole_card 8 of Clubs
I, [2014-04-05T15:21:54.045134 #9187]  INFO -- : Mr Bazinga received hole_card 7 of Clubs
I, [2014-04-05T15:21:54.045777 #9187]  INFO -- : R3T received hole_card Queen of Clubs
I, [2014-04-05T15:21:54.046362 #9187]  INFO -- : Mr Bazinga received hole_card Queen of Hearts
I, [2014-04-05T15:21:54.047270 #9187]  INFO -- : R3T made a bet of 40 (raise) and is left with 980 chips. The pot now contains 40 chips.
I, [2014-04-05T15:21:54.048192 #9187]  INFO -- : Mr Bazinga made a bet of 80 (raise) and is left with 1900 chips. The pot now contains 120 chips.
I, [2014-04-05T15:21:54.052778 #9187]  INFO -- : Player R3T responded with 276 (200)
I, [2014-04-05T15:21:54.053006 #9187]  INFO -- : R3T made a bet of 276 (raise) and is left with 704 chips. The pot now contains 396 chips.
I, [2014-04-05T15:21:54.056104 #9187]  INFO -- : Player Mr Bazinga responded with 0 (200)
I, [2014-04-05T15:21:54.056421 #9187]  INFO -- : Mr Bazinga made a bet of 0 (fold) and is left with 1900 chips. The pot now contains 396 chips.
I, [2014-04-05T15:21:54.056785 #9187]  INFO -- : R3T won 396
I, [2014-04-05T15:21:54.062367 #9187]  INFO -- : Player R3T responded with  (200)
I, [2014-04-05T15:21:54.065738 #9187]  INFO -- : Player Mr Bazinga responded with OK (200)
I, [2014-04-05T15:21:54.070074 #9187]  INFO -- : Player NoCo responded with  (200)
I, [2014-04-05T15:21:54.070608 #9187]  INFO -- : Mr Bazinga received hole_card Queen of Clubs
I, [2014-04-05T15:21:54.070897 #9187]  INFO -- : R3T received hole_card Ace of Hearts
I, [2014-04-05T15:21:54.071149 #9187]  INFO -- : Mr Bazinga received hole_card 9 of Diamonds
I, [2014-04-05T15:21:54.071497 #9187]  INFO -- : R3T received hole_card 2 of Clubs
I, [2014-04-05T15:21:54.072673 #9187]  INFO -- : Mr Bazinga made a bet of 40 (raise) and is left with 1860 chips. The pot now contains 40 chips.
I, [2014-04-05T15:21:54.073232 #9187]  INFO -- : R3T made a bet of 80 (raise) and is left with 1020 chips. The pot now contains 120 chips.
I, [2014-04-05T15:21:54.076428 #9187]  INFO -- : Player Mr Bazinga responded with 0 (200)
I, [2014-04-05T15:21:54.076990 #9187]  INFO -- : Mr Bazinga made a bet of 0 (fold) and is left with 1860 chips. The pot now contains 120 chips.
I, [2014-04-05T15:21:54.078016 #9187]  INFO -- : R3T won 120
I, [2014-04-05T15:21:54.083520 #9187]  INFO -- : Player R3T responded with  (200)
I, [2014-04-05T15:21:54.087347 #9187]  INFO -- : Player Mr Bazinga responded with OK (200)
I, [2014-04-05T15:21:54.092626 #9187]  INFO -- : Player NoCo responded with  (200)
I, [2014-04-05T15:21:54.093624 #9187]  INFO -- : R3T received hole_card Jack of Clubs
I, [2014-04-05T15:21:54.094211 #9187]  INFO -- : Mr Bazinga received hole_card 3 of Hearts
I, [2014-04-05T15:21:54.094703 #9187]  INFO -- : R3T received hole_card Queen of Diamonds
I, [2014-04-05T15:21:54.094949 #9187]  INFO -- : Mr Bazinga received hole_card 6 of Spades
I, [2014-04-05T15:21:54.095348 #9187]  INFO -- : R3T made a bet of 40 (raise) and is left with 1100 chips. The pot now contains 40 chips.
I, [2014-04-05T15:21:54.095665 #9187]  INFO -- : Mr Bazinga made a bet of 80 (raise) and is left with 1780 chips. The pot now contains 120 chips.
I, [2014-04-05T15:21:54.101008 #9187]  INFO -- : Player R3T responded with 190 (200)
I, [2014-04-05T15:21:54.101525 #9187]  INFO -- : R3T made a bet of 190 (raise) and is left with 910 chips. The pot now contains 310 chips.
I, [2014-04-05T15:21:54.105934 #9187]  INFO -- : Player Mr Bazinga responded with 0 (200)
I, [2014-04-05T15:21:54.106542 #9187]  INFO -- : Mr Bazinga made a bet of 0 (fold) and is left with 1780 chips. The pot now contains 310 chips.
I, [2014-04-05T15:21:54.107901 #9187]  INFO -- : R3T won 310
I, [2014-04-05T15:21:54.110114 #9187]  INFO -- : Player R3T responded with  (200)
I, [2014-04-05T15:21:54.111405 #9187]  INFO -- : Player Mr Bazinga responded with OK (200)
I, [2014-04-05T15:21:54.112926 #9187]  INFO -- : Player NoCo responded with  (200)
I, [2014-04-05T15:21:54.113253 #9187]  INFO -- : Mr Bazinga received hole_card 9 of Spades
I, [2014-04-05T15:21:54.113432 #9187]  INFO -- : R3T received hole_card 10 of Clubs
I, [2014-04-05T15:21:54.113626 #9187]  INFO -- : Mr Bazinga received hole_card Queen of Spades
I, [2014-04-05T15:21:54.113819 #9187]  INFO -- : R3T received hole_card 10 of Spades
I, [2014-04-05T15:21:54.114175 #9187]  INFO -- : Mr Bazinga made a bet of 40 (raise) and is left with 1740 chips. The pot now contains 40 chips.
I, [2014-04-05T15:21:54.114448 #9187]  INFO -- : R3T made a bet of 80 (raise) and is left with 1140 chips. The pot now contains 120 chips.
I, [2014-04-05T15:21:54.116505 #9187]  INFO -- : Player Mr Bazinga responded with 40 (200)
I, [2014-04-05T15:21:54.116743 #9187]  INFO -- : Mr Bazinga made a bet of 40 (call) and is left with 1700 chips. The pot now contains 160 chips.
I, [2014-04-05T15:21:54.116999 #9187]  INFO -- : community card 2 of Diamonds
I, [2014-04-05T15:21:54.117212 #9187]  INFO -- : community card 4 of Hearts
I, [2014-04-05T15:21:54.117398 #9187]  INFO -- : community card Ace of Clubs
I, [2014-04-05T15:21:54.127418 #9187]  INFO -- : Player Mr Bazinga responded with 0 (200)
I, [2014-04-05T15:21:54.127756 #9187]  INFO -- : Mr Bazinga made a bet of 0 (check) and is left with 1700 chips. The pot now contains 160 chips.
I, [2014-04-05T15:21:54.139766 #9187]  INFO -- : Player R3T responded with 160 (200)
I, [2014-04-05T15:21:54.140323 #9187]  INFO -- : R3T made a bet of 160 (raise) and is left with 980 chips. The pot now contains 320 chips.
I, [2014-04-05T15:21:54.151836 #9187]  INFO -- : Player Mr Bazinga responded with 160 (200)
I, [2014-04-05T15:21:54.152542 #9187]  INFO -- : Mr Bazinga made a bet of 160 (call) and is left with 1540 chips. The pot now contains 480 chips.
I, [2014-04-05T15:21:54.153338 #9187]  INFO -- : community card 3 of Clubs
I, [2014-04-05T15:21:54.167529 #9187]  INFO -- : Player Mr Bazinga responded with 0 (200)
I, [2014-04-05T15:21:54.167798 #9187]  INFO -- : Mr Bazinga made a bet of 0 (check) and is left with 1540 chips. The pot now contains 480 chips.
I, [2014-04-05T15:21:54.181714 #9187]  INFO -- : Player R3T responded with 320 (200)
I, [2014-04-05T15:21:54.182480 #9187]  INFO -- : R3T made a bet of 320 (raise) and is left with 660 chips. The pot now contains 800 chips.
I, [2014-04-05T15:21:54.193895 #9187]  INFO -- : Player Mr Bazinga responded with 320 (200)
I, [2014-04-05T15:21:54.194712 #9187]  INFO -- : Mr Bazinga made a bet of 320 (call) and is left with 1220 chips. The pot now contains 1120 chips.
I, [2014-04-05T15:21:54.195810 #9187]  INFO -- : community card King of Spades
I, [2014-04-05T15:21:54.211493 #9187]  INFO -- : Player Mr Bazinga responded with 0 (200)
I, [2014-04-05T15:21:54.212432 #9187]  INFO -- : Mr Bazinga made a bet of 0 (check) and is left with 1220 chips. The pot now contains 1120 chips.
I, [2014-04-05T15:21:54.230422 #9187]  INFO -- : Player R3T responded with 640 (200)
I, [2014-04-05T15:21:54.230714 #9187]  INFO -- : R3T made a bet of 640 (raise) and is left with 20 chips. The pot now contains 1760 chips.
I, [2014-04-05T15:21:54.239074 #9187]  INFO -- : Player Mr Bazinga responded with 640 (200)
I, [2014-04-05T15:21:54.239321 #9187]  INFO -- : Mr Bazinga made a bet of 640 (call) and is left with 580 chips. The pot now contains 2400 chips.
I, [2014-04-05T15:21:54.239829 #9187]  INFO -- : R3T showed 4 of Hearts,10 of Clubs,10 of Spades,King of Spades,Ace of Clubs making a pair
I, [2014-04-05T15:21:54.240198 #9187]  INFO -- : R3T won 2400
I, [2014-04-05T15:21:54.243382 #9187]  INFO -- : Player R3T responded with  (200)
I, [2014-04-05T15:21:54.251625 #9187]  INFO -- : Player Mr Bazinga responded with OK (200)
I, [2014-04-05T15:21:54.256424 #9187]  INFO -- : Player NoCo responded with  (200)
I, [2014-04-05T15:21:54.257169 #9187]  INFO -- : R3T received hole_card Queen of Diamonds
I, [2014-04-05T15:21:54.257896 #9187]  INFO -- : Mr Bazinga received hole_card King of Spades
I, [2014-04-05T15:21:54.258804 #9187]  INFO -- : R3T received hole_card 8 of Spades
I, [2014-04-05T15:21:54.259479 #9187]  INFO -- : Mr Bazinga received hole_card 10 of Clubs
I, [2014-04-05T15:21:54.260381 #9187]  INFO -- : R3T made a bet of 40 (raise) and is left with 2380 chips. The pot now contains 40 chips.
I, [2014-04-05T15:21:54.260827 #9187]  INFO -- : Mr Bazinga made a bet of 80 (raise) and is left with 500 chips. The pot now contains 120 chips.
I, [2014-04-05T15:21:54.264311 #9187]  INFO -- : Player R3T responded with 0 (200)
I, [2014-04-05T15:21:54.264611 #9187]  INFO -- : R3T made a bet of 0 (fold) and is left with 2380 chips. The pot now contains 120 chips.
I, [2014-04-05T15:21:54.267142 #9187]  INFO -- : Player Mr Bazinga responded with 0 (200)
I, [2014-04-05T15:21:54.267380 #9187]  INFO -- : Mr Bazinga made a bet of 0 (check) and is left with 500 chips. The pot now contains 120 chips.
I, [2014-04-05T15:21:54.267798 #9187]  INFO -- : Mr Bazinga won 120
I, [2014-04-05T15:21:54.270186 #9187]  INFO -- : Player R3T responded with  (200)
I, [2014-04-05T15:21:54.272233 #9187]  INFO -- : Player Mr Bazinga responded with OK (200)
I, [2014-04-05T15:21:54.274719 #9187]  INFO -- : Player NoCo responded with  (200)
I, [2014-04-05T15:21:54.275078 #9187]  INFO -- : Mr Bazinga received hole_card 5 of Spades
I, [2014-04-05T15:21:54.275271 #9187]  INFO -- : R3T received hole_card Ace of Clubs
I, [2014-04-05T15:21:54.275456 #9187]  INFO -- : Mr Bazinga received hole_card 9 of Spades
I, [2014-04-05T15:21:54.275620 #9187]  INFO -- : R3T received hole_card Ace of Diamonds
I, [2014-04-05T15:21:54.275932 #9187]  INFO -- : Mr Bazinga made a bet of 40 (raise) and is left with 580 chips. The pot now contains 40 chips.
I, [2014-04-05T15:21:54.276253 #9187]  INFO -- : R3T made a bet of 80 (raise) and is left with 2300 chips. The pot now contains 120 chips.
I, [2014-04-05T15:21:54.278543 #9187]  INFO -- : Player Mr Bazinga responded with 40 (200)
I, [2014-04-05T15:21:54.278805 #9187]  INFO -- : Mr Bazinga made a bet of 40 (call) and is left with 540 chips. The pot now contains 160 chips.
I, [2014-04-05T15:21:54.279003 #9187]  INFO -- : community card 4 of Clubs
I, [2014-04-05T15:21:54.279179 #9187]  INFO -- : community card 6 of Clubs
I, [2014-04-05T15:21:54.279342 #9187]  INFO -- : community card 7 of Hearts
I, [2014-04-05T15:21:54.297438 #9187]  INFO -- : Player Mr Bazinga responded with 0 (200)
I, [2014-04-05T15:21:54.297942 #9187]  INFO -- : Mr Bazinga made a bet of 0 (check) and is left with 540 chips. The pot now contains 160 chips.
I, [2014-04-05T15:21:54.317583 #9187]  INFO -- : Player R3T responded with 160 (200)
I, [2014-04-05T15:21:54.318854 #9187]  INFO -- : R3T made a bet of 160 (raise) and is left with 2140 chips. The pot now contains 320 chips.
I, [2014-04-05T15:21:54.351576 #9187]  INFO -- : Player Mr Bazinga responded with 160 (200)
I, [2014-04-05T15:21:54.353267 #9187]  INFO -- : Mr Bazinga made a bet of 160 (call) and is left with 380 chips. The pot now contains 480 chips.
I, [2014-04-05T15:21:54.354946 #9187]  INFO -- : community card Queen of Diamonds
I, [2014-04-05T15:21:54.367590 #9187]  INFO -- : Player Mr Bazinga responded with 0 (200)
I, [2014-04-05T15:21:54.368373 #9187]  INFO -- : Mr Bazinga made a bet of 0 (check) and is left with 380 chips. The pot now contains 480 chips.
I, [2014-04-05T15:21:54.378967 #9187]  INFO -- : Player R3T responded with 320 (200)
I, [2014-04-05T15:21:54.379382 #9187]  INFO -- : R3T made a bet of 320 (raise) and is left with 1820 chips. The pot now contains 800 chips.
I, [2014-04-05T15:21:54.392346 #9187]  INFO -- : Player Mr Bazinga responded with 320 (200)
I, [2014-04-05T15:21:54.392759 #9187]  INFO -- : Mr Bazinga made a bet of 320 (call) and is left with 60 chips. The pot now contains 1120 chips.
I, [2014-04-05T15:21:54.393147 #9187]  INFO -- : community card Queen of Hearts
I, [2014-04-05T15:21:54.402034 #9187]  INFO -- : Player Mr Bazinga responded with 0 (200)
I, [2014-04-05T15:21:54.402349 #9187]  INFO -- : Mr Bazinga made a bet of 0 (check) and is left with 60 chips. The pot now contains 1120 chips.
I, [2014-04-05T15:21:54.418554 #9187]  INFO -- : Player R3T responded with 720 (200)
I, [2014-04-05T15:21:54.418979 #9187]  INFO -- : R3T made a bet of 720 (raise) and is left with 1100 chips. The pot now contains 1840 chips.
I, [2014-04-05T15:21:54.432719 #9187]  INFO -- : Player Mr Bazinga responded with 720 (200)
I, [2014-04-05T15:21:54.432993 #9187]  INFO -- : Mr Bazinga made a bet of 60 (allin) and is left with 0 chips. The pot now contains 1900 chips.
I, [2014-04-05T15:21:54.433505 #9187]  INFO -- : R3T showed 7 of Hearts,Queen of Diamonds,Queen of Hearts,Ace of Diamonds,Ace of Clubs making a two pairs
I, [2014-04-05T15:21:54.434034 #9187]  INFO -- : R3T won 1900
I, [2014-04-05T15:21:54.437628 #9187]  INFO -- : Player R3T responded with  (200)
I, [2014-04-05T15:21:54.439972 #9187]  INFO -- : Player Mr Bazinga responded with OK (200)
I, [2014-04-05T15:21:54.442577 #9187]  INFO -- : Player NoCo responded with  (200)
