:compileJava UP-TO-DATE
:processResources UP-TO-DATE
:classes UP-TO-DATE
:tomcatRun
Started Tomcat Server
The Server is running at http://localhost:8080
players : [{"name":"R3T","stack":1000,"status":"active","bet":0,"hole_cards":[{"rank":"6","suit":"spades"},{"rank":"9","suit":"clubs"}],"version":"","id":0},{"name":"Mr Bazinga","stack":990,"status":"active","bet":10,"version":"Default JavaScript folding player","id":1},{"name":"NoCo","stack":980,"status":"active","bet":20,"version":"NoCo","id":2}]
small_blind : 10
orbits : 0
dealer : 0
community_cards : []
current_buy_in : 20
pot : 30
in_action : 0
minimum_raise : 10
players : [{"name":"R3T","stack":980,"status":"active","bet":20,"hole_cards":[{"rank":"3","suit":"clubs"},{"rank":"7","suit":"spades"}],"version":"","id":0},{"name":"Mr Bazinga","stack":990,"status":"folded","bet":0,"version":"Default JavaScript folding player","id":1},{"name":"NoCo","stack":1000,"status":"folded","bet":10,"version":"NoCo","id":2}]
small_blind : 10
orbits : 0
dealer : 1
community_cards : []
current_buy_in : 20
pot : 30
in_action : 0
minimum_raise : 10
players : [{"name":"R3T","stack":1000,"status":"active","bet":10,"hole_cards":[{"rank":"7","suit":"hearts"},{"rank":"2","suit":"hearts"}],"version":"","id":0},{"name":"Mr Bazinga","stack":970,"status":"active","bet":20,"version":"Default JavaScript folding player","id":1},{"name":"NoCo","stack":1000,"status":"folded","bet":0,"version":"NoCo","id":2}]
small_blind : 10
orbits : 0
dealer : 2
community_cards : []
current_buy_in : 20
pot : 30
in_action : 0
minimum_raise : 10
players : [{"name":"R3T","stack":1000,"status":"active","bet":0,"hole_cards":[{"rank":"7","suit":"hearts"},{"rank":"6","suit":"clubs"}],"version":"","id":0},{"name":"Mr Bazinga","stack":990,"status":"active","bet":10,"version":"Default JavaScript folding player","id":1},{"name":"NoCo","stack":980,"status":"active","bet":20,"version":"NoCo","id":2}]
small_blind : 10
orbits : 1
dealer : 0
community_cards : []
current_buy_in : 20
pot : 30
in_action : 0
minimum_raise : 10
players : [{"name":"R3T","stack":980,"status":"active","bet":20,"hole_cards":[{"rank":"3","suit":"spades"},{"rank":"K","suit":"spades"}],"version":"","id":0},{"name":"Mr Bazinga","stack":990,"status":"folded","bet":0,"version":"Default JavaScript folding player","id":1},{"name":"NoCo","stack":1000,"status":"folded","bet":10,"version":"NoCo","id":2}]
small_blind : 10
orbits : 1
dealer : 1
community_cards : []
current_buy_in : 20
pot : 30
in_action : 0
minimum_raise : 10
players : [{"name":"R3T","stack":1000,"status":"active","bet":10,"hole_cards":[{"rank":"3","suit":"diamonds"},{"rank":"J","suit":"hearts"}],"version":"","id":0},{"name":"Mr Bazinga","stack":970,"status":"active","bet":20,"version":"Default JavaScript folding player","id":1},{"name":"NoCo","stack":1000,"status":"folded","bet":0,"version":"NoCo","id":2}]
small_blind : 10
orbits : 1
dealer : 2
community_cards : []
current_buy_in : 20
pot : 30
in_action : 0
minimum_raise : 10
players : [{"name":"R3T","stack":1000,"status":"active","bet":0,"hole_cards":[{"rank":"K","suit":"hearts"},{"rank":"6","suit":"spades"}],"version":"","id":0},{"name":"Mr Bazinga","stack":990,"status":"active","bet":10,"version":"Default JavaScript folding player","id":1},{"name":"NoCo","stack":980,"status":"active","bet":20,"version":"NoCo","id":2}]
small_blind : 10
orbits : 2
dealer : 0
community_cards : []
current_buy_in : 20
pot : 30
in_action : 0
minimum_raise : 10
players : [{"name":"R3T","stack":980,"status":"active","bet":20,"hole_cards":[{"rank":"5","suit":"clubs"},{"rank":"4","suit":"diamonds"}],"version":"","id":0},{"name":"Mr Bazinga","stack":990,"status":"folded","bet":0,"version":"Default JavaScript folding player","id":1},{"name":"NoCo","stack":1000,"status":"folded","bet":10,"version":"NoCo","id":2}]
small_blind : 10
orbits : 2
dealer : 1
community_cards : []
current_buy_in : 20
pot : 30
in_action : 0
minimum_raise : 10
players : [{"name":"R3T","stack":1000,"status":"active","bet":10,"hole_cards":[{"rank":"9","suit":"spades"},{"rank":"10","suit":"hearts"}],"version":"","id":0},{"name":"Mr Bazinga","stack":970,"status":"active","bet":20,"version":"Default JavaScript folding player","id":1},{"name":"NoCo","stack":1000,"status":"folded","bet":0,"version":"NoCo","id":2}]
small_blind : 10
orbits : 2
dealer : 2
community_cards : []
current_buy_in : 20
pot : 30
in_action : 0
minimum_raise : 10
players : [{"name":"R3T","stack":1000,"status":"active","bet":0,"hole_cards":[{"rank":"7","suit":"clubs"},{"rank":"A","suit":"spades"}],"version":"","id":0},{"name":"Mr Bazinga","stack":980,"status":"active","bet":20,"version":"Default JavaScript folding player","id":1},{"name":"NoCo","stack":960,"status":"active","bet":40,"version":"NoCo","id":2}]
small_blind : 10
orbits : 3
dealer : 0
community_cards : []
current_buy_in : 40
pot : 60
in_action : 0
minimum_raise : 20
players : [{"name":"R3T","stack":960,"status":"active","bet":40,"hole_cards":[{"rank":"8","suit":"spades"},{"rank":"10","suit":"spades"}],"version":"","id":0},{"name":"Mr Bazinga","stack":980,"status":"folded","bet":0,"version":"Default JavaScript folding player","id":1},{"name":"NoCo","stack":1000,"status":"folded","bet":20,"version":"NoCo","id":2}]
small_blind : 10
orbits : 3
dealer : 1
community_cards : []
current_buy_in : 40
pot : 60
in_action : 0
minimum_raise : 20
players : [{"name":"R3T","stack":1000,"status":"active","bet":20,"hole_cards":[{"rank":"5","suit":"clubs"},{"rank":"10","suit":"hearts"}],"version":"","id":0},{"name":"Mr Bazinga","stack":940,"status":"active","bet":40,"version":"Default JavaScript folding player","id":1},{"name":"NoCo","stack":1000,"status":"folded","bet":0,"version":"NoCo","id":2}]
small_blind : 10
orbits : 3
dealer : 2
community_cards : []
current_buy_in : 40
pot : 60
in_action : 0
minimum_raise : 20
players : [{"name":"R3T","stack":1000,"status":"active","bet":0,"hole_cards":[{"rank":"8","suit":"diamonds"},{"rank":"9","suit":"spades"}],"version":"","id":0},{"name":"Mr Bazinga","stack":980,"status":"active","bet":20,"version":"Default JavaScript folding player","id":1},{"name":"NoCo","stack":960,"status":"active","bet":40,"version":"NoCo","id":2}]
small_blind : 10
orbits : 4
dealer : 0
community_cards : []
current_buy_in : 40
pot : 60
in_action : 0
minimum_raise : 20
players : [{"name":"R3T","stack":960,"status":"active","bet":40,"hole_cards":[{"rank":"3","suit":"hearts"},{"rank":"K","suit":"hearts"}],"version":"","id":0},{"name":"Mr Bazinga","stack":980,"status":"folded","bet":0,"version":"Default JavaScript folding player","id":1},{"name":"NoCo","stack":1000,"status":"folded","bet":20,"version":"NoCo","id":2}]
small_blind : 10
orbits : 4
dealer : 1
community_cards : []
current_buy_in : 40
pot : 60
in_action : 0
minimum_raise : 20
players : [{"name":"R3T","stack":1000,"status":"active","bet":20,"hole_cards":[{"rank":"4","suit":"spades"},{"rank":"8","suit":"diamonds"}],"version":"","id":0},{"name":"Mr Bazinga","stack":940,"status":"active","bet":40,"version":"Default JavaScript folding player","id":1},{"name":"NoCo","stack":1000,"status":"folded","bet":0,"version":"NoCo","id":2}]
small_blind : 10
orbits : 4
dealer : 2
community_cards : []
current_buy_in : 40
pot : 60
in_action : 0
minimum_raise : 20
players : [{"name":"R3T","stack":1000,"status":"active","bet":0,"hole_cards":[{"rank":"Q","suit":"diamonds"},{"rank":"K","suit":"spades"}],"version":"","id":0},{"name":"Mr Bazinga","stack":980,"status":"active","bet":20,"version":"Default JavaScript folding player","id":1},{"name":"NoCo","stack":960,"status":"active","bet":40,"version":"NoCo","id":2}]
small_blind : 10
orbits : 5
dealer : 0
community_cards : []
current_buy_in : 40
pot : 60
in_action : 0
minimum_raise : 20
players : [{"name":"R3T","stack":960,"status":"active","bet":40,"hole_cards":[{"rank":"2","suit":"diamonds"},{"rank":"10","suit":"hearts"}],"version":"","id":0},{"name":"Mr Bazinga","stack":980,"status":"folded","bet":0,"version":"Default JavaScript folding player","id":1},{"name":"NoCo","stack":1000,"status":"folded","bet":20,"version":"NoCo","id":2}]
small_blind : 10
orbits : 5
dealer : 1
community_cards : []
current_buy_in : 40
pot : 60
in_action : 0
minimum_raise : 20
players : [{"name":"R3T","stack":1000,"status":"active","bet":20,"hole_cards":[{"rank":"2","suit":"clubs"},{"rank":"6","suit":"clubs"}],"version":"","id":0},{"name":"Mr Bazinga","stack":940,"status":"active","bet":40,"version":"Default JavaScript folding player","id":1},{"name":"NoCo","stack":1000,"status":"folded","bet":0,"version":"NoCo","id":2}]
small_blind : 10
orbits : 5
dealer : 2
community_cards : []
current_buy_in : 40
pot : 60
in_action : 0
minimum_raise : 20
players : [{"name":"R3T","stack":1000,"status":"active","bet":0,"hole_cards":[{"rank":"A","suit":"hearts"},{"rank":"7","suit":"hearts"}],"version":"","id":0},{"name":"Mr Bazinga","stack":960,"status":"active","bet":40,"version":"Default JavaScript folding player","id":1},{"name":"NoCo","stack":920,"status":"active","bet":80,"version":"NoCo","id":2}]
small_blind : 10
orbits : 6
dealer : 0
community_cards : []
current_buy_in : 80
pot : 120
in_action : 0
minimum_raise : 40
players : [{"name":"R3T","stack":920,"status":"active","bet":80,"hole_cards":[{"rank":"2","suit":"hearts"},{"rank":"3","suit":"clubs"}],"version":"","id":0},{"name":"Mr Bazinga","stack":960,"status":"folded","bet":0,"version":"Default JavaScript folding player","id":1},{"name":"NoCo","stack":1000,"status":"folded","bet":40,"version":"NoCo","id":2}]
small_blind : 10
orbits : 6
dealer : 1
community_cards : []
current_buy_in : 80
pot : 120
in_action : 0
minimum_raise : 40
players : [{"name":"R3T","stack":1000,"status":"active","bet":40,"hole_cards":[{"rank":"4","suit":"spades"},{"rank":"8","suit":"diamonds"}],"version":"","id":0},{"name":"Mr Bazinga","stack":880,"status":"active","bet":80,"version":"Default JavaScript folding player","id":1},{"name":"NoCo","stack":1000,"status":"folded","bet":0,"version":"NoCo","id":2}]
small_blind : 10
orbits : 6
dealer : 2
community_cards : []
current_buy_in : 80
pot : 120
in_action : 0
minimum_raise : 40
players : [{"name":"R3T","stack":1000,"status":"active","bet":0,"hole_cards":[{"rank":"10","suit":"spades"},{"rank":"10","suit":"diamonds"}],"version":"","id":0},{"name":"Mr Bazinga","stack":960,"status":"active","bet":40,"version":"Default JavaScript folding player","id":1},{"name":"NoCo","stack":920,"status":"active","bet":80,"version":"NoCo","id":2}]
small_blind : 10
orbits : 7
dealer : 0
community_cards : []
current_buy_in : 80
pot : 120
in_action : 0
minimum_raise : 40
players : [{"name":"R3T","stack":920,"status":"active","bet":80,"hole_cards":[{"rank":"4","suit":"spades"},{"rank":"3","suit":"spades"}],"version":"","id":0},{"name":"Mr Bazinga","stack":960,"status":"folded","bet":0,"version":"Default JavaScript folding player","id":1},{"name":"NoCo","stack":1000,"status":"folded","bet":40,"version":"NoCo","id":2}]
small_blind : 10
orbits : 7
dealer : 1
community_cards : []
current_buy_in : 80
pot : 120
in_action : 0
minimum_raise : 40
players : [{"name":"R3T","stack":1000,"status":"active","bet":40,"hole_cards":[{"rank":"7","suit":"clubs"},{"rank":"6","suit":"spades"}],"version":"","id":0},{"name":"Mr Bazinga","stack":880,"status":"active","bet":80,"version":"Default JavaScript folding player","id":1},{"name":"NoCo","stack":1000,"status":"folded","bet":0,"version":"NoCo","id":2}]
small_blind : 10
orbits : 7
dealer : 2
community_cards : []
current_buy_in : 80
pot : 120
in_action : 0
minimum_raise : 40
players : [{"name":"R3T","stack":1000,"status":"active","bet":0,"hole_cards":[{"rank":"7","suit":"hearts"},{"rank":"8","suit":"clubs"}],"version":"","id":0},{"name":"Mr Bazinga","stack":960,"status":"active","bet":40,"version":"Default JavaScript folding player","id":1},{"name":"NoCo","stack":920,"status":"active","bet":80,"version":"NoCo","id":2}]
small_blind : 10
orbits : 8
dealer : 0
community_cards : []
current_buy_in : 80
pot : 120
in_action : 0
minimum_raise : 40
players : [{"name":"R3T","stack":920,"status":"active","bet":80,"hole_cards":[{"rank":"J","suit":"spades"},{"rank":"A","suit":"hearts"}],"version":"","id":0},{"name":"Mr Bazinga","stack":960,"status":"folded","bet":0,"version":"Default JavaScript folding player","id":1},{"name":"NoCo","stack":1000,"status":"folded","bet":40,"version":"NoCo","id":2}]
small_blind : 10
orbits : 8
dealer : 1
community_cards : []
current_buy_in : 80
pot : 120
in_action : 0
minimum_raise : 40
players : [{"name":"R3T","stack":1000,"status":"active","bet":40,"hole_cards":[{"rank":"3","suit":"clubs"},{"rank":"A","suit":"hearts"}],"version":"","id":0},{"name":"Mr Bazinga","stack":880,"status":"active","bet":80,"version":"Default JavaScript folding player","id":1},{"name":"NoCo","stack":1000,"status":"folded","bet":0,"version":"NoCo","id":2}]
small_blind : 10
orbits : 8
dealer : 2
community_cards : []
current_buy_in : 80
pot : 120
in_action : 0
minimum_raise : 40
players : [{"name":"R3T","stack":1000,"status":"active","bet":0,"hole_cards":[{"rank":"K","suit":"clubs"},{"rank":"2","suit":"clubs"}],"version":"","id":0},{"name":"Mr Bazinga","stack":920,"status":"active","bet":80,"version":"Default JavaScript folding player","id":1},{"name":"NoCo","stack":840,"status":"active","bet":160,"version":"NoCo","id":2}]
small_blind : 10
orbits : 9
dealer : 0
community_cards : []
current_buy_in : 160
pot : 240
in_action : 0
minimum_raise : 80
players : [{"name":"R3T","stack":840,"status":"active","bet":160,"hole_cards":[{"rank":"J","suit":"clubs"},{"rank":"10","suit":"hearts"}],"version":"","id":0},{"name":"Mr Bazinga","stack":920,"status":"folded","bet":0,"version":"Default JavaScript folding player","id":1},{"name":"NoCo","stack":1000,"status":"folded","bet":80,"version":"NoCo","id":2}]
small_blind : 10
orbits : 9
dealer : 1
community_cards : []
current_buy_in : 160
pot : 240
in_action : 0
minimum_raise : 80
players : [{"name":"R3T","stack":1000,"status":"active","bet":80,"hole_cards":[{"rank":"5","suit":"clubs"},{"rank":"7","suit":"spades"}],"version":"","id":0},{"name":"Mr Bazinga","stack":760,"status":"active","bet":160,"version":"Default JavaScript folding player","id":1},{"name":"NoCo","stack":1000,"status":"folded","bet":0,"version":"NoCo","id":2}]
small_blind : 10
orbits : 9
dealer : 2
community_cards : []
current_buy_in : 160
pot : 240
in_action : 0
minimum_raise : 80
players : [{"name":"R3T","stack":1000,"status":"active","bet":0,"hole_cards":[{"rank":"8","suit":"clubs"},{"rank":"A","suit":"diamonds"}],"version":"","id":0},{"name":"Mr Bazinga","stack":920,"status":"active","bet":80,"version":"Default JavaScript folding player","id":1},{"name":"NoCo","stack":840,"status":"active","bet":160,"version":"NoCo","id":2}]
small_blind : 10
orbits : 10
dealer : 0
community_cards : []
current_buy_in : 160
pot : 240
in_action : 0
minimum_raise : 80
players : [{"name":"R3T","stack":840,"status":"active","bet":160,"hole_cards":[{"rank":"3","suit":"hearts"},{"rank":"8","suit":"hearts"}],"version":"","id":0},{"name":"Mr Bazinga","stack":920,"status":"folded","bet":0,"version":"Default JavaScript folding player","id":1},{"name":"NoCo","stack":1000,"status":"folded","bet":80,"version":"NoCo","id":2}]
small_blind : 10
orbits : 10
dealer : 1
community_cards : []
current_buy_in : 160
pot : 240
in_action : 0
minimum_raise : 80
players : [{"name":"R3T","stack":1000,"status":"active","bet":80,"hole_cards":[{"rank":"3","suit":"spades"},{"rank":"Q","suit":"clubs"}],"version":"","id":0},{"name":"Mr Bazinga","stack":760,"status":"active","bet":160,"version":"Default JavaScript folding player","id":1},{"name":"NoCo","stack":1000,"status":"folded","bet":0,"version":"NoCo","id":2}]
small_blind : 10
orbits : 10
dealer : 2
community_cards : []
current_buy_in : 160
pot : 240
in_action : 0
minimum_raise : 80
players : [{"name":"R3T","stack":1000,"status":"active","bet":0,"hole_cards":[{"rank":"K","suit":"hearts"},{"rank":"3","suit":"hearts"}],"version":"","id":0},{"name":"Mr Bazinga","stack":920,"status":"active","bet":80,"version":"Default JavaScript folding player","id":1},{"name":"NoCo","stack":840,"status":"active","bet":160,"version":"NoCo","id":2}]
small_blind : 10
orbits : 11
dealer : 0
community_cards : []
current_buy_in : 160
pot : 240
in_action : 0
minimum_raise : 80
players : [{"name":"R3T","stack":840,"status":"active","bet":160,"hole_cards":[{"rank":"2","suit":"spades"},{"rank":"J","suit":"hearts"}],"version":"","id":0},{"name":"Mr Bazinga","stack":920,"status":"folded","bet":0,"version":"Default JavaScript folding player","id":1},{"name":"NoCo","stack":1000,"status":"folded","bet":80,"version":"NoCo","id":2}]
small_blind : 10
orbits : 11
dealer : 1
community_cards : []
current_buy_in : 160
pot : 240
in_action : 0
minimum_raise : 80
players : [{"name":"R3T","stack":1000,"status":"active","bet":80,"hole_cards":[{"rank":"4","suit":"spades"},{"rank":"3","suit":"hearts"}],"version":"","id":0},{"name":"Mr Bazinga","stack":760,"status":"active","bet":160,"version":"Default JavaScript folding player","id":1},{"name":"NoCo","stack":1000,"status":"folded","bet":0,"version":"NoCo","id":2}]
small_blind : 10
orbits : 11
dealer : 2
community_cards : []
current_buy_in : 160
pot : 240
in_action : 0
minimum_raise : 80
players : [{"name":"R3T","stack":1000,"status":"active","bet":0,"hole_cards":[{"rank":"7","suit":"hearts"},{"rank":"J","suit":"spades"}],"version":"","id":0},{"name":"Mr Bazinga","stack":840,"status":"active","bet":160,"version":"Default JavaScript folding player","id":1},{"name":"NoCo","stack":680,"status":"active","bet":320,"version":"NoCo","id":2}]
small_blind : 10
orbits : 12
dealer : 0
community_cards : []
current_buy_in : 320
pot : 480
in_action : 0
minimum_raise : 160
players : [{"name":"R3T","stack":680,"status":"active","bet":320,"hole_cards":[{"rank":"7","suit":"clubs"},{"rank":"9","suit":"clubs"}],"version":"","id":0},{"name":"Mr Bazinga","stack":840,"status":"folded","bet":0,"version":"Default JavaScript folding player","id":1},{"name":"NoCo","stack":1000,"status":"folded","bet":160,"version":"NoCo","id":2}]
small_blind : 10
orbits : 12
dealer : 1
community_cards : []
current_buy_in : 320
pot : 480
in_action : 0
minimum_raise : 160
players : [{"name":"R3T","stack":1000,"status":"active","bet":160,"hole_cards":[{"rank":"9","suit":"clubs"},{"rank":"2","suit":"clubs"}],"version":"","id":0},{"name":"Mr Bazinga","stack":520,"status":"active","bet":320,"version":"Default JavaScript folding player","id":1},{"name":"NoCo","stack":1000,"status":"folded","bet":0,"version":"NoCo","id":2}]
small_blind : 10
orbits : 12
dealer : 2
community_cards : []
current_buy_in : 320
pot : 480
in_action : 0
minimum_raise : 160
players : [{"name":"R3T","stack":1000,"status":"active","bet":0,"hole_cards":[{"rank":"10","suit":"diamonds"},{"rank":"2","suit":"clubs"}],"version":"","id":0},{"name":"Mr Bazinga","stack":840,"status":"active","bet":160,"version":"Default JavaScript folding player","id":1},{"name":"NoCo","stack":680,"status":"active","bet":320,"version":"NoCo","id":2}]
small_blind : 10
orbits : 13
dealer : 0
community_cards : []
current_buy_in : 320
pot : 480
in_action : 0
minimum_raise : 160
players : [{"name":"R3T","stack":680,"status":"active","bet":320,"hole_cards":[{"rank":"9","suit":"diamonds"},{"rank":"A","suit":"spades"}],"version":"","id":0},{"name":"Mr Bazinga","stack":840,"status":"folded","bet":0,"version":"Default JavaScript folding player","id":1},{"name":"NoCo","stack":1000,"status":"folded","bet":160,"version":"NoCo","id":2}]
small_blind : 10
orbits : 13
dealer : 1
community_cards : []
current_buy_in : 320
pot : 480
in_action : 0
minimum_raise : 160
players : [{"name":"R3T","stack":1000,"status":"active","bet":160,"hole_cards":[{"rank":"A","suit":"hearts"},{"rank":"Q","suit":"clubs"}],"version":"","id":0},{"name":"Mr Bazinga","stack":520,"status":"active","bet":320,"version":"Default JavaScript folding player","id":1},{"name":"NoCo","stack":1000,"status":"folded","bet":0,"version":"NoCo","id":2}]
small_blind : 10
orbits : 13
dealer : 2
community_cards : []
current_buy_in : 320
pot : 480
in_action : 0
minimum_raise : 160
players : [{"name":"R3T","stack":1000,"status":"active","bet":0,"hole_cards":[{"rank":"5","suit":"clubs"},{"rank":"8","suit":"diamonds"}],"version":"","id":0},{"name":"Mr Bazinga","stack":840,"status":"active","bet":160,"version":"Default JavaScript folding player","id":1},{"name":"NoCo","stack":680,"status":"active","bet":320,"version":"NoCo","id":2}]
small_blind : 10
orbits : 14
dealer : 0
community_cards : []
current_buy_in : 320
pot : 480
in_action : 0
minimum_raise : 160
players : [{"name":"R3T","stack":680,"status":"active","bet":320,"hole_cards":[{"rank":"7","suit":"diamonds"},{"rank":"K","suit":"hearts"}],"version":"","id":0},{"name":"Mr Bazinga","stack":840,"status":"folded","bet":0,"version":"Default JavaScript folding player","id":1},{"name":"NoCo","stack":1000,"status":"folded","bet":160,"version":"NoCo","id":2}]
small_blind : 10
orbits : 14
dealer : 1
community_cards : []
current_buy_in : 320
pot : 480
in_action : 0
minimum_raise : 160
players : [{"name":"R3T","stack":1000,"status":"active","bet":160,"hole_cards":[{"rank":"K","suit":"clubs"},{"rank":"10","suit":"hearts"}],"version":"","id":0},{"name":"Mr Bazinga","stack":520,"status":"active","bet":320,"version":"Default JavaScript folding player","id":1},{"name":"NoCo","stack":1000,"status":"folded","bet":0,"version":"NoCo","id":2}]
small_blind : 10
orbits : 14
dealer : 2
community_cards : []
current_buy_in : 320
pot : 480
in_action : 0
minimum_raise : 160
players : [{"name":"R3T","stack":1000,"status":"active","bet":0,"hole_cards":[{"rank":"5","suit":"spades"},{"rank":"4","suit":"hearts"}],"version":"","id":0},{"name":"Mr Bazinga","stack":680,"status":"active","bet":320,"version":"Default JavaScript folding player","id":1},{"name":"NoCo","stack":360,"status":"active","bet":640,"version":"NoCo","id":2}]
small_blind : 10
orbits : 15
dealer : 0
community_cards : []
current_buy_in : 640
pot : 960
in_action : 0
minimum_raise : 320
players : [{"name":"R3T","stack":360,"status":"active","bet":640,"hole_cards":[{"rank":"10","suit":"spades"},{"rank":"3","suit":"clubs"}],"version":"","id":0},{"name":"Mr Bazinga","stack":680,"status":"folded","bet":0,"version":"Default JavaScript folding player","id":1},{"name":"NoCo","stack":1000,"status":"folded","bet":320,"version":"NoCo","id":2}]
small_blind : 10
orbits : 15
dealer : 1
community_cards : []
current_buy_in : 640
pot : 960
in_action : 0
minimum_raise : 320
players : [{"name":"R3T","stack":1000,"status":"active","bet":320,"hole_cards":[{"rank":"7","suit":"diamonds"},{"rank":"8","suit":"hearts"}],"version":"","id":0},{"name":"Mr Bazinga","stack":40,"status":"active","bet":640,"version":"Default JavaScript folding player","id":1},{"name":"NoCo","stack":1000,"status":"folded","bet":0,"version":"NoCo","id":2}]
small_blind : 10
orbits : 15
dealer : 2
community_cards : []
current_buy_in : 640
pot : 960
in_action : 0
minimum_raise : 320
players : [{"name":"R3T","stack":1000,"status":"active","bet":0,"hole_cards":[{"rank":"9","suit":"diamonds"},{"rank":"K","suit":"diamonds"}],"version":"","id":0},{"name":"Mr Bazinga","stack":680,"status":"active","bet":320,"version":"Default JavaScript folding player","id":1},{"name":"NoCo","stack":360,"status":"active","bet":640,"version":"NoCo","id":2}]
small_blind : 10
orbits : 16
dealer : 0
community_cards : []
current_buy_in : 640
pot : 960
in_action : 0
minimum_raise : 320
players : [{"name":"R3T","stack":360,"status":"active","bet":640,"hole_cards":[{"rank":"10","suit":"spades"},{"rank":"J","suit":"clubs"}],"version":"","id":0},{"name":"Mr Bazinga","stack":680,"status":"folded","bet":0,"version":"Default JavaScript folding player","id":1},{"name":"NoCo","stack":1000,"status":"folded","bet":320,"version":"NoCo","id":2}]
small_blind : 10
orbits : 16
dealer : 1
community_cards : []
current_buy_in : 640
pot : 960
in_action : 0
minimum_raise : 320
players : [{"name":"R3T","stack":1000,"status":"active","bet":320,"hole_cards":[{"rank":"3","suit":"hearts"},{"rank":"3","suit":"diamonds"}],"version":"","id":0},{"name":"Mr Bazinga","stack":40,"status":"active","bet":640,"version":"Default JavaScript folding player","id":1},{"name":"NoCo","stack":1000,"status":"folded","bet":0,"version":"NoCo","id":2}]
small_blind : 10
orbits : 16
dealer : 2
community_cards : []
current_buy_in : 640
pot : 960
in_action : 0
minimum_raise : 320
players : [{"name":"R3T","stack":1000,"status":"active","bet":0,"hole_cards":[{"rank":"J","suit":"diamonds"},{"rank":"3","suit":"clubs"}],"version":"","id":0},{"name":"Mr Bazinga","stack":680,"status":"active","bet":320,"version":"Default JavaScript folding player","id":1},{"name":"NoCo","stack":360,"status":"active","bet":640,"version":"NoCo","id":2}]
small_blind : 10
orbits : 17
dealer : 0
community_cards : []
current_buy_in : 640
pot : 960
in_action : 0
minimum_raise : 320
players : [{"name":"R3T","stack":360,"status":"active","bet":640,"hole_cards":[{"rank":"A","suit":"clubs"},{"rank":"J","suit":"diamonds"}],"version":"","id":0},{"name":"Mr Bazinga","stack":680,"status":"folded","bet":0,"version":"Default JavaScript folding player","id":1},{"name":"NoCo","stack":1000,"status":"folded","bet":320,"version":"NoCo","id":2}]
small_blind : 10
orbits : 17
dealer : 1
community_cards : []
current_buy_in : 640
pot : 960
in_action : 0
minimum_raise : 320
players : [{"name":"R3T","stack":1000,"status":"active","bet":320,"hole_cards":[{"rank":"2","suit":"diamonds"},{"rank":"8","suit":"spades"}],"version":"","id":0},{"name":"Mr Bazinga","stack":40,"status":"active","bet":640,"version":"Default JavaScript folding player","id":1},{"name":"NoCo","stack":1000,"status":"folded","bet":0,"version":"NoCo","id":2}]
small_blind : 10
orbits : 17
dealer : 2
community_cards : []
current_buy_in : 640
pot : 960
in_action : 0
minimum_raise : 320
players : [{"name":"R3T","stack":1000,"status":"active","bet":0,"hole_cards":[{"rank":"6","suit":"spades"},{"rank":"3","suit":"diamonds"}],"version":"","id":0},{"name":"Mr Bazinga","stack":360,"status":"active","bet":640,"version":"Default JavaScript folding player","id":1},{"name":"NoCo","stack":0,"status":"active","bet":1000,"version":"NoCo","id":2}]
small_blind : 10
orbits : 18
dealer : 0
community_cards : []
current_buy_in : 1000
pot : 1640
in_action : 0
minimum_raise : 640
players : [{"name":"R3T","stack":1000,"status":"active","bet":640,"hole_cards":[{"rank":"7","suit":"spades"},{"rank":"J","suit":"hearts"}],"version":"","id":0},{"name":"Mr Bazinga","stack":0,"status":"active","bet":360,"version":"Default JavaScript folding player","id":1},{"name":"NoCo","stack":1000,"status":"folded","bet":0,"version":"NoCo","id":2}]
small_blind : 10
orbits : 18
dealer : 2
community_cards : []
current_buy_in : 640
pot : 1000
in_action : 0
minimum_raise : 640
players : [{"name":"R3T","stack":720,"status":"active","bet":1280,"hole_cards":[{"rank":"A","suit":"clubs"},{"rank":"2","suit":"spades"}],"version":"","id":0},{"name":"Mr Bazinga","stack":0,"status":"out","bet":0,"version":"Default JavaScript folding player","id":1},{"name":"NoCo","stack":360,"status":"folded","bet":640,"version":"NoCo","id":2}]
small_blind : 10
orbits : 19
dealer : 0
community_cards : []
current_buy_in : 1280
pot : 1920
in_action : 0
minimum_raise : 640
players : [{"name":"R3T","stack":2000,"status":"active","bet":640,"hole_cards":[{"rank":"A","suit":"spades"},{"rank":"Q","suit":"spades"}],"version":"","id":0},{"name":"Mr Bazinga","stack":0,"status":"out","bet":0,"version":"Default JavaScript folding player","id":1},{"name":"NoCo","stack":0,"status":"active","bet":360,"version":"NoCo","id":2}]
small_blind : 10
orbits : 19
dealer : 2
community_cards : []
current_buy_in : 640
pot : 1000
in_action : 0
minimum_raise : 640
players : [{"name":"R3T","stack":1000,"status":"active","bet":1280,"hole_cards":[{"rank":"5","suit":"diamonds"},{"rank":"9","suit":"diamonds"}],"version":"","id":0},{"name":"Mr Bazinga","stack":0,"status":"out","bet":0,"version":"Default JavaScript folding player","id":1},{"name":"NoCo","stack":80,"status":"folded","bet":640,"version":"NoCo","id":2}]
small_blind : 10
orbits : 19
dealer : 0
community_cards : []
current_buy_in : 1280
pot : 1920
in_action : 0
minimum_raise : 640
players : [{"name":"R3T","stack":2280,"status":"active","bet":640,"hole_cards":[{"rank":"2","suit":"spades"},{"rank":"J","suit":"diamonds"}],"version":"","id":0},{"name":"Mr Bazinga","stack":0,"status":"out","bet":0,"version":"Default JavaScript folding player","id":1},{"name":"NoCo","stack":0,"status":"active","bet":80,"version":"NoCo","id":2}]
small_blind : 10
orbits : 20
dealer : 2
community_cards : []
current_buy_in : 640
pot : 720
in_action : 0
minimum_raise : 640

BUILD SUCCESSFUL

Total time: 22.21 secs
