# Logfile created on 2014-04-05 16:00:13 +0200 by logger.rb/44203
I, [2014-04-05T16:00:13.110830 #16191]  INFO -- : Reseting R3T to origin/master
I, [2014-04-05T16:00:13.964763 #16191]  INFO -- : Reseting Mr Bazinga to origin/master
I, [2014-04-05T16:00:14.902814 #16191]  INFO -- : Reseting NoCo to origin/master
I, [2014-04-05T16:00:16.759102 #16191]  INFO -- : Connected R3T at http://localhost:8080/
I, [2014-04-05T16:00:16.765855 #16191]  INFO -- : Connected Mr Bazinga at http://localhost:1337/
I, [2014-04-05T16:00:16.767885 #16191]  INFO -- : Connected NoCo at http://localhost:8000/player_service.php
E, [2014-04-05T16:00:16.768828 #16191] ERROR -- : Connection refused - connect(2) for "localhost" port 8080
E, [2014-04-05T16:00:16.768956 #16191] ERROR -- : Player R3T is unreachable
I, [2014-04-05T16:00:16.769053 #16191]  INFO -- : Waiting for players to start
E, [2014-04-05T16:00:17.771501 #16191] ERROR -- : Connection refused - connect(2) for "localhost" port 8080
E, [2014-04-05T16:00:17.771704 #16191] ERROR -- : Player R3T is unreachable
I, [2014-04-05T16:00:17.771822 #16191]  INFO -- : Waiting for players to start
E, [2014-04-05T16:00:18.772461 #16191] ERROR -- : Connection refused - connect(2) for "localhost" port 8080
E, [2014-04-05T16:00:18.772602 #16191] ERROR -- : Player R3T is unreachable
I, [2014-04-05T16:00:18.772702 #16191]  INFO -- : Waiting for players to start
E, [2014-04-05T16:00:19.773502 #16191] ERROR -- : Connection refused - connect(2) for "localhost" port 8080
E, [2014-04-05T16:00:19.773678 #16191] ERROR -- : Player R3T is unreachable
I, [2014-04-05T16:00:19.773772 #16191]  INFO -- : Waiting for players to start
E, [2014-04-05T16:00:20.776459 #16191] ERROR -- : Connection refused - connect(2) for "localhost" port 8080
E, [2014-04-05T16:00:20.776846 #16191] ERROR -- : Player R3T is unreachable
I, [2014-04-05T16:00:20.776946 #16191]  INFO -- : Waiting for players to start
E, [2014-04-05T16:00:21.777626 #16191] ERROR -- : Connection refused - connect(2) for "localhost" port 8080
E, [2014-04-05T16:00:21.777779 #16191] ERROR -- : Player R3T is unreachable
I, [2014-04-05T16:00:21.777870 #16191]  INFO -- : Waiting for players to start
E, [2014-04-05T16:00:22.788156 #16191] ERROR -- : Connection refused - connect(2) for "localhost" port 8080
E, [2014-04-05T16:00:22.788333 #16191] ERROR -- : Player R3T is unreachable
I, [2014-04-05T16:00:22.788419 #16191]  INFO -- : Waiting for players to start
E, [2014-04-05T16:00:23.789061 #16191] ERROR -- : Connection refused - connect(2) for "localhost" port 8080
E, [2014-04-05T16:00:23.789209 #16191] ERROR -- : Player R3T is unreachable
I, [2014-04-05T16:00:23.789304 #16191]  INFO -- : Waiting for players to start
E, [2014-04-05T16:00:24.789918 #16191] ERROR -- : Connection refused - connect(2) for "localhost" port 8080
E, [2014-04-05T16:00:24.790095 #16191] ERROR -- : Player R3T is unreachable
I, [2014-04-05T16:00:24.790202 #16191]  INFO -- : Waiting for players to start
E, [2014-04-05T16:00:25.808133 #16191] ERROR -- : Connection refused - connect(2) for "localhost" port 8080
E, [2014-04-05T16:00:25.808409 #16191] ERROR -- : Player R3T is unreachable
I, [2014-04-05T16:00:25.808521 #16191]  INFO -- : Waiting for players to start
E, [2014-04-05T16:00:26.809130 #16191] ERROR -- : Connection refused - connect(2) for "localhost" port 8080
E, [2014-04-05T16:00:26.809305 #16191] ERROR -- : Player R3T is unreachable
I, [2014-04-05T16:00:26.809459 #16191]  INFO -- : Waiting for players to start
E, [2014-04-05T16:00:27.810156 #16191] ERROR -- : Connection refused - connect(2) for "localhost" port 8080
E, [2014-04-05T16:00:27.810297 #16191] ERROR -- : Player R3T is unreachable
I, [2014-04-05T16:00:27.810380 #16191]  INFO -- : Waiting for players to start
E, [2014-04-05T16:00:28.814573 #16191] ERROR -- : Connection refused - connect(2) for "localhost" port 8080
E, [2014-04-05T16:00:28.814788 #16191] ERROR -- : Player R3T is unreachable
I, [2014-04-05T16:00:28.814917 #16191]  INFO -- : Waiting for players to start
E, [2014-04-05T16:00:29.815931 #16191] ERROR -- : Connection refused - connect(2) for "localhost" port 8080
E, [2014-04-05T16:00:29.816080 #16191] ERROR -- : Player R3T is unreachable
I, [2014-04-05T16:00:29.816186 #16191]  INFO -- : Waiting for players to start
E, [2014-04-05T16:00:30.816698 #16191] ERROR -- : Connection refused - connect(2) for "localhost" port 8080
E, [2014-04-05T16:00:30.816870 #16191] ERROR -- : Player R3T is unreachable
I, [2014-04-05T16:00:30.816930 #16191]  INFO -- : Waiting for players to start
E, [2014-04-05T16:00:31.817459 #16191] ERROR -- : Connection refused - connect(2) for "localhost" port 8080
E, [2014-04-05T16:00:31.817599 #16191] ERROR -- : Player R3T is unreachable
I, [2014-04-05T16:00:31.818139 #16191]  INFO -- : Waiting for players to start
I, [2014-04-05T16:00:33.258054 #16191]  INFO -- : Player R3T responded with  (200)
I, [2014-04-05T16:00:33.280169 #16191]  INFO -- : Player Mr Bazinga responded with OK (200)
I, [2014-04-05T16:00:33.282400 #16191]  INFO -- : Player NoCo responded with  (200)
I, [2014-04-05T16:00:33.282626 #16191]  INFO -- : Players are running
I, [2014-04-05T16:00:33.306425 #16191]  INFO -- : Player R3T responded with v0.4 megasuper ai (200)
I, [2014-04-05T16:00:33.310624 #16191]  INFO -- : Player Mr Bazinga responded with Super AI 1.0 (200)
I, [2014-04-05T16:00:33.312354 #16191]  INFO -- : Player NoCo responded with NoCo1541 (200)
I, [2014-04-05T16:00:33.312658 #16191]  INFO -- : R3T received hole_card 5 of Spades
I, [2014-04-05T16:00:33.312851 #16191]  INFO -- : Mr Bazinga received hole_card 7 of Diamonds
I, [2014-04-05T16:00:33.313016 #16191]  INFO -- : NoCo received hole_card 7 of Clubs
I, [2014-04-05T16:00:33.313215 #16191]  INFO -- : R3T received hole_card King of Clubs
I, [2014-04-05T16:00:33.313418 #16191]  INFO -- : Mr Bazinga received hole_card 6 of Diamonds
I, [2014-04-05T16:00:33.313587 #16191]  INFO -- : NoCo received hole_card Jack of Diamonds
I, [2014-04-05T16:00:33.315295 #16191]  INFO -- : R3T made a bet of 10 (raise) and is left with 990 chips. The pot now contains 10 chips.
I, [2014-04-05T16:00:33.315764 #16191]  INFO -- : Mr Bazinga made a bet of 20 (raise) and is left with 980 chips. The pot now contains 30 chips.
I, [2014-04-05T16:00:33.318685 #16191]  INFO -- : Player NoCo responded with 100 (200)
I, [2014-04-05T16:00:33.318950 #16191]  INFO -- : NoCo made a bet of 100 (raise) and is left with 900 chips. The pot now contains 130 chips.
I, [2014-04-05T16:00:33.400129 #16191]  INFO -- : Player R3T responded with 0 (200)
I, [2014-04-05T16:00:33.400593 #16191]  INFO -- : R3T made a bet of 0 (fold) and is left with 990 chips. The pot now contains 130 chips.
I, [2014-04-05T16:00:33.403875 #16191]  INFO -- : Player Mr Bazinga responded with 0 (200)
I, [2014-04-05T16:00:33.404290 #16191]  INFO -- : Mr Bazinga made a bet of 0 (fold) and is left with 980 chips. The pot now contains 130 chips.
I, [2014-04-05T16:00:33.405003 #16191]  INFO -- : NoCo won 130
I, [2014-04-05T16:00:33.410173 #16191]  INFO -- : Player R3T responded with  (200)
I, [2014-04-05T16:00:33.414358 #16191]  INFO -- : Player Mr Bazinga responded with OK (200)
I, [2014-04-05T16:00:33.416078 #16191]  INFO -- : Player NoCo responded with  (200)
I, [2014-04-05T16:00:33.416376 #16191]  INFO -- : Mr Bazinga received hole_card 9 of Hearts
I, [2014-04-05T16:00:33.416533 #16191]  INFO -- : NoCo received hole_card 8 of Spades
I, [2014-04-05T16:00:33.416691 #16191]  INFO -- : R3T received hole_card 3 of Diamonds
I, [2014-04-05T16:00:33.416863 #16191]  INFO -- : Mr Bazinga received hole_card Jack of Diamonds
I, [2014-04-05T16:00:33.417026 #16191]  INFO -- : NoCo received hole_card 6 of Diamonds
I, [2014-04-05T16:00:33.417184 #16191]  INFO -- : R3T received hole_card 7 of Spades
I, [2014-04-05T16:00:33.417461 #16191]  INFO -- : Mr Bazinga made a bet of 10 (raise) and is left with 970 chips. The pot now contains 10 chips.
I, [2014-04-05T16:00:33.417689 #16191]  INFO -- : NoCo made a bet of 20 (raise) and is left with 1010 chips. The pot now contains 30 chips.
I, [2014-04-05T16:00:33.421075 #16191]  INFO -- : Player R3T responded with 0 (200)
I, [2014-04-05T16:00:33.421539 #16191]  INFO -- : R3T made a bet of 0 (fold) and is left with 990 chips. The pot now contains 30 chips.
I, [2014-04-05T16:00:33.423686 #16191]  INFO -- : Player Mr Bazinga responded with 0 (200)
I, [2014-04-05T16:00:33.424169 #16191]  INFO -- : Mr Bazinga made a bet of 0 (fold) and is left with 970 chips. The pot now contains 30 chips.
I, [2014-04-05T16:00:33.428034 #16191]  INFO -- : Player NoCo responded with 20 (200)
I, [2014-04-05T16:00:33.428276 #16191]  INFO -- : NoCo made a bet of 20 (raise) and is left with 990 chips. The pot now contains 50 chips.
I, [2014-04-05T16:00:33.428658 #16191]  INFO -- : NoCo won 50
I, [2014-04-05T16:00:33.431686 #16191]  INFO -- : Player R3T responded with  (200)
I, [2014-04-05T16:00:33.434721 #16191]  INFO -- : Player Mr Bazinga responded with OK (200)
I, [2014-04-05T16:00:33.436557 #16191]  INFO -- : Player NoCo responded with  (200)
I, [2014-04-05T16:00:33.437063 #16191]  INFO -- : NoCo received hole_card 3 of Clubs
I, [2014-04-05T16:00:33.437376 #16191]  INFO -- : R3T received hole_card 6 of Clubs
I, [2014-04-05T16:00:33.437683 #16191]  INFO -- : Mr Bazinga received hole_card Jack of Spades
I, [2014-04-05T16:00:33.438044 #16191]  INFO -- : NoCo received hole_card 6 of Hearts
I, [2014-04-05T16:00:33.438437 #16191]  INFO -- : R3T received hole_card Jack of Hearts
I, [2014-04-05T16:00:33.438867 #16191]  INFO -- : Mr Bazinga received hole_card 2 of Hearts
I, [2014-04-05T16:00:33.439576 #16191]  INFO -- : NoCo made a bet of 10 (raise) and is left with 1030 chips. The pot now contains 10 chips.
I, [2014-04-05T16:00:33.440136 #16191]  INFO -- : R3T made a bet of 20 (raise) and is left with 970 chips. The pot now contains 30 chips.
I, [2014-04-05T16:00:33.444455 #16191]  INFO -- : Player Mr Bazinga responded with 0 (200)
I, [2014-04-05T16:00:33.444783 #16191]  INFO -- : Mr Bazinga made a bet of 0 (fold) and is left with 970 chips. The pot now contains 30 chips.
I, [2014-04-05T16:00:33.446816 #16191]  INFO -- : Player NoCo responded with 0 (200)
I, [2014-04-05T16:00:33.447046 #16191]  INFO -- : NoCo made a bet of 0 (fold) and is left with 1030 chips. The pot now contains 30 chips.
I, [2014-04-05T16:00:33.449663 #16191]  INFO -- : Player R3T responded with 0 (200)
I, [2014-04-05T16:00:33.449970 #16191]  INFO -- : R3T made a bet of 0 (check) and is left with 970 chips. The pot now contains 30 chips.
I, [2014-04-05T16:00:33.450487 #16191]  INFO -- : R3T won 30
I, [2014-04-05T16:00:33.454356 #16191]  INFO -- : Player R3T responded with  (200)
I, [2014-04-05T16:00:33.456245 #16191]  INFO -- : Player Mr Bazinga responded with OK (200)
I, [2014-04-05T16:00:33.458367 #16191]  INFO -- : Player NoCo responded with  (200)
I, [2014-04-05T16:00:33.458965 #16191]  INFO -- : R3T received hole_card 4 of Clubs
I, [2014-04-05T16:00:33.459799 #16191]  INFO -- : Mr Bazinga received hole_card 2 of Spades
I, [2014-04-05T16:00:33.460297 #16191]  INFO -- : NoCo received hole_card Ace of Clubs
I, [2014-04-05T16:00:33.460474 #16191]  INFO -- : R3T received hole_card 10 of Clubs
I, [2014-04-05T16:00:33.460707 #16191]  INFO -- : Mr Bazinga received hole_card 9 of Diamonds
I, [2014-04-05T16:00:33.460880 #16191]  INFO -- : NoCo received hole_card 3 of Clubs
I, [2014-04-05T16:00:33.461170 #16191]  INFO -- : R3T made a bet of 10 (raise) and is left with 990 chips. The pot now contains 10 chips.
I, [2014-04-05T16:00:33.461483 #16191]  INFO -- : Mr Bazinga made a bet of 20 (raise) and is left with 950 chips. The pot now contains 30 chips.
I, [2014-04-05T16:00:33.463466 #16191]  INFO -- : Player NoCo responded with 100 (200)
I, [2014-04-05T16:00:33.463695 #16191]  INFO -- : NoCo made a bet of 100 (raise) and is left with 930 chips. The pot now contains 130 chips.
I, [2014-04-05T16:00:33.466711 #16191]  INFO -- : Player R3T responded with 260 (200)
I, [2014-04-05T16:00:33.467152 #16191]  INFO -- : R3T made a bet of 260 (raise) and is left with 730 chips. The pot now contains 390 chips.
I, [2014-04-05T16:00:33.469763 #16191]  INFO -- : Player Mr Bazinga responded with 0 (200)
I, [2014-04-05T16:00:33.470200 #16191]  INFO -- : Mr Bazinga made a bet of 0 (fold) and is left with 950 chips. The pot now contains 390 chips.
I, [2014-04-05T16:00:33.474708 #16191]  INFO -- : Player NoCo responded with 100 (200)
I, [2014-04-05T16:00:33.475134 #16191]  INFO -- : NoCo made a bet of 0 (fold) and is left with 930 chips. The pot now contains 390 chips.
I, [2014-04-05T16:00:33.476635 #16191]  INFO -- : R3T won 390
I, [2014-04-05T16:00:33.480400 #16191]  INFO -- : Player R3T responded with  (200)
I, [2014-04-05T16:00:33.483466 #16191]  INFO -- : Player Mr Bazinga responded with OK (200)
I, [2014-04-05T16:00:33.485141 #16191]  INFO -- : Player NoCo responded with  (200)
I, [2014-04-05T16:00:33.485416 #16191]  INFO -- : Mr Bazinga received hole_card 6 of Spades
I, [2014-04-05T16:00:33.485599 #16191]  INFO -- : NoCo received hole_card 2 of Diamonds
I, [2014-04-05T16:00:33.485775 #16191]  INFO -- : R3T received hole_card Ace of Spades
I, [2014-04-05T16:00:33.485943 #16191]  INFO -- : Mr Bazinga received hole_card 9 of Hearts
I, [2014-04-05T16:00:33.486086 #16191]  INFO -- : NoCo received hole_card Jack of Clubs
I, [2014-04-05T16:00:33.486261 #16191]  INFO -- : R3T received hole_card 4 of Diamonds
I, [2014-04-05T16:00:33.486518 #16191]  INFO -- : Mr Bazinga made a bet of 10 (raise) and is left with 940 chips. The pot now contains 10 chips.
I, [2014-04-05T16:00:33.486741 #16191]  INFO -- : NoCo made a bet of 20 (raise) and is left with 910 chips. The pot now contains 30 chips.
I, [2014-04-05T16:00:33.489317 #16191]  INFO -- : Player R3T responded with 0 (200)
I, [2014-04-05T16:00:33.489554 #16191]  INFO -- : R3T made a bet of 0 (fold) and is left with 1120 chips. The pot now contains 30 chips.
I, [2014-04-05T16:00:33.491627 #16191]  INFO -- : Player Mr Bazinga responded with 0 (200)
I, [2014-04-05T16:00:33.492032 #16191]  INFO -- : Mr Bazinga made a bet of 0 (fold) and is left with 940 chips. The pot now contains 30 chips.
I, [2014-04-05T16:00:33.494644 #16191]  INFO -- : Player NoCo responded with 20 (200)
I, [2014-04-05T16:00:33.494846 #16191]  INFO -- : NoCo made a bet of 20 (raise) and is left with 890 chips. The pot now contains 50 chips.
I, [2014-04-05T16:00:33.495186 #16191]  INFO -- : NoCo won 50
I, [2014-04-05T16:00:33.498988 #16191]  INFO -- : Player R3T responded with  (200)
I, [2014-04-05T16:00:33.504493 #16191]  INFO -- : Player Mr Bazinga responded with OK (200)
I, [2014-04-05T16:00:33.506186 #16191]  INFO -- : Player NoCo responded with  (200)
I, [2014-04-05T16:00:33.506503 #16191]  INFO -- : NoCo received hole_card 2 of Diamonds
I, [2014-04-05T16:00:33.506650 #16191]  INFO -- : R3T received hole_card Jack of Spades
I, [2014-04-05T16:00:33.506807 #16191]  INFO -- : Mr Bazinga received hole_card 2 of Spades
I, [2014-04-05T16:00:33.506975 #16191]  INFO -- : NoCo received hole_card 6 of Spades
I, [2014-04-05T16:00:33.507179 #16191]  INFO -- : R3T received hole_card 4 of Clubs
I, [2014-04-05T16:00:33.507410 #16191]  INFO -- : Mr Bazinga received hole_card Ace of Clubs
I, [2014-04-05T16:00:33.507889 #16191]  INFO -- : NoCo made a bet of 10 (raise) and is left with 930 chips. The pot now contains 10 chips.
I, [2014-04-05T16:00:33.508388 #16191]  INFO -- : R3T made a bet of 20 (raise) and is left with 1100 chips. The pot now contains 30 chips.
I, [2014-04-05T16:00:33.512088 #16191]  INFO -- : Player Mr Bazinga responded with 0 (200)
I, [2014-04-05T16:00:33.512467 #16191]  INFO -- : Mr Bazinga made a bet of 0 (fold) and is left with 940 chips. The pot now contains 30 chips.
I, [2014-04-05T16:00:33.515328 #16191]  INFO -- : Player NoCo responded with 0 (200)
I, [2014-04-05T16:00:33.515690 #16191]  INFO -- : NoCo made a bet of 0 (fold) and is left with 930 chips. The pot now contains 30 chips.
I, [2014-04-05T16:00:33.519944 #16191]  INFO -- : Player R3T responded with 0 (200)
I, [2014-04-05T16:00:33.520381 #16191]  INFO -- : R3T made a bet of 0 (check) and is left with 1100 chips. The pot now contains 30 chips.
I, [2014-04-05T16:00:33.521048 #16191]  INFO -- : R3T won 30
I, [2014-04-05T16:00:33.524494 #16191]  INFO -- : Player R3T responded with  (200)
I, [2014-04-05T16:00:33.529501 #16191]  INFO -- : Player Mr Bazinga responded with OK (200)
I, [2014-04-05T16:00:33.534233 #16191]  INFO -- : Player NoCo responded with  (200)
I, [2014-04-05T16:00:33.534598 #16191]  INFO -- : R3T received hole_card 4 of Hearts
I, [2014-04-05T16:00:33.534781 #16191]  INFO -- : Mr Bazinga received hole_card King of Clubs
I, [2014-04-05T16:00:33.534983 #16191]  INFO -- : NoCo received hole_card 10 of Spades
I, [2014-04-05T16:00:33.535185 #16191]  INFO -- : R3T received hole_card 8 of Diamonds
I, [2014-04-05T16:00:33.535364 #16191]  INFO -- : Mr Bazinga received hole_card 4 of Spades
I, [2014-04-05T16:00:33.535559 #16191]  INFO -- : NoCo received hole_card King of Diamonds
I, [2014-04-05T16:00:33.535863 #16191]  INFO -- : R3T made a bet of 10 (raise) and is left with 1120 chips. The pot now contains 10 chips.
I, [2014-04-05T16:00:33.536169 #16191]  INFO -- : Mr Bazinga made a bet of 20 (raise) and is left with 920 chips. The pot now contains 30 chips.
I, [2014-04-05T16:00:33.537948 #16191]  INFO -- : Player NoCo responded with 200 (200)
I, [2014-04-05T16:00:33.538169 #16191]  INFO -- : NoCo made a bet of 200 (raise) and is left with 730 chips. The pot now contains 230 chips.
I, [2014-04-05T16:00:33.541074 #16191]  INFO -- : Player R3T responded with 0 (200)
I, [2014-04-05T16:00:33.541384 #16191]  INFO -- : R3T made a bet of 0 (fold) and is left with 1120 chips. The pot now contains 230 chips.
I, [2014-04-05T16:00:33.548643 #16191]  INFO -- : Player Mr Bazinga responded with 0 (200)
I, [2014-04-05T16:00:33.549025 #16191]  INFO -- : Mr Bazinga made a bet of 0 (fold) and is left with 920 chips. The pot now contains 230 chips.
I, [2014-04-05T16:00:33.549610 #16191]  INFO -- : NoCo won 230
I, [2014-04-05T16:00:33.553274 #16191]  INFO -- : Player R3T responded with  (200)
I, [2014-04-05T16:00:33.555900 #16191]  INFO -- : Player Mr Bazinga responded with OK (200)
I, [2014-04-05T16:00:33.558768 #16191]  INFO -- : Player NoCo responded with  (200)
I, [2014-04-05T16:00:33.560088 #16191]  INFO -- : Mr Bazinga received hole_card 9 of Hearts
I, [2014-04-05T16:00:33.560421 #16191]  INFO -- : NoCo received hole_card 3 of Hearts
I, [2014-04-05T16:00:33.560940 #16191]  INFO -- : R3T received hole_card 8 of Hearts
I, [2014-04-05T16:00:33.561294 #16191]  INFO -- : Mr Bazinga received hole_card King of Hearts
I, [2014-04-05T16:00:33.561586 #16191]  INFO -- : NoCo received hole_card Ace of Diamonds
I, [2014-04-05T16:00:33.561953 #16191]  INFO -- : R3T received hole_card 7 of Hearts
I, [2014-04-05T16:00:33.562672 #16191]  INFO -- : Mr Bazinga made a bet of 10 (raise) and is left with 910 chips. The pot now contains 10 chips.
I, [2014-04-05T16:00:33.563301 #16191]  INFO -- : NoCo made a bet of 20 (raise) and is left with 940 chips. The pot now contains 30 chips.
I, [2014-04-05T16:00:33.567115 #16191]  INFO -- : Player R3T responded with 40 (200)
I, [2014-04-05T16:00:33.567513 #16191]  INFO -- : R3T made a bet of 40 (raise) and is left with 1080 chips. The pot now contains 70 chips.
I, [2014-04-05T16:00:33.571159 #16191]  INFO -- : Player Mr Bazinga responded with 50 (200)
I, [2014-04-05T16:00:33.571522 #16191]  INFO -- : Mr Bazinga made a bet of 50 (raise) and is left with 860 chips. The pot now contains 120 chips.
I, [2014-04-05T16:00:33.576899 #16191]  INFO -- : Player NoCo responded with 100 (200)
I, [2014-04-05T16:00:33.577325 #16191]  INFO -- : NoCo made a bet of 100 (raise) and is left with 840 chips. The pot now contains 220 chips.
I, [2014-04-05T16:00:33.580761 #16191]  INFO -- : Player R3T responded with 240 (200)
I, [2014-04-05T16:00:33.581191 #16191]  INFO -- : R3T made a bet of 240 (raise) and is left with 840 chips. The pot now contains 460 chips.
I, [2014-04-05T16:00:33.586218 #16191]  INFO -- : Player Mr Bazinga responded with 380 (200)
I, [2014-04-05T16:00:33.586716 #16191]  INFO -- : Mr Bazinga made a bet of 380 (raise) and is left with 480 chips. The pot now contains 840 chips.
I, [2014-04-05T16:00:33.589355 #16191]  INFO -- : Player NoCo responded with 100 (200)
I, [2014-04-05T16:00:33.590085 #16191]  INFO -- : NoCo made a bet of 0 (fold) and is left with 840 chips. The pot now contains 840 chips.
I, [2014-04-05T16:00:33.597472 #16191]  INFO -- : Player R3T responded with 760 (200)
I, [2014-04-05T16:00:33.598010 #16191]  INFO -- : R3T made a bet of 760 (raise) and is left with 80 chips. The pot now contains 1600 chips.
I, [2014-04-05T16:00:33.600433 #16191]  INFO -- : Player Mr Bazinga responded with 1200 (200)
I, [2014-04-05T16:00:33.600666 #16191]  INFO -- : Mr Bazinga made a bet of 480 (allin) and is left with 0 chips. The pot now contains 2080 chips.
I, [2014-04-05T16:00:33.600933 #16191]  INFO -- : community card 4 of Clubs
I, [2014-04-05T16:00:33.601109 #16191]  INFO -- : community card Ace of Hearts
I, [2014-04-05T16:00:33.601338 #16191]  INFO -- : community card 2 of Spades
I, [2014-04-05T16:00:33.601517 #16191]  INFO -- : community card Queen of Hearts
I, [2014-04-05T16:00:33.601690 #16191]  INFO -- : community card 5 of Diamonds
I, [2014-04-05T16:00:33.602133 #16191]  INFO -- : R3T showed 5 of Diamonds,7 of Hearts,8 of Hearts,Queen of Hearts,Ace of Hearts making a high card
I, [2014-04-05T16:00:33.602538 #16191]  INFO -- : Mr Bazinga showed 5 of Diamonds,9 of Hearts,Queen of Hearts,King of Hearts,Ace of Hearts making a high card
I, [2014-04-05T16:00:33.602808 #16191]  INFO -- : Mr Bazinga won 1960
I, [2014-04-05T16:00:33.603277 #16191]  INFO -- : R3T won 120
I, [2014-04-05T16:00:33.610585 #16191]  INFO -- : Player R3T responded with  (200)
I, [2014-04-05T16:00:33.614008 #16191]  INFO -- : Player Mr Bazinga responded with OK (200)
I, [2014-04-05T16:00:33.615955 #16191]  INFO -- : Player NoCo responded with  (200)
I, [2014-04-05T16:00:33.616473 #16191]  INFO -- : NoCo received hole_card Ace of Clubs
I, [2014-04-05T16:00:33.616758 #16191]  INFO -- : R3T received hole_card Queen of Spades
I, [2014-04-05T16:00:33.617061 #16191]  INFO -- : Mr Bazinga received hole_card 6 of Hearts
I, [2014-04-05T16:00:33.617458 #16191]  INFO -- : NoCo received hole_card 6 of Diamonds
I, [2014-04-05T16:00:33.617798 #16191]  INFO -- : R3T received hole_card 2 of Spades
I, [2014-04-05T16:00:33.618113 #16191]  INFO -- : Mr Bazinga received hole_card 9 of Clubs
I, [2014-04-05T16:00:33.618683 #16191]  INFO -- : NoCo made a bet of 10 (raise) and is left with 830 chips. The pot now contains 10 chips.
I, [2014-04-05T16:00:33.619136 #16191]  INFO -- : R3T made a bet of 20 (raise) and is left with 180 chips. The pot now contains 30 chips.
I, [2014-04-05T16:00:33.629486 #16191]  INFO -- : Player Mr Bazinga responded with 0 (200)
I, [2014-04-05T16:00:33.629995 #16191]  INFO -- : Mr Bazinga made a bet of 0 (fold) and is left with 1960 chips. The pot now contains 30 chips.
I, [2014-04-05T16:00:33.633367 #16191]  INFO -- : Player NoCo responded with 100 (200)
I, [2014-04-05T16:00:33.633800 #16191]  INFO -- : NoCo made a bet of 100 (raise) and is left with 730 chips. The pot now contains 130 chips.
I, [2014-04-05T16:00:33.636875 #16191]  INFO -- : Player R3T responded with 290 (200)
I, [2014-04-05T16:00:33.637301 #16191]  INFO -- : R3T made a bet of 180 (allin) and is left with 0 chips. The pot now contains 310 chips.
I, [2014-04-05T16:00:33.639750 #16191]  INFO -- : Player NoCo responded with 200 (200)
I, [2014-04-05T16:00:33.639986 #16191]  INFO -- : NoCo made a bet of 200 (raise) and is left with 530 chips. The pot now contains 510 chips.
I, [2014-04-05T16:00:33.640353 #16191]  INFO -- : community card 3 of Hearts
I, [2014-04-05T16:00:33.640680 #16191]  INFO -- : community card 4 of Hearts
I, [2014-04-05T16:00:33.641602 #16191]  INFO -- : community card 2 of Hearts
I, [2014-04-05T16:00:33.642068 #16191]  INFO -- : community card Jack of Hearts
I, [2014-04-05T16:00:33.642467 #16191]  INFO -- : community card King of Hearts
I, [2014-04-05T16:00:33.644326 #16191]  INFO -- : NoCo showed 2 of Hearts,3 of Hearts,4 of Hearts,Jack of Hearts,King of Hearts making a flush
I, [2014-04-05T16:00:33.645311 #16191]  INFO -- : R3T showed 2 of Hearts,3 of Hearts,4 of Hearts,Jack of Hearts,King of Hearts making a flush
I, [2014-04-05T16:00:33.645621 #16191]  INFO -- : NoCo won 200
I, [2014-04-05T16:00:33.645851 #16191]  INFO -- : R3T won 200
I, [2014-04-05T16:00:33.646245 #16191]  INFO -- : NoCo won 110
I, [2014-04-05T16:00:33.649025 #16191]  INFO -- : Player R3T responded with  (200)
I, [2014-04-05T16:00:33.652358 #16191]  INFO -- : Player Mr Bazinga responded with OK (200)
I, [2014-04-05T16:00:33.655625 #16191]  INFO -- : Player NoCo responded with  (200)
I, [2014-04-05T16:00:33.656238 #16191]  INFO -- : R3T received hole_card 8 of Diamonds
I, [2014-04-05T16:00:33.656521 #16191]  INFO -- : Mr Bazinga received hole_card 9 of Clubs
I, [2014-04-05T16:00:33.656834 #16191]  INFO -- : NoCo received hole_card 4 of Hearts
I, [2014-04-05T16:00:33.657136 #16191]  INFO -- : R3T received hole_card 3 of Spades
I, [2014-04-05T16:00:33.657418 #16191]  INFO -- : Mr Bazinga received hole_card Jack of Clubs
I, [2014-04-05T16:00:33.657747 #16191]  INFO -- : NoCo received hole_card King of Clubs
I, [2014-04-05T16:00:33.658291 #16191]  INFO -- : R3T made a bet of 20 (raise) and is left with 180 chips. The pot now contains 20 chips.
I, [2014-04-05T16:00:33.658898 #16191]  INFO -- : Mr Bazinga made a bet of 40 (raise) and is left with 1920 chips. The pot now contains 60 chips.
I, [2014-04-05T16:00:33.662302 #16191]  INFO -- : Player NoCo responded with 100 (200)
I, [2014-04-05T16:00:33.662570 #16191]  INFO -- : NoCo made a bet of 100 (raise) and is left with 740 chips. The pot now contains 160 chips.
I, [2014-04-05T16:00:33.665236 #16191]  INFO -- : Player R3T responded with 0 (200)
I, [2014-04-05T16:00:33.665517 #16191]  INFO -- : R3T made a bet of 0 (fold) and is left with 180 chips. The pot now contains 160 chips.
I, [2014-04-05T16:00:33.667404 #16191]  INFO -- : Player Mr Bazinga responded with 120 (200)
I, [2014-04-05T16:00:33.667710 #16191]  INFO -- : Mr Bazinga made a bet of 120 (raise) and is left with 1800 chips. The pot now contains 280 chips.
I, [2014-04-05T16:00:33.669518 #16191]  INFO -- : Player NoCo responded with 160 (200)
I, [2014-04-05T16:00:33.669790 #16191]  INFO -- : NoCo made a bet of 160 (raise) and is left with 580 chips. The pot now contains 440 chips.
I, [2014-04-05T16:00:33.671511 #16191]  INFO -- : Player Mr Bazinga responded with 200 (200)
I, [2014-04-05T16:00:33.671772 #16191]  INFO -- : Mr Bazinga made a bet of 200 (raise) and is left with 1600 chips. The pot now contains 640 chips.
I, [2014-04-05T16:00:33.673610 #16191]  INFO -- : Player NoCo responded with 360 (200)
I, [2014-04-05T16:00:33.673909 #16191]  INFO -- : NoCo made a bet of 360 (raise) and is left with 220 chips. The pot now contains 1000 chips.
I, [2014-04-05T16:00:33.677001 #16191]  INFO -- : Player Mr Bazinga responded with 520 (200)
I, [2014-04-05T16:00:33.677280 #16191]  INFO -- : Mr Bazinga made a bet of 520 (raise) and is left with 1080 chips. The pot now contains 1520 chips.
I, [2014-04-05T16:00:33.679301 #16191]  INFO -- : Player NoCo responded with 880 (200)
I, [2014-04-05T16:00:33.679522 #16191]  INFO -- : NoCo made a bet of 220 (allin) and is left with 0 chips. The pot now contains 1740 chips.
I, [2014-04-05T16:00:33.679771 #16191]  INFO -- : community card 3 of Hearts
I, [2014-04-05T16:00:33.679983 #16191]  INFO -- : community card Ace of Diamonds
I, [2014-04-05T16:00:33.680262 #16191]  INFO -- : community card 9 of Spades
I, [2014-04-05T16:00:33.680489 #16191]  INFO -- : community card Jack of Spades
I, [2014-04-05T16:00:33.680688 #16191]  INFO -- : community card Jack of Hearts
I, [2014-04-05T16:00:33.681133 #16191]  INFO -- : Mr Bazinga showed 9 of Clubs,9 of Spades,Jack of Spades,Jack of Clubs,Jack of Hearts making a full house
I, [2014-04-05T16:00:33.681560 #16191]  INFO -- : Mr Bazinga won 1740
I, [2014-04-05T16:00:33.685634 #16191]  INFO -- : Player R3T responded with  (200)
I, [2014-04-05T16:00:33.690194 #16191]  INFO -- : Player Mr Bazinga responded with OK (200)
I, [2014-04-05T16:00:33.696383 #16191]  INFO -- : Player NoCo responded with  (200)
I, [2014-04-05T16:00:33.696933 #16191]  INFO -- : Mr Bazinga received hole_card 10 of Hearts
I, [2014-04-05T16:00:33.697218 #16191]  INFO -- : R3T received hole_card Jack of Spades
I, [2014-04-05T16:00:33.697641 #16191]  INFO -- : Mr Bazinga received hole_card Queen of Clubs
I, [2014-04-05T16:00:33.697948 #16191]  INFO -- : R3T received hole_card 9 of Diamonds
I, [2014-04-05T16:00:33.698522 #16191]  INFO -- : Mr Bazinga made a bet of 20 (raise) and is left with 2800 chips. The pot now contains 20 chips.
I, [2014-04-05T16:00:33.698926 #16191]  INFO -- : R3T made a bet of 40 (raise) and is left with 140 chips. The pot now contains 60 chips.
I, [2014-04-05T16:00:33.700960 #16191]  INFO -- : Player Mr Bazinga responded with 0 (200)
I, [2014-04-05T16:00:33.701256 #16191]  INFO -- : Mr Bazinga made a bet of 0 (fold) and is left with 2800 chips. The pot now contains 60 chips.
I, [2014-04-05T16:00:33.701657 #16191]  INFO -- : R3T won 60
I, [2014-04-05T16:00:33.704694 #16191]  INFO -- : Player R3T responded with  (200)
I, [2014-04-05T16:00:33.710010 #16191]  INFO -- : Player Mr Bazinga responded with OK (200)
I, [2014-04-05T16:00:33.714422 #16191]  INFO -- : Player NoCo responded with  (200)
I, [2014-04-05T16:00:33.714993 #16191]  INFO -- : R3T received hole_card 10 of Hearts
I, [2014-04-05T16:00:33.715407 #16191]  INFO -- : Mr Bazinga received hole_card 8 of Diamonds
I, [2014-04-05T16:00:33.715872 #16191]  INFO -- : R3T received hole_card Queen of Clubs
I, [2014-04-05T16:00:33.716317 #16191]  INFO -- : Mr Bazinga received hole_card 9 of Clubs
I, [2014-04-05T16:00:33.716986 #16191]  INFO -- : R3T made a bet of 20 (raise) and is left with 180 chips. The pot now contains 20 chips.
I, [2014-04-05T16:00:33.717667 #16191]  INFO -- : Mr Bazinga made a bet of 40 (raise) and is left with 2760 chips. The pot now contains 60 chips.
I, [2014-04-05T16:00:33.722724 #16191]  INFO -- : Player R3T responded with 0 (200)
I, [2014-04-05T16:00:33.723064 #16191]  INFO -- : R3T made a bet of 0 (fold) and is left with 180 chips. The pot now contains 60 chips.
I, [2014-04-05T16:00:33.730319 #16191]  INFO -- : Player Mr Bazinga responded with 0 (200)
I, [2014-04-05T16:00:33.730715 #16191]  INFO -- : Mr Bazinga made a bet of 0 (check) and is left with 2760 chips. The pot now contains 60 chips.
I, [2014-04-05T16:00:33.731377 #16191]  INFO -- : Mr Bazinga won 60
I, [2014-04-05T16:00:33.734974 #16191]  INFO -- : Player R3T responded with  (200)
I, [2014-04-05T16:00:33.738284 #16191]  INFO -- : Player Mr Bazinga responded with OK (200)
I, [2014-04-05T16:00:33.740322 #16191]  INFO -- : Player NoCo responded with  (200)
I, [2014-04-05T16:00:33.740660 #16191]  INFO -- : Mr Bazinga received hole_card 2 of Hearts
I, [2014-04-05T16:00:33.740850 #16191]  INFO -- : R3T received hole_card Queen of Hearts
I, [2014-04-05T16:00:33.741010 #16191]  INFO -- : Mr Bazinga received hole_card Jack of Clubs
I, [2014-04-05T16:00:33.741182 #16191]  INFO -- : R3T received hole_card 3 of Spades
I, [2014-04-05T16:00:33.741464 #16191]  INFO -- : Mr Bazinga made a bet of 20 (raise) and is left with 2800 chips. The pot now contains 20 chips.
I, [2014-04-05T16:00:33.741744 #16191]  INFO -- : R3T made a bet of 40 (raise) and is left with 140 chips. The pot now contains 60 chips.
I, [2014-04-05T16:00:33.745044 #16191]  INFO -- : Player Mr Bazinga responded with 0 (200)
I, [2014-04-05T16:00:33.745350 #16191]  INFO -- : Mr Bazinga made a bet of 0 (fold) and is left with 2800 chips. The pot now contains 60 chips.
I, [2014-04-05T16:00:33.745720 #16191]  INFO -- : R3T won 60
I, [2014-04-05T16:00:33.749212 #16191]  INFO -- : Player R3T responded with  (200)
I, [2014-04-05T16:00:33.752012 #16191]  INFO -- : Player Mr Bazinga responded with OK (200)
I, [2014-04-05T16:00:33.754002 #16191]  INFO -- : Player NoCo responded with  (200)
I, [2014-04-05T16:00:33.754349 #16191]  INFO -- : R3T received hole_card 3 of Diamonds
I, [2014-04-05T16:00:33.754548 #16191]  INFO -- : Mr Bazinga received hole_card 6 of Diamonds
I, [2014-04-05T16:00:33.754761 #16191]  INFO -- : R3T received hole_card 3 of Spades
I, [2014-04-05T16:00:33.754951 #16191]  INFO -- : Mr Bazinga received hole_card 2 of Spades
I, [2014-04-05T16:00:33.755255 #16191]  INFO -- : R3T made a bet of 20 (raise) and is left with 180 chips. The pot now contains 20 chips.
I, [2014-04-05T16:00:33.755550 #16191]  INFO -- : Mr Bazinga made a bet of 40 (raise) and is left with 2760 chips. The pot now contains 60 chips.
I, [2014-04-05T16:00:33.762060 #16191]  INFO -- : Player R3T responded with 60 (200)
I, [2014-04-05T16:00:33.762333 #16191]  INFO -- : R3T made a bet of 60 (raise) and is left with 120 chips. The pot now contains 120 chips.
I, [2014-04-05T16:00:33.764863 #16191]  INFO -- : Player Mr Bazinga responded with 0 (200)
I, [2014-04-05T16:00:33.765346 #16191]  INFO -- : Mr Bazinga made a bet of 0 (fold) and is left with 2760 chips. The pot now contains 120 chips.
I, [2014-04-05T16:00:33.766019 #16191]  INFO -- : R3T won 120
I, [2014-04-05T16:00:33.768468 #16191]  INFO -- : Player R3T responded with  (200)
I, [2014-04-05T16:00:33.770526 #16191]  INFO -- : Player Mr Bazinga responded with OK (200)
I, [2014-04-05T16:00:33.772458 #16191]  INFO -- : Player NoCo responded with  (200)
I, [2014-04-05T16:00:33.772942 #16191]  INFO -- : Mr Bazinga received hole_card 5 of Hearts
I, [2014-04-05T16:00:33.773294 #16191]  INFO -- : R3T received hole_card 9 of Diamonds
I, [2014-04-05T16:00:33.773608 #16191]  INFO -- : Mr Bazinga received hole_card Queen of Hearts
I, [2014-04-05T16:00:33.773939 #16191]  INFO -- : R3T received hole_card 3 of Hearts
I, [2014-04-05T16:00:33.775288 #16191]  INFO -- : Mr Bazinga made a bet of 20 (raise) and is left with 2740 chips. The pot now contains 20 chips.
I, [2014-04-05T16:00:33.775827 #16191]  INFO -- : R3T made a bet of 40 (raise) and is left with 200 chips. The pot now contains 60 chips.
I, [2014-04-05T16:00:33.778562 #16191]  INFO -- : Player Mr Bazinga responded with 40 (200)
I, [2014-04-05T16:00:33.778912 #16191]  INFO -- : Mr Bazinga made a bet of 40 (raise) and is left with 2700 chips. The pot now contains 100 chips.
I, [2014-04-05T16:00:33.781611 #16191]  INFO -- : Player R3T responded with 0 (200)
I, [2014-04-05T16:00:33.781914 #16191]  INFO -- : R3T made a bet of 0 (fold) and is left with 200 chips. The pot now contains 100 chips.
I, [2014-04-05T16:00:33.782496 #16191]  INFO -- : Mr Bazinga won 100
I, [2014-04-05T16:00:33.785152 #16191]  INFO -- : Player R3T responded with  (200)
I, [2014-04-05T16:00:33.786935 #16191]  INFO -- : Player Mr Bazinga responded with OK (200)
I, [2014-04-05T16:00:33.788818 #16191]  INFO -- : Player NoCo responded with  (200)
I, [2014-04-05T16:00:33.789513 #16191]  INFO -- : R3T received hole_card 5 of Spades
I, [2014-04-05T16:00:33.789790 #16191]  INFO -- : Mr Bazinga received hole_card 6 of Clubs
I, [2014-04-05T16:00:33.789994 #16191]  INFO -- : R3T received hole_card Queen of Hearts
I, [2014-04-05T16:00:33.790193 #16191]  INFO -- : Mr Bazinga received hole_card 3 of Hearts
I, [2014-04-05T16:00:33.790491 #16191]  INFO -- : R3T made a bet of 20 (raise) and is left with 180 chips. The pot now contains 20 chips.
I, [2014-04-05T16:00:33.790813 #16191]  INFO -- : Mr Bazinga made a bet of 40 (raise) and is left with 2760 chips. The pot now contains 60 chips.
I, [2014-04-05T16:00:33.795472 #16191]  INFO -- : Player R3T responded with 0 (200)
I, [2014-04-05T16:00:33.796998 #16191]  INFO -- : R3T made a bet of 0 (fold) and is left with 180 chips. The pot now contains 60 chips.
I, [2014-04-05T16:00:33.800542 #16191]  INFO -- : Player Mr Bazinga responded with 0 (200)
I, [2014-04-05T16:00:33.800881 #16191]  INFO -- : Mr Bazinga made a bet of 0 (check) and is left with 2760 chips. The pot now contains 60 chips.
I, [2014-04-05T16:00:33.801501 #16191]  INFO -- : Mr Bazinga won 60
I, [2014-04-05T16:00:33.808369 #16191]  INFO -- : Player R3T responded with  (200)
I, [2014-04-05T16:00:33.812160 #16191]  INFO -- : Player Mr Bazinga responded with OK (200)
I, [2014-04-05T16:00:33.815514 #16191]  INFO -- : Player NoCo responded with  (200)
I, [2014-04-05T16:00:33.815876 #16191]  INFO -- : Mr Bazinga received hole_card Queen of Hearts
I, [2014-04-05T16:00:33.816097 #16191]  INFO -- : R3T received hole_card Jack of Diamonds
I, [2014-04-05T16:00:33.816300 #16191]  INFO -- : Mr Bazinga received hole_card Jack of Clubs
I, [2014-04-05T16:00:33.816507 #16191]  INFO -- : R3T received hole_card 7 of Hearts
I, [2014-04-05T16:00:33.816800 #16191]  INFO -- : Mr Bazinga made a bet of 20 (raise) and is left with 2800 chips. The pot now contains 20 chips.
I, [2014-04-05T16:00:33.817101 #16191]  INFO -- : R3T made a bet of 40 (raise) and is left with 140 chips. The pot now contains 60 chips.
I, [2014-04-05T16:00:33.819141 #16191]  INFO -- : Player Mr Bazinga responded with 40 (200)
I, [2014-04-05T16:00:33.819417 #16191]  INFO -- : Mr Bazinga made a bet of 40 (raise) and is left with 2760 chips. The pot now contains 100 chips.
I, [2014-04-05T16:00:33.822261 #16191]  INFO -- : Player R3T responded with 0 (200)
I, [2014-04-05T16:00:33.822753 #16191]  INFO -- : R3T made a bet of 0 (fold) and is left with 140 chips. The pot now contains 100 chips.
I, [2014-04-05T16:00:33.823275 #16191]  INFO -- : Mr Bazinga won 100
I, [2014-04-05T16:00:33.826501 #16191]  INFO -- : Player R3T responded with  (200)
I, [2014-04-05T16:00:33.828481 #16191]  INFO -- : Player Mr Bazinga responded with OK (200)
I, [2014-04-05T16:00:33.831024 #16191]  INFO -- : Player NoCo responded with  (200)
I, [2014-04-05T16:00:33.831366 #16191]  INFO -- : R3T received hole_card 4 of Spades
I, [2014-04-05T16:00:33.831567 #16191]  INFO -- : Mr Bazinga received hole_card 10 of Diamonds
I, [2014-04-05T16:00:33.831798 #16191]  INFO -- : R3T received hole_card Ace of Spades
I, [2014-04-05T16:00:33.832004 #16191]  INFO -- : Mr Bazinga received hole_card Queen of Diamonds
I, [2014-04-05T16:00:33.832330 #16191]  INFO -- : R3T made a bet of 20 (raise) and is left with 120 chips. The pot now contains 20 chips.
I, [2014-04-05T16:00:33.832700 #16191]  INFO -- : Mr Bazinga made a bet of 40 (raise) and is left with 2820 chips. The pot now contains 60 chips.
I, [2014-04-05T16:00:33.837291 #16191]  INFO -- : Player R3T responded with 80 (200)
I, [2014-04-05T16:00:33.837698 #16191]  INFO -- : R3T made a bet of 80 (raise) and is left with 40 chips. The pot now contains 140 chips.
I, [2014-04-05T16:00:33.843763 #16191]  INFO -- : Player Mr Bazinga responded with 120 (200)
I, [2014-04-05T16:00:33.844182 #16191]  INFO -- : Mr Bazinga made a bet of 120 (raise) and is left with 2700 chips. The pot now contains 260 chips.
I, [2014-04-05T16:00:33.846711 #16191]  INFO -- : Player R3T responded with 0 (200)
I, [2014-04-05T16:00:33.846999 #16191]  INFO -- : R3T made a bet of 0 (fold) and is left with 40 chips. The pot now contains 260 chips.
I, [2014-04-05T16:00:33.847451 #16191]  INFO -- : Mr Bazinga won 260
I, [2014-04-05T16:00:33.851976 #16191]  INFO -- : Player R3T responded with  (200)
I, [2014-04-05T16:00:33.854773 #16191]  INFO -- : Player Mr Bazinga responded with OK (200)
I, [2014-04-05T16:00:33.857672 #16191]  INFO -- : Player NoCo responded with  (200)
I, [2014-04-05T16:00:33.857990 #16191]  INFO -- : Mr Bazinga received hole_card 4 of Clubs
I, [2014-04-05T16:00:33.858170 #16191]  INFO -- : R3T received hole_card 5 of Clubs
I, [2014-04-05T16:00:33.858374 #16191]  INFO -- : Mr Bazinga received hole_card Jack of Spades
I, [2014-04-05T16:00:33.858576 #16191]  INFO -- : R3T received hole_card 7 of Spades
I, [2014-04-05T16:00:33.858859 #16191]  INFO -- : Mr Bazinga made a bet of 40 (raise) and is left with 2920 chips. The pot now contains 40 chips.
I, [2014-04-05T16:00:33.859095 #16191]  INFO -- : R3T made a bet of 40 (allin) and is left with 0 chips. The pot now contains 80 chips.
I, [2014-04-05T16:00:33.860455 #16191]  INFO -- : Player Mr Bazinga responded with 0 (200)
I, [2014-04-05T16:00:33.860661 #16191]  INFO -- : Mr Bazinga made a bet of 0 (check) and is left with 2920 chips. The pot now contains 80 chips.
I, [2014-04-05T16:00:33.860873 #16191]  INFO -- : community card 8 of Diamonds
I, [2014-04-05T16:00:33.861070 #16191]  INFO -- : community card 4 of Hearts
I, [2014-04-05T16:00:33.861248 #16191]  INFO -- : community card 5 of Spades
I, [2014-04-05T16:00:33.861414 #16191]  INFO -- : community card 10 of Hearts
I, [2014-04-05T16:00:33.861607 #16191]  INFO -- : community card 3 of Spades
I, [2014-04-05T16:00:33.862068 #16191]  INFO -- : Mr Bazinga showed 4 of Clubs,4 of Hearts,8 of Diamonds,10 of Hearts,Jack of Spades making a pair
I, [2014-04-05T16:00:33.862529 #16191]  INFO -- : R3T showed 5 of Spades,5 of Clubs,7 of Spades,8 of Diamonds,10 of Hearts making a pair
I, [2014-04-05T16:00:33.862725 #16191]  INFO -- : R3T won 80
I, [2014-04-05T16:00:33.865751 #16191]  INFO -- : Player R3T responded with  (200)
I, [2014-04-05T16:00:33.869987 #16191]  INFO -- : Player Mr Bazinga responded with OK (200)
I, [2014-04-05T16:00:33.872733 #16191]  INFO -- : Player NoCo responded with  (200)
I, [2014-04-05T16:00:33.873813 #16191]  INFO -- : R3T received hole_card 10 of Spades
I, [2014-04-05T16:00:33.874400 #16191]  INFO -- : Mr Bazinga received hole_card 6 of Spades
I, [2014-04-05T16:00:33.874763 #16191]  INFO -- : R3T received hole_card King of Spades
I, [2014-04-05T16:00:33.875102 #16191]  INFO -- : Mr Bazinga received hole_card 4 of Hearts
I, [2014-04-05T16:00:33.875577 #16191]  INFO -- : R3T made a bet of 40 (raise) and is left with 40 chips. The pot now contains 40 chips.
I, [2014-04-05T16:00:33.875943 #16191]  INFO -- : Mr Bazinga made a bet of 80 (raise) and is left with 2840 chips. The pot now contains 120 chips.
I, [2014-04-05T16:00:33.878029 #16191]  INFO -- : Player R3T responded with 0 (200)
I, [2014-04-05T16:00:33.878321 #16191]  INFO -- : R3T made a bet of 0 (fold) and is left with 40 chips. The pot now contains 120 chips.
I, [2014-04-05T16:00:33.880751 #16191]  INFO -- : Player Mr Bazinga responded with 0 (200)
I, [2014-04-05T16:00:33.881170 #16191]  INFO -- : Mr Bazinga made a bet of 0 (check) and is left with 2840 chips. The pot now contains 120 chips.
I, [2014-04-05T16:00:33.881942 #16191]  INFO -- : Mr Bazinga won 120
I, [2014-04-05T16:00:33.884671 #16191]  INFO -- : Player R3T responded with  (200)
I, [2014-04-05T16:00:33.886890 #16191]  INFO -- : Player Mr Bazinga responded with OK (200)
I, [2014-04-05T16:00:33.891231 #16191]  INFO -- : Player NoCo responded with  (200)
I, [2014-04-05T16:00:33.892230 #16191]  INFO -- : Mr Bazinga received hole_card Ace of Spades
I, [2014-04-05T16:00:33.892713 #16191]  INFO -- : R3T received hole_card 9 of Hearts
I, [2014-04-05T16:00:33.893153 #16191]  INFO -- : Mr Bazinga received hole_card 7 of Hearts
I, [2014-04-05T16:00:33.893590 #16191]  INFO -- : R3T received hole_card 8 of Diamonds
I, [2014-04-05T16:00:33.894381 #16191]  INFO -- : Mr Bazinga made a bet of 40 (raise) and is left with 2920 chips. The pot now contains 40 chips.
I, [2014-04-05T16:00:33.894627 #16191]  INFO -- : R3T made a bet of 40 (allin) and is left with 0 chips. The pot now contains 80 chips.
I, [2014-04-05T16:00:33.897741 #16191]  INFO -- : Player Mr Bazinga responded with 0 (200)
I, [2014-04-05T16:00:33.898226 #16191]  INFO -- : Mr Bazinga made a bet of 0 (check) and is left with 2920 chips. The pot now contains 80 chips.
I, [2014-04-05T16:00:33.898839 #16191]  INFO -- : community card 7 of Spades
I, [2014-04-05T16:00:33.899224 #16191]  INFO -- : community card 4 of Hearts
I, [2014-04-05T16:00:33.899506 #16191]  INFO -- : community card 10 of Spades
I, [2014-04-05T16:00:33.899702 #16191]  INFO -- : community card 2 of Clubs
I, [2014-04-05T16:00:33.900077 #16191]  INFO -- : community card 9 of Diamonds
I, [2014-04-05T16:00:33.900862 #16191]  INFO -- : Mr Bazinga showed 7 of Spades,7 of Hearts,9 of Diamonds,10 of Spades,Ace of Spades making a pair
I, [2014-04-05T16:00:33.901610 #16191]  INFO -- : R3T showed 7 of Spades,8 of Diamonds,9 of Hearts,9 of Diamonds,10 of Spades making a pair
I, [2014-04-05T16:00:33.901912 #16191]  INFO -- : R3T won 80
I, [2014-04-05T16:00:33.905961 #16191]  INFO -- : Player R3T responded with  (200)
I, [2014-04-05T16:00:33.907746 #16191]  INFO -- : Player Mr Bazinga responded with OK (200)
I, [2014-04-05T16:00:33.909999 #16191]  INFO -- : Player NoCo responded with  (200)
I, [2014-04-05T16:00:33.910529 #16191]  INFO -- : R3T received hole_card 9 of Clubs
I, [2014-04-05T16:00:33.910878 #16191]  INFO -- : Mr Bazinga received hole_card 3 of Hearts
I, [2014-04-05T16:00:33.911280 #16191]  INFO -- : R3T received hole_card 6 of Clubs
I, [2014-04-05T16:00:33.911614 #16191]  INFO -- : Mr Bazinga received hole_card 10 of Spades
I, [2014-04-05T16:00:33.912194 #16191]  INFO -- : R3T made a bet of 40 (raise) and is left with 40 chips. The pot now contains 40 chips.
I, [2014-04-05T16:00:33.912447 #16191]  INFO -- : Mr Bazinga made a bet of 80 (raise) and is left with 2840 chips. The pot now contains 120 chips.
I, [2014-04-05T16:00:33.914596 #16191]  INFO -- : Player R3T responded with 0 (200)
I, [2014-04-05T16:00:33.915014 #16191]  INFO -- : R3T made a bet of 0 (fold) and is left with 40 chips. The pot now contains 120 chips.
I, [2014-04-05T16:00:33.917584 #16191]  INFO -- : Player Mr Bazinga responded with 0 (200)
I, [2014-04-05T16:00:33.918024 #16191]  INFO -- : Mr Bazinga made a bet of 0 (check) and is left with 2840 chips. The pot now contains 120 chips.
I, [2014-04-05T16:00:33.918932 #16191]  INFO -- : Mr Bazinga won 120
I, [2014-04-05T16:00:33.922823 #16191]  INFO -- : Player R3T responded with  (200)
I, [2014-04-05T16:00:33.924549 #16191]  INFO -- : Player Mr Bazinga responded with OK (200)
I, [2014-04-05T16:00:33.927978 #16191]  INFO -- : Player NoCo responded with  (200)
I, [2014-04-05T16:00:33.928275 #16191]  INFO -- : Mr Bazinga received hole_card 4 of Hearts
I, [2014-04-05T16:00:33.928465 #16191]  INFO -- : R3T received hole_card 5 of Spades
I, [2014-04-05T16:00:33.928646 #16191]  INFO -- : Mr Bazinga received hole_card 9 of Clubs
I, [2014-04-05T16:00:33.928830 #16191]  INFO -- : R3T received hole_card 2 of Hearts
I, [2014-04-05T16:00:33.929197 #16191]  INFO -- : Mr Bazinga made a bet of 40 (raise) and is left with 2920 chips. The pot now contains 40 chips.
I, [2014-04-05T16:00:33.929640 #16191]  INFO -- : R3T made a bet of 40 (allin) and is left with 0 chips. The pot now contains 80 chips.
I, [2014-04-05T16:00:33.933597 #16191]  INFO -- : Player Mr Bazinga responded with 0 (200)
I, [2014-04-05T16:00:33.934669 #16191]  INFO -- : Mr Bazinga made a bet of 0 (check) and is left with 2920 chips. The pot now contains 80 chips.
I, [2014-04-05T16:00:33.935519 #16191]  INFO -- : community card 6 of Clubs
I, [2014-04-05T16:00:33.936241 #16191]  INFO -- : community card 9 of Diamonds
I, [2014-04-05T16:00:33.936421 #16191]  INFO -- : community card 5 of Clubs
I, [2014-04-05T16:00:33.936651 #16191]  INFO -- : community card Queen of Clubs
I, [2014-04-05T16:00:33.936836 #16191]  INFO -- : community card Ace of Clubs
I, [2014-04-05T16:00:33.937199 #16191]  INFO -- : Mr Bazinga showed 5 of Clubs,6 of Clubs,9 of Clubs,Queen of Clubs,Ace of Clubs making a flush
I, [2014-04-05T16:00:33.937579 #16191]  INFO -- : Mr Bazinga won 80
I, [2014-04-05T16:00:33.940893 #16191]  INFO -- : Player R3T responded with  (200)
I, [2014-04-05T16:00:33.942751 #16191]  INFO -- : Player Mr Bazinga responded with OK (200)
I, [2014-04-05T16:00:33.945263 #16191]  INFO -- : Player NoCo responded with  (200)
