# Logfile created on 2014-04-05 15:24:45 +0200 by logger.rb/44203
I, [2014-04-05T15:24:45.881542 #10290]  INFO -- : Reseting R3T to origin/master
I, [2014-04-05T15:24:46.863563 #10290]  INFO -- : Reseting Mr Bazinga to origin/master
I, [2014-04-05T15:24:48.127805 #10290]  INFO -- : Reseting NoCo to origin/master
I, [2014-04-05T15:24:49.407242 #10290]  INFO -- : Connected R3T at http://localhost:8080/
I, [2014-04-05T15:24:49.411713 #10290]  INFO -- : Connected Mr Bazinga at http://localhost:1337/
I, [2014-04-05T15:24:49.415655 #10290]  INFO -- : Connected NoCo at http://localhost:8000/player_service.php
E, [2014-04-05T15:24:49.416673 #10290] ERROR -- : Connection refused - connect(2) for "localhost" port 8080
E, [2014-04-05T15:24:49.416776 #10290] ERROR -- : Player R3T is unreachable
I, [2014-04-05T15:24:49.416835 #10290]  INFO -- : Waiting for players to start
E, [2014-04-05T15:24:50.417422 #10290] ERROR -- : Connection refused - connect(2) for "localhost" port 8080
E, [2014-04-05T15:24:50.417577 #10290] ERROR -- : Player R3T is unreachable
I, [2014-04-05T15:24:50.417676 #10290]  INFO -- : Waiting for players to start
E, [2014-04-05T15:24:51.418226 #10290] ERROR -- : Connection refused - connect(2) for "localhost" port 8080
E, [2014-04-05T15:24:51.418409 #10290] ERROR -- : Player R3T is unreachable
I, [2014-04-05T15:24:51.418494 #10290]  INFO -- : Waiting for players to start
E, [2014-04-05T15:24:52.419185 #10290] ERROR -- : Connection refused - connect(2) for "localhost" port 8080
E, [2014-04-05T15:24:52.419331 #10290] ERROR -- : Player R3T is unreachable
I, [2014-04-05T15:24:52.419416 #10290]  INFO -- : Waiting for players to start
E, [2014-04-05T15:24:53.429034 #10290] ERROR -- : Connection refused - connect(2) for "localhost" port 8080
E, [2014-04-05T15:24:53.429225 #10290] ERROR -- : Player R3T is unreachable
I, [2014-04-05T15:24:53.429316 #10290]  INFO -- : Waiting for players to start
E, [2014-04-05T15:24:54.429937 #10290] ERROR -- : Connection refused - connect(2) for "localhost" port 8080
E, [2014-04-05T15:24:54.430085 #10290] ERROR -- : Player R3T is unreachable
I, [2014-04-05T15:24:54.430178 #10290]  INFO -- : Waiting for players to start
E, [2014-04-05T15:24:55.445655 #10290] ERROR -- : Connection refused - connect(2) for "localhost" port 8080
E, [2014-04-05T15:24:55.445854 #10290] ERROR -- : Player R3T is unreachable
I, [2014-04-05T15:24:55.445955 #10290]  INFO -- : Waiting for players to start
E, [2014-04-05T15:24:56.446708 #10290] ERROR -- : Connection refused - connect(2) for "localhost" port 8080
E, [2014-04-05T15:24:56.446849 #10290] ERROR -- : Player R3T is unreachable
I, [2014-04-05T15:24:56.446926 #10290]  INFO -- : Waiting for players to start
E, [2014-04-05T15:24:57.447512 #10290] ERROR -- : Connection refused - connect(2) for "localhost" port 8080
E, [2014-04-05T15:24:57.447765 #10290] ERROR -- : Player R3T is unreachable
I, [2014-04-05T15:24:57.447919 #10290]  INFO -- : Waiting for players to start
E, [2014-04-05T15:24:58.448591 #10290] ERROR -- : Connection refused - connect(2) for "localhost" port 8080
E, [2014-04-05T15:24:58.448712 #10290] ERROR -- : Player R3T is unreachable
I, [2014-04-05T15:24:58.448806 #10290]  INFO -- : Waiting for players to start
E, [2014-04-05T15:24:59.449429 #10290] ERROR -- : Connection refused - connect(2) for "localhost" port 8080
E, [2014-04-05T15:24:59.449571 #10290] ERROR -- : Player R3T is unreachable
I, [2014-04-05T15:24:59.449702 #10290]  INFO -- : Waiting for players to start
E, [2014-04-05T15:25:00.453733 #10290] ERROR -- : Connection refused - connect(2) for "localhost" port 8080
E, [2014-04-05T15:25:00.454031 #10290] ERROR -- : Player R3T is unreachable
I, [2014-04-05T15:25:00.454218 #10290]  INFO -- : Waiting for players to start
E, [2014-04-05T15:25:01.454894 #10290] ERROR -- : Connection refused - connect(2) for "localhost" port 8080
E, [2014-04-05T15:25:01.455044 #10290] ERROR -- : Player R3T is unreachable
I, [2014-04-05T15:25:01.455182 #10290]  INFO -- : Waiting for players to start
E, [2014-04-05T15:25:02.455780 #10290] ERROR -- : Connection refused - connect(2) for "localhost" port 8080
E, [2014-04-05T15:25:02.455973 #10290] ERROR -- : Player R3T is unreachable
I, [2014-04-05T15:25:02.456085 #10290]  INFO -- : Waiting for players to start
E, [2014-04-05T15:25:03.456701 #10290] ERROR -- : Connection refused - connect(2) for "localhost" port 8080
E, [2014-04-05T15:25:03.456878 #10290] ERROR -- : Player R3T is unreachable
I, [2014-04-05T15:25:03.456938 #10290]  INFO -- : Waiting for players to start
E, [2014-04-05T15:25:04.958957 #10290] ERROR -- : Net::ReadTimeout
E, [2014-04-05T15:25:04.959136 #10290] ERROR -- : Player R3T is unreachable
I, [2014-04-05T15:25:04.959259 #10290]  INFO -- : Waiting for players to start
E, [2014-04-05T15:25:06.462532 #10290] ERROR -- : Net::ReadTimeout
E, [2014-04-05T15:25:06.462903 #10290] ERROR -- : Player R3T is unreachable
I, [2014-04-05T15:25:06.463131 #10290]  INFO -- : Waiting for players to start
E, [2014-04-05T15:25:07.965469 #10290] ERROR -- : Net::ReadTimeout
E, [2014-04-05T15:25:07.965790 #10290] ERROR -- : Player R3T is unreachable
I, [2014-04-05T15:25:07.965961 #10290]  INFO -- : Waiting for players to start
I, [2014-04-05T15:25:08.968322 #10290]  INFO -- : Player R3T responded with  (200)
I, [2014-04-05T15:25:08.985703 #10290]  INFO -- : Player Mr Bazinga responded with OK (200)
I, [2014-04-05T15:25:08.989391 #10290]  INFO -- : Player NoCo responded with  (200)
I, [2014-04-05T15:25:08.989521 #10290]  INFO -- : Players are running
I, [2014-04-05T15:25:09.009092 #10290]  INFO -- : Player R3T responded with v0.4 megasuper ai (200)
I, [2014-04-05T15:25:09.015464 #10290]  INFO -- : Player Mr Bazinga responded with Super AI 1.0 (200)
I, [2014-04-05T15:25:09.019821 #10290]  INFO -- : Player NoCo responded with NoCo1521 (200)
I, [2014-04-05T15:25:09.020809 #10290]  INFO -- : NoCo received hole_card Ace of Diamonds
I, [2014-04-05T15:25:09.021414 #10290]  INFO -- : R3T received hole_card King of Hearts
I, [2014-04-05T15:25:09.021995 #10290]  INFO -- : Mr Bazinga received hole_card Ace of Hearts
I, [2014-04-05T15:25:09.022531 #10290]  INFO -- : NoCo received hole_card 3 of Clubs
I, [2014-04-05T15:25:09.023131 #10290]  INFO -- : R3T received hole_card 9 of Spades
I, [2014-04-05T15:25:09.023753 #10290]  INFO -- : Mr Bazinga received hole_card 6 of Clubs
I, [2014-04-05T15:25:09.028396 #10290]  INFO -- : NoCo made a bet of 10 (raise) and is left with 990 chips. The pot now contains 10 chips.
I, [2014-04-05T15:25:09.028849 #10290]  INFO -- : R3T made a bet of 20 (raise) and is left with 980 chips. The pot now contains 30 chips.
I, [2014-04-05T15:25:09.035260 #10290]  INFO -- : Player Mr Bazinga responded with 0 (200)
I, [2014-04-05T15:25:09.035809 #10290]  INFO -- : Mr Bazinga made a bet of 0 (fold) and is left with 1000 chips. The pot now contains 30 chips.
I, [2014-04-05T15:25:09.039318 #10290]  INFO -- : Player NoCo responded with 100 (200)
I, [2014-04-05T15:25:09.039526 #10290]  INFO -- : NoCo made a bet of 100 (raise) and is left with 890 chips. The pot now contains 130 chips.
I, [2014-04-05T15:25:09.088413 #10290]  INFO -- : Player R3T responded with 0 (200)
I, [2014-04-05T15:25:09.088678 #10290]  INFO -- : R3T made a bet of 0 (fold) and is left with 980 chips. The pot now contains 130 chips.
I, [2014-04-05T15:25:09.089097 #10290]  INFO -- : NoCo won 130
I, [2014-04-05T15:25:09.093940 #10290]  INFO -- : Player R3T responded with  (200)
I, [2014-04-05T15:25:09.097318 #10290]  INFO -- : Player Mr Bazinga responded with OK (200)
I, [2014-04-05T15:25:09.101912 #10290]  INFO -- : Player NoCo responded with  (200)
I, [2014-04-05T15:25:09.102854 #10290]  INFO -- : R3T received hole_card 2 of Clubs
I, [2014-04-05T15:25:09.103596 #10290]  INFO -- : Mr Bazinga received hole_card 3 of Diamonds
I, [2014-04-05T15:25:09.104222 #10290]  INFO -- : NoCo received hole_card 2 of Diamonds
I, [2014-04-05T15:25:09.104940 #10290]  INFO -- : R3T received hole_card Ace of Spades
I, [2014-04-05T15:25:09.105580 #10290]  INFO -- : Mr Bazinga received hole_card 9 of Spades
I, [2014-04-05T15:25:09.106226 #10290]  INFO -- : NoCo received hole_card 7 of Spades
I, [2014-04-05T15:25:09.107172 #10290]  INFO -- : R3T made a bet of 10 (raise) and is left with 970 chips. The pot now contains 10 chips.
I, [2014-04-05T15:25:09.108233 #10290]  INFO -- : Mr Bazinga made a bet of 20 (raise) and is left with 980 chips. The pot now contains 30 chips.
I, [2014-04-05T15:25:09.111558 #10290]  INFO -- : Player NoCo responded with 0 (200)
I, [2014-04-05T15:25:09.111997 #10290]  INFO -- : NoCo made a bet of 0 (fold) and is left with 1020 chips. The pot now contains 30 chips.
I, [2014-04-05T15:25:09.118009 #10290]  INFO -- : Player R3T responded with 0 (200)
I, [2014-04-05T15:25:09.118445 #10290]  INFO -- : R3T made a bet of 0 (fold) and is left with 970 chips. The pot now contains 30 chips.
I, [2014-04-05T15:25:09.121902 #10290]  INFO -- : Player Mr Bazinga responded with 0 (200)
I, [2014-04-05T15:25:09.122417 #10290]  INFO -- : Mr Bazinga made a bet of 0 (check) and is left with 980 chips. The pot now contains 30 chips.
I, [2014-04-05T15:25:09.123123 #10290]  INFO -- : Mr Bazinga won 30
I, [2014-04-05T15:25:09.129283 #10290]  INFO -- : Player R3T responded with  (200)
I, [2014-04-05T15:25:09.131978 #10290]  INFO -- : Player Mr Bazinga responded with OK (200)
I, [2014-04-05T15:25:09.136196 #10290]  INFO -- : Player NoCo responded with  (200)
I, [2014-04-05T15:25:09.137067 #10290]  INFO -- : Mr Bazinga received hole_card King of Hearts
I, [2014-04-05T15:25:09.137849 #10290]  INFO -- : NoCo received hole_card Queen of Spades
I, [2014-04-05T15:25:09.138497 #10290]  INFO -- : R3T received hole_card Ace of Hearts
I, [2014-04-05T15:25:09.139136 #10290]  INFO -- : Mr Bazinga received hole_card 2 of Hearts
I, [2014-04-05T15:25:09.139786 #10290]  INFO -- : NoCo received hole_card 5 of Spades
I, [2014-04-05T15:25:09.140465 #10290]  INFO -- : R3T received hole_card 8 of Spades
I, [2014-04-05T15:25:09.141500 #10290]  INFO -- : Mr Bazinga made a bet of 10 (raise) and is left with 1000 chips. The pot now contains 10 chips.
I, [2014-04-05T15:25:09.142468 #10290]  INFO -- : NoCo made a bet of 20 (raise) and is left with 1000 chips. The pot now contains 30 chips.
I, [2014-04-05T15:25:09.150473 #10290]  INFO -- : Player R3T responded with 0 (200)
I, [2014-04-05T15:25:09.151008 #10290]  INFO -- : R3T made a bet of 0 (fold) and is left with 970 chips. The pot now contains 30 chips.
I, [2014-04-05T15:25:09.154879 #10290]  INFO -- : Player Mr Bazinga responded with 10 (200)
I, [2014-04-05T15:25:09.155233 #10290]  INFO -- : Mr Bazinga made a bet of 10 (call) and is left with 990 chips. The pot now contains 40 chips.
I, [2014-04-05T15:25:09.159556 #10290]  INFO -- : Player NoCo responded with 100 (200)
I, [2014-04-05T15:25:09.160226 #10290]  INFO -- : NoCo made a bet of 100 (raise) and is left with 900 chips. The pot now contains 140 chips.
I, [2014-04-05T15:25:09.161817 #10290]  INFO -- : Player Mr Bazinga responded with 100 (200)
I, [2014-04-05T15:25:09.162050 #10290]  INFO -- : Mr Bazinga made a bet of 100 (call) and is left with 890 chips. The pot now contains 240 chips.
I, [2014-04-05T15:25:09.162276 #10290]  INFO -- : community card 9 of Clubs
I, [2014-04-05T15:25:09.162451 #10290]  INFO -- : community card Jack of Clubs
I, [2014-04-05T15:25:09.162634 #10290]  INFO -- : community card Ace of Diamonds
I, [2014-04-05T15:25:09.174016 #10290]  INFO -- : Player Mr Bazinga responded with 0 (200)
I, [2014-04-05T15:25:09.174700 #10290]  INFO -- : Mr Bazinga made a bet of 0 (check) and is left with 890 chips. The pot now contains 240 chips.
E, [2014-04-05T15:25:09.677512 #10290] ERROR -- : Net::ReadTimeout
E, [2014-04-05T15:25:09.677657 #10290] ERROR -- : Player NoCo is unreachable
I, [2014-04-05T15:25:09.677882 #10290]  INFO -- : NoCo made a bet of 0 (check) and is left with 900 chips. The pot now contains 240 chips.
I, [2014-04-05T15:25:09.678136 #10290]  INFO -- : community card 2 of Clubs
I, [2014-04-05T15:25:09.687879 #10290]  INFO -- : Player Mr Bazinga responded with 0 (200)
I, [2014-04-05T15:25:09.688757 #10290]  INFO -- : Mr Bazinga made a bet of 0 (check) and is left with 890 chips. The pot now contains 240 chips.
E, [2014-04-05T15:25:10.196984 #10290] ERROR -- : Net::ReadTimeout
E, [2014-04-05T15:25:10.197108 #10290] ERROR -- : Player NoCo is unreachable
I, [2014-04-05T15:25:10.197292 #10290]  INFO -- : NoCo made a bet of 0 (check) and is left with 900 chips. The pot now contains 240 chips.
I, [2014-04-05T15:25:10.198827 #10290]  INFO -- : community card 3 of Clubs
I, [2014-04-05T15:25:10.210575 #10290]  INFO -- : Player Mr Bazinga responded with 0 (200)
I, [2014-04-05T15:25:10.210842 #10290]  INFO -- : Mr Bazinga made a bet of 0 (check) and is left with 890 chips. The pot now contains 240 chips.
E, [2014-04-05T15:25:10.715092 #10290] ERROR -- : Net::ReadTimeout
E, [2014-04-05T15:25:10.715420 #10290] ERROR -- : Player NoCo is unreachable
I, [2014-04-05T15:25:10.715986 #10290]  INFO -- : NoCo made a bet of 0 (check) and is left with 900 chips. The pot now contains 240 chips.
I, [2014-04-05T15:25:10.717788 #10290]  INFO -- : Mr Bazinga showed 2 of Hearts,2 of Clubs,Jack of Clubs,King of Hearts,Ace of Diamonds making a pair
I, [2014-04-05T15:25:10.718942 #10290]  INFO -- : Mr Bazinga won 240
I, [2014-04-05T15:25:10.727049 #10290]  INFO -- : Player R3T responded with  (200)
I, [2014-04-05T15:25:10.744757 #10290]  INFO -- : Player Mr Bazinga responded with OK (200)
E, [2014-04-05T15:25:11.249319 #10290] ERROR -- : Net::ReadTimeout
E, [2014-04-05T15:25:11.249677 #10290] ERROR -- : Player NoCo is unreachable
I, [2014-04-05T15:25:11.250583 #10290]  INFO -- : NoCo received hole_card 3 of Diamonds
I, [2014-04-05T15:25:11.251178 #10290]  INFO -- : R3T received hole_card 2 of Diamonds
I, [2014-04-05T15:25:11.251798 #10290]  INFO -- : Mr Bazinga received hole_card King of Clubs
I, [2014-04-05T15:25:11.252105 #10290]  INFO -- : NoCo received hole_card 9 of Spades
I, [2014-04-05T15:25:11.252715 #10290]  INFO -- : R3T received hole_card 5 of Hearts
I, [2014-04-05T15:25:11.253339 #10290]  INFO -- : Mr Bazinga received hole_card 8 of Clubs
I, [2014-04-05T15:25:11.254261 #10290]  INFO -- : NoCo made a bet of 10 (raise) and is left with 890 chips. The pot now contains 10 chips.
I, [2014-04-05T15:25:11.255038 #10290]  INFO -- : R3T made a bet of 20 (raise) and is left with 950 chips. The pot now contains 30 chips.
I, [2014-04-05T15:25:11.261750 #10290]  INFO -- : Player Mr Bazinga responded with 20 (200)
I, [2014-04-05T15:25:11.262402 #10290]  INFO -- : Mr Bazinga made a bet of 20 (call) and is left with 1110 chips. The pot now contains 50 chips.
E, [2014-04-05T15:25:11.766485 #10290] ERROR -- : Net::ReadTimeout
E, [2014-04-05T15:25:11.766816 #10290] ERROR -- : Player NoCo is unreachable
I, [2014-04-05T15:25:11.767278 #10290]  INFO -- : NoCo made a bet of 0 (fold) and is left with 890 chips. The pot now contains 50 chips.
I, [2014-04-05T15:25:11.775607 #10290]  INFO -- : Player R3T responded with 0 (200)
I, [2014-04-05T15:25:11.776479 #10290]  INFO -- : R3T made a bet of 0 (check) and is left with 950 chips. The pot now contains 50 chips.
I, [2014-04-05T15:25:11.777310 #10290]  INFO -- : community card Queen of Spades
I, [2014-04-05T15:25:11.778104 #10290]  INFO -- : community card 3 of Hearts
I, [2014-04-05T15:25:11.778952 #10290]  INFO -- : community card 9 of Clubs
I, [2014-04-05T15:25:11.870660 #10290]  INFO -- : Player R3T responded with 0 (200)
I, [2014-04-05T15:25:11.870910 #10290]  INFO -- : R3T made a bet of 0 (check) and is left with 950 chips. The pot now contains 50 chips.
I, [2014-04-05T15:25:11.897831 #10290]  INFO -- : Player Mr Bazinga responded with 0 (200)
I, [2014-04-05T15:25:11.898108 #10290]  INFO -- : Mr Bazinga made a bet of 0 (check) and is left with 1110 chips. The pot now contains 50 chips.
I, [2014-04-05T15:25:11.898415 #10290]  INFO -- : community card 5 of Spades
I, [2014-04-05T15:25:11.919028 #10290]  INFO -- : Player R3T responded with 40 (200)
I, [2014-04-05T15:25:11.919744 #10290]  INFO -- : R3T made a bet of 40 (raise) and is left with 910 chips. The pot now contains 90 chips.
I, [2014-04-05T15:25:11.936165 #10290]  INFO -- : Player Mr Bazinga responded with 40 (200)
I, [2014-04-05T15:25:11.937486 #10290]  INFO -- : Mr Bazinga made a bet of 40 (call) and is left with 1070 chips. The pot now contains 130 chips.
I, [2014-04-05T15:25:11.937938 #10290]  INFO -- : community card 4 of Diamonds
I, [2014-04-05T15:25:11.955881 #10290]  INFO -- : Player R3T responded with 80 (200)
I, [2014-04-05T15:25:11.956558 #10290]  INFO -- : R3T made a bet of 80 (raise) and is left with 830 chips. The pot now contains 210 chips.
I, [2014-04-05T15:25:11.972738 #10290]  INFO -- : Player Mr Bazinga responded with 80 (200)
I, [2014-04-05T15:25:11.973225 #10290]  INFO -- : Mr Bazinga made a bet of 80 (call) and is left with 990 chips. The pot now contains 290 chips.
I, [2014-04-05T15:25:11.974352 #10290]  INFO -- : R3T showed 4 of Diamonds,5 of Hearts,5 of Spades,9 of Clubs,Queen of Spades making a pair
I, [2014-04-05T15:25:11.975378 #10290]  INFO -- : R3T won 290
I, [2014-04-05T15:25:11.978868 #10290]  INFO -- : Player R3T responded with  (200)
I, [2014-04-05T15:25:11.986083 #10290]  INFO -- : Player Mr Bazinga responded with OK (200)
E, [2014-04-05T15:25:12.487866 #10290] ERROR -- : Net::ReadTimeout
E, [2014-04-05T15:25:12.487998 #10290] ERROR -- : Player NoCo is unreachable
I, [2014-04-05T15:25:12.488294 #10290]  INFO -- : R3T received hole_card 6 of Diamonds
I, [2014-04-05T15:25:12.488468 #10290]  INFO -- : Mr Bazinga received hole_card 7 of Clubs
I, [2014-04-05T15:25:12.488631 #10290]  INFO -- : NoCo received hole_card 10 of Clubs
I, [2014-04-05T15:25:12.488786 #10290]  INFO -- : R3T received hole_card Queen of Hearts
I, [2014-04-05T15:25:12.488972 #10290]  INFO -- : Mr Bazinga received hole_card 6 of Hearts
I, [2014-04-05T15:25:12.489150 #10290]  INFO -- : NoCo received hole_card 8 of Spades
I, [2014-04-05T15:25:12.489434 #10290]  INFO -- : R3T made a bet of 10 (raise) and is left with 1110 chips. The pot now contains 10 chips.
I, [2014-04-05T15:25:12.489792 #10290]  INFO -- : Mr Bazinga made a bet of 20 (raise) and is left with 970 chips. The pot now contains 30 chips.
E, [2014-04-05T15:25:12.992260 #10290] ERROR -- : Net::ReadTimeout
E, [2014-04-05T15:25:12.992444 #10290] ERROR -- : Player NoCo is unreachable
I, [2014-04-05T15:25:12.992627 #10290]  INFO -- : NoCo made a bet of 0 (fold) and is left with 890 chips. The pot now contains 30 chips.
I, [2014-04-05T15:25:12.997866 #10290]  INFO -- : Player R3T responded with 0 (200)
I, [2014-04-05T15:25:12.998095 #10290]  INFO -- : R3T made a bet of 0 (fold) and is left with 1110 chips. The pot now contains 30 chips.
I, [2014-04-05T15:25:13.003953 #10290]  INFO -- : Player Mr Bazinga responded with 0 (200)
I, [2014-04-05T15:25:13.004740 #10290]  INFO -- : Mr Bazinga made a bet of 0 (check) and is left with 970 chips. The pot now contains 30 chips.
I, [2014-04-05T15:25:13.005754 #10290]  INFO -- : Mr Bazinga won 30
I, [2014-04-05T15:25:13.013396 #10290]  INFO -- : Player R3T responded with  (200)
I, [2014-04-05T15:25:13.018011 #10290]  INFO -- : Player Mr Bazinga responded with OK (200)
I, [2014-04-05T15:25:13.401769 #10290]  INFO -- : Player NoCo responded with  (200)
I, [2014-04-05T15:25:13.402750 #10290]  INFO -- : Mr Bazinga received hole_card King of Diamonds
I, [2014-04-05T15:25:13.403351 #10290]  INFO -- : NoCo received hole_card Jack of Hearts
I, [2014-04-05T15:25:13.403949 #10290]  INFO -- : R3T received hole_card King of Spades
I, [2014-04-05T15:25:13.404750 #10290]  INFO -- : Mr Bazinga received hole_card 3 of Hearts
I, [2014-04-05T15:25:13.405359 #10290]  INFO -- : NoCo received hole_card Jack of Spades
I, [2014-04-05T15:25:13.405984 #10290]  INFO -- : R3T received hole_card Jack of Clubs
I, [2014-04-05T15:25:13.406919 #10290]  INFO -- : Mr Bazinga made a bet of 10 (raise) and is left with 990 chips. The pot now contains 10 chips.
I, [2014-04-05T15:25:13.407761 #10290]  INFO -- : NoCo made a bet of 20 (raise) and is left with 870 chips. The pot now contains 30 chips.
I, [2014-04-05T15:25:13.415577 #10290]  INFO -- : Player R3T responded with 30 (200)
I, [2014-04-05T15:25:13.416376 #10290]  INFO -- : R3T made a bet of 30 (raise) and is left with 1080 chips. The pot now contains 60 chips.
I, [2014-04-05T15:25:13.419947 #10290]  INFO -- : Player Mr Bazinga responded with 0 (200)
I, [2014-04-05T15:25:13.420421 #10290]  INFO -- : Mr Bazinga made a bet of 0 (fold) and is left with 990 chips. The pot now contains 60 chips.
I, [2014-04-05T15:25:13.423832 #10290]  INFO -- : Player NoCo responded with 100 (200)
I, [2014-04-05T15:25:13.424185 #10290]  INFO -- : NoCo made a bet of 100 (raise) and is left with 770 chips. The pot now contains 160 chips.
I, [2014-04-05T15:25:13.428595 #10290]  INFO -- : Player R3T responded with 210 (200)
I, [2014-04-05T15:25:13.429295 #10290]  INFO -- : R3T made a bet of 210 (raise) and is left with 870 chips. The pot now contains 370 chips.
I, [2014-04-05T15:25:13.433335 #10290]  INFO -- : Player NoCo responded with 100 (200)
I, [2014-04-05T15:25:13.433923 #10290]  INFO -- : NoCo made a bet of 0 (fold) and is left with 770 chips. The pot now contains 370 chips.
I, [2014-04-05T15:25:13.435124 #10290]  INFO -- : R3T won 370
I, [2014-04-05T15:25:13.440451 #10290]  INFO -- : Player R3T responded with  (200)
I, [2014-04-05T15:25:13.443599 #10290]  INFO -- : Player Mr Bazinga responded with OK (200)
I, [2014-04-05T15:25:13.447172 #10290]  INFO -- : Player NoCo responded with  (200)
I, [2014-04-05T15:25:13.448217 #10290]  INFO -- : NoCo received hole_card Ace of Diamonds
I, [2014-04-05T15:25:13.448810 #10290]  INFO -- : R3T received hole_card 4 of Spades
I, [2014-04-05T15:25:13.449421 #10290]  INFO -- : Mr Bazinga received hole_card Jack of Spades
I, [2014-04-05T15:25:13.450045 #10290]  INFO -- : NoCo received hole_card Queen of Diamonds
I, [2014-04-05T15:25:13.450622 #10290]  INFO -- : R3T received hole_card 5 of Diamonds
I, [2014-04-05T15:25:13.451204 #10290]  INFO -- : Mr Bazinga received hole_card King of Diamonds
I, [2014-04-05T15:25:13.452185 #10290]  INFO -- : NoCo made a bet of 10 (raise) and is left with 760 chips. The pot now contains 10 chips.
I, [2014-04-05T15:25:13.453007 #10290]  INFO -- : R3T made a bet of 20 (raise) and is left with 1220 chips. The pot now contains 30 chips.
I, [2014-04-05T15:25:13.458845 #10290]  INFO -- : Player Mr Bazinga responded with 20 (200)
I, [2014-04-05T15:25:13.459565 #10290]  INFO -- : Mr Bazinga made a bet of 20 (call) and is left with 970 chips. The pot now contains 50 chips.
I, [2014-04-05T15:25:13.463039 #10290]  INFO -- : Player NoCo responded with 1520 (200)
I, [2014-04-05T15:25:13.463324 #10290]  INFO -- : NoCo made a bet of 760 (allin) and is left with 0 chips. The pot now contains 810 chips.
I, [2014-04-05T15:25:13.468185 #10290]  INFO -- : Player R3T responded with 0 (200)
I, [2014-04-05T15:25:13.468450 #10290]  INFO -- : R3T made a bet of 0 (fold) and is left with 1220 chips. The pot now contains 810 chips.
I, [2014-04-05T15:25:13.471176 #10290]  INFO -- : Player Mr Bazinga responded with 750 (200)
I, [2014-04-05T15:25:13.471397 #10290]  INFO -- : Mr Bazinga made a bet of 750 (call) and is left with 220 chips. The pot now contains 1560 chips.
I, [2014-04-05T15:25:13.471604 #10290]  INFO -- : community card 8 of Clubs
I, [2014-04-05T15:25:13.471774 #10290]  INFO -- : community card 5 of Spades
I, [2014-04-05T15:25:13.471947 #10290]  INFO -- : community card King of Spades
I, [2014-04-05T15:25:13.472152 #10290]  INFO -- : community card 4 of Diamonds
I, [2014-04-05T15:25:13.472326 #10290]  INFO -- : community card Jack of Hearts
I, [2014-04-05T15:25:13.472762 #10290]  INFO -- : NoCo showed 8 of Clubs,Jack of Hearts,Queen of Diamonds,King of Spades,Ace of Diamonds making a high card
I, [2014-04-05T15:25:13.473182 #10290]  INFO -- : Mr Bazinga showed 8 of Clubs,Jack of Spades,Jack of Hearts,King of Diamonds,King of Spades making a two pairs
I, [2014-04-05T15:25:13.473363 #10290]  INFO -- : Mr Bazinga won 1560
I, [2014-04-05T15:25:13.478915 #10290]  INFO -- : Player R3T responded with  (200)
I, [2014-04-05T15:25:13.484590 #10290]  INFO -- : Player Mr Bazinga responded with OK (200)
I, [2014-04-05T15:25:13.488100 #10290]  INFO -- : Player NoCo responded with  (200)
I, [2014-04-05T15:25:13.488549 #10290]  INFO -- : Mr Bazinga received hole_card 9 of Hearts
I, [2014-04-05T15:25:13.488860 #10290]  INFO -- : R3T received hole_card 10 of Hearts
I, [2014-04-05T15:25:13.489100 #10290]  INFO -- : Mr Bazinga received hole_card 2 of Diamonds
I, [2014-04-05T15:25:13.489469 #10290]  INFO -- : R3T received hole_card 4 of Spades
I, [2014-04-05T15:25:13.490638 #10290]  INFO -- : Mr Bazinga made a bet of 10 (raise) and is left with 1770 chips. The pot now contains 10 chips.
I, [2014-04-05T15:25:13.491428 #10290]  INFO -- : R3T made a bet of 20 (raise) and is left with 1200 chips. The pot now contains 30 chips.
I, [2014-04-05T15:25:13.495054 #10290]  INFO -- : Player Mr Bazinga responded with 0 (200)
I, [2014-04-05T15:25:13.495830 #10290]  INFO -- : Mr Bazinga made a bet of 0 (fold) and is left with 1770 chips. The pot now contains 30 chips.
I, [2014-04-05T15:25:13.497046 #10290]  INFO -- : R3T won 30
I, [2014-04-05T15:25:13.502222 #10290]  INFO -- : Player R3T responded with  (200)
I, [2014-04-05T15:25:13.504142 #10290]  INFO -- : Player Mr Bazinga responded with OK (200)
I, [2014-04-05T15:25:13.506039 #10290]  INFO -- : Player NoCo responded with  (200)
I, [2014-04-05T15:25:13.506449 #10290]  INFO -- : R3T received hole_card 4 of Spades
I, [2014-04-05T15:25:13.506632 #10290]  INFO -- : Mr Bazinga received hole_card Jack of Spades
I, [2014-04-05T15:25:13.506821 #10290]  INFO -- : R3T received hole_card 8 of Hearts
I, [2014-04-05T15:25:13.507002 #10290]  INFO -- : Mr Bazinga received hole_card 9 of Diamonds
I, [2014-04-05T15:25:13.507290 #10290]  INFO -- : R3T made a bet of 10 (raise) and is left with 1220 chips. The pot now contains 10 chips.
I, [2014-04-05T15:25:13.507563 #10290]  INFO -- : Mr Bazinga made a bet of 20 (raise) and is left with 1750 chips. The pot now contains 30 chips.
I, [2014-04-05T15:25:13.510913 #10290]  INFO -- : Player R3T responded with 0 (200)
I, [2014-04-05T15:25:13.511235 #10290]  INFO -- : R3T made a bet of 0 (fold) and is left with 1220 chips. The pot now contains 30 chips.
I, [2014-04-05T15:25:13.513899 #10290]  INFO -- : Player Mr Bazinga responded with 0 (200)
I, [2014-04-05T15:25:13.514250 #10290]  INFO -- : Mr Bazinga made a bet of 0 (check) and is left with 1750 chips. The pot now contains 30 chips.
I, [2014-04-05T15:25:13.514915 #10290]  INFO -- : Mr Bazinga won 30
I, [2014-04-05T15:25:13.519654 #10290]  INFO -- : Player R3T responded with  (200)
I, [2014-04-05T15:25:13.525432 #10290]  INFO -- : Player Mr Bazinga responded with OK (200)
I, [2014-04-05T15:25:13.527680 #10290]  INFO -- : Player NoCo responded with  (200)
I, [2014-04-05T15:25:13.528105 #10290]  INFO -- : Mr Bazinga received hole_card 6 of Clubs
I, [2014-04-05T15:25:13.528396 #10290]  INFO -- : R3T received hole_card 10 of Diamonds
I, [2014-04-05T15:25:13.528684 #10290]  INFO -- : Mr Bazinga received hole_card 3 of Clubs
I, [2014-04-05T15:25:13.528942 #10290]  INFO -- : R3T received hole_card Queen of Diamonds
I, [2014-04-05T15:25:13.529406 #10290]  INFO -- : Mr Bazinga made a bet of 20 (raise) and is left with 1760 chips. The pot now contains 20 chips.
I, [2014-04-05T15:25:13.529796 #10290]  INFO -- : R3T made a bet of 40 (raise) and is left with 1180 chips. The pot now contains 60 chips.
I, [2014-04-05T15:25:13.531744 #10290]  INFO -- : Player Mr Bazinga responded with 0 (200)
I, [2014-04-05T15:25:13.532047 #10290]  INFO -- : Mr Bazinga made a bet of 0 (fold) and is left with 1760 chips. The pot now contains 60 chips.
I, [2014-04-05T15:25:13.532674 #10290]  INFO -- : R3T won 60
I, [2014-04-05T15:25:13.535010 #10290]  INFO -- : Player R3T responded with  (200)
I, [2014-04-05T15:25:13.537237 #10290]  INFO -- : Player Mr Bazinga responded with OK (200)
I, [2014-04-05T15:25:13.539785 #10290]  INFO -- : Player NoCo responded with  (200)
I, [2014-04-05T15:25:13.540062 #10290]  INFO -- : R3T received hole_card Queen of Diamonds
I, [2014-04-05T15:25:13.540206 #10290]  INFO -- : Mr Bazinga received hole_card 8 of Clubs
I, [2014-04-05T15:25:13.540375 #10290]  INFO -- : R3T received hole_card 6 of Spades
I, [2014-04-05T15:25:13.540529 #10290]  INFO -- : Mr Bazinga received hole_card 10 of Diamonds
I, [2014-04-05T15:25:13.540793 #10290]  INFO -- : R3T made a bet of 20 (raise) and is left with 1220 chips. The pot now contains 20 chips.
I, [2014-04-05T15:25:13.541013 #10290]  INFO -- : Mr Bazinga made a bet of 40 (raise) and is left with 1720 chips. The pot now contains 60 chips.
I, [2014-04-05T15:25:13.543749 #10290]  INFO -- : Player R3T responded with 0 (200)
I, [2014-04-05T15:25:13.544284 #10290]  INFO -- : R3T made a bet of 0 (fold) and is left with 1220 chips. The pot now contains 60 chips.
I, [2014-04-05T15:25:13.548756 #10290]  INFO -- : Player Mr Bazinga responded with 0 (200)
I, [2014-04-05T15:25:13.549157 #10290]  INFO -- : Mr Bazinga made a bet of 0 (check) and is left with 1720 chips. The pot now contains 60 chips.
I, [2014-04-05T15:25:13.549777 #10290]  INFO -- : Mr Bazinga won 60
I, [2014-04-05T15:25:13.555573 #10290]  INFO -- : Player R3T responded with  (200)
I, [2014-04-05T15:25:13.558480 #10290]  INFO -- : Player Mr Bazinga responded with OK (200)
I, [2014-04-05T15:25:13.561914 #10290]  INFO -- : Player NoCo responded with  (200)
I, [2014-04-05T15:25:13.562422 #10290]  INFO -- : Mr Bazinga received hole_card King of Hearts
I, [2014-04-05T15:25:13.562773 #10290]  INFO -- : R3T received hole_card King of Clubs
I, [2014-04-05T15:25:13.563137 #10290]  INFO -- : Mr Bazinga received hole_card 8 of Hearts
I, [2014-04-05T15:25:13.563464 #10290]  INFO -- : R3T received hole_card King of Spades
I, [2014-04-05T15:25:13.563958 #10290]  INFO -- : Mr Bazinga made a bet of 20 (raise) and is left with 1760 chips. The pot now contains 20 chips.
I, [2014-04-05T15:25:13.564422 #10290]  INFO -- : R3T made a bet of 40 (raise) and is left with 1180 chips. The pot now contains 60 chips.
I, [2014-04-05T15:25:13.568629 #10290]  INFO -- : Player Mr Bazinga responded with 20 (200)
I, [2014-04-05T15:25:13.569025 #10290]  INFO -- : Mr Bazinga made a bet of 20 (call) and is left with 1740 chips. The pot now contains 80 chips.
I, [2014-04-05T15:25:13.569438 #10290]  INFO -- : community card Ace of Hearts
I, [2014-04-05T15:25:13.569816 #10290]  INFO -- : community card 2 of Hearts
I, [2014-04-05T15:25:13.570192 #10290]  INFO -- : community card 6 of Clubs
I, [2014-04-05T15:25:13.634371 #10290]  INFO -- : Player Mr Bazinga responded with 0 (200)
I, [2014-04-05T15:25:13.635018 #10290]  INFO -- : Mr Bazinga made a bet of 0 (check) and is left with 1740 chips. The pot now contains 80 chips.
I, [2014-04-05T15:25:13.654434 #10290]  INFO -- : Player R3T responded with 80 (200)
I, [2014-04-05T15:25:13.655515 #10290]  INFO -- : R3T made a bet of 80 (raise) and is left with 1100 chips. The pot now contains 160 chips.
I, [2014-04-05T15:25:13.687531 #10290]  INFO -- : Player Mr Bazinga responded with 80 (200)
I, [2014-04-05T15:25:13.688268 #10290]  INFO -- : Mr Bazinga made a bet of 80 (call) and is left with 1660 chips. The pot now contains 240 chips.
I, [2014-04-05T15:25:13.689064 #10290]  INFO -- : community card 3 of Hearts
I, [2014-04-05T15:25:13.732455 #10290]  INFO -- : Player Mr Bazinga responded with 240 (200)
I, [2014-04-05T15:25:13.733150 #10290]  INFO -- : Mr Bazinga made a bet of 240 (raise) and is left with 1420 chips. The pot now contains 480 chips.
I, [2014-04-05T15:25:13.753393 #10290]  INFO -- : Player R3T responded with 600 (200)
I, [2014-04-05T15:25:13.753668 #10290]  INFO -- : R3T made a bet of 600 (raise) and is left with 500 chips. The pot now contains 1080 chips.
I, [2014-04-05T15:25:13.764896 #10290]  INFO -- : Player Mr Bazinga responded with 920 (200)
I, [2014-04-05T15:25:13.765256 #10290]  INFO -- : Mr Bazinga made a bet of 920 (raise) and is left with 500 chips. The pot now contains 2000 chips.
I, [2014-04-05T15:25:13.778347 #10290]  INFO -- : Player R3T responded with 1840 (200)
I, [2014-04-05T15:25:13.778621 #10290]  INFO -- : R3T made a bet of 500 (allin) and is left with 0 chips. The pot now contains 2500 chips.
I, [2014-04-05T15:25:13.778893 #10290]  INFO -- : community card 8 of Diamonds
I, [2014-04-05T15:25:13.779334 #10290]  INFO -- : Mr Bazinga showed 2 of Hearts,3 of Hearts,8 of Hearts,King of Hearts,Ace of Hearts making a flush
I, [2014-04-05T15:25:13.779750 #10290]  INFO -- : Mr Bazinga won 2500
I, [2014-04-05T15:25:13.782183 #10290]  INFO -- : Player R3T responded with  (200)
I, [2014-04-05T15:25:13.784912 #10290]  INFO -- : Player Mr Bazinga responded with OK (200)
I, [2014-04-05T15:25:13.786757 #10290]  INFO -- : Player NoCo responded with  (200)
