# Logfile created on 2014-04-05 14:43:17 +0200 by logger.rb/44203
I, [2014-04-05T14:43:17.707983 #27484]  INFO -- : Reseting R3T to origin/master
I, [2014-04-05T14:43:18.560264 #27484]  INFO -- : Reseting Mr Bazinga to origin/master
I, [2014-04-05T14:43:19.569121 #27484]  INFO -- : Reseting NoCo to origin/master
I, [2014-04-05T14:43:20.495539 #27484]  INFO -- : Connected R3T at http://localhost:8080/
I, [2014-04-05T14:43:20.497988 #27484]  INFO -- : Connected Mr Bazinga at http://localhost:1337/
I, [2014-04-05T14:43:20.500146 #27484]  INFO -- : Connected NoCo at http://localhost:8000/player_service.php
E, [2014-04-05T14:43:20.501907 #27484] ERROR -- : Connection refused - connect(2) for "localhost" port 8080
E, [2014-04-05T14:43:20.502070 #27484] ERROR -- : Player R3T is unreachable
I, [2014-04-05T14:43:20.502187 #27484]  INFO -- : Waiting for players to start
E, [2014-04-05T14:43:21.502803 #27484] ERROR -- : Connection refused - connect(2) for "localhost" port 8080
E, [2014-04-05T14:43:21.502936 #27484] ERROR -- : Player R3T is unreachable
I, [2014-04-05T14:43:21.503028 #27484]  INFO -- : Waiting for players to start
E, [2014-04-05T14:43:22.503577 #27484] ERROR -- : Connection refused - connect(2) for "localhost" port 8080
E, [2014-04-05T14:43:22.503704 #27484] ERROR -- : Player R3T is unreachable
I, [2014-04-05T14:43:22.503791 #27484]  INFO -- : Waiting for players to start
E, [2014-04-05T14:43:23.504544 #27484] ERROR -- : Connection refused - connect(2) for "localhost" port 8080
E, [2014-04-05T14:43:23.504703 #27484] ERROR -- : Player R3T is unreachable
I, [2014-04-05T14:43:23.504800 #27484]  INFO -- : Waiting for players to start
E, [2014-04-05T14:43:24.508162 #27484] ERROR -- : Connection refused - connect(2) for "localhost" port 8080
E, [2014-04-05T14:43:24.508342 #27484] ERROR -- : Player R3T is unreachable
I, [2014-04-05T14:43:24.508438 #27484]  INFO -- : Waiting for players to start
E, [2014-04-05T14:43:25.518067 #27484] ERROR -- : Connection refused - connect(2) for "localhost" port 8080
E, [2014-04-05T14:43:25.518327 #27484] ERROR -- : Player R3T is unreachable
I, [2014-04-05T14:43:25.518431 #27484]  INFO -- : Waiting for players to start
E, [2014-04-05T14:43:26.519054 #27484] ERROR -- : Connection refused - connect(2) for "localhost" port 8080
E, [2014-04-05T14:43:26.519201 #27484] ERROR -- : Player R3T is unreachable
I, [2014-04-05T14:43:26.519283 #27484]  INFO -- : Waiting for players to start
E, [2014-04-05T14:43:27.528314 #27484] ERROR -- : Connection refused - connect(2) for "localhost" port 8080
E, [2014-04-05T14:43:27.529300 #27484] ERROR -- : Player R3T is unreachable
I, [2014-04-05T14:43:27.530456 #27484]  INFO -- : Waiting for players to start
E, [2014-04-05T14:43:28.531144 #27484] ERROR -- : Connection refused - connect(2) for "localhost" port 8080
E, [2014-04-05T14:43:28.531310 #27484] ERROR -- : Player R3T is unreachable
I, [2014-04-05T14:43:28.531413 #27484]  INFO -- : Waiting for players to start
E, [2014-04-05T14:43:29.537619 #27484] ERROR -- : Connection refused - connect(2) for "localhost" port 8080
E, [2014-04-05T14:43:29.537882 #27484] ERROR -- : Player R3T is unreachable
I, [2014-04-05T14:43:29.538000 #27484]  INFO -- : Waiting for players to start
E, [2014-04-05T14:43:30.538657 #27484] ERROR -- : Connection refused - connect(2) for "localhost" port 8080
E, [2014-04-05T14:43:30.539004 #27484] ERROR -- : Player R3T is unreachable
I, [2014-04-05T14:43:30.539333 #27484]  INFO -- : Waiting for players to start
E, [2014-04-05T14:43:31.540106 #27484] ERROR -- : Connection refused - connect(2) for "localhost" port 8080
E, [2014-04-05T14:43:31.540230 #27484] ERROR -- : Player R3T is unreachable
I, [2014-04-05T14:43:31.540279 #27484]  INFO -- : Waiting for players to start
E, [2014-04-05T14:43:32.540763 #27484] ERROR -- : Connection refused - connect(2) for "localhost" port 8080
E, [2014-04-05T14:43:32.540892 #27484] ERROR -- : Player R3T is unreachable
I, [2014-04-05T14:43:32.540997 #27484]  INFO -- : Waiting for players to start
E, [2014-04-05T14:43:33.541533 #27484] ERROR -- : Connection refused - connect(2) for "localhost" port 8080
E, [2014-04-05T14:43:33.541666 #27484] ERROR -- : Player R3T is unreachable
I, [2014-04-05T14:43:33.541716 #27484]  INFO -- : Waiting for players to start
E, [2014-04-05T14:43:35.043747 #27484] ERROR -- : Net::ReadTimeout
E, [2014-04-05T14:43:35.043924 #27484] ERROR -- : Player R3T is unreachable
I, [2014-04-05T14:43:35.044010 #27484]  INFO -- : Waiting for players to start
I, [2014-04-05T14:43:36.050680 #27484]  INFO -- : Player R3T responded with  (200)
I, [2014-04-05T14:43:36.069360 #27484]  INFO -- : Player Mr Bazinga responded with OK (200)
I, [2014-04-05T14:43:36.072628 #27484]  INFO -- : Player NoCo responded with  (200)
I, [2014-04-05T14:43:36.072904 #27484]  INFO -- : Players are running
I, [2014-04-05T14:43:36.097096 #27484]  INFO -- : Player R3T responded with v0.31 (200)
I, [2014-04-05T14:43:36.103561 #27484]  INFO -- : Player Mr Bazinga responded with Mr Bazinga PreFlop Version 2 (200)
I, [2014-04-05T14:43:36.107743 #27484]  INFO -- : Player NoCo responded with NoCo1406 (200)
I, [2014-04-05T14:43:36.108978 #27484]  INFO -- : NoCo received hole_card 6 of Spades
I, [2014-04-05T14:43:36.109711 #27484]  INFO -- : R3T received hole_card 9 of Hearts
I, [2014-04-05T14:43:36.110410 #27484]  INFO -- : Mr Bazinga received hole_card 5 of Diamonds
I, [2014-04-05T14:43:36.111086 #27484]  INFO -- : NoCo received hole_card Queen of Hearts
I, [2014-04-05T14:43:36.111694 #27484]  INFO -- : R3T received hole_card King of Clubs
I, [2014-04-05T14:43:36.112433 #27484]  INFO -- : Mr Bazinga received hole_card 5 of Spades
I, [2014-04-05T14:43:36.117467 #27484]  INFO -- : NoCo made a bet of 10 (raise) and is left with 990 chips. The pot now contains 10 chips.
I, [2014-04-05T14:43:36.118515 #27484]  INFO -- : R3T made a bet of 20 (raise) and is left with 980 chips. The pot now contains 30 chips.
I, [2014-04-05T14:43:36.124156 #27484]  INFO -- : Player Mr Bazinga responded with 230 (200)
I, [2014-04-05T14:43:36.124998 #27484]  INFO -- : Mr Bazinga made a bet of 230 (raise) and is left with 770 chips. The pot now contains 260 chips.
I, [2014-04-05T14:43:36.134076 #27484]  INFO -- : Player NoCo responded with Cannot GET /bet_request0 (200)
I, [2014-04-05T14:43:36.134325 #27484]  INFO -- : NoCo made a bet of 0 (fold) and is left with 990 chips. The pot now contains 260 chips.
I, [2014-04-05T14:43:36.193007 #27484]  INFO -- : Player R3T responded with 230 (200)
I, [2014-04-05T14:43:36.193372 #27484]  INFO -- : R3T made a bet of 210 (call) and is left with 770 chips. The pot now contains 470 chips.
I, [2014-04-05T14:43:36.193723 #27484]  INFO -- : community card 2 of Spades
I, [2014-04-05T14:43:36.194095 #27484]  INFO -- : community card 8 of Clubs
I, [2014-04-05T14:43:36.194403 #27484]  INFO -- : community card 3 of Diamonds
I, [2014-04-05T14:43:36.212828 #27484]  INFO -- : Player R3T responded with 0 (200)
I, [2014-04-05T14:43:36.213165 #27484]  INFO -- : R3T made a bet of 0 (check) and is left with 770 chips. The pot now contains 470 chips.
I, [2014-04-05T14:43:36.216120 #27484]  INFO -- : Player Mr Bazinga responded with 220 (200)
I, [2014-04-05T14:43:36.216450 #27484]  INFO -- : Mr Bazinga made a bet of 220 (raise) and is left with 550 chips. The pot now contains 690 chips.
I, [2014-04-05T14:43:36.232798 #27484]  INFO -- : Player R3T responded with 0 (200)
I, [2014-04-05T14:43:36.233163 #27484]  INFO -- : R3T made a bet of 0 (fold) and is left with 770 chips. The pot now contains 690 chips.
I, [2014-04-05T14:43:36.233922 #27484]  INFO -- : Mr Bazinga won 690
I, [2014-04-05T14:43:36.238287 #27484]  INFO -- : Player R3T responded with  (200)
I, [2014-04-05T14:43:36.252373 #27484]  INFO -- : Player Mr Bazinga responded with OK (200)
I, [2014-04-05T14:43:36.254664 #27484]  INFO -- : Player NoCo responded with  (200)
I, [2014-04-05T14:43:36.255011 #27484]  INFO -- : R3T received hole_card Jack of Diamonds
I, [2014-04-05T14:43:36.255194 #27484]  INFO -- : Mr Bazinga received hole_card 9 of Diamonds
I, [2014-04-05T14:43:36.255339 #27484]  INFO -- : NoCo received hole_card Ace of Spades
I, [2014-04-05T14:43:36.255520 #27484]  INFO -- : R3T received hole_card Queen of Spades
I, [2014-04-05T14:43:36.255710 #27484]  INFO -- : Mr Bazinga received hole_card 10 of Hearts
I, [2014-04-05T14:43:36.255888 #27484]  INFO -- : NoCo received hole_card 8 of Hearts
I, [2014-04-05T14:43:36.256188 #27484]  INFO -- : R3T made a bet of 10 (raise) and is left with 760 chips. The pot now contains 10 chips.
I, [2014-04-05T14:43:36.256426 #27484]  INFO -- : Mr Bazinga made a bet of 20 (raise) and is left with 1220 chips. The pot now contains 30 chips.
I, [2014-04-05T14:43:36.259794 #27484]  INFO -- : Player NoCo responded with Cannot GET /bet_request0 (200)
I, [2014-04-05T14:43:36.260033 #27484]  INFO -- : NoCo made a bet of 0 (fold) and is left with 990 chips. The pot now contains 30 chips.
I, [2014-04-05T14:43:36.263996 #27484]  INFO -- : Player R3T responded with 20 (200)
I, [2014-04-05T14:43:36.264365 #27484]  INFO -- : R3T made a bet of 20 (raise) and is left with 740 chips. The pot now contains 50 chips.
I, [2014-04-05T14:43:36.267727 #27484]  INFO -- : Player Mr Bazinga responded with 0 (200)
I, [2014-04-05T14:43:36.268008 #27484]  INFO -- : Mr Bazinga made a bet of 0 (fold) and is left with 1220 chips. The pot now contains 50 chips.
I, [2014-04-05T14:43:36.268527 #27484]  INFO -- : R3T won 50
I, [2014-04-05T14:43:36.271552 #27484]  INFO -- : Player R3T responded with  (200)
I, [2014-04-05T14:43:36.276232 #27484]  INFO -- : Player Mr Bazinga responded with OK (200)
I, [2014-04-05T14:43:36.280747 #27484]  INFO -- : Player NoCo responded with  (200)
I, [2014-04-05T14:43:36.281202 #27484]  INFO -- : Mr Bazinga received hole_card 6 of Spades
I, [2014-04-05T14:43:36.281491 #27484]  INFO -- : NoCo received hole_card 5 of Diamonds
I, [2014-04-05T14:43:36.281768 #27484]  INFO -- : R3T received hole_card King of Diamonds
I, [2014-04-05T14:43:36.282090 #27484]  INFO -- : Mr Bazinga received hole_card 9 of Spades
I, [2014-04-05T14:43:36.282464 #27484]  INFO -- : NoCo received hole_card 8 of Spades
I, [2014-04-05T14:43:36.282776 #27484]  INFO -- : R3T received hole_card 3 of Clubs
I, [2014-04-05T14:43:36.283258 #27484]  INFO -- : Mr Bazinga made a bet of 10 (raise) and is left with 1210 chips. The pot now contains 10 chips.
I, [2014-04-05T14:43:36.283713 #27484]  INFO -- : NoCo made a bet of 20 (raise) and is left with 970 chips. The pot now contains 30 chips.
I, [2014-04-05T14:43:36.287629 #27484]  INFO -- : Player R3T responded with 20 (200)
I, [2014-04-05T14:43:36.287988 #27484]  INFO -- : R3T made a bet of 20 (call) and is left with 770 chips. The pot now contains 50 chips.
I, [2014-04-05T14:43:36.290392 #27484]  INFO -- : Player Mr Bazinga responded with 20 (200)
I, [2014-04-05T14:43:36.290679 #27484]  INFO -- : Mr Bazinga made a bet of 20 (raise) and is left with 1190 chips. The pot now contains 70 chips.
I, [2014-04-05T14:43:36.294431 #27484]  INFO -- : Player NoCo responded with Cannot GET /bet_request0 (200)
I, [2014-04-05T14:43:36.294644 #27484]  INFO -- : NoCo made a bet of 0 (fold) and is left with 970 chips. The pot now contains 70 chips.
I, [2014-04-05T14:43:36.297165 #27484]  INFO -- : Player R3T responded with 30 (200)
I, [2014-04-05T14:43:36.297417 #27484]  INFO -- : R3T made a bet of 30 (raise) and is left with 740 chips. The pot now contains 100 chips.
I, [2014-04-05T14:43:36.301284 #27484]  INFO -- : Player Mr Bazinga responded with 40 (200)
I, [2014-04-05T14:43:36.301570 #27484]  INFO -- : Mr Bazinga made a bet of 40 (raise) and is left with 1150 chips. The pot now contains 140 chips.
I, [2014-04-05T14:43:36.306665 #27484]  INFO -- : Player R3T responded with 70 (200)
I, [2014-04-05T14:43:36.307230 #27484]  INFO -- : R3T made a bet of 70 (raise) and is left with 670 chips. The pot now contains 210 chips.
I, [2014-04-05T14:43:36.313861 #27484]  INFO -- : Player Mr Bazinga responded with 100 (200)
I, [2014-04-05T14:43:36.314194 #27484]  INFO -- : Mr Bazinga made a bet of 100 (raise) and is left with 1050 chips. The pot now contains 310 chips.
I, [2014-04-05T14:43:36.316906 #27484]  INFO -- : Player R3T responded with 170 (200)
I, [2014-04-05T14:43:36.317181 #27484]  INFO -- : R3T made a bet of 170 (raise) and is left with 500 chips. The pot now contains 480 chips.
I, [2014-04-05T14:43:36.319096 #27484]  INFO -- : Player Mr Bazinga responded with 240 (200)
I, [2014-04-05T14:43:36.319408 #27484]  INFO -- : Mr Bazinga made a bet of 240 (raise) and is left with 810 chips. The pot now contains 720 chips.
I, [2014-04-05T14:43:36.322653 #27484]  INFO -- : Player R3T responded with 410 (200)
I, [2014-04-05T14:43:36.322939 #27484]  INFO -- : R3T made a bet of 410 (raise) and is left with 90 chips. The pot now contains 1130 chips.
I, [2014-04-05T14:43:36.325047 #27484]  INFO -- : Player Mr Bazinga responded with 580 (200)
I, [2014-04-05T14:43:36.325336 #27484]  INFO -- : Mr Bazinga made a bet of 580 (raise) and is left with 230 chips. The pot now contains 1710 chips.
I, [2014-04-05T14:43:36.328152 #27484]  INFO -- : Player R3T responded with 990 (200)
I, [2014-04-05T14:43:36.328466 #27484]  INFO -- : R3T made a bet of 90 (allin) and is left with 0 chips. The pot now contains 1800 chips.
I, [2014-04-05T14:43:36.328736 #27484]  INFO -- : community card 5 of Hearts
I, [2014-04-05T14:43:36.328932 #27484]  INFO -- : community card 3 of Hearts
I, [2014-04-05T14:43:36.329157 #27484]  INFO -- : community card 4 of Clubs
I, [2014-04-05T14:43:36.329384 #27484]  INFO -- : community card Queen of Clubs
I, [2014-04-05T14:43:36.329621 #27484]  INFO -- : community card Ace of Spades
I, [2014-04-05T14:43:36.330208 #27484]  INFO -- : Mr Bazinga showed 5 of Hearts,6 of Spades,9 of Spades,Queen of Clubs,Ace of Spades making a high card
I, [2014-04-05T14:43:36.330680 #27484]  INFO -- : R3T showed 3 of Clubs,3 of Hearts,Queen of Clubs,King of Diamonds,Ace of Spades making a pair
I, [2014-04-05T14:43:36.330933 #27484]  INFO -- : R3T won 1600
I, [2014-04-05T14:43:36.331324 #27484]  INFO -- : Mr Bazinga won 200
I, [2014-04-05T14:43:36.334576 #27484]  INFO -- : Player R3T responded with  (200)
I, [2014-04-05T14:43:36.338017 #27484]  INFO -- : Player Mr Bazinga responded with OK (200)
I, [2014-04-05T14:43:36.342219 #27484]  INFO -- : Player NoCo responded with  (200)
I, [2014-04-05T14:43:36.342632 #27484]  INFO -- : NoCo received hole_card 9 of Spades
I, [2014-04-05T14:43:36.342833 #27484]  INFO -- : R3T received hole_card 4 of Clubs
I, [2014-04-05T14:43:36.343027 #27484]  INFO -- : Mr Bazinga received hole_card 7 of Clubs
I, [2014-04-05T14:43:36.343228 #27484]  INFO -- : NoCo received hole_card 4 of Diamonds
I, [2014-04-05T14:43:36.343406 #27484]  INFO -- : R3T received hole_card 8 of Hearts
I, [2014-04-05T14:43:36.343592 #27484]  INFO -- : Mr Bazinga received hole_card 9 of Diamonds
I, [2014-04-05T14:43:36.343910 #27484]  INFO -- : NoCo made a bet of 10 (raise) and is left with 960 chips. The pot now contains 10 chips.
I, [2014-04-05T14:43:36.344226 #27484]  INFO -- : R3T made a bet of 20 (raise) and is left with 1580 chips. The pot now contains 30 chips.
I, [2014-04-05T14:43:36.348563 #27484]  INFO -- : Player Mr Bazinga responded with 0 (200)
I, [2014-04-05T14:43:36.349073 #27484]  INFO -- : Mr Bazinga made a bet of 0 (fold) and is left with 430 chips. The pot now contains 30 chips.
I, [2014-04-05T14:43:36.352582 #27484]  INFO -- : Player NoCo responded with Cannot GET /bet_request0 (200)
I, [2014-04-05T14:43:36.352903 #27484]  INFO -- : NoCo made a bet of 0 (fold) and is left with 960 chips. The pot now contains 30 chips.
I, [2014-04-05T14:43:36.355859 #27484]  INFO -- : Player R3T responded with 20 (200)
I, [2014-04-05T14:43:36.356399 #27484]  INFO -- : R3T made a bet of 20 (raise) and is left with 1560 chips. The pot now contains 50 chips.
I, [2014-04-05T14:43:36.357819 #27484]  INFO -- : R3T won 50
I, [2014-04-05T14:43:36.361476 #27484]  INFO -- : Player R3T responded with  (200)
I, [2014-04-05T14:43:36.365276 #27484]  INFO -- : Player Mr Bazinga responded with OK (200)
I, [2014-04-05T14:43:36.368158 #27484]  INFO -- : Player NoCo responded with  (200)
I, [2014-04-05T14:43:36.368582 #27484]  INFO -- : R3T received hole_card Queen of Hearts
I, [2014-04-05T14:43:36.368819 #27484]  INFO -- : Mr Bazinga received hole_card 10 of Spades
I, [2014-04-05T14:43:36.368992 #27484]  INFO -- : NoCo received hole_card King of Spades
I, [2014-04-05T14:43:36.369176 #27484]  INFO -- : R3T received hole_card 6 of Diamonds
I, [2014-04-05T14:43:36.369337 #27484]  INFO -- : Mr Bazinga received hole_card Ace of Hearts
I, [2014-04-05T14:43:36.369514 #27484]  INFO -- : NoCo received hole_card 9 of Clubs
I, [2014-04-05T14:43:36.369787 #27484]  INFO -- : R3T made a bet of 10 (raise) and is left with 1600 chips. The pot now contains 10 chips.
I, [2014-04-05T14:43:36.370041 #27484]  INFO -- : Mr Bazinga made a bet of 20 (raise) and is left with 410 chips. The pot now contains 30 chips.
I, [2014-04-05T14:43:36.373292 #27484]  INFO -- : Player NoCo responded with Cannot GET /bet_request0 (200)
I, [2014-04-05T14:43:36.373940 #27484]  INFO -- : NoCo made a bet of 0 (fold) and is left with 960 chips. The pot now contains 30 chips.
I, [2014-04-05T14:43:36.379275 #27484]  INFO -- : Player R3T responded with 20 (200)
I, [2014-04-05T14:43:36.379758 #27484]  INFO -- : R3T made a bet of 20 (raise) and is left with 1580 chips. The pot now contains 50 chips.
I, [2014-04-05T14:43:36.384269 #27484]  INFO -- : Player Mr Bazinga responded with 0 (200)
I, [2014-04-05T14:43:36.384933 #27484]  INFO -- : Mr Bazinga made a bet of 0 (fold) and is left with 410 chips. The pot now contains 50 chips.
I, [2014-04-05T14:43:36.386119 #27484]  INFO -- : R3T won 50
I, [2014-04-05T14:43:36.393299 #27484]  INFO -- : Player R3T responded with  (200)
I, [2014-04-05T14:43:36.400177 #27484]  INFO -- : Player Mr Bazinga responded with OK (200)
I, [2014-04-05T14:43:36.404690 #27484]  INFO -- : Player NoCo responded with  (200)
I, [2014-04-05T14:43:36.405764 #27484]  INFO -- : Mr Bazinga received hole_card 9 of Hearts
I, [2014-04-05T14:43:36.406343 #27484]  INFO -- : NoCo received hole_card 10 of Clubs
I, [2014-04-05T14:43:36.406924 #27484]  INFO -- : R3T received hole_card King of Hearts
I, [2014-04-05T14:43:36.407684 #27484]  INFO -- : Mr Bazinga received hole_card Queen of Clubs
I, [2014-04-05T14:43:36.408289 #27484]  INFO -- : NoCo received hole_card 4 of Diamonds
I, [2014-04-05T14:43:36.408439 #27484]  INFO -- : R3T received hole_card 6 of Spades
I, [2014-04-05T14:43:36.408724 #27484]  INFO -- : Mr Bazinga made a bet of 10 (raise) and is left with 400 chips. The pot now contains 10 chips.
I, [2014-04-05T14:43:36.408958 #27484]  INFO -- : NoCo made a bet of 20 (raise) and is left with 940 chips. The pot now contains 30 chips.
I, [2014-04-05T14:43:36.413660 #27484]  INFO -- : Player R3T responded with 20 (200)
I, [2014-04-05T14:43:36.413888 #27484]  INFO -- : R3T made a bet of 20 (call) and is left with 1610 chips. The pot now contains 50 chips.
I, [2014-04-05T14:43:36.416514 #27484]  INFO -- : Player Mr Bazinga responded with 0 (200)
I, [2014-04-05T14:43:36.416705 #27484]  INFO -- : Mr Bazinga made a bet of 0 (fold) and is left with 400 chips. The pot now contains 50 chips.
I, [2014-04-05T14:43:36.420501 #27484]  INFO -- : Player NoCo responded with Cannot GET /bet_request0 (200)
I, [2014-04-05T14:43:36.420879 #27484]  INFO -- : NoCo made a bet of 0 (check) and is left with 940 chips. The pot now contains 50 chips.
I, [2014-04-05T14:43:36.421291 #27484]  INFO -- : community card Queen of Spades
I, [2014-04-05T14:43:36.421641 #27484]  INFO -- : community card 10 of Hearts
I, [2014-04-05T14:43:36.421990 #27484]  INFO -- : community card 2 of Hearts
E, [2014-04-05T14:43:36.925062 #27484] ERROR -- : Net::ReadTimeout
E, [2014-04-05T14:43:36.925404 #27484] ERROR -- : Player NoCo is unreachable
I, [2014-04-05T14:43:36.925957 #27484]  INFO -- : NoCo made a bet of 0 (check) and is left with 940 chips. The pot now contains 50 chips.
I, [2014-04-05T14:43:36.940393 #27484]  INFO -- : Player R3T responded with 0 (200)
I, [2014-04-05T14:43:36.941433 #27484]  INFO -- : R3T made a bet of 0 (check) and is left with 1610 chips. The pot now contains 50 chips.
I, [2014-04-05T14:43:36.941959 #27484]  INFO -- : community card Jack of Clubs
E, [2014-04-05T14:43:37.446172 #27484] ERROR -- : Net::ReadTimeout
E, [2014-04-05T14:43:37.446511 #27484] ERROR -- : Player NoCo is unreachable
I, [2014-04-05T14:43:37.447043 #27484]  INFO -- : NoCo made a bet of 0 (check) and is left with 940 chips. The pot now contains 50 chips.
I, [2014-04-05T14:43:37.469882 #27484]  INFO -- : Player R3T responded with 0 (200)
I, [2014-04-05T14:43:37.470794 #27484]  INFO -- : R3T made a bet of 0 (check) and is left with 1610 chips. The pot now contains 50 chips.
I, [2014-04-05T14:43:37.471244 #27484]  INFO -- : community card Ace of Clubs
E, [2014-04-05T14:43:37.979518 #27484] ERROR -- : Net::ReadTimeout
E, [2014-04-05T14:43:37.979940 #27484] ERROR -- : Player NoCo is unreachable
I, [2014-04-05T14:43:37.980638 #27484]  INFO -- : NoCo made a bet of 0 (check) and is left with 940 chips. The pot now contains 50 chips.
I, [2014-04-05T14:43:38.005983 #27484]  INFO -- : Player R3T responded with 0 (200)
I, [2014-04-05T14:43:38.006453 #27484]  INFO -- : R3T made a bet of 0 (check) and is left with 1610 chips. The pot now contains 50 chips.
I, [2014-04-05T14:43:38.007640 #27484]  INFO -- : NoCo showed 10 of Hearts,10 of Clubs,Jack of Clubs,Queen of Spades,Ace of Clubs making a pair
I, [2014-04-05T14:43:38.008247 #27484]  INFO -- : R3T showed 10 of Hearts,Jack of Clubs,Queen of Spades,King of Hearts,Ace of Clubs making a straight
I, [2014-04-05T14:43:38.008470 #27484]  INFO -- : R3T won 50
I, [2014-04-05T14:43:38.011848 #27484]  INFO -- : Player R3T responded with  (200)
I, [2014-04-05T14:43:38.014890 #27484]  INFO -- : Player Mr Bazinga responded with OK (200)
E, [2014-04-05T14:43:38.518112 #27484] ERROR -- : Net::ReadTimeout
E, [2014-04-05T14:43:38.518458 #27484] ERROR -- : Player NoCo is unreachable
I, [2014-04-05T14:43:38.519379 #27484]  INFO -- : NoCo received hole_card 7 of Clubs
I, [2014-04-05T14:43:38.519987 #27484]  INFO -- : R3T received hole_card Jack of Diamonds
I, [2014-04-05T14:43:38.520509 #27484]  INFO -- : Mr Bazinga received hole_card 9 of Hearts
I, [2014-04-05T14:43:38.521164 #27484]  INFO -- : NoCo received hole_card Ace of Clubs
I, [2014-04-05T14:43:38.521739 #27484]  INFO -- : R3T received hole_card 2 of Spades
I, [2014-04-05T14:43:38.522474 #27484]  INFO -- : Mr Bazinga received hole_card 8 of Hearts
I, [2014-04-05T14:43:38.523432 #27484]  INFO -- : NoCo made a bet of 10 (raise) and is left with 930 chips. The pot now contains 10 chips.
I, [2014-04-05T14:43:38.524307 #27484]  INFO -- : R3T made a bet of 20 (raise) and is left with 1640 chips. The pot now contains 30 chips.
I, [2014-04-05T14:43:38.530969 #27484]  INFO -- : Player Mr Bazinga responded with 30 (200)
I, [2014-04-05T14:43:38.531616 #27484]  INFO -- : Mr Bazinga made a bet of 30 (raise) and is left with 370 chips. The pot now contains 60 chips.
E, [2014-04-05T14:43:39.034847 #27484] ERROR -- : Net::ReadTimeout
E, [2014-04-05T14:43:39.034981 #27484] ERROR -- : Player NoCo is unreachable
I, [2014-04-05T14:43:39.035171 #27484]  INFO -- : NoCo made a bet of 0 (fold) and is left with 930 chips. The pot now contains 60 chips.
I, [2014-04-05T14:43:39.037605 #27484]  INFO -- : Player R3T responded with 30 (200)
I, [2014-04-05T14:43:39.037828 #27484]  INFO -- : R3T made a bet of 30 (raise) and is left with 1610 chips. The pot now contains 90 chips.
I, [2014-04-05T14:43:39.039777 #27484]  INFO -- : Player Mr Bazinga responded with 40 (200)
I, [2014-04-05T14:43:39.040026 #27484]  INFO -- : Mr Bazinga made a bet of 40 (raise) and is left with 330 chips. The pot now contains 130 chips.
I, [2014-04-05T14:43:39.044069 #27484]  INFO -- : Player R3T responded with 70 (200)
I, [2014-04-05T14:43:39.044863 #27484]  INFO -- : R3T made a bet of 70 (raise) and is left with 1540 chips. The pot now contains 200 chips.
I, [2014-04-05T14:43:39.048525 #27484]  INFO -- : Player Mr Bazinga responded with 100 (200)
I, [2014-04-05T14:43:39.048996 #27484]  INFO -- : Mr Bazinga made a bet of 100 (raise) and is left with 230 chips. The pot now contains 300 chips.
I, [2014-04-05T14:43:39.053566 #27484]  INFO -- : Player R3T responded with 170 (200)
I, [2014-04-05T14:43:39.053854 #27484]  INFO -- : R3T made a bet of 170 (raise) and is left with 1370 chips. The pot now contains 470 chips.
I, [2014-04-05T14:43:39.056506 #27484]  INFO -- : Player Mr Bazinga responded with 240 (200)
I, [2014-04-05T14:43:39.056848 #27484]  INFO -- : Mr Bazinga made a bet of 230 (allin) and is left with 0 chips. The pot now contains 700 chips.
I, [2014-04-05T14:43:39.060232 #27484]  INFO -- : Player R3T responded with 400 (200)
I, [2014-04-05T14:43:39.060591 #27484]  INFO -- : R3T made a bet of 400 (raise) and is left with 970 chips. The pot now contains 1100 chips.
I, [2014-04-05T14:43:39.060845 #27484]  INFO -- : community card 2 of Clubs
I, [2014-04-05T14:43:39.061107 #27484]  INFO -- : community card 3 of Spades
I, [2014-04-05T14:43:39.061954 #27484]  INFO -- : community card 7 of Spades
I, [2014-04-05T14:43:39.062382 #27484]  INFO -- : community card 5 of Clubs
I, [2014-04-05T14:43:39.062770 #27484]  INFO -- : community card 8 of Spades
I, [2014-04-05T14:43:39.063544 #27484]  INFO -- : R3T showed 2 of Spades,2 of Clubs,7 of Spades,8 of Spades,Jack of Diamonds making a pair
I, [2014-04-05T14:43:39.064342 #27484]  INFO -- : Mr Bazinga showed 5 of Clubs,7 of Spades,8 of Hearts,8 of Spades,9 of Hearts making a pair
I, [2014-04-05T14:43:39.064816 #27484]  INFO -- : Mr Bazinga won 810
I, [2014-04-05T14:43:39.066264 #27484]  INFO -- : R3T won 290
I, [2014-04-05T14:43:39.071695 #27484]  INFO -- : Player R3T responded with  (200)
I, [2014-04-05T14:43:39.075256 #27484]  INFO -- : Player Mr Bazinga responded with OK (200)
E, [2014-04-05T14:43:39.577778 #27484] ERROR -- : Net::ReadTimeout
E, [2014-04-05T14:43:39.578093 #27484] ERROR -- : Player NoCo is unreachable
I, [2014-04-05T14:43:39.578876 #27484]  INFO -- : R3T received hole_card 7 of Spades
I, [2014-04-05T14:43:39.579476 #27484]  INFO -- : Mr Bazinga received hole_card 6 of Diamonds
I, [2014-04-05T14:43:39.579950 #27484]  INFO -- : NoCo received hole_card 9 of Hearts
I, [2014-04-05T14:43:39.580523 #27484]  INFO -- : R3T received hole_card 10 of Clubs
I, [2014-04-05T14:43:39.581066 #27484]  INFO -- : Mr Bazinga received hole_card 2 of Diamonds
I, [2014-04-05T14:43:39.581754 #27484]  INFO -- : NoCo received hole_card 7 of Hearts
I, [2014-04-05T14:43:39.582700 #27484]  INFO -- : R3T made a bet of 10 (raise) and is left with 1250 chips. The pot now contains 10 chips.
I, [2014-04-05T14:43:39.583534 #27484]  INFO -- : Mr Bazinga made a bet of 20 (raise) and is left with 790 chips. The pot now contains 30 chips.
E, [2014-04-05T14:43:40.086868 #27484] ERROR -- : Net::ReadTimeout
E, [2014-04-05T14:43:40.086992 #27484] ERROR -- : Player NoCo is unreachable
I, [2014-04-05T14:43:40.087225 #27484]  INFO -- : NoCo made a bet of 0 (fold) and is left with 930 chips. The pot now contains 30 chips.
I, [2014-04-05T14:43:40.089734 #27484]  INFO -- : Player R3T responded with 20 (200)
I, [2014-04-05T14:43:40.089983 #27484]  INFO -- : R3T made a bet of 20 (raise) and is left with 1230 chips. The pot now contains 50 chips.
I, [2014-04-05T14:43:40.091729 #27484]  INFO -- : Player Mr Bazinga responded with 0 (200)
I, [2014-04-05T14:43:40.091994 #27484]  INFO -- : Mr Bazinga made a bet of 0 (fold) and is left with 790 chips. The pot now contains 50 chips.
I, [2014-04-05T14:43:40.092386 #27484]  INFO -- : R3T won 50
I, [2014-04-05T14:43:40.094658 #27484]  INFO -- : Player R3T responded with  (200)
I, [2014-04-05T14:43:40.097125 #27484]  INFO -- : Player Mr Bazinga responded with OK (200)
E, [2014-04-05T14:43:40.599291 #27484] ERROR -- : Net::ReadTimeout
E, [2014-04-05T14:43:40.599604 #27484] ERROR -- : Player NoCo is unreachable
I, [2014-04-05T14:43:40.600441 #27484]  INFO -- : Mr Bazinga received hole_card 6 of Diamonds
I, [2014-04-05T14:43:40.600998 #27484]  INFO -- : NoCo received hole_card Jack of Diamonds
I, [2014-04-05T14:43:40.601478 #27484]  INFO -- : R3T received hole_card Ace of Diamonds
I, [2014-04-05T14:43:40.602026 #27484]  INFO -- : Mr Bazinga received hole_card 2 of Hearts
I, [2014-04-05T14:43:40.602508 #27484]  INFO -- : NoCo received hole_card 2 of Diamonds
I, [2014-04-05T14:43:40.603065 #27484]  INFO -- : R3T received hole_card 7 of Spades
I, [2014-04-05T14:43:40.603947 #27484]  INFO -- : Mr Bazinga made a bet of 10 (raise) and is left with 780 chips. The pot now contains 10 chips.
I, [2014-04-05T14:43:40.604780 #27484]  INFO -- : NoCo made a bet of 20 (raise) and is left with 910 chips. The pot now contains 30 chips.
I, [2014-04-05T14:43:40.611988 #27484]  INFO -- : Player R3T responded with 20 (200)
I, [2014-04-05T14:43:40.612258 #27484]  INFO -- : R3T made a bet of 20 (call) and is left with 1260 chips. The pot now contains 50 chips.
I, [2014-04-05T14:43:40.615383 #27484]  INFO -- : Player Mr Bazinga responded with 0 (200)
I, [2014-04-05T14:43:40.615991 #27484]  INFO -- : Mr Bazinga made a bet of 0 (fold) and is left with 780 chips. The pot now contains 50 chips.
I, [2014-04-05T14:43:40.861724 #27484]  INFO -- : Player NoCo responded with Cannot GET /bet_request0 (200)
I, [2014-04-05T14:43:40.863789 #27484]  INFO -- : NoCo made a bet of 0 (check) and is left with 910 chips. The pot now contains 50 chips.
I, [2014-04-05T14:43:40.864462 #27484]  INFO -- : community card King of Spades
I, [2014-04-05T14:43:40.865290 #27484]  INFO -- : community card 6 of Spades
I, [2014-04-05T14:43:40.865627 #27484]  INFO -- : community card 9 of Spades
E, [2014-04-05T14:43:41.368986 #27484] ERROR -- : Net::ReadTimeout
E, [2014-04-05T14:43:41.369691 #27484] ERROR -- : Player NoCo is unreachable
I, [2014-04-05T14:43:41.370186 #27484]  INFO -- : NoCo made a bet of 0 (check) and is left with 910 chips. The pot now contains 50 chips.
I, [2014-04-05T14:43:41.389364 #27484]  INFO -- : Player R3T responded with 0 (200)
I, [2014-04-05T14:43:41.390057 #27484]  INFO -- : R3T made a bet of 0 (check) and is left with 1260 chips. The pot now contains 50 chips.
I, [2014-04-05T14:43:41.390929 #27484]  INFO -- : community card 3 of Spades
E, [2014-04-05T14:43:41.894629 #27484] ERROR -- : Net::ReadTimeout
E, [2014-04-05T14:43:41.894760 #27484] ERROR -- : Player NoCo is unreachable
I, [2014-04-05T14:43:41.894948 #27484]  INFO -- : NoCo made a bet of 0 (check) and is left with 910 chips. The pot now contains 50 chips.
I, [2014-04-05T14:43:41.907461 #27484]  INFO -- : Player R3T responded with 0 (200)
I, [2014-04-05T14:43:41.908158 #27484]  INFO -- : R3T made a bet of 0 (check) and is left with 1260 chips. The pot now contains 50 chips.
I, [2014-04-05T14:43:41.908838 #27484]  INFO -- : community card 4 of Hearts
E, [2014-04-05T14:43:42.411867 #27484] ERROR -- : Net::ReadTimeout
E, [2014-04-05T14:43:42.412009 #27484] ERROR -- : Player NoCo is unreachable
I, [2014-04-05T14:43:42.412215 #27484]  INFO -- : NoCo made a bet of 0 (check) and is left with 910 chips. The pot now contains 50 chips.
I, [2014-04-05T14:43:42.420309 #27484]  INFO -- : Player R3T responded with 0 (200)
I, [2014-04-05T14:43:42.420581 #27484]  INFO -- : R3T made a bet of 0 (check) and is left with 1260 chips. The pot now contains 50 chips.
I, [2014-04-05T14:43:42.421122 #27484]  INFO -- : NoCo showed 4 of Hearts,6 of Spades,9 of Spades,Jack of Diamonds,King of Spades making a high card
I, [2014-04-05T14:43:42.421546 #27484]  INFO -- : R3T showed 3 of Spades,6 of Spades,7 of Spades,9 of Spades,King of Spades making a flush
I, [2014-04-05T14:43:42.421810 #27484]  INFO -- : R3T won 50
I, [2014-04-05T14:43:42.424246 #27484]  INFO -- : Player R3T responded with  (200)
I, [2014-04-05T14:43:42.426081 #27484]  INFO -- : Player Mr Bazinga responded with OK (200)
E, [2014-04-05T14:43:42.927480 #27484] ERROR -- : Net::ReadTimeout
E, [2014-04-05T14:43:42.927681 #27484] ERROR -- : Player NoCo is unreachable
I, [2014-04-05T14:43:42.928020 #27484]  INFO -- : NoCo received hole_card 5 of Diamonds
I, [2014-04-05T14:43:42.928268 #27484]  INFO -- : R3T received hole_card 10 of Hearts
I, [2014-04-05T14:43:42.928465 #27484]  INFO -- : Mr Bazinga received hole_card 6 of Clubs
I, [2014-04-05T14:43:42.928628 #27484]  INFO -- : NoCo received hole_card 3 of Clubs
I, [2014-04-05T14:43:42.928791 #27484]  INFO -- : R3T received hole_card 2 of Diamonds
I, [2014-04-05T14:43:42.928944 #27484]  INFO -- : Mr Bazinga received hole_card 6 of Spades
I, [2014-04-05T14:43:42.929229 #27484]  INFO -- : NoCo made a bet of 20 (raise) and is left with 890 chips. The pot now contains 20 chips.
I, [2014-04-05T14:43:42.929447 #27484]  INFO -- : R3T made a bet of 40 (raise) and is left with 1270 chips. The pot now contains 60 chips.
I, [2014-04-05T14:43:42.931790 #27484]  INFO -- : Player Mr Bazinga responded with 260 (200)
I, [2014-04-05T14:43:42.932233 #27484]  INFO -- : Mr Bazinga made a bet of 260 (raise) and is left with 520 chips. The pot now contains 320 chips.
E, [2014-04-05T14:43:43.434100 #27484] ERROR -- : Net::ReadTimeout
E, [2014-04-05T14:43:43.434466 #27484] ERROR -- : Player NoCo is unreachable
I, [2014-04-05T14:43:43.435076 #27484]  INFO -- : NoCo made a bet of 0 (fold) and is left with 890 chips. The pot now contains 320 chips.
I, [2014-04-05T14:43:43.441983 #27484]  INFO -- : Player R3T responded with 260 (200)
I, [2014-04-05T14:43:43.442637 #27484]  INFO -- : R3T made a bet of 220 (call) and is left with 1050 chips. The pot now contains 540 chips.
I, [2014-04-05T14:43:43.443351 #27484]  INFO -- : community card Ace of Diamonds
I, [2014-04-05T14:43:43.443950 #27484]  INFO -- : community card 5 of Hearts
I, [2014-04-05T14:43:43.444682 #27484]  INFO -- : community card 2 of Clubs
I, [2014-04-05T14:43:43.465645 #27484]  INFO -- : Player R3T responded with 0 (200)
I, [2014-04-05T14:43:43.466068 #27484]  INFO -- : R3T made a bet of 0 (check) and is left with 1050 chips. The pot now contains 540 chips.
I, [2014-04-05T14:43:43.469720 #27484]  INFO -- : Player Mr Bazinga responded with 240 (200)
I, [2014-04-05T14:43:43.470552 #27484]  INFO -- : Mr Bazinga made a bet of 240 (raise) and is left with 280 chips. The pot now contains 780 chips.
I, [2014-04-05T14:43:43.483376 #27484]  INFO -- : Player R3T responded with 0 (200)
I, [2014-04-05T14:43:43.483675 #27484]  INFO -- : R3T made a bet of 0 (fold) and is left with 1050 chips. The pot now contains 780 chips.
I, [2014-04-05T14:43:43.484305 #27484]  INFO -- : Mr Bazinga won 780
I, [2014-04-05T14:43:43.486962 #27484]  INFO -- : Player R3T responded with  (200)
I, [2014-04-05T14:43:43.488857 #27484]  INFO -- : Player Mr Bazinga responded with OK (200)
I, [2014-04-05T14:43:43.919454 #27484]  INFO -- : Player NoCo responded with  (200)
I, [2014-04-05T14:43:43.920512 #27484]  INFO -- : R3T received hole_card 8 of Spades
I, [2014-04-05T14:43:43.921392 #27484]  INFO -- : Mr Bazinga received hole_card 10 of Spades
I, [2014-04-05T14:43:43.922335 #27484]  INFO -- : NoCo received hole_card Queen of Hearts
I, [2014-04-05T14:43:43.923054 #27484]  INFO -- : R3T received hole_card 9 of Diamonds
I, [2014-04-05T14:43:43.923677 #27484]  INFO -- : Mr Bazinga received hole_card King of Clubs
I, [2014-04-05T14:43:43.924808 #27484]  INFO -- : NoCo received hole_card Queen of Clubs
I, [2014-04-05T14:43:43.927406 #27484]  INFO -- : R3T made a bet of 20 (raise) and is left with 1030 chips. The pot now contains 20 chips.
I, [2014-04-05T14:43:43.928450 #27484]  INFO -- : Mr Bazinga made a bet of 40 (raise) and is left with 1020 chips. The pot now contains 60 chips.
I, [2014-04-05T14:43:43.935549 #27484]  INFO -- : Player NoCo responded with Cannot GET /bet_request0 (200)
I, [2014-04-05T14:43:43.936202 #27484]  INFO -- : NoCo made a bet of 0 (fold) and is left with 890 chips. The pot now contains 60 chips.
I, [2014-04-05T14:43:43.941656 #27484]  INFO -- : Player R3T responded with 40 (200)
I, [2014-04-05T14:43:43.941976 #27484]  INFO -- : R3T made a bet of 40 (raise) and is left with 990 chips. The pot now contains 100 chips.
I, [2014-04-05T14:43:43.946067 #27484]  INFO -- : Player Mr Bazinga responded with 0 (200)
I, [2014-04-05T14:43:43.947027 #27484]  INFO -- : Mr Bazinga made a bet of 0 (fold) and is left with 1020 chips. The pot now contains 100 chips.
I, [2014-04-05T14:43:43.948193 #27484]  INFO -- : R3T won 100
I, [2014-04-05T14:43:43.954703 #27484]  INFO -- : Player R3T responded with  (200)
I, [2014-04-05T14:43:43.962548 #27484]  INFO -- : Player Mr Bazinga responded with OK (200)
I, [2014-04-05T14:43:43.968407 #27484]  INFO -- : Player NoCo responded with  (200)
I, [2014-04-05T14:43:43.969415 #27484]  INFO -- : Mr Bazinga received hole_card 4 of Diamonds
I, [2014-04-05T14:43:43.970031 #27484]  INFO -- : NoCo received hole_card 10 of Hearts
I, [2014-04-05T14:43:43.970642 #27484]  INFO -- : R3T received hole_card 2 of Spades
I, [2014-04-05T14:43:43.971227 #27484]  INFO -- : Mr Bazinga received hole_card 5 of Diamonds
I, [2014-04-05T14:43:43.971855 #27484]  INFO -- : NoCo received hole_card King of Clubs
I, [2014-04-05T14:43:43.972480 #27484]  INFO -- : R3T received hole_card King of Diamonds
I, [2014-04-05T14:43:43.973281 #27484]  INFO -- : Mr Bazinga made a bet of 20 (raise) and is left with 1000 chips. The pot now contains 20 chips.
I, [2014-04-05T14:43:43.973618 #27484]  INFO -- : NoCo made a bet of 40 (raise) and is left with 850 chips. The pot now contains 60 chips.
I, [2014-04-05T14:43:43.979270 #27484]  INFO -- : Player R3T responded with 40 (200)
I, [2014-04-05T14:43:43.980014 #27484]  INFO -- : R3T made a bet of 40 (call) and is left with 1050 chips. The pot now contains 100 chips.
I, [2014-04-05T14:43:43.984696 #27484]  INFO -- : Player Mr Bazinga responded with 0 (200)
I, [2014-04-05T14:43:43.985218 #27484]  INFO -- : Mr Bazinga made a bet of 0 (fold) and is left with 1000 chips. The pot now contains 100 chips.
I, [2014-04-05T14:43:43.990658 #27484]  INFO -- : Player NoCo responded with Cannot GET /bet_request0 (200)
I, [2014-04-05T14:43:43.990857 #27484]  INFO -- : NoCo made a bet of 0 (check) and is left with 850 chips. The pot now contains 100 chips.
I, [2014-04-05T14:43:43.991080 #27484]  INFO -- : community card Jack of Clubs
I, [2014-04-05T14:43:43.991275 #27484]  INFO -- : community card 7 of Diamonds
I, [2014-04-05T14:43:43.991462 #27484]  INFO -- : community card King of Hearts
E, [2014-04-05T14:43:44.494284 #27484] ERROR -- : Net::ReadTimeout
E, [2014-04-05T14:43:44.494661 #27484] ERROR -- : Player NoCo is unreachable
I, [2014-04-05T14:43:44.495274 #27484]  INFO -- : NoCo made a bet of 0 (check) and is left with 850 chips. The pot now contains 100 chips.
I, [2014-04-05T14:43:44.509557 #27484]  INFO -- : Player R3T responded with 0 (200)
I, [2014-04-05T14:43:44.509912 #27484]  INFO -- : R3T made a bet of 0 (check) and is left with 1050 chips. The pot now contains 100 chips.
I, [2014-04-05T14:43:44.510651 #27484]  INFO -- : community card Queen of Hearts
E, [2014-04-05T14:43:45.013688 #27484] ERROR -- : Net::ReadTimeout
E, [2014-04-05T14:43:45.014119 #27484] ERROR -- : Player NoCo is unreachable
I, [2014-04-05T14:43:45.014643 #27484]  INFO -- : NoCo made a bet of 0 (check) and is left with 850 chips. The pot now contains 100 chips.
I, [2014-04-05T14:43:45.037001 #27484]  INFO -- : Player R3T responded with 0 (200)
I, [2014-04-05T14:43:45.037522 #27484]  INFO -- : R3T made a bet of 0 (check) and is left with 1050 chips. The pot now contains 100 chips.
I, [2014-04-05T14:43:45.038308 #27484]  INFO -- : community card Jack of Spades
E, [2014-04-05T14:43:45.542393 #27484] ERROR -- : Net::ReadTimeout
E, [2014-04-05T14:43:45.542707 #27484] ERROR -- : Player NoCo is unreachable
I, [2014-04-05T14:43:45.543190 #27484]  INFO -- : NoCo made a bet of 0 (check) and is left with 850 chips. The pot now contains 100 chips.
I, [2014-04-05T14:43:45.559892 #27484]  INFO -- : Player R3T responded with 0 (200)
I, [2014-04-05T14:43:45.560181 #27484]  INFO -- : R3T made a bet of 0 (check) and is left with 1050 chips. The pot now contains 100 chips.
I, [2014-04-05T14:43:45.560720 #27484]  INFO -- : NoCo showed Jack of Spades,Jack of Clubs,Queen of Hearts,King of Clubs,King of Hearts making a two pairs
I, [2014-04-05T14:43:45.561189 #27484]  INFO -- : R3T showed Jack of Spades,Jack of Clubs,Queen of Hearts,King of Diamonds,King of Hearts making a two pairs
I, [2014-04-05T14:43:45.561392 #27484]  INFO -- : NoCo won 50
I, [2014-04-05T14:43:45.561577 #27484]  INFO -- : R3T won 50
I, [2014-04-05T14:43:45.565051 #27484]  INFO -- : Player R3T responded with  (200)
I, [2014-04-05T14:43:45.569094 #27484]  INFO -- : Player Mr Bazinga responded with OK (200)
E, [2014-04-05T14:43:46.071896 #27484] ERROR -- : Net::ReadTimeout
E, [2014-04-05T14:43:46.072031 #27484] ERROR -- : Player NoCo is unreachable
I, [2014-04-05T14:43:46.072361 #27484]  INFO -- : NoCo received hole_card 9 of Spades
I, [2014-04-05T14:43:46.072544 #27484]  INFO -- : R3T received hole_card 10 of Spades
I, [2014-04-05T14:43:46.072790 #27484]  INFO -- : Mr Bazinga received hole_card Queen of Diamonds
I, [2014-04-05T14:43:46.073409 #27484]  INFO -- : NoCo received hole_card Ace of Diamonds
I, [2014-04-05T14:43:46.073731 #27484]  INFO -- : R3T received hole_card 9 of Clubs
I, [2014-04-05T14:43:46.073887 #27484]  INFO -- : Mr Bazinga received hole_card 7 of Spades
I, [2014-04-05T14:43:46.074162 #27484]  INFO -- : NoCo made a bet of 20 (raise) and is left with 880 chips. The pot now contains 20 chips.
I, [2014-04-05T14:43:46.074395 #27484]  INFO -- : R3T made a bet of 40 (raise) and is left with 1060 chips. The pot now contains 60 chips.
I, [2014-04-05T14:43:46.076193 #27484]  INFO -- : Player Mr Bazinga responded with 0 (200)
I, [2014-04-05T14:43:46.076533 #27484]  INFO -- : Mr Bazinga made a bet of 0 (fold) and is left with 1000 chips. The pot now contains 60 chips.
E, [2014-04-05T14:43:46.578523 #27484] ERROR -- : Net::ReadTimeout
E, [2014-04-05T14:43:46.578892 #27484] ERROR -- : Player NoCo is unreachable
I, [2014-04-05T14:43:46.579467 #27484]  INFO -- : NoCo made a bet of 0 (fold) and is left with 880 chips. The pot now contains 60 chips.
I, [2014-04-05T14:43:46.587386 #27484]  INFO -- : Player R3T responded with 40 (200)
I, [2014-04-05T14:43:46.588170 #27484]  INFO -- : R3T made a bet of 40 (raise) and is left with 1020 chips. The pot now contains 100 chips.
I, [2014-04-05T14:43:46.589315 #27484]  INFO -- : R3T won 100
I, [2014-04-05T14:43:46.596302 #27484]  INFO -- : Player R3T responded with  (200)
I, [2014-04-05T14:43:46.601858 #27484]  INFO -- : Player Mr Bazinga responded with OK (200)
E, [2014-04-05T14:43:47.105863 #27484] ERROR -- : Net::ReadTimeout
E, [2014-04-05T14:43:47.106238 #27484] ERROR -- : Player NoCo is unreachable
I, [2014-04-05T14:43:47.107399 #27484]  INFO -- : R3T received hole_card 4 of Spades
I, [2014-04-05T14:43:47.108187 #27484]  INFO -- : Mr Bazinga received hole_card 10 of Clubs
I, [2014-04-05T14:43:47.108803 #27484]  INFO -- : NoCo received hole_card 6 of Diamonds
I, [2014-04-05T14:43:47.109476 #27484]  INFO -- : R3T received hole_card King of Clubs
I, [2014-04-05T14:43:47.110305 #27484]  INFO -- : Mr Bazinga received hole_card 5 of Clubs
I, [2014-04-05T14:43:47.110967 #27484]  INFO -- : NoCo received hole_card King of Diamonds
I, [2014-04-05T14:43:47.112361 #27484]  INFO -- : R3T made a bet of 20 (raise) and is left with 1100 chips. The pot now contains 20 chips.
I, [2014-04-05T14:43:47.112705 #27484]  INFO -- : Mr Bazinga made a bet of 40 (raise) and is left with 960 chips. The pot now contains 60 chips.
E, [2014-04-05T14:43:47.614658 #27484] ERROR -- : Net::ReadTimeout
E, [2014-04-05T14:43:47.614983 #27484] ERROR -- : Player NoCo is unreachable
I, [2014-04-05T14:43:47.615528 #27484]  INFO -- : NoCo made a bet of 0 (fold) and is left with 880 chips. The pot now contains 60 chips.
I, [2014-04-05T14:43:47.619083 #27484]  INFO -- : Player R3T responded with 40 (200)
I, [2014-04-05T14:43:47.619491 #27484]  INFO -- : R3T made a bet of 40 (raise) and is left with 1060 chips. The pot now contains 100 chips.
I, [2014-04-05T14:43:47.623165 #27484]  INFO -- : Player Mr Bazinga responded with 40 (200)
I, [2014-04-05T14:43:47.623495 #27484]  INFO -- : Mr Bazinga made a bet of 40 (raise) and is left with 920 chips. The pot now contains 140 chips.
I, [2014-04-05T14:43:47.630229 #27484]  INFO -- : Player R3T responded with 80 (200)
I, [2014-04-05T14:43:47.630535 #27484]  INFO -- : R3T made a bet of 80 (raise) and is left with 980 chips. The pot now contains 220 chips.
I, [2014-04-05T14:43:47.632972 #27484]  INFO -- : Player Mr Bazinga responded with 120 (200)
I, [2014-04-05T14:43:47.633269 #27484]  INFO -- : Mr Bazinga made a bet of 120 (raise) and is left with 800 chips. The pot now contains 340 chips.
I, [2014-04-05T14:43:47.636695 #27484]  INFO -- : Player R3T responded with 200 (200)
I, [2014-04-05T14:43:47.636906 #27484]  INFO -- : R3T made a bet of 200 (raise) and is left with 780 chips. The pot now contains 540 chips.
I, [2014-04-05T14:43:47.638741 #27484]  INFO -- : Player Mr Bazinga responded with 280 (200)
I, [2014-04-05T14:43:47.638930 #27484]  INFO -- : Mr Bazinga made a bet of 280 (raise) and is left with 520 chips. The pot now contains 820 chips.
I, [2014-04-05T14:43:47.641192 #27484]  INFO -- : Player R3T responded with 480 (200)
I, [2014-04-05T14:43:47.641439 #27484]  INFO -- : R3T made a bet of 480 (raise) and is left with 300 chips. The pot now contains 1300 chips.
I, [2014-04-05T14:43:47.643160 #27484]  INFO -- : Player Mr Bazinga responded with 680 (200)
I, [2014-04-05T14:43:47.643398 #27484]  INFO -- : Mr Bazinga made a bet of 520 (allin) and is left with 0 chips. The pot now contains 1820 chips.
I, [2014-04-05T14:43:47.646262 #27484]  INFO -- : Player R3T responded with 1000 (200)
I, [2014-04-05T14:43:47.646740 #27484]  INFO -- : R3T made a bet of 300 (allin) and is left with 0 chips. The pot now contains 2120 chips.
I, [2014-04-05T14:43:47.647182 #27484]  INFO -- : community card Ace of Clubs
I, [2014-04-05T14:43:47.647451 #27484]  INFO -- : community card 8 of Spades
I, [2014-04-05T14:43:47.647700 #27484]  INFO -- : community card 7 of Spades
I, [2014-04-05T14:43:47.647987 #27484]  INFO -- : community card Queen of Diamonds
I, [2014-04-05T14:43:47.648263 #27484]  INFO -- : community card 9 of Diamonds
I, [2014-04-05T14:43:47.648991 #27484]  INFO -- : R3T showed 8 of Spades,9 of Diamonds,Queen of Diamonds,King of Clubs,Ace of Clubs making a high card
I, [2014-04-05T14:43:47.649624 #27484]  INFO -- : R3T won 2120
I, [2014-04-05T14:43:47.654233 #27484]  INFO -- : Player R3T responded with  (200)
I, [2014-04-05T14:43:47.656060 #27484]  INFO -- : Player Mr Bazinga responded with OK (200)
E, [2014-04-05T14:43:48.157999 #27484] ERROR -- : Net::ReadTimeout
E, [2014-04-05T14:43:48.158315 #27484] ERROR -- : Player NoCo is unreachable
I, [2014-04-05T14:43:48.159164 #27484]  INFO -- : NoCo received hole_card 3 of Clubs
I, [2014-04-05T14:43:48.159651 #27484]  INFO -- : R3T received hole_card 9 of Clubs
I, [2014-04-05T14:43:48.160335 #27484]  INFO -- : NoCo received hole_card 6 of Diamonds
I, [2014-04-05T14:43:48.161032 #27484]  INFO -- : R3T received hole_card King of Clubs
I, [2014-04-05T14:43:48.163153 #27484]  INFO -- : NoCo made a bet of 20 (raise) and is left with 860 chips. The pot now contains 20 chips.
I, [2014-04-05T14:43:48.164024 #27484]  INFO -- : R3T made a bet of 40 (raise) and is left with 2080 chips. The pot now contains 60 chips.
I, [2014-04-05T14:43:48.243336 #27484]  INFO -- : Player NoCo responded with Cannot GET /bet_request0 (200)
I, [2014-04-05T14:43:48.243733 #27484]  INFO -- : NoCo made a bet of 0 (fold) and is left with 860 chips. The pot now contains 60 chips.
I, [2014-04-05T14:43:48.250304 #27484]  INFO -- : Player R3T responded with 60 (200)
I, [2014-04-05T14:43:48.250779 #27484]  INFO -- : R3T made a bet of 60 (raise) and is left with 2020 chips. The pot now contains 120 chips.
I, [2014-04-05T14:43:48.251886 #27484]  INFO -- : R3T won 120
I, [2014-04-05T14:43:48.254559 #27484]  INFO -- : Player R3T responded with  (200)
I, [2014-04-05T14:43:48.256619 #27484]  INFO -- : Player Mr Bazinga responded with OK (200)
I, [2014-04-05T14:43:48.258807 #27484]  INFO -- : Player NoCo responded with  (200)
I, [2014-04-05T14:43:48.259142 #27484]  INFO -- : R3T received hole_card 8 of Spades
I, [2014-04-05T14:43:48.259342 #27484]  INFO -- : NoCo received hole_card 6 of Diamonds
I, [2014-04-05T14:43:48.259623 #27484]  INFO -- : R3T received hole_card 10 of Diamonds
I, [2014-04-05T14:43:48.259898 #27484]  INFO -- : NoCo received hole_card 8 of Clubs
I, [2014-04-05T14:43:48.260358 #27484]  INFO -- : R3T made a bet of 20 (raise) and is left with 2120 chips. The pot now contains 20 chips.
I, [2014-04-05T14:43:48.261217 #27484]  INFO -- : NoCo made a bet of 40 (raise) and is left with 820 chips. The pot now contains 60 chips.
I, [2014-04-05T14:43:48.266396 #27484]  INFO -- : Player R3T responded with 40 (200)
I, [2014-04-05T14:43:48.267264 #27484]  INFO -- : R3T made a bet of 40 (raise) and is left with 2080 chips. The pot now contains 100 chips.
I, [2014-04-05T14:43:48.272351 #27484]  INFO -- : Player NoCo responded with Cannot GET /bet_request0 (200)
I, [2014-04-05T14:43:48.272995 #27484]  INFO -- : NoCo made a bet of 0 (fold) and is left with 820 chips. The pot now contains 100 chips.
I, [2014-04-05T14:43:48.274057 #27484]  INFO -- : R3T won 100
I, [2014-04-05T14:43:48.279158 #27484]  INFO -- : Player R3T responded with  (200)
I, [2014-04-05T14:43:48.283822 #27484]  INFO -- : Player Mr Bazinga responded with OK (200)
I, [2014-04-05T14:43:48.286884 #27484]  INFO -- : Player NoCo responded with  (200)
I, [2014-04-05T14:43:48.287330 #27484]  INFO -- : NoCo received hole_card King of Clubs
I, [2014-04-05T14:43:48.287542 #27484]  INFO -- : R3T received hole_card Queen of Clubs
I, [2014-04-05T14:43:48.287737 #27484]  INFO -- : NoCo received hole_card 8 of Spades
I, [2014-04-05T14:43:48.287893 #27484]  INFO -- : R3T received hole_card Ace of Spades
I, [2014-04-05T14:43:48.288269 #27484]  INFO -- : NoCo made a bet of 20 (raise) and is left with 800 chips. The pot now contains 20 chips.
I, [2014-04-05T14:43:48.288683 #27484]  INFO -- : R3T made a bet of 40 (raise) and is left with 2140 chips. The pot now contains 60 chips.
I, [2014-04-05T14:43:48.291650 #27484]  INFO -- : Player NoCo responded with Cannot GET /bet_request0 (200)
I, [2014-04-05T14:43:48.292178 #27484]  INFO -- : NoCo made a bet of 0 (fold) and is left with 800 chips. The pot now contains 60 chips.
I, [2014-04-05T14:43:48.295880 #27484]  INFO -- : Player R3T responded with 40 (200)
I, [2014-04-05T14:43:48.296270 #27484]  INFO -- : R3T made a bet of 40 (raise) and is left with 2100 chips. The pot now contains 100 chips.
I, [2014-04-05T14:43:48.297097 #27484]  INFO -- : R3T won 100
I, [2014-04-05T14:43:48.301241 #27484]  INFO -- : Player R3T responded with  (200)
I, [2014-04-05T14:43:48.302923 #27484]  INFO -- : Player Mr Bazinga responded with OK (200)
I, [2014-04-05T14:43:48.304643 #27484]  INFO -- : Player NoCo responded with  (200)
I, [2014-04-05T14:43:48.305151 #27484]  INFO -- : R3T received hole_card Queen of Diamonds
I, [2014-04-05T14:43:48.305493 #27484]  INFO -- : NoCo received hole_card 4 of Diamonds
I, [2014-04-05T14:43:48.305826 #27484]  INFO -- : R3T received hole_card 10 of Spades
I, [2014-04-05T14:43:48.306115 #27484]  INFO -- : NoCo received hole_card 8 of Diamonds
I, [2014-04-05T14:43:48.306699 #27484]  INFO -- : R3T made a bet of 20 (raise) and is left with 2180 chips. The pot now contains 20 chips.
I, [2014-04-05T14:43:48.307056 #27484]  INFO -- : NoCo made a bet of 40 (raise) and is left with 760 chips. The pot now contains 60 chips.
I, [2014-04-05T14:43:48.309765 #27484]  INFO -- : Player R3T responded with 40 (200)
I, [2014-04-05T14:43:48.310192 #27484]  INFO -- : R3T made a bet of 40 (raise) and is left with 2140 chips. The pot now contains 100 chips.
I, [2014-04-05T14:43:48.316951 #27484]  INFO -- : Player NoCo responded with Cannot GET /bet_request0 (200)
I, [2014-04-05T14:43:48.317230 #27484]  INFO -- : NoCo made a bet of 0 (fold) and is left with 760 chips. The pot now contains 100 chips.
I, [2014-04-05T14:43:48.317692 #27484]  INFO -- : R3T won 100
I, [2014-04-05T14:43:48.320823 #27484]  INFO -- : Player R3T responded with  (200)
I, [2014-04-05T14:43:48.323172 #27484]  INFO -- : Player Mr Bazinga responded with OK (200)
I, [2014-04-05T14:43:48.325395 #27484]  INFO -- : Player NoCo responded with  (200)
I, [2014-04-05T14:43:48.325718 #27484]  INFO -- : NoCo received hole_card 2 of Hearts
I, [2014-04-05T14:43:48.325887 #27484]  INFO -- : R3T received hole_card Ace of Hearts
I, [2014-04-05T14:43:48.326063 #27484]  INFO -- : NoCo received hole_card 3 of Hearts
I, [2014-04-05T14:43:48.326210 #27484]  INFO -- : R3T received hole_card Ace of Spades
I, [2014-04-05T14:43:48.326514 #27484]  INFO -- : NoCo made a bet of 40 (raise) and is left with 720 chips. The pot now contains 40 chips.
I, [2014-04-05T14:43:48.326735 #27484]  INFO -- : R3T made a bet of 80 (raise) and is left with 2160 chips. The pot now contains 120 chips.
I, [2014-04-05T14:43:48.332144 #27484]  INFO -- : Player NoCo responded with Cannot GET /bet_request0 (200)
I, [2014-04-05T14:43:48.333152 #27484]  INFO -- : NoCo made a bet of 0 (fold) and is left with 720 chips. The pot now contains 120 chips.
I, [2014-04-05T14:43:48.335884 #27484]  INFO -- : Player R3T responded with 240 (200)
I, [2014-04-05T14:43:48.336363 #27484]  INFO -- : R3T made a bet of 240 (raise) and is left with 1920 chips. The pot now contains 360 chips.
I, [2014-04-05T14:43:48.337624 #27484]  INFO -- : R3T won 360
I, [2014-04-05T14:43:48.341081 #27484]  INFO -- : Player R3T responded with  (200)
I, [2014-04-05T14:43:48.344453 #27484]  INFO -- : Player Mr Bazinga responded with OK (200)
I, [2014-04-05T14:43:48.348513 #27484]  INFO -- : Player NoCo responded with  (200)
I, [2014-04-05T14:43:48.349330 #27484]  INFO -- : R3T received hole_card 3 of Hearts
I, [2014-04-05T14:43:48.349953 #27484]  INFO -- : NoCo received hole_card 5 of Hearts
I, [2014-04-05T14:43:48.350496 #27484]  INFO -- : R3T received hole_card 9 of Diamonds
I, [2014-04-05T14:43:48.350791 #27484]  INFO -- : NoCo received hole_card 10 of Spades
I, [2014-04-05T14:43:48.351189 #27484]  INFO -- : R3T made a bet of 40 (raise) and is left with 2240 chips. The pot now contains 40 chips.
I, [2014-04-05T14:43:48.351548 #27484]  INFO -- : NoCo made a bet of 80 (raise) and is left with 640 chips. The pot now contains 120 chips.
I, [2014-04-05T14:43:48.354399 #27484]  INFO -- : Player R3T responded with 80 (200)
I, [2014-04-05T14:43:48.354903 #27484]  INFO -- : R3T made a bet of 80 (raise) and is left with 2160 chips. The pot now contains 200 chips.
I, [2014-04-05T14:43:48.358973 #27484]  INFO -- : Player NoCo responded with Cannot GET /bet_request0 (200)
I, [2014-04-05T14:43:48.359232 #27484]  INFO -- : NoCo made a bet of 0 (fold) and is left with 640 chips. The pot now contains 200 chips.
I, [2014-04-05T14:43:48.360408 #27484]  INFO -- : R3T won 200
I, [2014-04-05T14:43:48.364655 #27484]  INFO -- : Player R3T responded with  (200)
I, [2014-04-05T14:43:48.367733 #27484]  INFO -- : Player Mr Bazinga responded with OK (200)
I, [2014-04-05T14:43:48.370887 #27484]  INFO -- : Player NoCo responded with  (200)
I, [2014-04-05T14:43:48.371804 #27484]  INFO -- : NoCo received hole_card Queen of Hearts
I, [2014-04-05T14:43:48.372270 #27484]  INFO -- : R3T received hole_card 2 of Clubs
I, [2014-04-05T14:43:48.372445 #27484]  INFO -- : NoCo received hole_card 7 of Diamonds
I, [2014-04-05T14:43:48.372605 #27484]  INFO -- : R3T received hole_card 3 of Spades
I, [2014-04-05T14:43:48.372855 #27484]  INFO -- : NoCo made a bet of 40 (raise) and is left with 600 chips. The pot now contains 40 chips.
I, [2014-04-05T14:43:48.373085 #27484]  INFO -- : R3T made a bet of 80 (raise) and is left with 2280 chips. The pot now contains 120 chips.
I, [2014-04-05T14:43:48.378224 #27484]  INFO -- : Player NoCo responded with Cannot GET /bet_request0 (200)
I, [2014-04-05T14:43:48.378683 #27484]  INFO -- : NoCo made a bet of 0 (fold) and is left with 600 chips. The pot now contains 120 chips.
I, [2014-04-05T14:43:48.383229 #27484]  INFO -- : Player R3T responded with 80 (200)
I, [2014-04-05T14:43:48.383546 #27484]  INFO -- : R3T made a bet of 80 (raise) and is left with 2200 chips. The pot now contains 200 chips.
I, [2014-04-05T14:43:48.384544 #27484]  INFO -- : R3T won 200
I, [2014-04-05T14:43:48.387568 #27484]  INFO -- : Player R3T responded with  (200)
I, [2014-04-05T14:43:48.389558 #27484]  INFO -- : Player Mr Bazinga responded with OK (200)
I, [2014-04-05T14:43:48.391272 #27484]  INFO -- : Player NoCo responded with  (200)
I, [2014-04-05T14:43:48.391568 #27484]  INFO -- : R3T received hole_card Ace of Diamonds
I, [2014-04-05T14:43:48.391733 #27484]  INFO -- : NoCo received hole_card Queen of Hearts
I, [2014-04-05T14:43:48.391883 #27484]  INFO -- : R3T received hole_card 9 of Spades
I, [2014-04-05T14:43:48.392082 #27484]  INFO -- : NoCo received hole_card 9 of Clubs
I, [2014-04-05T14:43:48.392449 #27484]  INFO -- : R3T made a bet of 40 (raise) and is left with 2360 chips. The pot now contains 40 chips.
I, [2014-04-05T14:43:48.393340 #27484]  INFO -- : NoCo made a bet of 80 (raise) and is left with 520 chips. The pot now contains 120 chips.
I, [2014-04-05T14:43:48.398279 #27484]  INFO -- : Player R3T responded with 80 (200)
I, [2014-04-05T14:43:48.398701 #27484]  INFO -- : R3T made a bet of 80 (raise) and is left with 2280 chips. The pot now contains 200 chips.
I, [2014-04-05T14:43:48.403247 #27484]  INFO -- : Player NoCo responded with Cannot GET /bet_request0 (200)
I, [2014-04-05T14:43:48.403443 #27484]  INFO -- : NoCo made a bet of 0 (fold) and is left with 520 chips. The pot now contains 200 chips.
I, [2014-04-05T14:43:48.403829 #27484]  INFO -- : R3T won 200
I, [2014-04-05T14:43:48.406801 #27484]  INFO -- : Player R3T responded with  (200)
I, [2014-04-05T14:43:48.409141 #27484]  INFO -- : Player Mr Bazinga responded with OK (200)
I, [2014-04-05T14:43:48.413254 #27484]  INFO -- : Player NoCo responded with  (200)
I, [2014-04-05T14:43:48.413945 #27484]  INFO -- : NoCo received hole_card Queen of Clubs
I, [2014-04-05T14:43:48.414219 #27484]  INFO -- : R3T received hole_card Ace of Spades
I, [2014-04-05T14:43:48.415257 #27484]  INFO -- : NoCo received hole_card Ace of Clubs
I, [2014-04-05T14:43:48.415862 #27484]  INFO -- : R3T received hole_card King of Hearts
I, [2014-04-05T14:43:48.416543 #27484]  INFO -- : NoCo made a bet of 40 (raise) and is left with 480 chips. The pot now contains 40 chips.
I, [2014-04-05T14:43:48.416978 #27484]  INFO -- : R3T made a bet of 80 (raise) and is left with 2400 chips. The pot now contains 120 chips.
I, [2014-04-05T14:43:48.420647 #27484]  INFO -- : Player NoCo responded with Cannot GET /bet_request0 (200)
I, [2014-04-05T14:43:48.420884 #27484]  INFO -- : NoCo made a bet of 0 (fold) and is left with 480 chips. The pot now contains 120 chips.
I, [2014-04-05T14:43:48.423857 #27484]  INFO -- : Player R3T responded with 80 (200)
I, [2014-04-05T14:43:48.424845 #27484]  INFO -- : R3T made a bet of 80 (raise) and is left with 2320 chips. The pot now contains 200 chips.
I, [2014-04-05T14:43:48.425613 #27484]  INFO -- : R3T won 200
I, [2014-04-05T14:43:48.429095 #27484]  INFO -- : Player R3T responded with  (200)
I, [2014-04-05T14:43:48.431721 #27484]  INFO -- : Player Mr Bazinga responded with OK (200)
I, [2014-04-05T14:43:48.435833 #27484]  INFO -- : Player NoCo responded with  (200)
I, [2014-04-05T14:43:48.436674 #27484]  INFO -- : R3T received hole_card 5 of Spades
I, [2014-04-05T14:43:48.436994 #27484]  INFO -- : NoCo received hole_card 9 of Spades
I, [2014-04-05T14:43:48.437440 #27484]  INFO -- : R3T received hole_card 4 of Hearts
I, [2014-04-05T14:43:48.437794 #27484]  INFO -- : NoCo received hole_card King of Spades
I, [2014-04-05T14:43:48.438381 #27484]  INFO -- : R3T made a bet of 40 (raise) and is left with 2480 chips. The pot now contains 40 chips.
I, [2014-04-05T14:43:48.438717 #27484]  INFO -- : NoCo made a bet of 80 (raise) and is left with 400 chips. The pot now contains 120 chips.
I, [2014-04-05T14:43:48.442012 #27484]  INFO -- : Player R3T responded with 80 (200)
I, [2014-04-05T14:43:48.442465 #27484]  INFO -- : R3T made a bet of 80 (raise) and is left with 2400 chips. The pot now contains 200 chips.
I, [2014-04-05T14:43:48.447545 #27484]  INFO -- : Player NoCo responded with Cannot GET /bet_request0 (200)
I, [2014-04-05T14:43:48.448495 #27484]  INFO -- : NoCo made a bet of 0 (fold) and is left with 400 chips. The pot now contains 200 chips.
I, [2014-04-05T14:43:48.449639 #27484]  INFO -- : R3T won 200
I, [2014-04-05T14:43:48.453709 #27484]  INFO -- : Player R3T responded with  (200)
I, [2014-04-05T14:43:48.456789 #27484]  INFO -- : Player Mr Bazinga responded with OK (200)
I, [2014-04-05T14:43:48.461636 #27484]  INFO -- : Player NoCo responded with  (200)
I, [2014-04-05T14:43:48.462695 #27484]  INFO -- : NoCo received hole_card 2 of Clubs
I, [2014-04-05T14:43:48.463356 #27484]  INFO -- : R3T received hole_card Ace of Hearts
I, [2014-04-05T14:43:48.463888 #27484]  INFO -- : NoCo received hole_card 10 of Diamonds
I, [2014-04-05T14:43:48.464431 #27484]  INFO -- : R3T received hole_card 5 of Clubs
I, [2014-04-05T14:43:48.465312 #27484]  INFO -- : NoCo made a bet of 40 (raise) and is left with 360 chips. The pot now contains 40 chips.
I, [2014-04-05T14:43:48.466104 #27484]  INFO -- : R3T made a bet of 80 (raise) and is left with 2520 chips. The pot now contains 120 chips.
I, [2014-04-05T14:43:48.472795 #27484]  INFO -- : Player NoCo responded with Cannot GET /bet_request0 (200)
I, [2014-04-05T14:43:48.473557 #27484]  INFO -- : NoCo made a bet of 0 (fold) and is left with 360 chips. The pot now contains 120 chips.
I, [2014-04-05T14:43:48.479646 #27484]  INFO -- : Player R3T responded with 80 (200)
I, [2014-04-05T14:43:48.480527 #27484]  INFO -- : R3T made a bet of 80 (raise) and is left with 2440 chips. The pot now contains 200 chips.
I, [2014-04-05T14:43:48.481785 #27484]  INFO -- : R3T won 200
I, [2014-04-05T14:43:48.488305 #27484]  INFO -- : Player R3T responded with  (200)
I, [2014-04-05T14:43:48.492797 #27484]  INFO -- : Player Mr Bazinga responded with OK (200)
I, [2014-04-05T14:43:48.496225 #27484]  INFO -- : Player NoCo responded with  (200)
I, [2014-04-05T14:43:48.496518 #27484]  INFO -- : R3T received hole_card 3 of Hearts
I, [2014-04-05T14:43:48.496670 #27484]  INFO -- : NoCo received hole_card 10 of Clubs
I, [2014-04-05T14:43:48.496822 #27484]  INFO -- : R3T received hole_card Jack of Hearts
I, [2014-04-05T14:43:48.496979 #27484]  INFO -- : NoCo received hole_card 4 of Hearts
I, [2014-04-05T14:43:48.497229 #27484]  INFO -- : R3T made a bet of 40 (raise) and is left with 2600 chips. The pot now contains 40 chips.
I, [2014-04-05T14:43:48.497458 #27484]  INFO -- : NoCo made a bet of 80 (raise) and is left with 280 chips. The pot now contains 120 chips.
I, [2014-04-05T14:43:48.501482 #27484]  INFO -- : Player R3T responded with 120 (200)
I, [2014-04-05T14:43:48.501899 #27484]  INFO -- : R3T made a bet of 120 (raise) and is left with 2480 chips. The pot now contains 240 chips.
I, [2014-04-05T14:43:48.506325 #27484]  INFO -- : Player NoCo responded with Cannot GET /bet_request0 (200)
I, [2014-04-05T14:43:48.506956 #27484]  INFO -- : NoCo made a bet of 0 (fold) and is left with 280 chips. The pot now contains 240 chips.
I, [2014-04-05T14:43:48.509417 #27484]  INFO -- : R3T won 240
I, [2014-04-05T14:43:48.512338 #27484]  INFO -- : Player R3T responded with  (200)
I, [2014-04-05T14:43:48.514466 #27484]  INFO -- : Player Mr Bazinga responded with OK (200)
I, [2014-04-05T14:43:48.517055 #27484]  INFO -- : Player NoCo responded with  (200)
I, [2014-04-05T14:43:48.517685 #27484]  INFO -- : NoCo received hole_card Queen of Spades
I, [2014-04-05T14:43:48.518082 #27484]  INFO -- : R3T received hole_card 3 of Hearts
I, [2014-04-05T14:43:48.518493 #27484]  INFO -- : NoCo received hole_card Jack of Diamonds
I, [2014-04-05T14:43:48.518836 #27484]  INFO -- : R3T received hole_card 10 of Hearts
I, [2014-04-05T14:43:48.519420 #27484]  INFO -- : NoCo made a bet of 40 (raise) and is left with 240 chips. The pot now contains 40 chips.
I, [2014-04-05T14:43:48.520033 #27484]  INFO -- : R3T made a bet of 80 (raise) and is left with 2640 chips. The pot now contains 120 chips.
I, [2014-04-05T14:43:48.524426 #27484]  INFO -- : Player NoCo responded with Cannot GET /bet_request0 (200)
I, [2014-04-05T14:43:48.524848 #27484]  INFO -- : NoCo made a bet of 0 (fold) and is left with 240 chips. The pot now contains 120 chips.
I, [2014-04-05T14:43:48.528639 #27484]  INFO -- : Player R3T responded with 120 (200)
I, [2014-04-05T14:43:48.528922 #27484]  INFO -- : R3T made a bet of 120 (raise) and is left with 2520 chips. The pot now contains 240 chips.
I, [2014-04-05T14:43:48.529606 #27484]  INFO -- : R3T won 240
I, [2014-04-05T14:43:48.532932 #27484]  INFO -- : Player R3T responded with  (200)
I, [2014-04-05T14:43:48.536781 #27484]  INFO -- : Player Mr Bazinga responded with OK (200)
I, [2014-04-05T14:43:48.540994 #27484]  INFO -- : Player NoCo responded with  (200)
I, [2014-04-05T14:43:48.541754 #27484]  INFO -- : R3T received hole_card 3 of Hearts
I, [2014-04-05T14:43:48.542111 #27484]  INFO -- : NoCo received hole_card 7 of Hearts
I, [2014-04-05T14:43:48.542594 #27484]  INFO -- : R3T received hole_card King of Diamonds
I, [2014-04-05T14:43:48.543011 #27484]  INFO -- : NoCo received hole_card Jack of Hearts
I, [2014-04-05T14:43:48.543592 #27484]  INFO -- : R3T made a bet of 80 (raise) and is left with 2680 chips. The pot now contains 80 chips.
I, [2014-04-05T14:43:48.544289 #27484]  INFO -- : NoCo made a bet of 160 (raise) and is left with 80 chips. The pot now contains 240 chips.
I, [2014-04-05T14:43:48.546897 #27484]  INFO -- : Player R3T responded with 160 (200)
I, [2014-04-05T14:43:48.547145 #27484]  INFO -- : R3T made a bet of 160 (raise) and is left with 2520 chips. The pot now contains 400 chips.
I, [2014-04-05T14:43:48.549793 #27484]  INFO -- : Player NoCo responded with Cannot GET /bet_request0 (200)
I, [2014-04-05T14:43:48.550229 #27484]  INFO -- : NoCo made a bet of 0 (fold) and is left with 80 chips. The pot now contains 400 chips.
I, [2014-04-05T14:43:48.551096 #27484]  INFO -- : R3T won 400
I, [2014-04-05T14:43:48.556544 #27484]  INFO -- : Player R3T responded with  (200)
I, [2014-04-05T14:43:48.561904 #27484]  INFO -- : Player Mr Bazinga responded with OK (200)
I, [2014-04-05T14:43:48.565769 #27484]  INFO -- : Player NoCo responded with  (200)
I, [2014-04-05T14:43:48.566093 #27484]  INFO -- : NoCo received hole_card 2 of Clubs
I, [2014-04-05T14:43:48.566309 #27484]  INFO -- : R3T received hole_card 3 of Diamonds
I, [2014-04-05T14:43:48.567064 #27484]  INFO -- : NoCo received hole_card 4 of Hearts
I, [2014-04-05T14:43:48.567515 #27484]  INFO -- : R3T received hole_card Ace of Spades
I, [2014-04-05T14:43:48.567858 #27484]  INFO -- : NoCo made a bet of 80 (allin) and is left with 0 chips. The pot now contains 80 chips.
I, [2014-04-05T14:43:48.568233 #27484]  INFO -- : R3T made a bet of 160 (raise) and is left with 2760 chips. The pot now contains 240 chips.
I, [2014-04-05T14:43:48.573113 #27484]  INFO -- : Player R3T responded with 160 (200)
I, [2014-04-05T14:43:48.573329 #27484]  INFO -- : R3T made a bet of 160 (raise) and is left with 2600 chips. The pot now contains 400 chips.
I, [2014-04-05T14:43:48.573547 #27484]  INFO -- : community card Jack of Diamonds
I, [2014-04-05T14:43:48.573747 #27484]  INFO -- : community card Queen of Clubs
I, [2014-04-05T14:43:48.573915 #27484]  INFO -- : community card 9 of Clubs
I, [2014-04-05T14:43:48.574106 #27484]  INFO -- : community card 10 of Clubs
I, [2014-04-05T14:43:48.574296 #27484]  INFO -- : community card Jack of Clubs
I, [2014-04-05T14:43:48.574757 #27484]  INFO -- : R3T showed 10 of Clubs,Jack of Diamonds,Jack of Clubs,Queen of Clubs,Ace of Spades making a pair
I, [2014-04-05T14:43:48.575109 #27484]  INFO -- : NoCo showed 2 of Clubs,9 of Clubs,10 of Clubs,Jack of Clubs,Queen of Clubs making a flush
I, [2014-04-05T14:43:48.575296 #27484]  INFO -- : NoCo won 160
I, [2014-04-05T14:43:48.575726 #27484]  INFO -- : R3T won 240
I, [2014-04-05T14:43:48.579644 #27484]  INFO -- : Player R3T responded with  (200)
I, [2014-04-05T14:43:48.583460 #27484]  INFO -- : Player Mr Bazinga responded with OK (200)
I, [2014-04-05T14:43:48.586880 #27484]  INFO -- : Player NoCo responded with  (200)
I, [2014-04-05T14:43:48.587483 #27484]  INFO -- : R3T received hole_card 5 of Diamonds
I, [2014-04-05T14:43:48.587759 #27484]  INFO -- : NoCo received hole_card 8 of Diamonds
I, [2014-04-05T14:43:48.588287 #27484]  INFO -- : R3T received hole_card 2 of Diamonds
I, [2014-04-05T14:43:48.589055 #27484]  INFO -- : NoCo received hole_card 6 of Hearts
I, [2014-04-05T14:43:48.590290 #27484]  INFO -- : R3T made a bet of 80 (raise) and is left with 2760 chips. The pot now contains 80 chips.
I, [2014-04-05T14:43:48.591370 #27484]  INFO -- : NoCo made a bet of 160 (allin) and is left with 0 chips. The pot now contains 240 chips.
I, [2014-04-05T14:43:48.596617 #27484]  INFO -- : Player R3T responded with 240 (200)
I, [2014-04-05T14:43:48.597629 #27484]  INFO -- : R3T made a bet of 240 (raise) and is left with 2520 chips. The pot now contains 480 chips.
I, [2014-04-05T14:43:48.598480 #27484]  INFO -- : community card 7 of Diamonds
I, [2014-04-05T14:43:48.598827 #27484]  INFO -- : community card 4 of Diamonds
I, [2014-04-05T14:43:48.599104 #27484]  INFO -- : community card 7 of Clubs
I, [2014-04-05T14:43:48.599407 #27484]  INFO -- : community card King of Hearts
I, [2014-04-05T14:43:48.599715 #27484]  INFO -- : community card 7 of Hearts
I, [2014-04-05T14:43:48.601384 #27484]  INFO -- : R3T showed 5 of Diamonds,7 of Diamonds,7 of Hearts,7 of Clubs,King of Hearts making a three of a kind
I, [2014-04-05T14:43:48.602936 #27484]  INFO -- : NoCo showed 7 of Hearts,7 of Clubs,7 of Diamonds,8 of Diamonds,King of Hearts making a three of a kind
I, [2014-04-05T14:43:48.603209 #27484]  INFO -- : NoCo won 320
I, [2014-04-05T14:43:48.603568 #27484]  INFO -- : R3T won 160
I, [2014-04-05T14:43:48.608328 #27484]  INFO -- : Player R3T responded with  (200)
I, [2014-04-05T14:43:48.611834 #27484]  INFO -- : Player Mr Bazinga responded with OK (200)
I, [2014-04-05T14:43:48.614982 #27484]  INFO -- : Player NoCo responded with  (200)
I, [2014-04-05T14:43:48.615269 #27484]  INFO -- : NoCo received hole_card King of Hearts
I, [2014-04-05T14:43:48.615436 #27484]  INFO -- : R3T received hole_card Ace of Clubs
I, [2014-04-05T14:43:48.615621 #27484]  INFO -- : NoCo received hole_card 2 of Spades
I, [2014-04-05T14:43:48.615796 #27484]  INFO -- : R3T received hole_card 2 of Clubs
I, [2014-04-05T14:43:48.616079 #27484]  INFO -- : NoCo made a bet of 80 (raise) and is left with 240 chips. The pot now contains 80 chips.
I, [2014-04-05T14:43:48.616314 #27484]  INFO -- : R3T made a bet of 160 (raise) and is left with 2520 chips. The pot now contains 240 chips.
I, [2014-04-05T14:43:48.619397 #27484]  INFO -- : Player NoCo responded with Cannot GET /bet_request0 (200)
I, [2014-04-05T14:43:48.620076 #27484]  INFO -- : NoCo made a bet of 0 (fold) and is left with 240 chips. The pot now contains 240 chips.
I, [2014-04-05T14:43:48.623914 #27484]  INFO -- : Player R3T responded with 240 (200)
I, [2014-04-05T14:43:48.624411 #27484]  INFO -- : R3T made a bet of 240 (raise) and is left with 2280 chips. The pot now contains 480 chips.
I, [2014-04-05T14:43:48.626761 #27484]  INFO -- : R3T won 480
I, [2014-04-05T14:43:48.635199 #27484]  INFO -- : Player R3T responded with  (200)
I, [2014-04-05T14:43:48.639784 #27484]  INFO -- : Player Mr Bazinga responded with OK (200)
I, [2014-04-05T14:43:48.645686 #27484]  INFO -- : Player NoCo responded with  (200)
I, [2014-04-05T14:43:48.645998 #27484]  INFO -- : R3T received hole_card 2 of Spades
I, [2014-04-05T14:43:48.646197 #27484]  INFO -- : NoCo received hole_card 9 of Hearts
I, [2014-04-05T14:43:48.646407 #27484]  INFO -- : R3T received hole_card 5 of Clubs
I, [2014-04-05T14:43:48.646589 #27484]  INFO -- : NoCo received hole_card 6 of Diamonds
I, [2014-04-05T14:43:48.646876 #27484]  INFO -- : R3T made a bet of 80 (raise) and is left with 2680 chips. The pot now contains 80 chips.
I, [2014-04-05T14:43:48.647153 #27484]  INFO -- : NoCo made a bet of 160 (raise) and is left with 80 chips. The pot now contains 240 chips.
I, [2014-04-05T14:43:48.649438 #27484]  INFO -- : Player R3T responded with 160 (200)
I, [2014-04-05T14:43:48.650022 #27484]  INFO -- : R3T made a bet of 160 (raise) and is left with 2520 chips. The pot now contains 400 chips.
I, [2014-04-05T14:43:48.654549 #27484]  INFO -- : Player NoCo responded with Cannot GET /bet_request0 (200)
I, [2014-04-05T14:43:48.654746 #27484]  INFO -- : NoCo made a bet of 0 (fold) and is left with 80 chips. The pot now contains 400 chips.
I, [2014-04-05T14:43:48.655108 #27484]  INFO -- : R3T won 400
I, [2014-04-05T14:43:48.657813 #27484]  INFO -- : Player R3T responded with  (200)
I, [2014-04-05T14:43:48.660788 #27484]  INFO -- : Player Mr Bazinga responded with OK (200)
I, [2014-04-05T14:43:48.665328 #27484]  INFO -- : Player NoCo responded with  (200)
I, [2014-04-05T14:43:48.665692 #27484]  INFO -- : NoCo received hole_card 3 of Diamonds
I, [2014-04-05T14:43:48.665859 #27484]  INFO -- : R3T received hole_card 6 of Clubs
I, [2014-04-05T14:43:48.666046 #27484]  INFO -- : NoCo received hole_card Queen of Spades
I, [2014-04-05T14:43:48.666218 #27484]  INFO -- : R3T received hole_card 8 of Hearts
I, [2014-04-05T14:43:48.666498 #27484]  INFO -- : NoCo made a bet of 80 (allin) and is left with 0 chips. The pot now contains 80 chips.
I, [2014-04-05T14:43:48.666754 #27484]  INFO -- : R3T made a bet of 160 (raise) and is left with 2760 chips. The pot now contains 240 chips.
I, [2014-04-05T14:43:48.669694 #27484]  INFO -- : Player R3T responded with 160 (200)
I, [2014-04-05T14:43:48.670001 #27484]  INFO -- : R3T made a bet of 160 (raise) and is left with 2600 chips. The pot now contains 400 chips.
I, [2014-04-05T14:43:48.670237 #27484]  INFO -- : community card 3 of Hearts
I, [2014-04-05T14:43:48.670407 #27484]  INFO -- : community card 2 of Diamonds
I, [2014-04-05T14:43:48.670749 #27484]  INFO -- : community card 10 of Spades
I, [2014-04-05T14:43:48.671112 #27484]  INFO -- : community card Jack of Hearts
I, [2014-04-05T14:43:48.671497 #27484]  INFO -- : community card 3 of Clubs
I, [2014-04-05T14:43:48.672238 #27484]  INFO -- : R3T showed 3 of Clubs,3 of Hearts,8 of Hearts,10 of Spades,Jack of Hearts making a pair
I, [2014-04-05T14:43:48.672739 #27484]  INFO -- : NoCo showed 3 of Clubs,3 of Hearts,3 of Diamonds,Jack of Hearts,Queen of Spades making a three of a kind
I, [2014-04-05T14:43:48.672951 #27484]  INFO -- : NoCo won 160
I, [2014-04-05T14:43:48.673308 #27484]  INFO -- : R3T won 240
I, [2014-04-05T14:43:48.675879 #27484]  INFO -- : Player R3T responded with  (200)
I, [2014-04-05T14:43:48.677561 #27484]  INFO -- : Player Mr Bazinga responded with OK (200)
I, [2014-04-05T14:43:48.687500 #27484]  INFO -- : Player NoCo responded with  (200)
I, [2014-04-05T14:43:48.688182 #27484]  INFO -- : R3T received hole_card Jack of Clubs
I, [2014-04-05T14:43:48.688619 #27484]  INFO -- : NoCo received hole_card 8 of Spades
I, [2014-04-05T14:43:48.689059 #27484]  INFO -- : R3T received hole_card Ace of Spades
I, [2014-04-05T14:43:48.689430 #27484]  INFO -- : NoCo received hole_card 3 of Clubs
I, [2014-04-05T14:43:48.689950 #27484]  INFO -- : R3T made a bet of 80 (raise) and is left with 2760 chips. The pot now contains 80 chips.
I, [2014-04-05T14:43:48.690379 #27484]  INFO -- : NoCo made a bet of 160 (allin) and is left with 0 chips. The pot now contains 240 chips.
I, [2014-04-05T14:43:48.694618 #27484]  INFO -- : Player R3T responded with 160 (200)
I, [2014-04-05T14:43:48.694958 #27484]  INFO -- : R3T made a bet of 160 (raise) and is left with 2600 chips. The pot now contains 400 chips.
I, [2014-04-05T14:43:48.695408 #27484]  INFO -- : community card King of Spades
I, [2014-04-05T14:43:48.695967 #27484]  INFO -- : community card 9 of Spades
I, [2014-04-05T14:43:48.697810 #27484]  INFO -- : community card 10 of Hearts
I, [2014-04-05T14:43:48.698403 #27484]  INFO -- : community card 8 of Clubs
I, [2014-04-05T14:43:48.698913 #27484]  INFO -- : community card 2 of Diamonds
I, [2014-04-05T14:43:48.699777 #27484]  INFO -- : R3T showed 9 of Spades,10 of Hearts,Jack of Clubs,King of Spades,Ace of Spades making a high card
I, [2014-04-05T14:43:48.700607 #27484]  INFO -- : NoCo showed 8 of Spades,8 of Clubs,9 of Spades,10 of Hearts,King of Spades making a pair
I, [2014-04-05T14:43:48.701879 #27484]  INFO -- : NoCo won 320
I, [2014-04-05T14:43:48.703658 #27484]  INFO -- : R3T won 80
I, [2014-04-05T14:43:48.706754 #27484]  INFO -- : Player R3T responded with  (200)
I, [2014-04-05T14:43:48.708664 #27484]  INFO -- : Player Mr Bazinga responded with OK (200)
I, [2014-04-05T14:43:48.710442 #27484]  INFO -- : Player NoCo responded with  (200)
I, [2014-04-05T14:43:48.710725 #27484]  INFO -- : NoCo received hole_card Queen of Hearts
I, [2014-04-05T14:43:48.710889 #27484]  INFO -- : R3T received hole_card 10 of Diamonds
I, [2014-04-05T14:43:48.711061 #27484]  INFO -- : NoCo received hole_card 8 of Diamonds
I, [2014-04-05T14:43:48.711312 #27484]  INFO -- : R3T received hole_card Ace of Spades
I, [2014-04-05T14:43:48.711754 #27484]  INFO -- : NoCo made a bet of 80 (raise) and is left with 240 chips. The pot now contains 80 chips.
I, [2014-04-05T14:43:48.712143 #27484]  INFO -- : R3T made a bet of 160 (raise) and is left with 2520 chips. The pot now contains 240 chips.
I, [2014-04-05T14:43:48.719108 #27484]  INFO -- : Player NoCo responded with Cannot GET /bet_request0 (200)
I, [2014-04-05T14:43:48.719531 #27484]  INFO -- : NoCo made a bet of 0 (fold) and is left with 240 chips. The pot now contains 240 chips.
I, [2014-04-05T14:43:48.722709 #27484]  INFO -- : Player R3T responded with 160 (200)
I, [2014-04-05T14:43:48.723054 #27484]  INFO -- : R3T made a bet of 160 (raise) and is left with 2360 chips. The pot now contains 400 chips.
I, [2014-04-05T14:43:48.723724 #27484]  INFO -- : R3T won 400
I, [2014-04-05T14:43:48.726463 #27484]  INFO -- : Player R3T responded with  (200)
I, [2014-04-05T14:43:48.728636 #27484]  INFO -- : Player Mr Bazinga responded with OK (200)
I, [2014-04-05T14:43:48.734271 #27484]  INFO -- : Player NoCo responded with  (200)
I, [2014-04-05T14:43:48.735410 #27484]  INFO -- : R3T received hole_card 2 of Clubs
I, [2014-04-05T14:43:48.735654 #27484]  INFO -- : NoCo received hole_card Jack of Spades
I, [2014-04-05T14:43:48.735956 #27484]  INFO -- : R3T received hole_card 6 of Hearts
I, [2014-04-05T14:43:48.736182 #27484]  INFO -- : NoCo received hole_card 8 of Spades
I, [2014-04-05T14:43:48.736498 #27484]  INFO -- : R3T made a bet of 80 (raise) and is left with 2680 chips. The pot now contains 80 chips.
I, [2014-04-05T14:43:48.736781 #27484]  INFO -- : NoCo made a bet of 160 (raise) and is left with 80 chips. The pot now contains 240 chips.
I, [2014-04-05T14:43:48.739128 #27484]  INFO -- : Player R3T responded with 160 (200)
I, [2014-04-05T14:43:48.739381 #27484]  INFO -- : R3T made a bet of 160 (raise) and is left with 2520 chips. The pot now contains 400 chips.
I, [2014-04-05T14:43:48.741914 #27484]  INFO -- : Player NoCo responded with Cannot GET /bet_request0 (200)
I, [2014-04-05T14:43:48.742151 #27484]  INFO -- : NoCo made a bet of 0 (fold) and is left with 80 chips. The pot now contains 400 chips.
I, [2014-04-05T14:43:48.742563 #27484]  INFO -- : R3T won 400
I, [2014-04-05T14:43:48.747556 #27484]  INFO -- : Player R3T responded with  (200)
I, [2014-04-05T14:43:48.753909 #27484]  INFO -- : Player Mr Bazinga responded with OK (200)
I, [2014-04-05T14:43:48.756238 #27484]  INFO -- : Player NoCo responded with  (200)
I, [2014-04-05T14:43:48.756599 #27484]  INFO -- : NoCo received hole_card 9 of Hearts
I, [2014-04-05T14:43:48.756813 #27484]  INFO -- : R3T received hole_card Queen of Spades
I, [2014-04-05T14:43:48.757007 #27484]  INFO -- : NoCo received hole_card 8 of Spades
I, [2014-04-05T14:43:48.757215 #27484]  INFO -- : R3T received hole_card King of Hearts
I, [2014-04-05T14:43:48.757515 #27484]  INFO -- : NoCo made a bet of 80 (allin) and is left with 0 chips. The pot now contains 80 chips.
I, [2014-04-05T14:43:48.757775 #27484]  INFO -- : R3T made a bet of 320 (raise) and is left with 2600 chips. The pot now contains 400 chips.
I, [2014-04-05T14:43:48.760414 #27484]  INFO -- : Player R3T responded with 480 (200)
I, [2014-04-05T14:43:48.760675 #27484]  INFO -- : R3T made a bet of 480 (raise) and is left with 2120 chips. The pot now contains 880 chips.
I, [2014-04-05T14:43:48.760911 #27484]  INFO -- : community card 8 of Hearts
I, [2014-04-05T14:43:48.761096 #27484]  INFO -- : community card 5 of Spades
I, [2014-04-05T14:43:48.761309 #27484]  INFO -- : community card 7 of Diamonds
I, [2014-04-05T14:43:48.761519 #27484]  INFO -- : community card Ace of Spades
I, [2014-04-05T14:43:48.761724 #27484]  INFO -- : community card 2 of Diamonds
I, [2014-04-05T14:43:48.762200 #27484]  INFO -- : R3T showed 7 of Diamonds,8 of Hearts,Queen of Spades,King of Hearts,Ace of Spades making a high card
I, [2014-04-05T14:43:48.762937 #27484]  INFO -- : NoCo showed 7 of Diamonds,8 of Hearts,8 of Spades,9 of Hearts,Ace of Spades making a pair
I, [2014-04-05T14:43:48.764292 #27484]  INFO -- : NoCo won 160
I, [2014-04-05T14:43:48.765203 #27484]  INFO -- : R3T won 720
I, [2014-04-05T14:43:48.767553 #27484]  INFO -- : Player R3T responded with  (200)
I, [2014-04-05T14:43:48.769408 #27484]  INFO -- : Player Mr Bazinga responded with OK (200)
I, [2014-04-05T14:43:48.771173 #27484]  INFO -- : Player NoCo responded with  (200)
I, [2014-04-05T14:43:48.771513 #27484]  INFO -- : R3T received hole_card 8 of Spades
I, [2014-04-05T14:43:48.771696 #27484]  INFO -- : NoCo received hole_card 2 of Clubs
I, [2014-04-05T14:43:48.771891 #27484]  INFO -- : R3T received hole_card Ace of Diamonds
I, [2014-04-05T14:43:48.772112 #27484]  INFO -- : NoCo received hole_card Jack of Diamonds
I, [2014-04-05T14:43:48.772491 #27484]  INFO -- : R3T made a bet of 160 (raise) and is left with 2680 chips. The pot now contains 160 chips.
I, [2014-04-05T14:43:48.772796 #27484]  INFO -- : NoCo made a bet of 160 (allin) and is left with 0 chips. The pot now contains 320 chips.
I, [2014-04-05T14:43:48.776286 #27484]  INFO -- : Player R3T responded with 160 (200)
I, [2014-04-05T14:43:48.776685 #27484]  INFO -- : R3T made a bet of 160 (raise) and is left with 2520 chips. The pot now contains 480 chips.
I, [2014-04-05T14:43:48.776981 #27484]  INFO -- : community card 9 of Diamonds
I, [2014-04-05T14:43:48.777205 #27484]  INFO -- : community card 4 of Clubs
I, [2014-04-05T14:43:48.777397 #27484]  INFO -- : community card 9 of Clubs
I, [2014-04-05T14:43:48.777618 #27484]  INFO -- : community card 6 of Hearts
I, [2014-04-05T14:43:48.777821 #27484]  INFO -- : community card 6 of Spades
I, [2014-04-05T14:43:48.778320 #27484]  INFO -- : R3T showed 6 of Spades,6 of Hearts,9 of Clubs,9 of Diamonds,Ace of Diamonds making a two pairs
I, [2014-04-05T14:43:48.778721 #27484]  INFO -- : R3T won 480
I, [2014-04-05T14:43:48.784767 #27484]  INFO -- : Player R3T responded with  (200)
I, [2014-04-05T14:43:48.788840 #27484]  INFO -- : Player Mr Bazinga responded with OK (200)
I, [2014-04-05T14:43:48.790697 #27484]  INFO -- : Player NoCo responded with  (200)
