# Logfile created on 2014-04-05 15:33:28 +0200 by logger.rb/44203
I, [2014-04-05T15:33:28.842164 #13380]  INFO -- : Reseting R3T to origin/master
I, [2014-04-05T15:33:29.901430 #13380]  INFO -- : Reseting Mr Bazinga to origin/master
I, [2014-04-05T15:33:30.778596 #13380]  INFO -- : Reseting NoCo to origin/master
I, [2014-04-05T15:33:31.618637 #13380]  INFO -- : Connected R3T at http://localhost:8080/
I, [2014-04-05T15:33:31.621598 #13380]  INFO -- : Connected Mr Bazinga at http://localhost:1337/
I, [2014-04-05T15:33:31.624228 #13380]  INFO -- : Connected NoCo at http://localhost:8000/player_service.php
E, [2014-04-05T15:33:31.626949 #13380] ERROR -- : Connection refused - connect(2) for "localhost" port 8080
E, [2014-04-05T15:33:31.627127 #13380] ERROR -- : Player R3T is unreachable
I, [2014-04-05T15:33:31.627246 #13380]  INFO -- : Waiting for players to start
E, [2014-04-05T15:33:32.632441 #13380] ERROR -- : Connection refused - connect(2) for "localhost" port 8080
E, [2014-04-05T15:33:32.632755 #13380] ERROR -- : Player R3T is unreachable
I, [2014-04-05T15:33:32.632944 #13380]  INFO -- : Waiting for players to start
E, [2014-04-05T15:33:33.633620 #13380] ERROR -- : Connection refused - connect(2) for "localhost" port 8080
E, [2014-04-05T15:33:33.633773 #13380] ERROR -- : Player R3T is unreachable
I, [2014-04-05T15:33:33.633871 #13380]  INFO -- : Waiting for players to start
E, [2014-04-05T15:33:34.644574 #13380] ERROR -- : Connection refused - connect(2) for "localhost" port 8080
E, [2014-04-05T15:33:34.644755 #13380] ERROR -- : Player R3T is unreachable
I, [2014-04-05T15:33:34.644851 #13380]  INFO -- : Waiting for players to start
E, [2014-04-05T15:33:35.645416 #13380] ERROR -- : Connection refused - connect(2) for "localhost" port 8080
E, [2014-04-05T15:33:35.645562 #13380] ERROR -- : Player R3T is unreachable
I, [2014-04-05T15:33:35.645653 #13380]  INFO -- : Waiting for players to start
E, [2014-04-05T15:33:36.646281 #13380] ERROR -- : Connection refused - connect(2) for "localhost" port 8080
E, [2014-04-05T15:33:36.646424 #13380] ERROR -- : Player R3T is unreachable
I, [2014-04-05T15:33:36.646516 #13380]  INFO -- : Waiting for players to start
E, [2014-04-05T15:33:37.665069 #13380] ERROR -- : Connection refused - connect(2) for "localhost" port 8080
E, [2014-04-05T15:33:37.665261 #13380] ERROR -- : Player R3T is unreachable
I, [2014-04-05T15:33:37.665355 #13380]  INFO -- : Waiting for players to start
E, [2014-04-05T15:33:38.666039 #13380] ERROR -- : Connection refused - connect(2) for "localhost" port 8080
E, [2014-04-05T15:33:38.666181 #13380] ERROR -- : Player R3T is unreachable
I, [2014-04-05T15:33:38.666261 #13380]  INFO -- : Waiting for players to start
E, [2014-04-05T15:33:39.674872 #13380] ERROR -- : Connection refused - connect(2) for "localhost" port 8080
E, [2014-04-05T15:33:39.675076 #13380] ERROR -- : Player R3T is unreachable
I, [2014-04-05T15:33:39.675158 #13380]  INFO -- : Waiting for players to start
E, [2014-04-05T15:33:40.675817 #13380] ERROR -- : Connection refused - connect(2) for "localhost" port 8080
E, [2014-04-05T15:33:40.676106 #13380] ERROR -- : Player R3T is unreachable
I, [2014-04-05T15:33:40.676265 #13380]  INFO -- : Waiting for players to start
E, [2014-04-05T15:33:41.676905 #13380] ERROR -- : Connection refused - connect(2) for "localhost" port 8080
E, [2014-04-05T15:33:41.677155 #13380] ERROR -- : Player R3T is unreachable
I, [2014-04-05T15:33:41.677354 #13380]  INFO -- : Waiting for players to start
E, [2014-04-05T15:33:42.683124 #13380] ERROR -- : Connection refused - connect(2) for "localhost" port 8080
E, [2014-04-05T15:33:42.683403 #13380] ERROR -- : Player R3T is unreachable
I, [2014-04-05T15:33:42.683567 #13380]  INFO -- : Waiting for players to start
E, [2014-04-05T15:33:43.688197 #13380] ERROR -- : Connection refused - connect(2) for "localhost" port 8080
E, [2014-04-05T15:33:43.688362 #13380] ERROR -- : Player R3T is unreachable
I, [2014-04-05T15:33:43.688486 #13380]  INFO -- : Waiting for players to start
E, [2014-04-05T15:33:44.689113 #13380] ERROR -- : Connection refused - connect(2) for "localhost" port 8080
E, [2014-04-05T15:33:44.689317 #13380] ERROR -- : Player R3T is unreachable
I, [2014-04-05T15:33:44.689426 #13380]  INFO -- : Waiting for players to start
E, [2014-04-05T15:33:45.690038 #13380] ERROR -- : Connection refused - connect(2) for "localhost" port 8080
E, [2014-04-05T15:33:45.690257 #13380] ERROR -- : Player R3T is unreachable
I, [2014-04-05T15:33:45.690309 #13380]  INFO -- : Waiting for players to start
E, [2014-04-05T15:33:47.192274 #13380] ERROR -- : Net::ReadTimeout
E, [2014-04-05T15:33:47.192440 #13380] ERROR -- : Player R3T is unreachable
I, [2014-04-05T15:33:47.192538 #13380]  INFO -- : Waiting for players to start
I, [2014-04-05T15:33:48.195997 #13380]  INFO -- : Player R3T responded with  (200)
I, [2014-04-05T15:33:48.207150 #13380]  INFO -- : Player Mr Bazinga responded with OK (200)
I, [2014-04-05T15:33:48.209527 #13380]  INFO -- : Player NoCo responded with  (200)
I, [2014-04-05T15:33:48.209674 #13380]  INFO -- : Players are running
I, [2014-04-05T15:33:48.232062 #13380]  INFO -- : Player R3T responded with v0.4 megasuper ai (200)
I, [2014-04-05T15:33:48.234941 #13380]  INFO -- : Player Mr Bazinga responded with Super AI 1.0 (200)
I, [2014-04-05T15:33:48.236688 #13380]  INFO -- : Player NoCo responded with NoCo1529 (200)
I, [2014-04-05T15:33:48.237024 #13380]  INFO -- : Mr Bazinga received hole_card Queen of Hearts
I, [2014-04-05T15:33:48.237233 #13380]  INFO -- : NoCo received hole_card 9 of Hearts
I, [2014-04-05T15:33:48.237410 #13380]  INFO -- : R3T received hole_card 3 of Spades
I, [2014-04-05T15:33:48.237613 #13380]  INFO -- : Mr Bazinga received hole_card Ace of Clubs
I, [2014-04-05T15:33:48.237889 #13380]  INFO -- : NoCo received hole_card 4 of Spades
I, [2014-04-05T15:33:48.238164 #13380]  INFO -- : R3T received hole_card Queen of Diamonds
I, [2014-04-05T15:33:48.242075 #13380]  INFO -- : Mr Bazinga made a bet of 10 (raise) and is left with 990 chips. The pot now contains 10 chips.
I, [2014-04-05T15:33:48.243147 #13380]  INFO -- : NoCo made a bet of 20 (raise) and is left with 980 chips. The pot now contains 30 chips.
I, [2014-04-05T15:33:48.290195 #13380]  INFO -- : Player R3T responded with 0 (200)
I, [2014-04-05T15:33:48.290535 #13380]  INFO -- : R3T made a bet of 0 (fold) and is left with 1000 chips. The pot now contains 30 chips.
I, [2014-04-05T15:33:48.293488 #13380]  INFO -- : Player Mr Bazinga responded with 10 (200)
I, [2014-04-05T15:33:48.293812 #13380]  INFO -- : Mr Bazinga made a bet of 10 (call) and is left with 980 chips. The pot now contains 40 chips.
I, [2014-04-05T15:33:48.296471 #13380]  INFO -- : Player NoCo responded with 0 (200)
I, [2014-04-05T15:33:48.296772 #13380]  INFO -- : NoCo made a bet of 0 (check) and is left with 980 chips. The pot now contains 40 chips.
I, [2014-04-05T15:33:48.297158 #13380]  INFO -- : community card 5 of Hearts
I, [2014-04-05T15:33:48.297475 #13380]  INFO -- : community card 8 of Diamonds
I, [2014-04-05T15:33:48.297789 #13380]  INFO -- : community card 2 of Hearts
I, [2014-04-05T15:33:48.382579 #13380]  INFO -- : Player Mr Bazinga responded with 0 (200)
I, [2014-04-05T15:33:48.383013 #13380]  INFO -- : Mr Bazinga made a bet of 0 (check) and is left with 980 chips. The pot now contains 40 chips.
E, [2014-04-05T15:33:48.885101 #13380] ERROR -- : Net::ReadTimeout
E, [2014-04-05T15:33:48.885483 #13380] ERROR -- : Player NoCo is unreachable
I, [2014-04-05T15:33:48.886100 #13380]  INFO -- : NoCo made a bet of 0 (check) and is left with 980 chips. The pot now contains 40 chips.
I, [2014-04-05T15:33:48.886897 #13380]  INFO -- : community card Ace of Hearts
I, [2014-04-05T15:33:48.918374 #13380]  INFO -- : Player Mr Bazinga responded with 0 (200)
I, [2014-04-05T15:33:48.918847 #13380]  INFO -- : Mr Bazinga made a bet of 0 (check) and is left with 980 chips. The pot now contains 40 chips.
E, [2014-04-05T15:33:49.422740 #13380] ERROR -- : Net::ReadTimeout
E, [2014-04-05T15:33:49.423071 #13380] ERROR -- : Player NoCo is unreachable
I, [2014-04-05T15:33:49.423641 #13380]  INFO -- : NoCo made a bet of 0 (check) and is left with 980 chips. The pot now contains 40 chips.
I, [2014-04-05T15:33:49.424485 #13380]  INFO -- : community card 9 of Clubs
I, [2014-04-05T15:33:49.639502 #13380]  INFO -- : Player Mr Bazinga responded with 0 (200)
I, [2014-04-05T15:33:49.640106 #13380]  INFO -- : Mr Bazinga made a bet of 0 (check) and is left with 980 chips. The pot now contains 40 chips.
E, [2014-04-05T15:33:50.144297 #13380] ERROR -- : Net::ReadTimeout
E, [2014-04-05T15:33:50.144667 #13380] ERROR -- : Player NoCo is unreachable
I, [2014-04-05T15:33:50.145166 #13380]  INFO -- : NoCo made a bet of 0 (check) and is left with 980 chips. The pot now contains 40 chips.
I, [2014-04-05T15:33:50.146932 #13380]  INFO -- : Mr Bazinga showed 8 of Diamonds,9 of Clubs,Queen of Hearts,Ace of Hearts,Ace of Clubs making a pair
I, [2014-04-05T15:33:50.148165 #13380]  INFO -- : Mr Bazinga won 40
I, [2014-04-05T15:33:50.156460 #13380]  INFO -- : Player R3T responded with  (200)
I, [2014-04-05T15:33:50.161622 #13380]  INFO -- : Player Mr Bazinga responded with OK (200)
E, [2014-04-05T15:33:50.665871 #13380] ERROR -- : Net::ReadTimeout
E, [2014-04-05T15:33:50.666238 #13380] ERROR -- : Player NoCo is unreachable
I, [2014-04-05T15:33:50.667162 #13380]  INFO -- : NoCo received hole_card 9 of Hearts
I, [2014-04-05T15:33:50.667734 #13380]  INFO -- : R3T received hole_card 4 of Spades
I, [2014-04-05T15:33:50.668307 #13380]  INFO -- : Mr Bazinga received hole_card 3 of Clubs
I, [2014-04-05T15:33:50.669109 #13380]  INFO -- : NoCo received hole_card 8 of Diamonds
I, [2014-04-05T15:33:50.669789 #13380]  INFO -- : R3T received hole_card Jack of Hearts
I, [2014-04-05T15:33:50.670405 #13380]  INFO -- : Mr Bazinga received hole_card King of Hearts
I, [2014-04-05T15:33:50.671561 #13380]  INFO -- : NoCo made a bet of 10 (raise) and is left with 970 chips. The pot now contains 10 chips.
I, [2014-04-05T15:33:50.672525 #13380]  INFO -- : R3T made a bet of 20 (raise) and is left with 980 chips. The pot now contains 30 chips.
I, [2014-04-05T15:33:50.677493 #13380]  INFO -- : Player Mr Bazinga responded with 0 (200)
I, [2014-04-05T15:33:50.678156 #13380]  INFO -- : Mr Bazinga made a bet of 0 (fold) and is left with 1020 chips. The pot now contains 30 chips.
E, [2014-04-05T15:33:51.182213 #13380] ERROR -- : Net::ReadTimeout
E, [2014-04-05T15:33:51.182650 #13380] ERROR -- : Player NoCo is unreachable
I, [2014-04-05T15:33:51.183317 #13380]  INFO -- : NoCo made a bet of 0 (fold) and is left with 970 chips. The pot now contains 30 chips.
I, [2014-04-05T15:33:51.189616 #13380]  INFO -- : Player R3T responded with 0 (200)
I, [2014-04-05T15:33:51.189995 #13380]  INFO -- : R3T made a bet of 0 (check) and is left with 980 chips. The pot now contains 30 chips.
I, [2014-04-05T15:33:51.190739 #13380]  INFO -- : R3T won 30
I, [2014-04-05T15:33:51.198155 #13380]  INFO -- : Player R3T responded with  (200)
I, [2014-04-05T15:33:51.201895 #13380]  INFO -- : Player Mr Bazinga responded with OK (200)
E, [2014-04-05T15:33:51.705434 #13380] ERROR -- : Net::ReadTimeout
E, [2014-04-05T15:33:51.706028 #13380] ERROR -- : Player NoCo is unreachable
I, [2014-04-05T15:33:51.706906 #13380]  INFO -- : R3T received hole_card 4 of Spades
I, [2014-04-05T15:33:51.707451 #13380]  INFO -- : Mr Bazinga received hole_card Ace of Diamonds
I, [2014-04-05T15:33:51.708022 #13380]  INFO -- : NoCo received hole_card Queen of Clubs
I, [2014-04-05T15:33:51.708663 #13380]  INFO -- : R3T received hole_card 9 of Hearts
I, [2014-04-05T15:33:51.709262 #13380]  INFO -- : Mr Bazinga received hole_card 7 of Hearts
I, [2014-04-05T15:33:51.709845 #13380]  INFO -- : NoCo received hole_card 8 of Diamonds
I, [2014-04-05T15:33:51.710818 #13380]  INFO -- : R3T made a bet of 10 (raise) and is left with 1000 chips. The pot now contains 10 chips.
I, [2014-04-05T15:33:51.711653 #13380]  INFO -- : Mr Bazinga made a bet of 20 (raise) and is left with 1000 chips. The pot now contains 30 chips.
I, [2014-04-05T15:33:51.769317 #13380]  INFO -- : Player NoCo responded with 100 (200)
I, [2014-04-05T15:33:51.769921 #13380]  INFO -- : NoCo made a bet of 100 (raise) and is left with 870 chips. The pot now contains 130 chips.
I, [2014-04-05T15:33:51.777939 #13380]  INFO -- : Player R3T responded with 0 (200)
I, [2014-04-05T15:33:51.778434 #13380]  INFO -- : R3T made a bet of 0 (fold) and is left with 1000 chips. The pot now contains 130 chips.
I, [2014-04-05T15:33:51.780989 #13380]  INFO -- : Player Mr Bazinga responded with 0 (200)
I, [2014-04-05T15:33:51.782058 #13380]  INFO -- : Mr Bazinga made a bet of 0 (fold) and is left with 1000 chips. The pot now contains 130 chips.
I, [2014-04-05T15:33:51.783054 #13380]  INFO -- : NoCo won 130
I, [2014-04-05T15:33:51.786972 #13380]  INFO -- : Player R3T responded with  (200)
I, [2014-04-05T15:33:51.788935 #13380]  INFO -- : Player Mr Bazinga responded with OK (200)
I, [2014-04-05T15:33:51.790565 #13380]  INFO -- : Player NoCo responded with  (200)
I, [2014-04-05T15:33:51.790870 #13380]  INFO -- : Mr Bazinga received hole_card 7 of Clubs
I, [2014-04-05T15:33:51.791035 #13380]  INFO -- : NoCo received hole_card 9 of Spades
I, [2014-04-05T15:33:51.791182 #13380]  INFO -- : R3T received hole_card King of Diamonds
I, [2014-04-05T15:33:51.791361 #13380]  INFO -- : Mr Bazinga received hole_card 2 of Hearts
I, [2014-04-05T15:33:51.791509 #13380]  INFO -- : NoCo received hole_card Queen of Spades
I, [2014-04-05T15:33:51.791674 #13380]  INFO -- : R3T received hole_card 3 of Clubs
I, [2014-04-05T15:33:51.791938 #13380]  INFO -- : Mr Bazinga made a bet of 10 (raise) and is left with 990 chips. The pot now contains 10 chips.
I, [2014-04-05T15:33:51.792451 #13380]  INFO -- : NoCo made a bet of 20 (raise) and is left with 980 chips. The pot now contains 30 chips.
I, [2014-04-05T15:33:51.796495 #13380]  INFO -- : Player R3T responded with 0 (200)
I, [2014-04-05T15:33:51.796963 #13380]  INFO -- : R3T made a bet of 0 (fold) and is left with 1000 chips. The pot now contains 30 chips.
I, [2014-04-05T15:33:51.810401 #13380]  INFO -- : Player Mr Bazinga responded with 0 (200)
I, [2014-04-05T15:33:51.811034 #13380]  INFO -- : Mr Bazinga made a bet of 0 (fold) and is left with 990 chips. The pot now contains 30 chips.
I, [2014-04-05T15:33:51.816317 #13380]  INFO -- : Player NoCo responded with 200 (200)
I, [2014-04-05T15:33:51.816557 #13380]  INFO -- : NoCo made a bet of 200 (raise) and is left with 780 chips. The pot now contains 230 chips.
I, [2014-04-05T15:33:51.816960 #13380]  INFO -- : NoCo won 230
I, [2014-04-05T15:33:51.820662 #13380]  INFO -- : Player R3T responded with  (200)
I, [2014-04-05T15:33:51.823061 #13380]  INFO -- : Player Mr Bazinga responded with OK (200)
I, [2014-04-05T15:33:51.826117 #13380]  INFO -- : Player NoCo responded with  (200)
I, [2014-04-05T15:33:51.826443 #13380]  INFO -- : NoCo received hole_card 2 of Clubs
I, [2014-04-05T15:33:51.826630 #13380]  INFO -- : R3T received hole_card King of Hearts
I, [2014-04-05T15:33:51.826828 #13380]  INFO -- : Mr Bazinga received hole_card Queen of Diamonds
I, [2014-04-05T15:33:51.827025 #13380]  INFO -- : NoCo received hole_card 2 of Hearts
I, [2014-04-05T15:33:51.827218 #13380]  INFO -- : R3T received hole_card Queen of Hearts
I, [2014-04-05T15:33:51.827413 #13380]  INFO -- : Mr Bazinga received hole_card Jack of Diamonds
I, [2014-04-05T15:33:51.827741 #13380]  INFO -- : NoCo made a bet of 10 (raise) and is left with 1000 chips. The pot now contains 10 chips.
I, [2014-04-05T15:33:51.828004 #13380]  INFO -- : R3T made a bet of 20 (raise) and is left with 980 chips. The pot now contains 30 chips.
I, [2014-04-05T15:33:51.831487 #13380]  INFO -- : Player Mr Bazinga responded with 230 (200)
I, [2014-04-05T15:33:51.832216 #13380]  INFO -- : Mr Bazinga made a bet of 230 (raise) and is left with 760 chips. The pot now contains 260 chips.
I, [2014-04-05T15:33:51.836501 #13380]  INFO -- : Player NoCo responded with 0 (200)
I, [2014-04-05T15:33:51.836894 #13380]  INFO -- : NoCo made a bet of 0 (fold) and is left with 1000 chips. The pot now contains 260 chips.
I, [2014-04-05T15:33:51.840946 #13380]  INFO -- : Player R3T responded with 860 (200)
I, [2014-04-05T15:33:51.841479 #13380]  INFO -- : R3T made a bet of 860 (raise) and is left with 120 chips. The pot now contains 1120 chips.
I, [2014-04-05T15:33:51.845866 #13380]  INFO -- : Player Mr Bazinga responded with 1500 (200)
I, [2014-04-05T15:33:51.846390 #13380]  INFO -- : Mr Bazinga made a bet of 760 (allin) and is left with 0 chips. The pot now contains 1880 chips.
I, [2014-04-05T15:33:51.853453 #13380]  INFO -- : Player R3T responded with 0 (200)
I, [2014-04-05T15:33:51.854009 #13380]  INFO -- : R3T made a bet of 0 (fold) and is left with 120 chips. The pot now contains 1880 chips.
I, [2014-04-05T15:33:51.854965 #13380]  INFO -- : Mr Bazinga won 1880
I, [2014-04-05T15:33:51.861278 #13380]  INFO -- : Player R3T responded with  (200)
I, [2014-04-05T15:33:51.864254 #13380]  INFO -- : Player Mr Bazinga responded with OK (200)
I, [2014-04-05T15:33:51.868540 #13380]  INFO -- : Player NoCo responded with  (200)
I, [2014-04-05T15:33:51.869260 #13380]  INFO -- : R3T received hole_card 10 of Hearts
I, [2014-04-05T15:33:51.869530 #13380]  INFO -- : Mr Bazinga received hole_card Jack of Hearts
I, [2014-04-05T15:33:51.869774 #13380]  INFO -- : NoCo received hole_card 2 of Diamonds
I, [2014-04-05T15:33:51.870039 #13380]  INFO -- : R3T received hole_card 7 of Hearts
I, [2014-04-05T15:33:51.870307 #13380]  INFO -- : Mr Bazinga received hole_card 7 of Clubs
I, [2014-04-05T15:33:51.870535 #13380]  INFO -- : NoCo received hole_card 3 of Spades
I, [2014-04-05T15:33:51.870913 #13380]  INFO -- : R3T made a bet of 10 (raise) and is left with 110 chips. The pot now contains 10 chips.
I, [2014-04-05T15:33:51.871243 #13380]  INFO -- : Mr Bazinga made a bet of 20 (raise) and is left with 1860 chips. The pot now contains 30 chips.
I, [2014-04-05T15:33:51.875645 #13380]  INFO -- : Player NoCo responded with 0 (200)
I, [2014-04-05T15:33:51.876757 #13380]  INFO -- : NoCo made a bet of 0 (fold) and is left with 1000 chips. The pot now contains 30 chips.
I, [2014-04-05T15:33:51.879793 #13380]  INFO -- : Player R3T responded with 40 (200)
I, [2014-04-05T15:33:51.880181 #13380]  INFO -- : R3T made a bet of 40 (raise) and is left with 70 chips. The pot now contains 70 chips.
I, [2014-04-05T15:33:51.884496 #13380]  INFO -- : Player Mr Bazinga responded with 0 (200)
I, [2014-04-05T15:33:51.884920 #13380]  INFO -- : Mr Bazinga made a bet of 0 (fold) and is left with 1860 chips. The pot now contains 70 chips.
I, [2014-04-05T15:33:51.886031 #13380]  INFO -- : R3T won 70
I, [2014-04-05T15:33:51.890976 #13380]  INFO -- : Player R3T responded with  (200)
I, [2014-04-05T15:33:51.896511 #13380]  INFO -- : Player Mr Bazinga responded with OK (200)
I, [2014-04-05T15:33:51.899227 #13380]  INFO -- : Player NoCo responded with  (200)
I, [2014-04-05T15:33:51.899710 #13380]  INFO -- : Mr Bazinga received hole_card Jack of Clubs
I, [2014-04-05T15:33:51.899924 #13380]  INFO -- : NoCo received hole_card 7 of Spades
I, [2014-04-05T15:33:51.900154 #13380]  INFO -- : R3T received hole_card 2 of Diamonds
I, [2014-04-05T15:33:51.900386 #13380]  INFO -- : Mr Bazinga received hole_card 6 of Diamonds
I, [2014-04-05T15:33:51.900618 #13380]  INFO -- : NoCo received hole_card Ace of Spades
I, [2014-04-05T15:33:51.900921 #13380]  INFO -- : R3T received hole_card 7 of Clubs
I, [2014-04-05T15:33:51.901655 #13380]  INFO -- : Mr Bazinga made a bet of 10 (raise) and is left with 1850 chips. The pot now contains 10 chips.
I, [2014-04-05T15:33:51.902383 #13380]  INFO -- : NoCo made a bet of 20 (raise) and is left with 980 chips. The pot now contains 30 chips.
I, [2014-04-05T15:33:51.909874 #13380]  INFO -- : Player R3T responded with 0 (200)
I, [2014-04-05T15:33:51.910126 #13380]  INFO -- : R3T made a bet of 0 (fold) and is left with 140 chips. The pot now contains 30 chips.
I, [2014-04-05T15:33:51.912623 #13380]  INFO -- : Player Mr Bazinga responded with 0 (200)
I, [2014-04-05T15:33:51.913141 #13380]  INFO -- : Mr Bazinga made a bet of 0 (fold) and is left with 1850 chips. The pot now contains 30 chips.
I, [2014-04-05T15:33:51.918859 #13380]  INFO -- : Player NoCo responded with 200 (200)
I, [2014-04-05T15:33:51.919721 #13380]  INFO -- : NoCo made a bet of 200 (raise) and is left with 780 chips. The pot now contains 230 chips.
I, [2014-04-05T15:33:51.921447 #13380]  INFO -- : NoCo won 230
I, [2014-04-05T15:33:51.927123 #13380]  INFO -- : Player R3T responded with  (200)
I, [2014-04-05T15:33:51.931379 #13380]  INFO -- : Player Mr Bazinga responded with OK (200)
I, [2014-04-05T15:33:51.934444 #13380]  INFO -- : Player NoCo responded with  (200)
I, [2014-04-05T15:33:51.934922 #13380]  INFO -- : NoCo received hole_card Jack of Spades
I, [2014-04-05T15:33:51.935300 #13380]  INFO -- : R3T received hole_card 2 of Hearts
I, [2014-04-05T15:33:51.936926 #13380]  INFO -- : Mr Bazinga received hole_card Ace of Diamonds
I, [2014-04-05T15:33:51.937514 #13380]  INFO -- : NoCo received hole_card Queen of Clubs
I, [2014-04-05T15:33:51.938013 #13380]  INFO -- : R3T received hole_card 7 of Hearts
I, [2014-04-05T15:33:51.938383 #13380]  INFO -- : Mr Bazinga received hole_card 4 of Clubs
I, [2014-04-05T15:33:51.938883 #13380]  INFO -- : NoCo made a bet of 10 (raise) and is left with 1000 chips. The pot now contains 10 chips.
I, [2014-04-05T15:33:51.939281 #13380]  INFO -- : R3T made a bet of 20 (raise) and is left with 120 chips. The pot now contains 30 chips.
I, [2014-04-05T15:33:51.941278 #13380]  INFO -- : Player Mr Bazinga responded with 0 (200)
I, [2014-04-05T15:33:51.941601 #13380]  INFO -- : Mr Bazinga made a bet of 0 (fold) and is left with 1850 chips. The pot now contains 30 chips.
I, [2014-04-05T15:33:51.943464 #13380]  INFO -- : Player NoCo responded with 200 (200)
I, [2014-04-05T15:33:51.943758 #13380]  INFO -- : NoCo made a bet of 200 (raise) and is left with 800 chips. The pot now contains 230 chips.
I, [2014-04-05T15:33:51.946272 #13380]  INFO -- : Player R3T responded with 0 (200)
I, [2014-04-05T15:33:51.946600 #13380]  INFO -- : R3T made a bet of 0 (fold) and is left with 120 chips. The pot now contains 230 chips.
I, [2014-04-05T15:33:51.947722 #13380]  INFO -- : NoCo won 230
I, [2014-04-05T15:33:51.953332 #13380]  INFO -- : Player R3T responded with  (200)
I, [2014-04-05T15:33:51.956352 #13380]  INFO -- : Player Mr Bazinga responded with OK (200)
I, [2014-04-05T15:33:51.958034 #13380]  INFO -- : Player NoCo responded with  (200)
I, [2014-04-05T15:33:51.958350 #13380]  INFO -- : R3T received hole_card 9 of Clubs
I, [2014-04-05T15:33:51.958532 #13380]  INFO -- : Mr Bazinga received hole_card 5 of Diamonds
I, [2014-04-05T15:33:51.958716 #13380]  INFO -- : NoCo received hole_card 10 of Clubs
I, [2014-04-05T15:33:51.958876 #13380]  INFO -- : R3T received hole_card 6 of Clubs
I, [2014-04-05T15:33:51.959063 #13380]  INFO -- : Mr Bazinga received hole_card Queen of Diamonds
I, [2014-04-05T15:33:51.959246 #13380]  INFO -- : NoCo received hole_card 3 of Diamonds
I, [2014-04-05T15:33:51.959577 #13380]  INFO -- : R3T made a bet of 10 (raise) and is left with 110 chips. The pot now contains 10 chips.
I, [2014-04-05T15:33:51.959862 #13380]  INFO -- : Mr Bazinga made a bet of 20 (raise) and is left with 1830 chips. The pot now contains 30 chips.
I, [2014-04-05T15:33:51.962377 #13380]  INFO -- : Player NoCo responded with 0 (200)
I, [2014-04-05T15:33:51.962606 #13380]  INFO -- : NoCo made a bet of 0 (fold) and is left with 1030 chips. The pot now contains 30 chips.
I, [2014-04-05T15:33:51.965033 #13380]  INFO -- : Player R3T responded with 40 (200)
I, [2014-04-05T15:33:51.965310 #13380]  INFO -- : R3T made a bet of 40 (raise) and is left with 70 chips. The pot now contains 70 chips.
I, [2014-04-05T15:33:51.967668 #13380]  INFO -- : Player Mr Bazinga responded with 30 (200)
I, [2014-04-05T15:33:51.968178 #13380]  INFO -- : Mr Bazinga made a bet of 30 (call) and is left with 1800 chips. The pot now contains 100 chips.
I, [2014-04-05T15:33:51.968653 #13380]  INFO -- : community card King of Clubs
I, [2014-04-05T15:33:51.969697 #13380]  INFO -- : community card 9 of Hearts
I, [2014-04-05T15:33:51.970213 #13380]  INFO -- : community card 10 of Spades
I, [2014-04-05T15:33:52.005160 #13380]  INFO -- : Player R3T responded with 70 (200)
I, [2014-04-05T15:33:52.005517 #13380]  INFO -- : R3T made a bet of 70 (allin) and is left with 0 chips. The pot now contains 170 chips.
I, [2014-04-05T15:33:52.017650 #13380]  INFO -- : Player Mr Bazinga responded with 70 (200)
I, [2014-04-05T15:33:52.018259 #13380]  INFO -- : Mr Bazinga made a bet of 70 (call) and is left with 1730 chips. The pot now contains 240 chips.
I, [2014-04-05T15:33:52.018945 #13380]  INFO -- : community card Queen of Clubs
I, [2014-04-05T15:33:52.019308 #13380]  INFO -- : community card 3 of Hearts
I, [2014-04-05T15:33:52.020347 #13380]  INFO -- : R3T showed 9 of Clubs,9 of Hearts,10 of Spades,Queen of Clubs,King of Clubs making a pair
I, [2014-04-05T15:33:52.021575 #13380]  INFO -- : Mr Bazinga showed 9 of Hearts,10 of Spades,Queen of Diamonds,Queen of Clubs,King of Clubs making a pair
I, [2014-04-05T15:33:52.022221 #13380]  INFO -- : Mr Bazinga won 240
I, [2014-04-05T15:33:52.027962 #13380]  INFO -- : Player R3T responded with  (200)
I, [2014-04-05T15:33:52.032479 #13380]  INFO -- : Player Mr Bazinga responded with OK (200)
I, [2014-04-05T15:33:52.035248 #13380]  INFO -- : Player NoCo responded with  (200)
I, [2014-04-05T15:33:52.035714 #13380]  INFO -- : NoCo received hole_card 3 of Clubs
I, [2014-04-05T15:33:52.035984 #13380]  INFO -- : Mr Bazinga received hole_card Ace of Spades
I, [2014-04-05T15:33:52.036284 #13380]  INFO -- : NoCo received hole_card 8 of Spades
I, [2014-04-05T15:33:52.036545 #13380]  INFO -- : Mr Bazinga received hole_card 4 of Hearts
I, [2014-04-05T15:33:52.037013 #13380]  INFO -- : NoCo made a bet of 20 (raise) and is left with 1010 chips. The pot now contains 20 chips.
I, [2014-04-05T15:33:52.037414 #13380]  INFO -- : Mr Bazinga made a bet of 40 (raise) and is left with 1930 chips. The pot now contains 60 chips.
I, [2014-04-05T15:33:52.040710 #13380]  INFO -- : Player NoCo responded with 0 (200)
I, [2014-04-05T15:33:52.041026 #13380]  INFO -- : NoCo made a bet of 0 (fold) and is left with 1010 chips. The pot now contains 60 chips.
I, [2014-04-05T15:33:52.041585 #13380]  INFO -- : Mr Bazinga won 60
I, [2014-04-05T15:33:52.044589 #13380]  INFO -- : Player R3T responded with  (200)
I, [2014-04-05T15:33:52.054272 #13380]  INFO -- : Player Mr Bazinga responded with OK (200)
I, [2014-04-05T15:33:52.056334 #13380]  INFO -- : Player NoCo responded with  (200)
I, [2014-04-05T15:33:52.056628 #13380]  INFO -- : Mr Bazinga received hole_card 6 of Spades
I, [2014-04-05T15:33:52.056793 #13380]  INFO -- : NoCo received hole_card 3 of Diamonds
I, [2014-04-05T15:33:52.056964 #13380]  INFO -- : Mr Bazinga received hole_card Queen of Spades
I, [2014-04-05T15:33:52.057121 #13380]  INFO -- : NoCo received hole_card 7 of Clubs
I, [2014-04-05T15:33:52.057378 #13380]  INFO -- : Mr Bazinga made a bet of 20 (raise) and is left with 1970 chips. The pot now contains 20 chips.
I, [2014-04-05T15:33:52.057600 #13380]  INFO -- : NoCo made a bet of 40 (raise) and is left with 970 chips. The pot now contains 60 chips.
I, [2014-04-05T15:33:52.059339 #13380]  INFO -- : Player Mr Bazinga responded with 20 (200)
I, [2014-04-05T15:33:52.059611 #13380]  INFO -- : Mr Bazinga made a bet of 20 (call) and is left with 1950 chips. The pot now contains 80 chips.
I, [2014-04-05T15:33:52.061304 #13380]  INFO -- : Player NoCo responded with 0 (200)
I, [2014-04-05T15:33:52.061524 #13380]  INFO -- : NoCo made a bet of 0 (check) and is left with 970 chips. The pot now contains 80 chips.
I, [2014-04-05T15:33:52.061761 #13380]  INFO -- : community card 6 of Hearts
I, [2014-04-05T15:33:52.062029 #13380]  INFO -- : community card 5 of Hearts
I, [2014-04-05T15:33:52.062326 #13380]  INFO -- : community card 3 of Hearts
I, [2014-04-05T15:33:52.081461 #13380]  INFO -- : Player Mr Bazinga responded with 0 (200)
I, [2014-04-05T15:33:52.081930 #13380]  INFO -- : Mr Bazinga made a bet of 0 (check) and is left with 1950 chips. The pot now contains 80 chips.
E, [2014-04-05T15:33:52.584721 #13380] ERROR -- : Net::ReadTimeout
E, [2014-04-05T15:33:52.585035 #13380] ERROR -- : Player NoCo is unreachable
I, [2014-04-05T15:33:52.585518 #13380]  INFO -- : NoCo made a bet of 0 (check) and is left with 970 chips. The pot now contains 80 chips.
I, [2014-04-05T15:33:52.586224 #13380]  INFO -- : community card 10 of Spades
I, [2014-04-05T15:33:52.667773 #13380]  INFO -- : Player Mr Bazinga responded with 0 (200)
I, [2014-04-05T15:33:52.668011 #13380]  INFO -- : Mr Bazinga made a bet of 0 (check) and is left with 1950 chips. The pot now contains 80 chips.
E, [2014-04-05T15:33:53.170982 #13380] ERROR -- : Net::ReadTimeout
E, [2014-04-05T15:33:53.171304 #13380] ERROR -- : Player NoCo is unreachable
I, [2014-04-05T15:33:53.171991 #13380]  INFO -- : NoCo made a bet of 0 (check) and is left with 970 chips. The pot now contains 80 chips.
I, [2014-04-05T15:33:53.172750 #13380]  INFO -- : community card 4 of Diamonds
I, [2014-04-05T15:33:53.371138 #13380]  INFO -- : Player Mr Bazinga responded with 0 (200)
I, [2014-04-05T15:33:53.371883 #13380]  INFO -- : Mr Bazinga made a bet of 0 (check) and is left with 1950 chips. The pot now contains 80 chips.
E, [2014-04-05T15:33:53.875660 #13380] ERROR -- : Net::ReadTimeout
E, [2014-04-05T15:33:53.875781 #13380] ERROR -- : Player NoCo is unreachable
I, [2014-04-05T15:33:53.875929 #13380]  INFO -- : NoCo made a bet of 0 (check) and is left with 970 chips. The pot now contains 80 chips.
I, [2014-04-05T15:33:53.876433 #13380]  INFO -- : Mr Bazinga showed 5 of Hearts,6 of Hearts,6 of Spades,10 of Spades,Queen of Spades making a pair
I, [2014-04-05T15:33:53.876826 #13380]  INFO -- : NoCo showed 3 of Diamonds,4 of Diamonds,5 of Hearts,6 of Hearts,7 of Clubs making a straight
I, [2014-04-05T15:33:53.877057 #13380]  INFO -- : NoCo won 80
I, [2014-04-05T15:33:53.881743 #13380]  INFO -- : Player R3T responded with  (200)
I, [2014-04-05T15:33:53.887616 #13380]  INFO -- : Player Mr Bazinga responded with OK (200)
E, [2014-04-05T15:33:54.389707 #13380] ERROR -- : Net::ReadTimeout
E, [2014-04-05T15:33:54.389833 #13380] ERROR -- : Player NoCo is unreachable
I, [2014-04-05T15:33:54.390118 #13380]  INFO -- : NoCo received hole_card 10 of Diamonds
I, [2014-04-05T15:33:54.390291 #13380]  INFO -- : Mr Bazinga received hole_card 10 of Clubs
I, [2014-04-05T15:33:54.390456 #13380]  INFO -- : NoCo received hole_card 2 of Hearts
I, [2014-04-05T15:33:54.390616 #13380]  INFO -- : Mr Bazinga received hole_card 4 of Diamonds
I, [2014-04-05T15:33:54.390899 #13380]  INFO -- : NoCo made a bet of 20 (raise) and is left with 1030 chips. The pot now contains 20 chips.
I, [2014-04-05T15:33:54.391122 #13380]  INFO -- : Mr Bazinga made a bet of 40 (raise) and is left with 1910 chips. The pot now contains 60 chips.
E, [2014-04-05T15:33:54.892983 #13380] ERROR -- : Net::ReadTimeout
E, [2014-04-05T15:33:54.893109 #13380] ERROR -- : Player NoCo is unreachable
I, [2014-04-05T15:33:54.893275 #13380]  INFO -- : NoCo made a bet of 0 (fold) and is left with 1030 chips. The pot now contains 60 chips.
I, [2014-04-05T15:33:54.893681 #13380]  INFO -- : Mr Bazinga won 60
I, [2014-04-05T15:33:54.896182 #13380]  INFO -- : Player R3T responded with  (200)
I, [2014-04-05T15:33:54.897939 #13380]  INFO -- : Player Mr Bazinga responded with OK (200)
I, [2014-04-05T15:33:55.351970 #13380]  INFO -- : Player NoCo responded with  (200)
I, [2014-04-05T15:33:55.352983 #13380]  INFO -- : Mr Bazinga received hole_card 5 of Diamonds
I, [2014-04-05T15:33:55.353558 #13380]  INFO -- : NoCo received hole_card 2 of Spades
I, [2014-04-05T15:33:55.354154 #13380]  INFO -- : Mr Bazinga received hole_card 9 of Spades
I, [2014-04-05T15:33:55.354703 #13380]  INFO -- : NoCo received hole_card Ace of Clubs
I, [2014-04-05T15:33:55.355555 #13380]  INFO -- : Mr Bazinga made a bet of 20 (raise) and is left with 1950 chips. The pot now contains 20 chips.
I, [2014-04-05T15:33:55.356456 #13380]  INFO -- : NoCo made a bet of 40 (raise) and is left with 990 chips. The pot now contains 60 chips.
I, [2014-04-05T15:33:55.363147 #13380]  INFO -- : Player Mr Bazinga responded with 0 (200)
I, [2014-04-05T15:33:55.363819 #13380]  INFO -- : Mr Bazinga made a bet of 0 (fold) and is left with 1950 chips. The pot now contains 60 chips.
I, [2014-04-05T15:33:55.369277 #13380]  INFO -- : Player NoCo responded with 0 (200)
I, [2014-04-05T15:33:55.369926 #13380]  INFO -- : NoCo made a bet of 0 (check) and is left with 990 chips. The pot now contains 60 chips.
I, [2014-04-05T15:33:55.371208 #13380]  INFO -- : NoCo won 60
I, [2014-04-05T15:33:55.374476 #13380]  INFO -- : Player R3T responded with  (200)
I, [2014-04-05T15:33:55.377784 #13380]  INFO -- : Player Mr Bazinga responded with OK (200)
I, [2014-04-05T15:33:55.382782 #13380]  INFO -- : Player NoCo responded with  (200)
I, [2014-04-05T15:33:55.383809 #13380]  INFO -- : NoCo received hole_card King of Hearts
I, [2014-04-05T15:33:55.384479 #13380]  INFO -- : Mr Bazinga received hole_card 5 of Hearts
I, [2014-04-05T15:33:55.385127 #13380]  INFO -- : NoCo received hole_card 6 of Clubs
I, [2014-04-05T15:33:55.385734 #13380]  INFO -- : Mr Bazinga received hole_card 2 of Diamonds
I, [2014-04-05T15:33:55.386762 #13380]  INFO -- : NoCo made a bet of 20 (raise) and is left with 1030 chips. The pot now contains 20 chips.
I, [2014-04-05T15:33:55.387550 #13380]  INFO -- : Mr Bazinga made a bet of 40 (raise) and is left with 1910 chips. The pot now contains 60 chips.
I, [2014-04-05T15:33:55.391885 #13380]  INFO -- : Player NoCo responded with 100 (200)
I, [2014-04-05T15:33:55.392114 #13380]  INFO -- : NoCo made a bet of 100 (raise) and is left with 930 chips. The pot now contains 160 chips.
I, [2014-04-05T15:33:55.395497 #13380]  INFO -- : Player Mr Bazinga responded with 0 (200)
I, [2014-04-05T15:33:55.395784 #13380]  INFO -- : Mr Bazinga made a bet of 0 (fold) and is left with 1910 chips. The pot now contains 160 chips.
I, [2014-04-05T15:33:55.396910 #13380]  INFO -- : NoCo won 160
I, [2014-04-05T15:33:55.403145 #13380]  INFO -- : Player R3T responded with  (200)
I, [2014-04-05T15:33:55.408717 #13380]  INFO -- : Player Mr Bazinga responded with OK (200)
I, [2014-04-05T15:33:55.413830 #13380]  INFO -- : Player NoCo responded with  (200)
I, [2014-04-05T15:33:55.414876 #13380]  INFO -- : Mr Bazinga received hole_card 3 of Diamonds
I, [2014-04-05T15:33:55.415491 #13380]  INFO -- : NoCo received hole_card Queen of Clubs
I, [2014-04-05T15:33:55.416035 #13380]  INFO -- : Mr Bazinga received hole_card 8 of Diamonds
I, [2014-04-05T15:33:55.416419 #13380]  INFO -- : NoCo received hole_card 5 of Hearts
I, [2014-04-05T15:33:55.416701 #13380]  INFO -- : Mr Bazinga made a bet of 20 (raise) and is left with 1890 chips. The pot now contains 20 chips.
I, [2014-04-05T15:33:55.416960 #13380]  INFO -- : NoCo made a bet of 40 (raise) and is left with 1050 chips. The pot now contains 60 chips.
I, [2014-04-05T15:33:55.418460 #13380]  INFO -- : Player Mr Bazinga responded with 20 (200)
I, [2014-04-05T15:33:55.418703 #13380]  INFO -- : Mr Bazinga made a bet of 20 (call) and is left with 1870 chips. The pot now contains 80 chips.
I, [2014-04-05T15:33:55.421904 #13380]  INFO -- : Player NoCo responded with 100 (200)
I, [2014-04-05T15:33:55.422078 #13380]  INFO -- : NoCo made a bet of 100 (raise) and is left with 950 chips. The pot now contains 180 chips.
I, [2014-04-05T15:33:55.423511 #13380]  INFO -- : Player Mr Bazinga responded with 100 (200)
I, [2014-04-05T15:33:55.423724 #13380]  INFO -- : Mr Bazinga made a bet of 100 (call) and is left with 1770 chips. The pot now contains 280 chips.
I, [2014-04-05T15:33:55.423932 #13380]  INFO -- : community card 10 of Diamonds
I, [2014-04-05T15:33:55.424100 #13380]  INFO -- : community card King of Spades
I, [2014-04-05T15:33:55.424277 #13380]  INFO -- : community card 3 of Spades
I, [2014-04-05T15:33:55.520427 #13380]  INFO -- : Player Mr Bazinga responded with 0 (200)
I, [2014-04-05T15:33:55.520782 #13380]  INFO -- : Mr Bazinga made a bet of 0 (check) and is left with 1770 chips. The pot now contains 280 chips.
E, [2014-04-05T15:33:56.022719 #13380] ERROR -- : Net::ReadTimeout
E, [2014-04-05T15:33:56.023047 #13380] ERROR -- : Player NoCo is unreachable
I, [2014-04-05T15:33:56.023621 #13380]  INFO -- : NoCo made a bet of 0 (check) and is left with 950 chips. The pot now contains 280 chips.
I, [2014-04-05T15:33:56.024334 #13380]  INFO -- : community card 8 of Clubs
I, [2014-04-05T15:33:56.423428 #13380]  INFO -- : Player Mr Bazinga responded with 240 (200)
I, [2014-04-05T15:33:56.424087 #13380]  INFO -- : Mr Bazinga made a bet of 240 (raise) and is left with 1530 chips. The pot now contains 520 chips.
E, [2014-04-05T15:33:56.927805 #13380] ERROR -- : Net::ReadTimeout
E, [2014-04-05T15:33:56.928565 #13380] ERROR -- : Player NoCo is unreachable
I, [2014-04-05T15:33:56.928960 #13380]  INFO -- : NoCo made a bet of 0 (fold) and is left with 950 chips. The pot now contains 520 chips.
I, [2014-04-05T15:33:56.929752 #13380]  INFO -- : Mr Bazinga won 520
I, [2014-04-05T15:33:56.932833 #13380]  INFO -- : Player R3T responded with  (200)
I, [2014-04-05T15:33:56.934646 #13380]  INFO -- : Player Mr Bazinga responded with OK (200)
E, [2014-04-05T15:33:57.436554 #13380] ERROR -- : Net::ReadTimeout
E, [2014-04-05T15:33:57.436915 #13380] ERROR -- : Player NoCo is unreachable
I, [2014-04-05T15:33:57.437776 #13380]  INFO -- : NoCo received hole_card 2 of Diamonds
I, [2014-04-05T15:33:57.438541 #13380]  INFO -- : Mr Bazinga received hole_card 7 of Diamonds
I, [2014-04-05T15:33:57.439090 #13380]  INFO -- : NoCo received hole_card King of Clubs
I, [2014-04-05T15:33:57.439680 #13380]  INFO -- : Mr Bazinga received hole_card 9 of Spades
I, [2014-04-05T15:33:57.440602 #13380]  INFO -- : NoCo made a bet of 20 (raise) and is left with 930 chips. The pot now contains 20 chips.
I, [2014-04-05T15:33:57.441453 #13380]  INFO -- : Mr Bazinga made a bet of 40 (raise) and is left with 2010 chips. The pot now contains 60 chips.
I, [2014-04-05T15:33:57.688954 #13380]  INFO -- : Player NoCo responded with 0 (200)
I, [2014-04-05T15:33:57.689528 #13380]  INFO -- : NoCo made a bet of 0 (fold) and is left with 930 chips. The pot now contains 60 chips.
I, [2014-04-05T15:33:57.690688 #13380]  INFO -- : Mr Bazinga won 60
I, [2014-04-05T15:33:57.697150 #13380]  INFO -- : Player R3T responded with  (200)
I, [2014-04-05T15:33:57.702179 #13380]  INFO -- : Player Mr Bazinga responded with OK (200)
I, [2014-04-05T15:33:57.707238 #13380]  INFO -- : Player NoCo responded with  (200)
I, [2014-04-05T15:33:57.708326 #13380]  INFO -- : Mr Bazinga received hole_card 3 of Hearts
I, [2014-04-05T15:33:57.708995 #13380]  INFO -- : NoCo received hole_card 3 of Spades
I, [2014-04-05T15:33:57.709717 #13380]  INFO -- : Mr Bazinga received hole_card 10 of Hearts
I, [2014-04-05T15:33:57.710428 #13380]  INFO -- : NoCo received hole_card 9 of Clubs
I, [2014-04-05T15:33:57.711937 #13380]  INFO -- : Mr Bazinga made a bet of 20 (raise) and is left with 2050 chips. The pot now contains 20 chips.
I, [2014-04-05T15:33:57.713305 #13380]  INFO -- : NoCo made a bet of 40 (raise) and is left with 890 chips. The pot now contains 60 chips.
I, [2014-04-05T15:33:57.716333 #13380]  INFO -- : Player Mr Bazinga responded with 20 (200)
I, [2014-04-05T15:33:57.716750 #13380]  INFO -- : Mr Bazinga made a bet of 20 (call) and is left with 2030 chips. The pot now contains 80 chips.
I, [2014-04-05T15:33:57.722131 #13380]  INFO -- : Player NoCo responded with 0 (200)
I, [2014-04-05T15:33:57.722868 #13380]  INFO -- : NoCo made a bet of 0 (check) and is left with 890 chips. The pot now contains 80 chips.
I, [2014-04-05T15:33:57.723574 #13380]  INFO -- : community card 7 of Diamonds
I, [2014-04-05T15:33:57.724250 #13380]  INFO -- : community card 6 of Hearts
I, [2014-04-05T15:33:57.724920 #13380]  INFO -- : community card Jack of Diamonds
I, [2014-04-05T15:33:57.744770 #13380]  INFO -- : Player Mr Bazinga responded with 0 (200)
I, [2014-04-05T15:33:57.745851 #13380]  INFO -- : Mr Bazinga made a bet of 0 (check) and is left with 2030 chips. The pot now contains 80 chips.
E, [2014-04-05T15:33:58.249314 #13380] ERROR -- : Net::ReadTimeout
E, [2014-04-05T15:33:58.249703 #13380] ERROR -- : Player NoCo is unreachable
I, [2014-04-05T15:33:58.250898 #13380]  INFO -- : NoCo made a bet of 0 (check) and is left with 890 chips. The pot now contains 80 chips.
I, [2014-04-05T15:33:58.251619 #13380]  INFO -- : community card 4 of Hearts
I, [2014-04-05T15:33:58.303880 #13380]  INFO -- : Player Mr Bazinga responded with 0 (200)
I, [2014-04-05T15:33:58.304493 #13380]  INFO -- : Mr Bazinga made a bet of 0 (check) and is left with 2030 chips. The pot now contains 80 chips.
E, [2014-04-05T15:33:58.808296 #13380] ERROR -- : Net::ReadTimeout
E, [2014-04-05T15:33:58.808458 #13380] ERROR -- : Player NoCo is unreachable
I, [2014-04-05T15:33:58.808698 #13380]  INFO -- : NoCo made a bet of 0 (check) and is left with 890 chips. The pot now contains 80 chips.
I, [2014-04-05T15:33:58.809266 #13380]  INFO -- : community card 5 of Clubs
I, [2014-04-05T15:33:58.934051 #13380]  INFO -- : Player Mr Bazinga responded with 240 (200)
I, [2014-04-05T15:33:58.934858 #13380]  INFO -- : Mr Bazinga made a bet of 240 (raise) and is left with 1790 chips. The pot now contains 320 chips.
E, [2014-04-05T15:33:59.438487 #13380] ERROR -- : Net::ReadTimeout
E, [2014-04-05T15:33:59.438611 #13380] ERROR -- : Player NoCo is unreachable
I, [2014-04-05T15:33:59.438785 #13380]  INFO -- : NoCo made a bet of 0 (fold) and is left with 890 chips. The pot now contains 320 chips.
I, [2014-04-05T15:33:59.439139 #13380]  INFO -- : Mr Bazinga won 320
I, [2014-04-05T15:33:59.441520 #13380]  INFO -- : Player R3T responded with  (200)
I, [2014-04-05T15:33:59.443239 #13380]  INFO -- : Player Mr Bazinga responded with OK (200)
E, [2014-04-05T15:33:59.944935 #13380] ERROR -- : Net::ReadTimeout
E, [2014-04-05T15:33:59.945061 #13380] ERROR -- : Player NoCo is unreachable
I, [2014-04-05T15:33:59.945323 #13380]  INFO -- : NoCo received hole_card 7 of Diamonds
I, [2014-04-05T15:33:59.945478 #13380]  INFO -- : Mr Bazinga received hole_card 2 of Hearts
I, [2014-04-05T15:33:59.945636 #13380]  INFO -- : NoCo received hole_card 2 of Spades
I, [2014-04-05T15:33:59.945784 #13380]  INFO -- : Mr Bazinga received hole_card 9 of Clubs
I, [2014-04-05T15:33:59.946036 #13380]  INFO -- : NoCo made a bet of 20 (raise) and is left with 870 chips. The pot now contains 20 chips.
I, [2014-04-05T15:33:59.946272 #13380]  INFO -- : Mr Bazinga made a bet of 40 (raise) and is left with 2070 chips. The pot now contains 60 chips.
E, [2014-04-05T15:34:00.448176 #13380] ERROR -- : Net::ReadTimeout
E, [2014-04-05T15:34:00.448492 #13380] ERROR -- : Player NoCo is unreachable
I, [2014-04-05T15:34:00.448958 #13380]  INFO -- : NoCo made a bet of 0 (fold) and is left with 870 chips. The pot now contains 60 chips.
I, [2014-04-05T15:34:00.450167 #13380]  INFO -- : Mr Bazinga won 60
I, [2014-04-05T15:34:00.457013 #13380]  INFO -- : Player R3T responded with  (200)
I, [2014-04-05T15:34:00.461638 #13380]  INFO -- : Player Mr Bazinga responded with OK (200)
E, [2014-04-05T15:34:00.965347 #13380] ERROR -- : Net::ReadTimeout
E, [2014-04-05T15:34:00.965845 #13380] ERROR -- : Player NoCo is unreachable
I, [2014-04-05T15:34:00.966767 #13380]  INFO -- : Mr Bazinga received hole_card 8 of Spades
I, [2014-04-05T15:34:00.967386 #13380]  INFO -- : NoCo received hole_card 8 of Hearts
I, [2014-04-05T15:34:00.968007 #13380]  INFO -- : Mr Bazinga received hole_card 9 of Hearts
I, [2014-04-05T15:34:00.968769 #13380]  INFO -- : NoCo received hole_card 3 of Diamonds
I, [2014-04-05T15:34:00.969694 #13380]  INFO -- : Mr Bazinga made a bet of 40 (raise) and is left with 2090 chips. The pot now contains 40 chips.
I, [2014-04-05T15:34:00.970534 #13380]  INFO -- : NoCo made a bet of 80 (raise) and is left with 790 chips. The pot now contains 120 chips.
I, [2014-04-05T15:34:00.975294 #13380]  INFO -- : Player Mr Bazinga responded with 0 (200)
I, [2014-04-05T15:34:00.975997 #13380]  INFO -- : Mr Bazinga made a bet of 0 (fold) and is left with 2090 chips. The pot now contains 120 chips.
I, [2014-04-05T15:34:00.982761 #13380]  INFO -- : Player NoCo responded with 0 (200)
I, [2014-04-05T15:34:00.983053 #13380]  INFO -- : NoCo made a bet of 0 (check) and is left with 790 chips. The pot now contains 120 chips.
I, [2014-04-05T15:34:00.984249 #13380]  INFO -- : NoCo won 120
I, [2014-04-05T15:34:00.986369 #13380]  INFO -- : Player R3T responded with  (200)
I, [2014-04-05T15:34:00.987757 #13380]  INFO -- : Player Mr Bazinga responded with OK (200)
I, [2014-04-05T15:34:00.990333 #13380]  INFO -- : Player NoCo responded with  (200)
I, [2014-04-05T15:34:00.991127 #13380]  INFO -- : NoCo received hole_card 8 of Hearts
I, [2014-04-05T15:34:00.991488 #13380]  INFO -- : Mr Bazinga received hole_card 10 of Diamonds
I, [2014-04-05T15:34:00.991975 #13380]  INFO -- : NoCo received hole_card 6 of Diamonds
I, [2014-04-05T15:34:00.992152 #13380]  INFO -- : Mr Bazinga received hole_card King of Clubs
I, [2014-04-05T15:34:00.992439 #13380]  INFO -- : NoCo made a bet of 40 (raise) and is left with 870 chips. The pot now contains 40 chips.
I, [2014-04-05T15:34:00.992710 #13380]  INFO -- : Mr Bazinga made a bet of 80 (raise) and is left with 2010 chips. The pot now contains 120 chips.
I, [2014-04-05T15:34:00.995153 #13380]  INFO -- : Player NoCo responded with 0 (200)
I, [2014-04-05T15:34:00.995538 #13380]  INFO -- : NoCo made a bet of 0 (fold) and is left with 870 chips. The pot now contains 120 chips.
I, [2014-04-05T15:34:00.996246 #13380]  INFO -- : Mr Bazinga won 120
I, [2014-04-05T15:34:00.999928 #13380]  INFO -- : Player R3T responded with  (200)
I, [2014-04-05T15:34:01.003460 #13380]  INFO -- : Player Mr Bazinga responded with OK (200)
I, [2014-04-05T15:34:01.006034 #13380]  INFO -- : Player NoCo responded with  (200)
I, [2014-04-05T15:34:01.006935 #13380]  INFO -- : Mr Bazinga received hole_card 4 of Hearts
I, [2014-04-05T15:34:01.007535 #13380]  INFO -- : NoCo received hole_card Jack of Spades
I, [2014-04-05T15:34:01.008068 #13380]  INFO -- : Mr Bazinga received hole_card 7 of Hearts
I, [2014-04-05T15:34:01.008671 #13380]  INFO -- : NoCo received hole_card Ace of Spades
I, [2014-04-05T15:34:01.009526 #13380]  INFO -- : Mr Bazinga made a bet of 40 (raise) and is left with 2090 chips. The pot now contains 40 chips.
I, [2014-04-05T15:34:01.010378 #13380]  INFO -- : NoCo made a bet of 80 (raise) and is left with 790 chips. The pot now contains 120 chips.
I, [2014-04-05T15:34:01.013534 #13380]  INFO -- : Player Mr Bazinga responded with 0 (200)
I, [2014-04-05T15:34:01.013937 #13380]  INFO -- : Mr Bazinga made a bet of 0 (fold) and is left with 2090 chips. The pot now contains 120 chips.
I, [2014-04-05T15:34:01.018393 #13380]  INFO -- : Player NoCo responded with 790 (200)
I, [2014-04-05T15:34:01.019975 #13380]  INFO -- : NoCo made a bet of 790 (allin) and is left with 0 chips. The pot now contains 910 chips.
I, [2014-04-05T15:34:01.021320 #13380]  INFO -- : NoCo won 910
I, [2014-04-05T15:34:01.027397 #13380]  INFO -- : Player R3T responded with  (200)
I, [2014-04-05T15:34:01.030795 #13380]  INFO -- : Player Mr Bazinga responded with OK (200)
I, [2014-04-05T15:34:01.035592 #13380]  INFO -- : Player NoCo responded with  (200)
I, [2014-04-05T15:34:01.035921 #13380]  INFO -- : NoCo received hole_card 9 of Diamonds
I, [2014-04-05T15:34:01.036149 #13380]  INFO -- : Mr Bazinga received hole_card 10 of Diamonds
I, [2014-04-05T15:34:01.036361 #13380]  INFO -- : NoCo received hole_card 5 of Diamonds
I, [2014-04-05T15:34:01.036539 #13380]  INFO -- : Mr Bazinga received hole_card 8 of Clubs
I, [2014-04-05T15:34:01.036839 #13380]  INFO -- : NoCo made a bet of 40 (raise) and is left with 870 chips. The pot now contains 40 chips.
I, [2014-04-05T15:34:01.037095 #13380]  INFO -- : Mr Bazinga made a bet of 80 (raise) and is left with 2010 chips. The pot now contains 120 chips.
I, [2014-04-05T15:34:01.038663 #13380]  INFO -- : Player NoCo responded with 0 (200)
I, [2014-04-05T15:34:01.038850 #13380]  INFO -- : NoCo made a bet of 0 (fold) and is left with 870 chips. The pot now contains 120 chips.
I, [2014-04-05T15:34:01.039214 #13380]  INFO -- : Mr Bazinga won 120
I, [2014-04-05T15:34:01.043043 #13380]  INFO -- : Player R3T responded with  (200)
I, [2014-04-05T15:34:01.046087 #13380]  INFO -- : Player Mr Bazinga responded with OK (200)
I, [2014-04-05T15:34:01.048709 #13380]  INFO -- : Player NoCo responded with  (200)
I, [2014-04-05T15:34:01.049178 #13380]  INFO -- : Mr Bazinga received hole_card 2 of Spades
I, [2014-04-05T15:34:01.049445 #13380]  INFO -- : NoCo received hole_card 5 of Diamonds
I, [2014-04-05T15:34:01.049821 #13380]  INFO -- : Mr Bazinga received hole_card Queen of Diamonds
I, [2014-04-05T15:34:01.050120 #13380]  INFO -- : NoCo received hole_card 8 of Hearts
I, [2014-04-05T15:34:01.050599 #13380]  INFO -- : Mr Bazinga made a bet of 40 (raise) and is left with 2090 chips. The pot now contains 40 chips.
I, [2014-04-05T15:34:01.051056 #13380]  INFO -- : NoCo made a bet of 80 (raise) and is left with 790 chips. The pot now contains 120 chips.
I, [2014-04-05T15:34:01.053259 #13380]  INFO -- : Player Mr Bazinga responded with 0 (200)
I, [2014-04-05T15:34:01.053470 #13380]  INFO -- : Mr Bazinga made a bet of 0 (fold) and is left with 2090 chips. The pot now contains 120 chips.
I, [2014-04-05T15:34:01.055819 #13380]  INFO -- : Player NoCo responded with 0 (200)
I, [2014-04-05T15:34:01.056251 #13380]  INFO -- : NoCo made a bet of 0 (check) and is left with 790 chips. The pot now contains 120 chips.
I, [2014-04-05T15:34:01.056784 #13380]  INFO -- : NoCo won 120
I, [2014-04-05T15:34:01.061391 #13380]  INFO -- : Player R3T responded with  (200)
I, [2014-04-05T15:34:01.063926 #13380]  INFO -- : Player Mr Bazinga responded with OK (200)
I, [2014-04-05T15:34:01.066016 #13380]  INFO -- : Player NoCo responded with  (200)
I, [2014-04-05T15:34:01.066305 #13380]  INFO -- : NoCo received hole_card 2 of Hearts
I, [2014-04-05T15:34:01.066453 #13380]  INFO -- : Mr Bazinga received hole_card 2 of Spades
I, [2014-04-05T15:34:01.066620 #13380]  INFO -- : NoCo received hole_card Queen of Hearts
I, [2014-04-05T15:34:01.066788 #13380]  INFO -- : Mr Bazinga received hole_card 2 of Clubs
I, [2014-04-05T15:34:01.067045 #13380]  INFO -- : NoCo made a bet of 40 (raise) and is left with 870 chips. The pot now contains 40 chips.
I, [2014-04-05T15:34:01.067274 #13380]  INFO -- : Mr Bazinga made a bet of 80 (raise) and is left with 2010 chips. The pot now contains 120 chips.
I, [2014-04-05T15:34:01.070402 #13380]  INFO -- : Player NoCo responded with 0 (200)
I, [2014-04-05T15:34:01.070870 #13380]  INFO -- : NoCo made a bet of 0 (fold) and is left with 870 chips. The pot now contains 120 chips.
I, [2014-04-05T15:34:01.071751 #13380]  INFO -- : Mr Bazinga won 120
I, [2014-04-05T15:34:01.076275 #13380]  INFO -- : Player R3T responded with  (200)
I, [2014-04-05T15:34:01.079747 #13380]  INFO -- : Player Mr Bazinga responded with OK (200)
I, [2014-04-05T15:34:01.084578 #13380]  INFO -- : Player NoCo responded with  (200)
I, [2014-04-05T15:34:01.085571 #13380]  INFO -- : Mr Bazinga received hole_card Ace of Hearts
I, [2014-04-05T15:34:01.086231 #13380]  INFO -- : NoCo received hole_card 5 of Clubs
I, [2014-04-05T15:34:01.086889 #13380]  INFO -- : Mr Bazinga received hole_card 4 of Hearts
I, [2014-04-05T15:34:01.087372 #13380]  INFO -- : NoCo received hole_card 10 of Spades
I, [2014-04-05T15:34:01.087784 #13380]  INFO -- : Mr Bazinga made a bet of 40 (raise) and is left with 2090 chips. The pot now contains 40 chips.
I, [2014-04-05T15:34:01.088162 #13380]  INFO -- : NoCo made a bet of 80 (raise) and is left with 790 chips. The pot now contains 120 chips.
I, [2014-04-05T15:34:01.090948 #13380]  INFO -- : Player Mr Bazinga responded with 40 (200)
I, [2014-04-05T15:34:01.091787 #13380]  INFO -- : Mr Bazinga made a bet of 40 (call) and is left with 2050 chips. The pot now contains 160 chips.
I, [2014-04-05T15:34:01.096152 #13380]  INFO -- : Player NoCo responded with 0 (200)
I, [2014-04-05T15:34:01.096759 #13380]  INFO -- : NoCo made a bet of 0 (check) and is left with 790 chips. The pot now contains 160 chips.
I, [2014-04-05T15:34:01.097321 #13380]  INFO -- : community card King of Diamonds
I, [2014-04-05T15:34:01.097896 #13380]  INFO -- : community card 8 of Spades
I, [2014-04-05T15:34:01.098490 #13380]  INFO -- : community card 8 of Diamonds
I, [2014-04-05T15:34:01.178048 #13380]  INFO -- : Player Mr Bazinga responded with 0 (200)
I, [2014-04-05T15:34:01.178774 #13380]  INFO -- : Mr Bazinga made a bet of 0 (check) and is left with 2050 chips. The pot now contains 160 chips.
E, [2014-04-05T15:34:01.682284 #13380] ERROR -- : Net::ReadTimeout
E, [2014-04-05T15:34:01.682475 #13380] ERROR -- : Player NoCo is unreachable
I, [2014-04-05T15:34:01.682747 #13380]  INFO -- : NoCo made a bet of 0 (check) and is left with 790 chips. The pot now contains 160 chips.
I, [2014-04-05T15:34:01.683077 #13380]  INFO -- : community card 4 of Clubs
I, [2014-04-05T15:34:01.725086 #13380]  INFO -- : Player Mr Bazinga responded with 280 (200)
I, [2014-04-05T15:34:01.725354 #13380]  INFO -- : Mr Bazinga made a bet of 280 (raise) and is left with 1770 chips. The pot now contains 440 chips.
E, [2014-04-05T15:34:02.226973 #13380] ERROR -- : Net::ReadTimeout
E, [2014-04-05T15:34:02.227205 #13380] ERROR -- : Player NoCo is unreachable
I, [2014-04-05T15:34:02.227753 #13380]  INFO -- : NoCo made a bet of 0 (fold) and is left with 790 chips. The pot now contains 440 chips.
I, [2014-04-05T15:34:02.229061 #13380]  INFO -- : Mr Bazinga won 440
I, [2014-04-05T15:34:02.233167 #13380]  INFO -- : Player R3T responded with  (200)
I, [2014-04-05T15:34:02.237161 #13380]  INFO -- : Player Mr Bazinga responded with OK (200)
E, [2014-04-05T15:34:02.739121 #13380] ERROR -- : Net::ReadTimeout
E, [2014-04-05T15:34:02.739309 #13380] ERROR -- : Player NoCo is unreachable
I, [2014-04-05T15:34:02.739838 #13380]  INFO -- : NoCo received hole_card 3 of Diamonds
I, [2014-04-05T15:34:02.740109 #13380]  INFO -- : Mr Bazinga received hole_card 7 of Diamonds
I, [2014-04-05T15:34:02.740332 #13380]  INFO -- : NoCo received hole_card 8 of Spades
I, [2014-04-05T15:34:02.740505 #13380]  INFO -- : Mr Bazinga received hole_card 10 of Spades
I, [2014-04-05T15:34:02.741312 #13380]  INFO -- : NoCo made a bet of 40 (raise) and is left with 750 chips. The pot now contains 40 chips.
I, [2014-04-05T15:34:02.741926 #13380]  INFO -- : Mr Bazinga made a bet of 80 (raise) and is left with 2130 chips. The pot now contains 120 chips.
E, [2014-04-05T15:34:03.244739 #13380] ERROR -- : Net::ReadTimeout
E, [2014-04-05T15:34:03.245124 #13380] ERROR -- : Player NoCo is unreachable
I, [2014-04-05T15:34:03.245721 #13380]  INFO -- : NoCo made a bet of 0 (fold) and is left with 750 chips. The pot now contains 120 chips.
I, [2014-04-05T15:34:03.246850 #13380]  INFO -- : Mr Bazinga won 120
I, [2014-04-05T15:34:03.253456 #13380]  INFO -- : Player R3T responded with  (200)
I, [2014-04-05T15:34:03.257997 #13380]  INFO -- : Player Mr Bazinga responded with OK (200)
I, [2014-04-05T15:34:03.423926 #13380]  INFO -- : Player NoCo responded with  (200)
I, [2014-04-05T15:34:03.424935 #13380]  INFO -- : Mr Bazinga received hole_card Queen of Hearts
I, [2014-04-05T15:34:03.425585 #13380]  INFO -- : NoCo received hole_card 10 of Diamonds
I, [2014-04-05T15:34:03.426174 #13380]  INFO -- : Mr Bazinga received hole_card Queen of Diamonds
I, [2014-04-05T15:34:03.426721 #13380]  INFO -- : NoCo received hole_card Jack of Clubs
I, [2014-04-05T15:34:03.427647 #13380]  INFO -- : Mr Bazinga made a bet of 40 (raise) and is left with 2210 chips. The pot now contains 40 chips.
I, [2014-04-05T15:34:03.428537 #13380]  INFO -- : NoCo made a bet of 80 (raise) and is left with 670 chips. The pot now contains 120 chips.
I, [2014-04-05T15:34:03.434042 #13380]  INFO -- : Player Mr Bazinga responded with 280 (200)
I, [2014-04-05T15:34:03.434812 #13380]  INFO -- : Mr Bazinga made a bet of 280 (raise) and is left with 1930 chips. The pot now contains 400 chips.
I, [2014-04-05T15:34:03.439237 #13380]  INFO -- : Player NoCo responded with 100 (200)
I, [2014-04-05T15:34:03.439889 #13380]  INFO -- : NoCo made a bet of 0 (fold) and is left with 670 chips. The pot now contains 400 chips.
I, [2014-04-05T15:34:03.441154 #13380]  INFO -- : Mr Bazinga won 400
I, [2014-04-05T15:34:03.446282 #13380]  INFO -- : Player R3T responded with  (200)
I, [2014-04-05T15:34:03.448900 #13380]  INFO -- : Player Mr Bazinga responded with OK (200)
I, [2014-04-05T15:34:03.453235 #13380]  INFO -- : Player NoCo responded with  (200)
I, [2014-04-05T15:34:03.454305 #13380]  INFO -- : NoCo received hole_card 4 of Clubs
I, [2014-04-05T15:34:03.454874 #13380]  INFO -- : Mr Bazinga received hole_card King of Hearts
I, [2014-04-05T15:34:03.455494 #13380]  INFO -- : NoCo received hole_card Queen of Spades
I, [2014-04-05T15:34:03.456132 #13380]  INFO -- : Mr Bazinga received hole_card 10 of Spades
I, [2014-04-05T15:34:03.456924 #13380]  INFO -- : NoCo made a bet of 80 (raise) and is left with 590 chips. The pot now contains 80 chips.
I, [2014-04-05T15:34:03.457759 #13380]  INFO -- : Mr Bazinga made a bet of 160 (raise) and is left with 2170 chips. The pot now contains 240 chips.
I, [2014-04-05T15:34:03.461194 #13380]  INFO -- : Player NoCo responded with 0 (200)
I, [2014-04-05T15:34:03.461880 #13380]  INFO -- : NoCo made a bet of 0 (fold) and is left with 590 chips. The pot now contains 240 chips.
I, [2014-04-05T15:34:03.463090 #13380]  INFO -- : Mr Bazinga won 240
I, [2014-04-05T15:34:03.468906 #13380]  INFO -- : Player R3T responded with  (200)
I, [2014-04-05T15:34:03.474465 #13380]  INFO -- : Player Mr Bazinga responded with OK (200)
I, [2014-04-05T15:34:03.479216 #13380]  INFO -- : Player NoCo responded with  (200)
I, [2014-04-05T15:34:03.479693 #13380]  INFO -- : Mr Bazinga received hole_card 5 of Hearts
I, [2014-04-05T15:34:03.479967 #13380]  INFO -- : NoCo received hole_card Queen of Clubs
I, [2014-04-05T15:34:03.480256 #13380]  INFO -- : Mr Bazinga received hole_card 7 of Diamonds
I, [2014-04-05T15:34:03.480460 #13380]  INFO -- : NoCo received hole_card Jack of Clubs
I, [2014-04-05T15:34:03.481325 #13380]  INFO -- : Mr Bazinga made a bet of 80 (raise) and is left with 2330 chips. The pot now contains 80 chips.
I, [2014-04-05T15:34:03.481649 #13380]  INFO -- : NoCo made a bet of 160 (raise) and is left with 430 chips. The pot now contains 240 chips.
I, [2014-04-05T15:34:03.490296 #13380]  INFO -- : Player Mr Bazinga responded with 0 (200)
I, [2014-04-05T15:34:03.490904 #13380]  INFO -- : Mr Bazinga made a bet of 0 (fold) and is left with 2330 chips. The pot now contains 240 chips.
I, [2014-04-05T15:34:03.493961 #13380]  INFO -- : Player NoCo responded with 430 (200)
I, [2014-04-05T15:34:03.494191 #13380]  INFO -- : NoCo made a bet of 430 (allin) and is left with 0 chips. The pot now contains 670 chips.
I, [2014-04-05T15:34:03.494534 #13380]  INFO -- : NoCo won 670
I, [2014-04-05T15:34:03.499046 #13380]  INFO -- : Player R3T responded with  (200)
I, [2014-04-05T15:34:03.503145 #13380]  INFO -- : Player Mr Bazinga responded with OK (200)
I, [2014-04-05T15:34:03.507539 #13380]  INFO -- : Player NoCo responded with  (200)
I, [2014-04-05T15:34:03.508357 #13380]  INFO -- : NoCo received hole_card Ace of Clubs
I, [2014-04-05T15:34:03.508914 #13380]  INFO -- : Mr Bazinga received hole_card 2 of Clubs
I, [2014-04-05T15:34:03.509181 #13380]  INFO -- : NoCo received hole_card King of Diamonds
I, [2014-04-05T15:34:03.509421 #13380]  INFO -- : Mr Bazinga received hole_card 4 of Clubs
I, [2014-04-05T15:34:03.509881 #13380]  INFO -- : NoCo made a bet of 80 (raise) and is left with 590 chips. The pot now contains 80 chips.
I, [2014-04-05T15:34:03.510211 #13380]  INFO -- : Mr Bazinga made a bet of 160 (raise) and is left with 2170 chips. The pot now contains 240 chips.
I, [2014-04-05T15:34:03.514855 #13380]  INFO -- : Player NoCo responded with 590 (200)
I, [2014-04-05T15:34:03.515665 #13380]  INFO -- : NoCo made a bet of 590 (allin) and is left with 0 chips. The pot now contains 830 chips.
I, [2014-04-05T15:34:03.518814 #13380]  INFO -- : Player Mr Bazinga responded with 0 (200)
I, [2014-04-05T15:34:03.519401 #13380]  INFO -- : Mr Bazinga made a bet of 0 (fold) and is left with 2170 chips. The pot now contains 830 chips.
I, [2014-04-05T15:34:03.520696 #13380]  INFO -- : NoCo won 830
I, [2014-04-05T15:34:03.526599 #13380]  INFO -- : Player R3T responded with  (200)
I, [2014-04-05T15:34:03.529405 #13380]  INFO -- : Player Mr Bazinga responded with OK (200)
I, [2014-04-05T15:34:03.534353 #13380]  INFO -- : Player NoCo responded with  (200)
I, [2014-04-05T15:34:03.535262 #13380]  INFO -- : Mr Bazinga received hole_card Ace of Hearts
I, [2014-04-05T15:34:03.535842 #13380]  INFO -- : NoCo received hole_card Jack of Diamonds
I, [2014-04-05T15:34:03.536502 #13380]  INFO -- : Mr Bazinga received hole_card 6 of Hearts
I, [2014-04-05T15:34:03.537033 #13380]  INFO -- : NoCo received hole_card King of Hearts
I, [2014-04-05T15:34:03.538082 #13380]  INFO -- : Mr Bazinga made a bet of 80 (raise) and is left with 2090 chips. The pot now contains 80 chips.
I, [2014-04-05T15:34:03.538931 #13380]  INFO -- : NoCo made a bet of 160 (raise) and is left with 670 chips. The pot now contains 240 chips.
I, [2014-04-05T15:34:03.541850 #13380]  INFO -- : Player Mr Bazinga responded with 80 (200)
I, [2014-04-05T15:34:03.542270 #13380]  INFO -- : Mr Bazinga made a bet of 80 (call) and is left with 2010 chips. The pot now contains 320 chips.
I, [2014-04-05T15:34:03.547700 #13380]  INFO -- : Player NoCo responded with 200 (200)
I, [2014-04-05T15:34:03.548301 #13380]  INFO -- : NoCo made a bet of 200 (raise) and is left with 470 chips. The pot now contains 520 chips.
I, [2014-04-05T15:34:03.552902 #13380]  INFO -- : Player Mr Bazinga responded with 200 (200)
I, [2014-04-05T15:34:03.553447 #13380]  INFO -- : Mr Bazinga made a bet of 200 (call) and is left with 1810 chips. The pot now contains 720 chips.
I, [2014-04-05T15:34:03.554408 #13380]  INFO -- : community card 2 of Clubs
I, [2014-04-05T15:34:03.555045 #13380]  INFO -- : community card 10 of Hearts
I, [2014-04-05T15:34:03.555719 #13380]  INFO -- : community card Ace of Spades
I, [2014-04-05T15:34:03.567673 #13380]  INFO -- : Player Mr Bazinga responded with 0 (200)
I, [2014-04-05T15:34:03.567969 #13380]  INFO -- : Mr Bazinga made a bet of 0 (check) and is left with 1810 chips. The pot now contains 720 chips.
E, [2014-04-05T15:34:04.071963 #13380] ERROR -- : Net::ReadTimeout
E, [2014-04-05T15:34:04.072134 #13380] ERROR -- : Player NoCo is unreachable
I, [2014-04-05T15:34:04.072342 #13380]  INFO -- : NoCo made a bet of 0 (check) and is left with 470 chips. The pot now contains 720 chips.
I, [2014-04-05T15:34:04.072603 #13380]  INFO -- : community card Queen of Diamonds
I, [2014-04-05T15:34:04.082819 #13380]  INFO -- : Player Mr Bazinga responded with 0 (200)
I, [2014-04-05T15:34:04.083190 #13380]  INFO -- : Mr Bazinga made a bet of 0 (check) and is left with 1810 chips. The pot now contains 720 chips.
E, [2014-04-05T15:34:04.584951 #13380] ERROR -- : Net::ReadTimeout
E, [2014-04-05T15:34:04.585102 #13380] ERROR -- : Player NoCo is unreachable
I, [2014-04-05T15:34:04.585565 #13380]  INFO -- : NoCo made a bet of 0 (check) and is left with 470 chips. The pot now contains 720 chips.
I, [2014-04-05T15:34:04.586272 #13380]  INFO -- : community card King of Diamonds
I, [2014-04-05T15:34:04.754431 #13380]  INFO -- : Player Mr Bazinga responded with 0 (200)
I, [2014-04-05T15:34:04.755243 #13380]  INFO -- : Mr Bazinga made a bet of 0 (check) and is left with 1810 chips. The pot now contains 720 chips.
E, [2014-04-05T15:34:05.259173 #13380] ERROR -- : Net::ReadTimeout
E, [2014-04-05T15:34:05.259670 #13380] ERROR -- : Player NoCo is unreachable
I, [2014-04-05T15:34:05.260617 #13380]  INFO -- : NoCo made a bet of 0 (check) and is left with 470 chips. The pot now contains 720 chips.
I, [2014-04-05T15:34:05.263485 #13380]  INFO -- : Mr Bazinga showed 10 of Hearts,Queen of Diamonds,King of Diamonds,Ace of Spades,Ace of Hearts making a pair
I, [2014-04-05T15:34:05.266517 #13380]  INFO -- : NoCo showed 10 of Hearts,Jack of Diamonds,Queen of Diamonds,King of Hearts,Ace of Spades making a straight
I, [2014-04-05T15:34:05.267746 #13380]  INFO -- : NoCo won 720
I, [2014-04-05T15:34:05.270955 #13380]  INFO -- : Player R3T responded with  (200)
I, [2014-04-05T15:34:05.274188 #13380]  INFO -- : Player Mr Bazinga responded with OK (200)
E, [2014-04-05T15:34:05.777069 #13380] ERROR -- : Net::ReadTimeout
E, [2014-04-05T15:34:05.777411 #13380] ERROR -- : Player NoCo is unreachable
I, [2014-04-05T15:34:05.777924 #13380]  INFO -- : NoCo received hole_card 4 of Diamonds
I, [2014-04-05T15:34:05.778168 #13380]  INFO -- : Mr Bazinga received hole_card 6 of Spades
I, [2014-04-05T15:34:05.778369 #13380]  INFO -- : NoCo received hole_card Queen of Spades
I, [2014-04-05T15:34:05.778608 #13380]  INFO -- : Mr Bazinga received hole_card 6 of Clubs
I, [2014-04-05T15:34:05.778975 #13380]  INFO -- : NoCo made a bet of 80 (raise) and is left with 1110 chips. The pot now contains 80 chips.
I, [2014-04-05T15:34:05.779276 #13380]  INFO -- : Mr Bazinga made a bet of 160 (raise) and is left with 1650 chips. The pot now contains 240 chips.
E, [2014-04-05T15:34:06.281937 #13380] ERROR -- : Net::ReadTimeout
E, [2014-04-05T15:34:06.282056 #13380] ERROR -- : Player NoCo is unreachable
I, [2014-04-05T15:34:06.282211 #13380]  INFO -- : NoCo made a bet of 0 (fold) and is left with 1110 chips. The pot now contains 240 chips.
I, [2014-04-05T15:34:06.282571 #13380]  INFO -- : Mr Bazinga won 240
I, [2014-04-05T15:34:06.285025 #13380]  INFO -- : Player R3T responded with  (200)
I, [2014-04-05T15:34:06.290786 #13380]  INFO -- : Player Mr Bazinga responded with OK (200)
E, [2014-04-05T15:34:06.792672 #13380] ERROR -- : Net::ReadTimeout
E, [2014-04-05T15:34:06.792997 #13380] ERROR -- : Player NoCo is unreachable
I, [2014-04-05T15:34:06.793817 #13380]  INFO -- : Mr Bazinga received hole_card 5 of Spades
I, [2014-04-05T15:34:06.794335 #13380]  INFO -- : NoCo received hole_card 10 of Spades
I, [2014-04-05T15:34:06.794953 #13380]  INFO -- : Mr Bazinga received hole_card King of Clubs
I, [2014-04-05T15:34:06.795489 #13380]  INFO -- : NoCo received hole_card 9 of Hearts
I, [2014-04-05T15:34:06.796461 #13380]  INFO -- : Mr Bazinga made a bet of 80 (raise) and is left with 1810 chips. The pot now contains 80 chips.
I, [2014-04-05T15:34:06.797249 #13380]  INFO -- : NoCo made a bet of 160 (raise) and is left with 950 chips. The pot now contains 240 chips.
I, [2014-04-05T15:34:06.801974 #13380]  INFO -- : Player Mr Bazinga responded with 0 (200)
I, [2014-04-05T15:34:06.802725 #13380]  INFO -- : Mr Bazinga made a bet of 0 (fold) and is left with 1810 chips. The pot now contains 240 chips.
E, [2014-04-05T15:34:07.306270 #13380] ERROR -- : Net::ReadTimeout
E, [2014-04-05T15:34:07.306668 #13380] ERROR -- : Player NoCo is unreachable
I, [2014-04-05T15:34:07.307236 #13380]  INFO -- : NoCo made a bet of 0 (check) and is left with 950 chips. The pot now contains 240 chips.
I, [2014-04-05T15:34:07.308460 #13380]  INFO -- : NoCo won 240
I, [2014-04-05T15:34:07.315212 #13380]  INFO -- : Player R3T responded with  (200)
I, [2014-04-05T15:34:07.324726 #13380]  INFO -- : Player Mr Bazinga responded with OK (200)
E, [2014-04-05T15:34:07.828491 #13380] ERROR -- : Net::ReadTimeout
E, [2014-04-05T15:34:07.828817 #13380] ERROR -- : Player NoCo is unreachable
I, [2014-04-05T15:34:07.829652 #13380]  INFO -- : NoCo received hole_card King of Clubs
I, [2014-04-05T15:34:07.830179 #13380]  INFO -- : Mr Bazinga received hole_card 2 of Spades
I, [2014-04-05T15:34:07.830715 #13380]  INFO -- : NoCo received hole_card 7 of Diamonds
I, [2014-04-05T15:34:07.831264 #13380]  INFO -- : Mr Bazinga received hole_card 6 of Hearts
I, [2014-04-05T15:34:07.832244 #13380]  INFO -- : NoCo made a bet of 80 (raise) and is left with 1110 chips. The pot now contains 80 chips.
I, [2014-04-05T15:34:07.833080 #13380]  INFO -- : Mr Bazinga made a bet of 160 (raise) and is left with 1650 chips. The pot now contains 240 chips.
I, [2014-04-05T15:34:08.076990 #13380]  INFO -- : Player NoCo responded with 100 (200)
I, [2014-04-05T15:34:08.077595 #13380]  INFO -- : NoCo made a bet of 80 (call) and is left with 1030 chips. The pot now contains 320 chips.
I, [2014-04-05T15:34:08.077941 #13380]  INFO -- : community card 8 of Clubs
I, [2014-04-05T15:34:08.078391 #13380]  INFO -- : community card King of Diamonds
I, [2014-04-05T15:34:08.079377 #13380]  INFO -- : community card 9 of Hearts
E, [2014-04-05T15:34:08.583034 #13380] ERROR -- : Net::ReadTimeout
E, [2014-04-05T15:34:08.583155 #13380] ERROR -- : Player NoCo is unreachable
I, [2014-04-05T15:34:08.583358 #13380]  INFO -- : NoCo made a bet of 0 (check) and is left with 1030 chips. The pot now contains 320 chips.
I, [2014-04-05T15:34:08.587187 #13380]  INFO -- : Player Mr Bazinga responded with 0 (200)
I, [2014-04-05T15:34:08.587462 #13380]  INFO -- : Mr Bazinga made a bet of 0 (check) and is left with 1650 chips. The pot now contains 320 chips.
I, [2014-04-05T15:34:08.587703 #13380]  INFO -- : community card 9 of Diamonds
E, [2014-04-05T15:34:09.089826 #13380] ERROR -- : Net::ReadTimeout
E, [2014-04-05T15:34:09.090153 #13380] ERROR -- : Player NoCo is unreachable
I, [2014-04-05T15:34:09.090636 #13380]  INFO -- : NoCo made a bet of 0 (check) and is left with 1030 chips. The pot now contains 320 chips.
I, [2014-04-05T15:34:09.095624 #13380]  INFO -- : Player Mr Bazinga responded with 0 (200)
I, [2014-04-05T15:34:09.096459 #13380]  INFO -- : Mr Bazinga made a bet of 0 (check) and is left with 1650 chips. The pot now contains 320 chips.
I, [2014-04-05T15:34:09.097210 #13380]  INFO -- : community card Ace of Clubs
E, [2014-04-05T15:34:09.600679 #13380] ERROR -- : Net::ReadTimeout
E, [2014-04-05T15:34:09.600805 #13380] ERROR -- : Player NoCo is unreachable
I, [2014-04-05T15:34:09.600992 #13380]  INFO -- : NoCo made a bet of 0 (check) and is left with 1030 chips. The pot now contains 320 chips.
I, [2014-04-05T15:34:09.603212 #13380]  INFO -- : Player Mr Bazinga responded with 0 (200)
I, [2014-04-05T15:34:09.603473 #13380]  INFO -- : Mr Bazinga made a bet of 0 (check) and is left with 1650 chips. The pot now contains 320 chips.
I, [2014-04-05T15:34:09.604005 #13380]  INFO -- : NoCo showed 9 of Hearts,9 of Diamonds,King of Clubs,King of Diamonds,Ace of Clubs making a two pairs
I, [2014-04-05T15:34:09.604405 #13380]  INFO -- : NoCo won 320
I, [2014-04-05T15:34:09.606737 #13380]  INFO -- : Player R3T responded with  (200)
I, [2014-04-05T15:34:09.608461 #13380]  INFO -- : Player Mr Bazinga responded with OK (200)
E, [2014-04-05T15:34:10.110327 #13380] ERROR -- : Net::ReadTimeout
E, [2014-04-05T15:34:10.110653 #13380] ERROR -- : Player NoCo is unreachable
I, [2014-04-05T15:34:10.111468 #13380]  INFO -- : Mr Bazinga received hole_card 2 of Spades
I, [2014-04-05T15:34:10.112240 #13380]  INFO -- : NoCo received hole_card 5 of Spades
I, [2014-04-05T15:34:10.112804 #13380]  INFO -- : Mr Bazinga received hole_card 9 of Spades
I, [2014-04-05T15:34:10.113292 #13380]  INFO -- : NoCo received hole_card 7 of Diamonds
I, [2014-04-05T15:34:10.114322 #13380]  INFO -- : Mr Bazinga made a bet of 80 (raise) and is left with 1570 chips. The pot now contains 80 chips.
I, [2014-04-05T15:34:10.115138 #13380]  INFO -- : NoCo made a bet of 160 (raise) and is left with 1190 chips. The pot now contains 240 chips.
I, [2014-04-05T15:34:10.119830 #13380]  INFO -- : Player Mr Bazinga responded with 80 (200)
I, [2014-04-05T15:34:10.120557 #13380]  INFO -- : Mr Bazinga made a bet of 80 (call) and is left with 1490 chips. The pot now contains 320 chips.
E, [2014-04-05T15:34:10.624219 #13380] ERROR -- : Net::ReadTimeout
E, [2014-04-05T15:34:10.624584 #13380] ERROR -- : Player NoCo is unreachable
I, [2014-04-05T15:34:10.625441 #13380]  INFO -- : NoCo made a bet of 0 (check) and is left with 1190 chips. The pot now contains 320 chips.
I, [2014-04-05T15:34:10.626887 #13380]  INFO -- : community card 2 of Diamonds
I, [2014-04-05T15:34:10.627508 #13380]  INFO -- : community card 4 of Spades
I, [2014-04-05T15:34:10.628028 #13380]  INFO -- : community card Ace of Clubs
E, [2014-04-05T15:34:11.131916 #13380] ERROR -- : Net::ReadTimeout
E, [2014-04-05T15:34:11.132038 #13380] ERROR -- : Player Mr Bazinga is unreachable
I, [2014-04-05T15:34:11.132222 #13380]  INFO -- : Mr Bazinga made a bet of 0 (check) and is left with 1490 chips. The pot now contains 320 chips.
E, [2014-04-05T15:34:11.634200 #13380] ERROR -- : Net::ReadTimeout
E, [2014-04-05T15:34:11.634523 #13380] ERROR -- : Player NoCo is unreachable
I, [2014-04-05T15:34:11.635028 #13380]  INFO -- : NoCo made a bet of 0 (check) and is left with 1190 chips. The pot now contains 320 chips.
I, [2014-04-05T15:34:11.635783 #13380]  INFO -- : community card 4 of Hearts
E, [2014-04-05T15:34:12.139431 #13380] ERROR -- : Net::ReadTimeout
E, [2014-04-05T15:34:12.139552 #13380] ERROR -- : Player Mr Bazinga is unreachable
I, [2014-04-05T15:34:12.139744 #13380]  INFO -- : Mr Bazinga made a bet of 0 (check) and is left with 1490 chips. The pot now contains 320 chips.
E, [2014-04-05T15:34:12.642347 #13380] ERROR -- : Net::ReadTimeout
E, [2014-04-05T15:34:12.642673 #13380] ERROR -- : Player NoCo is unreachable
I, [2014-04-05T15:34:12.643221 #13380]  INFO -- : NoCo made a bet of 0 (check) and is left with 1190 chips. The pot now contains 320 chips.
I, [2014-04-05T15:34:12.644015 #13380]  INFO -- : community card 7 of Spades
I, [2014-04-05T15:34:13.010631 #13380]  INFO -- : Player Mr Bazinga responded with 360 (200)
I, [2014-04-05T15:34:13.010841 #13380]  INFO -- : Mr Bazinga made a bet of 360 (raise) and is left with 1130 chips. The pot now contains 680 chips.
E, [2014-04-05T15:34:13.512552 #13380] ERROR -- : Net::ReadTimeout
E, [2014-04-05T15:34:13.512666 #13380] ERROR -- : Player NoCo is unreachable
I, [2014-04-05T15:34:13.512822 #13380]  INFO -- : NoCo made a bet of 0 (fold) and is left with 1190 chips. The pot now contains 680 chips.
I, [2014-04-05T15:34:13.513251 #13380]  INFO -- : Mr Bazinga won 680
I, [2014-04-05T15:34:13.518081 #13380]  INFO -- : Player R3T responded with  (200)
I, [2014-04-05T15:34:13.523454 #13380]  INFO -- : Player Mr Bazinga responded with OK (200)
E, [2014-04-05T15:34:14.027488 #13380] ERROR -- : Net::ReadTimeout
E, [2014-04-05T15:34:14.027878 #13380] ERROR -- : Player NoCo is unreachable
I, [2014-04-05T15:34:14.028698 #13380]  INFO -- : NoCo received hole_card 4 of Clubs
I, [2014-04-05T15:34:14.029247 #13380]  INFO -- : Mr Bazinga received hole_card 8 of Clubs
I, [2014-04-05T15:34:14.029792 #13380]  INFO -- : NoCo received hole_card 10 of Hearts
I, [2014-04-05T15:34:14.030327 #13380]  INFO -- : Mr Bazinga received hole_card Ace of Diamonds
I, [2014-04-05T15:34:14.031181 #13380]  INFO -- : NoCo made a bet of 80 (raise) and is left with 1110 chips. The pot now contains 80 chips.
I, [2014-04-05T15:34:14.031937 #13380]  INFO -- : Mr Bazinga made a bet of 160 (raise) and is left with 1650 chips. The pot now contains 240 chips.
E, [2014-04-05T15:34:14.535838 #13380] ERROR -- : Net::ReadTimeout
E, [2014-04-05T15:34:14.536362 #13380] ERROR -- : Player NoCo is unreachable
I, [2014-04-05T15:34:14.536957 #13380]  INFO -- : NoCo made a bet of 0 (fold) and is left with 1110 chips. The pot now contains 240 chips.
I, [2014-04-05T15:34:14.538104 #13380]  INFO -- : Mr Bazinga won 240
I, [2014-04-05T15:34:14.545214 #13380]  INFO -- : Player R3T responded with  (200)
I, [2014-04-05T15:34:14.550313 #13380]  INFO -- : Player Mr Bazinga responded with OK (200)
E, [2014-04-05T15:34:15.054421 #13380] ERROR -- : Net::ReadTimeout
E, [2014-04-05T15:34:15.054744 #13380] ERROR -- : Player NoCo is unreachable
I, [2014-04-05T15:34:15.055562 #13380]  INFO -- : Mr Bazinga received hole_card King of Diamonds
I, [2014-04-05T15:34:15.056159 #13380]  INFO -- : NoCo received hole_card 2 of Diamonds
I, [2014-04-05T15:34:15.056704 #13380]  INFO -- : Mr Bazinga received hole_card 7 of Hearts
I, [2014-04-05T15:34:15.057252 #13380]  INFO -- : NoCo received hole_card 5 of Diamonds
I, [2014-04-05T15:34:15.058123 #13380]  INFO -- : Mr Bazinga made a bet of 160 (raise) and is left with 1730 chips. The pot now contains 160 chips.
I, [2014-04-05T15:34:15.059067 #13380]  INFO -- : NoCo made a bet of 320 (raise) and is left with 790 chips. The pot now contains 480 chips.
I, [2014-04-05T15:34:15.063927 #13380]  INFO -- : Player Mr Bazinga responded with 0 (200)
I, [2014-04-05T15:34:15.064698 #13380]  INFO -- : Mr Bazinga made a bet of 0 (fold) and is left with 1730 chips. The pot now contains 480 chips.
E, [2014-04-05T15:34:15.567909 #13380] ERROR -- : Net::ReadTimeout
E, [2014-04-05T15:34:15.568109 #13380] ERROR -- : Player NoCo is unreachable
I, [2014-04-05T15:34:15.568347 #13380]  INFO -- : NoCo made a bet of 0 (check) and is left with 790 chips. The pot now contains 480 chips.
I, [2014-04-05T15:34:15.568915 #13380]  INFO -- : NoCo won 480
I, [2014-04-05T15:34:15.571441 #13380]  INFO -- : Player R3T responded with  (200)
I, [2014-04-05T15:34:15.573326 #13380]  INFO -- : Player Mr Bazinga responded with OK (200)
E, [2014-04-05T15:34:16.075582 #13380] ERROR -- : Net::ReadTimeout
E, [2014-04-05T15:34:16.075954 #13380] ERROR -- : Player NoCo is unreachable
I, [2014-04-05T15:34:16.077009 #13380]  INFO -- : NoCo received hole_card 9 of Diamonds
I, [2014-04-05T15:34:16.077555 #13380]  INFO -- : Mr Bazinga received hole_card 9 of Clubs
I, [2014-04-05T15:34:16.078156 #13380]  INFO -- : NoCo received hole_card 5 of Diamonds
I, [2014-04-05T15:34:16.078787 #13380]  INFO -- : Mr Bazinga received hole_card 6 of Clubs
I, [2014-04-05T15:34:16.079723 #13380]  INFO -- : NoCo made a bet of 160 (raise) and is left with 1110 chips. The pot now contains 160 chips.
I, [2014-04-05T15:34:16.080605 #13380]  INFO -- : Mr Bazinga made a bet of 320 (raise) and is left with 1410 chips. The pot now contains 480 chips.
E, [2014-04-05T15:34:16.584065 #13380] ERROR -- : Net::ReadTimeout
E, [2014-04-05T15:34:16.584212 #13380] ERROR -- : Player NoCo is unreachable
I, [2014-04-05T15:34:16.584378 #13380]  INFO -- : NoCo made a bet of 0 (fold) and is left with 1110 chips. The pot now contains 480 chips.
I, [2014-04-05T15:34:16.584729 #13380]  INFO -- : Mr Bazinga won 480
I, [2014-04-05T15:34:16.587187 #13380]  INFO -- : Player R3T responded with  (200)
I, [2014-04-05T15:34:16.589263 #13380]  INFO -- : Player Mr Bazinga responded with OK (200)
E, [2014-04-05T15:34:17.091493 #13380] ERROR -- : Net::ReadTimeout
E, [2014-04-05T15:34:17.091898 #13380] ERROR -- : Player NoCo is unreachable
I, [2014-04-05T15:34:17.093393 #13380]  INFO -- : Mr Bazinga received hole_card 4 of Clubs
I, [2014-04-05T15:34:17.094408 #13380]  INFO -- : NoCo received hole_card 7 of Diamonds
I, [2014-04-05T15:34:17.095482 #13380]  INFO -- : Mr Bazinga received hole_card 8 of Spades
I, [2014-04-05T15:34:17.096697 #13380]  INFO -- : NoCo received hole_card 10 of Diamonds
I, [2014-04-05T15:34:17.098614 #13380]  INFO -- : Mr Bazinga made a bet of 160 (raise) and is left with 1730 chips. The pot now contains 160 chips.
I, [2014-04-05T15:34:17.100136 #13380]  INFO -- : NoCo made a bet of 320 (raise) and is left with 790 chips. The pot now contains 480 chips.
I, [2014-04-05T15:34:17.106804 #13380]  INFO -- : Player Mr Bazinga responded with 0 (200)
I, [2014-04-05T15:34:17.107591 #13380]  INFO -- : Mr Bazinga made a bet of 0 (fold) and is left with 1730 chips. The pot now contains 480 chips.
I, [2014-04-05T15:34:17.112880 #13380]  INFO -- : Player NoCo responded with 100 (200)
I, [2014-04-05T15:34:17.113543 #13380]  INFO -- : NoCo made a bet of 0 (check) and is left with 790 chips. The pot now contains 480 chips.
I, [2014-04-05T15:34:17.114787 #13380]  INFO -- : NoCo won 480
I, [2014-04-05T15:34:17.118339 #13380]  INFO -- : Player R3T responded with  (200)
I, [2014-04-05T15:34:17.123950 #13380]  INFO -- : Player Mr Bazinga responded with OK (200)
I, [2014-04-05T15:34:17.127696 #13380]  INFO -- : Player NoCo responded with  (200)
I, [2014-04-05T15:34:17.128922 #13380]  INFO -- : NoCo received hole_card 3 of Spades
I, [2014-04-05T15:34:17.129823 #13380]  INFO -- : Mr Bazinga received hole_card 8 of Clubs
I, [2014-04-05T15:34:17.130606 #13380]  INFO -- : NoCo received hole_card 3 of Diamonds
I, [2014-04-05T15:34:17.131334 #13380]  INFO -- : Mr Bazinga received hole_card 4 of Diamonds
I, [2014-04-05T15:34:17.132471 #13380]  INFO -- : NoCo made a bet of 160 (raise) and is left with 1110 chips. The pot now contains 160 chips.
I, [2014-04-05T15:34:17.133454 #13380]  INFO -- : Mr Bazinga made a bet of 320 (raise) and is left with 1410 chips. The pot now contains 480 chips.
I, [2014-04-05T15:34:17.137210 #13380]  INFO -- : Player NoCo responded with 0 (200)
I, [2014-04-05T15:34:17.137428 #13380]  INFO -- : NoCo made a bet of 0 (fold) and is left with 1110 chips. The pot now contains 480 chips.
I, [2014-04-05T15:34:17.137801 #13380]  INFO -- : Mr Bazinga won 480
I, [2014-04-05T15:34:17.139701 #13380]  INFO -- : Player R3T responded with  (200)
I, [2014-04-05T15:34:17.143197 #13380]  INFO -- : Player Mr Bazinga responded with OK (200)
I, [2014-04-05T15:34:17.146221 #13380]  INFO -- : Player NoCo responded with  (200)
I, [2014-04-05T15:34:17.146741 #13380]  INFO -- : Mr Bazinga received hole_card Queen of Clubs
I, [2014-04-05T15:34:17.147002 #13380]  INFO -- : NoCo received hole_card 7 of Diamonds
I, [2014-04-05T15:34:17.147361 #13380]  INFO -- : Mr Bazinga received hole_card 8 of Hearts
I, [2014-04-05T15:34:17.147591 #13380]  INFO -- : NoCo received hole_card Queen of Diamonds
I, [2014-04-05T15:34:17.147942 #13380]  INFO -- : Mr Bazinga made a bet of 160 (raise) and is left with 1730 chips. The pot now contains 160 chips.
I, [2014-04-05T15:34:17.148349 #13380]  INFO -- : NoCo made a bet of 320 (raise) and is left with 790 chips. The pot now contains 480 chips.
I, [2014-04-05T15:34:17.152566 #13380]  INFO -- : Player Mr Bazinga responded with 0 (200)
I, [2014-04-05T15:34:17.152827 #13380]  INFO -- : Mr Bazinga made a bet of 0 (fold) and is left with 1730 chips. The pot now contains 480 chips.
I, [2014-04-05T15:34:17.155961 #13380]  INFO -- : Player NoCo responded with 100 (200)
I, [2014-04-05T15:34:17.156216 #13380]  INFO -- : NoCo made a bet of 0 (check) and is left with 790 chips. The pot now contains 480 chips.
I, [2014-04-05T15:34:17.156569 #13380]  INFO -- : NoCo won 480
I, [2014-04-05T15:34:17.160597 #13380]  INFO -- : Player R3T responded with  (200)
I, [2014-04-05T15:34:17.162332 #13380]  INFO -- : Player Mr Bazinga responded with OK (200)
I, [2014-04-05T15:34:17.164205 #13380]  INFO -- : Player NoCo responded with  (200)
I, [2014-04-05T15:34:17.164518 #13380]  INFO -- : NoCo received hole_card 4 of Diamonds
I, [2014-04-05T15:34:17.164667 #13380]  INFO -- : Mr Bazinga received hole_card 8 of Hearts
I, [2014-04-05T15:34:17.164839 #13380]  INFO -- : NoCo received hole_card 6 of Spades
I, [2014-04-05T15:34:17.165003 #13380]  INFO -- : Mr Bazinga received hole_card Ace of Spades
I, [2014-04-05T15:34:17.165294 #13380]  INFO -- : NoCo made a bet of 160 (raise) and is left with 1110 chips. The pot now contains 160 chips.
I, [2014-04-05T15:34:17.165540 #13380]  INFO -- : Mr Bazinga made a bet of 320 (raise) and is left with 1410 chips. The pot now contains 480 chips.
I, [2014-04-05T15:34:17.167337 #13380]  INFO -- : Player NoCo responded with 0 (200)
I, [2014-04-05T15:34:17.167653 #13380]  INFO -- : NoCo made a bet of 0 (fold) and is left with 1110 chips. The pot now contains 480 chips.
I, [2014-04-05T15:34:17.168247 #13380]  INFO -- : Mr Bazinga won 480
I, [2014-04-05T15:34:17.170552 #13380]  INFO -- : Player R3T responded with  (200)
I, [2014-04-05T15:34:17.172962 #13380]  INFO -- : Player Mr Bazinga responded with OK (200)
I, [2014-04-05T15:34:17.174709 #13380]  INFO -- : Player NoCo responded with  (200)
I, [2014-04-05T15:34:17.175117 #13380]  INFO -- : Mr Bazinga received hole_card Ace of Diamonds
I, [2014-04-05T15:34:17.175396 #13380]  INFO -- : NoCo received hole_card 4 of Spades
I, [2014-04-05T15:34:17.175727 #13380]  INFO -- : Mr Bazinga received hole_card 2 of Diamonds
I, [2014-04-05T15:34:17.176008 #13380]  INFO -- : NoCo received hole_card 6 of Diamonds
I, [2014-04-05T15:34:17.176499 #13380]  INFO -- : Mr Bazinga made a bet of 160 (raise) and is left with 1730 chips. The pot now contains 160 chips.
I, [2014-04-05T15:34:17.177106 #13380]  INFO -- : NoCo made a bet of 320 (raise) and is left with 790 chips. The pot now contains 480 chips.
I, [2014-04-05T15:34:17.179557 #13380]  INFO -- : Player Mr Bazinga responded with 160 (200)
I, [2014-04-05T15:34:17.179828 #13380]  INFO -- : Mr Bazinga made a bet of 160 (call) and is left with 1570 chips. The pot now contains 640 chips.
I, [2014-04-05T15:34:17.183429 #13380]  INFO -- : Player NoCo responded with 0 (200)
I, [2014-04-05T15:34:17.183637 #13380]  INFO -- : NoCo made a bet of 0 (check) and is left with 790 chips. The pot now contains 640 chips.
I, [2014-04-05T15:34:17.183856 #13380]  INFO -- : community card 8 of Hearts
I, [2014-04-05T15:34:17.184009 #13380]  INFO -- : community card King of Spades
I, [2014-04-05T15:34:17.184265 #13380]  INFO -- : community card 8 of Spades
I, [2014-04-05T15:34:17.199057 #13380]  INFO -- : Player Mr Bazinga responded with 0 (200)
I, [2014-04-05T15:34:17.199813 #13380]  INFO -- : Mr Bazinga made a bet of 0 (check) and is left with 1570 chips. The pot now contains 640 chips.
E, [2014-04-05T15:34:17.703498 #13380] ERROR -- : Net::ReadTimeout
E, [2014-04-05T15:34:17.703949 #13380] ERROR -- : Player NoCo is unreachable
I, [2014-04-05T15:34:17.704180 #13380]  INFO -- : NoCo made a bet of 0 (check) and is left with 790 chips. The pot now contains 640 chips.
I, [2014-04-05T15:34:17.704406 #13380]  INFO -- : community card 3 of Spades
I, [2014-04-05T15:34:17.761975 #13380]  INFO -- : Player Mr Bazinga responded with 0 (200)
I, [2014-04-05T15:34:17.762276 #13380]  INFO -- : Mr Bazinga made a bet of 0 (check) and is left with 1570 chips. The pot now contains 640 chips.
E, [2014-04-05T15:34:18.264596 #13380] ERROR -- : Net::ReadTimeout
E, [2014-04-05T15:34:18.264934 #13380] ERROR -- : Player NoCo is unreachable
I, [2014-04-05T15:34:18.265485 #13380]  INFO -- : NoCo made a bet of 0 (check) and is left with 790 chips. The pot now contains 640 chips.
I, [2014-04-05T15:34:18.266353 #13380]  INFO -- : community card 2 of Clubs
I, [2014-04-05T15:34:18.277464 #13380]  INFO -- : Player Mr Bazinga responded with 520 (200)
I, [2014-04-05T15:34:18.278402 #13380]  INFO -- : Mr Bazinga made a bet of 520 (raise) and is left with 1050 chips. The pot now contains 1160 chips.
E, [2014-04-05T15:34:18.782576 #13380] ERROR -- : Net::ReadTimeout
E, [2014-04-05T15:34:18.782908 #13380] ERROR -- : Player NoCo is unreachable
I, [2014-04-05T15:34:18.783572 #13380]  INFO -- : NoCo made a bet of 0 (fold) and is left with 790 chips. The pot now contains 1160 chips.
I, [2014-04-05T15:34:18.785029 #13380]  INFO -- : Mr Bazinga won 1160
I, [2014-04-05T15:34:18.791514 #13380]  INFO -- : Player R3T responded with  (200)
I, [2014-04-05T15:34:18.799512 #13380]  INFO -- : Player Mr Bazinga responded with OK (200)
E, [2014-04-05T15:34:19.303741 #13380] ERROR -- : Net::ReadTimeout
E, [2014-04-05T15:34:19.304208 #13380] ERROR -- : Player NoCo is unreachable
I, [2014-04-05T15:34:19.305136 #13380]  INFO -- : NoCo received hole_card 3 of Hearts
I, [2014-04-05T15:34:19.305825 #13380]  INFO -- : Mr Bazinga received hole_card 3 of Diamonds
I, [2014-04-05T15:34:19.306368 #13380]  INFO -- : NoCo received hole_card 6 of Clubs
I, [2014-04-05T15:34:19.307007 #13380]  INFO -- : Mr Bazinga received hole_card 2 of Diamonds
I, [2014-04-05T15:34:19.308243 #13380]  INFO -- : NoCo made a bet of 160 (raise) and is left with 630 chips. The pot now contains 160 chips.
I, [2014-04-05T15:34:19.308511 #13380]  INFO -- : Mr Bazinga made a bet of 320 (raise) and is left with 1890 chips. The pot now contains 480 chips.
E, [2014-04-05T15:34:19.810436 #13380] ERROR -- : Net::ReadTimeout
E, [2014-04-05T15:34:19.810830 #13380] ERROR -- : Player NoCo is unreachable
I, [2014-04-05T15:34:19.811290 #13380]  INFO -- : NoCo made a bet of 0 (fold) and is left with 630 chips. The pot now contains 480 chips.
I, [2014-04-05T15:34:19.812500 #13380]  INFO -- : Mr Bazinga won 480
I, [2014-04-05T15:34:19.819247 #13380]  INFO -- : Player R3T responded with  (200)
I, [2014-04-05T15:34:19.823855 #13380]  INFO -- : Player Mr Bazinga responded with OK (200)
E, [2014-04-05T15:34:20.327926 #13380] ERROR -- : Net::ReadTimeout
E, [2014-04-05T15:34:20.328451 #13380] ERROR -- : Player NoCo is unreachable
I, [2014-04-05T15:34:20.328756 #13380]  INFO -- : Mr Bazinga received hole_card 9 of Diamonds
I, [2014-04-05T15:34:20.328899 #13380]  INFO -- : NoCo received hole_card 2 of Clubs
I, [2014-04-05T15:34:20.329055 #13380]  INFO -- : Mr Bazinga received hole_card 5 of Spades
I, [2014-04-05T15:34:20.329218 #13380]  INFO -- : NoCo received hole_card 6 of Hearts
I, [2014-04-05T15:34:20.329522 #13380]  INFO -- : Mr Bazinga made a bet of 160 (raise) and is left with 2210 chips. The pot now contains 160 chips.
I, [2014-04-05T15:34:20.329784 #13380]  INFO -- : NoCo made a bet of 320 (raise) and is left with 310 chips. The pot now contains 480 chips.
I, [2014-04-05T15:34:20.331705 #13380]  INFO -- : Player Mr Bazinga responded with 0 (200)
I, [2014-04-05T15:34:20.331985 #13380]  INFO -- : Mr Bazinga made a bet of 0 (fold) and is left with 2210 chips. The pot now contains 480 chips.
I, [2014-04-05T15:34:20.563005 #13380]  INFO -- : Player NoCo responded with 0 (200)
I, [2014-04-05T15:34:20.563212 #13380]  INFO -- : NoCo made a bet of 0 (check) and is left with 310 chips. The pot now contains 480 chips.
I, [2014-04-05T15:34:20.563572 #13380]  INFO -- : NoCo won 480
I, [2014-04-05T15:34:20.566022 #13380]  INFO -- : Player R3T responded with  (200)
I, [2014-04-05T15:34:20.568945 #13380]  INFO -- : Player Mr Bazinga responded with OK (200)
I, [2014-04-05T15:34:20.570762 #13380]  INFO -- : Player NoCo responded with  (200)
I, [2014-04-05T15:34:20.571080 #13380]  INFO -- : NoCo received hole_card 9 of Clubs
I, [2014-04-05T15:34:20.571261 #13380]  INFO -- : Mr Bazinga received hole_card Ace of Diamonds
I, [2014-04-05T15:34:20.571422 #13380]  INFO -- : NoCo received hole_card 2 of Clubs
I, [2014-04-05T15:34:20.571604 #13380]  INFO -- : Mr Bazinga received hole_card 4 of Spades
I, [2014-04-05T15:34:20.571876 #13380]  INFO -- : NoCo made a bet of 320 (raise) and is left with 470 chips. The pot now contains 320 chips.
I, [2014-04-05T15:34:20.572141 #13380]  INFO -- : Mr Bazinga made a bet of 640 (raise) and is left with 1570 chips. The pot now contains 960 chips.
I, [2014-04-05T15:34:20.574627 #13380]  INFO -- : Player NoCo responded with 0 (200)
I, [2014-04-05T15:34:20.574889 #13380]  INFO -- : NoCo made a bet of 0 (fold) and is left with 470 chips. The pot now contains 960 chips.
I, [2014-04-05T15:34:20.575267 #13380]  INFO -- : Mr Bazinga won 960
I, [2014-04-05T15:34:20.577355 #13380]  INFO -- : Player R3T responded with  (200)
I, [2014-04-05T15:34:20.578916 #13380]  INFO -- : Player Mr Bazinga responded with OK (200)
I, [2014-04-05T15:34:20.580613 #13380]  INFO -- : Player NoCo responded with  (200)
I, [2014-04-05T15:34:20.580912 #13380]  INFO -- : Mr Bazinga received hole_card 8 of Clubs
I, [2014-04-05T15:34:20.581087 #13380]  INFO -- : NoCo received hole_card Ace of Spades
I, [2014-04-05T15:34:20.581254 #13380]  INFO -- : Mr Bazinga received hole_card 7 of Hearts
I, [2014-04-05T15:34:20.581411 #13380]  INFO -- : NoCo received hole_card 10 of Spades
I, [2014-04-05T15:34:20.581677 #13380]  INFO -- : Mr Bazinga made a bet of 320 (raise) and is left with 2210 chips. The pot now contains 320 chips.
I, [2014-04-05T15:34:20.581931 #13380]  INFO -- : NoCo made a bet of 470 (allin) and is left with 0 chips. The pot now contains 790 chips.
I, [2014-04-05T15:34:20.583377 #13380]  INFO -- : Player Mr Bazinga responded with 0 (200)
I, [2014-04-05T15:34:20.583621 #13380]  INFO -- : Mr Bazinga made a bet of 0 (fold) and is left with 2210 chips. The pot now contains 790 chips.
I, [2014-04-05T15:34:20.583977 #13380]  INFO -- : NoCo won 790
I, [2014-04-05T15:34:20.586097 #13380]  INFO -- : Player R3T responded with  (200)
I, [2014-04-05T15:34:20.587806 #13380]  INFO -- : Player Mr Bazinga responded with OK (200)
I, [2014-04-05T15:34:20.590656 #13380]  INFO -- : Player NoCo responded with  (200)
I, [2014-04-05T15:34:20.591083 #13380]  INFO -- : NoCo received hole_card King of Hearts
I, [2014-04-05T15:34:20.591299 #13380]  INFO -- : Mr Bazinga received hole_card Queen of Hearts
I, [2014-04-05T15:34:20.591557 #13380]  INFO -- : NoCo received hole_card 2 of Diamonds
I, [2014-04-05T15:34:20.591742 #13380]  INFO -- : Mr Bazinga received hole_card 6 of Diamonds
I, [2014-04-05T15:34:20.592056 #13380]  INFO -- : NoCo made a bet of 320 (raise) and is left with 470 chips. The pot now contains 320 chips.
I, [2014-04-05T15:34:20.592339 #13380]  INFO -- : Mr Bazinga made a bet of 640 (raise) and is left with 1570 chips. The pot now contains 960 chips.
I, [2014-04-05T15:34:20.596138 #13380]  INFO -- : Player NoCo responded with 0 (200)
I, [2014-04-05T15:34:20.596371 #13380]  INFO -- : NoCo made a bet of 0 (fold) and is left with 470 chips. The pot now contains 960 chips.
I, [2014-04-05T15:34:20.596796 #13380]  INFO -- : Mr Bazinga won 960
I, [2014-04-05T15:34:20.599006 #13380]  INFO -- : Player R3T responded with  (200)
I, [2014-04-05T15:34:20.601203 #13380]  INFO -- : Player Mr Bazinga responded with OK (200)
I, [2014-04-05T15:34:20.603083 #13380]  INFO -- : Player NoCo responded with  (200)
I, [2014-04-05T15:34:20.603442 #13380]  INFO -- : Mr Bazinga received hole_card 5 of Clubs
I, [2014-04-05T15:34:20.603638 #13380]  INFO -- : NoCo received hole_card 2 of Clubs
I, [2014-04-05T15:34:20.603811 #13380]  INFO -- : Mr Bazinga received hole_card 7 of Diamonds
I, [2014-04-05T15:34:20.604002 #13380]  INFO -- : NoCo received hole_card 2 of Hearts
I, [2014-04-05T15:34:20.604398 #13380]  INFO -- : Mr Bazinga made a bet of 320 (raise) and is left with 2210 chips. The pot now contains 320 chips.
I, [2014-04-05T15:34:20.604683 #13380]  INFO -- : NoCo made a bet of 470 (allin) and is left with 0 chips. The pot now contains 790 chips.
I, [2014-04-05T15:34:20.606387 #13380]  INFO -- : Player Mr Bazinga responded with 0 (200)
I, [2014-04-05T15:34:20.606716 #13380]  INFO -- : Mr Bazinga made a bet of 0 (fold) and is left with 2210 chips. The pot now contains 790 chips.
I, [2014-04-05T15:34:20.607171 #13380]  INFO -- : NoCo won 790
I, [2014-04-05T15:34:20.613201 #13380]  INFO -- : Player R3T responded with  (200)
I, [2014-04-05T15:34:20.615533 #13380]  INFO -- : Player Mr Bazinga responded with OK (200)
I, [2014-04-05T15:34:20.618274 #13380]  INFO -- : Player NoCo responded with  (200)
I, [2014-04-05T15:34:20.618557 #13380]  INFO -- : NoCo received hole_card 9 of Clubs
I, [2014-04-05T15:34:20.618735 #13380]  INFO -- : Mr Bazinga received hole_card 10 of Clubs
I, [2014-04-05T15:34:20.618994 #13380]  INFO -- : NoCo received hole_card 6 of Spades
I, [2014-04-05T15:34:20.619426 #13380]  INFO -- : Mr Bazinga received hole_card Jack of Hearts
I, [2014-04-05T15:34:20.619842 #13380]  INFO -- : NoCo made a bet of 320 (raise) and is left with 470 chips. The pot now contains 320 chips.
I, [2014-04-05T15:34:20.620346 #13380]  INFO -- : Mr Bazinga made a bet of 640 (raise) and is left with 1570 chips. The pot now contains 960 chips.
I, [2014-04-05T15:34:20.623024 #13380]  INFO -- : Player NoCo responded with 0 (200)
I, [2014-04-05T15:34:20.623278 #13380]  INFO -- : NoCo made a bet of 0 (fold) and is left with 470 chips. The pot now contains 960 chips.
I, [2014-04-05T15:34:20.623693 #13380]  INFO -- : Mr Bazinga won 960
I, [2014-04-05T15:34:20.628997 #13380]  INFO -- : Player R3T responded with  (200)
I, [2014-04-05T15:34:20.631962 #13380]  INFO -- : Player Mr Bazinga responded with OK (200)
I, [2014-04-05T15:34:20.633710 #13380]  INFO -- : Player NoCo responded with  (200)
I, [2014-04-05T15:34:20.634282 #13380]  INFO -- : Mr Bazinga received hole_card Ace of Diamonds
I, [2014-04-05T15:34:20.634649 #13380]  INFO -- : NoCo received hole_card 2 of Spades
I, [2014-04-05T15:34:20.635060 #13380]  INFO -- : Mr Bazinga received hole_card King of Diamonds
I, [2014-04-05T15:34:20.635449 #13380]  INFO -- : NoCo received hole_card Queen of Spades
I, [2014-04-05T15:34:20.636080 #13380]  INFO -- : Mr Bazinga made a bet of 320 (raise) and is left with 2210 chips. The pot now contains 320 chips.
I, [2014-04-05T15:34:20.636646 #13380]  INFO -- : NoCo made a bet of 470 (allin) and is left with 0 chips. The pot now contains 790 chips.
I, [2014-04-05T15:34:20.638911 #13380]  INFO -- : Player Mr Bazinga responded with 670 (200)
I, [2014-04-05T15:34:20.639098 #13380]  INFO -- : Mr Bazinga made a bet of 670 (raise) and is left with 1540 chips. The pot now contains 1460 chips.
I, [2014-04-05T15:34:20.639296 #13380]  INFO -- : community card 6 of Clubs
I, [2014-04-05T15:34:20.639477 #13380]  INFO -- : community card 8 of Diamonds
I, [2014-04-05T15:34:20.639651 #13380]  INFO -- : community card Jack of Clubs
I, [2014-04-05T15:34:20.639809 #13380]  INFO -- : community card King of Spades
I, [2014-04-05T15:34:20.639993 #13380]  INFO -- : community card King of Clubs
I, [2014-04-05T15:34:20.641179 #13380]  INFO -- : Mr Bazinga showed Jack of Clubs,King of Spades,King of Clubs,King of Diamonds,Ace of Diamonds making a three of a kind
I, [2014-04-05T15:34:20.642196 #13380]  INFO -- : Mr Bazinga won 1460
I, [2014-04-05T15:34:20.647788 #13380]  INFO -- : Player R3T responded with  (200)
I, [2014-04-05T15:34:20.651275 #13380]  INFO -- : Player Mr Bazinga responded with OK (200)
I, [2014-04-05T15:34:20.655102 #13380]  INFO -- : Player NoCo responded with  (200)
