# Logfile created on 2014-04-05 15:18:46 +0200 by logger.rb/44203
I, [2014-04-05T15:18:46.602570 #8228]  INFO -- : Reseting R3T to origin/master
I, [2014-04-05T15:18:47.476796 #8228]  INFO -- : Reseting Mr Bazinga to origin/master
I, [2014-04-05T15:18:48.339617 #8228]  INFO -- : Reseting NoCo to origin/master
I, [2014-04-05T15:18:49.961776 #8228]  INFO -- : Connected R3T at http://localhost:8080/
I, [2014-04-05T15:18:49.965719 #8228]  INFO -- : Connected Mr Bazinga at http://localhost:1337/
I, [2014-04-05T15:18:49.968532 #8228]  INFO -- : Connected NoCo at http://localhost:8000/player_service.php
E, [2014-04-05T15:18:49.969595 #8228] ERROR -- : Connection refused - connect(2) for "localhost" port 8080
E, [2014-04-05T15:18:49.969752 #8228] ERROR -- : Player R3T is unreachable
I, [2014-04-05T15:18:49.969889 #8228]  INFO -- : Waiting for players to start
E, [2014-04-05T15:18:50.971616 #8228] ERROR -- : Connection refused - connect(2) for "localhost" port 8080
E, [2014-04-05T15:18:50.971782 #8228] ERROR -- : Player R3T is unreachable
I, [2014-04-05T15:18:50.971887 #8228]  INFO -- : Waiting for players to start
E, [2014-04-05T15:18:51.972554 #8228] ERROR -- : Connection refused - connect(2) for "localhost" port 8080
E, [2014-04-05T15:18:51.972693 #8228] ERROR -- : Player R3T is unreachable
I, [2014-04-05T15:18:51.972787 #8228]  INFO -- : Waiting for players to start
E, [2014-04-05T15:18:52.973532 #8228] ERROR -- : Connection refused - connect(2) for "localhost" port 8080
E, [2014-04-05T15:18:52.973820 #8228] ERROR -- : Player R3T is unreachable
I, [2014-04-05T15:18:52.973990 #8228]  INFO -- : Waiting for players to start
E, [2014-04-05T15:18:53.979727 #8228] ERROR -- : Connection refused - connect(2) for "localhost" port 8080
E, [2014-04-05T15:18:53.980084 #8228] ERROR -- : Player R3T is unreachable
I, [2014-04-05T15:18:53.980285 #8228]  INFO -- : Waiting for players to start
E, [2014-04-05T15:18:54.981006 #8228] ERROR -- : Connection refused - connect(2) for "localhost" port 8080
E, [2014-04-05T15:18:54.981138 #8228] ERROR -- : Player R3T is unreachable
I, [2014-04-05T15:18:54.981212 #8228]  INFO -- : Waiting for players to start
E, [2014-04-05T15:18:55.987163 #8228] ERROR -- : Connection refused - connect(2) for "localhost" port 8080
E, [2014-04-05T15:18:55.987432 #8228] ERROR -- : Player R3T is unreachable
I, [2014-04-05T15:18:55.987557 #8228]  INFO -- : Waiting for players to start
E, [2014-04-05T15:18:56.992193 #8228] ERROR -- : Connection refused - connect(2) for "localhost" port 8080
E, [2014-04-05T15:18:56.992374 #8228] ERROR -- : Player R3T is unreachable
I, [2014-04-05T15:18:56.992457 #8228]  INFO -- : Waiting for players to start
E, [2014-04-05T15:18:58.005614 #8228] ERROR -- : Connection refused - connect(2) for "localhost" port 8080
E, [2014-04-05T15:18:58.005928 #8228] ERROR -- : Player R3T is unreachable
I, [2014-04-05T15:18:58.006105 #8228]  INFO -- : Waiting for players to start
E, [2014-04-05T15:18:59.006768 #8228] ERROR -- : Connection refused - connect(2) for "localhost" port 8080
E, [2014-04-05T15:18:59.006964 #8228] ERROR -- : Player R3T is unreachable
I, [2014-04-05T15:18:59.007047 #8228]  INFO -- : Waiting for players to start
E, [2014-04-05T15:19:00.007606 #8228] ERROR -- : Connection refused - connect(2) for "localhost" port 8080
E, [2014-04-05T15:19:00.007729 #8228] ERROR -- : Player R3T is unreachable
I, [2014-04-05T15:19:00.007823 #8228]  INFO -- : Waiting for players to start
E, [2014-04-05T15:19:01.008435 #8228] ERROR -- : Connection refused - connect(2) for "localhost" port 8080
E, [2014-04-05T15:19:01.008574 #8228] ERROR -- : Player R3T is unreachable
I, [2014-04-05T15:19:01.008654 #8228]  INFO -- : Waiting for players to start
E, [2014-04-05T15:19:02.009231 #8228] ERROR -- : Connection refused - connect(2) for "localhost" port 8080
E, [2014-04-05T15:19:02.009378 #8228] ERROR -- : Player R3T is unreachable
I, [2014-04-05T15:19:02.009493 #8228]  INFO -- : Waiting for players to start
E, [2014-04-05T15:19:03.010087 #8228] ERROR -- : Connection refused - connect(2) for "localhost" port 8080
E, [2014-04-05T15:19:03.010251 #8228] ERROR -- : Player R3T is unreachable
I, [2014-04-05T15:19:03.010342 #8228]  INFO -- : Waiting for players to start
E, [2014-04-05T15:19:04.512829 #8228] ERROR -- : Net::ReadTimeout
E, [2014-04-05T15:19:04.513232 #8228] ERROR -- : Player R3T is unreachable
I, [2014-04-05T15:19:04.513484 #8228]  INFO -- : Waiting for players to start
E, [2014-04-05T15:19:06.015454 #8228] ERROR -- : Net::ReadTimeout
E, [2014-04-05T15:19:06.015827 #8228] ERROR -- : Player R3T is unreachable
I, [2014-04-05T15:19:06.016083 #8228]  INFO -- : Waiting for players to start
E, [2014-04-05T15:19:07.519619 #8228] ERROR -- : Net::ReadTimeout
E, [2014-04-05T15:19:07.519986 #8228] ERROR -- : Player R3T is unreachable
I, [2014-04-05T15:19:07.520242 #8228]  INFO -- : Waiting for players to start
E, [2014-04-05T15:19:09.023532 #8228] ERROR -- : Net::ReadTimeout
E, [2014-04-05T15:19:09.023840 #8228] ERROR -- : Player R3T is unreachable
I, [2014-04-05T15:19:09.024011 #8228]  INFO -- : Waiting for players to start
I, [2014-04-05T15:19:10.030416 #8228]  INFO -- : Player R3T responded with  (200)
I, [2014-04-05T15:19:10.053657 #8228]  INFO -- : Player Mr Bazinga responded with OK (200)
I, [2014-04-05T15:19:10.056375 #8228]  INFO -- : Player NoCo responded with  (200)
I, [2014-04-05T15:19:10.056495 #8228]  INFO -- : Players are running
I, [2014-04-05T15:19:10.075831 #8228]  INFO -- : Player R3T responded with v0.35 (200)
I, [2014-04-05T15:19:10.081323 #8228]  INFO -- : Player Mr Bazinga responded with Mr Bazinga PreFlop Version 2 (200)
I, [2014-04-05T15:19:10.083022 #8228]  INFO -- : Player NoCo responded with NoCo1518 (200)
I, [2014-04-05T15:19:10.083380 #8228]  INFO -- : Mr Bazinga received hole_card Jack of Hearts
I, [2014-04-05T15:19:10.083595 #8228]  INFO -- : NoCo received hole_card 10 of Diamonds
I, [2014-04-05T15:19:10.083808 #8228]  INFO -- : R3T received hole_card Queen of Spades
I, [2014-04-05T15:19:10.084087 #8228]  INFO -- : Mr Bazinga received hole_card 9 of Hearts
I, [2014-04-05T15:19:10.084340 #8228]  INFO -- : NoCo received hole_card 8 of Diamonds
I, [2014-04-05T15:19:10.084588 #8228]  INFO -- : R3T received hole_card 6 of Diamonds
I, [2014-04-05T15:19:10.090430 #8228]  INFO -- : Mr Bazinga made a bet of 10 (raise) and is left with 990 chips. The pot now contains 10 chips.
I, [2014-04-05T15:19:10.092367 #8228]  INFO -- : NoCo made a bet of 20 (raise) and is left with 980 chips. The pot now contains 30 chips.
I, [2014-04-05T15:19:10.154492 #8228]  INFO -- : Player R3T responded with 0 (200)
I, [2014-04-05T15:19:10.154744 #8228]  INFO -- : R3T made a bet of 0 (fold) and is left with 1000 chips. The pot now contains 30 chips.
I, [2014-04-05T15:19:10.158640 #8228]  INFO -- : Player Mr Bazinga responded with 20 (200)
I, [2014-04-05T15:19:10.158945 #8228]  INFO -- : Mr Bazinga made a bet of 20 (raise) and is left with 970 chips. The pot now contains 50 chips.
I, [2014-04-05T15:19:10.161162 #8228]  INFO -- : Player NoCo responded with  (200)
I, [2014-04-05T15:19:10.161404 #8228]  INFO -- : NoCo made a bet of 0 (fold) and is left with 980 chips. The pot now contains 50 chips.
I, [2014-04-05T15:19:10.161830 #8228]  INFO -- : Mr Bazinga won 50
I, [2014-04-05T15:19:10.166526 #8228]  INFO -- : Player R3T responded with  (200)
I, [2014-04-05T15:19:10.168910 #8228]  INFO -- : Player Mr Bazinga responded with OK (200)
I, [2014-04-05T15:19:10.170765 #8228]  INFO -- : Player NoCo responded with  (200)
I, [2014-04-05T15:19:10.171092 #8228]  INFO -- : NoCo received hole_card King of Clubs
I, [2014-04-05T15:19:10.171308 #8228]  INFO -- : R3T received hole_card King of Diamonds
I, [2014-04-05T15:19:10.171482 #8228]  INFO -- : Mr Bazinga received hole_card 8 of Spades
I, [2014-04-05T15:19:10.171684 #8228]  INFO -- : NoCo received hole_card 2 of Clubs
I, [2014-04-05T15:19:10.171904 #8228]  INFO -- : R3T received hole_card 7 of Hearts
I, [2014-04-05T15:19:10.172119 #8228]  INFO -- : Mr Bazinga received hole_card King of Spades
I, [2014-04-05T15:19:10.172437 #8228]  INFO -- : NoCo made a bet of 10 (raise) and is left with 970 chips. The pot now contains 10 chips.
I, [2014-04-05T15:19:10.172741 #8228]  INFO -- : R3T made a bet of 20 (raise) and is left with 980 chips. The pot now contains 30 chips.
I, [2014-04-05T15:19:10.174597 #8228]  INFO -- : Player Mr Bazinga responded with 30 (200)
I, [2014-04-05T15:19:10.174855 #8228]  INFO -- : Mr Bazinga made a bet of 30 (raise) and is left with 990 chips. The pot now contains 60 chips.
I, [2014-04-05T15:19:10.176969 #8228]  INFO -- : Player NoCo responded with  (200)
I, [2014-04-05T15:19:10.177199 #8228]  INFO -- : NoCo made a bet of 0 (fold) and is left with 970 chips. The pot now contains 60 chips.
I, [2014-04-05T15:19:10.180718 #8228]  INFO -- : Player R3T responded with 0 (200)
I, [2014-04-05T15:19:10.180999 #8228]  INFO -- : R3T made a bet of 0 (fold) and is left with 980 chips. The pot now contains 60 chips.
I, [2014-04-05T15:19:10.181652 #8228]  INFO -- : Mr Bazinga won 60
I, [2014-04-05T15:19:10.185108 #8228]  INFO -- : Player R3T responded with  (200)
I, [2014-04-05T15:19:10.194216 #8228]  INFO -- : Player Mr Bazinga responded with OK (200)
I, [2014-04-05T15:19:10.197489 #8228]  INFO -- : Player NoCo responded with  (200)
I, [2014-04-05T15:19:10.197922 #8228]  INFO -- : R3T received hole_card 8 of Spades
I, [2014-04-05T15:19:10.198107 #8228]  INFO -- : Mr Bazinga received hole_card Jack of Diamonds
I, [2014-04-05T15:19:10.198306 #8228]  INFO -- : NoCo received hole_card 3 of Diamonds
I, [2014-04-05T15:19:10.198538 #8228]  INFO -- : R3T received hole_card 2 of Diamonds
I, [2014-04-05T15:19:10.198758 #8228]  INFO -- : Mr Bazinga received hole_card King of Hearts
I, [2014-04-05T15:19:10.198981 #8228]  INFO -- : NoCo received hole_card 8 of Hearts
I, [2014-04-05T15:19:10.199370 #8228]  INFO -- : R3T made a bet of 10 (raise) and is left with 970 chips. The pot now contains 10 chips.
I, [2014-04-05T15:19:10.199689 #8228]  INFO -- : Mr Bazinga made a bet of 20 (raise) and is left with 1030 chips. The pot now contains 30 chips.
I, [2014-04-05T15:19:10.201927 #8228]  INFO -- : Player NoCo responded with 0 (200)
I, [2014-04-05T15:19:10.202232 #8228]  INFO -- : NoCo made a bet of 0 (fold) and is left with 970 chips. The pot now contains 30 chips.
I, [2014-04-05T15:19:10.205427 #8228]  INFO -- : Player R3T responded with 0 (200)
I, [2014-04-05T15:19:10.205738 #8228]  INFO -- : R3T made a bet of 0 (fold) and is left with 970 chips. The pot now contains 30 chips.
I, [2014-04-05T15:19:10.208070 #8228]  INFO -- : Player Mr Bazinga responded with 10 (200)
I, [2014-04-05T15:19:10.208382 #8228]  INFO -- : Mr Bazinga made a bet of 10 (raise) and is left with 1020 chips. The pot now contains 40 chips.
I, [2014-04-05T15:19:10.208838 #8228]  INFO -- : Mr Bazinga won 40
I, [2014-04-05T15:19:10.211733 #8228]  INFO -- : Player R3T responded with  (200)
I, [2014-04-05T15:19:10.213754 #8228]  INFO -- : Player Mr Bazinga responded with OK (200)
I, [2014-04-05T15:19:10.216229 #8228]  INFO -- : Player NoCo responded with  (200)
I, [2014-04-05T15:19:10.216687 #8228]  INFO -- : Mr Bazinga received hole_card Jack of Hearts
I, [2014-04-05T15:19:10.216989 #8228]  INFO -- : NoCo received hole_card 3 of Clubs
I, [2014-04-05T15:19:10.217182 #8228]  INFO -- : R3T received hole_card Jack of Diamonds
I, [2014-04-05T15:19:10.217393 #8228]  INFO -- : Mr Bazinga received hole_card 4 of Clubs
I, [2014-04-05T15:19:10.217577 #8228]  INFO -- : NoCo received hole_card 5 of Diamonds
I, [2014-04-05T15:19:10.217801 #8228]  INFO -- : R3T received hole_card 5 of Hearts
I, [2014-04-05T15:19:10.218110 #8228]  INFO -- : Mr Bazinga made a bet of 10 (raise) and is left with 1050 chips. The pot now contains 10 chips.
I, [2014-04-05T15:19:10.218386 #8228]  INFO -- : NoCo made a bet of 20 (raise) and is left with 950 chips. The pot now contains 30 chips.
I, [2014-04-05T15:19:10.222443 #8228]  INFO -- : Player R3T responded with 0 (200)
I, [2014-04-05T15:19:10.222771 #8228]  INFO -- : R3T made a bet of 0 (fold) and is left with 970 chips. The pot now contains 30 chips.
I, [2014-04-05T15:19:10.226015 #8228]  INFO -- : Player Mr Bazinga responded with 0 (200)
I, [2014-04-05T15:19:10.226320 #8228]  INFO -- : Mr Bazinga made a bet of 0 (fold) and is left with 1050 chips. The pot now contains 30 chips.
I, [2014-04-05T15:19:10.228261 #8228]  INFO -- : Player NoCo responded with 0 (200)
I, [2014-04-05T15:19:10.228474 #8228]  INFO -- : NoCo made a bet of 0 (check) and is left with 950 chips. The pot now contains 30 chips.
I, [2014-04-05T15:19:10.228885 #8228]  INFO -- : NoCo won 30
I, [2014-04-05T15:19:10.232091 #8228]  INFO -- : Player R3T responded with  (200)
I, [2014-04-05T15:19:10.234790 #8228]  INFO -- : Player Mr Bazinga responded with OK (200)
I, [2014-04-05T15:19:10.237002 #8228]  INFO -- : Player NoCo responded with  (200)
I, [2014-04-05T15:19:10.237418 #8228]  INFO -- : NoCo received hole_card Ace of Spades
I, [2014-04-05T15:19:10.237666 #8228]  INFO -- : R3T received hole_card 9 of Spades
I, [2014-04-05T15:19:10.237886 #8228]  INFO -- : Mr Bazinga received hole_card 5 of Spades
I, [2014-04-05T15:19:10.238072 #8228]  INFO -- : NoCo received hole_card 8 of Hearts
I, [2014-04-05T15:19:10.238707 #8228]  INFO -- : R3T received hole_card 7 of Diamonds
I, [2014-04-05T15:19:10.239121 #8228]  INFO -- : Mr Bazinga received hole_card 10 of Clubs
I, [2014-04-05T15:19:10.239999 #8228]  INFO -- : NoCo made a bet of 10 (raise) and is left with 970 chips. The pot now contains 10 chips.
I, [2014-04-05T15:19:10.240394 #8228]  INFO -- : R3T made a bet of 20 (raise) and is left with 950 chips. The pot now contains 30 chips.
I, [2014-04-05T15:19:10.243737 #8228]  INFO -- : Player Mr Bazinga responded with 0 (200)
I, [2014-04-05T15:19:10.244086 #8228]  INFO -- : Mr Bazinga made a bet of 0 (fold) and is left with 1050 chips. The pot now contains 30 chips.
I, [2014-04-05T15:19:10.246741 #8228]  INFO -- : Player NoCo responded with  (200)
I, [2014-04-05T15:19:10.247091 #8228]  INFO -- : NoCo made a bet of 0 (fold) and is left with 970 chips. The pot now contains 30 chips.
I, [2014-04-05T15:19:10.251038 #8228]  INFO -- : Player R3T responded with 0 (200)
I, [2014-04-05T15:19:10.251435 #8228]  INFO -- : R3T made a bet of 0 (check) and is left with 950 chips. The pot now contains 30 chips.
I, [2014-04-05T15:19:10.252158 #8228]  INFO -- : R3T won 30
I, [2014-04-05T15:19:10.254900 #8228]  INFO -- : Player R3T responded with  (200)
I, [2014-04-05T15:19:10.256914 #8228]  INFO -- : Player Mr Bazinga responded with OK (200)
I, [2014-04-05T15:19:10.258826 #8228]  INFO -- : Player NoCo responded with  (200)
I, [2014-04-05T15:19:10.259910 #8228]  INFO -- : R3T received hole_card King of Clubs
I, [2014-04-05T15:19:10.260718 #8228]  INFO -- : Mr Bazinga received hole_card 6 of Spades
I, [2014-04-05T15:19:10.261059 #8228]  INFO -- : NoCo received hole_card 9 of Hearts
I, [2014-04-05T15:19:10.261283 #8228]  INFO -- : R3T received hole_card 2 of Diamonds
I, [2014-04-05T15:19:10.261481 #8228]  INFO -- : Mr Bazinga received hole_card 3 of Clubs
I, [2014-04-05T15:19:10.261743 #8228]  INFO -- : NoCo received hole_card 8 of Hearts
I, [2014-04-05T15:19:10.262044 #8228]  INFO -- : R3T made a bet of 10 (raise) and is left with 970 chips. The pot now contains 10 chips.
I, [2014-04-05T15:19:10.262335 #8228]  INFO -- : Mr Bazinga made a bet of 20 (raise) and is left with 1030 chips. The pot now contains 30 chips.
I, [2014-04-05T15:19:10.264408 #8228]  INFO -- : Player NoCo responded with  (200)
I, [2014-04-05T15:19:10.264615 #8228]  INFO -- : NoCo made a bet of 0 (fold) and is left with 970 chips. The pot now contains 30 chips.
I, [2014-04-05T15:19:10.267188 #8228]  INFO -- : Player R3T responded with 0 (200)
I, [2014-04-05T15:19:10.267497 #8228]  INFO -- : R3T made a bet of 0 (fold) and is left with 970 chips. The pot now contains 30 chips.
I, [2014-04-05T15:19:10.269296 #8228]  INFO -- : Player Mr Bazinga responded with 0 (200)
I, [2014-04-05T15:19:10.269616 #8228]  INFO -- : Mr Bazinga made a bet of 0 (check) and is left with 1030 chips. The pot now contains 30 chips.
I, [2014-04-05T15:19:10.270043 #8228]  INFO -- : Mr Bazinga won 30
I, [2014-04-05T15:19:10.272975 #8228]  INFO -- : Player R3T responded with  (200)
I, [2014-04-05T15:19:10.275376 #8228]  INFO -- : Player Mr Bazinga responded with OK (200)
I, [2014-04-05T15:19:10.279326 #8228]  INFO -- : Player NoCo responded with  (200)
I, [2014-04-05T15:19:10.279695 #8228]  INFO -- : Mr Bazinga received hole_card 7 of Spades
I, [2014-04-05T15:19:10.279915 #8228]  INFO -- : NoCo received hole_card 6 of Clubs
I, [2014-04-05T15:19:10.280130 #8228]  INFO -- : R3T received hole_card 10 of Clubs
I, [2014-04-05T15:19:10.280337 #8228]  INFO -- : Mr Bazinga received hole_card 7 of Hearts
I, [2014-04-05T15:19:10.281438 #8228]  INFO -- : NoCo received hole_card 4 of Clubs
I, [2014-04-05T15:19:10.282212 #8228]  INFO -- : R3T received hole_card Ace of Hearts
I, [2014-04-05T15:19:10.282622 #8228]  INFO -- : Mr Bazinga made a bet of 10 (raise) and is left with 1050 chips. The pot now contains 10 chips.
I, [2014-04-05T15:19:10.282909 #8228]  INFO -- : NoCo made a bet of 20 (raise) and is left with 950 chips. The pot now contains 30 chips.
I, [2014-04-05T15:19:10.285578 #8228]  INFO -- : Player R3T responded with 0 (200)
I, [2014-04-05T15:19:10.285871 #8228]  INFO -- : R3T made a bet of 0 (fold) and is left with 970 chips. The pot now contains 30 chips.
I, [2014-04-05T15:19:10.287721 #8228]  INFO -- : Player Mr Bazinga responded with 220 (200)
I, [2014-04-05T15:19:10.287980 #8228]  INFO -- : Mr Bazinga made a bet of 220 (raise) and is left with 830 chips. The pot now contains 250 chips.
I, [2014-04-05T15:19:10.289882 #8228]  INFO -- : Player NoCo responded with 0 (200)
I, [2014-04-05T15:19:10.290128 #8228]  INFO -- : NoCo made a bet of 0 (fold) and is left with 950 chips. The pot now contains 250 chips.
I, [2014-04-05T15:19:10.290503 #8228]  INFO -- : Mr Bazinga won 250
I, [2014-04-05T15:19:10.293655 #8228]  INFO -- : Player R3T responded with  (200)
I, [2014-04-05T15:19:10.299131 #8228]  INFO -- : Player Mr Bazinga responded with OK (200)
I, [2014-04-05T15:19:10.302165 #8228]  INFO -- : Player NoCo responded with  (200)
I, [2014-04-05T15:19:10.302683 #8228]  INFO -- : NoCo received hole_card King of Diamonds
I, [2014-04-05T15:19:10.303423 #8228]  INFO -- : R3T received hole_card 8 of Diamonds
I, [2014-04-05T15:19:10.303827 #8228]  INFO -- : Mr Bazinga received hole_card 9 of Hearts
I, [2014-04-05T15:19:10.304139 #8228]  INFO -- : NoCo received hole_card 5 of Clubs
I, [2014-04-05T15:19:10.304548 #8228]  INFO -- : R3T received hole_card King of Hearts
I, [2014-04-05T15:19:10.304862 #8228]  INFO -- : Mr Bazinga received hole_card 7 of Diamonds
I, [2014-04-05T15:19:10.305462 #8228]  INFO -- : NoCo made a bet of 10 (raise) and is left with 940 chips. The pot now contains 10 chips.
I, [2014-04-05T15:19:10.306014 #8228]  INFO -- : R3T made a bet of 20 (raise) and is left with 950 chips. The pot now contains 30 chips.
I, [2014-04-05T15:19:10.310604 #8228]  INFO -- : Player Mr Bazinga responded with 0 (200)
I, [2014-04-05T15:19:10.311024 #8228]  INFO -- : Mr Bazinga made a bet of 0 (fold) and is left with 1080 chips. The pot now contains 30 chips.
I, [2014-04-05T15:19:10.317807 #8228]  INFO -- : Player NoCo responded with  (200)
I, [2014-04-05T15:19:10.318197 #8228]  INFO -- : NoCo made a bet of 0 (fold) and is left with 940 chips. The pot now contains 30 chips.
I, [2014-04-05T15:19:10.322664 #8228]  INFO -- : Player R3T responded with 0 (200)
I, [2014-04-05T15:19:10.322997 #8228]  INFO -- : R3T made a bet of 0 (check) and is left with 950 chips. The pot now contains 30 chips.
I, [2014-04-05T15:19:10.323658 #8228]  INFO -- : R3T won 30
I, [2014-04-05T15:19:10.327793 #8228]  INFO -- : Player R3T responded with  (200)
I, [2014-04-05T15:19:10.334209 #8228]  INFO -- : Player Mr Bazinga responded with OK (200)
I, [2014-04-05T15:19:10.340417 #8228]  INFO -- : Player NoCo responded with  (200)
I, [2014-04-05T15:19:10.340874 #8228]  INFO -- : R3T received hole_card Jack of Hearts
I, [2014-04-05T15:19:10.341140 #8228]  INFO -- : Mr Bazinga received hole_card Jack of Spades
I, [2014-04-05T15:19:10.341401 #8228]  INFO -- : NoCo received hole_card 7 of Hearts
I, [2014-04-05T15:19:10.341700 #8228]  INFO -- : R3T received hole_card 3 of Spades
I, [2014-04-05T15:19:10.342017 #8228]  INFO -- : Mr Bazinga received hole_card Queen of Spades
I, [2014-04-05T15:19:10.342286 #8228]  INFO -- : NoCo received hole_card 10 of Diamonds
I, [2014-04-05T15:19:10.343024 #8228]  INFO -- : R3T made a bet of 10 (raise) and is left with 970 chips. The pot now contains 10 chips.
I, [2014-04-05T15:19:10.343624 #8228]  INFO -- : Mr Bazinga made a bet of 20 (raise) and is left with 1060 chips. The pot now contains 30 chips.
I, [2014-04-05T15:19:10.348308 #8228]  INFO -- : Player NoCo responded with  (200)
I, [2014-04-05T15:19:10.348917 #8228]  INFO -- : NoCo made a bet of 0 (fold) and is left with 940 chips. The pot now contains 30 chips.
I, [2014-04-05T15:19:10.353239 #8228]  INFO -- : Player R3T responded with 0 (200)
I, [2014-04-05T15:19:10.353646 #8228]  INFO -- : R3T made a bet of 0 (fold) and is left with 970 chips. The pot now contains 30 chips.
I, [2014-04-05T15:19:10.355868 #8228]  INFO -- : Player Mr Bazinga responded with 210 (200)
I, [2014-04-05T15:19:10.356232 #8228]  INFO -- : Mr Bazinga made a bet of 210 (raise) and is left with 850 chips. The pot now contains 240 chips.
I, [2014-04-05T15:19:10.356923 #8228]  INFO -- : Mr Bazinga won 240
I, [2014-04-05T15:19:10.360606 #8228]  INFO -- : Player R3T responded with  (200)
I, [2014-04-05T15:19:10.363826 #8228]  INFO -- : Player Mr Bazinga responded with OK (200)
I, [2014-04-05T15:19:10.378490 #8228]  INFO -- : Player NoCo responded with  (200)
I, [2014-04-05T15:19:10.379027 #8228]  INFO -- : Mr Bazinga received hole_card Queen of Spades
I, [2014-04-05T15:19:10.379360 #8228]  INFO -- : NoCo received hole_card 8 of Diamonds
I, [2014-04-05T15:19:10.379713 #8228]  INFO -- : R3T received hole_card Queen of Clubs
I, [2014-04-05T15:19:10.380071 #8228]  INFO -- : Mr Bazinga received hole_card 4 of Diamonds
I, [2014-04-05T15:19:10.380517 #8228]  INFO -- : NoCo received hole_card 7 of Diamonds
I, [2014-04-05T15:19:10.380861 #8228]  INFO -- : R3T received hole_card 10 of Clubs
I, [2014-04-05T15:19:10.381412 #8228]  INFO -- : Mr Bazinga made a bet of 20 (raise) and is left with 1070 chips. The pot now contains 20 chips.
I, [2014-04-05T15:19:10.382189 #8228]  INFO -- : NoCo made a bet of 40 (raise) and is left with 900 chips. The pot now contains 60 chips.
I, [2014-04-05T15:19:10.392196 #8228]  INFO -- : Player R3T responded with 234 (200)
I, [2014-04-05T15:19:10.392709 #8228]  INFO -- : R3T made a bet of 234 (raise) and is left with 736 chips. The pot now contains 294 chips.
I, [2014-04-05T15:19:10.401696 #8228]  INFO -- : Player Mr Bazinga responded with 0 (200)
I, [2014-04-05T15:19:10.402305 #8228]  INFO -- : Mr Bazinga made a bet of 0 (fold) and is left with 1070 chips. The pot now contains 294 chips.
I, [2014-04-05T15:19:10.407302 #8228]  INFO -- : Player NoCo responded with  (200)
I, [2014-04-05T15:19:10.407777 #8228]  INFO -- : NoCo made a bet of 0 (fold) and is left with 900 chips. The pot now contains 294 chips.
I, [2014-04-05T15:19:10.408519 #8228]  INFO -- : R3T won 294
I, [2014-04-05T15:19:10.413196 #8228]  INFO -- : Player R3T responded with  (200)
I, [2014-04-05T15:19:10.417110 #8228]  INFO -- : Player Mr Bazinga responded with OK (200)
I, [2014-04-05T15:19:10.421259 #8228]  INFO -- : Player NoCo responded with  (200)
I, [2014-04-05T15:19:10.421881 #8228]  INFO -- : NoCo received hole_card 8 of Diamonds
I, [2014-04-05T15:19:10.422371 #8228]  INFO -- : R3T received hole_card Ace of Diamonds
I, [2014-04-05T15:19:10.422818 #8228]  INFO -- : Mr Bazinga received hole_card 10 of Clubs
I, [2014-04-05T15:19:10.423191 #8228]  INFO -- : NoCo received hole_card 8 of Spades
I, [2014-04-05T15:19:10.423596 #8228]  INFO -- : R3T received hole_card 2 of Clubs
I, [2014-04-05T15:19:10.423969 #8228]  INFO -- : Mr Bazinga received hole_card 4 of Spades
I, [2014-04-05T15:19:10.424543 #8228]  INFO -- : NoCo made a bet of 20 (raise) and is left with 880 chips. The pot now contains 20 chips.
I, [2014-04-05T15:19:10.425155 #8228]  INFO -- : R3T made a bet of 40 (raise) and is left with 990 chips. The pot now contains 60 chips.
I, [2014-04-05T15:19:10.430774 #8228]  INFO -- : Player Mr Bazinga responded with 0 (200)
I, [2014-04-05T15:19:10.431177 #8228]  INFO -- : Mr Bazinga made a bet of 0 (fold) and is left with 1070 chips. The pot now contains 60 chips.
I, [2014-04-05T15:19:10.434696 #8228]  INFO -- : Player NoCo responded with 1760 (200)
I, [2014-04-05T15:19:10.435050 #8228]  INFO -- : NoCo made a bet of 880 (allin) and is left with 0 chips. The pot now contains 940 chips.
I, [2014-04-05T15:19:10.440780 #8228]  INFO -- : Player R3T responded with 0 (200)
I, [2014-04-05T15:19:10.441204 #8228]  INFO -- : R3T made a bet of 0 (fold) and is left with 990 chips. The pot now contains 940 chips.
I, [2014-04-05T15:19:10.441836 #8228]  INFO -- : NoCo won 940
I, [2014-04-05T15:19:10.446887 #8228]  INFO -- : Player R3T responded with  (200)
I, [2014-04-05T15:19:10.448891 #8228]  INFO -- : Player Mr Bazinga responded with OK (200)
I, [2014-04-05T15:19:10.450847 #8228]  INFO -- : Player NoCo responded with  (200)
I, [2014-04-05T15:19:10.451185 #8228]  INFO -- : R3T received hole_card King of Clubs
I, [2014-04-05T15:19:10.451377 #8228]  INFO -- : Mr Bazinga received hole_card 9 of Diamonds
I, [2014-04-05T15:19:10.451570 #8228]  INFO -- : NoCo received hole_card 8 of Clubs
I, [2014-04-05T15:19:10.451772 #8228]  INFO -- : R3T received hole_card 2 of Clubs
I, [2014-04-05T15:19:10.451952 #8228]  INFO -- : Mr Bazinga received hole_card 3 of Spades
I, [2014-04-05T15:19:10.452171 #8228]  INFO -- : NoCo received hole_card 5 of Diamonds
I, [2014-04-05T15:19:10.452478 #8228]  INFO -- : R3T made a bet of 20 (raise) and is left with 970 chips. The pot now contains 20 chips.
I, [2014-04-05T15:19:10.452737 #8228]  INFO -- : Mr Bazinga made a bet of 40 (raise) and is left with 1030 chips. The pot now contains 60 chips.
I, [2014-04-05T15:19:10.454559 #8228]  INFO -- : Player NoCo responded with 0 (200)
I, [2014-04-05T15:19:10.454790 #8228]  INFO -- : NoCo made a bet of 0 (fold) and is left with 940 chips. The pot now contains 60 chips.
I, [2014-04-05T15:19:10.457765 #8228]  INFO -- : Player R3T responded with 234 (200)
I, [2014-04-05T15:19:10.458177 #8228]  INFO -- : R3T made a bet of 234 (raise) and is left with 736 chips. The pot now contains 294 chips.
I, [2014-04-05T15:19:10.460557 #8228]  INFO -- : Player Mr Bazinga responded with 0 (200)
I, [2014-04-05T15:19:10.460862 #8228]  INFO -- : Mr Bazinga made a bet of 0 (fold) and is left with 1030 chips. The pot now contains 294 chips.
I, [2014-04-05T15:19:10.461309 #8228]  INFO -- : R3T won 294
I, [2014-04-05T15:19:10.465115 #8228]  INFO -- : Player R3T responded with  (200)
I, [2014-04-05T15:19:10.468459 #8228]  INFO -- : Player Mr Bazinga responded with OK (200)
I, [2014-04-05T15:19:10.470570 #8228]  INFO -- : Player NoCo responded with  (200)
I, [2014-04-05T15:19:10.471031 #8228]  INFO -- : Mr Bazinga received hole_card 8 of Hearts
I, [2014-04-05T15:19:10.471316 #8228]  INFO -- : NoCo received hole_card 10 of Spades
I, [2014-04-05T15:19:10.471612 #8228]  INFO -- : R3T received hole_card 10 of Clubs
I, [2014-04-05T15:19:10.471891 #8228]  INFO -- : Mr Bazinga received hole_card 6 of Hearts
I, [2014-04-05T15:19:10.472187 #8228]  INFO -- : NoCo received hole_card 9 of Spades
I, [2014-04-05T15:19:10.472503 #8228]  INFO -- : R3T received hole_card 5 of Diamonds
I, [2014-04-05T15:19:10.472995 #8228]  INFO -- : Mr Bazinga made a bet of 20 (raise) and is left with 1010 chips. The pot now contains 20 chips.
I, [2014-04-05T15:19:10.473401 #8228]  INFO -- : NoCo made a bet of 40 (raise) and is left with 900 chips. The pot now contains 60 chips.
I, [2014-04-05T15:19:10.476008 #8228]  INFO -- : Player R3T responded with 0 (200)
I, [2014-04-05T15:19:10.476344 #8228]  INFO -- : R3T made a bet of 0 (fold) and is left with 1030 chips. The pot now contains 60 chips.
I, [2014-04-05T15:19:10.480026 #8228]  INFO -- : Player Mr Bazinga responded with 40 (200)
I, [2014-04-05T15:19:10.480370 #8228]  INFO -- : Mr Bazinga made a bet of 40 (raise) and is left with 970 chips. The pot now contains 100 chips.
I, [2014-04-05T15:19:10.482249 #8228]  INFO -- : Player NoCo responded with 200 (200)
I, [2014-04-05T15:19:10.482491 #8228]  INFO -- : NoCo made a bet of 200 (raise) and is left with 700 chips. The pot now contains 300 chips.
I, [2014-04-05T15:19:10.484227 #8228]  INFO -- : Player Mr Bazinga responded with 360 (200)
I, [2014-04-05T15:19:10.484483 #8228]  INFO -- : Mr Bazinga made a bet of 360 (raise) and is left with 610 chips. The pot now contains 660 chips.
I, [2014-04-05T15:19:10.487329 #8228]  INFO -- : Player NoCo responded with 420 (200)
I, [2014-04-05T15:19:10.487872 #8228]  INFO -- : NoCo made a bet of 420 (raise) and is left with 280 chips. The pot now contains 1080 chips.
I, [2014-04-05T15:19:10.490827 #8228]  INFO -- : Player Mr Bazinga responded with 480 (200)
I, [2014-04-05T15:19:10.491167 #8228]  INFO -- : Mr Bazinga made a bet of 480 (raise) and is left with 130 chips. The pot now contains 1560 chips.
I, [2014-04-05T15:19:10.493422 #8228]  INFO -- : Player NoCo responded with 900 (200)
I, [2014-04-05T15:19:10.493761 #8228]  INFO -- : NoCo made a bet of 280 (allin) and is left with 0 chips. The pot now contains 1840 chips.
I, [2014-04-05T15:19:10.497656 #8228]  INFO -- : Player Mr Bazinga responded with 280 (200)
I, [2014-04-05T15:19:10.497924 #8228]  INFO -- : Mr Bazinga made a bet of 130 (allin) and is left with 0 chips. The pot now contains 1970 chips.
I, [2014-04-05T15:19:10.498135 #8228]  INFO -- : community card 2 of Hearts
I, [2014-04-05T15:19:10.498322 #8228]  INFO -- : community card Queen of Diamonds
I, [2014-04-05T15:19:10.498517 #8228]  INFO -- : community card 9 of Hearts
I, [2014-04-05T15:19:10.498720 #8228]  INFO -- : community card 8 of Diamonds
I, [2014-04-05T15:19:10.498925 #8228]  INFO -- : community card Jack of Spades
I, [2014-04-05T15:19:10.499725 #8228]  INFO -- : Mr Bazinga showed 8 of Diamonds,8 of Hearts,9 of Hearts,Jack of Spades,Queen of Diamonds making a pair
I, [2014-04-05T15:19:10.500616 #8228]  INFO -- : NoCo showed 8 of Diamonds,9 of Spades,10 of Spades,Jack of Spades,Queen of Diamonds making a straight
I, [2014-04-05T15:19:10.501052 #8228]  INFO -- : NoCo won 1880
I, [2014-04-05T15:19:10.501481 #8228]  INFO -- : Mr Bazinga won 90
I, [2014-04-05T15:19:10.507647 #8228]  INFO -- : Player R3T responded with  (200)
I, [2014-04-05T15:19:10.512496 #8228]  INFO -- : Player Mr Bazinga responded with OK (200)
I, [2014-04-05T15:19:10.515742 #8228]  INFO -- : Player NoCo responded with  (200)
I, [2014-04-05T15:19:10.516216 #8228]  INFO -- : NoCo received hole_card 4 of Diamonds
I, [2014-04-05T15:19:10.516518 #8228]  INFO -- : R3T received hole_card 7 of Hearts
I, [2014-04-05T15:19:10.516781 #8228]  INFO -- : Mr Bazinga received hole_card King of Clubs
I, [2014-04-05T15:19:10.517081 #8228]  INFO -- : NoCo received hole_card Jack of Diamonds
I, [2014-04-05T15:19:10.517364 #8228]  INFO -- : R3T received hole_card 5 of Spades
I, [2014-04-05T15:19:10.517724 #8228]  INFO -- : Mr Bazinga received hole_card 6 of Spades
I, [2014-04-05T15:19:10.518379 #8228]  INFO -- : NoCo made a bet of 20 (raise) and is left with 1860 chips. The pot now contains 20 chips.
I, [2014-04-05T15:19:10.518988 #8228]  INFO -- : R3T made a bet of 40 (raise) and is left with 990 chips. The pot now contains 60 chips.
I, [2014-04-05T15:19:10.521845 #8228]  INFO -- : Player Mr Bazinga responded with 0 (200)
I, [2014-04-05T15:19:10.522138 #8228]  INFO -- : Mr Bazinga made a bet of 0 (fold) and is left with 90 chips. The pot now contains 60 chips.
I, [2014-04-05T15:19:10.524358 #8228]  INFO -- : Player NoCo responded with  (200)
I, [2014-04-05T15:19:10.524536 #8228]  INFO -- : NoCo made a bet of 0 (fold) and is left with 1860 chips. The pot now contains 60 chips.
I, [2014-04-05T15:19:10.527178 #8228]  INFO -- : Player R3T responded with 0 (200)
I, [2014-04-05T15:19:10.527421 #8228]  INFO -- : R3T made a bet of 0 (check) and is left with 990 chips. The pot now contains 60 chips.
I, [2014-04-05T15:19:10.527832 #8228]  INFO -- : R3T won 60
I, [2014-04-05T15:19:10.531493 #8228]  INFO -- : Player R3T responded with  (200)
I, [2014-04-05T15:19:10.534173 #8228]  INFO -- : Player Mr Bazinga responded with OK (200)
I, [2014-04-05T15:19:10.536516 #8228]  INFO -- : Player NoCo responded with  (200)
I, [2014-04-05T15:19:10.537613 #8228]  INFO -- : R3T received hole_card Queen of Clubs
I, [2014-04-05T15:19:10.538258 #8228]  INFO -- : Mr Bazinga received hole_card 9 of Hearts
I, [2014-04-05T15:19:10.538869 #8228]  INFO -- : NoCo received hole_card 6 of Clubs
I, [2014-04-05T15:19:10.539461 #8228]  INFO -- : R3T received hole_card Queen of Hearts
I, [2014-04-05T15:19:10.540143 #8228]  INFO -- : Mr Bazinga received hole_card 3 of Hearts
I, [2014-04-05T15:19:10.540747 #8228]  INFO -- : NoCo received hole_card 10 of Spades
I, [2014-04-05T15:19:10.541644 #8228]  INFO -- : R3T made a bet of 20 (raise) and is left with 1030 chips. The pot now contains 20 chips.
I, [2014-04-05T15:19:10.542484 #8228]  INFO -- : Mr Bazinga made a bet of 40 (raise) and is left with 50 chips. The pot now contains 60 chips.
I, [2014-04-05T15:19:10.546609 #8228]  INFO -- : Player NoCo responded with 0 (200)
I, [2014-04-05T15:19:10.546999 #8228]  INFO -- : NoCo made a bet of 0 (fold) and is left with 1860 chips. The pot now contains 60 chips.
I, [2014-04-05T15:19:10.551121 #8228]  INFO -- : Player R3T responded with 452 (200)
I, [2014-04-05T15:19:10.551419 #8228]  INFO -- : R3T made a bet of 452 (raise) and is left with 578 chips. The pot now contains 512 chips.
I, [2014-04-05T15:19:10.556002 #8228]  INFO -- : Player Mr Bazinga responded with 864 (200)
I, [2014-04-05T15:19:10.556802 #8228]  INFO -- : Mr Bazinga made a bet of 50 (allin) and is left with 0 chips. The pot now contains 562 chips.
I, [2014-04-05T15:19:10.557532 #8228]  INFO -- : community card 5 of Spades
I, [2014-04-05T15:19:10.558237 #8228]  INFO -- : community card 4 of Clubs
I, [2014-04-05T15:19:10.558945 #8228]  INFO -- : community card King of Spades
I, [2014-04-05T15:19:10.559585 #8228]  INFO -- : community card 10 of Diamonds
I, [2014-04-05T15:19:10.560265 #8228]  INFO -- : community card 4 of Diamonds
I, [2014-04-05T15:19:10.560724 #8228]  INFO -- : R3T showed 4 of Clubs,4 of Diamonds,Queen of Hearts,Queen of Clubs,King of Spades making a two pairs
I, [2014-04-05T15:19:10.561070 #8228]  INFO -- : R3T won 562
I, [2014-04-05T15:19:10.565708 #8228]  INFO -- : Player R3T responded with  (200)
I, [2014-04-05T15:19:10.568466 #8228]  INFO -- : Player Mr Bazinga responded with OK (200)
I, [2014-04-05T15:19:10.571403 #8228]  INFO -- : Player NoCo responded with  (200)
I, [2014-04-05T15:19:10.571713 #8228]  INFO -- : NoCo received hole_card 4 of Spades
I, [2014-04-05T15:19:10.571879 #8228]  INFO -- : R3T received hole_card 4 of Clubs
I, [2014-04-05T15:19:10.572083 #8228]  INFO -- : NoCo received hole_card 7 of Spades
I, [2014-04-05T15:19:10.572379 #8228]  INFO -- : R3T received hole_card Jack of Hearts
I, [2014-04-05T15:19:10.572898 #8228]  INFO -- : NoCo made a bet of 20 (raise) and is left with 1840 chips. The pot now contains 20 chips.
I, [2014-04-05T15:19:10.573359 #8228]  INFO -- : R3T made a bet of 40 (raise) and is left with 1100 chips. The pot now contains 60 chips.
I, [2014-04-05T15:19:10.577312 #8228]  INFO -- : Player NoCo responded with 0 (200)
I, [2014-04-05T15:19:10.577969 #8228]  INFO -- : NoCo made a bet of 0 (fold) and is left with 1840 chips. The pot now contains 60 chips.
I, [2014-04-05T15:19:10.582891 #8228]  INFO -- : Player R3T responded with 0 (200)
I, [2014-04-05T15:19:10.583367 #8228]  INFO -- : R3T made a bet of 0 (check) and is left with 1100 chips. The pot now contains 60 chips.
I, [2014-04-05T15:19:10.584534 #8228]  INFO -- : R3T won 60
I, [2014-04-05T15:19:10.588670 #8228]  INFO -- : Player R3T responded with  (200)
I, [2014-04-05T15:19:10.592155 #8228]  INFO -- : Player Mr Bazinga responded with OK (200)
I, [2014-04-05T15:19:10.594920 #8228]  INFO -- : Player NoCo responded with  (200)
I, [2014-04-05T15:19:10.595534 #8228]  INFO -- : R3T received hole_card 10 of Hearts
I, [2014-04-05T15:19:10.595919 #8228]  INFO -- : NoCo received hole_card 2 of Hearts
I, [2014-04-05T15:19:10.596257 #8228]  INFO -- : R3T received hole_card 7 of Diamonds
I, [2014-04-05T15:19:10.596405 #8228]  INFO -- : NoCo received hole_card 4 of Clubs
I, [2014-04-05T15:19:10.596689 #8228]  INFO -- : R3T made a bet of 20 (raise) and is left with 1140 chips. The pot now contains 20 chips.
I, [2014-04-05T15:19:10.596907 #8228]  INFO -- : NoCo made a bet of 40 (raise) and is left with 1800 chips. The pot now contains 60 chips.
I, [2014-04-05T15:19:10.600191 #8228]  INFO -- : Player R3T responded with 0 (200)
I, [2014-04-05T15:19:10.600426 #8228]  INFO -- : R3T made a bet of 0 (fold) and is left with 1140 chips. The pot now contains 60 chips.
I, [2014-04-05T15:19:10.600802 #8228]  INFO -- : NoCo won 60
I, [2014-04-05T15:19:10.605059 #8228]  INFO -- : Player R3T responded with  (200)
I, [2014-04-05T15:19:10.607225 #8228]  INFO -- : Player Mr Bazinga responded with OK (200)
I, [2014-04-05T15:19:10.610170 #8228]  INFO -- : Player NoCo responded with  (200)
I, [2014-04-05T15:19:10.610645 #8228]  INFO -- : NoCo received hole_card 9 of Spades
I, [2014-04-05T15:19:10.610920 #8228]  INFO -- : R3T received hole_card 10 of Clubs
I, [2014-04-05T15:19:10.611174 #8228]  INFO -- : NoCo received hole_card 6 of Spades
I, [2014-04-05T15:19:10.611400 #8228]  INFO -- : R3T received hole_card 4 of Clubs
I, [2014-04-05T15:19:10.611774 #8228]  INFO -- : NoCo made a bet of 20 (raise) and is left with 1840 chips. The pot now contains 20 chips.
I, [2014-04-05T15:19:10.612144 #8228]  INFO -- : R3T made a bet of 40 (raise) and is left with 1100 chips. The pot now contains 60 chips.
I, [2014-04-05T15:19:10.616518 #8228]  INFO -- : Player NoCo responded with  (200)
I, [2014-04-05T15:19:10.617162 #8228]  INFO -- : NoCo made a bet of 0 (fold) and is left with 1840 chips. The pot now contains 60 chips.
I, [2014-04-05T15:19:10.623302 #8228]  INFO -- : Player R3T responded with 260 (200)
I, [2014-04-05T15:19:10.623643 #8228]  INFO -- : R3T made a bet of 260 (raise) and is left with 840 chips. The pot now contains 320 chips.
I, [2014-04-05T15:19:10.624359 #8228]  INFO -- : R3T won 320
I, [2014-04-05T15:19:10.631319 #8228]  INFO -- : Player R3T responded with  (200)
I, [2014-04-05T15:19:10.635388 #8228]  INFO -- : Player Mr Bazinga responded with OK (200)
I, [2014-04-05T15:19:10.640966 #8228]  INFO -- : Player NoCo responded with  (200)
I, [2014-04-05T15:19:10.641904 #8228]  INFO -- : R3T received hole_card Jack of Hearts
I, [2014-04-05T15:19:10.642275 #8228]  INFO -- : NoCo received hole_card King of Diamonds
I, [2014-04-05T15:19:10.642516 #8228]  INFO -- : R3T received hole_card 4 of Spades
I, [2014-04-05T15:19:10.642756 #8228]  INFO -- : NoCo received hole_card 3 of Spades
I, [2014-04-05T15:19:10.643185 #8228]  INFO -- : R3T made a bet of 40 (raise) and is left with 1120 chips. The pot now contains 40 chips.
I, [2014-04-05T15:19:10.643516 #8228]  INFO -- : NoCo made a bet of 80 (raise) and is left with 1760 chips. The pot now contains 120 chips.
I, [2014-04-05T15:19:10.648531 #8228]  INFO -- : Player R3T responded with 0 (200)
I, [2014-04-05T15:19:10.649135 #8228]  INFO -- : R3T made a bet of 0 (fold) and is left with 1120 chips. The pot now contains 120 chips.
I, [2014-04-05T15:19:10.650240 #8228]  INFO -- : NoCo won 120
I, [2014-04-05T15:19:10.660555 #8228]  INFO -- : Player R3T responded with  (200)
I, [2014-04-05T15:19:10.666139 #8228]  INFO -- : Player Mr Bazinga responded with OK (200)
I, [2014-04-05T15:19:10.669559 #8228]  INFO -- : Player NoCo responded with  (200)
I, [2014-04-05T15:19:10.670064 #8228]  INFO -- : NoCo received hole_card 10 of Hearts
I, [2014-04-05T15:19:10.670331 #8228]  INFO -- : R3T received hole_card 8 of Spades
I, [2014-04-05T15:19:10.670662 #8228]  INFO -- : NoCo received hole_card 9 of Spades
I, [2014-04-05T15:19:10.670991 #8228]  INFO -- : R3T received hole_card Jack of Hearts
I, [2014-04-05T15:19:10.671699 #8228]  INFO -- : NoCo made a bet of 40 (raise) and is left with 1840 chips. The pot now contains 40 chips.
I, [2014-04-05T15:19:10.672143 #8228]  INFO -- : R3T made a bet of 80 (raise) and is left with 1040 chips. The pot now contains 120 chips.
I, [2014-04-05T15:19:10.675911 #8228]  INFO -- : Player NoCo responded with  (200)
I, [2014-04-05T15:19:10.676229 #8228]  INFO -- : NoCo made a bet of 0 (fold) and is left with 1840 chips. The pot now contains 120 chips.
I, [2014-04-05T15:19:10.678890 #8228]  INFO -- : Player R3T responded with 0 (200)
I, [2014-04-05T15:19:10.679148 #8228]  INFO -- : R3T made a bet of 0 (check) and is left with 1040 chips. The pot now contains 120 chips.
I, [2014-04-05T15:19:10.679532 #8228]  INFO -- : R3T won 120
I, [2014-04-05T15:19:10.681670 #8228]  INFO -- : Player R3T responded with  (200)
I, [2014-04-05T15:19:10.683258 #8228]  INFO -- : Player Mr Bazinga responded with OK (200)
I, [2014-04-05T15:19:10.685052 #8228]  INFO -- : Player NoCo responded with  (200)
I, [2014-04-05T15:19:10.685538 #8228]  INFO -- : R3T received hole_card 4 of Clubs
I, [2014-04-05T15:19:10.685793 #8228]  INFO -- : NoCo received hole_card 4 of Spades
I, [2014-04-05T15:19:10.686070 #8228]  INFO -- : R3T received hole_card 8 of Diamonds
I, [2014-04-05T15:19:10.686362 #8228]  INFO -- : NoCo received hole_card 5 of Clubs
I, [2014-04-05T15:19:10.686810 #8228]  INFO -- : R3T made a bet of 40 (raise) and is left with 1120 chips. The pot now contains 40 chips.
I, [2014-04-05T15:19:10.687226 #8228]  INFO -- : NoCo made a bet of 80 (raise) and is left with 1760 chips. The pot now contains 120 chips.
I, [2014-04-05T15:19:10.689696 #8228]  INFO -- : Player R3T responded with 0 (200)
I, [2014-04-05T15:19:10.690005 #8228]  INFO -- : R3T made a bet of 0 (fold) and is left with 1120 chips. The pot now contains 120 chips.
I, [2014-04-05T15:19:10.690607 #8228]  INFO -- : NoCo won 120
I, [2014-04-05T15:19:10.693122 #8228]  INFO -- : Player R3T responded with  (200)
I, [2014-04-05T15:19:10.694828 #8228]  INFO -- : Player Mr Bazinga responded with OK (200)
I, [2014-04-05T15:19:10.696602 #8228]  INFO -- : Player NoCo responded with  (200)
I, [2014-04-05T15:19:10.696918 #8228]  INFO -- : NoCo received hole_card 7 of Diamonds
I, [2014-04-05T15:19:10.697115 #8228]  INFO -- : R3T received hole_card Queen of Spades
I, [2014-04-05T15:19:10.697293 #8228]  INFO -- : NoCo received hole_card 3 of Clubs
I, [2014-04-05T15:19:10.697509 #8228]  INFO -- : R3T received hole_card 5 of Diamonds
I, [2014-04-05T15:19:10.697903 #8228]  INFO -- : NoCo made a bet of 40 (raise) and is left with 1840 chips. The pot now contains 40 chips.
I, [2014-04-05T15:19:10.698393 #8228]  INFO -- : R3T made a bet of 80 (raise) and is left with 1040 chips. The pot now contains 120 chips.
I, [2014-04-05T15:19:10.701199 #8228]  INFO -- : Player NoCo responded with 0 (200)
I, [2014-04-05T15:19:10.701388 #8228]  INFO -- : NoCo made a bet of 0 (fold) and is left with 1840 chips. The pot now contains 120 chips.
I, [2014-04-05T15:19:10.704469 #8228]  INFO -- : Player R3T responded with 0 (200)
I, [2014-04-05T15:19:10.704896 #8228]  INFO -- : R3T made a bet of 0 (check) and is left with 1040 chips. The pot now contains 120 chips.
I, [2014-04-05T15:19:10.705431 #8228]  INFO -- : R3T won 120
I, [2014-04-05T15:19:10.709428 #8228]  INFO -- : Player R3T responded with  (200)
I, [2014-04-05T15:19:10.711524 #8228]  INFO -- : Player Mr Bazinga responded with OK (200)
I, [2014-04-05T15:19:10.713915 #8228]  INFO -- : Player NoCo responded with  (200)
I, [2014-04-05T15:19:10.714256 #8228]  INFO -- : R3T received hole_card 3 of Hearts
I, [2014-04-05T15:19:10.714451 #8228]  INFO -- : NoCo received hole_card King of Spades
I, [2014-04-05T15:19:10.714673 #8228]  INFO -- : R3T received hole_card Queen of Clubs
I, [2014-04-05T15:19:10.714887 #8228]  INFO -- : NoCo received hole_card 5 of Clubs
I, [2014-04-05T15:19:10.715183 #8228]  INFO -- : R3T made a bet of 40 (raise) and is left with 1120 chips. The pot now contains 40 chips.
I, [2014-04-05T15:19:10.715456 #8228]  INFO -- : NoCo made a bet of 80 (raise) and is left with 1760 chips. The pot now contains 120 chips.
I, [2014-04-05T15:19:10.719991 #8228]  INFO -- : Player R3T responded with 0 (200)
I, [2014-04-05T15:19:10.720346 #8228]  INFO -- : R3T made a bet of 0 (fold) and is left with 1120 chips. The pot now contains 120 chips.
I, [2014-04-05T15:19:10.720775 #8228]  INFO -- : NoCo won 120
I, [2014-04-05T15:19:10.726311 #8228]  INFO -- : Player R3T responded with  (200)
I, [2014-04-05T15:19:10.728742 #8228]  INFO -- : Player Mr Bazinga responded with OK (200)
I, [2014-04-05T15:19:10.730581 #8228]  INFO -- : Player NoCo responded with  (200)
I, [2014-04-05T15:19:10.730932 #8228]  INFO -- : NoCo received hole_card 5 of Spades
I, [2014-04-05T15:19:10.731110 #8228]  INFO -- : R3T received hole_card 9 of Hearts
I, [2014-04-05T15:19:10.731295 #8228]  INFO -- : NoCo received hole_card 7 of Diamonds
I, [2014-04-05T15:19:10.731455 #8228]  INFO -- : R3T received hole_card 4 of Diamonds
I, [2014-04-05T15:19:10.731784 #8228]  INFO -- : NoCo made a bet of 40 (raise) and is left with 1840 chips. The pot now contains 40 chips.
I, [2014-04-05T15:19:10.732182 #8228]  INFO -- : R3T made a bet of 80 (raise) and is left with 1040 chips. The pot now contains 120 chips.
I, [2014-04-05T15:19:10.734854 #8228]  INFO -- : Player NoCo responded with 0 (200)
I, [2014-04-05T15:19:10.735156 #8228]  INFO -- : NoCo made a bet of 0 (fold) and is left with 1840 chips. The pot now contains 120 chips.
I, [2014-04-05T15:19:10.738244 #8228]  INFO -- : Player R3T responded with 0 (200)
I, [2014-04-05T15:19:10.739169 #8228]  INFO -- : R3T made a bet of 0 (check) and is left with 1040 chips. The pot now contains 120 chips.
I, [2014-04-05T15:19:10.740207 #8228]  INFO -- : R3T won 120
I, [2014-04-05T15:19:10.742654 #8228]  INFO -- : Player R3T responded with  (200)
I, [2014-04-05T15:19:10.746710 #8228]  INFO -- : Player Mr Bazinga responded with OK (200)
I, [2014-04-05T15:19:10.749243 #8228]  INFO -- : Player NoCo responded with  (200)
I, [2014-04-05T15:19:10.749769 #8228]  INFO -- : R3T received hole_card 6 of Hearts
I, [2014-04-05T15:19:10.750075 #8228]  INFO -- : NoCo received hole_card 2 of Clubs
I, [2014-04-05T15:19:10.750262 #8228]  INFO -- : R3T received hole_card Jack of Clubs
I, [2014-04-05T15:19:10.750435 #8228]  INFO -- : NoCo received hole_card Ace of Diamonds
I, [2014-04-05T15:19:10.750783 #8228]  INFO -- : R3T made a bet of 40 (raise) and is left with 1120 chips. The pot now contains 40 chips.
I, [2014-04-05T15:19:10.751123 #8228]  INFO -- : NoCo made a bet of 80 (raise) and is left with 1760 chips. The pot now contains 120 chips.
I, [2014-04-05T15:19:10.756034 #8228]  INFO -- : Player R3T responded with 0 (200)
I, [2014-04-05T15:19:10.756867 #8228]  INFO -- : R3T made a bet of 0 (fold) and is left with 1120 chips. The pot now contains 120 chips.
I, [2014-04-05T15:19:10.758123 #8228]  INFO -- : NoCo won 120
I, [2014-04-05T15:19:10.763354 #8228]  INFO -- : Player R3T responded with  (200)
I, [2014-04-05T15:19:10.766005 #8228]  INFO -- : Player Mr Bazinga responded with OK (200)
I, [2014-04-05T15:19:10.769363 #8228]  INFO -- : Player NoCo responded with  (200)
I, [2014-04-05T15:19:10.770260 #8228]  INFO -- : NoCo received hole_card Jack of Spades
I, [2014-04-05T15:19:10.770697 #8228]  INFO -- : R3T received hole_card 8 of Clubs
I, [2014-04-05T15:19:10.771044 #8228]  INFO -- : NoCo received hole_card Jack of Diamonds
I, [2014-04-05T15:19:10.771766 #8228]  INFO -- : R3T received hole_card Queen of Spades
I, [2014-04-05T15:19:10.772710 #8228]  INFO -- : NoCo made a bet of 40 (raise) and is left with 1840 chips. The pot now contains 40 chips.
I, [2014-04-05T15:19:10.773457 #8228]  INFO -- : R3T made a bet of 80 (raise) and is left with 1040 chips. The pot now contains 120 chips.
I, [2014-04-05T15:19:10.779410 #8228]  INFO -- : Player NoCo responded with  (200)
I, [2014-04-05T15:19:10.779954 #8228]  INFO -- : NoCo made a bet of 0 (fold) and is left with 1840 chips. The pot now contains 120 chips.
I, [2014-04-05T15:19:10.785720 #8228]  INFO -- : Player R3T responded with 0 (200)
I, [2014-04-05T15:19:10.786497 #8228]  INFO -- : R3T made a bet of 0 (check) and is left with 1040 chips. The pot now contains 120 chips.
I, [2014-04-05T15:19:10.787656 #8228]  INFO -- : R3T won 120
I, [2014-04-05T15:19:10.794313 #8228]  INFO -- : Player R3T responded with  (200)
I, [2014-04-05T15:19:10.797129 #8228]  INFO -- : Player Mr Bazinga responded with OK (200)
I, [2014-04-05T15:19:10.801559 #8228]  INFO -- : Player NoCo responded with  (200)
I, [2014-04-05T15:19:10.801865 #8228]  INFO -- : R3T received hole_card 5 of Spades
I, [2014-04-05T15:19:10.802155 #8228]  INFO -- : NoCo received hole_card Jack of Diamonds
I, [2014-04-05T15:19:10.802365 #8228]  INFO -- : R3T received hole_card 7 of Diamonds
I, [2014-04-05T15:19:10.802541 #8228]  INFO -- : NoCo received hole_card 10 of Clubs
I, [2014-04-05T15:19:10.802802 #8228]  INFO -- : R3T made a bet of 40 (raise) and is left with 1120 chips. The pot now contains 40 chips.
I, [2014-04-05T15:19:10.803100 #8228]  INFO -- : NoCo made a bet of 80 (raise) and is left with 1760 chips. The pot now contains 120 chips.
I, [2014-04-05T15:19:10.805202 #8228]  INFO -- : Player R3T responded with 0 (200)
I, [2014-04-05T15:19:10.805456 #8228]  INFO -- : R3T made a bet of 0 (fold) and is left with 1120 chips. The pot now contains 120 chips.
I, [2014-04-05T15:19:10.805843 #8228]  INFO -- : NoCo won 120
I, [2014-04-05T15:19:10.809816 #8228]  INFO -- : Player R3T responded with  (200)
I, [2014-04-05T15:19:10.811980 #8228]  INFO -- : Player Mr Bazinga responded with OK (200)
I, [2014-04-05T15:19:10.815591 #8228]  INFO -- : Player NoCo responded with  (200)
I, [2014-04-05T15:19:10.816372 #8228]  INFO -- : NoCo received hole_card 4 of Diamonds
I, [2014-04-05T15:19:10.816765 #8228]  INFO -- : R3T received hole_card King of Hearts
I, [2014-04-05T15:19:10.817208 #8228]  INFO -- : NoCo received hole_card 7 of Hearts
I, [2014-04-05T15:19:10.817610 #8228]  INFO -- : R3T received hole_card Queen of Diamonds
I, [2014-04-05T15:19:10.818197 #8228]  INFO -- : NoCo made a bet of 80 (raise) and is left with 1800 chips. The pot now contains 80 chips.
I, [2014-04-05T15:19:10.818800 #8228]  INFO -- : R3T made a bet of 160 (raise) and is left with 960 chips. The pot now contains 240 chips.
I, [2014-04-05T15:19:10.825240 #8228]  INFO -- : Player NoCo responded with 0 (200)
I, [2014-04-05T15:19:10.825734 #8228]  INFO -- : NoCo made a bet of 0 (fold) and is left with 1800 chips. The pot now contains 240 chips.
I, [2014-04-05T15:19:10.831056 #8228]  INFO -- : Player R3T responded with 256 (200)
I, [2014-04-05T15:19:10.831487 #8228]  INFO -- : R3T made a bet of 256 (raise) and is left with 704 chips. The pot now contains 496 chips.
I, [2014-04-05T15:19:10.831888 #8228]  INFO -- : R3T won 496
I, [2014-04-05T15:19:10.834145 #8228]  INFO -- : Player R3T responded with  (200)
I, [2014-04-05T15:19:10.835682 #8228]  INFO -- : Player Mr Bazinga responded with OK (200)
I, [2014-04-05T15:19:10.837704 #8228]  INFO -- : Player NoCo responded with  (200)
I, [2014-04-05T15:19:10.838160 #8228]  INFO -- : R3T received hole_card 7 of Spades
I, [2014-04-05T15:19:10.838403 #8228]  INFO -- : NoCo received hole_card 3 of Diamonds
I, [2014-04-05T15:19:10.838690 #8228]  INFO -- : R3T received hole_card Queen of Diamonds
I, [2014-04-05T15:19:10.838969 #8228]  INFO -- : NoCo received hole_card 10 of Clubs
I, [2014-04-05T15:19:10.839414 #8228]  INFO -- : R3T made a bet of 80 (raise) and is left with 1120 chips. The pot now contains 80 chips.
I, [2014-04-05T15:19:10.839811 #8228]  INFO -- : NoCo made a bet of 160 (raise) and is left with 1640 chips. The pot now contains 240 chips.
I, [2014-04-05T15:19:10.842085 #8228]  INFO -- : Player R3T responded with 0 (200)
I, [2014-04-05T15:19:10.842346 #8228]  INFO -- : R3T made a bet of 0 (fold) and is left with 1120 chips. The pot now contains 240 chips.
I, [2014-04-05T15:19:10.842747 #8228]  INFO -- : NoCo won 240
I, [2014-04-05T15:19:10.845117 #8228]  INFO -- : Player R3T responded with  (200)
I, [2014-04-05T15:19:10.846678 #8228]  INFO -- : Player Mr Bazinga responded with OK (200)
I, [2014-04-05T15:19:10.848544 #8228]  INFO -- : Player NoCo responded with  (200)
I, [2014-04-05T15:19:10.848845 #8228]  INFO -- : NoCo received hole_card King of Clubs
I, [2014-04-05T15:19:10.849037 #8228]  INFO -- : R3T received hole_card Jack of Diamonds
I, [2014-04-05T15:19:10.849234 #8228]  INFO -- : NoCo received hole_card Jack of Clubs
I, [2014-04-05T15:19:10.849432 #8228]  INFO -- : R3T received hole_card King of Diamonds
I, [2014-04-05T15:19:10.849745 #8228]  INFO -- : NoCo made a bet of 80 (raise) and is left with 1800 chips. The pot now contains 80 chips.
I, [2014-04-05T15:19:10.849995 #8228]  INFO -- : R3T made a bet of 160 (raise) and is left with 960 chips. The pot now contains 240 chips.
I, [2014-04-05T15:19:10.851797 #8228]  INFO -- : Player NoCo responded with 1800 (200)
I, [2014-04-05T15:19:10.852058 #8228]  INFO -- : NoCo made a bet of 1800 (allin) and is left with 0 chips. The pot now contains 2040 chips.
I, [2014-04-05T15:19:10.855718 #8228]  INFO -- : Player R3T responded with 0 (200)
I, [2014-04-05T15:19:10.856210 #8228]  INFO -- : R3T made a bet of 0 (fold) and is left with 960 chips. The pot now contains 2040 chips.
I, [2014-04-05T15:19:10.856930 #8228]  INFO -- : NoCo won 2040
I, [2014-04-05T15:19:10.861252 #8228]  INFO -- : Player R3T responded with  (200)
I, [2014-04-05T15:19:10.863462 #8228]  INFO -- : Player Mr Bazinga responded with OK (200)
I, [2014-04-05T15:19:10.865673 #8228]  INFO -- : Player NoCo responded with  (200)
I, [2014-04-05T15:19:10.865958 #8228]  INFO -- : R3T received hole_card 2 of Spades
I, [2014-04-05T15:19:10.866121 #8228]  INFO -- : NoCo received hole_card Queen of Hearts
I, [2014-04-05T15:19:10.866317 #8228]  INFO -- : R3T received hole_card Ace of Spades
I, [2014-04-05T15:19:10.866490 #8228]  INFO -- : NoCo received hole_card 8 of Hearts
I, [2014-04-05T15:19:10.866774 #8228]  INFO -- : R3T made a bet of 80 (raise) and is left with 880 chips. The pot now contains 80 chips.
I, [2014-04-05T15:19:10.867017 #8228]  INFO -- : NoCo made a bet of 160 (raise) and is left with 1880 chips. The pot now contains 240 chips.
I, [2014-04-05T15:19:10.869073 #8228]  INFO -- : Player R3T responded with 336 (200)
I, [2014-04-05T15:19:10.869303 #8228]  INFO -- : R3T made a bet of 336 (raise) and is left with 544 chips. The pot now contains 576 chips.
I, [2014-04-05T15:19:10.871000 #8228]  INFO -- : Player NoCo responded with 416 (200)
I, [2014-04-05T15:19:10.871262 #8228]  INFO -- : NoCo made a bet of 256 (call) and is left with 1624 chips. The pot now contains 832 chips.
I, [2014-04-05T15:19:10.871546 #8228]  INFO -- : community card 8 of Spades
I, [2014-04-05T15:19:10.871769 #8228]  INFO -- : community card Jack of Hearts
I, [2014-04-05T15:19:10.872034 #8228]  INFO -- : community card 3 of Spades
I, [2014-04-05T15:19:11.037279 #8228]  INFO -- : Player R3T responded with 0 (200)
I, [2014-04-05T15:19:11.038076 #8228]  INFO -- : R3T made a bet of 0 (check) and is left with 544 chips. The pot now contains 832 chips.
E, [2014-04-05T15:19:11.542310 #8228] ERROR -- : Net::ReadTimeout
E, [2014-04-05T15:19:11.542713 #8228] ERROR -- : Player NoCo is unreachable
I, [2014-04-05T15:19:11.543421 #8228]  INFO -- : NoCo made a bet of 0 (check) and is left with 1624 chips. The pot now contains 832 chips.
I, [2014-04-05T15:19:11.544369 #8228]  INFO -- : community card 7 of Clubs
I, [2014-04-05T15:19:11.562498 #8228]  INFO -- : Player R3T responded with 0 (200)
I, [2014-04-05T15:19:11.563281 #8228]  INFO -- : R3T made a bet of 0 (check) and is left with 544 chips. The pot now contains 832 chips.
E, [2014-04-05T15:19:12.067058 #8228] ERROR -- : Net::ReadTimeout
E, [2014-04-05T15:19:12.067400 #8228] ERROR -- : Player NoCo is unreachable
I, [2014-04-05T15:19:12.068195 #8228]  INFO -- : NoCo made a bet of 0 (check) and is left with 1624 chips. The pot now contains 832 chips.
I, [2014-04-05T15:19:12.068988 #8228]  INFO -- : community card 4 of Hearts
I, [2014-04-05T15:19:12.084289 #8228]  INFO -- : Player R3T responded with 0 (200)
I, [2014-04-05T15:19:12.085046 #8228]  INFO -- : R3T made a bet of 0 (check) and is left with 544 chips. The pot now contains 832 chips.
E, [2014-04-05T15:19:12.589129 #8228] ERROR -- : Net::ReadTimeout
E, [2014-04-05T15:19:12.589227 #8228] ERROR -- : Player NoCo is unreachable
I, [2014-04-05T15:19:12.589391 #8228]  INFO -- : NoCo made a bet of 0 (check) and is left with 1624 chips. The pot now contains 832 chips.
I, [2014-04-05T15:19:12.590295 #8228]  INFO -- : R3T showed 4 of Hearts,7 of Clubs,8 of Spades,Jack of Hearts,Ace of Spades making a high card
I, [2014-04-05T15:19:12.590714 #8228]  INFO -- : NoCo showed 7 of Clubs,8 of Hearts,8 of Spades,Jack of Hearts,Queen of Hearts making a pair
I, [2014-04-05T15:19:12.590884 #8228]  INFO -- : NoCo won 832
I, [2014-04-05T15:19:12.593175 #8228]  INFO -- : Player R3T responded with  (200)
I, [2014-04-05T15:19:12.595059 #8228]  INFO -- : Player Mr Bazinga responded with OK (200)
E, [2014-04-05T15:19:13.096917 #8228] ERROR -- : Net::ReadTimeout
E, [2014-04-05T15:19:13.097241 #8228] ERROR -- : Player NoCo is unreachable
I, [2014-04-05T15:19:13.098073 #8228]  INFO -- : NoCo received hole_card 3 of Clubs
I, [2014-04-05T15:19:13.098628 #8228]  INFO -- : R3T received hole_card King of Spades
I, [2014-04-05T15:19:13.099247 #8228]  INFO -- : NoCo received hole_card 8 of Diamonds
I, [2014-04-05T15:19:13.099954 #8228]  INFO -- : R3T received hole_card 2 of Clubs
I, [2014-04-05T15:19:13.100929 #8228]  INFO -- : NoCo made a bet of 80 (raise) and is left with 2376 chips. The pot now contains 80 chips.
I, [2014-04-05T15:19:13.101785 #8228]  INFO -- : R3T made a bet of 160 (raise) and is left with 384 chips. The pot now contains 240 chips.
E, [2014-04-05T15:19:13.605389 #8228] ERROR -- : Net::ReadTimeout
E, [2014-04-05T15:19:13.605776 #8228] ERROR -- : Player NoCo is unreachable
I, [2014-04-05T15:19:13.606210 #8228]  INFO -- : NoCo made a bet of 0 (fold) and is left with 2376 chips. The pot now contains 240 chips.
I, [2014-04-05T15:19:13.616726 #8228]  INFO -- : Player R3T responded with 0 (200)
I, [2014-04-05T15:19:13.617519 #8228]  INFO -- : R3T made a bet of 0 (check) and is left with 384 chips. The pot now contains 240 chips.
I, [2014-04-05T15:19:13.618508 #8228]  INFO -- : R3T won 240
I, [2014-04-05T15:19:13.623839 #8228]  INFO -- : Player R3T responded with  (200)
I, [2014-04-05T15:19:13.627369 #8228]  INFO -- : Player Mr Bazinga responded with OK (200)
E, [2014-04-05T15:19:14.129332 #8228] ERROR -- : Net::ReadTimeout
E, [2014-04-05T15:19:14.129694 #8228] ERROR -- : Player NoCo is unreachable
I, [2014-04-05T15:19:14.130649 #8228]  INFO -- : R3T received hole_card Ace of Clubs
I, [2014-04-05T15:19:14.131250 #8228]  INFO -- : NoCo received hole_card 4 of Diamonds
I, [2014-04-05T15:19:14.131905 #8228]  INFO -- : R3T received hole_card Ace of Spades
I, [2014-04-05T15:19:14.132494 #8228]  INFO -- : NoCo received hole_card 9 of Clubs
I, [2014-04-05T15:19:14.133436 #8228]  INFO -- : R3T made a bet of 80 (raise) and is left with 544 chips. The pot now contains 80 chips.
I, [2014-04-05T15:19:14.134225 #8228]  INFO -- : NoCo made a bet of 160 (raise) and is left with 2216 chips. The pot now contains 240 chips.
I, [2014-04-05T15:19:14.139872 #8228]  INFO -- : Player R3T responded with 376 (200)
I, [2014-04-05T15:19:14.140156 #8228]  INFO -- : R3T made a bet of 376 (raise) and is left with 168 chips. The pot now contains 616 chips.
E, [2014-04-05T15:19:14.642014 #8228] ERROR -- : Net::ReadTimeout
E, [2014-04-05T15:19:14.642398 #8228] ERROR -- : Player NoCo is unreachable
I, [2014-04-05T15:19:14.643070 #8228]  INFO -- : NoCo made a bet of 0 (fold) and is left with 2216 chips. The pot now contains 616 chips.
I, [2014-04-05T15:19:14.644490 #8228]  INFO -- : R3T won 616
I, [2014-04-05T15:19:14.651023 #8228]  INFO -- : Player R3T responded with  (200)
I, [2014-04-05T15:19:14.659170 #8228]  INFO -- : Player Mr Bazinga responded with OK (200)
E, [2014-04-05T15:19:15.162578 #8228] ERROR -- : Net::ReadTimeout
E, [2014-04-05T15:19:15.162695 #8228] ERROR -- : Player NoCo is unreachable
I, [2014-04-05T15:19:15.162972 #8228]  INFO -- : NoCo received hole_card Queen of Diamonds
I, [2014-04-05T15:19:15.163110 #8228]  INFO -- : R3T received hole_card 10 of Spades
I, [2014-04-05T15:19:15.163269 #8228]  INFO -- : NoCo received hole_card Queen of Hearts
I, [2014-04-05T15:19:15.163415 #8228]  INFO -- : R3T received hole_card 5 of Spades
I, [2014-04-05T15:19:15.163686 #8228]  INFO -- : NoCo made a bet of 80 (raise) and is left with 2136 chips. The pot now contains 80 chips.
I, [2014-04-05T15:19:15.163914 #8228]  INFO -- : R3T made a bet of 160 (raise) and is left with 624 chips. The pot now contains 240 chips.
I, [2014-04-05T15:19:15.205439 #8228]  INFO -- : Player NoCo responded with 200 (200)
I, [2014-04-05T15:19:15.205709 #8228]  INFO -- : NoCo made a bet of 200 (raise) and is left with 1936 chips. The pot now contains 440 chips.
I, [2014-04-05T15:19:15.208028 #8228]  INFO -- : Player R3T responded with 404 (200)
I, [2014-04-05T15:19:15.208318 #8228]  INFO -- : R3T made a bet of 404 (raise) and is left with 220 chips. The pot now contains 844 chips.
I, [2014-04-05T15:19:15.210187 #8228]  INFO -- : Player NoCo responded with 564 (200)
I, [2014-04-05T15:19:15.210426 #8228]  INFO -- : NoCo made a bet of 284 (call) and is left with 1652 chips. The pot now contains 1128 chips.
I, [2014-04-05T15:19:15.210649 #8228]  INFO -- : community card 5 of Clubs
I, [2014-04-05T15:19:15.210857 #8228]  INFO -- : community card 4 of Hearts
I, [2014-04-05T15:19:15.211068 #8228]  INFO -- : community card Ace of Diamonds
E, [2014-04-05T15:19:15.712820 #8228] ERROR -- : Net::ReadTimeout
E, [2014-04-05T15:19:15.712947 #8228] ERROR -- : Player NoCo is unreachable
I, [2014-04-05T15:19:15.713130 #8228]  INFO -- : NoCo made a bet of 0 (check) and is left with 1652 chips. The pot now contains 1128 chips.
I, [2014-04-05T15:19:15.810520 #8228]  INFO -- : Player R3T responded with 724 (200)
I, [2014-04-05T15:19:15.811225 #8228]  INFO -- : R3T made a bet of 220 (allin) and is left with 0 chips. The pot now contains 1348 chips.
E, [2014-04-05T15:19:16.315193 #8228] ERROR -- : Net::ReadTimeout
E, [2014-04-05T15:19:16.315523 #8228] ERROR -- : Player NoCo is unreachable
I, [2014-04-05T15:19:16.316207 #8228]  INFO -- : NoCo made a bet of 0 (fold) and is left with 1652 chips. The pot now contains 1348 chips.
I, [2014-04-05T15:19:16.317532 #8228]  INFO -- : R3T won 1348
I, [2014-04-05T15:19:16.324072 #8228]  INFO -- : Player R3T responded with  (200)
I, [2014-04-05T15:19:16.326537 #8228]  INFO -- : Player Mr Bazinga responded with OK (200)
E, [2014-04-05T15:19:16.828257 #8228] ERROR -- : Net::ReadTimeout
E, [2014-04-05T15:19:16.828633 #8228] ERROR -- : Player NoCo is unreachable
I, [2014-04-05T15:19:16.829594 #8228]  INFO -- : R3T received hole_card 7 of Hearts
I, [2014-04-05T15:19:16.830123 #8228]  INFO -- : NoCo received hole_card Queen of Clubs
I, [2014-04-05T15:19:16.830737 #8228]  INFO -- : R3T received hole_card 5 of Spades
I, [2014-04-05T15:19:16.831321 #8228]  INFO -- : NoCo received hole_card 6 of Spades
I, [2014-04-05T15:19:16.832453 #8228]  INFO -- : R3T made a bet of 80 (raise) and is left with 1268 chips. The pot now contains 80 chips.
I, [2014-04-05T15:19:16.833309 #8228]  INFO -- : NoCo made a bet of 160 (raise) and is left with 1492 chips. The pot now contains 240 chips.
I, [2014-04-05T15:19:16.839831 #8228]  INFO -- : Player R3T responded with 0 (200)
I, [2014-04-05T15:19:16.840570 #8228]  INFO -- : R3T made a bet of 0 (fold) and is left with 1268 chips. The pot now contains 240 chips.
I, [2014-04-05T15:19:16.841871 #8228]  INFO -- : NoCo won 240
I, [2014-04-05T15:19:16.853550 #8228]  INFO -- : Player R3T responded with  (200)
I, [2014-04-05T15:19:16.858970 #8228]  INFO -- : Player Mr Bazinga responded with OK (200)
E, [2014-04-05T15:19:17.361464 #8228] ERROR -- : Net::ReadTimeout
E, [2014-04-05T15:19:17.361601 #8228] ERROR -- : Player NoCo is unreachable
I, [2014-04-05T15:19:17.361893 #8228]  INFO -- : NoCo received hole_card 10 of Spades
I, [2014-04-05T15:19:17.362058 #8228]  INFO -- : R3T received hole_card Jack of Clubs
I, [2014-04-05T15:19:17.362229 #8228]  INFO -- : NoCo received hole_card 8 of Hearts
I, [2014-04-05T15:19:17.362400 #8228]  INFO -- : R3T received hole_card King of Hearts
I, [2014-04-05T15:19:17.362679 #8228]  INFO -- : NoCo made a bet of 80 (raise) and is left with 1652 chips. The pot now contains 80 chips.
I, [2014-04-05T15:19:17.362917 #8228]  INFO -- : R3T made a bet of 160 (raise) and is left with 1108 chips. The pot now contains 240 chips.
E, [2014-04-05T15:19:17.864997 #8228] ERROR -- : Net::ReadTimeout
E, [2014-04-05T15:19:17.865320 #8228] ERROR -- : Player NoCo is unreachable
I, [2014-04-05T15:19:17.865884 #8228]  INFO -- : NoCo made a bet of 0 (fold) and is left with 1652 chips. The pot now contains 240 chips.
I, [2014-04-05T15:19:17.871332 #8228]  INFO -- : Player R3T responded with 270 (200)
I, [2014-04-05T15:19:17.871627 #8228]  INFO -- : R3T made a bet of 270 (raise) and is left with 838 chips. The pot now contains 510 chips.
I, [2014-04-05T15:19:17.872301 #8228]  INFO -- : R3T won 510
I, [2014-04-05T15:19:17.877903 #8228]  INFO -- : Player R3T responded with  (200)
I, [2014-04-05T15:19:17.882356 #8228]  INFO -- : Player Mr Bazinga responded with OK (200)
E, [2014-04-05T15:19:18.386445 #8228] ERROR -- : Net::ReadTimeout
E, [2014-04-05T15:19:18.386760 #8228] ERROR -- : Player NoCo is unreachable
I, [2014-04-05T15:19:18.387596 #8228]  INFO -- : R3T received hole_card 10 of Hearts
I, [2014-04-05T15:19:18.388212 #8228]  INFO -- : NoCo received hole_card Jack of Clubs
I, [2014-04-05T15:19:18.388801 #8228]  INFO -- : R3T received hole_card 5 of Spades
I, [2014-04-05T15:19:18.389340 #8228]  INFO -- : NoCo received hole_card 10 of Clubs
I, [2014-04-05T15:19:18.390268 #8228]  INFO -- : R3T made a bet of 160 (raise) and is left with 1188 chips. The pot now contains 160 chips.
I, [2014-04-05T15:19:18.391143 #8228]  INFO -- : NoCo made a bet of 320 (raise) and is left with 1332 chips. The pot now contains 480 chips.
I, [2014-04-05T15:19:18.397924 #8228]  INFO -- : Player R3T responded with 0 (200)
I, [2014-04-05T15:19:18.398744 #8228]  INFO -- : R3T made a bet of 0 (fold) and is left with 1188 chips. The pot now contains 480 chips.
I, [2014-04-05T15:19:18.399968 #8228]  INFO -- : NoCo won 480
I, [2014-04-05T15:19:18.403708 #8228]  INFO -- : Player R3T responded with  (200)
I, [2014-04-05T15:19:18.408583 #8228]  INFO -- : Player Mr Bazinga responded with OK (200)
I, [2014-04-05T15:19:18.483778 #8228]  INFO -- : Player NoCo responded with  (200)
I, [2014-04-05T15:19:18.484976 #8228]  INFO -- : NoCo received hole_card 10 of Spades
I, [2014-04-05T15:19:18.485578 #8228]  INFO -- : R3T received hole_card Jack of Spades
I, [2014-04-05T15:19:18.486437 #8228]  INFO -- : NoCo received hole_card 3 of Hearts
I, [2014-04-05T15:19:18.486956 #8228]  INFO -- : R3T received hole_card 7 of Hearts
I, [2014-04-05T15:19:18.487882 #8228]  INFO -- : NoCo made a bet of 160 (raise) and is left with 1652 chips. The pot now contains 160 chips.
I, [2014-04-05T15:19:18.488794 #8228]  INFO -- : R3T made a bet of 320 (raise) and is left with 868 chips. The pot now contains 480 chips.
I, [2014-04-05T15:19:18.494345 #8228]  INFO -- : Player NoCo responded with 0 (200)
I, [2014-04-05T15:19:18.494980 #8228]  INFO -- : NoCo made a bet of 0 (fold) and is left with 1652 chips. The pot now contains 480 chips.
I, [2014-04-05T15:19:18.502195 #8228]  INFO -- : Player R3T responded with 0 (200)
I, [2014-04-05T15:19:18.502887 #8228]  INFO -- : R3T made a bet of 0 (check) and is left with 868 chips. The pot now contains 480 chips.
I, [2014-04-05T15:19:18.503655 #8228]  INFO -- : R3T won 480
I, [2014-04-05T15:19:18.508928 #8228]  INFO -- : Player R3T responded with  (200)
I, [2014-04-05T15:19:18.514463 #8228]  INFO -- : Player Mr Bazinga responded with OK (200)
I, [2014-04-05T15:19:18.520016 #8228]  INFO -- : Player NoCo responded with  (200)
I, [2014-04-05T15:19:18.521158 #8228]  INFO -- : R3T received hole_card 8 of Hearts
I, [2014-04-05T15:19:18.521836 #8228]  INFO -- : NoCo received hole_card 10 of Spades
I, [2014-04-05T15:19:18.522525 #8228]  INFO -- : R3T received hole_card Ace of Hearts
I, [2014-04-05T15:19:18.523181 #8228]  INFO -- : NoCo received hole_card 2 of Hearts
I, [2014-04-05T15:19:18.524204 #8228]  INFO -- : R3T made a bet of 160 (raise) and is left with 1188 chips. The pot now contains 160 chips.
I, [2014-04-05T15:19:18.525166 #8228]  INFO -- : NoCo made a bet of 320 (raise) and is left with 1332 chips. The pot now contains 480 chips.
I, [2014-04-05T15:19:18.531608 #8228]  INFO -- : Player R3T responded with 556 (200)
I, [2014-04-05T15:19:18.532562 #8228]  INFO -- : R3T made a bet of 556 (raise) and is left with 632 chips. The pot now contains 1036 chips.
I, [2014-04-05T15:19:18.536995 #8228]  INFO -- : Player NoCo responded with 0 (200)
I, [2014-04-05T15:19:18.537253 #8228]  INFO -- : NoCo made a bet of 0 (fold) and is left with 1332 chips. The pot now contains 1036 chips.
I, [2014-04-05T15:19:18.537930 #8228]  INFO -- : R3T won 1036
I, [2014-04-05T15:19:18.544597 #8228]  INFO -- : Player R3T responded with  (200)
I, [2014-04-05T15:19:18.547243 #8228]  INFO -- : Player Mr Bazinga responded with OK (200)
I, [2014-04-05T15:19:18.550704 #8228]  INFO -- : Player NoCo responded with  (200)
I, [2014-04-05T15:19:18.551007 #8228]  INFO -- : NoCo received hole_card Queen of Hearts
I, [2014-04-05T15:19:18.551171 #8228]  INFO -- : R3T received hole_card Ace of Spades
I, [2014-04-05T15:19:18.551341 #8228]  INFO -- : NoCo received hole_card 6 of Diamonds
I, [2014-04-05T15:19:18.551483 #8228]  INFO -- : R3T received hole_card 5 of Hearts
I, [2014-04-05T15:19:18.551744 #8228]  INFO -- : NoCo made a bet of 160 (raise) and is left with 1172 chips. The pot now contains 160 chips.
I, [2014-04-05T15:19:18.551991 #8228]  INFO -- : R3T made a bet of 320 (raise) and is left with 1348 chips. The pot now contains 480 chips.
I, [2014-04-05T15:19:18.556207 #8228]  INFO -- : Player NoCo responded with  (200)
I, [2014-04-05T15:19:18.556607 #8228]  INFO -- : NoCo made a bet of 0 (fold) and is left with 1172 chips. The pot now contains 480 chips.
I, [2014-04-05T15:19:18.561808 #8228]  INFO -- : Player R3T responded with 0 (200)
I, [2014-04-05T15:19:18.562724 #8228]  INFO -- : R3T made a bet of 0 (check) and is left with 1348 chips. The pot now contains 480 chips.
I, [2014-04-05T15:19:18.564670 #8228]  INFO -- : R3T won 480
I, [2014-04-05T15:19:18.569872 #8228]  INFO -- : Player R3T responded with  (200)
I, [2014-04-05T15:19:18.577130 #8228]  INFO -- : Player Mr Bazinga responded with OK (200)
I, [2014-04-05T15:19:18.582461 #8228]  INFO -- : Player NoCo responded with  (200)
I, [2014-04-05T15:19:18.583959 #8228]  INFO -- : R3T received hole_card 8 of Diamonds
I, [2014-04-05T15:19:18.584404 #8228]  INFO -- : NoCo received hole_card Queen of Clubs
I, [2014-04-05T15:19:18.584561 #8228]  INFO -- : R3T received hole_card 3 of Clubs
I, [2014-04-05T15:19:18.584720 #8228]  INFO -- : NoCo received hole_card King of Diamonds
I, [2014-04-05T15:19:18.585008 #8228]  INFO -- : R3T made a bet of 160 (raise) and is left with 1668 chips. The pot now contains 160 chips.
I, [2014-04-05T15:19:18.585241 #8228]  INFO -- : NoCo made a bet of 320 (raise) and is left with 852 chips. The pot now contains 480 chips.
I, [2014-04-05T15:19:18.589646 #8228]  INFO -- : Player R3T responded with 0 (200)
I, [2014-04-05T15:19:18.590282 #8228]  INFO -- : R3T made a bet of 0 (fold) and is left with 1668 chips. The pot now contains 480 chips.
I, [2014-04-05T15:19:18.591483 #8228]  INFO -- : NoCo won 480
I, [2014-04-05T15:19:18.597587 #8228]  INFO -- : Player R3T responded with  (200)
I, [2014-04-05T15:19:18.600595 #8228]  INFO -- : Player Mr Bazinga responded with OK (200)
I, [2014-04-05T15:19:18.606403 #8228]  INFO -- : Player NoCo responded with  (200)
I, [2014-04-05T15:19:18.607403 #8228]  INFO -- : NoCo received hole_card Queen of Spades
I, [2014-04-05T15:19:18.608138 #8228]  INFO -- : R3T received hole_card Ace of Spades
I, [2014-04-05T15:19:18.608799 #8228]  INFO -- : NoCo received hole_card 8 of Diamonds
I, [2014-04-05T15:19:18.609475 #8228]  INFO -- : R3T received hole_card 10 of Hearts
I, [2014-04-05T15:19:18.610525 #8228]  INFO -- : NoCo made a bet of 160 (raise) and is left with 1172 chips. The pot now contains 160 chips.
I, [2014-04-05T15:19:18.611314 #8228]  INFO -- : R3T made a bet of 320 (raise) and is left with 1348 chips. The pot now contains 480 chips.
I, [2014-04-05T15:19:18.613862 #8228]  INFO -- : Player NoCo responded with  (200)
I, [2014-04-05T15:19:18.614435 #8228]  INFO -- : NoCo made a bet of 0 (fold) and is left with 1172 chips. The pot now contains 480 chips.
I, [2014-04-05T15:19:18.620621 #8228]  INFO -- : Player R3T responded with 0 (200)
I, [2014-04-05T15:19:18.621381 #8228]  INFO -- : R3T made a bet of 0 (check) and is left with 1348 chips. The pot now contains 480 chips.
I, [2014-04-05T15:19:18.622579 #8228]  INFO -- : R3T won 480
I, [2014-04-05T15:19:18.629275 #8228]  INFO -- : Player R3T responded with  (200)
I, [2014-04-05T15:19:18.633651 #8228]  INFO -- : Player Mr Bazinga responded with OK (200)
I, [2014-04-05T15:19:18.638094 #8228]  INFO -- : Player NoCo responded with  (200)
I, [2014-04-05T15:19:18.638687 #8228]  INFO -- : R3T received hole_card 5 of Diamonds
I, [2014-04-05T15:19:18.639004 #8228]  INFO -- : NoCo received hole_card 6 of Hearts
I, [2014-04-05T15:19:18.639290 #8228]  INFO -- : R3T received hole_card Ace of Spades
I, [2014-04-05T15:19:18.639611 #8228]  INFO -- : NoCo received hole_card 9 of Spades
I, [2014-04-05T15:19:18.639922 #8228]  INFO -- : R3T made a bet of 160 (raise) and is left with 1668 chips. The pot now contains 160 chips.
I, [2014-04-05T15:19:18.640183 #8228]  INFO -- : NoCo made a bet of 320 (raise) and is left with 852 chips. The pot now contains 480 chips.
I, [2014-04-05T15:19:18.642446 #8228]  INFO -- : Player R3T responded with 0 (200)
I, [2014-04-05T15:19:18.642685 #8228]  INFO -- : R3T made a bet of 0 (fold) and is left with 1668 chips. The pot now contains 480 chips.
I, [2014-04-05T15:19:18.643057 #8228]  INFO -- : NoCo won 480
I, [2014-04-05T15:19:18.646795 #8228]  INFO -- : Player R3T responded with  (200)
I, [2014-04-05T15:19:18.648539 #8228]  INFO -- : Player Mr Bazinga responded with OK (200)
I, [2014-04-05T15:19:18.651108 #8228]  INFO -- : Player NoCo responded with  (200)
I, [2014-04-05T15:19:18.651558 #8228]  INFO -- : NoCo received hole_card 6 of Hearts
I, [2014-04-05T15:19:18.651839 #8228]  INFO -- : R3T received hole_card 4 of Spades
I, [2014-04-05T15:19:18.652121 #8228]  INFO -- : NoCo received hole_card 8 of Spades
I, [2014-04-05T15:19:18.652378 #8228]  INFO -- : R3T received hole_card 3 of Spades
I, [2014-04-05T15:19:18.652777 #8228]  INFO -- : NoCo made a bet of 160 (raise) and is left with 1172 chips. The pot now contains 160 chips.
I, [2014-04-05T15:19:18.653076 #8228]  INFO -- : R3T made a bet of 320 (raise) and is left with 1348 chips. The pot now contains 480 chips.
I, [2014-04-05T15:19:18.655395 #8228]  INFO -- : Player NoCo responded with 0 (200)
I, [2014-04-05T15:19:18.655748 #8228]  INFO -- : NoCo made a bet of 0 (fold) and is left with 1172 chips. The pot now contains 480 chips.
I, [2014-04-05T15:19:18.659560 #8228]  INFO -- : Player R3T responded with 588 (200)
I, [2014-04-05T15:19:18.659967 #8228]  INFO -- : R3T made a bet of 588 (raise) and is left with 760 chips. The pot now contains 1068 chips.
I, [2014-04-05T15:19:18.660823 #8228]  INFO -- : R3T won 1068
I, [2014-04-05T15:19:18.664772 #8228]  INFO -- : Player R3T responded with  (200)
I, [2014-04-05T15:19:18.667752 #8228]  INFO -- : Player Mr Bazinga responded with OK (200)
I, [2014-04-05T15:19:18.671740 #8228]  INFO -- : Player NoCo responded with  (200)
I, [2014-04-05T15:19:18.672750 #8228]  INFO -- : R3T received hole_card 8 of Clubs
I, [2014-04-05T15:19:18.673311 #8228]  INFO -- : NoCo received hole_card 2 of Spades
I, [2014-04-05T15:19:18.673912 #8228]  INFO -- : R3T received hole_card 6 of Diamonds
I, [2014-04-05T15:19:18.674515 #8228]  INFO -- : NoCo received hole_card 4 of Clubs
I, [2014-04-05T15:19:18.675502 #8228]  INFO -- : R3T made a bet of 160 (raise) and is left with 1668 chips. The pot now contains 160 chips.
I, [2014-04-05T15:19:18.676341 #8228]  INFO -- : NoCo made a bet of 320 (raise) and is left with 852 chips. The pot now contains 480 chips.
I, [2014-04-05T15:19:18.682582 #8228]  INFO -- : Player R3T responded with 0 (200)
I, [2014-04-05T15:19:18.683551 #8228]  INFO -- : R3T made a bet of 0 (fold) and is left with 1668 chips. The pot now contains 480 chips.
I, [2014-04-05T15:19:18.685565 #8228]  INFO -- : NoCo won 480
I, [2014-04-05T15:19:18.689811 #8228]  INFO -- : Player R3T responded with  (200)
I, [2014-04-05T15:19:18.695960 #8228]  INFO -- : Player Mr Bazinga responded with OK (200)
I, [2014-04-05T15:19:18.700746 #8228]  INFO -- : Player NoCo responded with  (200)
I, [2014-04-05T15:19:18.701794 #8228]  INFO -- : NoCo received hole_card 4 of Clubs
I, [2014-04-05T15:19:18.702334 #8228]  INFO -- : R3T received hole_card 2 of Spades
I, [2014-04-05T15:19:18.703032 #8228]  INFO -- : NoCo received hole_card 8 of Clubs
I, [2014-04-05T15:19:18.703376 #8228]  INFO -- : R3T received hole_card 5 of Spades
I, [2014-04-05T15:19:18.704479 #8228]  INFO -- : NoCo made a bet of 320 (raise) and is left with 1012 chips. The pot now contains 320 chips.
I, [2014-04-05T15:19:18.705394 #8228]  INFO -- : R3T made a bet of 640 (raise) and is left with 1028 chips. The pot now contains 960 chips.
I, [2014-04-05T15:19:18.710811 #8228]  INFO -- : Player NoCo responded with 0 (200)
I, [2014-04-05T15:19:18.711509 #8228]  INFO -- : NoCo made a bet of 0 (fold) and is left with 1012 chips. The pot now contains 960 chips.
I, [2014-04-05T15:19:18.717595 #8228]  INFO -- : Player R3T responded with 0 (200)
I, [2014-04-05T15:19:18.718117 #8228]  INFO -- : R3T made a bet of 0 (check) and is left with 1028 chips. The pot now contains 960 chips.
I, [2014-04-05T15:19:18.718798 #8228]  INFO -- : R3T won 960
I, [2014-04-05T15:19:18.722923 #8228]  INFO -- : Player R3T responded with  (200)
I, [2014-04-05T15:19:18.726609 #8228]  INFO -- : Player Mr Bazinga responded with OK (200)
I, [2014-04-05T15:19:18.729269 #8228]  INFO -- : Player NoCo responded with  (200)
I, [2014-04-05T15:19:18.730174 #8228]  INFO -- : R3T received hole_card 8 of Hearts
I, [2014-04-05T15:19:18.730731 #8228]  INFO -- : NoCo received hole_card King of Spades
I, [2014-04-05T15:19:18.731345 #8228]  INFO -- : R3T received hole_card 10 of Spades
I, [2014-04-05T15:19:18.731884 #8228]  INFO -- : NoCo received hole_card 4 of Spades
I, [2014-04-05T15:19:18.732391 #8228]  INFO -- : R3T made a bet of 320 (raise) and is left with 1668 chips. The pot now contains 320 chips.
I, [2014-04-05T15:19:18.733036 #8228]  INFO -- : NoCo made a bet of 640 (raise) and is left with 372 chips. The pot now contains 960 chips.
I, [2014-04-05T15:19:18.736783 #8228]  INFO -- : Player R3T responded with 0 (200)
I, [2014-04-05T15:19:18.737271 #8228]  INFO -- : R3T made a bet of 0 (fold) and is left with 1668 chips. The pot now contains 960 chips.
I, [2014-04-05T15:19:18.737854 #8228]  INFO -- : NoCo won 960
I, [2014-04-05T15:19:18.741659 #8228]  INFO -- : Player R3T responded with  (200)
I, [2014-04-05T15:19:18.747955 #8228]  INFO -- : Player Mr Bazinga responded with OK (200)
I, [2014-04-05T15:19:18.750083 #8228]  INFO -- : Player NoCo responded with  (200)
I, [2014-04-05T15:19:18.750518 #8228]  INFO -- : NoCo received hole_card 8 of Clubs
I, [2014-04-05T15:19:18.750731 #8228]  INFO -- : R3T received hole_card Jack of Hearts
I, [2014-04-05T15:19:18.750962 #8228]  INFO -- : NoCo received hole_card 6 of Diamonds
I, [2014-04-05T15:19:18.751197 #8228]  INFO -- : R3T received hole_card Ace of Hearts
I, [2014-04-05T15:19:18.751557 #8228]  INFO -- : NoCo made a bet of 320 (raise) and is left with 1012 chips. The pot now contains 320 chips.
I, [2014-04-05T15:19:18.751864 #8228]  INFO -- : R3T made a bet of 640 (raise) and is left with 1028 chips. The pot now contains 960 chips.
I, [2014-04-05T15:19:18.753864 #8228]  INFO -- : Player NoCo responded with 0 (200)
I, [2014-04-05T15:19:18.754233 #8228]  INFO -- : NoCo made a bet of 0 (fold) and is left with 1012 chips. The pot now contains 960 chips.
I, [2014-04-05T15:19:18.757956 #8228]  INFO -- : Player R3T responded with 0 (200)
I, [2014-04-05T15:19:18.758316 #8228]  INFO -- : R3T made a bet of 0 (check) and is left with 1028 chips. The pot now contains 960 chips.
I, [2014-04-05T15:19:18.759477 #8228]  INFO -- : R3T won 960
I, [2014-04-05T15:19:18.764160 #8228]  INFO -- : Player R3T responded with  (200)
I, [2014-04-05T15:19:18.767160 #8228]  INFO -- : Player Mr Bazinga responded with OK (200)
I, [2014-04-05T15:19:18.771201 #8228]  INFO -- : Player NoCo responded with  (200)
I, [2014-04-05T15:19:18.772211 #8228]  INFO -- : R3T received hole_card 8 of Spades
I, [2014-04-05T15:19:18.772760 #8228]  INFO -- : NoCo received hole_card 2 of Clubs
I, [2014-04-05T15:19:18.773290 #8228]  INFO -- : R3T received hole_card 7 of Spades
I, [2014-04-05T15:19:18.773831 #8228]  INFO -- : NoCo received hole_card Jack of Spades
I, [2014-04-05T15:19:18.774649 #8228]  INFO -- : R3T made a bet of 320 (raise) and is left with 1668 chips. The pot now contains 320 chips.
I, [2014-04-05T15:19:18.775416 #8228]  INFO -- : NoCo made a bet of 640 (raise) and is left with 372 chips. The pot now contains 960 chips.
I, [2014-04-05T15:19:18.779224 #8228]  INFO -- : Player R3T responded with 972 (200)
I, [2014-04-05T15:19:18.779629 #8228]  INFO -- : R3T made a bet of 972 (raise) and is left with 696 chips. The pot now contains 1932 chips.
I, [2014-04-05T15:19:18.785630 #8228]  INFO -- : Player NoCo responded with 0 (200)
I, [2014-04-05T15:19:18.785856 #8228]  INFO -- : NoCo made a bet of 0 (fold) and is left with 372 chips. The pot now contains 1932 chips.
I, [2014-04-05T15:19:18.786249 #8228]  INFO -- : R3T won 1932
I, [2014-04-05T15:19:18.790455 #8228]  INFO -- : Player R3T responded with  (200)
I, [2014-04-05T15:19:18.794863 #8228]  INFO -- : Player Mr Bazinga responded with OK (200)
I, [2014-04-05T15:19:18.800166 #8228]  INFO -- : Player NoCo responded with  (200)
I, [2014-04-05T15:19:18.801055 #8228]  INFO -- : NoCo received hole_card 8 of Diamonds
I, [2014-04-05T15:19:18.801635 #8228]  INFO -- : R3T received hole_card 10 of Diamonds
I, [2014-04-05T15:19:18.802344 #8228]  INFO -- : NoCo received hole_card 10 of Hearts
I, [2014-04-05T15:19:18.802922 #8228]  INFO -- : R3T received hole_card 9 of Clubs
I, [2014-04-05T15:19:18.803860 #8228]  INFO -- : NoCo made a bet of 320 (raise) and is left with 52 chips. The pot now contains 320 chips.
I, [2014-04-05T15:19:18.804798 #8228]  INFO -- : R3T made a bet of 640 (raise) and is left with 1988 chips. The pot now contains 960 chips.
I, [2014-04-05T15:19:18.807768 #8228]  INFO -- : Player NoCo responded with  (200)
I, [2014-04-05T15:19:18.808143 #8228]  INFO -- : NoCo made a bet of 0 (fold) and is left with 52 chips. The pot now contains 960 chips.
I, [2014-04-05T15:19:18.814054 #8228]  INFO -- : Player R3T responded with 0 (200)
I, [2014-04-05T15:19:18.814886 #8228]  INFO -- : R3T made a bet of 0 (check) and is left with 1988 chips. The pot now contains 960 chips.
I, [2014-04-05T15:19:18.816167 #8228]  INFO -- : R3T won 960
I, [2014-04-05T15:19:18.822617 #8228]  INFO -- : Player R3T responded with  (200)
I, [2014-04-05T15:19:18.826730 #8228]  INFO -- : Player Mr Bazinga responded with OK (200)
I, [2014-04-05T15:19:18.832244 #8228]  INFO -- : Player NoCo responded with  (200)
I, [2014-04-05T15:19:18.833193 #8228]  INFO -- : R3T received hole_card 6 of Hearts
I, [2014-04-05T15:19:18.833722 #8228]  INFO -- : NoCo received hole_card Ace of Diamonds
I, [2014-04-05T15:19:18.834434 #8228]  INFO -- : R3T received hole_card 5 of Spades
I, [2014-04-05T15:19:18.835021 #8228]  INFO -- : NoCo received hole_card 8 of Diamonds
I, [2014-04-05T15:19:18.835862 #8228]  INFO -- : R3T made a bet of 320 (raise) and is left with 2628 chips. The pot now contains 320 chips.
I, [2014-04-05T15:19:18.836860 #8228]  INFO -- : NoCo made a bet of 52 (allin) and is left with 0 chips. The pot now contains 372 chips.
I, [2014-04-05T15:19:18.842285 #8228]  INFO -- : Player R3T responded with 0 (200)
I, [2014-04-05T15:19:18.842707 #8228]  INFO -- : R3T made a bet of 0 (check) and is left with 2628 chips. The pot now contains 372 chips.
I, [2014-04-05T15:19:18.843061 #8228]  INFO -- : community card 2 of Diamonds
I, [2014-04-05T15:19:18.843301 #8228]  INFO -- : community card King of Spades
I, [2014-04-05T15:19:18.843498 #8228]  INFO -- : community card King of Clubs
I, [2014-04-05T15:19:18.843740 #8228]  INFO -- : community card Queen of Clubs
I, [2014-04-05T15:19:18.843979 #8228]  INFO -- : community card 7 of Hearts
I, [2014-04-05T15:19:18.844838 #8228]  INFO -- : R3T showed 6 of Hearts,7 of Hearts,Queen of Clubs,King of Clubs,King of Spades making a pair
I, [2014-04-05T15:19:18.846037 #8228]  INFO -- : NoCo showed 8 of Diamonds,Queen of Clubs,King of Clubs,King of Spades,Ace of Diamonds making a pair
I, [2014-04-05T15:19:18.846285 #8228]  INFO -- : NoCo won 104
I, [2014-04-05T15:19:18.846687 #8228]  INFO -- : R3T won 268
I, [2014-04-05T15:19:18.849281 #8228]  INFO -- : Player R3T responded with  (200)
I, [2014-04-05T15:19:18.851033 #8228]  INFO -- : Player Mr Bazinga responded with OK (200)
I, [2014-04-05T15:19:18.853055 #8228]  INFO -- : Player NoCo responded with  (200)
I, [2014-04-05T15:19:18.853393 #8228]  INFO -- : NoCo received hole_card 3 of Hearts
I, [2014-04-05T15:19:18.853635 #8228]  INFO -- : R3T received hole_card 5 of Spades
I, [2014-04-05T15:19:18.853834 #8228]  INFO -- : NoCo received hole_card Jack of Diamonds
I, [2014-04-05T15:19:18.854028 #8228]  INFO -- : R3T received hole_card 6 of Hearts
I, [2014-04-05T15:19:18.854321 #8228]  INFO -- : NoCo made a bet of 104 (allin) and is left with 0 chips. The pot now contains 104 chips.
I, [2014-04-05T15:19:18.854566 #8228]  INFO -- : R3T made a bet of 640 (raise) and is left with 2256 chips. The pot now contains 744 chips.
I, [2014-04-05T15:19:18.857179 #8228]  INFO -- : Player R3T responded with 0 (200)
I, [2014-04-05T15:19:18.857448 #8228]  INFO -- : R3T made a bet of 0 (check) and is left with 2256 chips. The pot now contains 744 chips.
I, [2014-04-05T15:19:18.857695 #8228]  INFO -- : community card 9 of Spades
I, [2014-04-05T15:19:18.857889 #8228]  INFO -- : community card King of Clubs
I, [2014-04-05T15:19:18.858074 #8228]  INFO -- : community card 4 of Spades
I, [2014-04-05T15:19:18.858267 #8228]  INFO -- : community card 6 of Diamonds
I, [2014-04-05T15:19:18.858457 #8228]  INFO -- : community card Ace of Spades
I, [2014-04-05T15:19:18.858983 #8228]  INFO -- : R3T showed 6 of Diamonds,6 of Hearts,9 of Spades,King of Clubs,Ace of Spades making a pair
I, [2014-04-05T15:19:18.859317 #8228]  INFO -- : R3T won 744
I, [2014-04-05T15:19:18.861342 #8228]  INFO -- : Player R3T responded with  (200)
I, [2014-04-05T15:19:18.863356 #8228]  INFO -- : Player Mr Bazinga responded with OK (200)
I, [2014-04-05T15:19:18.866350 #8228]  INFO -- : Player NoCo responded with  (200)
