Listening at http://localhost:1337
undefined
TypeError: Cannot read property 'undefined' of undefined
    at Object.module.exports.bet_request (/home/devill/git/poker-player-bazinga/player.js:8:62)
    at port (/home/devill/git/poker-player-bazinga/player_service.js:14:26)
    at callbacks (/usr/lib/node_modules/express/lib/router/index.js:164:37)
    at param (/usr/lib/node_modules/express/lib/router/index.js:138:11)
    at pass (/usr/lib/node_modules/express/lib/router/index.js:145:5)
    at Router._dispatch (/usr/lib/node_modules/express/lib/router/index.js:173:5)
    at Object.router (/usr/lib/node_modules/express/lib/router/index.js:33:10)
    at next (/usr/lib/node_modules/express/node_modules/connect/lib/proto.js:190:15)
    at IncomingMessage.<anonymous> (/usr/lib/node_modules/express/node_modules/connect/lib/middleware/urlencoded.js:70:11)
    at IncomingMessage.EventEmitter.emit (events.js:92:17)
undefined
TypeError: Cannot read property 'undefined' of undefined
    at Object.module.exports.bet_request (/home/devill/git/poker-player-bazinga/player.js:8:62)
    at port (/home/devill/git/poker-player-bazinga/player_service.js:14:26)
    at callbacks (/usr/lib/node_modules/express/lib/router/index.js:164:37)
    at param (/usr/lib/node_modules/express/lib/router/index.js:138:11)
    at pass (/usr/lib/node_modules/express/lib/router/index.js:145:5)
    at Router._dispatch (/usr/lib/node_modules/express/lib/router/index.js:173:5)
    at Object.router (/usr/lib/node_modules/express/lib/router/index.js:33:10)
    at next (/usr/lib/node_modules/express/node_modules/connect/lib/proto.js:190:15)
    at IncomingMessage.<anonymous> (/usr/lib/node_modules/express/node_modules/connect/lib/middleware/urlencoded.js:70:11)
    at IncomingMessage.EventEmitter.emit (events.js:92:17)
undefined
TypeError: Cannot read property 'undefined' of undefined
    at Object.module.exports.bet_request (/home/devill/git/poker-player-bazinga/player.js:8:62)
    at port (/home/devill/git/poker-player-bazinga/player_service.js:14:26)
    at callbacks (/usr/lib/node_modules/express/lib/router/index.js:164:37)
    at param (/usr/lib/node_modules/express/lib/router/index.js:138:11)
    at pass (/usr/lib/node_modules/express/lib/router/index.js:145:5)
    at Router._dispatch (/usr/lib/node_modules/express/lib/router/index.js:173:5)
    at Object.router (/usr/lib/node_modules/express/lib/router/index.js:33:10)
    at next (/usr/lib/node_modules/express/node_modules/connect/lib/proto.js:190:15)
    at IncomingMessage.<anonymous> (/usr/lib/node_modules/express/node_modules/connect/lib/middleware/urlencoded.js:70:11)
    at IncomingMessage.EventEmitter.emit (events.js:92:17)
undefined
TypeError: Cannot read property 'undefined' of undefined
    at Object.module.exports.bet_request (/home/devill/git/poker-player-bazinga/player.js:8:62)
    at port (/home/devill/git/poker-player-bazinga/player_service.js:14:26)
    at callbacks (/usr/lib/node_modules/express/lib/router/index.js:164:37)
    at param (/usr/lib/node_modules/express/lib/router/index.js:138:11)
    at pass (/usr/lib/node_modules/express/lib/router/index.js:145:5)
    at Router._dispatch (/usr/lib/node_modules/express/lib/router/index.js:173:5)
    at Object.router (/usr/lib/node_modules/express/lib/router/index.js:33:10)
    at next (/usr/lib/node_modules/express/node_modules/connect/lib/proto.js:190:15)
    at IncomingMessage.<anonymous> (/usr/lib/node_modules/express/node_modules/connect/lib/middleware/urlencoded.js:70:11)
    at IncomingMessage.EventEmitter.emit (events.js:92:17)
undefined
TypeError: Cannot read property 'undefined' of undefined
    at Object.module.exports.bet_request (/home/devill/git/poker-player-bazinga/player.js:8:62)
    at port (/home/devill/git/poker-player-bazinga/player_service.js:14:26)
    at callbacks (/usr/lib/node_modules/express/lib/router/index.js:164:37)
    at param (/usr/lib/node_modules/express/lib/router/index.js:138:11)
    at pass (/usr/lib/node_modules/express/lib/router/index.js:145:5)
    at Router._dispatch (/usr/lib/node_modules/express/lib/router/index.js:173:5)
    at Object.router (/usr/lib/node_modules/express/lib/router/index.js:33:10)
    at next (/usr/lib/node_modules/express/node_modules/connect/lib/proto.js:190:15)
    at IncomingMessage.<anonymous> (/usr/lib/node_modules/express/node_modules/connect/lib/middleware/urlencoded.js:70:11)
    at IncomingMessage.EventEmitter.emit (events.js:92:17)
undefined
TypeError: Cannot read property 'undefined' of undefined
    at Object.module.exports.bet_request (/home/devill/git/poker-player-bazinga/player.js:8:62)
    at port (/home/devill/git/poker-player-bazinga/player_service.js:14:26)
    at callbacks (/usr/lib/node_modules/express/lib/router/index.js:164:37)
    at param (/usr/lib/node_modules/express/lib/router/index.js:138:11)
    at pass (/usr/lib/node_modules/express/lib/router/index.js:145:5)
    at Router._dispatch (/usr/lib/node_modules/express/lib/router/index.js:173:5)
    at Object.router (/usr/lib/node_modules/express/lib/router/index.js:33:10)
    at next (/usr/lib/node_modules/express/node_modules/connect/lib/proto.js:190:15)
    at IncomingMessage.<anonymous> (/usr/lib/node_modules/express/node_modules/connect/lib/middleware/urlencoded.js:70:11)
    at IncomingMessage.EventEmitter.emit (events.js:92:17)
undefined
TypeError: Cannot read property 'undefined' of undefined
    at Object.module.exports.bet_request (/home/devill/git/poker-player-bazinga/player.js:8:62)
    at port (/home/devill/git/poker-player-bazinga/player_service.js:14:26)
    at callbacks (/usr/lib/node_modules/express/lib/router/index.js:164:37)
    at param (/usr/lib/node_modules/express/lib/router/index.js:138:11)
    at pass (/usr/lib/node_modules/express/lib/router/index.js:145:5)
    at Router._dispatch (/usr/lib/node_modules/express/lib/router/index.js:173:5)
    at Object.router (/usr/lib/node_modules/express/lib/router/index.js:33:10)
    at next (/usr/lib/node_modules/express/node_modules/connect/lib/proto.js:190:15)
    at IncomingMessage.<anonymous> (/usr/lib/node_modules/express/node_modules/connect/lib/middleware/urlencoded.js:70:11)
    at IncomingMessage.EventEmitter.emit (events.js:92:17)
undefined
TypeError: Cannot read property 'undefined' of undefined
    at Object.module.exports.bet_request (/home/devill/git/poker-player-bazinga/player.js:8:62)
    at port (/home/devill/git/poker-player-bazinga/player_service.js:14:26)
    at callbacks (/usr/lib/node_modules/express/lib/router/index.js:164:37)
    at param (/usr/lib/node_modules/express/lib/router/index.js:138:11)
    at pass (/usr/lib/node_modules/express/lib/router/index.js:145:5)
    at Router._dispatch (/usr/lib/node_modules/express/lib/router/index.js:173:5)
    at Object.router (/usr/lib/node_modules/express/lib/router/index.js:33:10)
    at next (/usr/lib/node_modules/express/node_modules/connect/lib/proto.js:190:15)
    at IncomingMessage.<anonymous> (/usr/lib/node_modules/express/node_modules/connect/lib/middleware/urlencoded.js:70:11)
    at IncomingMessage.EventEmitter.emit (events.js:92:17)
undefined
TypeError: Cannot read property 'undefined' of undefined
    at Object.module.exports.bet_request (/home/devill/git/poker-player-bazinga/player.js:8:62)
    at port (/home/devill/git/poker-player-bazinga/player_service.js:14:26)
    at callbacks (/usr/lib/node_modules/express/lib/router/index.js:164:37)
    at param (/usr/lib/node_modules/express/lib/router/index.js:138:11)
    at pass (/usr/lib/node_modules/express/lib/router/index.js:145:5)
    at Router._dispatch (/usr/lib/node_modules/express/lib/router/index.js:173:5)
    at Object.router (/usr/lib/node_modules/express/lib/router/index.js:33:10)
    at next (/usr/lib/node_modules/express/node_modules/connect/lib/proto.js:190:15)
    at IncomingMessage.<anonymous> (/usr/lib/node_modules/express/node_modules/connect/lib/middleware/urlencoded.js:70:11)
    at IncomingMessage.EventEmitter.emit (events.js:92:17)
undefined
TypeError: Cannot read property 'undefined' of undefined
    at Object.module.exports.bet_request (/home/devill/git/poker-player-bazinga/player.js:8:62)
    at port (/home/devill/git/poker-player-bazinga/player_service.js:14:26)
    at callbacks (/usr/lib/node_modules/express/lib/router/index.js:164:37)
    at param (/usr/lib/node_modules/express/lib/router/index.js:138:11)
    at pass (/usr/lib/node_modules/express/lib/router/index.js:145:5)
    at Router._dispatch (/usr/lib/node_modules/express/lib/router/index.js:173:5)
    at Object.router (/usr/lib/node_modules/express/lib/router/index.js:33:10)
    at next (/usr/lib/node_modules/express/node_modules/connect/lib/proto.js:190:15)
    at IncomingMessage.<anonymous> (/usr/lib/node_modules/express/node_modules/connect/lib/middleware/urlencoded.js:70:11)
    at IncomingMessage.EventEmitter.emit (events.js:92:17)
undefined
TypeError: Cannot read property 'undefined' of undefined
    at Object.module.exports.bet_request (/home/devill/git/poker-player-bazinga/player.js:8:62)
    at port (/home/devill/git/poker-player-bazinga/player_service.js:14:26)
    at callbacks (/usr/lib/node_modules/express/lib/router/index.js:164:37)
    at param (/usr/lib/node_modules/express/lib/router/index.js:138:11)
    at pass (/usr/lib/node_modules/express/lib/router/index.js:145:5)
    at Router._dispatch (/usr/lib/node_modules/express/lib/router/index.js:173:5)
    at Object.router (/usr/lib/node_modules/express/lib/router/index.js:33:10)
    at next (/usr/lib/node_modules/express/node_modules/connect/lib/proto.js:190:15)
    at IncomingMessage.<anonymous> (/usr/lib/node_modules/express/node_modules/connect/lib/middleware/urlencoded.js:70:11)
    at IncomingMessage.EventEmitter.emit (events.js:92:17)
undefined
TypeError: Cannot read property 'undefined' of undefined
    at Object.module.exports.bet_request (/home/devill/git/poker-player-bazinga/player.js:8:62)
    at port (/home/devill/git/poker-player-bazinga/player_service.js:14:26)
    at callbacks (/usr/lib/node_modules/express/lib/router/index.js:164:37)
    at param (/usr/lib/node_modules/express/lib/router/index.js:138:11)
    at pass (/usr/lib/node_modules/express/lib/router/index.js:145:5)
    at Router._dispatch (/usr/lib/node_modules/express/lib/router/index.js:173:5)
    at Object.router (/usr/lib/node_modules/express/lib/router/index.js:33:10)
    at next (/usr/lib/node_modules/express/node_modules/connect/lib/proto.js:190:15)
    at IncomingMessage.<anonymous> (/usr/lib/node_modules/express/node_modules/connect/lib/middleware/urlencoded.js:70:11)
    at IncomingMessage.EventEmitter.emit (events.js:92:17)
undefined
TypeError: Cannot read property 'undefined' of undefined
    at Object.module.exports.bet_request (/home/devill/git/poker-player-bazinga/player.js:8:62)
    at port (/home/devill/git/poker-player-bazinga/player_service.js:14:26)
    at callbacks (/usr/lib/node_modules/express/lib/router/index.js:164:37)
    at param (/usr/lib/node_modules/express/lib/router/index.js:138:11)
    at pass (/usr/lib/node_modules/express/lib/router/index.js:145:5)
    at Router._dispatch (/usr/lib/node_modules/express/lib/router/index.js:173:5)
    at Object.router (/usr/lib/node_modules/express/lib/router/index.js:33:10)
    at next (/usr/lib/node_modules/express/node_modules/connect/lib/proto.js:190:15)
    at IncomingMessage.<anonymous> (/usr/lib/node_modules/express/node_modules/connect/lib/middleware/urlencoded.js:70:11)
    at IncomingMessage.EventEmitter.emit (events.js:92:17)
undefined
TypeError: Cannot read property 'undefined' of undefined
    at Object.module.exports.bet_request (/home/devill/git/poker-player-bazinga/player.js:8:62)
    at port (/home/devill/git/poker-player-bazinga/player_service.js:14:26)
    at callbacks (/usr/lib/node_modules/express/lib/router/index.js:164:37)
    at param (/usr/lib/node_modules/express/lib/router/index.js:138:11)
    at pass (/usr/lib/node_modules/express/lib/router/index.js:145:5)
    at Router._dispatch (/usr/lib/node_modules/express/lib/router/index.js:173:5)
    at Object.router (/usr/lib/node_modules/express/lib/router/index.js:33:10)
    at next (/usr/lib/node_modules/express/node_modules/connect/lib/proto.js:190:15)
    at IncomingMessage.<anonymous> (/usr/lib/node_modules/express/node_modules/connect/lib/middleware/urlencoded.js:70:11)
    at IncomingMessage.EventEmitter.emit (events.js:92:17)
undefined
TypeError: Cannot read property 'undefined' of undefined
    at Object.module.exports.bet_request (/home/devill/git/poker-player-bazinga/player.js:8:62)
    at port (/home/devill/git/poker-player-bazinga/player_service.js:14:26)
    at callbacks (/usr/lib/node_modules/express/lib/router/index.js:164:37)
    at param (/usr/lib/node_modules/express/lib/router/index.js:138:11)
    at pass (/usr/lib/node_modules/express/lib/router/index.js:145:5)
    at Router._dispatch (/usr/lib/node_modules/express/lib/router/index.js:173:5)
    at Object.router (/usr/lib/node_modules/express/lib/router/index.js:33:10)
    at next (/usr/lib/node_modules/express/node_modules/connect/lib/proto.js:190:15)
    at IncomingMessage.<anonymous> (/usr/lib/node_modules/express/node_modules/connect/lib/middleware/urlencoded.js:70:11)
    at IncomingMessage.EventEmitter.emit (events.js:92:17)
undefined
TypeError: Cannot read property 'undefined' of undefined
    at Object.module.exports.bet_request (/home/devill/git/poker-player-bazinga/player.js:8:62)
    at port (/home/devill/git/poker-player-bazinga/player_service.js:14:26)
    at callbacks (/usr/lib/node_modules/express/lib/router/index.js:164:37)
    at param (/usr/lib/node_modules/express/lib/router/index.js:138:11)
    at pass (/usr/lib/node_modules/express/lib/router/index.js:145:5)
    at Router._dispatch (/usr/lib/node_modules/express/lib/router/index.js:173:5)
    at Object.router (/usr/lib/node_modules/express/lib/router/index.js:33:10)
    at next (/usr/lib/node_modules/express/node_modules/connect/lib/proto.js:190:15)
    at IncomingMessage.<anonymous> (/usr/lib/node_modules/express/node_modules/connect/lib/middleware/urlencoded.js:70:11)
    at IncomingMessage.EventEmitter.emit (events.js:92:17)
undefined
TypeError: Cannot read property 'undefined' of undefined
    at Object.module.exports.bet_request (/home/devill/git/poker-player-bazinga/player.js:8:62)
    at port (/home/devill/git/poker-player-bazinga/player_service.js:14:26)
    at callbacks (/usr/lib/node_modules/express/lib/router/index.js:164:37)
    at param (/usr/lib/node_modules/express/lib/router/index.js:138:11)
    at pass (/usr/lib/node_modules/express/lib/router/index.js:145:5)
    at Router._dispatch (/usr/lib/node_modules/express/lib/router/index.js:173:5)
    at Object.router (/usr/lib/node_modules/express/lib/router/index.js:33:10)
    at next (/usr/lib/node_modules/express/node_modules/connect/lib/proto.js:190:15)
    at IncomingMessage.<anonymous> (/usr/lib/node_modules/express/node_modules/connect/lib/middleware/urlencoded.js:70:11)
    at IncomingMessage.EventEmitter.emit (events.js:92:17)
undefined
TypeError: Cannot read property 'undefined' of undefined
    at Object.module.exports.bet_request (/home/devill/git/poker-player-bazinga/player.js:8:62)
    at port (/home/devill/git/poker-player-bazinga/player_service.js:14:26)
    at callbacks (/usr/lib/node_modules/express/lib/router/index.js:164:37)
    at param (/usr/lib/node_modules/express/lib/router/index.js:138:11)
    at pass (/usr/lib/node_modules/express/lib/router/index.js:145:5)
    at Router._dispatch (/usr/lib/node_modules/express/lib/router/index.js:173:5)
    at Object.router (/usr/lib/node_modules/express/lib/router/index.js:33:10)
    at next (/usr/lib/node_modules/express/node_modules/connect/lib/proto.js:190:15)
    at IncomingMessage.<anonymous> (/usr/lib/node_modules/express/node_modules/connect/lib/middleware/urlencoded.js:70:11)
    at IncomingMessage.EventEmitter.emit (events.js:92:17)
undefined
TypeError: Cannot read property 'undefined' of undefined
    at Object.module.exports.bet_request (/home/devill/git/poker-player-bazinga/player.js:8:62)
    at port (/home/devill/git/poker-player-bazinga/player_service.js:14:26)
    at callbacks (/usr/lib/node_modules/express/lib/router/index.js:164:37)
    at param (/usr/lib/node_modules/express/lib/router/index.js:138:11)
    at pass (/usr/lib/node_modules/express/lib/router/index.js:145:5)
    at Router._dispatch (/usr/lib/node_modules/express/lib/router/index.js:173:5)
    at Object.router (/usr/lib/node_modules/express/lib/router/index.js:33:10)
    at next (/usr/lib/node_modules/express/node_modules/connect/lib/proto.js:190:15)
    at IncomingMessage.<anonymous> (/usr/lib/node_modules/express/node_modules/connect/lib/middleware/urlencoded.js:70:11)
    at IncomingMessage.EventEmitter.emit (events.js:92:17)
undefined
TypeError: Cannot read property 'undefined' of undefined
    at Object.module.exports.bet_request (/home/devill/git/poker-player-bazinga/player.js:8:62)
    at port (/home/devill/git/poker-player-bazinga/player_service.js:14:26)
    at callbacks (/usr/lib/node_modules/express/lib/router/index.js:164:37)
    at param (/usr/lib/node_modules/express/lib/router/index.js:138:11)
    at pass (/usr/lib/node_modules/express/lib/router/index.js:145:5)
    at Router._dispatch (/usr/lib/node_modules/express/lib/router/index.js:173:5)
    at Object.router (/usr/lib/node_modules/express/lib/router/index.js:33:10)
    at next (/usr/lib/node_modules/express/node_modules/connect/lib/proto.js:190:15)
    at IncomingMessage.<anonymous> (/usr/lib/node_modules/express/node_modules/connect/lib/middleware/urlencoded.js:70:11)
    at IncomingMessage.EventEmitter.emit (events.js:92:17)
undefined
TypeError: Cannot read property 'undefined' of undefined
    at Object.module.exports.bet_request (/home/devill/git/poker-player-bazinga/player.js:8:62)
    at port (/home/devill/git/poker-player-bazinga/player_service.js:14:26)
    at callbacks (/usr/lib/node_modules/express/lib/router/index.js:164:37)
    at param (/usr/lib/node_modules/express/lib/router/index.js:138:11)
    at pass (/usr/lib/node_modules/express/lib/router/index.js:145:5)
    at Router._dispatch (/usr/lib/node_modules/express/lib/router/index.js:173:5)
    at Object.router (/usr/lib/node_modules/express/lib/router/index.js:33:10)
    at next (/usr/lib/node_modules/express/node_modules/connect/lib/proto.js:190:15)
    at IncomingMessage.<anonymous> (/usr/lib/node_modules/express/node_modules/connect/lib/middleware/urlencoded.js:70:11)
    at IncomingMessage.EventEmitter.emit (events.js:92:17)
undefined
TypeError: Cannot read property 'undefined' of undefined
    at Object.module.exports.bet_request (/home/devill/git/poker-player-bazinga/player.js:8:62)
    at port (/home/devill/git/poker-player-bazinga/player_service.js:14:26)
    at callbacks (/usr/lib/node_modules/express/lib/router/index.js:164:37)
    at param (/usr/lib/node_modules/express/lib/router/index.js:138:11)
    at pass (/usr/lib/node_modules/express/lib/router/index.js:145:5)
    at Router._dispatch (/usr/lib/node_modules/express/lib/router/index.js:173:5)
    at Object.router (/usr/lib/node_modules/express/lib/router/index.js:33:10)
    at next (/usr/lib/node_modules/express/node_modules/connect/lib/proto.js:190:15)
    at IncomingMessage.<anonymous> (/usr/lib/node_modules/express/node_modules/connect/lib/middleware/urlencoded.js:70:11)
    at IncomingMessage.EventEmitter.emit (events.js:92:17)
undefined
TypeError: Cannot read property 'undefined' of undefined
    at Object.module.exports.bet_request (/home/devill/git/poker-player-bazinga/player.js:8:62)
    at port (/home/devill/git/poker-player-bazinga/player_service.js:14:26)
    at callbacks (/usr/lib/node_modules/express/lib/router/index.js:164:37)
    at param (/usr/lib/node_modules/express/lib/router/index.js:138:11)
    at pass (/usr/lib/node_modules/express/lib/router/index.js:145:5)
    at Router._dispatch (/usr/lib/node_modules/express/lib/router/index.js:173:5)
    at Object.router (/usr/lib/node_modules/express/lib/router/index.js:33:10)
    at next (/usr/lib/node_modules/express/node_modules/connect/lib/proto.js:190:15)
    at IncomingMessage.<anonymous> (/usr/lib/node_modules/express/node_modules/connect/lib/middleware/urlencoded.js:70:11)
    at IncomingMessage.EventEmitter.emit (events.js:92:17)
undefined
TypeError: Cannot read property 'undefined' of undefined
    at Object.module.exports.bet_request (/home/devill/git/poker-player-bazinga/player.js:8:62)
    at port (/home/devill/git/poker-player-bazinga/player_service.js:14:26)
    at callbacks (/usr/lib/node_modules/express/lib/router/index.js:164:37)
    at param (/usr/lib/node_modules/express/lib/router/index.js:138:11)
    at pass (/usr/lib/node_modules/express/lib/router/index.js:145:5)
    at Router._dispatch (/usr/lib/node_modules/express/lib/router/index.js:173:5)
    at Object.router (/usr/lib/node_modules/express/lib/router/index.js:33:10)
    at next (/usr/lib/node_modules/express/node_modules/connect/lib/proto.js:190:15)
    at IncomingMessage.<anonymous> (/usr/lib/node_modules/express/node_modules/connect/lib/middleware/urlencoded.js:70:11)
    at IncomingMessage.EventEmitter.emit (events.js:92:17)
undefined
TypeError: Cannot read property 'undefined' of undefined
    at Object.module.exports.bet_request (/home/devill/git/poker-player-bazinga/player.js:8:62)
    at port (/home/devill/git/poker-player-bazinga/player_service.js:14:26)
    at callbacks (/usr/lib/node_modules/express/lib/router/index.js:164:37)
    at param (/usr/lib/node_modules/express/lib/router/index.js:138:11)
    at pass (/usr/lib/node_modules/express/lib/router/index.js:145:5)
    at Router._dispatch (/usr/lib/node_modules/express/lib/router/index.js:173:5)
    at Object.router (/usr/lib/node_modules/express/lib/router/index.js:33:10)
    at next (/usr/lib/node_modules/express/node_modules/connect/lib/proto.js:190:15)
    at IncomingMessage.<anonymous> (/usr/lib/node_modules/express/node_modules/connect/lib/middleware/urlencoded.js:70:11)
    at IncomingMessage.EventEmitter.emit (events.js:92:17)
undefined
TypeError: Cannot read property 'undefined' of undefined
    at Object.module.exports.bet_request (/home/devill/git/poker-player-bazinga/player.js:8:62)
    at port (/home/devill/git/poker-player-bazinga/player_service.js:14:26)
    at callbacks (/usr/lib/node_modules/express/lib/router/index.js:164:37)
    at param (/usr/lib/node_modules/express/lib/router/index.js:138:11)
    at pass (/usr/lib/node_modules/express/lib/router/index.js:145:5)
    at Router._dispatch (/usr/lib/node_modules/express/lib/router/index.js:173:5)
    at Object.router (/usr/lib/node_modules/express/lib/router/index.js:33:10)
    at next (/usr/lib/node_modules/express/node_modules/connect/lib/proto.js:190:15)
    at IncomingMessage.<anonymous> (/usr/lib/node_modules/express/node_modules/connect/lib/middleware/urlencoded.js:70:11)
    at IncomingMessage.EventEmitter.emit (events.js:92:17)
undefined
TypeError: Cannot read property 'undefined' of undefined
    at Object.module.exports.bet_request (/home/devill/git/poker-player-bazinga/player.js:8:62)
    at port (/home/devill/git/poker-player-bazinga/player_service.js:14:26)
    at callbacks (/usr/lib/node_modules/express/lib/router/index.js:164:37)
    at param (/usr/lib/node_modules/express/lib/router/index.js:138:11)
    at pass (/usr/lib/node_modules/express/lib/router/index.js:145:5)
    at Router._dispatch (/usr/lib/node_modules/express/lib/router/index.js:173:5)
    at Object.router (/usr/lib/node_modules/express/lib/router/index.js:33:10)
    at next (/usr/lib/node_modules/express/node_modules/connect/lib/proto.js:190:15)
    at IncomingMessage.<anonymous> (/usr/lib/node_modules/express/node_modules/connect/lib/middleware/urlencoded.js:70:11)
    at IncomingMessage.EventEmitter.emit (events.js:92:17)
undefined
TypeError: Cannot read property 'undefined' of undefined
    at Object.module.exports.bet_request (/home/devill/git/poker-player-bazinga/player.js:8:62)
    at port (/home/devill/git/poker-player-bazinga/player_service.js:14:26)
    at callbacks (/usr/lib/node_modules/express/lib/router/index.js:164:37)
    at param (/usr/lib/node_modules/express/lib/router/index.js:138:11)
    at pass (/usr/lib/node_modules/express/lib/router/index.js:145:5)
    at Router._dispatch (/usr/lib/node_modules/express/lib/router/index.js:173:5)
    at Object.router (/usr/lib/node_modules/express/lib/router/index.js:33:10)
    at next (/usr/lib/node_modules/express/node_modules/connect/lib/proto.js:190:15)
    at IncomingMessage.<anonymous> (/usr/lib/node_modules/express/node_modules/connect/lib/middleware/urlencoded.js:70:11)
    at IncomingMessage.EventEmitter.emit (events.js:92:17)
undefined
TypeError: Cannot read property 'undefined' of undefined
    at Object.module.exports.bet_request (/home/devill/git/poker-player-bazinga/player.js:8:62)
    at port (/home/devill/git/poker-player-bazinga/player_service.js:14:26)
    at callbacks (/usr/lib/node_modules/express/lib/router/index.js:164:37)
    at param (/usr/lib/node_modules/express/lib/router/index.js:138:11)
    at pass (/usr/lib/node_modules/express/lib/router/index.js:145:5)
    at Router._dispatch (/usr/lib/node_modules/express/lib/router/index.js:173:5)
    at Object.router (/usr/lib/node_modules/express/lib/router/index.js:33:10)
    at next (/usr/lib/node_modules/express/node_modules/connect/lib/proto.js:190:15)
    at IncomingMessage.<anonymous> (/usr/lib/node_modules/express/node_modules/connect/lib/middleware/urlencoded.js:70:11)
    at IncomingMessage.EventEmitter.emit (events.js:92:17)
undefined
TypeError: Cannot read property 'undefined' of undefined
    at Object.module.exports.bet_request (/home/devill/git/poker-player-bazinga/player.js:8:62)
    at port (/home/devill/git/poker-player-bazinga/player_service.js:14:26)
    at callbacks (/usr/lib/node_modules/express/lib/router/index.js:164:37)
    at param (/usr/lib/node_modules/express/lib/router/index.js:138:11)
    at pass (/usr/lib/node_modules/express/lib/router/index.js:145:5)
    at Router._dispatch (/usr/lib/node_modules/express/lib/router/index.js:173:5)
    at Object.router (/usr/lib/node_modules/express/lib/router/index.js:33:10)
    at next (/usr/lib/node_modules/express/node_modules/connect/lib/proto.js:190:15)
    at IncomingMessage.<anonymous> (/usr/lib/node_modules/express/node_modules/connect/lib/middleware/urlencoded.js:70:11)
    at IncomingMessage.EventEmitter.emit (events.js:92:17)
undefined
TypeError: Cannot read property 'undefined' of undefined
    at Object.module.exports.bet_request (/home/devill/git/poker-player-bazinga/player.js:8:62)
    at port (/home/devill/git/poker-player-bazinga/player_service.js:14:26)
    at callbacks (/usr/lib/node_modules/express/lib/router/index.js:164:37)
    at param (/usr/lib/node_modules/express/lib/router/index.js:138:11)
    at pass (/usr/lib/node_modules/express/lib/router/index.js:145:5)
    at Router._dispatch (/usr/lib/node_modules/express/lib/router/index.js:173:5)
    at Object.router (/usr/lib/node_modules/express/lib/router/index.js:33:10)
    at next (/usr/lib/node_modules/express/node_modules/connect/lib/proto.js:190:15)
    at IncomingMessage.<anonymous> (/usr/lib/node_modules/express/node_modules/connect/lib/middleware/urlencoded.js:70:11)
    at IncomingMessage.EventEmitter.emit (events.js:92:17)
undefined
TypeError: Cannot read property 'undefined' of undefined
    at Object.module.exports.bet_request (/home/devill/git/poker-player-bazinga/player.js:8:62)
    at port (/home/devill/git/poker-player-bazinga/player_service.js:14:26)
    at callbacks (/usr/lib/node_modules/express/lib/router/index.js:164:37)
    at param (/usr/lib/node_modules/express/lib/router/index.js:138:11)
    at pass (/usr/lib/node_modules/express/lib/router/index.js:145:5)
    at Router._dispatch (/usr/lib/node_modules/express/lib/router/index.js:173:5)
    at Object.router (/usr/lib/node_modules/express/lib/router/index.js:33:10)
    at next (/usr/lib/node_modules/express/node_modules/connect/lib/proto.js:190:15)
    at IncomingMessage.<anonymous> (/usr/lib/node_modules/express/node_modules/connect/lib/middleware/urlencoded.js:70:11)
    at IncomingMessage.EventEmitter.emit (events.js:92:17)
undefined
TypeError: Cannot read property 'undefined' of undefined
    at Object.module.exports.bet_request (/home/devill/git/poker-player-bazinga/player.js:8:62)
    at port (/home/devill/git/poker-player-bazinga/player_service.js:14:26)
    at callbacks (/usr/lib/node_modules/express/lib/router/index.js:164:37)
    at param (/usr/lib/node_modules/express/lib/router/index.js:138:11)
    at pass (/usr/lib/node_modules/express/lib/router/index.js:145:5)
    at Router._dispatch (/usr/lib/node_modules/express/lib/router/index.js:173:5)
    at Object.router (/usr/lib/node_modules/express/lib/router/index.js:33:10)
    at next (/usr/lib/node_modules/express/node_modules/connect/lib/proto.js:190:15)
    at IncomingMessage.<anonymous> (/usr/lib/node_modules/express/node_modules/connect/lib/middleware/urlencoded.js:70:11)
    at IncomingMessage.EventEmitter.emit (events.js:92:17)
undefined
TypeError: Cannot read property 'undefined' of undefined
    at Object.module.exports.bet_request (/home/devill/git/poker-player-bazinga/player.js:8:62)
    at port (/home/devill/git/poker-player-bazinga/player_service.js:14:26)
    at callbacks (/usr/lib/node_modules/express/lib/router/index.js:164:37)
    at param (/usr/lib/node_modules/express/lib/router/index.js:138:11)
    at pass (/usr/lib/node_modules/express/lib/router/index.js:145:5)
    at Router._dispatch (/usr/lib/node_modules/express/lib/router/index.js:173:5)
    at Object.router (/usr/lib/node_modules/express/lib/router/index.js:33:10)
    at next (/usr/lib/node_modules/express/node_modules/connect/lib/proto.js:190:15)
    at IncomingMessage.<anonymous> (/usr/lib/node_modules/express/node_modules/connect/lib/middleware/urlencoded.js:70:11)
    at IncomingMessage.EventEmitter.emit (events.js:92:17)
undefined
TypeError: Cannot read property 'undefined' of undefined
    at Object.module.exports.bet_request (/home/devill/git/poker-player-bazinga/player.js:8:62)
    at port (/home/devill/git/poker-player-bazinga/player_service.js:14:26)
    at callbacks (/usr/lib/node_modules/express/lib/router/index.js:164:37)
    at param (/usr/lib/node_modules/express/lib/router/index.js:138:11)
    at pass (/usr/lib/node_modules/express/lib/router/index.js:145:5)
    at Router._dispatch (/usr/lib/node_modules/express/lib/router/index.js:173:5)
    at Object.router (/usr/lib/node_modules/express/lib/router/index.js:33:10)
    at next (/usr/lib/node_modules/express/node_modules/connect/lib/proto.js:190:15)
    at IncomingMessage.<anonymous> (/usr/lib/node_modules/express/node_modules/connect/lib/middleware/urlencoded.js:70:11)
    at IncomingMessage.EventEmitter.emit (events.js:92:17)
undefined
TypeError: Cannot read property 'undefined' of undefined
    at Object.module.exports.bet_request (/home/devill/git/poker-player-bazinga/player.js:8:62)
    at port (/home/devill/git/poker-player-bazinga/player_service.js:14:26)
    at callbacks (/usr/lib/node_modules/express/lib/router/index.js:164:37)
    at param (/usr/lib/node_modules/express/lib/router/index.js:138:11)
    at pass (/usr/lib/node_modules/express/lib/router/index.js:145:5)
    at Router._dispatch (/usr/lib/node_modules/express/lib/router/index.js:173:5)
    at Object.router (/usr/lib/node_modules/express/lib/router/index.js:33:10)
    at next (/usr/lib/node_modules/express/node_modules/connect/lib/proto.js:190:15)
    at IncomingMessage.<anonymous> (/usr/lib/node_modules/express/node_modules/connect/lib/middleware/urlencoded.js:70:11)
    at IncomingMessage.EventEmitter.emit (events.js:92:17)
undefined
TypeError: Cannot read property 'undefined' of undefined
    at Object.module.exports.bet_request (/home/devill/git/poker-player-bazinga/player.js:8:62)
    at port (/home/devill/git/poker-player-bazinga/player_service.js:14:26)
    at callbacks (/usr/lib/node_modules/express/lib/router/index.js:164:37)
    at param (/usr/lib/node_modules/express/lib/router/index.js:138:11)
    at pass (/usr/lib/node_modules/express/lib/router/index.js:145:5)
    at Router._dispatch (/usr/lib/node_modules/express/lib/router/index.js:173:5)
    at Object.router (/usr/lib/node_modules/express/lib/router/index.js:33:10)
    at next (/usr/lib/node_modules/express/node_modules/connect/lib/proto.js:190:15)
    at IncomingMessage.<anonymous> (/usr/lib/node_modules/express/node_modules/connect/lib/middleware/urlencoded.js:70:11)
    at IncomingMessage.EventEmitter.emit (events.js:92:17)
undefined
TypeError: Cannot read property 'undefined' of undefined
    at Object.module.exports.bet_request (/home/devill/git/poker-player-bazinga/player.js:8:62)
    at port (/home/devill/git/poker-player-bazinga/player_service.js:14:26)
    at callbacks (/usr/lib/node_modules/express/lib/router/index.js:164:37)
    at param (/usr/lib/node_modules/express/lib/router/index.js:138:11)
    at pass (/usr/lib/node_modules/express/lib/router/index.js:145:5)
    at Router._dispatch (/usr/lib/node_modules/express/lib/router/index.js:173:5)
    at Object.router (/usr/lib/node_modules/express/lib/router/index.js:33:10)
    at next (/usr/lib/node_modules/express/node_modules/connect/lib/proto.js:190:15)
    at IncomingMessage.<anonymous> (/usr/lib/node_modules/express/node_modules/connect/lib/middleware/urlencoded.js:70:11)
    at IncomingMessage.EventEmitter.emit (events.js:92:17)
undefined
TypeError: Cannot read property 'undefined' of undefined
    at Object.module.exports.bet_request (/home/devill/git/poker-player-bazinga/player.js:8:62)
    at port (/home/devill/git/poker-player-bazinga/player_service.js:14:26)
    at callbacks (/usr/lib/node_modules/express/lib/router/index.js:164:37)
    at param (/usr/lib/node_modules/express/lib/router/index.js:138:11)
    at pass (/usr/lib/node_modules/express/lib/router/index.js:145:5)
    at Router._dispatch (/usr/lib/node_modules/express/lib/router/index.js:173:5)
    at Object.router (/usr/lib/node_modules/express/lib/router/index.js:33:10)
    at next (/usr/lib/node_modules/express/node_modules/connect/lib/proto.js:190:15)
    at IncomingMessage.<anonymous> (/usr/lib/node_modules/express/node_modules/connect/lib/middleware/urlencoded.js:70:11)
    at IncomingMessage.EventEmitter.emit (events.js:92:17)
undefined
TypeError: Cannot read property 'undefined' of undefined
    at Object.module.exports.bet_request (/home/devill/git/poker-player-bazinga/player.js:8:62)
    at port (/home/devill/git/poker-player-bazinga/player_service.js:14:26)
    at callbacks (/usr/lib/node_modules/express/lib/router/index.js:164:37)
    at param (/usr/lib/node_modules/express/lib/router/index.js:138:11)
    at pass (/usr/lib/node_modules/express/lib/router/index.js:145:5)
    at Router._dispatch (/usr/lib/node_modules/express/lib/router/index.js:173:5)
    at Object.router (/usr/lib/node_modules/express/lib/router/index.js:33:10)
    at next (/usr/lib/node_modules/express/node_modules/connect/lib/proto.js:190:15)
    at IncomingMessage.<anonymous> (/usr/lib/node_modules/express/node_modules/connect/lib/middleware/urlencoded.js:70:11)
    at IncomingMessage.EventEmitter.emit (events.js:92:17)
undefined
TypeError: Cannot read property 'undefined' of undefined
    at Object.module.exports.bet_request (/home/devill/git/poker-player-bazinga/player.js:8:62)
    at port (/home/devill/git/poker-player-bazinga/player_service.js:14:26)
    at callbacks (/usr/lib/node_modules/express/lib/router/index.js:164:37)
    at param (/usr/lib/node_modules/express/lib/router/index.js:138:11)
    at pass (/usr/lib/node_modules/express/lib/router/index.js:145:5)
    at Router._dispatch (/usr/lib/node_modules/express/lib/router/index.js:173:5)
    at Object.router (/usr/lib/node_modules/express/lib/router/index.js:33:10)
    at next (/usr/lib/node_modules/express/node_modules/connect/lib/proto.js:190:15)
    at IncomingMessage.<anonymous> (/usr/lib/node_modules/express/node_modules/connect/lib/middleware/urlencoded.js:70:11)
    at IncomingMessage.EventEmitter.emit (events.js:92:17)
undefined
TypeError: Cannot read property 'undefined' of undefined
    at Object.module.exports.bet_request (/home/devill/git/poker-player-bazinga/player.js:8:62)
    at port (/home/devill/git/poker-player-bazinga/player_service.js:14:26)
    at callbacks (/usr/lib/node_modules/express/lib/router/index.js:164:37)
    at param (/usr/lib/node_modules/express/lib/router/index.js:138:11)
    at pass (/usr/lib/node_modules/express/lib/router/index.js:145:5)
    at Router._dispatch (/usr/lib/node_modules/express/lib/router/index.js:173:5)
    at Object.router (/usr/lib/node_modules/express/lib/router/index.js:33:10)
    at next (/usr/lib/node_modules/express/node_modules/connect/lib/proto.js:190:15)
    at IncomingMessage.<anonymous> (/usr/lib/node_modules/express/node_modules/connect/lib/middleware/urlencoded.js:70:11)
    at IncomingMessage.EventEmitter.emit (events.js:92:17)
undefined
TypeError: Cannot read property 'undefined' of undefined
    at Object.module.exports.bet_request (/home/devill/git/poker-player-bazinga/player.js:8:62)
    at port (/home/devill/git/poker-player-bazinga/player_service.js:14:26)
    at callbacks (/usr/lib/node_modules/express/lib/router/index.js:164:37)
    at param (/usr/lib/node_modules/express/lib/router/index.js:138:11)
    at pass (/usr/lib/node_modules/express/lib/router/index.js:145:5)
    at Router._dispatch (/usr/lib/node_modules/express/lib/router/index.js:173:5)
    at Object.router (/usr/lib/node_modules/express/lib/router/index.js:33:10)
    at next (/usr/lib/node_modules/express/node_modules/connect/lib/proto.js:190:15)
    at IncomingMessage.<anonymous> (/usr/lib/node_modules/express/node_modules/connect/lib/middleware/urlencoded.js:70:11)
    at IncomingMessage.EventEmitter.emit (events.js:92:17)
undefined
TypeError: Cannot read property 'undefined' of undefined
    at Object.module.exports.bet_request (/home/devill/git/poker-player-bazinga/player.js:8:62)
    at port (/home/devill/git/poker-player-bazinga/player_service.js:14:26)
    at callbacks (/usr/lib/node_modules/express/lib/router/index.js:164:37)
    at param (/usr/lib/node_modules/express/lib/router/index.js:138:11)
    at pass (/usr/lib/node_modules/express/lib/router/index.js:145:5)
    at Router._dispatch (/usr/lib/node_modules/express/lib/router/index.js:173:5)
    at Object.router (/usr/lib/node_modules/express/lib/router/index.js:33:10)
    at next (/usr/lib/node_modules/express/node_modules/connect/lib/proto.js:190:15)
    at IncomingMessage.<anonymous> (/usr/lib/node_modules/express/node_modules/connect/lib/middleware/urlencoded.js:70:11)
    at IncomingMessage.EventEmitter.emit (events.js:92:17)
undefined
TypeError: Cannot read property 'undefined' of undefined
    at Object.module.exports.bet_request (/home/devill/git/poker-player-bazinga/player.js:8:62)
    at port (/home/devill/git/poker-player-bazinga/player_service.js:14:26)
    at callbacks (/usr/lib/node_modules/express/lib/router/index.js:164:37)
    at param (/usr/lib/node_modules/express/lib/router/index.js:138:11)
    at pass (/usr/lib/node_modules/express/lib/router/index.js:145:5)
    at Router._dispatch (/usr/lib/node_modules/express/lib/router/index.js:173:5)
    at Object.router (/usr/lib/node_modules/express/lib/router/index.js:33:10)
    at next (/usr/lib/node_modules/express/node_modules/connect/lib/proto.js:190:15)
    at IncomingMessage.<anonymous> (/usr/lib/node_modules/express/node_modules/connect/lib/middleware/urlencoded.js:70:11)
    at IncomingMessage.EventEmitter.emit (events.js:92:17)
undefined
TypeError: Cannot read property 'undefined' of undefined
    at Object.module.exports.bet_request (/home/devill/git/poker-player-bazinga/player.js:8:62)
    at port (/home/devill/git/poker-player-bazinga/player_service.js:14:26)
    at callbacks (/usr/lib/node_modules/express/lib/router/index.js:164:37)
    at param (/usr/lib/node_modules/express/lib/router/index.js:138:11)
    at pass (/usr/lib/node_modules/express/lib/router/index.js:145:5)
    at Router._dispatch (/usr/lib/node_modules/express/lib/router/index.js:173:5)
    at Object.router (/usr/lib/node_modules/express/lib/router/index.js:33:10)
    at next (/usr/lib/node_modules/express/node_modules/connect/lib/proto.js:190:15)
    at IncomingMessage.<anonymous> (/usr/lib/node_modules/express/node_modules/connect/lib/middleware/urlencoded.js:70:11)
    at IncomingMessage.EventEmitter.emit (events.js:92:17)
undefined
TypeError: Cannot read property 'undefined' of undefined
    at Object.module.exports.bet_request (/home/devill/git/poker-player-bazinga/player.js:8:62)
    at port (/home/devill/git/poker-player-bazinga/player_service.js:14:26)
    at callbacks (/usr/lib/node_modules/express/lib/router/index.js:164:37)
    at param (/usr/lib/node_modules/express/lib/router/index.js:138:11)
    at pass (/usr/lib/node_modules/express/lib/router/index.js:145:5)
    at Router._dispatch (/usr/lib/node_modules/express/lib/router/index.js:173:5)
    at Object.router (/usr/lib/node_modules/express/lib/router/index.js:33:10)
    at next (/usr/lib/node_modules/express/node_modules/connect/lib/proto.js:190:15)
    at IncomingMessage.<anonymous> (/usr/lib/node_modules/express/node_modules/connect/lib/middleware/urlencoded.js:70:11)
    at IncomingMessage.EventEmitter.emit (events.js:92:17)
undefined
TypeError: Cannot read property 'undefined' of undefined
    at Object.module.exports.bet_request (/home/devill/git/poker-player-bazinga/player.js:8:62)
    at port (/home/devill/git/poker-player-bazinga/player_service.js:14:26)
    at callbacks (/usr/lib/node_modules/express/lib/router/index.js:164:37)
    at param (/usr/lib/node_modules/express/lib/router/index.js:138:11)
    at pass (/usr/lib/node_modules/express/lib/router/index.js:145:5)
    at Router._dispatch (/usr/lib/node_modules/express/lib/router/index.js:173:5)
    at Object.router (/usr/lib/node_modules/express/lib/router/index.js:33:10)
    at next (/usr/lib/node_modules/express/node_modules/connect/lib/proto.js:190:15)
    at IncomingMessage.<anonymous> (/usr/lib/node_modules/express/node_modules/connect/lib/middleware/urlencoded.js:70:11)
    at IncomingMessage.EventEmitter.emit (events.js:92:17)
undefined
TypeError: Cannot read property 'undefined' of undefined
    at Object.module.exports.bet_request (/home/devill/git/poker-player-bazinga/player.js:8:62)
    at port (/home/devill/git/poker-player-bazinga/player_service.js:14:26)
    at callbacks (/usr/lib/node_modules/express/lib/router/index.js:164:37)
    at param (/usr/lib/node_modules/express/lib/router/index.js:138:11)
    at pass (/usr/lib/node_modules/express/lib/router/index.js:145:5)
    at Router._dispatch (/usr/lib/node_modules/express/lib/router/index.js:173:5)
    at Object.router (/usr/lib/node_modules/express/lib/router/index.js:33:10)
    at next (/usr/lib/node_modules/express/node_modules/connect/lib/proto.js:190:15)
    at IncomingMessage.<anonymous> (/usr/lib/node_modules/express/node_modules/connect/lib/middleware/urlencoded.js:70:11)
    at IncomingMessage.EventEmitter.emit (events.js:92:17)
undefined
TypeError: Cannot read property 'undefined' of undefined
    at Object.module.exports.bet_request (/home/devill/git/poker-player-bazinga/player.js:8:62)
    at port (/home/devill/git/poker-player-bazinga/player_service.js:14:26)
    at callbacks (/usr/lib/node_modules/express/lib/router/index.js:164:37)
    at param (/usr/lib/node_modules/express/lib/router/index.js:138:11)
    at pass (/usr/lib/node_modules/express/lib/router/index.js:145:5)
    at Router._dispatch (/usr/lib/node_modules/express/lib/router/index.js:173:5)
    at Object.router (/usr/lib/node_modules/express/lib/router/index.js:33:10)
    at next (/usr/lib/node_modules/express/node_modules/connect/lib/proto.js:190:15)
    at IncomingMessage.<anonymous> (/usr/lib/node_modules/express/node_modules/connect/lib/middleware/urlencoded.js:70:11)
    at IncomingMessage.EventEmitter.emit (events.js:92:17)
undefined
TypeError: Cannot read property 'undefined' of undefined
    at Object.module.exports.bet_request (/home/devill/git/poker-player-bazinga/player.js:8:62)
    at port (/home/devill/git/poker-player-bazinga/player_service.js:14:26)
    at callbacks (/usr/lib/node_modules/express/lib/router/index.js:164:37)
    at param (/usr/lib/node_modules/express/lib/router/index.js:138:11)
    at pass (/usr/lib/node_modules/express/lib/router/index.js:145:5)
    at Router._dispatch (/usr/lib/node_modules/express/lib/router/index.js:173:5)
    at Object.router (/usr/lib/node_modules/express/lib/router/index.js:33:10)
    at next (/usr/lib/node_modules/express/node_modules/connect/lib/proto.js:190:15)
    at IncomingMessage.<anonymous> (/usr/lib/node_modules/express/node_modules/connect/lib/middleware/urlencoded.js:70:11)
    at IncomingMessage.EventEmitter.emit (events.js:92:17)
undefined
TypeError: Cannot read property 'undefined' of undefined
    at Object.module.exports.bet_request (/home/devill/git/poker-player-bazinga/player.js:8:62)
    at port (/home/devill/git/poker-player-bazinga/player_service.js:14:26)
    at callbacks (/usr/lib/node_modules/express/lib/router/index.js:164:37)
    at param (/usr/lib/node_modules/express/lib/router/index.js:138:11)
    at pass (/usr/lib/node_modules/express/lib/router/index.js:145:5)
    at Router._dispatch (/usr/lib/node_modules/express/lib/router/index.js:173:5)
    at Object.router (/usr/lib/node_modules/express/lib/router/index.js:33:10)
    at next (/usr/lib/node_modules/express/node_modules/connect/lib/proto.js:190:15)
    at IncomingMessage.<anonymous> (/usr/lib/node_modules/express/node_modules/connect/lib/middleware/urlencoded.js:70:11)
    at IncomingMessage.EventEmitter.emit (events.js:92:17)
undefined
TypeError: Cannot read property 'undefined' of undefined
    at Object.module.exports.bet_request (/home/devill/git/poker-player-bazinga/player.js:8:62)
    at port (/home/devill/git/poker-player-bazinga/player_service.js:14:26)
    at callbacks (/usr/lib/node_modules/express/lib/router/index.js:164:37)
    at param (/usr/lib/node_modules/express/lib/router/index.js:138:11)
    at pass (/usr/lib/node_modules/express/lib/router/index.js:145:5)
    at Router._dispatch (/usr/lib/node_modules/express/lib/router/index.js:173:5)
    at Object.router (/usr/lib/node_modules/express/lib/router/index.js:33:10)
    at next (/usr/lib/node_modules/express/node_modules/connect/lib/proto.js:190:15)
    at IncomingMessage.<anonymous> (/usr/lib/node_modules/express/node_modules/connect/lib/middleware/urlencoded.js:70:11)
    at IncomingMessage.EventEmitter.emit (events.js:92:17)
undefined
TypeError: Cannot read property 'undefined' of undefined
    at Object.module.exports.bet_request (/home/devill/git/poker-player-bazinga/player.js:8:62)
    at port (/home/devill/git/poker-player-bazinga/player_service.js:14:26)
    at callbacks (/usr/lib/node_modules/express/lib/router/index.js:164:37)
    at param (/usr/lib/node_modules/express/lib/router/index.js:138:11)
    at pass (/usr/lib/node_modules/express/lib/router/index.js:145:5)
    at Router._dispatch (/usr/lib/node_modules/express/lib/router/index.js:173:5)
    at Object.router (/usr/lib/node_modules/express/lib/router/index.js:33:10)
    at next (/usr/lib/node_modules/express/node_modules/connect/lib/proto.js:190:15)
    at IncomingMessage.<anonymous> (/usr/lib/node_modules/express/node_modules/connect/lib/middleware/urlencoded.js:70:11)
    at IncomingMessage.EventEmitter.emit (events.js:92:17)
undefined
TypeError: Cannot read property 'undefined' of undefined
    at Object.module.exports.bet_request (/home/devill/git/poker-player-bazinga/player.js:8:62)
    at port (/home/devill/git/poker-player-bazinga/player_service.js:14:26)
    at callbacks (/usr/lib/node_modules/express/lib/router/index.js:164:37)
    at param (/usr/lib/node_modules/express/lib/router/index.js:138:11)
    at pass (/usr/lib/node_modules/express/lib/router/index.js:145:5)
    at Router._dispatch (/usr/lib/node_modules/express/lib/router/index.js:173:5)
    at Object.router (/usr/lib/node_modules/express/lib/router/index.js:33:10)
    at next (/usr/lib/node_modules/express/node_modules/connect/lib/proto.js:190:15)
    at IncomingMessage.<anonymous> (/usr/lib/node_modules/express/node_modules/connect/lib/middleware/urlencoded.js:70:11)
    at IncomingMessage.EventEmitter.emit (events.js:92:17)
undefined
TypeError: Cannot read property 'undefined' of undefined
    at Object.module.exports.bet_request (/home/devill/git/poker-player-bazinga/player.js:8:62)
    at port (/home/devill/git/poker-player-bazinga/player_service.js:14:26)
    at callbacks (/usr/lib/node_modules/express/lib/router/index.js:164:37)
    at param (/usr/lib/node_modules/express/lib/router/index.js:138:11)
    at pass (/usr/lib/node_modules/express/lib/router/index.js:145:5)
    at Router._dispatch (/usr/lib/node_modules/express/lib/router/index.js:173:5)
    at Object.router (/usr/lib/node_modules/express/lib/router/index.js:33:10)
    at next (/usr/lib/node_modules/express/node_modules/connect/lib/proto.js:190:15)
    at IncomingMessage.<anonymous> (/usr/lib/node_modules/express/node_modules/connect/lib/middleware/urlencoded.js:70:11)
    at IncomingMessage.EventEmitter.emit (events.js:92:17)
undefined
TypeError: Cannot read property 'undefined' of undefined
    at Object.module.exports.bet_request (/home/devill/git/poker-player-bazinga/player.js:8:62)
    at port (/home/devill/git/poker-player-bazinga/player_service.js:14:26)
    at callbacks (/usr/lib/node_modules/express/lib/router/index.js:164:37)
    at param (/usr/lib/node_modules/express/lib/router/index.js:138:11)
    at pass (/usr/lib/node_modules/express/lib/router/index.js:145:5)
    at Router._dispatch (/usr/lib/node_modules/express/lib/router/index.js:173:5)
    at Object.router (/usr/lib/node_modules/express/lib/router/index.js:33:10)
    at next (/usr/lib/node_modules/express/node_modules/connect/lib/proto.js:190:15)
    at IncomingMessage.<anonymous> (/usr/lib/node_modules/express/node_modules/connect/lib/middleware/urlencoded.js:70:11)
    at IncomingMessage.EventEmitter.emit (events.js:92:17)
undefined
TypeError: Cannot read property 'undefined' of undefined
    at Object.module.exports.bet_request (/home/devill/git/poker-player-bazinga/player.js:8:62)
    at port (/home/devill/git/poker-player-bazinga/player_service.js:14:26)
    at callbacks (/usr/lib/node_modules/express/lib/router/index.js:164:37)
    at param (/usr/lib/node_modules/express/lib/router/index.js:138:11)
    at pass (/usr/lib/node_modules/express/lib/router/index.js:145:5)
    at Router._dispatch (/usr/lib/node_modules/express/lib/router/index.js:173:5)
    at Object.router (/usr/lib/node_modules/express/lib/router/index.js:33:10)
    at next (/usr/lib/node_modules/express/node_modules/connect/lib/proto.js:190:15)
    at IncomingMessage.<anonymous> (/usr/lib/node_modules/express/node_modules/connect/lib/middleware/urlencoded.js:70:11)
    at IncomingMessage.EventEmitter.emit (events.js:92:17)
