[Sat Apr  5 11:30:58 2014] 127.0.0.1:43314 [200]: /player_service.php
[Sat Apr  5 11:30:58 2014] 127.0.0.1:43317 [200]: /player_service.php
[Sat Apr  5 11:30:58 2014] PHP Notice:  Undefined variable: stderr in /home/devill/git/poker-player-noco/player.php on line 28
[Sat Apr  5 11:30:58 2014] PHP Stack trace:
[Sat Apr  5 11:30:58 2014] PHP   1. {main}() /home/devill/git/poker-player-noco/player_service.php:0
[Sat Apr  5 11:30:58 2014] PHP   2. Player->betRequest() /home/devill/git/poker-player-noco/player_service.php:10
[Sat Apr  5 11:30:58 2014] PHP Warning:  fclose() expects parameter 1 to be resource, null given in /home/devill/git/poker-player-noco/player.php on line 28
[Sat Apr  5 11:30:58 2014] PHP Stack trace:
[Sat Apr  5 11:30:58 2014] PHP   1. {main}() /home/devill/git/poker-player-noco/player_service.php:0
[Sat Apr  5 11:30:58 2014] PHP   2. Player->betRequest() /home/devill/git/poker-player-noco/player_service.php:10
[Sat Apr  5 11:30:58 2014] PHP   3. fclose() /home/devill/git/poker-player-noco/player.php:28
[Sat Apr  5 11:30:58 2014] 127.0.0.1:43318 [200]: /player_service.php
[Sat Apr  5 11:30:58 2014] PHP Notice:  Undefined variable: stderr in /home/devill/git/poker-player-noco/player.php on line 28
[Sat Apr  5 11:30:58 2014] PHP Stack trace:
[Sat Apr  5 11:30:58 2014] PHP   1. {main}() /home/devill/git/poker-player-noco/player_service.php:0
[Sat Apr  5 11:30:58 2014] PHP   2. Player->betRequest() /home/devill/git/poker-player-noco/player_service.php:10
[Sat Apr  5 11:30:58 2014] PHP Warning:  fclose() expects parameter 1 to be resource, null given in /home/devill/git/poker-player-noco/player.php on line 28
[Sat Apr  5 11:30:58 2014] PHP Stack trace:
[Sat Apr  5 11:30:58 2014] PHP   1. {main}() /home/devill/git/poker-player-noco/player_service.php:0
[Sat Apr  5 11:30:58 2014] PHP   2. Player->betRequest() /home/devill/git/poker-player-noco/player_service.php:10
[Sat Apr  5 11:30:58 2014] PHP   3. fclose() /home/devill/git/poker-player-noco/player.php:28
[Sat Apr  5 11:30:58 2014] 127.0.0.1:43321 [200]: /player_service.php
couldn't connect to host - [Sat Apr  5 11:30:58 2014] PHP Notice:  Undefined variable: stderr in /home/devill/git/poker-player-noco/player.php on line 28
[Sat Apr  5 11:30:58 2014] PHP Stack trace:
[Sat Apr  5 11:30:58 2014] PHP   1. {main}() /home/devill/git/poker-player-noco/player_service.php:0
[Sat Apr  5 11:30:58 2014] PHP   2. Player->betRequest() /home/devill/git/poker-player-noco/player_service.php:10
[Sat Apr  5 11:30:58 2014] PHP Warning:  fclose() expects parameter 1 to be resource, null given in /home/devill/git/poker-player-noco/player.php on line 28
[Sat Apr  5 11:30:58 2014] PHP Stack trace:
[Sat Apr  5 11:30:58 2014] PHP   1. {main}() /home/devill/git/poker-player-noco/player_service.php:0
[Sat Apr  5 11:30:58 2014] PHP   2. Player->betRequest() /home/devill/git/poker-player-noco/player_service.php:10
[Sat Apr  5 11:30:58 2014] PHP   3. fclose() /home/devill/git/poker-player-noco/player.php:28
[Sat Apr  5 11:30:58 2014] 127.0.0.1:43323 [200]: /player_service.php
[Sat Apr  5 11:30:58 2014] 127.0.0.1:43327 [200]: /player_service.php
[Sat Apr  5 11:30:58 2014] PHP Notice:  Undefined variable: stderr in /home/devill/git/poker-player-noco/player.php on line 28
[Sat Apr  5 11:30:58 2014] PHP Stack trace:
[Sat Apr  5 11:30:58 2014] PHP   1. {main}() /home/devill/git/poker-player-noco/player_service.php:0
[Sat Apr  5 11:30:58 2014] PHP   2. Player->betRequest() /home/devill/git/poker-player-noco/player_service.php:10
[Sat Apr  5 11:30:58 2014] PHP Warning:  fclose() expects parameter 1 to be resource, null given in /home/devill/git/poker-player-noco/player.php on line 28
[Sat Apr  5 11:30:58 2014] PHP Stack trace:
[Sat Apr  5 11:30:58 2014] PHP   1. {main}() /home/devill/git/poker-player-noco/player_service.php:0
[Sat Apr  5 11:30:58 2014] PHP   2. Player->betRequest() /home/devill/git/poker-player-noco/player_service.php:10
[Sat Apr  5 11:30:58 2014] PHP   3. fclose() /home/devill/git/poker-player-noco/player.php:28
[Sat Apr  5 11:30:58 2014] 127.0.0.1:43328 [200]: /player_service.php
couldn't connect to host - [Sat Apr  5 11:30:58 2014] PHP Notice:  Undefined variable: stderr in /home/devill/git/poker-player-noco/player.php on line 28
[Sat Apr  5 11:30:58 2014] PHP Stack trace:
[Sat Apr  5 11:30:58 2014] PHP   1. {main}() /home/devill/git/poker-player-noco/player_service.php:0
[Sat Apr  5 11:30:58 2014] PHP   2. Player->betRequest() /home/devill/git/poker-player-noco/player_service.php:10
[Sat Apr  5 11:30:58 2014] PHP Warning:  fclose() expects parameter 1 to be resource, null given in /home/devill/git/poker-player-noco/player.php on line 28
[Sat Apr  5 11:30:58 2014] PHP Stack trace:
[Sat Apr  5 11:30:58 2014] PHP   1. {main}() /home/devill/git/poker-player-noco/player_service.php:0
[Sat Apr  5 11:30:58 2014] PHP   2. Player->betRequest() /home/devill/git/poker-player-noco/player_service.php:10
[Sat Apr  5 11:30:58 2014] PHP   3. fclose() /home/devill/git/poker-player-noco/player.php:28
[Sat Apr  5 11:30:58 2014] 127.0.0.1:43330 [200]: /player_service.php
couldn't connect to host - [Sat Apr  5 11:30:58 2014] PHP Notice:  Undefined variable: stderr in /home/devill/git/poker-player-noco/player.php on line 28
[Sat Apr  5 11:30:58 2014] PHP Stack trace:
[Sat Apr  5 11:30:58 2014] PHP   1. {main}() /home/devill/git/poker-player-noco/player_service.php:0
[Sat Apr  5 11:30:58 2014] PHP   2. Player->betRequest() /home/devill/git/poker-player-noco/player_service.php:10
[Sat Apr  5 11:30:58 2014] PHP Warning:  fclose() expects parameter 1 to be resource, null given in /home/devill/git/poker-player-noco/player.php on line 28
[Sat Apr  5 11:30:58 2014] PHP Stack trace:
[Sat Apr  5 11:30:58 2014] PHP   1. {main}() /home/devill/git/poker-player-noco/player_service.php:0
[Sat Apr  5 11:30:58 2014] PHP   2. Player->betRequest() /home/devill/git/poker-player-noco/player_service.php:10
[Sat Apr  5 11:30:58 2014] PHP   3. fclose() /home/devill/git/poker-player-noco/player.php:28
[Sat Apr  5 11:30:58 2014] 127.0.0.1:43333 [200]: /player_service.php
couldn't connect to host - [Sat Apr  5 11:30:58 2014] PHP Notice:  Undefined variable: stderr in /home/devill/git/poker-player-noco/player.php on line 28
[Sat Apr  5 11:30:58 2014] PHP Stack trace:
[Sat Apr  5 11:30:58 2014] PHP   1. {main}() /home/devill/git/poker-player-noco/player_service.php:0
[Sat Apr  5 11:30:58 2014] PHP   2. Player->betRequest() /home/devill/git/poker-player-noco/player_service.php:10
[Sat Apr  5 11:30:58 2014] PHP Warning:  fclose() expects parameter 1 to be resource, null given in /home/devill/git/poker-player-noco/player.php on line 28
[Sat Apr  5 11:30:58 2014] PHP Stack trace:
[Sat Apr  5 11:30:58 2014] PHP   1. {main}() /home/devill/git/poker-player-noco/player_service.php:0
[Sat Apr  5 11:30:58 2014] PHP   2. Player->betRequest() /home/devill/git/poker-player-noco/player_service.php:10
[Sat Apr  5 11:30:58 2014] PHP   3. fclose() /home/devill/git/poker-player-noco/player.php:28
[Sat Apr  5 11:30:58 2014] 127.0.0.1:43336 [200]: /player_service.php
[Sat Apr  5 11:30:58 2014] 127.0.0.1:43341 [200]: /player_service.php
[Sat Apr  5 11:30:58 2014] 127.0.0.1:43345 [200]: /player_service.php
[Sat Apr  5 11:30:58 2014] PHP Notice:  Undefined variable: stderr in /home/devill/git/poker-player-noco/player.php on line 28
[Sat Apr  5 11:30:58 2014] PHP Stack trace:
[Sat Apr  5 11:30:58 2014] PHP   1. {main}() /home/devill/git/poker-player-noco/player_service.php:0
[Sat Apr  5 11:30:58 2014] PHP   2. Player->betRequest() /home/devill/git/poker-player-noco/player_service.php:10
[Sat Apr  5 11:30:58 2014] PHP Warning:  fclose() expects parameter 1 to be resource, null given in /home/devill/git/poker-player-noco/player.php on line 28
[Sat Apr  5 11:30:58 2014] PHP Stack trace:
[Sat Apr  5 11:30:58 2014] PHP   1. {main}() /home/devill/git/poker-player-noco/player_service.php:0
[Sat Apr  5 11:30:58 2014] PHP   2. Player->betRequest() /home/devill/git/poker-player-noco/player_service.php:10
[Sat Apr  5 11:30:58 2014] PHP   3. fclose() /home/devill/git/poker-player-noco/player.php:28
[Sat Apr  5 11:30:58 2014] 127.0.0.1:43346 [200]: /player_service.php
couldn't connect to host - [Sat Apr  5 11:30:58 2014] PHP Notice:  Undefined variable: stderr in /home/devill/git/poker-player-noco/player.php on line 28
[Sat Apr  5 11:30:58 2014] PHP Stack trace:
[Sat Apr  5 11:30:58 2014] PHP   1. {main}() /home/devill/git/poker-player-noco/player_service.php:0
[Sat Apr  5 11:30:58 2014] PHP   2. Player->betRequest() /home/devill/git/poker-player-noco/player_service.php:10
[Sat Apr  5 11:30:58 2014] PHP Warning:  fclose() expects parameter 1 to be resource, null given in /home/devill/git/poker-player-noco/player.php on line 28
[Sat Apr  5 11:30:58 2014] PHP Stack trace:
[Sat Apr  5 11:30:58 2014] PHP   1. {main}() /home/devill/git/poker-player-noco/player_service.php:0
[Sat Apr  5 11:30:58 2014] PHP   2. Player->betRequest() /home/devill/git/poker-player-noco/player_service.php:10
[Sat Apr  5 11:30:58 2014] PHP   3. fclose() /home/devill/git/poker-player-noco/player.php:28
[Sat Apr  5 11:30:58 2014] 127.0.0.1:43348 [200]: /player_service.php
couldn't connect to host - [Sat Apr  5 11:30:58 2014] PHP Notice:  Undefined variable: stderr in /home/devill/git/poker-player-noco/player.php on line 28
[Sat Apr  5 11:30:58 2014] PHP Stack trace:
[Sat Apr  5 11:30:58 2014] PHP   1. {main}() /home/devill/git/poker-player-noco/player_service.php:0
[Sat Apr  5 11:30:58 2014] PHP   2. Player->betRequest() /home/devill/git/poker-player-noco/player_service.php:10
[Sat Apr  5 11:30:58 2014] PHP Warning:  fclose() expects parameter 1 to be resource, null given in /home/devill/git/poker-player-noco/player.php on line 28
[Sat Apr  5 11:30:58 2014] PHP Stack trace:
[Sat Apr  5 11:30:58 2014] PHP   1. {main}() /home/devill/git/poker-player-noco/player_service.php:0
[Sat Apr  5 11:30:58 2014] PHP   2. Player->betRequest() /home/devill/git/poker-player-noco/player_service.php:10
[Sat Apr  5 11:30:58 2014] PHP   3. fclose() /home/devill/git/poker-player-noco/player.php:28
[Sat Apr  5 11:30:58 2014] 127.0.0.1:43351 [200]: /player_service.php
couldn't connect to host - [Sat Apr  5 11:30:58 2014] PHP Notice:  Undefined variable: stderr in /home/devill/git/poker-player-noco/player.php on line 28
[Sat Apr  5 11:30:58 2014] PHP Stack trace:
[Sat Apr  5 11:30:58 2014] PHP   1. {main}() /home/devill/git/poker-player-noco/player_service.php:0
[Sat Apr  5 11:30:58 2014] PHP   2. Player->betRequest() /home/devill/git/poker-player-noco/player_service.php:10
[Sat Apr  5 11:30:58 2014] PHP Warning:  fclose() expects parameter 1 to be resource, null given in /home/devill/git/poker-player-noco/player.php on line 28
[Sat Apr  5 11:30:58 2014] PHP Stack trace:
[Sat Apr  5 11:30:58 2014] PHP   1. {main}() /home/devill/git/poker-player-noco/player_service.php:0
[Sat Apr  5 11:30:58 2014] PHP   2. Player->betRequest() /home/devill/git/poker-player-noco/player_service.php:10
[Sat Apr  5 11:30:58 2014] PHP   3. fclose() /home/devill/git/poker-player-noco/player.php:28
[Sat Apr  5 11:30:58 2014] 127.0.0.1:43354 [200]: /player_service.php
[Sat Apr  5 11:30:58 2014] 127.0.0.1:43359 [200]: /player_service.php
[Sat Apr  5 11:30:58 2014] 127.0.0.1:43363 [200]: /player_service.php
[Sat Apr  5 11:30:58 2014] PHP Notice:  Undefined variable: stderr in /home/devill/git/poker-player-noco/player.php on line 28
[Sat Apr  5 11:30:58 2014] PHP Stack trace:
[Sat Apr  5 11:30:58 2014] PHP   1. {main}() /home/devill/git/poker-player-noco/player_service.php:0
[Sat Apr  5 11:30:58 2014] PHP   2. Player->betRequest() /home/devill/git/poker-player-noco/player_service.php:10
[Sat Apr  5 11:30:58 2014] PHP Warning:  fclose() expects parameter 1 to be resource, null given in /home/devill/git/poker-player-noco/player.php on line 28
[Sat Apr  5 11:30:58 2014] PHP Stack trace:
[Sat Apr  5 11:30:58 2014] PHP   1. {main}() /home/devill/git/poker-player-noco/player_service.php:0
[Sat Apr  5 11:30:58 2014] PHP   2. Player->betRequest() /home/devill/git/poker-player-noco/player_service.php:10
[Sat Apr  5 11:30:58 2014] PHP   3. fclose() /home/devill/git/poker-player-noco/player.php:28
[Sat Apr  5 11:30:58 2014] 127.0.0.1:43364 [200]: /player_service.php
couldn't connect to host - [Sat Apr  5 11:30:58 2014] PHP Notice:  Undefined variable: stderr in /home/devill/git/poker-player-noco/player.php on line 28
[Sat Apr  5 11:30:58 2014] PHP Stack trace:
[Sat Apr  5 11:30:58 2014] PHP   1. {main}() /home/devill/git/poker-player-noco/player_service.php:0
[Sat Apr  5 11:30:58 2014] PHP   2. Player->betRequest() /home/devill/git/poker-player-noco/player_service.php:10
[Sat Apr  5 11:30:58 2014] PHP Warning:  fclose() expects parameter 1 to be resource, null given in /home/devill/git/poker-player-noco/player.php on line 28
[Sat Apr  5 11:30:58 2014] PHP Stack trace:
[Sat Apr  5 11:30:58 2014] PHP   1. {main}() /home/devill/git/poker-player-noco/player_service.php:0
[Sat Apr  5 11:30:58 2014] PHP   2. Player->betRequest() /home/devill/git/poker-player-noco/player_service.php:10
[Sat Apr  5 11:30:58 2014] PHP   3. fclose() /home/devill/git/poker-player-noco/player.php:28
[Sat Apr  5 11:30:58 2014] 127.0.0.1:43366 [200]: /player_service.php
couldn't connect to host - [Sat Apr  5 11:30:58 2014] PHP Notice:  Undefined variable: stderr in /home/devill/git/poker-player-noco/player.php on line 28
[Sat Apr  5 11:30:58 2014] PHP Stack trace:
[Sat Apr  5 11:30:58 2014] PHP   1. {main}() /home/devill/git/poker-player-noco/player_service.php:0
[Sat Apr  5 11:30:58 2014] PHP   2. Player->betRequest() /home/devill/git/poker-player-noco/player_service.php:10
[Sat Apr  5 11:30:58 2014] PHP Warning:  fclose() expects parameter 1 to be resource, null given in /home/devill/git/poker-player-noco/player.php on line 28
[Sat Apr  5 11:30:58 2014] PHP Stack trace:
[Sat Apr  5 11:30:58 2014] PHP   1. {main}() /home/devill/git/poker-player-noco/player_service.php:0
[Sat Apr  5 11:30:58 2014] PHP   2. Player->betRequest() /home/devill/git/poker-player-noco/player_service.php:10
[Sat Apr  5 11:30:58 2014] PHP   3. fclose() /home/devill/git/poker-player-noco/player.php:28
[Sat Apr  5 11:30:58 2014] 127.0.0.1:43369 [200]: /player_service.php
couldn't connect to host - [Sat Apr  5 11:30:58 2014] PHP Notice:  Undefined variable: stderr in /home/devill/git/poker-player-noco/player.php on line 28
[Sat Apr  5 11:30:58 2014] PHP Stack trace:
[Sat Apr  5 11:30:58 2014] PHP   1. {main}() /home/devill/git/poker-player-noco/player_service.php:0
[Sat Apr  5 11:30:58 2014] PHP   2. Player->betRequest() /home/devill/git/poker-player-noco/player_service.php:10
[Sat Apr  5 11:30:58 2014] PHP Warning:  fclose() expects parameter 1 to be resource, null given in /home/devill/git/poker-player-noco/player.php on line 28
[Sat Apr  5 11:30:58 2014] PHP Stack trace:
[Sat Apr  5 11:30:58 2014] PHP   1. {main}() /home/devill/git/poker-player-noco/player_service.php:0
[Sat Apr  5 11:30:58 2014] PHP   2. Player->betRequest() /home/devill/git/poker-player-noco/player_service.php:10
[Sat Apr  5 11:30:58 2014] PHP   3. fclose() /home/devill/git/poker-player-noco/player.php:28
[Sat Apr  5 11:30:58 2014] 127.0.0.1:43372 [200]: /player_service.php
[Sat Apr  5 11:30:58 2014] 127.0.0.1:43377 [200]: /player_service.php
[Sat Apr  5 11:30:58 2014] 127.0.0.1:43381 [200]: /player_service.php
[Sat Apr  5 11:30:58 2014] PHP Notice:  Undefined variable: stderr in /home/devill/git/poker-player-noco/player.php on line 28
[Sat Apr  5 11:30:58 2014] PHP Stack trace:
[Sat Apr  5 11:30:58 2014] PHP   1. {main}() /home/devill/git/poker-player-noco/player_service.php:0
[Sat Apr  5 11:30:58 2014] PHP   2. Player->betRequest() /home/devill/git/poker-player-noco/player_service.php:10
[Sat Apr  5 11:30:58 2014] PHP Warning:  fclose() expects parameter 1 to be resource, null given in /home/devill/git/poker-player-noco/player.php on line 28
[Sat Apr  5 11:30:58 2014] PHP Stack trace:
[Sat Apr  5 11:30:58 2014] PHP   1. {main}() /home/devill/git/poker-player-noco/player_service.php:0
[Sat Apr  5 11:30:58 2014] PHP   2. Player->betRequest() /home/devill/git/poker-player-noco/player_service.php:10
[Sat Apr  5 11:30:58 2014] PHP   3. fclose() /home/devill/git/poker-player-noco/player.php:28
[Sat Apr  5 11:30:58 2014] 127.0.0.1:43382 [200]: /player_service.php
couldn't connect to host - [Sat Apr  5 11:30:59 2014] PHP Notice:  Undefined variable: stderr in /home/devill/git/poker-player-noco/player.php on line 28
[Sat Apr  5 11:30:59 2014] PHP Stack trace:
[Sat Apr  5 11:30:59 2014] PHP   1. {main}() /home/devill/git/poker-player-noco/player_service.php:0
[Sat Apr  5 11:30:59 2014] PHP   2. Player->betRequest() /home/devill/git/poker-player-noco/player_service.php:10
[Sat Apr  5 11:30:59 2014] PHP Warning:  fclose() expects parameter 1 to be resource, null given in /home/devill/git/poker-player-noco/player.php on line 28
[Sat Apr  5 11:30:59 2014] PHP Stack trace:
[Sat Apr  5 11:30:59 2014] PHP   1. {main}() /home/devill/git/poker-player-noco/player_service.php:0
[Sat Apr  5 11:30:59 2014] PHP   2. Player->betRequest() /home/devill/git/poker-player-noco/player_service.php:10
[Sat Apr  5 11:30:59 2014] PHP   3. fclose() /home/devill/git/poker-player-noco/player.php:28
[Sat Apr  5 11:30:59 2014] 127.0.0.1:43384 [200]: /player_service.php
couldn't connect to host - [Sat Apr  5 11:30:59 2014] PHP Notice:  Undefined variable: stderr in /home/devill/git/poker-player-noco/player.php on line 28
[Sat Apr  5 11:30:59 2014] PHP Stack trace:
[Sat Apr  5 11:30:59 2014] PHP   1. {main}() /home/devill/git/poker-player-noco/player_service.php:0
[Sat Apr  5 11:30:59 2014] PHP   2. Player->betRequest() /home/devill/git/poker-player-noco/player_service.php:10
[Sat Apr  5 11:30:59 2014] PHP Warning:  fclose() expects parameter 1 to be resource, null given in /home/devill/git/poker-player-noco/player.php on line 28
[Sat Apr  5 11:30:59 2014] PHP Stack trace:
[Sat Apr  5 11:30:59 2014] PHP   1. {main}() /home/devill/git/poker-player-noco/player_service.php:0
[Sat Apr  5 11:30:59 2014] PHP   2. Player->betRequest() /home/devill/git/poker-player-noco/player_service.php:10
[Sat Apr  5 11:30:59 2014] PHP   3. fclose() /home/devill/git/poker-player-noco/player.php:28
[Sat Apr  5 11:30:59 2014] 127.0.0.1:43387 [200]: /player_service.php
couldn't connect to host - [Sat Apr  5 11:30:59 2014] PHP Notice:  Undefined variable: stderr in /home/devill/git/poker-player-noco/player.php on line 28
[Sat Apr  5 11:30:59 2014] PHP Stack trace:
[Sat Apr  5 11:30:59 2014] PHP   1. {main}() /home/devill/git/poker-player-noco/player_service.php:0
[Sat Apr  5 11:30:59 2014] PHP   2. Player->betRequest() /home/devill/git/poker-player-noco/player_service.php:10
[Sat Apr  5 11:30:59 2014] PHP Warning:  fclose() expects parameter 1 to be resource, null given in /home/devill/git/poker-player-noco/player.php on line 28
[Sat Apr  5 11:30:59 2014] PHP Stack trace:
[Sat Apr  5 11:30:59 2014] PHP   1. {main}() /home/devill/git/poker-player-noco/player_service.php:0
[Sat Apr  5 11:30:59 2014] PHP   2. Player->betRequest() /home/devill/git/poker-player-noco/player_service.php:10
[Sat Apr  5 11:30:59 2014] PHP   3. fclose() /home/devill/git/poker-player-noco/player.php:28
[Sat Apr  5 11:30:59 2014] 127.0.0.1:43390 [200]: /player_service.php
[Sat Apr  5 11:30:59 2014] 127.0.0.1:43395 [200]: /player_service.php
[Sat Apr  5 11:30:59 2014] 127.0.0.1:43399 [200]: /player_service.php
[Sat Apr  5 11:30:59 2014] PHP Notice:  Undefined variable: stderr in /home/devill/git/poker-player-noco/player.php on line 28
[Sat Apr  5 11:30:59 2014] PHP Stack trace:
[Sat Apr  5 11:30:59 2014] PHP   1. {main}() /home/devill/git/poker-player-noco/player_service.php:0
[Sat Apr  5 11:30:59 2014] PHP   2. Player->betRequest() /home/devill/git/poker-player-noco/player_service.php:10
[Sat Apr  5 11:30:59 2014] PHP Warning:  fclose() expects parameter 1 to be resource, null given in /home/devill/git/poker-player-noco/player.php on line 28
[Sat Apr  5 11:30:59 2014] PHP Stack trace:
[Sat Apr  5 11:30:59 2014] PHP   1. {main}() /home/devill/git/poker-player-noco/player_service.php:0
[Sat Apr  5 11:30:59 2014] PHP   2. Player->betRequest() /home/devill/git/poker-player-noco/player_service.php:10
[Sat Apr  5 11:30:59 2014] PHP   3. fclose() /home/devill/git/poker-player-noco/player.php:28
[Sat Apr  5 11:30:59 2014] 127.0.0.1:43400 [200]: /player_service.php
couldn't connect to host - [Sat Apr  5 11:30:59 2014] PHP Notice:  Undefined variable: stderr in /home/devill/git/poker-player-noco/player.php on line 28
[Sat Apr  5 11:30:59 2014] PHP Stack trace:
[Sat Apr  5 11:30:59 2014] PHP   1. {main}() /home/devill/git/poker-player-noco/player_service.php:0
[Sat Apr  5 11:30:59 2014] PHP   2. Player->betRequest() /home/devill/git/poker-player-noco/player_service.php:10
[Sat Apr  5 11:30:59 2014] PHP Warning:  fclose() expects parameter 1 to be resource, null given in /home/devill/git/poker-player-noco/player.php on line 28
[Sat Apr  5 11:30:59 2014] PHP Stack trace:
[Sat Apr  5 11:30:59 2014] PHP   1. {main}() /home/devill/git/poker-player-noco/player_service.php:0
[Sat Apr  5 11:30:59 2014] PHP   2. Player->betRequest() /home/devill/git/poker-player-noco/player_service.php:10
[Sat Apr  5 11:30:59 2014] PHP   3. fclose() /home/devill/git/poker-player-noco/player.php:28
[Sat Apr  5 11:30:59 2014] 127.0.0.1:43402 [200]: /player_service.php
couldn't connect to host - [Sat Apr  5 11:30:59 2014] PHP Notice:  Undefined variable: stderr in /home/devill/git/poker-player-noco/player.php on line 28
[Sat Apr  5 11:30:59 2014] PHP Stack trace:
[Sat Apr  5 11:30:59 2014] PHP   1. {main}() /home/devill/git/poker-player-noco/player_service.php:0
[Sat Apr  5 11:30:59 2014] PHP   2. Player->betRequest() /home/devill/git/poker-player-noco/player_service.php:10
[Sat Apr  5 11:30:59 2014] PHP Warning:  fclose() expects parameter 1 to be resource, null given in /home/devill/git/poker-player-noco/player.php on line 28
[Sat Apr  5 11:30:59 2014] PHP Stack trace:
[Sat Apr  5 11:30:59 2014] PHP   1. {main}() /home/devill/git/poker-player-noco/player_service.php:0
[Sat Apr  5 11:30:59 2014] PHP   2. Player->betRequest() /home/devill/git/poker-player-noco/player_service.php:10
[Sat Apr  5 11:30:59 2014] PHP   3. fclose() /home/devill/git/poker-player-noco/player.php:28
[Sat Apr  5 11:30:59 2014] 127.0.0.1:43405 [200]: /player_service.php
couldn't connect to host - [Sat Apr  5 11:30:59 2014] PHP Notice:  Undefined variable: stderr in /home/devill/git/poker-player-noco/player.php on line 28
[Sat Apr  5 11:30:59 2014] PHP Stack trace:
[Sat Apr  5 11:30:59 2014] PHP   1. {main}() /home/devill/git/poker-player-noco/player_service.php:0
[Sat Apr  5 11:30:59 2014] PHP   2. Player->betRequest() /home/devill/git/poker-player-noco/player_service.php:10
[Sat Apr  5 11:30:59 2014] PHP Warning:  fclose() expects parameter 1 to be resource, null given in /home/devill/git/poker-player-noco/player.php on line 28
[Sat Apr  5 11:30:59 2014] PHP Stack trace:
[Sat Apr  5 11:30:59 2014] PHP   1. {main}() /home/devill/git/poker-player-noco/player_service.php:0
[Sat Apr  5 11:30:59 2014] PHP   2. Player->betRequest() /home/devill/git/poker-player-noco/player_service.php:10
[Sat Apr  5 11:30:59 2014] PHP   3. fclose() /home/devill/git/poker-player-noco/player.php:28
[Sat Apr  5 11:30:59 2014] 127.0.0.1:43408 [200]: /player_service.php
[Sat Apr  5 11:30:59 2014] 127.0.0.1:43413 [200]: /player_service.php
[Sat Apr  5 11:30:59 2014] 127.0.0.1:43417 [200]: /player_service.php
[Sat Apr  5 11:30:59 2014] PHP Notice:  Undefined variable: stderr in /home/devill/git/poker-player-noco/player.php on line 28
[Sat Apr  5 11:30:59 2014] PHP Stack trace:
[Sat Apr  5 11:30:59 2014] PHP   1. {main}() /home/devill/git/poker-player-noco/player_service.php:0
[Sat Apr  5 11:30:59 2014] PHP   2. Player->betRequest() /home/devill/git/poker-player-noco/player_service.php:10
[Sat Apr  5 11:30:59 2014] PHP Warning:  fclose() expects parameter 1 to be resource, null given in /home/devill/git/poker-player-noco/player.php on line 28
[Sat Apr  5 11:30:59 2014] PHP Stack trace:
[Sat Apr  5 11:30:59 2014] PHP   1. {main}() /home/devill/git/poker-player-noco/player_service.php:0
[Sat Apr  5 11:30:59 2014] PHP   2. Player->betRequest() /home/devill/git/poker-player-noco/player_service.php:10
[Sat Apr  5 11:30:59 2014] PHP   3. fclose() /home/devill/git/poker-player-noco/player.php:28
[Sat Apr  5 11:30:59 2014] 127.0.0.1:43418 [200]: /player_service.php
couldn't connect to host - [Sat Apr  5 11:30:59 2014] PHP Notice:  Undefined variable: stderr in /home/devill/git/poker-player-noco/player.php on line 28
[Sat Apr  5 11:30:59 2014] PHP Stack trace:
[Sat Apr  5 11:30:59 2014] PHP   1. {main}() /home/devill/git/poker-player-noco/player_service.php:0
[Sat Apr  5 11:30:59 2014] PHP   2. Player->betRequest() /home/devill/git/poker-player-noco/player_service.php:10
[Sat Apr  5 11:30:59 2014] PHP Warning:  fclose() expects parameter 1 to be resource, null given in /home/devill/git/poker-player-noco/player.php on line 28
[Sat Apr  5 11:30:59 2014] PHP Stack trace:
[Sat Apr  5 11:30:59 2014] PHP   1. {main}() /home/devill/git/poker-player-noco/player_service.php:0
[Sat Apr  5 11:30:59 2014] PHP   2. Player->betRequest() /home/devill/git/poker-player-noco/player_service.php:10
[Sat Apr  5 11:30:59 2014] PHP   3. fclose() /home/devill/git/poker-player-noco/player.php:28
[Sat Apr  5 11:30:59 2014] 127.0.0.1:43420 [200]: /player_service.php
couldn't connect to host - [Sat Apr  5 11:30:59 2014] PHP Notice:  Undefined variable: stderr in /home/devill/git/poker-player-noco/player.php on line 28
[Sat Apr  5 11:30:59 2014] PHP Stack trace:
[Sat Apr  5 11:30:59 2014] PHP   1. {main}() /home/devill/git/poker-player-noco/player_service.php:0
[Sat Apr  5 11:30:59 2014] PHP   2. Player->betRequest() /home/devill/git/poker-player-noco/player_service.php:10
[Sat Apr  5 11:30:59 2014] PHP Warning:  fclose() expects parameter 1 to be resource, null given in /home/devill/git/poker-player-noco/player.php on line 28
[Sat Apr  5 11:30:59 2014] PHP Stack trace:
[Sat Apr  5 11:30:59 2014] PHP   1. {main}() /home/devill/git/poker-player-noco/player_service.php:0
[Sat Apr  5 11:30:59 2014] PHP   2. Player->betRequest() /home/devill/git/poker-player-noco/player_service.php:10
[Sat Apr  5 11:30:59 2014] PHP   3. fclose() /home/devill/git/poker-player-noco/player.php:28
[Sat Apr  5 11:30:59 2014] 127.0.0.1:43423 [200]: /player_service.php
couldn't connect to host - [Sat Apr  5 11:30:59 2014] PHP Notice:  Undefined variable: stderr in /home/devill/git/poker-player-noco/player.php on line 28
[Sat Apr  5 11:30:59 2014] PHP Stack trace:
[Sat Apr  5 11:30:59 2014] PHP   1. {main}() /home/devill/git/poker-player-noco/player_service.php:0
[Sat Apr  5 11:30:59 2014] PHP   2. Player->betRequest() /home/devill/git/poker-player-noco/player_service.php:10
[Sat Apr  5 11:30:59 2014] PHP Warning:  fclose() expects parameter 1 to be resource, null given in /home/devill/git/poker-player-noco/player.php on line 28
[Sat Apr  5 11:30:59 2014] PHP Stack trace:
[Sat Apr  5 11:30:59 2014] PHP   1. {main}() /home/devill/git/poker-player-noco/player_service.php:0
[Sat Apr  5 11:30:59 2014] PHP   2. Player->betRequest() /home/devill/git/poker-player-noco/player_service.php:10
[Sat Apr  5 11:30:59 2014] PHP   3. fclose() /home/devill/git/poker-player-noco/player.php:28
[Sat Apr  5 11:30:59 2014] 127.0.0.1:43426 [200]: /player_service.php
[Sat Apr  5 11:30:59 2014] 127.0.0.1:43431 [200]: /player_service.php
[Sat Apr  5 11:30:59 2014] 127.0.0.1:43435 [200]: /player_service.php
[Sat Apr  5 11:30:59 2014] PHP Notice:  Undefined variable: stderr in /home/devill/git/poker-player-noco/player.php on line 28
[Sat Apr  5 11:30:59 2014] PHP Stack trace:
[Sat Apr  5 11:30:59 2014] PHP   1. {main}() /home/devill/git/poker-player-noco/player_service.php:0
[Sat Apr  5 11:30:59 2014] PHP   2. Player->betRequest() /home/devill/git/poker-player-noco/player_service.php:10
[Sat Apr  5 11:30:59 2014] PHP Warning:  fclose() expects parameter 1 to be resource, null given in /home/devill/git/poker-player-noco/player.php on line 28
[Sat Apr  5 11:30:59 2014] PHP Stack trace:
[Sat Apr  5 11:30:59 2014] PHP   1. {main}() /home/devill/git/poker-player-noco/player_service.php:0
[Sat Apr  5 11:30:59 2014] PHP   2. Player->betRequest() /home/devill/git/poker-player-noco/player_service.php:10
[Sat Apr  5 11:30:59 2014] PHP   3. fclose() /home/devill/git/poker-player-noco/player.php:28
[Sat Apr  5 11:30:59 2014] 127.0.0.1:43436 [200]: /player_service.php
couldn't connect to host - [Sat Apr  5 11:30:59 2014] PHP Notice:  Undefined variable: stderr in /home/devill/git/poker-player-noco/player.php on line 28
[Sat Apr  5 11:30:59 2014] PHP Stack trace:
[Sat Apr  5 11:30:59 2014] PHP   1. {main}() /home/devill/git/poker-player-noco/player_service.php:0
[Sat Apr  5 11:30:59 2014] PHP   2. Player->betRequest() /home/devill/git/poker-player-noco/player_service.php:10
[Sat Apr  5 11:30:59 2014] PHP Warning:  fclose() expects parameter 1 to be resource, null given in /home/devill/git/poker-player-noco/player.php on line 28
[Sat Apr  5 11:30:59 2014] PHP Stack trace:
[Sat Apr  5 11:30:59 2014] PHP   1. {main}() /home/devill/git/poker-player-noco/player_service.php:0
[Sat Apr  5 11:30:59 2014] PHP   2. Player->betRequest() /home/devill/git/poker-player-noco/player_service.php:10
[Sat Apr  5 11:30:59 2014] PHP   3. fclose() /home/devill/git/poker-player-noco/player.php:28
[Sat Apr  5 11:30:59 2014] 127.0.0.1:43438 [200]: /player_service.php
couldn't connect to host - [Sat Apr  5 11:30:59 2014] PHP Notice:  Undefined variable: stderr in /home/devill/git/poker-player-noco/player.php on line 28
[Sat Apr  5 11:30:59 2014] PHP Stack trace:
[Sat Apr  5 11:30:59 2014] PHP   1. {main}() /home/devill/git/poker-player-noco/player_service.php:0
[Sat Apr  5 11:30:59 2014] PHP   2. Player->betRequest() /home/devill/git/poker-player-noco/player_service.php:10
[Sat Apr  5 11:30:59 2014] PHP Warning:  fclose() expects parameter 1 to be resource, null given in /home/devill/git/poker-player-noco/player.php on line 28
[Sat Apr  5 11:30:59 2014] PHP Stack trace:
[Sat Apr  5 11:30:59 2014] PHP   1. {main}() /home/devill/git/poker-player-noco/player_service.php:0
[Sat Apr  5 11:30:59 2014] PHP   2. Player->betRequest() /home/devill/git/poker-player-noco/player_service.php:10
[Sat Apr  5 11:30:59 2014] PHP   3. fclose() /home/devill/git/poker-player-noco/player.php:28
[Sat Apr  5 11:30:59 2014] 127.0.0.1:43441 [200]: /player_service.php
couldn't connect to host - [Sat Apr  5 11:30:59 2014] PHP Notice:  Undefined variable: stderr in /home/devill/git/poker-player-noco/player.php on line 28
[Sat Apr  5 11:30:59 2014] PHP Stack trace:
[Sat Apr  5 11:30:59 2014] PHP   1. {main}() /home/devill/git/poker-player-noco/player_service.php:0
[Sat Apr  5 11:30:59 2014] PHP   2. Player->betRequest() /home/devill/git/poker-player-noco/player_service.php:10
[Sat Apr  5 11:30:59 2014] PHP Warning:  fclose() expects parameter 1 to be resource, null given in /home/devill/git/poker-player-noco/player.php on line 28
[Sat Apr  5 11:30:59 2014] PHP Stack trace:
[Sat Apr  5 11:30:59 2014] PHP   1. {main}() /home/devill/git/poker-player-noco/player_service.php:0
[Sat Apr  5 11:30:59 2014] PHP   2. Player->betRequest() /home/devill/git/poker-player-noco/player_service.php:10
[Sat Apr  5 11:30:59 2014] PHP   3. fclose() /home/devill/git/poker-player-noco/player.php:28
[Sat Apr  5 11:30:59 2014] 127.0.0.1:43444 [200]: /player_service.php
[Sat Apr  5 11:30:59 2014] 127.0.0.1:43449 [200]: /player_service.php
[Sat Apr  5 11:30:59 2014] 127.0.0.1:43453 [200]: /player_service.php
[Sat Apr  5 11:30:59 2014] PHP Notice:  Undefined variable: stderr in /home/devill/git/poker-player-noco/player.php on line 28
[Sat Apr  5 11:30:59 2014] PHP Stack trace:
[Sat Apr  5 11:30:59 2014] PHP   1. {main}() /home/devill/git/poker-player-noco/player_service.php:0
[Sat Apr  5 11:30:59 2014] PHP   2. Player->betRequest() /home/devill/git/poker-player-noco/player_service.php:10
[Sat Apr  5 11:30:59 2014] PHP Warning:  fclose() expects parameter 1 to be resource, null given in /home/devill/git/poker-player-noco/player.php on line 28
[Sat Apr  5 11:30:59 2014] PHP Stack trace:
[Sat Apr  5 11:30:59 2014] PHP   1. {main}() /home/devill/git/poker-player-noco/player_service.php:0
[Sat Apr  5 11:30:59 2014] PHP   2. Player->betRequest() /home/devill/git/poker-player-noco/player_service.php:10
[Sat Apr  5 11:30:59 2014] PHP   3. fclose() /home/devill/git/poker-player-noco/player.php:28
[Sat Apr  5 11:30:59 2014] 127.0.0.1:43454 [200]: /player_service.php
couldn't connect to host - [Sat Apr  5 11:30:59 2014] PHP Notice:  Undefined variable: stderr in /home/devill/git/poker-player-noco/player.php on line 28
[Sat Apr  5 11:30:59 2014] PHP Stack trace:
[Sat Apr  5 11:30:59 2014] PHP   1. {main}() /home/devill/git/poker-player-noco/player_service.php:0
[Sat Apr  5 11:30:59 2014] PHP   2. Player->betRequest() /home/devill/git/poker-player-noco/player_service.php:10
[Sat Apr  5 11:30:59 2014] PHP Warning:  fclose() expects parameter 1 to be resource, null given in /home/devill/git/poker-player-noco/player.php on line 28
[Sat Apr  5 11:30:59 2014] PHP Stack trace:
[Sat Apr  5 11:30:59 2014] PHP   1. {main}() /home/devill/git/poker-player-noco/player_service.php:0
[Sat Apr  5 11:30:59 2014] PHP   2. Player->betRequest() /home/devill/git/poker-player-noco/player_service.php:10
[Sat Apr  5 11:30:59 2014] PHP   3. fclose() /home/devill/git/poker-player-noco/player.php:28
[Sat Apr  5 11:30:59 2014] 127.0.0.1:43456 [200]: /player_service.php
couldn't connect to host - [Sat Apr  5 11:30:59 2014] PHP Notice:  Undefined variable: stderr in /home/devill/git/poker-player-noco/player.php on line 28
[Sat Apr  5 11:30:59 2014] PHP Stack trace:
[Sat Apr  5 11:30:59 2014] PHP   1. {main}() /home/devill/git/poker-player-noco/player_service.php:0
[Sat Apr  5 11:30:59 2014] PHP   2. Player->betRequest() /home/devill/git/poker-player-noco/player_service.php:10
[Sat Apr  5 11:30:59 2014] PHP Warning:  fclose() expects parameter 1 to be resource, null given in /home/devill/git/poker-player-noco/player.php on line 28
[Sat Apr  5 11:30:59 2014] PHP Stack trace:
[Sat Apr  5 11:30:59 2014] PHP   1. {main}() /home/devill/git/poker-player-noco/player_service.php:0
[Sat Apr  5 11:30:59 2014] PHP   2. Player->betRequest() /home/devill/git/poker-player-noco/player_service.php:10
[Sat Apr  5 11:30:59 2014] PHP   3. fclose() /home/devill/git/poker-player-noco/player.php:28
[Sat Apr  5 11:30:59 2014] 127.0.0.1:43459 [200]: /player_service.php
couldn't connect to host - [Sat Apr  5 11:30:59 2014] PHP Notice:  Undefined variable: stderr in /home/devill/git/poker-player-noco/player.php on line 28
[Sat Apr  5 11:30:59 2014] PHP Stack trace:
[Sat Apr  5 11:30:59 2014] PHP   1. {main}() /home/devill/git/poker-player-noco/player_service.php:0
[Sat Apr  5 11:30:59 2014] PHP   2. Player->betRequest() /home/devill/git/poker-player-noco/player_service.php:10
[Sat Apr  5 11:30:59 2014] PHP Warning:  fclose() expects parameter 1 to be resource, null given in /home/devill/git/poker-player-noco/player.php on line 28
[Sat Apr  5 11:30:59 2014] PHP Stack trace:
[Sat Apr  5 11:30:59 2014] PHP   1. {main}() /home/devill/git/poker-player-noco/player_service.php:0
[Sat Apr  5 11:30:59 2014] PHP   2. Player->betRequest() /home/devill/git/poker-player-noco/player_service.php:10
[Sat Apr  5 11:30:59 2014] PHP   3. fclose() /home/devill/git/poker-player-noco/player.php:28
[Sat Apr  5 11:30:59 2014] 127.0.0.1:43462 [200]: /player_service.php
[Sat Apr  5 11:30:59 2014] 127.0.0.1:43467 [200]: /player_service.php
[Sat Apr  5 11:30:59 2014] 127.0.0.1:43471 [200]: /player_service.php
[Sat Apr  5 11:30:59 2014] PHP Notice:  Undefined variable: stderr in /home/devill/git/poker-player-noco/player.php on line 28
[Sat Apr  5 11:30:59 2014] PHP Stack trace:
[Sat Apr  5 11:30:59 2014] PHP   1. {main}() /home/devill/git/poker-player-noco/player_service.php:0
[Sat Apr  5 11:30:59 2014] PHP   2. Player->betRequest() /home/devill/git/poker-player-noco/player_service.php:10
[Sat Apr  5 11:30:59 2014] PHP Warning:  fclose() expects parameter 1 to be resource, null given in /home/devill/git/poker-player-noco/player.php on line 28
[Sat Apr  5 11:30:59 2014] PHP Stack trace:
[Sat Apr  5 11:30:59 2014] PHP   1. {main}() /home/devill/git/poker-player-noco/player_service.php:0
[Sat Apr  5 11:30:59 2014] PHP   2. Player->betRequest() /home/devill/git/poker-player-noco/player_service.php:10
[Sat Apr  5 11:30:59 2014] PHP   3. fclose() /home/devill/git/poker-player-noco/player.php:28
[Sat Apr  5 11:30:59 2014] 127.0.0.1:43472 [200]: /player_service.php
couldn't connect to host - [Sat Apr  5 11:30:59 2014] PHP Notice:  Undefined variable: stderr in /home/devill/git/poker-player-noco/player.php on line 28
[Sat Apr  5 11:30:59 2014] PHP Stack trace:
[Sat Apr  5 11:30:59 2014] PHP   1. {main}() /home/devill/git/poker-player-noco/player_service.php:0
[Sat Apr  5 11:30:59 2014] PHP   2. Player->betRequest() /home/devill/git/poker-player-noco/player_service.php:10
[Sat Apr  5 11:30:59 2014] PHP Warning:  fclose() expects parameter 1 to be resource, null given in /home/devill/git/poker-player-noco/player.php on line 28
[Sat Apr  5 11:30:59 2014] PHP Stack trace:
[Sat Apr  5 11:30:59 2014] PHP   1. {main}() /home/devill/git/poker-player-noco/player_service.php:0
[Sat Apr  5 11:30:59 2014] PHP   2. Player->betRequest() /home/devill/git/poker-player-noco/player_service.php:10
[Sat Apr  5 11:30:59 2014] PHP   3. fclose() /home/devill/git/poker-player-noco/player.php:28
[Sat Apr  5 11:30:59 2014] 127.0.0.1:43474 [200]: /player_service.php
couldn't connect to host - [Sat Apr  5 11:30:59 2014] PHP Notice:  Undefined variable: stderr in /home/devill/git/poker-player-noco/player.php on line 28
[Sat Apr  5 11:30:59 2014] PHP Stack trace:
[Sat Apr  5 11:30:59 2014] PHP   1. {main}() /home/devill/git/poker-player-noco/player_service.php:0
[Sat Apr  5 11:30:59 2014] PHP   2. Player->betRequest() /home/devill/git/poker-player-noco/player_service.php:10
[Sat Apr  5 11:30:59 2014] PHP Warning:  fclose() expects parameter 1 to be resource, null given in /home/devill/git/poker-player-noco/player.php on line 28
[Sat Apr  5 11:30:59 2014] PHP Stack trace:
[Sat Apr  5 11:30:59 2014] PHP   1. {main}() /home/devill/git/poker-player-noco/player_service.php:0
[Sat Apr  5 11:30:59 2014] PHP   2. Player->betRequest() /home/devill/git/poker-player-noco/player_service.php:10
[Sat Apr  5 11:30:59 2014] PHP   3. fclose() /home/devill/git/poker-player-noco/player.php:28
[Sat Apr  5 11:30:59 2014] 127.0.0.1:43477 [200]: /player_service.php
couldn't connect to host - [Sat Apr  5 11:30:59 2014] PHP Notice:  Undefined variable: stderr in /home/devill/git/poker-player-noco/player.php on line 28
[Sat Apr  5 11:30:59 2014] PHP Stack trace:
[Sat Apr  5 11:30:59 2014] PHP   1. {main}() /home/devill/git/poker-player-noco/player_service.php:0
[Sat Apr  5 11:30:59 2014] PHP   2. Player->betRequest() /home/devill/git/poker-player-noco/player_service.php:10
[Sat Apr  5 11:30:59 2014] PHP Warning:  fclose() expects parameter 1 to be resource, null given in /home/devill/git/poker-player-noco/player.php on line 28
[Sat Apr  5 11:30:59 2014] PHP Stack trace:
[Sat Apr  5 11:30:59 2014] PHP   1. {main}() /home/devill/git/poker-player-noco/player_service.php:0
[Sat Apr  5 11:30:59 2014] PHP   2. Player->betRequest() /home/devill/git/poker-player-noco/player_service.php:10
[Sat Apr  5 11:30:59 2014] PHP   3. fclose() /home/devill/git/poker-player-noco/player.php:28
[Sat Apr  5 11:30:59 2014] 127.0.0.1:43480 [200]: /player_service.php
[Sat Apr  5 11:30:59 2014] 127.0.0.1:43485 [200]: /player_service.php
[Sat Apr  5 11:30:59 2014] 127.0.0.1:43489 [200]: /player_service.php
[Sat Apr  5 11:30:59 2014] PHP Notice:  Undefined variable: stderr in /home/devill/git/poker-player-noco/player.php on line 28
[Sat Apr  5 11:30:59 2014] PHP Stack trace:
[Sat Apr  5 11:30:59 2014] PHP   1. {main}() /home/devill/git/poker-player-noco/player_service.php:0
[Sat Apr  5 11:30:59 2014] PHP   2. Player->betRequest() /home/devill/git/poker-player-noco/player_service.php:10
[Sat Apr  5 11:30:59 2014] PHP Warning:  fclose() expects parameter 1 to be resource, null given in /home/devill/git/poker-player-noco/player.php on line 28
[Sat Apr  5 11:30:59 2014] PHP Stack trace:
[Sat Apr  5 11:30:59 2014] PHP   1. {main}() /home/devill/git/poker-player-noco/player_service.php:0
[Sat Apr  5 11:30:59 2014] PHP   2. Player->betRequest() /home/devill/git/poker-player-noco/player_service.php:10
[Sat Apr  5 11:30:59 2014] PHP   3. fclose() /home/devill/git/poker-player-noco/player.php:28
[Sat Apr  5 11:30:59 2014] 127.0.0.1:43490 [200]: /player_service.php
couldn't connect to host - [Sat Apr  5 11:30:59 2014] PHP Notice:  Undefined variable: stderr in /home/devill/git/poker-player-noco/player.php on line 28
[Sat Apr  5 11:30:59 2014] PHP Stack trace:
[Sat Apr  5 11:30:59 2014] PHP   1. {main}() /home/devill/git/poker-player-noco/player_service.php:0
[Sat Apr  5 11:30:59 2014] PHP   2. Player->betRequest() /home/devill/git/poker-player-noco/player_service.php:10
[Sat Apr  5 11:30:59 2014] PHP Warning:  fclose() expects parameter 1 to be resource, null given in /home/devill/git/poker-player-noco/player.php on line 28
[Sat Apr  5 11:30:59 2014] PHP Stack trace:
[Sat Apr  5 11:30:59 2014] PHP   1. {main}() /home/devill/git/poker-player-noco/player_service.php:0
[Sat Apr  5 11:30:59 2014] PHP   2. Player->betRequest() /home/devill/git/poker-player-noco/player_service.php:10
[Sat Apr  5 11:30:59 2014] PHP   3. fclose() /home/devill/git/poker-player-noco/player.php:28
[Sat Apr  5 11:30:59 2014] 127.0.0.1:43492 [200]: /player_service.php
couldn't connect to host - [Sat Apr  5 11:30:59 2014] PHP Notice:  Undefined variable: stderr in /home/devill/git/poker-player-noco/player.php on line 28
[Sat Apr  5 11:30:59 2014] PHP Stack trace:
[Sat Apr  5 11:30:59 2014] PHP   1. {main}() /home/devill/git/poker-player-noco/player_service.php:0
[Sat Apr  5 11:30:59 2014] PHP   2. Player->betRequest() /home/devill/git/poker-player-noco/player_service.php:10
[Sat Apr  5 11:30:59 2014] PHP Warning:  fclose() expects parameter 1 to be resource, null given in /home/devill/git/poker-player-noco/player.php on line 28
[Sat Apr  5 11:30:59 2014] PHP Stack trace:
[Sat Apr  5 11:30:59 2014] PHP   1. {main}() /home/devill/git/poker-player-noco/player_service.php:0
[Sat Apr  5 11:30:59 2014] PHP   2. Player->betRequest() /home/devill/git/poker-player-noco/player_service.php:10
[Sat Apr  5 11:30:59 2014] PHP   3. fclose() /home/devill/git/poker-player-noco/player.php:28
[Sat Apr  5 11:30:59 2014] 127.0.0.1:43495 [200]: /player_service.php
couldn't connect to host - [Sat Apr  5 11:30:59 2014] PHP Notice:  Undefined variable: stderr in /home/devill/git/poker-player-noco/player.php on line 28
[Sat Apr  5 11:30:59 2014] PHP Stack trace:
[Sat Apr  5 11:30:59 2014] PHP   1. {main}() /home/devill/git/poker-player-noco/player_service.php:0
[Sat Apr  5 11:30:59 2014] PHP   2. Player->betRequest() /home/devill/git/poker-player-noco/player_service.php:10
[Sat Apr  5 11:30:59 2014] PHP Warning:  fclose() expects parameter 1 to be resource, null given in /home/devill/git/poker-player-noco/player.php on line 28
[Sat Apr  5 11:30:59 2014] PHP Stack trace:
[Sat Apr  5 11:30:59 2014] PHP   1. {main}() /home/devill/git/poker-player-noco/player_service.php:0
[Sat Apr  5 11:30:59 2014] PHP   2. Player->betRequest() /home/devill/git/poker-player-noco/player_service.php:10
[Sat Apr  5 11:30:59 2014] PHP   3. fclose() /home/devill/git/poker-player-noco/player.php:28
[Sat Apr  5 11:30:59 2014] 127.0.0.1:43498 [200]: /player_service.php
[Sat Apr  5 11:30:59 2014] 127.0.0.1:43503 [200]: /player_service.php
[Sat Apr  5 11:30:59 2014] 127.0.0.1:43507 [200]: /player_service.php
[Sat Apr  5 11:30:59 2014] PHP Notice:  Undefined variable: stderr in /home/devill/git/poker-player-noco/player.php on line 28
[Sat Apr  5 11:30:59 2014] PHP Stack trace:
[Sat Apr  5 11:30:59 2014] PHP   1. {main}() /home/devill/git/poker-player-noco/player_service.php:0
[Sat Apr  5 11:30:59 2014] PHP   2. Player->betRequest() /home/devill/git/poker-player-noco/player_service.php:10
[Sat Apr  5 11:30:59 2014] PHP Warning:  fclose() expects parameter 1 to be resource, null given in /home/devill/git/poker-player-noco/player.php on line 28
[Sat Apr  5 11:30:59 2014] PHP Stack trace:
[Sat Apr  5 11:30:59 2014] PHP   1. {main}() /home/devill/git/poker-player-noco/player_service.php:0
[Sat Apr  5 11:30:59 2014] PHP   2. Player->betRequest() /home/devill/git/poker-player-noco/player_service.php:10
[Sat Apr  5 11:30:59 2014] PHP   3. fclose() /home/devill/git/poker-player-noco/player.php:28
[Sat Apr  5 11:30:59 2014] 127.0.0.1:43508 [200]: /player_service.php
couldn't connect to host - [Sat Apr  5 11:30:59 2014] PHP Notice:  Undefined variable: stderr in /home/devill/git/poker-player-noco/player.php on line 28
[Sat Apr  5 11:30:59 2014] PHP Stack trace:
[Sat Apr  5 11:30:59 2014] PHP   1. {main}() /home/devill/git/poker-player-noco/player_service.php:0
[Sat Apr  5 11:30:59 2014] PHP   2. Player->betRequest() /home/devill/git/poker-player-noco/player_service.php:10
[Sat Apr  5 11:30:59 2014] PHP Warning:  fclose() expects parameter 1 to be resource, null given in /home/devill/git/poker-player-noco/player.php on line 28
[Sat Apr  5 11:30:59 2014] PHP Stack trace:
[Sat Apr  5 11:30:59 2014] PHP   1. {main}() /home/devill/git/poker-player-noco/player_service.php:0
[Sat Apr  5 11:30:59 2014] PHP   2. Player->betRequest() /home/devill/git/poker-player-noco/player_service.php:10
[Sat Apr  5 11:30:59 2014] PHP   3. fclose() /home/devill/git/poker-player-noco/player.php:28
[Sat Apr  5 11:30:59 2014] 127.0.0.1:43510 [200]: /player_service.php
couldn't connect to host - [Sat Apr  5 11:30:59 2014] PHP Notice:  Undefined variable: stderr in /home/devill/git/poker-player-noco/player.php on line 28
[Sat Apr  5 11:30:59 2014] PHP Stack trace:
[Sat Apr  5 11:30:59 2014] PHP   1. {main}() /home/devill/git/poker-player-noco/player_service.php:0
[Sat Apr  5 11:30:59 2014] PHP   2. Player->betRequest() /home/devill/git/poker-player-noco/player_service.php:10
[Sat Apr  5 11:30:59 2014] PHP Warning:  fclose() expects parameter 1 to be resource, null given in /home/devill/git/poker-player-noco/player.php on line 28
[Sat Apr  5 11:30:59 2014] PHP Stack trace:
[Sat Apr  5 11:30:59 2014] PHP   1. {main}() /home/devill/git/poker-player-noco/player_service.php:0
[Sat Apr  5 11:30:59 2014] PHP   2. Player->betRequest() /home/devill/git/poker-player-noco/player_service.php:10
[Sat Apr  5 11:30:59 2014] PHP   3. fclose() /home/devill/git/poker-player-noco/player.php:28
[Sat Apr  5 11:30:59 2014] 127.0.0.1:43513 [200]: /player_service.php
couldn't connect to host - [Sat Apr  5 11:30:59 2014] PHP Notice:  Undefined variable: stderr in /home/devill/git/poker-player-noco/player.php on line 28
[Sat Apr  5 11:30:59 2014] PHP Stack trace:
[Sat Apr  5 11:30:59 2014] PHP   1. {main}() /home/devill/git/poker-player-noco/player_service.php:0
[Sat Apr  5 11:30:59 2014] PHP   2. Player->betRequest() /home/devill/git/poker-player-noco/player_service.php:10
[Sat Apr  5 11:30:59 2014] PHP Warning:  fclose() expects parameter 1 to be resource, null given in /home/devill/git/poker-player-noco/player.php on line 28
[Sat Apr  5 11:30:59 2014] PHP Stack trace:
[Sat Apr  5 11:30:59 2014] PHP   1. {main}() /home/devill/git/poker-player-noco/player_service.php:0
[Sat Apr  5 11:30:59 2014] PHP   2. Player->betRequest() /home/devill/git/poker-player-noco/player_service.php:10
[Sat Apr  5 11:30:59 2014] PHP   3. fclose() /home/devill/git/poker-player-noco/player.php:28
[Sat Apr  5 11:30:59 2014] 127.0.0.1:43516 [200]: /player_service.php
[Sat Apr  5 11:30:59 2014] 127.0.0.1:43521 [200]: /player_service.php
[Sat Apr  5 11:30:59 2014] 127.0.0.1:43525 [200]: /player_service.php
[Sat Apr  5 11:30:59 2014] PHP Notice:  Undefined variable: stderr in /home/devill/git/poker-player-noco/player.php on line 28
[Sat Apr  5 11:30:59 2014] PHP Stack trace:
[Sat Apr  5 11:30:59 2014] PHP   1. {main}() /home/devill/git/poker-player-noco/player_service.php:0
[Sat Apr  5 11:30:59 2014] PHP   2. Player->betRequest() /home/devill/git/poker-player-noco/player_service.php:10
[Sat Apr  5 11:30:59 2014] PHP Warning:  fclose() expects parameter 1 to be resource, null given in /home/devill/git/poker-player-noco/player.php on line 28
[Sat Apr  5 11:30:59 2014] PHP Stack trace:
[Sat Apr  5 11:30:59 2014] PHP   1. {main}() /home/devill/git/poker-player-noco/player_service.php:0
[Sat Apr  5 11:30:59 2014] PHP   2. Player->betRequest() /home/devill/git/poker-player-noco/player_service.php:10
[Sat Apr  5 11:30:59 2014] PHP   3. fclose() /home/devill/git/poker-player-noco/player.php:28
[Sat Apr  5 11:30:59 2014] 127.0.0.1:43526 [200]: /player_service.php
couldn't connect to host - [Sat Apr  5 11:30:59 2014] PHP Notice:  Undefined variable: stderr in /home/devill/git/poker-player-noco/player.php on line 28
[Sat Apr  5 11:30:59 2014] PHP Stack trace:
[Sat Apr  5 11:30:59 2014] PHP   1. {main}() /home/devill/git/poker-player-noco/player_service.php:0
[Sat Apr  5 11:30:59 2014] PHP   2. Player->betRequest() /home/devill/git/poker-player-noco/player_service.php:10
[Sat Apr  5 11:30:59 2014] PHP Warning:  fclose() expects parameter 1 to be resource, null given in /home/devill/git/poker-player-noco/player.php on line 28
[Sat Apr  5 11:30:59 2014] PHP Stack trace:
[Sat Apr  5 11:30:59 2014] PHP   1. {main}() /home/devill/git/poker-player-noco/player_service.php:0
[Sat Apr  5 11:30:59 2014] PHP   2. Player->betRequest() /home/devill/git/poker-player-noco/player_service.php:10
[Sat Apr  5 11:30:59 2014] PHP   3. fclose() /home/devill/git/poker-player-noco/player.php:28
[Sat Apr  5 11:30:59 2014] 127.0.0.1:43528 [200]: /player_service.php
couldn't connect to host - [Sat Apr  5 11:30:59 2014] PHP Notice:  Undefined variable: stderr in /home/devill/git/poker-player-noco/player.php on line 28
[Sat Apr  5 11:30:59 2014] PHP Stack trace:
[Sat Apr  5 11:30:59 2014] PHP   1. {main}() /home/devill/git/poker-player-noco/player_service.php:0
[Sat Apr  5 11:30:59 2014] PHP   2. Player->betRequest() /home/devill/git/poker-player-noco/player_service.php:10
[Sat Apr  5 11:30:59 2014] PHP Warning:  fclose() expects parameter 1 to be resource, null given in /home/devill/git/poker-player-noco/player.php on line 28
[Sat Apr  5 11:30:59 2014] PHP Stack trace:
[Sat Apr  5 11:30:59 2014] PHP   1. {main}() /home/devill/git/poker-player-noco/player_service.php:0
[Sat Apr  5 11:30:59 2014] PHP   2. Player->betRequest() /home/devill/git/poker-player-noco/player_service.php:10
[Sat Apr  5 11:30:59 2014] PHP   3. fclose() /home/devill/git/poker-player-noco/player.php:28
[Sat Apr  5 11:30:59 2014] 127.0.0.1:43531 [200]: /player_service.php
couldn't connect to host - [Sat Apr  5 11:30:59 2014] PHP Notice:  Undefined variable: stderr in /home/devill/git/poker-player-noco/player.php on line 28
[Sat Apr  5 11:30:59 2014] PHP Stack trace:
[Sat Apr  5 11:30:59 2014] PHP   1. {main}() /home/devill/git/poker-player-noco/player_service.php:0
[Sat Apr  5 11:30:59 2014] PHP   2. Player->betRequest() /home/devill/git/poker-player-noco/player_service.php:10
[Sat Apr  5 11:30:59 2014] PHP Warning:  fclose() expects parameter 1 to be resource, null given in /home/devill/git/poker-player-noco/player.php on line 28
[Sat Apr  5 11:30:59 2014] PHP Stack trace:
[Sat Apr  5 11:30:59 2014] PHP   1. {main}() /home/devill/git/poker-player-noco/player_service.php:0
[Sat Apr  5 11:30:59 2014] PHP   2. Player->betRequest() /home/devill/git/poker-player-noco/player_service.php:10
[Sat Apr  5 11:30:59 2014] PHP   3. fclose() /home/devill/git/poker-player-noco/player.php:28
[Sat Apr  5 11:30:59 2014] 127.0.0.1:43534 [200]: /player_service.php
[Sat Apr  5 11:30:59 2014] 127.0.0.1:43539 [200]: /player_service.php
[Sat Apr  5 11:30:59 2014] 127.0.0.1:43543 [200]: /player_service.php
[Sat Apr  5 11:30:59 2014] PHP Notice:  Undefined variable: stderr in /home/devill/git/poker-player-noco/player.php on line 28
[Sat Apr  5 11:30:59 2014] PHP Stack trace:
[Sat Apr  5 11:30:59 2014] PHP   1. {main}() /home/devill/git/poker-player-noco/player_service.php:0
[Sat Apr  5 11:30:59 2014] PHP   2. Player->betRequest() /home/devill/git/poker-player-noco/player_service.php:10
[Sat Apr  5 11:30:59 2014] PHP Warning:  fclose() expects parameter 1 to be resource, null given in /home/devill/git/poker-player-noco/player.php on line 28
[Sat Apr  5 11:30:59 2014] PHP Stack trace:
[Sat Apr  5 11:30:59 2014] PHP   1. {main}() /home/devill/git/poker-player-noco/player_service.php:0
[Sat Apr  5 11:30:59 2014] PHP   2. Player->betRequest() /home/devill/git/poker-player-noco/player_service.php:10
[Sat Apr  5 11:30:59 2014] PHP   3. fclose() /home/devill/git/poker-player-noco/player.php:28
[Sat Apr  5 11:30:59 2014] 127.0.0.1:43544 [200]: /player_service.php
couldn't connect to host - [Sat Apr  5 11:30:59 2014] PHP Notice:  Undefined variable: stderr in /home/devill/git/poker-player-noco/player.php on line 28
[Sat Apr  5 11:30:59 2014] PHP Stack trace:
[Sat Apr  5 11:30:59 2014] PHP   1. {main}() /home/devill/git/poker-player-noco/player_service.php:0
[Sat Apr  5 11:30:59 2014] PHP   2. Player->betRequest() /home/devill/git/poker-player-noco/player_service.php:10
[Sat Apr  5 11:30:59 2014] PHP Warning:  fclose() expects parameter 1 to be resource, null given in /home/devill/git/poker-player-noco/player.php on line 28
[Sat Apr  5 11:30:59 2014] PHP Stack trace:
[Sat Apr  5 11:30:59 2014] PHP   1. {main}() /home/devill/git/poker-player-noco/player_service.php:0
[Sat Apr  5 11:30:59 2014] PHP   2. Player->betRequest() /home/devill/git/poker-player-noco/player_service.php:10
[Sat Apr  5 11:30:59 2014] PHP   3. fclose() /home/devill/git/poker-player-noco/player.php:28
[Sat Apr  5 11:30:59 2014] 127.0.0.1:43546 [200]: /player_service.php
couldn't connect to host - [Sat Apr  5 11:30:59 2014] PHP Notice:  Undefined variable: stderr in /home/devill/git/poker-player-noco/player.php on line 28
[Sat Apr  5 11:30:59 2014] PHP Stack trace:
[Sat Apr  5 11:30:59 2014] PHP   1. {main}() /home/devill/git/poker-player-noco/player_service.php:0
[Sat Apr  5 11:30:59 2014] PHP   2. Player->betRequest() /home/devill/git/poker-player-noco/player_service.php:10
[Sat Apr  5 11:30:59 2014] PHP Warning:  fclose() expects parameter 1 to be resource, null given in /home/devill/git/poker-player-noco/player.php on line 28
[Sat Apr  5 11:30:59 2014] PHP Stack trace:
[Sat Apr  5 11:30:59 2014] PHP   1. {main}() /home/devill/git/poker-player-noco/player_service.php:0
[Sat Apr  5 11:30:59 2014] PHP   2. Player->betRequest() /home/devill/git/poker-player-noco/player_service.php:10
[Sat Apr  5 11:30:59 2014] PHP   3. fclose() /home/devill/git/poker-player-noco/player.php:28
[Sat Apr  5 11:30:59 2014] 127.0.0.1:43549 [200]: /player_service.php
couldn't connect to host - [Sat Apr  5 11:30:59 2014] PHP Notice:  Undefined variable: stderr in /home/devill/git/poker-player-noco/player.php on line 28
[Sat Apr  5 11:30:59 2014] PHP Stack trace:
[Sat Apr  5 11:30:59 2014] PHP   1. {main}() /home/devill/git/poker-player-noco/player_service.php:0
[Sat Apr  5 11:30:59 2014] PHP   2. Player->betRequest() /home/devill/git/poker-player-noco/player_service.php:10
[Sat Apr  5 11:30:59 2014] PHP Warning:  fclose() expects parameter 1 to be resource, null given in /home/devill/git/poker-player-noco/player.php on line 28
[Sat Apr  5 11:30:59 2014] PHP Stack trace:
[Sat Apr  5 11:30:59 2014] PHP   1. {main}() /home/devill/git/poker-player-noco/player_service.php:0
[Sat Apr  5 11:30:59 2014] PHP   2. Player->betRequest() /home/devill/git/poker-player-noco/player_service.php:10
[Sat Apr  5 11:30:59 2014] PHP   3. fclose() /home/devill/git/poker-player-noco/player.php:28
[Sat Apr  5 11:30:59 2014] 127.0.0.1:43552 [200]: /player_service.php
[Sat Apr  5 11:30:59 2014] 127.0.0.1:43557 [200]: /player_service.php
[Sat Apr  5 11:30:59 2014] 127.0.0.1:43561 [200]: /player_service.php
[Sat Apr  5 11:30:59 2014] PHP Notice:  Undefined variable: stderr in /home/devill/git/poker-player-noco/player.php on line 28
[Sat Apr  5 11:30:59 2014] PHP Stack trace:
[Sat Apr  5 11:30:59 2014] PHP   1. {main}() /home/devill/git/poker-player-noco/player_service.php:0
[Sat Apr  5 11:30:59 2014] PHP   2. Player->betRequest() /home/devill/git/poker-player-noco/player_service.php:10
[Sat Apr  5 11:30:59 2014] PHP Warning:  fclose() expects parameter 1 to be resource, null given in /home/devill/git/poker-player-noco/player.php on line 28
[Sat Apr  5 11:30:59 2014] PHP Stack trace:
[Sat Apr  5 11:30:59 2014] PHP   1. {main}() /home/devill/git/poker-player-noco/player_service.php:0
[Sat Apr  5 11:30:59 2014] PHP   2. Player->betRequest() /home/devill/git/poker-player-noco/player_service.php:10
[Sat Apr  5 11:30:59 2014] PHP   3. fclose() /home/devill/git/poker-player-noco/player.php:28
[Sat Apr  5 11:30:59 2014] 127.0.0.1:43562 [200]: /player_service.php
couldn't connect to host - [Sat Apr  5 11:30:59 2014] PHP Notice:  Undefined variable: stderr in /home/devill/git/poker-player-noco/player.php on line 28
[Sat Apr  5 11:30:59 2014] PHP Stack trace:
[Sat Apr  5 11:30:59 2014] PHP   1. {main}() /home/devill/git/poker-player-noco/player_service.php:0
[Sat Apr  5 11:30:59 2014] PHP   2. Player->betRequest() /home/devill/git/poker-player-noco/player_service.php:10
[Sat Apr  5 11:30:59 2014] PHP Warning:  fclose() expects parameter 1 to be resource, null given in /home/devill/git/poker-player-noco/player.php on line 28
[Sat Apr  5 11:30:59 2014] PHP Stack trace:
[Sat Apr  5 11:30:59 2014] PHP   1. {main}() /home/devill/git/poker-player-noco/player_service.php:0
[Sat Apr  5 11:30:59 2014] PHP   2. Player->betRequest() /home/devill/git/poker-player-noco/player_service.php:10
[Sat Apr  5 11:30:59 2014] PHP   3. fclose() /home/devill/git/poker-player-noco/player.php:28
[Sat Apr  5 11:30:59 2014] 127.0.0.1:43564 [200]: /player_service.php
couldn't connect to host - [Sat Apr  5 11:30:59 2014] PHP Notice:  Undefined variable: stderr in /home/devill/git/poker-player-noco/player.php on line 28
[Sat Apr  5 11:30:59 2014] PHP Stack trace:
[Sat Apr  5 11:30:59 2014] PHP   1. {main}() /home/devill/git/poker-player-noco/player_service.php:0
[Sat Apr  5 11:30:59 2014] PHP   2. Player->betRequest() /home/devill/git/poker-player-noco/player_service.php:10
[Sat Apr  5 11:30:59 2014] PHP Warning:  fclose() expects parameter 1 to be resource, null given in /home/devill/git/poker-player-noco/player.php on line 28
[Sat Apr  5 11:30:59 2014] PHP Stack trace:
[Sat Apr  5 11:30:59 2014] PHP   1. {main}() /home/devill/git/poker-player-noco/player_service.php:0
[Sat Apr  5 11:30:59 2014] PHP   2. Player->betRequest() /home/devill/git/poker-player-noco/player_service.php:10
[Sat Apr  5 11:30:59 2014] PHP   3. fclose() /home/devill/git/poker-player-noco/player.php:28
[Sat Apr  5 11:30:59 2014] 127.0.0.1:43567 [200]: /player_service.php
couldn't connect to host - [Sat Apr  5 11:30:59 2014] PHP Notice:  Undefined variable: stderr in /home/devill/git/poker-player-noco/player.php on line 28
[Sat Apr  5 11:30:59 2014] PHP Stack trace:
[Sat Apr  5 11:30:59 2014] PHP   1. {main}() /home/devill/git/poker-player-noco/player_service.php:0
[Sat Apr  5 11:30:59 2014] PHP   2. Player->betRequest() /home/devill/git/poker-player-noco/player_service.php:10
[Sat Apr  5 11:30:59 2014] PHP Warning:  fclose() expects parameter 1 to be resource, null given in /home/devill/git/poker-player-noco/player.php on line 28
[Sat Apr  5 11:30:59 2014] PHP Stack trace:
[Sat Apr  5 11:30:59 2014] PHP   1. {main}() /home/devill/git/poker-player-noco/player_service.php:0
[Sat Apr  5 11:30:59 2014] PHP   2. Player->betRequest() /home/devill/git/poker-player-noco/player_service.php:10
[Sat Apr  5 11:30:59 2014] PHP   3. fclose() /home/devill/git/poker-player-noco/player.php:28
[Sat Apr  5 11:30:59 2014] 127.0.0.1:43570 [200]: /player_service.php
[Sat Apr  5 11:30:59 2014] 127.0.0.1:43575 [200]: /player_service.php
[Sat Apr  5 11:30:59 2014] 127.0.0.1:43579 [200]: /player_service.php
[Sat Apr  5 11:30:59 2014] PHP Notice:  Undefined variable: stderr in /home/devill/git/poker-player-noco/player.php on line 28
[Sat Apr  5 11:30:59 2014] PHP Stack trace:
[Sat Apr  5 11:30:59 2014] PHP   1. {main}() /home/devill/git/poker-player-noco/player_service.php:0
[Sat Apr  5 11:30:59 2014] PHP   2. Player->betRequest() /home/devill/git/poker-player-noco/player_service.php:10
[Sat Apr  5 11:30:59 2014] PHP Warning:  fclose() expects parameter 1 to be resource, null given in /home/devill/git/poker-player-noco/player.php on line 28
[Sat Apr  5 11:30:59 2014] PHP Stack trace:
[Sat Apr  5 11:30:59 2014] PHP   1. {main}() /home/devill/git/poker-player-noco/player_service.php:0
[Sat Apr  5 11:30:59 2014] PHP   2. Player->betRequest() /home/devill/git/poker-player-noco/player_service.php:10
[Sat Apr  5 11:30:59 2014] PHP   3. fclose() /home/devill/git/poker-player-noco/player.php:28
[Sat Apr  5 11:30:59 2014] 127.0.0.1:43580 [200]: /player_service.php
couldn't connect to host - [Sat Apr  5 11:30:59 2014] PHP Notice:  Undefined variable: stderr in /home/devill/git/poker-player-noco/player.php on line 28
[Sat Apr  5 11:30:59 2014] PHP Stack trace:
[Sat Apr  5 11:30:59 2014] PHP   1. {main}() /home/devill/git/poker-player-noco/player_service.php:0
[Sat Apr  5 11:30:59 2014] PHP   2. Player->betRequest() /home/devill/git/poker-player-noco/player_service.php:10
[Sat Apr  5 11:30:59 2014] PHP Warning:  fclose() expects parameter 1 to be resource, null given in /home/devill/git/poker-player-noco/player.php on line 28
[Sat Apr  5 11:30:59 2014] PHP Stack trace:
[Sat Apr  5 11:30:59 2014] PHP   1. {main}() /home/devill/git/poker-player-noco/player_service.php:0
[Sat Apr  5 11:30:59 2014] PHP   2. Player->betRequest() /home/devill/git/poker-player-noco/player_service.php:10
[Sat Apr  5 11:30:59 2014] PHP   3. fclose() /home/devill/git/poker-player-noco/player.php:28
[Sat Apr  5 11:30:59 2014] 127.0.0.1:43582 [200]: /player_service.php
couldn't connect to host - [Sat Apr  5 11:30:59 2014] PHP Notice:  Undefined variable: stderr in /home/devill/git/poker-player-noco/player.php on line 28
[Sat Apr  5 11:30:59 2014] PHP Stack trace:
[Sat Apr  5 11:30:59 2014] PHP   1. {main}() /home/devill/git/poker-player-noco/player_service.php:0
[Sat Apr  5 11:30:59 2014] PHP   2. Player->betRequest() /home/devill/git/poker-player-noco/player_service.php:10
[Sat Apr  5 11:30:59 2014] PHP Warning:  fclose() expects parameter 1 to be resource, null given in /home/devill/git/poker-player-noco/player.php on line 28
[Sat Apr  5 11:30:59 2014] PHP Stack trace:
[Sat Apr  5 11:30:59 2014] PHP   1. {main}() /home/devill/git/poker-player-noco/player_service.php:0
[Sat Apr  5 11:30:59 2014] PHP   2. Player->betRequest() /home/devill/git/poker-player-noco/player_service.php:10
[Sat Apr  5 11:30:59 2014] PHP   3. fclose() /home/devill/git/poker-player-noco/player.php:28
[Sat Apr  5 11:30:59 2014] 127.0.0.1:43585 [200]: /player_service.php
couldn't connect to host - [Sat Apr  5 11:30:59 2014] PHP Notice:  Undefined variable: stderr in /home/devill/git/poker-player-noco/player.php on line 28
[Sat Apr  5 11:30:59 2014] PHP Stack trace:
[Sat Apr  5 11:30:59 2014] PHP   1. {main}() /home/devill/git/poker-player-noco/player_service.php:0
[Sat Apr  5 11:30:59 2014] PHP   2. Player->betRequest() /home/devill/git/poker-player-noco/player_service.php:10
[Sat Apr  5 11:30:59 2014] PHP Warning:  fclose() expects parameter 1 to be resource, null given in /home/devill/git/poker-player-noco/player.php on line 28
[Sat Apr  5 11:30:59 2014] PHP Stack trace:
[Sat Apr  5 11:30:59 2014] PHP   1. {main}() /home/devill/git/poker-player-noco/player_service.php:0
[Sat Apr  5 11:30:59 2014] PHP   2. Player->betRequest() /home/devill/git/poker-player-noco/player_service.php:10
[Sat Apr  5 11:30:59 2014] PHP   3. fclose() /home/devill/git/poker-player-noco/player.php:28
[Sat Apr  5 11:30:59 2014] 127.0.0.1:43588 [200]: /player_service.php
[Sat Apr  5 11:30:59 2014] 127.0.0.1:43593 [200]: /player_service.php
[Sat Apr  5 11:30:59 2014] 127.0.0.1:43597 [200]: /player_service.php
[Sat Apr  5 11:30:59 2014] PHP Notice:  Undefined variable: stderr in /home/devill/git/poker-player-noco/player.php on line 28
[Sat Apr  5 11:30:59 2014] PHP Stack trace:
[Sat Apr  5 11:30:59 2014] PHP   1. {main}() /home/devill/git/poker-player-noco/player_service.php:0
[Sat Apr  5 11:30:59 2014] PHP   2. Player->betRequest() /home/devill/git/poker-player-noco/player_service.php:10
[Sat Apr  5 11:30:59 2014] PHP Warning:  fclose() expects parameter 1 to be resource, null given in /home/devill/git/poker-player-noco/player.php on line 28
[Sat Apr  5 11:30:59 2014] PHP Stack trace:
[Sat Apr  5 11:30:59 2014] PHP   1. {main}() /home/devill/git/poker-player-noco/player_service.php:0
[Sat Apr  5 11:30:59 2014] PHP   2. Player->betRequest() /home/devill/git/poker-player-noco/player_service.php:10
[Sat Apr  5 11:31:00 2014] PHP   3. fclose() /home/devill/git/poker-player-noco/player.php:28
[Sat Apr  5 11:31:00 2014] 127.0.0.1:43598 [200]: /player_service.php
couldn't connect to host - [Sat Apr  5 11:31:00 2014] PHP Notice:  Undefined variable: stderr in /home/devill/git/poker-player-noco/player.php on line 28
[Sat Apr  5 11:31:00 2014] PHP Stack trace:
[Sat Apr  5 11:31:00 2014] PHP   1. {main}() /home/devill/git/poker-player-noco/player_service.php:0
[Sat Apr  5 11:31:00 2014] PHP   2. Player->betRequest() /home/devill/git/poker-player-noco/player_service.php:10
[Sat Apr  5 11:31:00 2014] PHP Warning:  fclose() expects parameter 1 to be resource, null given in /home/devill/git/poker-player-noco/player.php on line 28
[Sat Apr  5 11:31:00 2014] PHP Stack trace:
[Sat Apr  5 11:31:00 2014] PHP   1. {main}() /home/devill/git/poker-player-noco/player_service.php:0
[Sat Apr  5 11:31:00 2014] PHP   2. Player->betRequest() /home/devill/git/poker-player-noco/player_service.php:10
[Sat Apr  5 11:31:00 2014] PHP   3. fclose() /home/devill/git/poker-player-noco/player.php:28
[Sat Apr  5 11:31:00 2014] 127.0.0.1:43600 [200]: /player_service.php
couldn't connect to host - [Sat Apr  5 11:31:00 2014] PHP Notice:  Undefined variable: stderr in /home/devill/git/poker-player-noco/player.php on line 28
[Sat Apr  5 11:31:00 2014] PHP Stack trace:
[Sat Apr  5 11:31:00 2014] PHP   1. {main}() /home/devill/git/poker-player-noco/player_service.php:0
[Sat Apr  5 11:31:00 2014] PHP   2. Player->betRequest() /home/devill/git/poker-player-noco/player_service.php:10
[Sat Apr  5 11:31:00 2014] PHP Warning:  fclose() expects parameter 1 to be resource, null given in /home/devill/git/poker-player-noco/player.php on line 28
[Sat Apr  5 11:31:00 2014] PHP Stack trace:
[Sat Apr  5 11:31:00 2014] PHP   1. {main}() /home/devill/git/poker-player-noco/player_service.php:0
[Sat Apr  5 11:31:00 2014] PHP   2. Player->betRequest() /home/devill/git/poker-player-noco/player_service.php:10
[Sat Apr  5 11:31:00 2014] PHP   3. fclose() /home/devill/git/poker-player-noco/player.php:28
[Sat Apr  5 11:31:00 2014] 127.0.0.1:43603 [200]: /player_service.php
couldn't connect to host - [Sat Apr  5 11:31:00 2014] PHP Notice:  Undefined variable: stderr in /home/devill/git/poker-player-noco/player.php on line 28
[Sat Apr  5 11:31:00 2014] PHP Stack trace:
[Sat Apr  5 11:31:00 2014] PHP   1. {main}() /home/devill/git/poker-player-noco/player_service.php:0
[Sat Apr  5 11:31:00 2014] PHP   2. Player->betRequest() /home/devill/git/poker-player-noco/player_service.php:10
[Sat Apr  5 11:31:00 2014] PHP Warning:  fclose() expects parameter 1 to be resource, null given in /home/devill/git/poker-player-noco/player.php on line 28
[Sat Apr  5 11:31:00 2014] PHP Stack trace:
[Sat Apr  5 11:31:00 2014] PHP   1. {main}() /home/devill/git/poker-player-noco/player_service.php:0
[Sat Apr  5 11:31:00 2014] PHP   2. Player->betRequest() /home/devill/git/poker-player-noco/player_service.php:10
[Sat Apr  5 11:31:00 2014] PHP   3. fclose() /home/devill/git/poker-player-noco/player.php:28
[Sat Apr  5 11:31:00 2014] 127.0.0.1:43606 [200]: /player_service.php
[Sat Apr  5 11:31:00 2014] 127.0.0.1:43611 [200]: /player_service.php
[Sat Apr  5 11:31:00 2014] 127.0.0.1:43615 [200]: /player_service.php
[Sat Apr  5 11:31:00 2014] PHP Notice:  Undefined variable: stderr in /home/devill/git/poker-player-noco/player.php on line 28
[Sat Apr  5 11:31:00 2014] PHP Stack trace:
[Sat Apr  5 11:31:00 2014] PHP   1. {main}() /home/devill/git/poker-player-noco/player_service.php:0
[Sat Apr  5 11:31:00 2014] PHP   2. Player->betRequest() /home/devill/git/poker-player-noco/player_service.php:10
[Sat Apr  5 11:31:00 2014] PHP Warning:  fclose() expects parameter 1 to be resource, null given in /home/devill/git/poker-player-noco/player.php on line 28
[Sat Apr  5 11:31:00 2014] PHP Stack trace:
[Sat Apr  5 11:31:00 2014] PHP   1. {main}() /home/devill/git/poker-player-noco/player_service.php:0
[Sat Apr  5 11:31:00 2014] PHP   2. Player->betRequest() /home/devill/git/poker-player-noco/player_service.php:10
[Sat Apr  5 11:31:00 2014] PHP   3. fclose() /home/devill/git/poker-player-noco/player.php:28
[Sat Apr  5 11:31:00 2014] 127.0.0.1:43616 [200]: /player_service.php
couldn't connect to host - [Sat Apr  5 11:31:00 2014] PHP Notice:  Undefined variable: stderr in /home/devill/git/poker-player-noco/player.php on line 28
[Sat Apr  5 11:31:00 2014] PHP Stack trace:
[Sat Apr  5 11:31:00 2014] PHP   1. {main}() /home/devill/git/poker-player-noco/player_service.php:0
[Sat Apr  5 11:31:00 2014] PHP   2. Player->betRequest() /home/devill/git/poker-player-noco/player_service.php:10
[Sat Apr  5 11:31:00 2014] PHP Warning:  fclose() expects parameter 1 to be resource, null given in /home/devill/git/poker-player-noco/player.php on line 28
[Sat Apr  5 11:31:00 2014] PHP Stack trace:
[Sat Apr  5 11:31:00 2014] PHP   1. {main}() /home/devill/git/poker-player-noco/player_service.php:0
[Sat Apr  5 11:31:00 2014] PHP   2. Player->betRequest() /home/devill/git/poker-player-noco/player_service.php:10
[Sat Apr  5 11:31:00 2014] PHP   3. fclose() /home/devill/git/poker-player-noco/player.php:28
[Sat Apr  5 11:31:00 2014] 127.0.0.1:43618 [200]: /player_service.php
couldn't connect to host - [Sat Apr  5 11:31:00 2014] PHP Notice:  Undefined variable: stderr in /home/devill/git/poker-player-noco/player.php on line 28
[Sat Apr  5 11:31:00 2014] PHP Stack trace:
[Sat Apr  5 11:31:00 2014] PHP   1. {main}() /home/devill/git/poker-player-noco/player_service.php:0
[Sat Apr  5 11:31:00 2014] PHP   2. Player->betRequest() /home/devill/git/poker-player-noco/player_service.php:10
[Sat Apr  5 11:31:00 2014] PHP Warning:  fclose() expects parameter 1 to be resource, null given in /home/devill/git/poker-player-noco/player.php on line 28
[Sat Apr  5 11:31:00 2014] PHP Stack trace:
[Sat Apr  5 11:31:00 2014] PHP   1. {main}() /home/devill/git/poker-player-noco/player_service.php:0
[Sat Apr  5 11:31:00 2014] PHP   2. Player->betRequest() /home/devill/git/poker-player-noco/player_service.php:10
[Sat Apr  5 11:31:00 2014] PHP   3. fclose() /home/devill/git/poker-player-noco/player.php:28
[Sat Apr  5 11:31:00 2014] 127.0.0.1:43621 [200]: /player_service.php
couldn't connect to host - [Sat Apr  5 11:31:00 2014] PHP Notice:  Undefined variable: stderr in /home/devill/git/poker-player-noco/player.php on line 28
[Sat Apr  5 11:31:00 2014] PHP Stack trace:
[Sat Apr  5 11:31:00 2014] PHP   1. {main}() /home/devill/git/poker-player-noco/player_service.php:0
[Sat Apr  5 11:31:00 2014] PHP   2. Player->betRequest() /home/devill/git/poker-player-noco/player_service.php:10
[Sat Apr  5 11:31:00 2014] PHP Warning:  fclose() expects parameter 1 to be resource, null given in /home/devill/git/poker-player-noco/player.php on line 28
[Sat Apr  5 11:31:00 2014] PHP Stack trace:
[Sat Apr  5 11:31:00 2014] PHP   1. {main}() /home/devill/git/poker-player-noco/player_service.php:0
[Sat Apr  5 11:31:00 2014] PHP   2. Player->betRequest() /home/devill/git/poker-player-noco/player_service.php:10
[Sat Apr  5 11:31:00 2014] PHP   3. fclose() /home/devill/git/poker-player-noco/player.php:28
[Sat Apr  5 11:31:00 2014] 127.0.0.1:43624 [200]: /player_service.php
[Sat Apr  5 11:31:00 2014] 127.0.0.1:43629 [200]: /player_service.php
[Sat Apr  5 11:31:00 2014] 127.0.0.1:43633 [200]: /player_service.php
[Sat Apr  5 11:31:00 2014] PHP Notice:  Undefined variable: stderr in /home/devill/git/poker-player-noco/player.php on line 28
[Sat Apr  5 11:31:00 2014] PHP Stack trace:
[Sat Apr  5 11:31:00 2014] PHP   1. {main}() /home/devill/git/poker-player-noco/player_service.php:0
[Sat Apr  5 11:31:00 2014] PHP   2. Player->betRequest() /home/devill/git/poker-player-noco/player_service.php:10
[Sat Apr  5 11:31:00 2014] PHP Warning:  fclose() expects parameter 1 to be resource, null given in /home/devill/git/poker-player-noco/player.php on line 28
[Sat Apr  5 11:31:00 2014] PHP Stack trace:
[Sat Apr  5 11:31:00 2014] PHP   1. {main}() /home/devill/git/poker-player-noco/player_service.php:0
[Sat Apr  5 11:31:00 2014] PHP   2. Player->betRequest() /home/devill/git/poker-player-noco/player_service.php:10
[Sat Apr  5 11:31:00 2014] PHP   3. fclose() /home/devill/git/poker-player-noco/player.php:28
[Sat Apr  5 11:31:00 2014] 127.0.0.1:43634 [200]: /player_service.php
couldn't connect to host - [Sat Apr  5 11:31:00 2014] PHP Notice:  Undefined variable: stderr in /home/devill/git/poker-player-noco/player.php on line 28
[Sat Apr  5 11:31:00 2014] PHP Stack trace:
[Sat Apr  5 11:31:00 2014] PHP   1. {main}() /home/devill/git/poker-player-noco/player_service.php:0
[Sat Apr  5 11:31:00 2014] PHP   2. Player->betRequest() /home/devill/git/poker-player-noco/player_service.php:10
[Sat Apr  5 11:31:00 2014] PHP Warning:  fclose() expects parameter 1 to be resource, null given in /home/devill/git/poker-player-noco/player.php on line 28
[Sat Apr  5 11:31:00 2014] PHP Stack trace:
[Sat Apr  5 11:31:00 2014] PHP   1. {main}() /home/devill/git/poker-player-noco/player_service.php:0
[Sat Apr  5 11:31:00 2014] PHP   2. Player->betRequest() /home/devill/git/poker-player-noco/player_service.php:10
[Sat Apr  5 11:31:00 2014] PHP   3. fclose() /home/devill/git/poker-player-noco/player.php:28
[Sat Apr  5 11:31:00 2014] 127.0.0.1:43636 [200]: /player_service.php
couldn't connect to host - [Sat Apr  5 11:31:00 2014] PHP Notice:  Undefined variable: stderr in /home/devill/git/poker-player-noco/player.php on line 28
[Sat Apr  5 11:31:00 2014] PHP Stack trace:
[Sat Apr  5 11:31:00 2014] PHP   1. {main}() /home/devill/git/poker-player-noco/player_service.php:0
[Sat Apr  5 11:31:00 2014] PHP   2. Player->betRequest() /home/devill/git/poker-player-noco/player_service.php:10
[Sat Apr  5 11:31:00 2014] PHP Warning:  fclose() expects parameter 1 to be resource, null given in /home/devill/git/poker-player-noco/player.php on line 28
[Sat Apr  5 11:31:00 2014] PHP Stack trace:
[Sat Apr  5 11:31:00 2014] PHP   1. {main}() /home/devill/git/poker-player-noco/player_service.php:0
[Sat Apr  5 11:31:00 2014] PHP   2. Player->betRequest() /home/devill/git/poker-player-noco/player_service.php:10
[Sat Apr  5 11:31:00 2014] PHP   3. fclose() /home/devill/git/poker-player-noco/player.php:28
[Sat Apr  5 11:31:00 2014] 127.0.0.1:43639 [200]: /player_service.php
couldn't connect to host - [Sat Apr  5 11:31:00 2014] PHP Notice:  Undefined variable: stderr in /home/devill/git/poker-player-noco/player.php on line 28
[Sat Apr  5 11:31:00 2014] PHP Stack trace:
[Sat Apr  5 11:31:00 2014] PHP   1. {main}() /home/devill/git/poker-player-noco/player_service.php:0
[Sat Apr  5 11:31:00 2014] PHP   2. Player->betRequest() /home/devill/git/poker-player-noco/player_service.php:10
[Sat Apr  5 11:31:00 2014] PHP Warning:  fclose() expects parameter 1 to be resource, null given in /home/devill/git/poker-player-noco/player.php on line 28
[Sat Apr  5 11:31:00 2014] PHP Stack trace:
[Sat Apr  5 11:31:00 2014] PHP   1. {main}() /home/devill/git/poker-player-noco/player_service.php:0
[Sat Apr  5 11:31:00 2014] PHP   2. Player->betRequest() /home/devill/git/poker-player-noco/player_service.php:10
[Sat Apr  5 11:31:00 2014] PHP   3. fclose() /home/devill/git/poker-player-noco/player.php:28
[Sat Apr  5 11:31:00 2014] 127.0.0.1:43642 [200]: /player_service.php
[Sat Apr  5 11:31:00 2014] 127.0.0.1:43647 [200]: /player_service.php
[Sat Apr  5 11:31:00 2014] 127.0.0.1:43651 [200]: /player_service.php
[Sat Apr  5 11:31:00 2014] PHP Notice:  Undefined variable: stderr in /home/devill/git/poker-player-noco/player.php on line 28
[Sat Apr  5 11:31:00 2014] PHP Stack trace:
[Sat Apr  5 11:31:00 2014] PHP   1. {main}() /home/devill/git/poker-player-noco/player_service.php:0
[Sat Apr  5 11:31:00 2014] PHP   2. Player->betRequest() /home/devill/git/poker-player-noco/player_service.php:10
[Sat Apr  5 11:31:00 2014] PHP Warning:  fclose() expects parameter 1 to be resource, null given in /home/devill/git/poker-player-noco/player.php on line 28
[Sat Apr  5 11:31:00 2014] PHP Stack trace:
[Sat Apr  5 11:31:00 2014] PHP   1. {main}() /home/devill/git/poker-player-noco/player_service.php:0
[Sat Apr  5 11:31:00 2014] PHP   2. Player->betRequest() /home/devill/git/poker-player-noco/player_service.php:10
[Sat Apr  5 11:31:00 2014] PHP   3. fclose() /home/devill/git/poker-player-noco/player.php:28
[Sat Apr  5 11:31:00 2014] 127.0.0.1:43652 [200]: /player_service.php
couldn't connect to host - [Sat Apr  5 11:31:00 2014] PHP Notice:  Undefined variable: stderr in /home/devill/git/poker-player-noco/player.php on line 28
[Sat Apr  5 11:31:00 2014] PHP Stack trace:
[Sat Apr  5 11:31:00 2014] PHP   1. {main}() /home/devill/git/poker-player-noco/player_service.php:0
[Sat Apr  5 11:31:00 2014] PHP   2. Player->betRequest() /home/devill/git/poker-player-noco/player_service.php:10
[Sat Apr  5 11:31:00 2014] PHP Warning:  fclose() expects parameter 1 to be resource, null given in /home/devill/git/poker-player-noco/player.php on line 28
[Sat Apr  5 11:31:00 2014] PHP Stack trace:
[Sat Apr  5 11:31:00 2014] PHP   1. {main}() /home/devill/git/poker-player-noco/player_service.php:0
[Sat Apr  5 11:31:00 2014] PHP   2. Player->betRequest() /home/devill/git/poker-player-noco/player_service.php:10
[Sat Apr  5 11:31:00 2014] PHP   3. fclose() /home/devill/git/poker-player-noco/player.php:28
[Sat Apr  5 11:31:00 2014] 127.0.0.1:43654 [200]: /player_service.php
couldn't connect to host - [Sat Apr  5 11:31:00 2014] PHP Notice:  Undefined variable: stderr in /home/devill/git/poker-player-noco/player.php on line 28
[Sat Apr  5 11:31:00 2014] PHP Stack trace:
[Sat Apr  5 11:31:00 2014] PHP   1. {main}() /home/devill/git/poker-player-noco/player_service.php:0
[Sat Apr  5 11:31:00 2014] PHP   2. Player->betRequest() /home/devill/git/poker-player-noco/player_service.php:10
[Sat Apr  5 11:31:00 2014] PHP Warning:  fclose() expects parameter 1 to be resource, null given in /home/devill/git/poker-player-noco/player.php on line 28
[Sat Apr  5 11:31:00 2014] PHP Stack trace:
[Sat Apr  5 11:31:00 2014] PHP   1. {main}() /home/devill/git/poker-player-noco/player_service.php:0
[Sat Apr  5 11:31:00 2014] PHP   2. Player->betRequest() /home/devill/git/poker-player-noco/player_service.php:10
[Sat Apr  5 11:31:00 2014] PHP   3. fclose() /home/devill/git/poker-player-noco/player.php:28
[Sat Apr  5 11:31:00 2014] 127.0.0.1:43657 [200]: /player_service.php
couldn't connect to host - [Sat Apr  5 11:31:00 2014] PHP Notice:  Undefined variable: stderr in /home/devill/git/poker-player-noco/player.php on line 28
[Sat Apr  5 11:31:00 2014] PHP Stack trace:
[Sat Apr  5 11:31:00 2014] PHP   1. {main}() /home/devill/git/poker-player-noco/player_service.php:0
[Sat Apr  5 11:31:00 2014] PHP   2. Player->betRequest() /home/devill/git/poker-player-noco/player_service.php:10
[Sat Apr  5 11:31:00 2014] PHP Warning:  fclose() expects parameter 1 to be resource, null given in /home/devill/git/poker-player-noco/player.php on line 28
[Sat Apr  5 11:31:00 2014] PHP Stack trace:
[Sat Apr  5 11:31:00 2014] PHP   1. {main}() /home/devill/git/poker-player-noco/player_service.php:0
[Sat Apr  5 11:31:00 2014] PHP   2. Player->betRequest() /home/devill/git/poker-player-noco/player_service.php:10
[Sat Apr  5 11:31:00 2014] PHP   3. fclose() /home/devill/git/poker-player-noco/player.php:28
[Sat Apr  5 11:31:00 2014] 127.0.0.1:43660 [200]: /player_service.php
[Sat Apr  5 11:31:00 2014] 127.0.0.1:43665 [200]: /player_service.php
[Sat Apr  5 11:31:00 2014] 127.0.0.1:43669 [200]: /player_service.php
[Sat Apr  5 11:31:00 2014] PHP Notice:  Undefined variable: stderr in /home/devill/git/poker-player-noco/player.php on line 28
[Sat Apr  5 11:31:00 2014] PHP Stack trace:
[Sat Apr  5 11:31:00 2014] PHP   1. {main}() /home/devill/git/poker-player-noco/player_service.php:0
[Sat Apr  5 11:31:00 2014] PHP   2. Player->betRequest() /home/devill/git/poker-player-noco/player_service.php:10
[Sat Apr  5 11:31:00 2014] PHP Warning:  fclose() expects parameter 1 to be resource, null given in /home/devill/git/poker-player-noco/player.php on line 28
[Sat Apr  5 11:31:00 2014] PHP Stack trace:
[Sat Apr  5 11:31:00 2014] PHP   1. {main}() /home/devill/git/poker-player-noco/player_service.php:0
[Sat Apr  5 11:31:00 2014] PHP   2. Player->betRequest() /home/devill/git/poker-player-noco/player_service.php:10
[Sat Apr  5 11:31:00 2014] PHP   3. fclose() /home/devill/git/poker-player-noco/player.php:28
[Sat Apr  5 11:31:00 2014] 127.0.0.1:43670 [200]: /player_service.php
couldn't connect to host - [Sat Apr  5 11:31:00 2014] PHP Notice:  Undefined variable: stderr in /home/devill/git/poker-player-noco/player.php on line 28
[Sat Apr  5 11:31:00 2014] PHP Stack trace:
[Sat Apr  5 11:31:00 2014] PHP   1. {main}() /home/devill/git/poker-player-noco/player_service.php:0
[Sat Apr  5 11:31:00 2014] PHP   2. Player->betRequest() /home/devill/git/poker-player-noco/player_service.php:10
[Sat Apr  5 11:31:00 2014] PHP Warning:  fclose() expects parameter 1 to be resource, null given in /home/devill/git/poker-player-noco/player.php on line 28
[Sat Apr  5 11:31:00 2014] PHP Stack trace:
[Sat Apr  5 11:31:00 2014] PHP   1. {main}() /home/devill/git/poker-player-noco/player_service.php:0
[Sat Apr  5 11:31:00 2014] PHP   2. Player->betRequest() /home/devill/git/poker-player-noco/player_service.php:10
[Sat Apr  5 11:31:00 2014] PHP   3. fclose() /home/devill/git/poker-player-noco/player.php:28
[Sat Apr  5 11:31:00 2014] 127.0.0.1:43672 [200]: /player_service.php
couldn't connect to host - [Sat Apr  5 11:31:00 2014] PHP Notice:  Undefined variable: stderr in /home/devill/git/poker-player-noco/player.php on line 28
[Sat Apr  5 11:31:00 2014] PHP Stack trace:
[Sat Apr  5 11:31:00 2014] PHP   1. {main}() /home/devill/git/poker-player-noco/player_service.php:0
[Sat Apr  5 11:31:00 2014] PHP   2. Player->betRequest() /home/devill/git/poker-player-noco/player_service.php:10
[Sat Apr  5 11:31:00 2014] PHP Warning:  fclose() expects parameter 1 to be resource, null given in /home/devill/git/poker-player-noco/player.php on line 28
[Sat Apr  5 11:31:00 2014] PHP Stack trace:
[Sat Apr  5 11:31:00 2014] PHP   1. {main}() /home/devill/git/poker-player-noco/player_service.php:0
[Sat Apr  5 11:31:00 2014] PHP   2. Player->betRequest() /home/devill/git/poker-player-noco/player_service.php:10
[Sat Apr  5 11:31:00 2014] PHP   3. fclose() /home/devill/git/poker-player-noco/player.php:28
[Sat Apr  5 11:31:00 2014] 127.0.0.1:43675 [200]: /player_service.php
couldn't connect to host - [Sat Apr  5 11:31:00 2014] PHP Notice:  Undefined variable: stderr in /home/devill/git/poker-player-noco/player.php on line 28
[Sat Apr  5 11:31:00 2014] PHP Stack trace:
[Sat Apr  5 11:31:00 2014] PHP   1. {main}() /home/devill/git/poker-player-noco/player_service.php:0
[Sat Apr  5 11:31:00 2014] PHP   2. Player->betRequest() /home/devill/git/poker-player-noco/player_service.php:10
[Sat Apr  5 11:31:00 2014] PHP Warning:  fclose() expects parameter 1 to be resource, null given in /home/devill/git/poker-player-noco/player.php on line 28
[Sat Apr  5 11:31:00 2014] PHP Stack trace:
[Sat Apr  5 11:31:00 2014] PHP   1. {main}() /home/devill/git/poker-player-noco/player_service.php:0
[Sat Apr  5 11:31:00 2014] PHP   2. Player->betRequest() /home/devill/git/poker-player-noco/player_service.php:10
[Sat Apr  5 11:31:00 2014] PHP   3. fclose() /home/devill/git/poker-player-noco/player.php:28
[Sat Apr  5 11:31:00 2014] 127.0.0.1:43678 [200]: /player_service.php
[Sat Apr  5 11:31:00 2014] 127.0.0.1:43683 [200]: /player_service.php
[Sat Apr  5 11:31:00 2014] 127.0.0.1:43687 [200]: /player_service.php
[Sat Apr  5 11:31:00 2014] PHP Notice:  Undefined variable: stderr in /home/devill/git/poker-player-noco/player.php on line 28
[Sat Apr  5 11:31:00 2014] PHP Stack trace:
[Sat Apr  5 11:31:00 2014] PHP   1. {main}() /home/devill/git/poker-player-noco/player_service.php:0
[Sat Apr  5 11:31:00 2014] PHP   2. Player->betRequest() /home/devill/git/poker-player-noco/player_service.php:10
[Sat Apr  5 11:31:00 2014] PHP Warning:  fclose() expects parameter 1 to be resource, null given in /home/devill/git/poker-player-noco/player.php on line 28
[Sat Apr  5 11:31:00 2014] PHP Stack trace:
[Sat Apr  5 11:31:00 2014] PHP   1. {main}() /home/devill/git/poker-player-noco/player_service.php:0
[Sat Apr  5 11:31:00 2014] PHP   2. Player->betRequest() /home/devill/git/poker-player-noco/player_service.php:10
[Sat Apr  5 11:31:00 2014] PHP   3. fclose() /home/devill/git/poker-player-noco/player.php:28
[Sat Apr  5 11:31:00 2014] 127.0.0.1:43688 [200]: /player_service.php
couldn't connect to host - [Sat Apr  5 11:31:00 2014] PHP Notice:  Undefined variable: stderr in /home/devill/git/poker-player-noco/player.php on line 28
[Sat Apr  5 11:31:00 2014] PHP Stack trace:
[Sat Apr  5 11:31:00 2014] PHP   1. {main}() /home/devill/git/poker-player-noco/player_service.php:0
[Sat Apr  5 11:31:00 2014] PHP   2. Player->betRequest() /home/devill/git/poker-player-noco/player_service.php:10
[Sat Apr  5 11:31:00 2014] PHP Warning:  fclose() expects parameter 1 to be resource, null given in /home/devill/git/poker-player-noco/player.php on line 28
[Sat Apr  5 11:31:00 2014] PHP Stack trace:
[Sat Apr  5 11:31:00 2014] PHP   1. {main}() /home/devill/git/poker-player-noco/player_service.php:0
[Sat Apr  5 11:31:00 2014] PHP   2. Player->betRequest() /home/devill/git/poker-player-noco/player_service.php:10
[Sat Apr  5 11:31:00 2014] PHP   3. fclose() /home/devill/git/poker-player-noco/player.php:28
[Sat Apr  5 11:31:00 2014] 127.0.0.1:43690 [200]: /player_service.php
couldn't connect to host - [Sat Apr  5 11:31:00 2014] PHP Notice:  Undefined variable: stderr in /home/devill/git/poker-player-noco/player.php on line 28
[Sat Apr  5 11:31:00 2014] PHP Stack trace:
[Sat Apr  5 11:31:00 2014] PHP   1. {main}() /home/devill/git/poker-player-noco/player_service.php:0
[Sat Apr  5 11:31:00 2014] PHP   2. Player->betRequest() /home/devill/git/poker-player-noco/player_service.php:10
[Sat Apr  5 11:31:00 2014] PHP Warning:  fclose() expects parameter 1 to be resource, null given in /home/devill/git/poker-player-noco/player.php on line 28
[Sat Apr  5 11:31:00 2014] PHP Stack trace:
[Sat Apr  5 11:31:00 2014] PHP   1. {main}() /home/devill/git/poker-player-noco/player_service.php:0
[Sat Apr  5 11:31:00 2014] PHP   2. Player->betRequest() /home/devill/git/poker-player-noco/player_service.php:10
[Sat Apr  5 11:31:00 2014] PHP   3. fclose() /home/devill/git/poker-player-noco/player.php:28
[Sat Apr  5 11:31:00 2014] 127.0.0.1:43693 [200]: /player_service.php
couldn't connect to host - [Sat Apr  5 11:31:00 2014] PHP Notice:  Undefined variable: stderr in /home/devill/git/poker-player-noco/player.php on line 28
[Sat Apr  5 11:31:00 2014] PHP Stack trace:
[Sat Apr  5 11:31:00 2014] PHP   1. {main}() /home/devill/git/poker-player-noco/player_service.php:0
[Sat Apr  5 11:31:00 2014] PHP   2. Player->betRequest() /home/devill/git/poker-player-noco/player_service.php:10
[Sat Apr  5 11:31:00 2014] PHP Warning:  fclose() expects parameter 1 to be resource, null given in /home/devill/git/poker-player-noco/player.php on line 28
[Sat Apr  5 11:31:00 2014] PHP Stack trace:
[Sat Apr  5 11:31:00 2014] PHP   1. {main}() /home/devill/git/poker-player-noco/player_service.php:0
[Sat Apr  5 11:31:00 2014] PHP   2. Player->betRequest() /home/devill/git/poker-player-noco/player_service.php:10
[Sat Apr  5 11:31:00 2014] PHP   3. fclose() /home/devill/git/poker-player-noco/player.php:28
[Sat Apr  5 11:31:00 2014] 127.0.0.1:43696 [200]: /player_service.php
[Sat Apr  5 11:31:00 2014] 127.0.0.1:43701 [200]: /player_service.php
[Sat Apr  5 11:31:00 2014] 127.0.0.1:43705 [200]: /player_service.php
[Sat Apr  5 11:31:00 2014] PHP Notice:  Undefined variable: stderr in /home/devill/git/poker-player-noco/player.php on line 28
[Sat Apr  5 11:31:00 2014] PHP Stack trace:
[Sat Apr  5 11:31:00 2014] PHP   1. {main}() /home/devill/git/poker-player-noco/player_service.php:0
[Sat Apr  5 11:31:00 2014] PHP   2. Player->betRequest() /home/devill/git/poker-player-noco/player_service.php:10
[Sat Apr  5 11:31:00 2014] PHP Warning:  fclose() expects parameter 1 to be resource, null given in /home/devill/git/poker-player-noco/player.php on line 28
[Sat Apr  5 11:31:00 2014] PHP Stack trace:
[Sat Apr  5 11:31:00 2014] PHP   1. {main}() /home/devill/git/poker-player-noco/player_service.php:0
[Sat Apr  5 11:31:00 2014] PHP   2. Player->betRequest() /home/devill/git/poker-player-noco/player_service.php:10
[Sat Apr  5 11:31:00 2014] PHP   3. fclose() /home/devill/git/poker-player-noco/player.php:28
[Sat Apr  5 11:31:00 2014] 127.0.0.1:43706 [200]: /player_service.php
couldn't connect to host - [Sat Apr  5 11:31:00 2014] PHP Notice:  Undefined variable: stderr in /home/devill/git/poker-player-noco/player.php on line 28
[Sat Apr  5 11:31:00 2014] PHP Stack trace:
[Sat Apr  5 11:31:00 2014] PHP   1. {main}() /home/devill/git/poker-player-noco/player_service.php:0
[Sat Apr  5 11:31:00 2014] PHP   2. Player->betRequest() /home/devill/git/poker-player-noco/player_service.php:10
[Sat Apr  5 11:31:00 2014] PHP Warning:  fclose() expects parameter 1 to be resource, null given in /home/devill/git/poker-player-noco/player.php on line 28
[Sat Apr  5 11:31:00 2014] PHP Stack trace:
[Sat Apr  5 11:31:00 2014] PHP   1. {main}() /home/devill/git/poker-player-noco/player_service.php:0
[Sat Apr  5 11:31:00 2014] PHP   2. Player->betRequest() /home/devill/git/poker-player-noco/player_service.php:10
[Sat Apr  5 11:31:00 2014] PHP   3. fclose() /home/devill/git/poker-player-noco/player.php:28
[Sat Apr  5 11:31:00 2014] 127.0.0.1:43708 [200]: /player_service.php
couldn't connect to host - [Sat Apr  5 11:31:00 2014] PHP Notice:  Undefined variable: stderr in /home/devill/git/poker-player-noco/player.php on line 28
[Sat Apr  5 11:31:00 2014] PHP Stack trace:
[Sat Apr  5 11:31:00 2014] PHP   1. {main}() /home/devill/git/poker-player-noco/player_service.php:0
[Sat Apr  5 11:31:00 2014] PHP   2. Player->betRequest() /home/devill/git/poker-player-noco/player_service.php:10
[Sat Apr  5 11:31:00 2014] PHP Warning:  fclose() expects parameter 1 to be resource, null given in /home/devill/git/poker-player-noco/player.php on line 28
[Sat Apr  5 11:31:00 2014] PHP Stack trace:
[Sat Apr  5 11:31:00 2014] PHP   1. {main}() /home/devill/git/poker-player-noco/player_service.php:0
[Sat Apr  5 11:31:00 2014] PHP   2. Player->betRequest() /home/devill/git/poker-player-noco/player_service.php:10
[Sat Apr  5 11:31:00 2014] PHP   3. fclose() /home/devill/git/poker-player-noco/player.php:28
[Sat Apr  5 11:31:00 2014] 127.0.0.1:43711 [200]: /player_service.php
couldn't connect to host - [Sat Apr  5 11:31:00 2014] PHP Notice:  Undefined variable: stderr in /home/devill/git/poker-player-noco/player.php on line 28
[Sat Apr  5 11:31:00 2014] PHP Stack trace:
[Sat Apr  5 11:31:00 2014] PHP   1. {main}() /home/devill/git/poker-player-noco/player_service.php:0
[Sat Apr  5 11:31:00 2014] PHP   2. Player->betRequest() /home/devill/git/poker-player-noco/player_service.php:10
[Sat Apr  5 11:31:00 2014] PHP Warning:  fclose() expects parameter 1 to be resource, null given in /home/devill/git/poker-player-noco/player.php on line 28
[Sat Apr  5 11:31:00 2014] PHP Stack trace:
[Sat Apr  5 11:31:00 2014] PHP   1. {main}() /home/devill/git/poker-player-noco/player_service.php:0
[Sat Apr  5 11:31:00 2014] PHP   2. Player->betRequest() /home/devill/git/poker-player-noco/player_service.php:10
[Sat Apr  5 11:31:00 2014] PHP   3. fclose() /home/devill/git/poker-player-noco/player.php:28
[Sat Apr  5 11:31:00 2014] 127.0.0.1:43714 [200]: /player_service.php
[Sat Apr  5 11:31:00 2014] 127.0.0.1:43719 [200]: /player_service.php
[Sat Apr  5 11:31:00 2014] 127.0.0.1:43723 [200]: /player_service.php
[Sat Apr  5 11:31:00 2014] PHP Notice:  Undefined variable: stderr in /home/devill/git/poker-player-noco/player.php on line 28
[Sat Apr  5 11:31:00 2014] PHP Stack trace:
[Sat Apr  5 11:31:00 2014] PHP   1. {main}() /home/devill/git/poker-player-noco/player_service.php:0
[Sat Apr  5 11:31:00 2014] PHP   2. Player->betRequest() /home/devill/git/poker-player-noco/player_service.php:10
[Sat Apr  5 11:31:00 2014] PHP Warning:  fclose() expects parameter 1 to be resource, null given in /home/devill/git/poker-player-noco/player.php on line 28
[Sat Apr  5 11:31:00 2014] PHP Stack trace:
[Sat Apr  5 11:31:00 2014] PHP   1. {main}() /home/devill/git/poker-player-noco/player_service.php:0
[Sat Apr  5 11:31:00 2014] PHP   2. Player->betRequest() /home/devill/git/poker-player-noco/player_service.php:10
[Sat Apr  5 11:31:00 2014] PHP   3. fclose() /home/devill/git/poker-player-noco/player.php:28
[Sat Apr  5 11:31:00 2014] 127.0.0.1:43724 [200]: /player_service.php
couldn't connect to host - [Sat Apr  5 11:31:00 2014] PHP Notice:  Undefined variable: stderr in /home/devill/git/poker-player-noco/player.php on line 28
[Sat Apr  5 11:31:00 2014] PHP Stack trace:
[Sat Apr  5 11:31:00 2014] PHP   1. {main}() /home/devill/git/poker-player-noco/player_service.php:0
[Sat Apr  5 11:31:00 2014] PHP   2. Player->betRequest() /home/devill/git/poker-player-noco/player_service.php:10
[Sat Apr  5 11:31:00 2014] PHP Warning:  fclose() expects parameter 1 to be resource, null given in /home/devill/git/poker-player-noco/player.php on line 28
[Sat Apr  5 11:31:00 2014] PHP Stack trace:
[Sat Apr  5 11:31:00 2014] PHP   1. {main}() /home/devill/git/poker-player-noco/player_service.php:0
[Sat Apr  5 11:31:00 2014] PHP   2. Player->betRequest() /home/devill/git/poker-player-noco/player_service.php:10
[Sat Apr  5 11:31:00 2014] PHP   3. fclose() /home/devill/git/poker-player-noco/player.php:28
[Sat Apr  5 11:31:00 2014] 127.0.0.1:43726 [200]: /player_service.php
couldn't connect to host - [Sat Apr  5 11:31:00 2014] PHP Notice:  Undefined variable: stderr in /home/devill/git/poker-player-noco/player.php on line 28
[Sat Apr  5 11:31:00 2014] PHP Stack trace:
[Sat Apr  5 11:31:00 2014] PHP   1. {main}() /home/devill/git/poker-player-noco/player_service.php:0
[Sat Apr  5 11:31:00 2014] PHP   2. Player->betRequest() /home/devill/git/poker-player-noco/player_service.php:10
[Sat Apr  5 11:31:00 2014] PHP Warning:  fclose() expects parameter 1 to be resource, null given in /home/devill/git/poker-player-noco/player.php on line 28
[Sat Apr  5 11:31:00 2014] PHP Stack trace:
[Sat Apr  5 11:31:00 2014] PHP   1. {main}() /home/devill/git/poker-player-noco/player_service.php:0
[Sat Apr  5 11:31:00 2014] PHP   2. Player->betRequest() /home/devill/git/poker-player-noco/player_service.php:10
[Sat Apr  5 11:31:00 2014] PHP   3. fclose() /home/devill/git/poker-player-noco/player.php:28
[Sat Apr  5 11:31:00 2014] 127.0.0.1:43729 [200]: /player_service.php
couldn't connect to host - [Sat Apr  5 11:31:00 2014] PHP Notice:  Undefined variable: stderr in /home/devill/git/poker-player-noco/player.php on line 28
[Sat Apr  5 11:31:00 2014] PHP Stack trace:
[Sat Apr  5 11:31:00 2014] PHP   1. {main}() /home/devill/git/poker-player-noco/player_service.php:0
[Sat Apr  5 11:31:00 2014] PHP   2. Player->betRequest() /home/devill/git/poker-player-noco/player_service.php:10
[Sat Apr  5 11:31:00 2014] PHP Warning:  fclose() expects parameter 1 to be resource, null given in /home/devill/git/poker-player-noco/player.php on line 28
[Sat Apr  5 11:31:00 2014] PHP Stack trace:
[Sat Apr  5 11:31:00 2014] PHP   1. {main}() /home/devill/git/poker-player-noco/player_service.php:0
[Sat Apr  5 11:31:00 2014] PHP   2. Player->betRequest() /home/devill/git/poker-player-noco/player_service.php:10
[Sat Apr  5 11:31:00 2014] PHP   3. fclose() /home/devill/git/poker-player-noco/player.php:28
[Sat Apr  5 11:31:00 2014] 127.0.0.1:43732 [200]: /player_service.php
[Sat Apr  5 11:31:00 2014] 127.0.0.1:43737 [200]: /player_service.php
[Sat Apr  5 11:31:00 2014] 127.0.0.1:43740 [200]: /player_service.php
