# Logfile created on 2014-04-05 16:03:20 +0200 by logger.rb/44203
I, [2014-04-05T16:03:20.441674 #17242]  INFO -- : Reseting R3T to origin/master
I, [2014-04-05T16:03:21.351058 #17242]  INFO -- : Reseting Mr Bazinga to origin/master
I, [2014-04-05T16:03:22.221335 #17242]  INFO -- : Reseting NoCo to origin/master
I, [2014-04-05T16:03:24.027102 #17242]  INFO -- : Connected R3T at http://localhost:8080/
I, [2014-04-05T16:03:24.029937 #17242]  INFO -- : Connected Mr Bazinga at http://localhost:1337/
I, [2014-04-05T16:03:24.031635 #17242]  INFO -- : Connected NoCo at http://localhost:8000/player_service.php
E, [2014-04-05T16:03:24.032785 #17242] ERROR -- : Connection refused - connect(2) for "localhost" port 8080
E, [2014-04-05T16:03:24.032913 #17242] ERROR -- : Player R3T is unreachable
I, [2014-04-05T16:03:24.032977 #17242]  INFO -- : Waiting for players to start
E, [2014-04-05T16:03:25.033605 #17242] ERROR -- : Connection refused - connect(2) for "localhost" port 8080
E, [2014-04-05T16:03:25.033763 #17242] ERROR -- : Player R3T is unreachable
I, [2014-04-05T16:03:25.033875 #17242]  INFO -- : Waiting for players to start
E, [2014-04-05T16:03:26.034458 #17242] ERROR -- : Connection refused - connect(2) for "localhost" port 8080
E, [2014-04-05T16:03:26.034591 #17242] ERROR -- : Player R3T is unreachable
I, [2014-04-05T16:03:26.034685 #17242]  INFO -- : Waiting for players to start
E, [2014-04-05T16:03:27.035437 #17242] ERROR -- : Connection refused - connect(2) for "localhost" port 8080
E, [2014-04-05T16:03:27.035587 #17242] ERROR -- : Player R3T is unreachable
I, [2014-04-05T16:03:27.035672 #17242]  INFO -- : Waiting for players to start
E, [2014-04-05T16:03:28.044129 #17242] ERROR -- : Connection refused - connect(2) for "localhost" port 8080
E, [2014-04-05T16:03:28.044308 #17242] ERROR -- : Player R3T is unreachable
I, [2014-04-05T16:03:28.044412 #17242]  INFO -- : Waiting for players to start
E, [2014-04-05T16:03:29.045092 #17242] ERROR -- : Connection refused - connect(2) for "localhost" port 8080
E, [2014-04-05T16:03:29.045239 #17242] ERROR -- : Player R3T is unreachable
I, [2014-04-05T16:03:29.045329 #17242]  INFO -- : Waiting for players to start
E, [2014-04-05T16:03:30.054151 #17242] ERROR -- : Connection refused - connect(2) for "localhost" port 8080
E, [2014-04-05T16:03:30.054334 #17242] ERROR -- : Player R3T is unreachable
I, [2014-04-05T16:03:30.054432 #17242]  INFO -- : Waiting for players to start
E, [2014-04-05T16:03:31.055213 #17242] ERROR -- : Connection refused - connect(2) for "localhost" port 8080
E, [2014-04-05T16:03:31.055368 #17242] ERROR -- : Player R3T is unreachable
I, [2014-04-05T16:03:31.055463 #17242]  INFO -- : Waiting for players to start
E, [2014-04-05T16:03:32.056037 #17242] ERROR -- : Connection refused - connect(2) for "localhost" port 8080
E, [2014-04-05T16:03:32.056196 #17242] ERROR -- : Player R3T is unreachable
I, [2014-04-05T16:03:32.056289 #17242]  INFO -- : Waiting for players to start
E, [2014-04-05T16:03:33.067861 #17242] ERROR -- : Connection refused - connect(2) for "localhost" port 8080
E, [2014-04-05T16:03:33.068100 #17242] ERROR -- : Player R3T is unreachable
I, [2014-04-05T16:03:33.068196 #17242]  INFO -- : Waiting for players to start
E, [2014-04-05T16:03:34.068751 #17242] ERROR -- : Connection refused - connect(2) for "localhost" port 8080
E, [2014-04-05T16:03:34.068899 #17242] ERROR -- : Player R3T is unreachable
I, [2014-04-05T16:03:34.069035 #17242]  INFO -- : Waiting for players to start
E, [2014-04-05T16:03:35.081506 #17242] ERROR -- : Connection refused - connect(2) for "localhost" port 8080
E, [2014-04-05T16:03:35.081680 #17242] ERROR -- : Player R3T is unreachable
I, [2014-04-05T16:03:35.081782 #17242]  INFO -- : Waiting for players to start
E, [2014-04-05T16:03:36.082446 #17242] ERROR -- : Connection refused - connect(2) for "localhost" port 8080
E, [2014-04-05T16:03:36.082602 #17242] ERROR -- : Player R3T is unreachable
I, [2014-04-05T16:03:36.082702 #17242]  INFO -- : Waiting for players to start
E, [2014-04-05T16:03:37.083326 #17242] ERROR -- : Connection refused - connect(2) for "localhost" port 8080
E, [2014-04-05T16:03:37.083485 #17242] ERROR -- : Player R3T is unreachable
I, [2014-04-05T16:03:37.083573 #17242]  INFO -- : Waiting for players to start
E, [2014-04-05T16:03:38.084148 #17242] ERROR -- : Connection refused - connect(2) for "localhost" port 8080
E, [2014-04-05T16:03:38.084353 #17242] ERROR -- : Player R3T is unreachable
I, [2014-04-05T16:03:38.084432 #17242]  INFO -- : Waiting for players to start
E, [2014-04-05T16:03:39.587540 #17242] ERROR -- : Net::ReadTimeout
E, [2014-04-05T16:03:39.587721 #17242] ERROR -- : Player R3T is unreachable
I, [2014-04-05T16:03:39.587822 #17242]  INFO -- : Waiting for players to start
I, [2014-04-05T16:03:40.590223 #17242]  INFO -- : Player R3T responded with  (200)
I, [2014-04-05T16:03:40.602397 #17242]  INFO -- : Player Mr Bazinga responded with OK (200)
I, [2014-04-05T16:03:40.604228 #17242]  INFO -- : Player NoCo responded with  (200)
I, [2014-04-05T16:03:40.604333 #17242]  INFO -- : Players are running
I, [2014-04-05T16:03:40.618590 #17242]  INFO -- : Player R3T responded with v0.4 megasuper ai (200)
I, [2014-04-05T16:03:40.621312 #17242]  INFO -- : Player Mr Bazinga responded with Super AI 1.0 (200)
I, [2014-04-05T16:03:40.622939 #17242]  INFO -- : Player NoCo responded with NoCo1541 (200)
I, [2014-04-05T16:03:40.623260 #17242]  INFO -- : R3T received hole_card 4 of Diamonds
I, [2014-04-05T16:03:40.623437 #17242]  INFO -- : Mr Bazinga received hole_card 2 of Spades
I, [2014-04-05T16:03:40.623580 #17242]  INFO -- : NoCo received hole_card 9 of Clubs
I, [2014-04-05T16:03:40.623759 #17242]  INFO -- : R3T received hole_card 4 of Hearts
I, [2014-04-05T16:03:40.623928 #17242]  INFO -- : Mr Bazinga received hole_card King of Clubs
I, [2014-04-05T16:03:40.624102 #17242]  INFO -- : NoCo received hole_card 8 of Clubs
I, [2014-04-05T16:03:40.626639 #17242]  INFO -- : R3T made a bet of 10 (raise) and is left with 990 chips. The pot now contains 10 chips.
I, [2014-04-05T16:03:40.627083 #17242]  INFO -- : Mr Bazinga made a bet of 20 (raise) and is left with 980 chips. The pot now contains 30 chips.
I, [2014-04-05T16:03:40.630852 #17242]  INFO -- : Player NoCo responded with 60 (200)
I, [2014-04-05T16:03:40.631102 #17242]  INFO -- : NoCo made a bet of 60 (raise) and is left with 940 chips. The pot now contains 90 chips.
I, [2014-04-05T16:03:40.676316 #17242]  INFO -- : Player R3T responded with 100 (200)
I, [2014-04-05T16:03:40.676722 #17242]  INFO -- : R3T made a bet of 100 (raise) and is left with 890 chips. The pot now contains 190 chips.
I, [2014-04-05T16:03:40.679701 #17242]  INFO -- : Player Mr Bazinga responded with 0 (200)
I, [2014-04-05T16:03:40.679968 #17242]  INFO -- : Mr Bazinga made a bet of 0 (fold) and is left with 980 chips. The pot now contains 190 chips.
I, [2014-04-05T16:03:40.681802 #17242]  INFO -- : Player NoCo responded with 110 (200)
I, [2014-04-05T16:03:40.681988 #17242]  INFO -- : NoCo made a bet of 110 (raise) and is left with 830 chips. The pot now contains 300 chips.
I, [2014-04-05T16:03:40.684774 #17242]  INFO -- : Player R3T responded with 230 (200)
I, [2014-04-05T16:03:40.685056 #17242]  INFO -- : R3T made a bet of 230 (raise) and is left with 660 chips. The pot now contains 530 chips.
I, [2014-04-05T16:03:40.687700 #17242]  INFO -- : Player NoCo responded with 60 (200)
I, [2014-04-05T16:03:40.688002 #17242]  INFO -- : NoCo made a bet of 0 (fold) and is left with 830 chips. The pot now contains 530 chips.
I, [2014-04-05T16:03:40.688551 #17242]  INFO -- : R3T won 530
I, [2014-04-05T16:03:40.692486 #17242]  INFO -- : Player R3T responded with  (200)
I, [2014-04-05T16:03:40.694621 #17242]  INFO -- : Player Mr Bazinga responded with OK (200)
I, [2014-04-05T16:03:40.696370 #17242]  INFO -- : Player NoCo responded with  (200)
I, [2014-04-05T16:03:40.696730 #17242]  INFO -- : Mr Bazinga received hole_card 5 of Diamonds
I, [2014-04-05T16:03:40.696965 #17242]  INFO -- : NoCo received hole_card 2 of Hearts
I, [2014-04-05T16:03:40.697192 #17242]  INFO -- : R3T received hole_card Jack of Spades
I, [2014-04-05T16:03:40.697419 #17242]  INFO -- : Mr Bazinga received hole_card 6 of Spades
I, [2014-04-05T16:03:40.697668 #17242]  INFO -- : NoCo received hole_card 8 of Spades
I, [2014-04-05T16:03:40.697901 #17242]  INFO -- : R3T received hole_card Ace of Clubs
I, [2014-04-05T16:03:40.698270 #17242]  INFO -- : Mr Bazinga made a bet of 10 (raise) and is left with 970 chips. The pot now contains 10 chips.
I, [2014-04-05T16:03:40.698564 #17242]  INFO -- : NoCo made a bet of 20 (raise) and is left with 810 chips. The pot now contains 30 chips.
I, [2014-04-05T16:03:40.701330 #17242]  INFO -- : Player R3T responded with 30 (200)
I, [2014-04-05T16:03:40.701586 #17242]  INFO -- : R3T made a bet of 30 (raise) and is left with 1160 chips. The pot now contains 60 chips.
I, [2014-04-05T16:03:40.703639 #17242]  INFO -- : Player Mr Bazinga responded with 0 (200)
I, [2014-04-05T16:03:40.703865 #17242]  INFO -- : Mr Bazinga made a bet of 0 (fold) and is left with 970 chips. The pot now contains 60 chips.
I, [2014-04-05T16:03:40.705611 #17242]  INFO -- : Player NoCo responded with 30 (200)
I, [2014-04-05T16:03:40.705799 #17242]  INFO -- : NoCo made a bet of 30 (raise) and is left with 780 chips. The pot now contains 90 chips.
I, [2014-04-05T16:03:40.708495 #17242]  INFO -- : Player R3T responded with 70 (200)
I, [2014-04-05T16:03:40.708749 #17242]  INFO -- : R3T made a bet of 70 (raise) and is left with 1090 chips. The pot now contains 160 chips.
I, [2014-04-05T16:03:40.710870 #17242]  INFO -- : Player NoCo responded with 0 (200)
I, [2014-04-05T16:03:40.711064 #17242]  INFO -- : NoCo made a bet of 0 (fold) and is left with 780 chips. The pot now contains 160 chips.
I, [2014-04-05T16:03:40.711615 #17242]  INFO -- : R3T won 160
I, [2014-04-05T16:03:40.714119 #17242]  INFO -- : Player R3T responded with  (200)
I, [2014-04-05T16:03:40.717943 #17242]  INFO -- : Player Mr Bazinga responded with OK (200)
I, [2014-04-05T16:03:40.720405 #17242]  INFO -- : Player NoCo responded with  (200)
I, [2014-04-05T16:03:40.721447 #17242]  INFO -- : NoCo received hole_card 10 of Spades
I, [2014-04-05T16:03:40.722106 #17242]  INFO -- : R3T received hole_card 3 of Diamonds
I, [2014-04-05T16:03:40.722284 #17242]  INFO -- : Mr Bazinga received hole_card 8 of Clubs
I, [2014-04-05T16:03:40.722474 #17242]  INFO -- : NoCo received hole_card 2 of Clubs
I, [2014-04-05T16:03:40.722685 #17242]  INFO -- : R3T received hole_card 7 of Clubs
I, [2014-04-05T16:03:40.722860 #17242]  INFO -- : Mr Bazinga received hole_card 6 of Spades
I, [2014-04-05T16:03:40.723145 #17242]  INFO -- : NoCo made a bet of 10 (raise) and is left with 770 chips. The pot now contains 10 chips.
I, [2014-04-05T16:03:40.723399 #17242]  INFO -- : R3T made a bet of 20 (raise) and is left with 1230 chips. The pot now contains 30 chips.
I, [2014-04-05T16:03:40.725009 #17242]  INFO -- : Player Mr Bazinga responded with 0 (200)
I, [2014-04-05T16:03:40.725310 #17242]  INFO -- : Mr Bazinga made a bet of 0 (fold) and is left with 970 chips. The pot now contains 30 chips.
I, [2014-04-05T16:03:40.727127 #17242]  INFO -- : Player NoCo responded with 0 (200)
I, [2014-04-05T16:03:40.727326 #17242]  INFO -- : NoCo made a bet of 0 (fold) and is left with 770 chips. The pot now contains 30 chips.
I, [2014-04-05T16:03:40.729873 #17242]  INFO -- : Player R3T responded with 0 (200)
I, [2014-04-05T16:03:40.730095 #17242]  INFO -- : R3T made a bet of 0 (check) and is left with 1230 chips. The pot now contains 30 chips.
I, [2014-04-05T16:03:40.730448 #17242]  INFO -- : R3T won 30
I, [2014-04-05T16:03:40.732977 #17242]  INFO -- : Player R3T responded with  (200)
I, [2014-04-05T16:03:40.734736 #17242]  INFO -- : Player Mr Bazinga responded with OK (200)
I, [2014-04-05T16:03:40.737903 #17242]  INFO -- : Player NoCo responded with  (200)
I, [2014-04-05T16:03:40.738216 #17242]  INFO -- : R3T received hole_card Queen of Clubs
I, [2014-04-05T16:03:40.738441 #17242]  INFO -- : Mr Bazinga received hole_card 6 of Hearts
I, [2014-04-05T16:03:40.738649 #17242]  INFO -- : NoCo received hole_card 6 of Spades
I, [2014-04-05T16:03:40.738808 #17242]  INFO -- : R3T received hole_card 10 of Hearts
I, [2014-04-05T16:03:40.738982 #17242]  INFO -- : Mr Bazinga received hole_card 6 of Clubs
I, [2014-04-05T16:03:40.739147 #17242]  INFO -- : NoCo received hole_card 2 of Hearts
I, [2014-04-05T16:03:40.739517 #17242]  INFO -- : R3T made a bet of 10 (raise) and is left with 1250 chips. The pot now contains 10 chips.
I, [2014-04-05T16:03:40.739757 #17242]  INFO -- : Mr Bazinga made a bet of 20 (raise) and is left with 950 chips. The pot now contains 30 chips.
I, [2014-04-05T16:03:40.742764 #17242]  INFO -- : Player NoCo responded with 0 (200)
I, [2014-04-05T16:03:40.743019 #17242]  INFO -- : NoCo made a bet of 0 (fold) and is left with 770 chips. The pot now contains 30 chips.
I, [2014-04-05T16:03:40.745438 #17242]  INFO -- : Player R3T responded with 0 (200)
I, [2014-04-05T16:03:40.745709 #17242]  INFO -- : R3T made a bet of 0 (fold) and is left with 1250 chips. The pot now contains 30 chips.
I, [2014-04-05T16:03:40.747903 #17242]  INFO -- : Player Mr Bazinga responded with 210 (200)
I, [2014-04-05T16:03:40.748392 #17242]  INFO -- : Mr Bazinga made a bet of 210 (raise) and is left with 740 chips. The pot now contains 240 chips.
I, [2014-04-05T16:03:40.748912 #17242]  INFO -- : Mr Bazinga won 240
I, [2014-04-05T16:03:40.752743 #17242]  INFO -- : Player R3T responded with  (200)
I, [2014-04-05T16:03:40.754325 #17242]  INFO -- : Player Mr Bazinga responded with OK (200)
I, [2014-04-05T16:03:40.755870 #17242]  INFO -- : Player NoCo responded with  (200)
I, [2014-04-05T16:03:40.756272 #17242]  INFO -- : Mr Bazinga received hole_card 2 of Diamonds
I, [2014-04-05T16:03:40.756555 #17242]  INFO -- : NoCo received hole_card Jack of Spades
I, [2014-04-05T16:03:40.756790 #17242]  INFO -- : R3T received hole_card 6 of Clubs
I, [2014-04-05T16:03:40.757031 #17242]  INFO -- : Mr Bazinga received hole_card Queen of Clubs
I, [2014-04-05T16:03:40.757257 #17242]  INFO -- : NoCo received hole_card 6 of Spades
I, [2014-04-05T16:03:40.757499 #17242]  INFO -- : R3T received hole_card 7 of Hearts
I, [2014-04-05T16:03:40.757978 #17242]  INFO -- : Mr Bazinga made a bet of 10 (raise) and is left with 970 chips. The pot now contains 10 chips.
I, [2014-04-05T16:03:40.758311 #17242]  INFO -- : NoCo made a bet of 20 (raise) and is left with 750 chips. The pot now contains 30 chips.
I, [2014-04-05T16:03:40.761174 #17242]  INFO -- : Player R3T responded with 0 (200)
I, [2014-04-05T16:03:40.761473 #17242]  INFO -- : R3T made a bet of 0 (fold) and is left with 1250 chips. The pot now contains 30 chips.
I, [2014-04-05T16:03:40.763511 #17242]  INFO -- : Player Mr Bazinga responded with 0 (200)
I, [2014-04-05T16:03:40.763781 #17242]  INFO -- : Mr Bazinga made a bet of 0 (fold) and is left with 970 chips. The pot now contains 30 chips.
I, [2014-04-05T16:03:40.766227 #17242]  INFO -- : Player NoCo responded with 60 (200)
I, [2014-04-05T16:03:40.766608 #17242]  INFO -- : NoCo made a bet of 60 (raise) and is left with 690 chips. The pot now contains 90 chips.
I, [2014-04-05T16:03:40.767267 #17242]  INFO -- : NoCo won 90
I, [2014-04-05T16:03:40.770609 #17242]  INFO -- : Player R3T responded with  (200)
I, [2014-04-05T16:03:40.775301 #17242]  INFO -- : Player Mr Bazinga responded with OK (200)
I, [2014-04-05T16:03:40.778107 #17242]  INFO -- : Player NoCo responded with  (200)
I, [2014-04-05T16:03:40.778647 #17242]  INFO -- : NoCo received hole_card 9 of Spades
I, [2014-04-05T16:03:40.778926 #17242]  INFO -- : R3T received hole_card 6 of Diamonds
I, [2014-04-05T16:03:40.779129 #17242]  INFO -- : Mr Bazinga received hole_card 5 of Hearts
I, [2014-04-05T16:03:40.779366 #17242]  INFO -- : NoCo received hole_card 4 of Hearts
I, [2014-04-05T16:03:40.779585 #17242]  INFO -- : R3T received hole_card 7 of Clubs
I, [2014-04-05T16:03:40.779766 #17242]  INFO -- : Mr Bazinga received hole_card Jack of Clubs
I, [2014-04-05T16:03:40.780287 #17242]  INFO -- : NoCo made a bet of 10 (raise) and is left with 770 chips. The pot now contains 10 chips.
I, [2014-04-05T16:03:40.780865 #17242]  INFO -- : R3T made a bet of 20 (raise) and is left with 1230 chips. The pot now contains 30 chips.
I, [2014-04-05T16:03:40.785358 #17242]  INFO -- : Player Mr Bazinga responded with 0 (200)
I, [2014-04-05T16:03:40.785630 #17242]  INFO -- : Mr Bazinga made a bet of 0 (fold) and is left with 970 chips. The pot now contains 30 chips.
I, [2014-04-05T16:03:40.788387 #17242]  INFO -- : Player NoCo responded with 0 (200)
I, [2014-04-05T16:03:40.788655 #17242]  INFO -- : NoCo made a bet of 0 (fold) and is left with 770 chips. The pot now contains 30 chips.
I, [2014-04-05T16:03:40.791604 #17242]  INFO -- : Player R3T responded with 0 (200)
I, [2014-04-05T16:03:40.791894 #17242]  INFO -- : R3T made a bet of 0 (check) and is left with 1230 chips. The pot now contains 30 chips.
I, [2014-04-05T16:03:40.792424 #17242]  INFO -- : R3T won 30
I, [2014-04-05T16:03:40.796796 #17242]  INFO -- : Player R3T responded with  (200)
I, [2014-04-05T16:03:40.799883 #17242]  INFO -- : Player Mr Bazinga responded with OK (200)
I, [2014-04-05T16:03:40.803173 #17242]  INFO -- : Player NoCo responded with  (200)
I, [2014-04-05T16:03:40.804086 #17242]  INFO -- : R3T received hole_card 2 of Clubs
I, [2014-04-05T16:03:40.804570 #17242]  INFO -- : Mr Bazinga received hole_card 3 of Spades
I, [2014-04-05T16:03:40.805025 #17242]  INFO -- : NoCo received hole_card Jack of Spades
I, [2014-04-05T16:03:40.805463 #17242]  INFO -- : R3T received hole_card 10 of Diamonds
I, [2014-04-05T16:03:40.805887 #17242]  INFO -- : Mr Bazinga received hole_card Ace of Clubs
I, [2014-04-05T16:03:40.806405 #17242]  INFO -- : NoCo received hole_card Jack of Clubs
I, [2014-04-05T16:03:40.807088 #17242]  INFO -- : R3T made a bet of 10 (raise) and is left with 1250 chips. The pot now contains 10 chips.
I, [2014-04-05T16:03:40.807937 #17242]  INFO -- : Mr Bazinga made a bet of 20 (raise) and is left with 950 chips. The pot now contains 30 chips.
I, [2014-04-05T16:03:40.811226 #17242]  INFO -- : Player NoCo responded with 60 (200)
I, [2014-04-05T16:03:40.812216 #17242]  INFO -- : NoCo made a bet of 60 (raise) and is left with 710 chips. The pot now contains 90 chips.
I, [2014-04-05T16:03:40.818169 #17242]  INFO -- : Player R3T responded with 0 (200)
I, [2014-04-05T16:03:40.818808 #17242]  INFO -- : R3T made a bet of 0 (fold) and is left with 1250 chips. The pot now contains 90 chips.
I, [2014-04-05T16:03:40.823862 #17242]  INFO -- : Player Mr Bazinga responded with 0 (200)
I, [2014-04-05T16:03:40.824481 #17242]  INFO -- : Mr Bazinga made a bet of 0 (fold) and is left with 950 chips. The pot now contains 90 chips.
I, [2014-04-05T16:03:40.825706 #17242]  INFO -- : NoCo won 90
I, [2014-04-05T16:03:40.833189 #17242]  INFO -- : Player R3T responded with  (200)
I, [2014-04-05T16:03:40.839275 #17242]  INFO -- : Player Mr Bazinga responded with OK (200)
I, [2014-04-05T16:03:40.843591 #17242]  INFO -- : Player NoCo responded with  (200)
I, [2014-04-05T16:03:40.844772 #17242]  INFO -- : Mr Bazinga received hole_card 7 of Diamonds
I, [2014-04-05T16:03:40.845721 #17242]  INFO -- : NoCo received hole_card 9 of Hearts
I, [2014-04-05T16:03:40.846668 #17242]  INFO -- : R3T received hole_card 3 of Clubs
I, [2014-04-05T16:03:40.847426 #17242]  INFO -- : Mr Bazinga received hole_card 8 of Spades
I, [2014-04-05T16:03:40.848245 #17242]  INFO -- : NoCo received hole_card 2 of Diamonds
I, [2014-04-05T16:03:40.848455 #17242]  INFO -- : R3T received hole_card 4 of Diamonds
I, [2014-04-05T16:03:40.848808 #17242]  INFO -- : Mr Bazinga made a bet of 10 (raise) and is left with 940 chips. The pot now contains 10 chips.
I, [2014-04-05T16:03:40.849087 #17242]  INFO -- : NoCo made a bet of 20 (raise) and is left with 780 chips. The pot now contains 30 chips.
I, [2014-04-05T16:03:40.852073 #17242]  INFO -- : Player R3T responded with 0 (200)
I, [2014-04-05T16:03:40.852368 #17242]  INFO -- : R3T made a bet of 0 (fold) and is left with 1250 chips. The pot now contains 30 chips.
I, [2014-04-05T16:03:40.855413 #17242]  INFO -- : Player Mr Bazinga responded with 0 (200)
I, [2014-04-05T16:03:40.855720 #17242]  INFO -- : Mr Bazinga made a bet of 0 (fold) and is left with 940 chips. The pot now contains 30 chips.
I, [2014-04-05T16:03:40.857566 #17242]  INFO -- : Player NoCo responded with 20 (200)
I, [2014-04-05T16:03:40.857796 #17242]  INFO -- : NoCo made a bet of 20 (raise) and is left with 760 chips. The pot now contains 50 chips.
I, [2014-04-05T16:03:40.858172 #17242]  INFO -- : NoCo won 50
I, [2014-04-05T16:03:40.860719 #17242]  INFO -- : Player R3T responded with  (200)
I, [2014-04-05T16:03:40.863689 #17242]  INFO -- : Player Mr Bazinga responded with OK (200)
I, [2014-04-05T16:03:40.865502 #17242]  INFO -- : Player NoCo responded with  (200)
I, [2014-04-05T16:03:40.865810 #17242]  INFO -- : NoCo received hole_card 8 of Hearts
I, [2014-04-05T16:03:40.866049 #17242]  INFO -- : R3T received hole_card 5 of Diamonds
I, [2014-04-05T16:03:40.866385 #17242]  INFO -- : Mr Bazinga received hole_card 2 of Hearts
I, [2014-04-05T16:03:40.866686 #17242]  INFO -- : NoCo received hole_card Queen of Spades
I, [2014-04-05T16:03:40.866968 #17242]  INFO -- : R3T received hole_card 8 of Clubs
I, [2014-04-05T16:03:40.868648 #17242]  INFO -- : Mr Bazinga received hole_card 10 of Diamonds
I, [2014-04-05T16:03:40.869052 #17242]  INFO -- : NoCo made a bet of 10 (raise) and is left with 800 chips. The pot now contains 10 chips.
I, [2014-04-05T16:03:40.869403 #17242]  INFO -- : R3T made a bet of 20 (raise) and is left with 1230 chips. The pot now contains 30 chips.
I, [2014-04-05T16:03:40.873037 #17242]  INFO -- : Player Mr Bazinga responded with 0 (200)
I, [2014-04-05T16:03:40.873318 #17242]  INFO -- : Mr Bazinga made a bet of 0 (fold) and is left with 940 chips. The pot now contains 30 chips.
I, [2014-04-05T16:03:40.875208 #17242]  INFO -- : Player NoCo responded with 60 (200)
I, [2014-04-05T16:03:40.875414 #17242]  INFO -- : NoCo made a bet of 60 (raise) and is left with 740 chips. The pot now contains 90 chips.
I, [2014-04-05T16:03:40.878253 #17242]  INFO -- : Player R3T responded with 0 (200)
I, [2014-04-05T16:03:40.878445 #17242]  INFO -- : R3T made a bet of 0 (fold) and is left with 1230 chips. The pot now contains 90 chips.
I, [2014-04-05T16:03:40.878799 #17242]  INFO -- : NoCo won 90
I, [2014-04-05T16:03:40.883565 #17242]  INFO -- : Player R3T responded with  (200)
I, [2014-04-05T16:03:40.886765 #17242]  INFO -- : Player Mr Bazinga responded with OK (200)
I, [2014-04-05T16:03:40.890687 #17242]  INFO -- : Player NoCo responded with  (200)
I, [2014-04-05T16:03:40.891588 #17242]  INFO -- : R3T received hole_card Ace of Spades
I, [2014-04-05T16:03:40.892337 #17242]  INFO -- : Mr Bazinga received hole_card King of Spades
I, [2014-04-05T16:03:40.892924 #17242]  INFO -- : NoCo received hole_card 4 of Hearts
I, [2014-04-05T16:03:40.893511 #17242]  INFO -- : R3T received hole_card 6 of Diamonds
I, [2014-04-05T16:03:40.894191 #17242]  INFO -- : Mr Bazinga received hole_card King of Clubs
I, [2014-04-05T16:03:40.894703 #17242]  INFO -- : NoCo received hole_card 10 of Spades
I, [2014-04-05T16:03:40.895871 #17242]  INFO -- : R3T made a bet of 20 (raise) and is left with 1210 chips. The pot now contains 20 chips.
I, [2014-04-05T16:03:40.896593 #17242]  INFO -- : Mr Bazinga made a bet of 40 (raise) and is left with 900 chips. The pot now contains 60 chips.
I, [2014-04-05T16:03:40.900515 #17242]  INFO -- : Player NoCo responded with 0 (200)
I, [2014-04-05T16:03:40.900816 #17242]  INFO -- : NoCo made a bet of 0 (fold) and is left with 830 chips. The pot now contains 60 chips.
I, [2014-04-05T16:03:40.904152 #17242]  INFO -- : Player R3T responded with 0 (200)
I, [2014-04-05T16:03:40.904485 #17242]  INFO -- : R3T made a bet of 0 (fold) and is left with 1210 chips. The pot now contains 60 chips.
I, [2014-04-05T16:03:40.908705 #17242]  INFO -- : Player Mr Bazinga responded with 220 (200)
I, [2014-04-05T16:03:40.908955 #17242]  INFO -- : Mr Bazinga made a bet of 220 (raise) and is left with 680 chips. The pot now contains 280 chips.
I, [2014-04-05T16:03:40.909328 #17242]  INFO -- : Mr Bazinga won 280
I, [2014-04-05T16:03:40.911734 #17242]  INFO -- : Player R3T responded with  (200)
I, [2014-04-05T16:03:40.914830 #17242]  INFO -- : Player Mr Bazinga responded with OK (200)
I, [2014-04-05T16:03:40.916743 #17242]  INFO -- : Player NoCo responded with  (200)
I, [2014-04-05T16:03:40.917078 #17242]  INFO -- : Mr Bazinga received hole_card Queen of Diamonds
I, [2014-04-05T16:03:40.917327 #17242]  INFO -- : NoCo received hole_card Ace of Hearts
I, [2014-04-05T16:03:40.917539 #17242]  INFO -- : R3T received hole_card 2 of Diamonds
I, [2014-04-05T16:03:40.917725 #17242]  INFO -- : Mr Bazinga received hole_card 2 of Spades
I, [2014-04-05T16:03:40.917924 #17242]  INFO -- : NoCo received hole_card 5 of Clubs
I, [2014-04-05T16:03:40.918165 #17242]  INFO -- : R3T received hole_card Ace of Spades
I, [2014-04-05T16:03:40.918475 #17242]  INFO -- : Mr Bazinga made a bet of 20 (raise) and is left with 940 chips. The pot now contains 20 chips.
I, [2014-04-05T16:03:40.918783 #17242]  INFO -- : NoCo made a bet of 40 (raise) and is left with 790 chips. The pot now contains 60 chips.
I, [2014-04-05T16:03:40.924364 #17242]  INFO -- : Player R3T responded with 0 (200)
I, [2014-04-05T16:03:40.924944 #17242]  INFO -- : R3T made a bet of 0 (fold) and is left with 1210 chips. The pot now contains 60 chips.
I, [2014-04-05T16:03:40.930185 #17242]  INFO -- : Player Mr Bazinga responded with 0 (200)
I, [2014-04-05T16:03:40.930668 #17242]  INFO -- : Mr Bazinga made a bet of 0 (fold) and is left with 940 chips. The pot now contains 60 chips.
I, [2014-04-05T16:03:40.932916 #17242]  INFO -- : Player NoCo responded with 60 (200)
I, [2014-04-05T16:03:40.933195 #17242]  INFO -- : NoCo made a bet of 60 (raise) and is left with 730 chips. The pot now contains 120 chips.
I, [2014-04-05T16:03:40.933746 #17242]  INFO -- : NoCo won 120
I, [2014-04-05T16:03:40.936686 #17242]  INFO -- : Player R3T responded with  (200)
I, [2014-04-05T16:03:40.940417 #17242]  INFO -- : Player Mr Bazinga responded with OK (200)
I, [2014-04-05T16:03:40.942059 #17242]  INFO -- : Player NoCo responded with  (200)
I, [2014-04-05T16:03:40.942370 #17242]  INFO -- : NoCo received hole_card King of Hearts
I, [2014-04-05T16:03:40.942548 #17242]  INFO -- : R3T received hole_card Ace of Spades
I, [2014-04-05T16:03:40.942717 #17242]  INFO -- : Mr Bazinga received hole_card 10 of Spades
I, [2014-04-05T16:03:40.942880 #17242]  INFO -- : NoCo received hole_card 4 of Spades
I, [2014-04-05T16:03:40.943045 #17242]  INFO -- : R3T received hole_card 9 of Hearts
I, [2014-04-05T16:03:40.943191 #17242]  INFO -- : Mr Bazinga received hole_card King of Clubs
I, [2014-04-05T16:03:40.943470 #17242]  INFO -- : NoCo made a bet of 20 (raise) and is left with 830 chips. The pot now contains 20 chips.
I, [2014-04-05T16:03:40.943698 #17242]  INFO -- : R3T made a bet of 40 (raise) and is left with 1170 chips. The pot now contains 60 chips.
I, [2014-04-05T16:03:40.945327 #17242]  INFO -- : Player Mr Bazinga responded with 0 (200)
I, [2014-04-05T16:03:40.945634 #17242]  INFO -- : Mr Bazinga made a bet of 0 (fold) and is left with 940 chips. The pot now contains 60 chips.
I, [2014-04-05T16:03:40.947486 #17242]  INFO -- : Player NoCo responded with 60 (200)
I, [2014-04-05T16:03:40.947664 #17242]  INFO -- : NoCo made a bet of 60 (raise) and is left with 770 chips. The pot now contains 120 chips.
I, [2014-04-05T16:03:40.950194 #17242]  INFO -- : Player R3T responded with 0 (200)
I, [2014-04-05T16:03:40.950489 #17242]  INFO -- : R3T made a bet of 0 (fold) and is left with 1170 chips. The pot now contains 120 chips.
I, [2014-04-05T16:03:40.951019 #17242]  INFO -- : NoCo won 120
I, [2014-04-05T16:03:40.953996 #17242]  INFO -- : Player R3T responded with  (200)
I, [2014-04-05T16:03:40.957431 #17242]  INFO -- : Player Mr Bazinga responded with OK (200)
I, [2014-04-05T16:03:40.961366 #17242]  INFO -- : Player NoCo responded with  (200)
I, [2014-04-05T16:03:40.962489 #17242]  INFO -- : R3T received hole_card Ace of Hearts
I, [2014-04-05T16:03:40.963208 #17242]  INFO -- : Mr Bazinga received hole_card Queen of Hearts
I, [2014-04-05T16:03:40.963571 #17242]  INFO -- : NoCo received hole_card 4 of Diamonds
I, [2014-04-05T16:03:40.963950 #17242]  INFO -- : R3T received hole_card 8 of Spades
I, [2014-04-05T16:03:40.965230 #17242]  INFO -- : Mr Bazinga received hole_card 3 of Clubs
I, [2014-04-05T16:03:40.966204 #17242]  INFO -- : NoCo received hole_card 3 of Hearts
I, [2014-04-05T16:03:40.966873 #17242]  INFO -- : R3T made a bet of 20 (raise) and is left with 1150 chips. The pot now contains 20 chips.
I, [2014-04-05T16:03:40.967374 #17242]  INFO -- : Mr Bazinga made a bet of 40 (raise) and is left with 900 chips. The pot now contains 60 chips.
I, [2014-04-05T16:03:40.970340 #17242]  INFO -- : Player NoCo responded with 0 (200)
I, [2014-04-05T16:03:40.970980 #17242]  INFO -- : NoCo made a bet of 0 (fold) and is left with 890 chips. The pot now contains 60 chips.
I, [2014-04-05T16:03:40.975015 #17242]  INFO -- : Player R3T responded with 0 (200)
I, [2014-04-05T16:03:40.975362 #17242]  INFO -- : R3T made a bet of 0 (fold) and is left with 1150 chips. The pot now contains 60 chips.
I, [2014-04-05T16:03:40.978054 #17242]  INFO -- : Player Mr Bazinga responded with 0 (200)
I, [2014-04-05T16:03:40.978406 #17242]  INFO -- : Mr Bazinga made a bet of 0 (check) and is left with 900 chips. The pot now contains 60 chips.
I, [2014-04-05T16:03:40.979184 #17242]  INFO -- : Mr Bazinga won 60
I, [2014-04-05T16:03:40.983761 #17242]  INFO -- : Player R3T responded with  (200)
I, [2014-04-05T16:03:40.985463 #17242]  INFO -- : Player Mr Bazinga responded with OK (200)
I, [2014-04-05T16:03:40.987503 #17242]  INFO -- : Player NoCo responded with  (200)
I, [2014-04-05T16:03:40.987918 #17242]  INFO -- : Mr Bazinga received hole_card 6 of Diamonds
I, [2014-04-05T16:03:40.988158 #17242]  INFO -- : NoCo received hole_card King of Hearts
I, [2014-04-05T16:03:40.988378 #17242]  INFO -- : R3T received hole_card 3 of Hearts
I, [2014-04-05T16:03:40.988625 #17242]  INFO -- : Mr Bazinga received hole_card Ace of Spades
I, [2014-04-05T16:03:40.988825 #17242]  INFO -- : NoCo received hole_card 8 of Spades
I, [2014-04-05T16:03:40.989023 #17242]  INFO -- : R3T received hole_card 3 of Clubs
I, [2014-04-05T16:03:40.989564 #17242]  INFO -- : Mr Bazinga made a bet of 20 (raise) and is left with 940 chips. The pot now contains 20 chips.
I, [2014-04-05T16:03:40.989973 #17242]  INFO -- : NoCo made a bet of 40 (raise) and is left with 850 chips. The pot now contains 60 chips.
I, [2014-04-05T16:03:40.994071 #17242]  INFO -- : Player R3T responded with 60 (200)
I, [2014-04-05T16:03:40.994652 #17242]  INFO -- : R3T made a bet of 60 (raise) and is left with 1090 chips. The pot now contains 120 chips.
I, [2014-04-05T16:03:40.998707 #17242]  INFO -- : Player Mr Bazinga responded with 0 (200)
I, [2014-04-05T16:03:40.999147 #17242]  INFO -- : Mr Bazinga made a bet of 0 (fold) and is left with 940 chips. The pot now contains 120 chips.
I, [2014-04-05T16:03:41.001925 #17242]  INFO -- : Player NoCo responded with 60 (200)
I, [2014-04-05T16:03:41.002339 #17242]  INFO -- : NoCo made a bet of 60 (raise) and is left with 790 chips. The pot now contains 180 chips.
I, [2014-04-05T16:03:41.007448 #17242]  INFO -- : Player R3T responded with 140 (200)
I, [2014-04-05T16:03:41.007890 #17242]  INFO -- : R3T made a bet of 140 (raise) and is left with 950 chips. The pot now contains 320 chips.
I, [2014-04-05T16:03:41.011770 #17242]  INFO -- : Player NoCo responded with 60 (200)
I, [2014-04-05T16:03:41.012131 #17242]  INFO -- : NoCo made a bet of 0 (fold) and is left with 790 chips. The pot now contains 320 chips.
I, [2014-04-05T16:03:41.012814 #17242]  INFO -- : R3T won 320
I, [2014-04-05T16:03:41.017972 #17242]  INFO -- : Player R3T responded with  (200)
I, [2014-04-05T16:03:41.021578 #17242]  INFO -- : Player Mr Bazinga responded with OK (200)
I, [2014-04-05T16:03:41.026157 #17242]  INFO -- : Player NoCo responded with  (200)
I, [2014-04-05T16:03:41.027070 #17242]  INFO -- : NoCo received hole_card 4 of Diamonds
I, [2014-04-05T16:03:41.027673 #17242]  INFO -- : R3T received hole_card Ace of Diamonds
I, [2014-04-05T16:03:41.028262 #17242]  INFO -- : Mr Bazinga received hole_card Ace of Spades
I, [2014-04-05T16:03:41.028441 #17242]  INFO -- : NoCo received hole_card Queen of Hearts
I, [2014-04-05T16:03:41.028630 #17242]  INFO -- : R3T received hole_card 7 of Clubs
I, [2014-04-05T16:03:41.028818 #17242]  INFO -- : Mr Bazinga received hole_card 8 of Hearts
I, [2014-04-05T16:03:41.029099 #17242]  INFO -- : NoCo made a bet of 20 (raise) and is left with 770 chips. The pot now contains 20 chips.
I, [2014-04-05T16:03:41.029342 #17242]  INFO -- : R3T made a bet of 40 (raise) and is left with 1230 chips. The pot now contains 60 chips.
I, [2014-04-05T16:03:41.032703 #17242]  INFO -- : Player Mr Bazinga responded with 0 (200)
I, [2014-04-05T16:03:41.033005 #17242]  INFO -- : Mr Bazinga made a bet of 0 (fold) and is left with 940 chips. The pot now contains 60 chips.
I, [2014-04-05T16:03:41.034960 #17242]  INFO -- : Player NoCo responded with 0 (200)
I, [2014-04-05T16:03:41.035196 #17242]  INFO -- : NoCo made a bet of 0 (fold) and is left with 770 chips. The pot now contains 60 chips.
I, [2014-04-05T16:03:41.038134 #17242]  INFO -- : Player R3T responded with 0 (200)
I, [2014-04-05T16:03:41.038699 #17242]  INFO -- : R3T made a bet of 0 (check) and is left with 1230 chips. The pot now contains 60 chips.
I, [2014-04-05T16:03:41.039467 #17242]  INFO -- : R3T won 60
I, [2014-04-05T16:03:41.043512 #17242]  INFO -- : Player R3T responded with  (200)
I, [2014-04-05T16:03:41.046609 #17242]  INFO -- : Player Mr Bazinga responded with OK (200)
I, [2014-04-05T16:03:41.056232 #17242]  INFO -- : Player NoCo responded with  (200)
I, [2014-04-05T16:03:41.056551 #17242]  INFO -- : R3T received hole_card 8 of Clubs
I, [2014-04-05T16:03:41.056716 #17242]  INFO -- : Mr Bazinga received hole_card 5 of Hearts
I, [2014-04-05T16:03:41.056861 #17242]  INFO -- : NoCo received hole_card King of Clubs
I, [2014-04-05T16:03:41.057083 #17242]  INFO -- : R3T received hole_card Ace of Hearts
I, [2014-04-05T16:03:41.057231 #17242]  INFO -- : Mr Bazinga received hole_card 5 of Clubs
I, [2014-04-05T16:03:41.057403 #17242]  INFO -- : NoCo received hole_card 7 of Spades
I, [2014-04-05T16:03:41.057661 #17242]  INFO -- : R3T made a bet of 20 (raise) and is left with 1270 chips. The pot now contains 20 chips.
I, [2014-04-05T16:03:41.057885 #17242]  INFO -- : Mr Bazinga made a bet of 40 (raise) and is left with 900 chips. The pot now contains 60 chips.
I, [2014-04-05T16:03:41.059629 #17242]  INFO -- : Player NoCo responded with 60 (200)
I, [2014-04-05T16:03:41.059813 #17242]  INFO -- : NoCo made a bet of 60 (raise) and is left with 710 chips. The pot now contains 120 chips.
I, [2014-04-05T16:03:41.062547 #17242]  INFO -- : Player R3T responded with 0 (200)
I, [2014-04-05T16:03:41.062791 #17242]  INFO -- : R3T made a bet of 0 (fold) and is left with 1270 chips. The pot now contains 120 chips.
I, [2014-04-05T16:03:41.065075 #17242]  INFO -- : Player Mr Bazinga responded with 240 (200)
I, [2014-04-05T16:03:41.065476 #17242]  INFO -- : Mr Bazinga made a bet of 240 (raise) and is left with 660 chips. The pot now contains 360 chips.
I, [2014-04-05T16:03:41.068736 #17242]  INFO -- : Player NoCo responded with 60 (200)
I, [2014-04-05T16:03:41.069020 #17242]  INFO -- : NoCo made a bet of 0 (fold) and is left with 710 chips. The pot now contains 360 chips.
I, [2014-04-05T16:03:41.069479 #17242]  INFO -- : Mr Bazinga won 360
I, [2014-04-05T16:03:41.074093 #17242]  INFO -- : Player R3T responded with  (200)
I, [2014-04-05T16:03:41.076988 #17242]  INFO -- : Player Mr Bazinga responded with OK (200)
I, [2014-04-05T16:03:41.079791 #17242]  INFO -- : Player NoCo responded with  (200)
I, [2014-04-05T16:03:41.080945 #17242]  INFO -- : Mr Bazinga received hole_card 8 of Diamonds
I, [2014-04-05T16:03:41.081625 #17242]  INFO -- : NoCo received hole_card 7 of Diamonds
I, [2014-04-05T16:03:41.081982 #17242]  INFO -- : R3T received hole_card 9 of Spades
I, [2014-04-05T16:03:41.082261 #17242]  INFO -- : Mr Bazinga received hole_card Jack of Spades
I, [2014-04-05T16:03:41.082512 #17242]  INFO -- : NoCo received hole_card Jack of Diamonds
I, [2014-04-05T16:03:41.082797 #17242]  INFO -- : R3T received hole_card 7 of Hearts
I, [2014-04-05T16:03:41.083223 #17242]  INFO -- : Mr Bazinga made a bet of 20 (raise) and is left with 1000 chips. The pot now contains 20 chips.
I, [2014-04-05T16:03:41.083575 #17242]  INFO -- : NoCo made a bet of 40 (raise) and is left with 670 chips. The pot now contains 60 chips.
I, [2014-04-05T16:03:41.086841 #17242]  INFO -- : Player R3T responded with 0 (200)
I, [2014-04-05T16:03:41.087901 #17242]  INFO -- : R3T made a bet of 0 (fold) and is left with 1270 chips. The pot now contains 60 chips.
I, [2014-04-05T16:03:41.090453 #17242]  INFO -- : Player Mr Bazinga responded with 0 (200)
I, [2014-04-05T16:03:41.090649 #17242]  INFO -- : Mr Bazinga made a bet of 0 (fold) and is left with 1000 chips. The pot now contains 60 chips.
I, [2014-04-05T16:03:41.092427 #17242]  INFO -- : Player NoCo responded with 60 (200)
I, [2014-04-05T16:03:41.092778 #17242]  INFO -- : NoCo made a bet of 60 (raise) and is left with 610 chips. The pot now contains 120 chips.
I, [2014-04-05T16:03:41.093447 #17242]  INFO -- : NoCo won 120
I, [2014-04-05T16:03:41.097030 #17242]  INFO -- : Player R3T responded with  (200)
I, [2014-04-05T16:03:41.098758 #17242]  INFO -- : Player Mr Bazinga responded with OK (200)
I, [2014-04-05T16:03:41.101221 #17242]  INFO -- : Player NoCo responded with  (200)
I, [2014-04-05T16:03:41.102046 #17242]  INFO -- : NoCo received hole_card Jack of Hearts
I, [2014-04-05T16:03:41.102589 #17242]  INFO -- : R3T received hole_card Ace of Diamonds
I, [2014-04-05T16:03:41.103025 #17242]  INFO -- : Mr Bazinga received hole_card King of Diamonds
I, [2014-04-05T16:03:41.103503 #17242]  INFO -- : NoCo received hole_card 7 of Spades
I, [2014-04-05T16:03:41.104398 #17242]  INFO -- : R3T received hole_card 10 of Spades
I, [2014-04-05T16:03:41.104989 #17242]  INFO -- : Mr Bazinga received hole_card 6 of Spades
I, [2014-04-05T16:03:41.105644 #17242]  INFO -- : NoCo made a bet of 20 (raise) and is left with 710 chips. The pot now contains 20 chips.
I, [2014-04-05T16:03:41.106512 #17242]  INFO -- : R3T made a bet of 40 (raise) and is left with 1230 chips. The pot now contains 60 chips.
I, [2014-04-05T16:03:41.111358 #17242]  INFO -- : Player Mr Bazinga responded with 0 (200)
I, [2014-04-05T16:03:41.111774 #17242]  INFO -- : Mr Bazinga made a bet of 0 (fold) and is left with 1000 chips. The pot now contains 60 chips.
I, [2014-04-05T16:03:41.114269 #17242]  INFO -- : Player NoCo responded with 60 (200)
I, [2014-04-05T16:03:41.114476 #17242]  INFO -- : NoCo made a bet of 60 (raise) and is left with 650 chips. The pot now contains 120 chips.
I, [2014-04-05T16:03:41.119474 #17242]  INFO -- : Player R3T responded with 0 (200)
I, [2014-04-05T16:03:41.120414 #17242]  INFO -- : R3T made a bet of 0 (fold) and is left with 1230 chips. The pot now contains 120 chips.
I, [2014-04-05T16:03:41.121942 #17242]  INFO -- : NoCo won 120
I, [2014-04-05T16:03:41.127037 #17242]  INFO -- : Player R3T responded with  (200)
I, [2014-04-05T16:03:41.130564 #17242]  INFO -- : Player Mr Bazinga responded with OK (200)
I, [2014-04-05T16:03:41.133251 #17242]  INFO -- : Player NoCo responded with  (200)
I, [2014-04-05T16:03:41.133631 #17242]  INFO -- : R3T received hole_card 2 of Spades
I, [2014-04-05T16:03:41.133833 #17242]  INFO -- : Mr Bazinga received hole_card 3 of Hearts
I, [2014-04-05T16:03:41.134089 #17242]  INFO -- : NoCo received hole_card 6 of Clubs
I, [2014-04-05T16:03:41.134803 #17242]  INFO -- : R3T received hole_card 7 of Spades
I, [2014-04-05T16:03:41.135058 #17242]  INFO -- : Mr Bazinga received hole_card Queen of Clubs
I, [2014-04-05T16:03:41.135218 #17242]  INFO -- : NoCo received hole_card Ace of Spades
I, [2014-04-05T16:03:41.135517 #17242]  INFO -- : R3T made a bet of 40 (raise) and is left with 1190 chips. The pot now contains 40 chips.
I, [2014-04-05T16:03:41.135752 #17242]  INFO -- : Mr Bazinga made a bet of 80 (raise) and is left with 920 chips. The pot now contains 120 chips.
I, [2014-04-05T16:03:41.139317 #17242]  INFO -- : Player NoCo responded with 60 (200)
I, [2014-04-05T16:03:41.139671 #17242]  INFO -- : NoCo made a bet of 0 (fold) and is left with 770 chips. The pot now contains 120 chips.
I, [2014-04-05T16:03:41.143712 #17242]  INFO -- : Player R3T responded with 160 (200)
I, [2014-04-05T16:03:41.144318 #17242]  INFO -- : R3T made a bet of 160 (raise) and is left with 1030 chips. The pot now contains 280 chips.
I, [2014-04-05T16:03:41.148860 #17242]  INFO -- : Player Mr Bazinga responded with 0 (200)
I, [2014-04-05T16:03:41.149545 #17242]  INFO -- : Mr Bazinga made a bet of 0 (fold) and is left with 920 chips. The pot now contains 280 chips.
I, [2014-04-05T16:03:41.150778 #17242]  INFO -- : R3T won 280
I, [2014-04-05T16:03:41.154714 #17242]  INFO -- : Player R3T responded with  (200)
I, [2014-04-05T16:03:41.158217 #17242]  INFO -- : Player Mr Bazinga responded with OK (200)
I, [2014-04-05T16:03:41.162552 #17242]  INFO -- : Player NoCo responded with  (200)
I, [2014-04-05T16:03:41.163691 #17242]  INFO -- : Mr Bazinga received hole_card 5 of Hearts
I, [2014-04-05T16:03:41.164610 #17242]  INFO -- : NoCo received hole_card 4 of Clubs
I, [2014-04-05T16:03:41.165336 #17242]  INFO -- : R3T received hole_card 4 of Spades
I, [2014-04-05T16:03:41.165973 #17242]  INFO -- : Mr Bazinga received hole_card 5 of Spades
I, [2014-04-05T16:03:41.166617 #17242]  INFO -- : NoCo received hole_card 9 of Hearts
I, [2014-04-05T16:03:41.167287 #17242]  INFO -- : R3T received hole_card 5 of Diamonds
I, [2014-04-05T16:03:41.168320 #17242]  INFO -- : Mr Bazinga made a bet of 40 (raise) and is left with 880 chips. The pot now contains 40 chips.
I, [2014-04-05T16:03:41.169427 #17242]  INFO -- : NoCo made a bet of 80 (raise) and is left with 690 chips. The pot now contains 120 chips.
I, [2014-04-05T16:03:41.174739 #17242]  INFO -- : Player R3T responded with 0 (200)
I, [2014-04-05T16:03:41.175078 #17242]  INFO -- : R3T made a bet of 0 (fold) and is left with 1310 chips. The pot now contains 120 chips.
I, [2014-04-05T16:03:41.180679 #17242]  INFO -- : Player Mr Bazinga responded with 280 (200)
I, [2014-04-05T16:03:41.181296 #17242]  INFO -- : Mr Bazinga made a bet of 280 (raise) and is left with 600 chips. The pot now contains 400 chips.
I, [2014-04-05T16:03:41.185263 #17242]  INFO -- : Player NoCo responded with 0 (200)
I, [2014-04-05T16:03:41.185885 #17242]  INFO -- : NoCo made a bet of 0 (fold) and is left with 690 chips. The pot now contains 400 chips.
I, [2014-04-05T16:03:41.187157 #17242]  INFO -- : Mr Bazinga won 400
I, [2014-04-05T16:03:41.192972 #17242]  INFO -- : Player R3T responded with  (200)
I, [2014-04-05T16:03:41.195565 #17242]  INFO -- : Player Mr Bazinga responded with OK (200)
I, [2014-04-05T16:03:41.200406 #17242]  INFO -- : Player NoCo responded with  (200)
I, [2014-04-05T16:03:41.201874 #17242]  INFO -- : NoCo received hole_card 2 of Hearts
I, [2014-04-05T16:03:41.202586 #17242]  INFO -- : R3T received hole_card 7 of Hearts
I, [2014-04-05T16:03:41.203191 #17242]  INFO -- : Mr Bazinga received hole_card 8 of Hearts
I, [2014-04-05T16:03:41.203889 #17242]  INFO -- : NoCo received hole_card 9 of Spades
I, [2014-04-05T16:03:41.204728 #17242]  INFO -- : R3T received hole_card King of Hearts
I, [2014-04-05T16:03:41.205215 #17242]  INFO -- : Mr Bazinga received hole_card 10 of Spades
I, [2014-04-05T16:03:41.206025 #17242]  INFO -- : NoCo made a bet of 40 (raise) and is left with 650 chips. The pot now contains 40 chips.
I, [2014-04-05T16:03:41.206604 #17242]  INFO -- : R3T made a bet of 80 (raise) and is left with 1230 chips. The pot now contains 120 chips.
I, [2014-04-05T16:03:41.210530 #17242]  INFO -- : Player Mr Bazinga responded with 0 (200)
I, [2014-04-05T16:03:41.210869 #17242]  INFO -- : Mr Bazinga made a bet of 0 (fold) and is left with 1000 chips. The pot now contains 120 chips.
I, [2014-04-05T16:03:41.213816 #17242]  INFO -- : Player NoCo responded with 0 (200)
I, [2014-04-05T16:03:41.214026 #17242]  INFO -- : NoCo made a bet of 0 (fold) and is left with 650 chips. The pot now contains 120 chips.
I, [2014-04-05T16:03:41.218444 #17242]  INFO -- : Player R3T responded with 160 (200)
I, [2014-04-05T16:03:41.218723 #17242]  INFO -- : R3T made a bet of 160 (raise) and is left with 1070 chips. The pot now contains 280 chips.
I, [2014-04-05T16:03:41.219107 #17242]  INFO -- : R3T won 280
I, [2014-04-05T16:03:41.223159 #17242]  INFO -- : Player R3T responded with  (200)
I, [2014-04-05T16:03:41.229583 #17242]  INFO -- : Player Mr Bazinga responded with OK (200)
I, [2014-04-05T16:03:41.234455 #17242]  INFO -- : Player NoCo responded with  (200)
I, [2014-04-05T16:03:41.235287 #17242]  INFO -- : R3T received hole_card Ace of Clubs
I, [2014-04-05T16:03:41.235563 #17242]  INFO -- : Mr Bazinga received hole_card Queen of Diamonds
I, [2014-04-05T16:03:41.235821 #17242]  INFO -- : NoCo received hole_card 4 of Hearts
I, [2014-04-05T16:03:41.236226 #17242]  INFO -- : R3T received hole_card Queen of Spades
I, [2014-04-05T16:03:41.236503 #17242]  INFO -- : Mr Bazinga received hole_card Jack of Hearts
I, [2014-04-05T16:03:41.236727 #17242]  INFO -- : NoCo received hole_card King of Clubs
I, [2014-04-05T16:03:41.237102 #17242]  INFO -- : R3T made a bet of 40 (raise) and is left with 1310 chips. The pot now contains 40 chips.
I, [2014-04-05T16:03:41.237442 #17242]  INFO -- : Mr Bazinga made a bet of 80 (raise) and is left with 920 chips. The pot now contains 120 chips.
I, [2014-04-05T16:03:41.239982 #17242]  INFO -- : Player NoCo responded with 60 (200)
I, [2014-04-05T16:03:41.240916 #17242]  INFO -- : NoCo made a bet of 0 (fold) and is left with 650 chips. The pot now contains 120 chips.
I, [2014-04-05T16:03:41.245413 #17242]  INFO -- : Player R3T responded with 120 (200)
I, [2014-04-05T16:03:41.246129 #17242]  INFO -- : R3T made a bet of 120 (raise) and is left with 1190 chips. The pot now contains 240 chips.
I, [2014-04-05T16:03:41.250378 #17242]  INFO -- : Player Mr Bazinga responded with 160 (200)
I, [2014-04-05T16:03:41.250804 #17242]  INFO -- : Mr Bazinga made a bet of 160 (raise) and is left with 760 chips. The pot now contains 400 chips.
I, [2014-04-05T16:03:41.254005 #17242]  INFO -- : Player R3T responded with 320 (200)
I, [2014-04-05T16:03:41.254476 #17242]  INFO -- : R3T made a bet of 320 (raise) and is left with 870 chips. The pot now contains 720 chips.
I, [2014-04-05T16:03:41.258902 #17242]  INFO -- : Player Mr Bazinga responded with 480 (200)
I, [2014-04-05T16:03:41.259231 #17242]  INFO -- : Mr Bazinga made a bet of 480 (raise) and is left with 280 chips. The pot now contains 1200 chips.
I, [2014-04-05T16:03:41.262708 #17242]  INFO -- : Player R3T responded with 0 (200)
I, [2014-04-05T16:03:41.263068 #17242]  INFO -- : R3T made a bet of 0 (fold) and is left with 870 chips. The pot now contains 1200 chips.
I, [2014-04-05T16:03:41.263777 #17242]  INFO -- : Mr Bazinga won 1200
I, [2014-04-05T16:03:41.268253 #17242]  INFO -- : Player R3T responded with  (200)
I, [2014-04-05T16:03:41.270394 #17242]  INFO -- : Player Mr Bazinga responded with OK (200)
I, [2014-04-05T16:03:41.274771 #17242]  INFO -- : Player NoCo responded with  (200)
I, [2014-04-05T16:03:41.275129 #17242]  INFO -- : Mr Bazinga received hole_card 2 of Diamonds
I, [2014-04-05T16:03:41.275333 #17242]  INFO -- : NoCo received hole_card 9 of Clubs
I, [2014-04-05T16:03:41.275527 #17242]  INFO -- : R3T received hole_card Queen of Hearts
I, [2014-04-05T16:03:41.275728 #17242]  INFO -- : Mr Bazinga received hole_card 2 of Clubs
I, [2014-04-05T16:03:41.275935 #17242]  INFO -- : NoCo received hole_card 6 of Hearts
I, [2014-04-05T16:03:41.276142 #17242]  INFO -- : R3T received hole_card 4 of Diamonds
I, [2014-04-05T16:03:41.276444 #17242]  INFO -- : Mr Bazinga made a bet of 40 (raise) and is left with 1440 chips. The pot now contains 40 chips.
I, [2014-04-05T16:03:41.276678 #17242]  INFO -- : NoCo made a bet of 80 (raise) and is left with 570 chips. The pot now contains 120 chips.
I, [2014-04-05T16:03:41.279683 #17242]  INFO -- : Player R3T responded with 0 (200)
I, [2014-04-05T16:03:41.279922 #17242]  INFO -- : R3T made a bet of 0 (fold) and is left with 870 chips. The pot now contains 120 chips.
I, [2014-04-05T16:03:41.282518 #17242]  INFO -- : Player Mr Bazinga responded with 280 (200)
I, [2014-04-05T16:03:41.282888 #17242]  INFO -- : Mr Bazinga made a bet of 280 (raise) and is left with 1160 chips. The pot now contains 400 chips.
I, [2014-04-05T16:03:41.286288 #17242]  INFO -- : Player NoCo responded with 0 (200)
I, [2014-04-05T16:03:41.286495 #17242]  INFO -- : NoCo made a bet of 0 (fold) and is left with 570 chips. The pot now contains 400 chips.
I, [2014-04-05T16:03:41.286838 #17242]  INFO -- : Mr Bazinga won 400
I, [2014-04-05T16:03:41.288825 #17242]  INFO -- : Player R3T responded with  (200)
I, [2014-04-05T16:03:41.291272 #17242]  INFO -- : Player Mr Bazinga responded with OK (200)
I, [2014-04-05T16:03:41.294412 #17242]  INFO -- : Player NoCo responded with  (200)
I, [2014-04-05T16:03:41.294921 #17242]  INFO -- : NoCo received hole_card 6 of Diamonds
I, [2014-04-05T16:03:41.295226 #17242]  INFO -- : R3T received hole_card 6 of Clubs
I, [2014-04-05T16:03:41.295524 #17242]  INFO -- : Mr Bazinga received hole_card 4 of Hearts
I, [2014-04-05T16:03:41.295831 #17242]  INFO -- : NoCo received hole_card Queen of Diamonds
I, [2014-04-05T16:03:41.296117 #17242]  INFO -- : R3T received hole_card Ace of Hearts
I, [2014-04-05T16:03:41.296367 #17242]  INFO -- : Mr Bazinga received hole_card 4 of Spades
I, [2014-04-05T16:03:41.296740 #17242]  INFO -- : NoCo made a bet of 40 (raise) and is left with 530 chips. The pot now contains 40 chips.
I, [2014-04-05T16:03:41.297061 #17242]  INFO -- : R3T made a bet of 80 (raise) and is left with 790 chips. The pot now contains 120 chips.
I, [2014-04-05T16:03:41.300843 #17242]  INFO -- : Player Mr Bazinga responded with 320 (200)
I, [2014-04-05T16:03:41.301279 #17242]  INFO -- : Mr Bazinga made a bet of 320 (raise) and is left with 1240 chips. The pot now contains 440 chips.
I, [2014-04-05T16:03:41.306149 #17242]  INFO -- : Player NoCo responded with 60 (200)
I, [2014-04-05T16:03:41.306753 #17242]  INFO -- : NoCo made a bet of 0 (fold) and is left with 530 chips. The pot now contains 440 chips.
I, [2014-04-05T16:03:41.313451 #17242]  INFO -- : Player R3T responded with 0 (200)
I, [2014-04-05T16:03:41.314340 #17242]  INFO -- : R3T made a bet of 0 (fold) and is left with 790 chips. The pot now contains 440 chips.
I, [2014-04-05T16:03:41.315739 #17242]  INFO -- : Mr Bazinga won 440
I, [2014-04-05T16:03:41.322033 #17242]  INFO -- : Player R3T responded with  (200)
I, [2014-04-05T16:03:41.327423 #17242]  INFO -- : Player Mr Bazinga responded with OK (200)
I, [2014-04-05T16:03:41.331110 #17242]  INFO -- : Player NoCo responded with  (200)
I, [2014-04-05T16:03:41.332415 #17242]  INFO -- : R3T received hole_card 6 of Hearts
I, [2014-04-05T16:03:41.334297 #17242]  INFO -- : Mr Bazinga received hole_card 8 of Diamonds
I, [2014-04-05T16:03:41.335032 #17242]  INFO -- : NoCo received hole_card 5 of Clubs
I, [2014-04-05T16:03:41.335725 #17242]  INFO -- : R3T received hole_card 4 of Hearts
I, [2014-04-05T16:03:41.336438 #17242]  INFO -- : Mr Bazinga received hole_card 7 of Clubs
I, [2014-04-05T16:03:41.337061 #17242]  INFO -- : NoCo received hole_card 3 of Spades
I, [2014-04-05T16:03:41.338173 #17242]  INFO -- : R3T made a bet of 40 (raise) and is left with 750 chips. The pot now contains 40 chips.
I, [2014-04-05T16:03:41.339066 #17242]  INFO -- : Mr Bazinga made a bet of 80 (raise) and is left with 1600 chips. The pot now contains 120 chips.
I, [2014-04-05T16:03:41.343988 #17242]  INFO -- : Player NoCo responded with 0 (200)
I, [2014-04-05T16:03:41.344655 #17242]  INFO -- : NoCo made a bet of 0 (fold) and is left with 530 chips. The pot now contains 120 chips.
I, [2014-04-05T16:03:41.350111 #17242]  INFO -- : Player R3T responded with 160 (200)
I, [2014-04-05T16:03:41.350331 #17242]  INFO -- : R3T made a bet of 160 (raise) and is left with 590 chips. The pot now contains 280 chips.
I, [2014-04-05T16:03:41.352082 #17242]  INFO -- : Player Mr Bazinga responded with 0 (200)
I, [2014-04-05T16:03:41.352768 #17242]  INFO -- : Mr Bazinga made a bet of 0 (fold) and is left with 1600 chips. The pot now contains 280 chips.
I, [2014-04-05T16:03:41.353784 #17242]  INFO -- : R3T won 280
I, [2014-04-05T16:03:41.358687 #17242]  INFO -- : Player R3T responded with  (200)
I, [2014-04-05T16:03:41.362060 #17242]  INFO -- : Player Mr Bazinga responded with OK (200)
I, [2014-04-05T16:03:41.366176 #17242]  INFO -- : Player NoCo responded with  (200)
I, [2014-04-05T16:03:41.366543 #17242]  INFO -- : Mr Bazinga received hole_card 2 of Hearts
I, [2014-04-05T16:03:41.366730 #17242]  INFO -- : NoCo received hole_card 5 of Hearts
I, [2014-04-05T16:03:41.366936 #17242]  INFO -- : R3T received hole_card 7 of Diamonds
I, [2014-04-05T16:03:41.367125 #17242]  INFO -- : Mr Bazinga received hole_card King of Spades
I, [2014-04-05T16:03:41.367333 #17242]  INFO -- : NoCo received hole_card 6 of Hearts
I, [2014-04-05T16:03:41.367564 #17242]  INFO -- : R3T received hole_card 9 of Spades
I, [2014-04-05T16:03:41.367862 #17242]  INFO -- : Mr Bazinga made a bet of 40 (raise) and is left with 1560 chips. The pot now contains 40 chips.
I, [2014-04-05T16:03:41.368164 #17242]  INFO -- : NoCo made a bet of 80 (raise) and is left with 450 chips. The pot now contains 120 chips.
I, [2014-04-05T16:03:41.370796 #17242]  INFO -- : Player R3T responded with 0 (200)
I, [2014-04-05T16:03:41.371052 #17242]  INFO -- : R3T made a bet of 0 (fold) and is left with 870 chips. The pot now contains 120 chips.
I, [2014-04-05T16:03:41.372950 #17242]  INFO -- : Player Mr Bazinga responded with 0 (200)
I, [2014-04-05T16:03:41.373220 #17242]  INFO -- : Mr Bazinga made a bet of 0 (fold) and is left with 1560 chips. The pot now contains 120 chips.
I, [2014-04-05T16:03:41.375295 #17242]  INFO -- : Player NoCo responded with 80 (200)
I, [2014-04-05T16:03:41.375555 #17242]  INFO -- : NoCo made a bet of 80 (raise) and is left with 370 chips. The pot now contains 200 chips.
I, [2014-04-05T16:03:41.375981 #17242]  INFO -- : NoCo won 200
I, [2014-04-05T16:03:41.379609 #17242]  INFO -- : Player R3T responded with  (200)
I, [2014-04-05T16:03:41.381585 #17242]  INFO -- : Player Mr Bazinga responded with OK (200)
I, [2014-04-05T16:03:41.384032 #17242]  INFO -- : Player NoCo responded with  (200)
I, [2014-04-05T16:03:41.384397 #17242]  INFO -- : NoCo received hole_card 10 of Hearts
I, [2014-04-05T16:03:41.384584 #17242]  INFO -- : R3T received hole_card Jack of Spades
I, [2014-04-05T16:03:41.384776 #17242]  INFO -- : Mr Bazinga received hole_card Ace of Clubs
I, [2014-04-05T16:03:41.384971 #17242]  INFO -- : NoCo received hole_card 3 of Spades
I, [2014-04-05T16:03:41.385180 #17242]  INFO -- : R3T received hole_card 9 of Spades
I, [2014-04-05T16:03:41.385393 #17242]  INFO -- : Mr Bazinga received hole_card 10 of Clubs
I, [2014-04-05T16:03:41.385812 #17242]  INFO -- : NoCo made a bet of 40 (raise) and is left with 530 chips. The pot now contains 40 chips.
I, [2014-04-05T16:03:41.386171 #17242]  INFO -- : R3T made a bet of 80 (raise) and is left with 790 chips. The pot now contains 120 chips.
I, [2014-04-05T16:03:41.389649 #17242]  INFO -- : Player Mr Bazinga responded with 120 (200)
I, [2014-04-05T16:03:41.390134 #17242]  INFO -- : Mr Bazinga made a bet of 120 (raise) and is left with 1440 chips. The pot now contains 240 chips.
I, [2014-04-05T16:03:41.393656 #17242]  INFO -- : Player NoCo responded with 0 (200)
I, [2014-04-05T16:03:41.393905 #17242]  INFO -- : NoCo made a bet of 0 (fold) and is left with 530 chips. The pot now contains 240 chips.
I, [2014-04-05T16:03:41.398565 #17242]  INFO -- : Player R3T responded with 200 (200)
I, [2014-04-05T16:03:41.399112 #17242]  INFO -- : R3T made a bet of 200 (raise) and is left with 590 chips. The pot now contains 440 chips.
I, [2014-04-05T16:03:41.403161 #17242]  INFO -- : Player Mr Bazinga responded with 320 (200)
I, [2014-04-05T16:03:41.403818 #17242]  INFO -- : Mr Bazinga made a bet of 320 (raise) and is left with 1120 chips. The pot now contains 760 chips.
I, [2014-04-05T16:03:41.408730 #17242]  INFO -- : Player R3T responded with 760 (200)
I, [2014-04-05T16:03:41.409358 #17242]  INFO -- : R3T made a bet of 590 (allin) and is left with 0 chips. The pot now contains 1350 chips.
I, [2014-04-05T16:03:41.414160 #17242]  INFO -- : Player Mr Bazinga responded with 860 (200)
I, [2014-04-05T16:03:41.414759 #17242]  INFO -- : Mr Bazinga made a bet of 860 (raise) and is left with 260 chips. The pot now contains 2210 chips.
I, [2014-04-05T16:03:41.415313 #17242]  INFO -- : community card King of Clubs
I, [2014-04-05T16:03:41.415700 #17242]  INFO -- : community card Ace of Spades
I, [2014-04-05T16:03:41.416243 #17242]  INFO -- : community card 3 of Diamonds
I, [2014-04-05T16:03:41.417146 #17242]  INFO -- : community card Jack of Hearts
I, [2014-04-05T16:03:41.417657 #17242]  INFO -- : community card 8 of Spades
I, [2014-04-05T16:03:41.418682 #17242]  INFO -- : Mr Bazinga showed 10 of Clubs,Jack of Hearts,King of Clubs,Ace of Spades,Ace of Clubs making a pair
I, [2014-04-05T16:03:41.419253 #17242]  INFO -- : Mr Bazinga won 2210
I, [2014-04-05T16:03:41.424961 #17242]  INFO -- : Player R3T responded with  (200)
I, [2014-04-05T16:03:41.429445 #17242]  INFO -- : Player Mr Bazinga responded with OK (200)
I, [2014-04-05T16:03:41.434280 #17242]  INFO -- : Player NoCo responded with  (200)
I, [2014-04-05T16:03:41.434568 #17242]  INFO -- : Mr Bazinga received hole_card 6 of Clubs
I, [2014-04-05T16:03:41.434730 #17242]  INFO -- : NoCo received hole_card 2 of Hearts
I, [2014-04-05T16:03:41.434877 #17242]  INFO -- : Mr Bazinga received hole_card 7 of Clubs
I, [2014-04-05T16:03:41.435059 #17242]  INFO -- : NoCo received hole_card 2 of Diamonds
I, [2014-04-05T16:03:41.435330 #17242]  INFO -- : Mr Bazinga made a bet of 80 (raise) and is left with 2390 chips. The pot now contains 80 chips.
I, [2014-04-05T16:03:41.435553 #17242]  INFO -- : NoCo made a bet of 160 (raise) and is left with 370 chips. The pot now contains 240 chips.
I, [2014-04-05T16:03:41.438320 #17242]  INFO -- : Player Mr Bazinga responded with 0 (200)
I, [2014-04-05T16:03:41.438793 #17242]  INFO -- : Mr Bazinga made a bet of 0 (fold) and is left with 2390 chips. The pot now contains 240 chips.
I, [2014-04-05T16:03:41.443185 #17242]  INFO -- : Player NoCo responded with 160 (200)
I, [2014-04-05T16:03:41.443747 #17242]  INFO -- : NoCo made a bet of 160 (raise) and is left with 210 chips. The pot now contains 400 chips.
I, [2014-04-05T16:03:41.445166 #17242]  INFO -- : NoCo won 400
I, [2014-04-05T16:03:41.449860 #17242]  INFO -- : Player R3T responded with  (200)
I, [2014-04-05T16:03:41.453670 #17242]  INFO -- : Player Mr Bazinga responded with OK (200)
I, [2014-04-05T16:03:41.458716 #17242]  INFO -- : Player NoCo responded with  (200)
I, [2014-04-05T16:03:41.459704 #17242]  INFO -- : NoCo received hole_card 5 of Spades
I, [2014-04-05T16:03:41.460308 #17242]  INFO -- : Mr Bazinga received hole_card 5 of Diamonds
I, [2014-04-05T16:03:41.460916 #17242]  INFO -- : NoCo received hole_card Ace of Spades
I, [2014-04-05T16:03:41.461447 #17242]  INFO -- : Mr Bazinga received hole_card 7 of Hearts
I, [2014-04-05T16:03:41.462366 #17242]  INFO -- : NoCo made a bet of 80 (raise) and is left with 530 chips. The pot now contains 80 chips.
I, [2014-04-05T16:03:41.463122 #17242]  INFO -- : Mr Bazinga made a bet of 160 (raise) and is left with 2230 chips. The pot now contains 240 chips.
I, [2014-04-05T16:03:41.468120 #17242]  INFO -- : Player NoCo responded with 60 (200)
I, [2014-04-05T16:03:41.468728 #17242]  INFO -- : NoCo made a bet of 0 (fold) and is left with 530 chips. The pot now contains 240 chips.
I, [2014-04-05T16:03:41.469843 #17242]  INFO -- : Mr Bazinga won 240
I, [2014-04-05T16:03:41.475419 #17242]  INFO -- : Player R3T responded with  (200)
I, [2014-04-05T16:03:41.479775 #17242]  INFO -- : Player Mr Bazinga responded with OK (200)
I, [2014-04-05T16:03:41.484315 #17242]  INFO -- : Player NoCo responded with  (200)
I, [2014-04-05T16:03:41.484645 #17242]  INFO -- : Mr Bazinga received hole_card Queen of Diamonds
I, [2014-04-05T16:03:41.484834 #17242]  INFO -- : NoCo received hole_card 10 of Diamonds
I, [2014-04-05T16:03:41.485007 #17242]  INFO -- : Mr Bazinga received hole_card 4 of Spades
I, [2014-04-05T16:03:41.485157 #17242]  INFO -- : NoCo received hole_card 8 of Spades
I, [2014-04-05T16:03:41.485425 #17242]  INFO -- : Mr Bazinga made a bet of 80 (raise) and is left with 2390 chips. The pot now contains 80 chips.
I, [2014-04-05T16:03:41.485666 #17242]  INFO -- : NoCo made a bet of 160 (raise) and is left with 370 chips. The pot now contains 240 chips.
I, [2014-04-05T16:03:41.487104 #17242]  INFO -- : Player Mr Bazinga responded with 0 (200)
I, [2014-04-05T16:03:41.487299 #17242]  INFO -- : Mr Bazinga made a bet of 0 (fold) and is left with 2390 chips. The pot now contains 240 chips.
I, [2014-04-05T16:03:41.490122 #17242]  INFO -- : Player NoCo responded with 160 (200)
I, [2014-04-05T16:03:41.490613 #17242]  INFO -- : NoCo made a bet of 160 (raise) and is left with 210 chips. The pot now contains 400 chips.
I, [2014-04-05T16:03:41.491734 #17242]  INFO -- : NoCo won 400
I, [2014-04-05T16:03:41.495741 #17242]  INFO -- : Player R3T responded with  (200)
I, [2014-04-05T16:03:41.497654 #17242]  INFO -- : Player Mr Bazinga responded with OK (200)
I, [2014-04-05T16:03:41.500584 #17242]  INFO -- : Player NoCo responded with  (200)
I, [2014-04-05T16:03:41.501143 #17242]  INFO -- : NoCo received hole_card 10 of Clubs
I, [2014-04-05T16:03:41.501501 #17242]  INFO -- : Mr Bazinga received hole_card 10 of Hearts
I, [2014-04-05T16:03:41.501812 #17242]  INFO -- : NoCo received hole_card Jack of Hearts
I, [2014-04-05T16:03:41.502149 #17242]  INFO -- : Mr Bazinga received hole_card 4 of Hearts
I, [2014-04-05T16:03:41.502680 #17242]  INFO -- : NoCo made a bet of 80 (raise) and is left with 530 chips. The pot now contains 80 chips.
I, [2014-04-05T16:03:41.503137 #17242]  INFO -- : Mr Bazinga made a bet of 160 (raise) and is left with 2230 chips. The pot now contains 240 chips.
I, [2014-04-05T16:03:41.505920 #17242]  INFO -- : Player NoCo responded with 60 (200)
I, [2014-04-05T16:03:41.506100 #17242]  INFO -- : NoCo made a bet of 0 (fold) and is left with 530 chips. The pot now contains 240 chips.
I, [2014-04-05T16:03:41.506479 #17242]  INFO -- : Mr Bazinga won 240
I, [2014-04-05T16:03:41.509130 #17242]  INFO -- : Player R3T responded with  (200)
I, [2014-04-05T16:03:41.513060 #17242]  INFO -- : Player Mr Bazinga responded with OK (200)
I, [2014-04-05T16:03:41.516876 #17242]  INFO -- : Player NoCo responded with  (200)
I, [2014-04-05T16:03:41.517487 #17242]  INFO -- : Mr Bazinga received hole_card Jack of Diamonds
I, [2014-04-05T16:03:41.517859 #17242]  INFO -- : NoCo received hole_card 2 of Clubs
I, [2014-04-05T16:03:41.518274 #17242]  INFO -- : Mr Bazinga received hole_card 8 of Diamonds
I, [2014-04-05T16:03:41.518683 #17242]  INFO -- : NoCo received hole_card 3 of Spades
I, [2014-04-05T16:03:41.519251 #17242]  INFO -- : Mr Bazinga made a bet of 80 (raise) and is left with 2390 chips. The pot now contains 80 chips.
I, [2014-04-05T16:03:41.519769 #17242]  INFO -- : NoCo made a bet of 160 (raise) and is left with 370 chips. The pot now contains 240 chips.
I, [2014-04-05T16:03:41.530413 #17242]  INFO -- : Player Mr Bazinga responded with 160 (200)
I, [2014-04-05T16:03:41.530915 #17242]  INFO -- : Mr Bazinga made a bet of 160 (raise) and is left with 2230 chips. The pot now contains 400 chips.
I, [2014-04-05T16:03:41.533353 #17242]  INFO -- : Player NoCo responded with 240 (200)
I, [2014-04-05T16:03:41.533559 #17242]  INFO -- : NoCo made a bet of 240 (raise) and is left with 130 chips. The pot now contains 640 chips.
I, [2014-04-05T16:03:41.538899 #17242]  INFO -- : Player Mr Bazinga responded with 320 (200)
I, [2014-04-05T16:03:41.539880 #17242]  INFO -- : Mr Bazinga made a bet of 320 (raise) and is left with 1910 chips. The pot now contains 960 chips.
I, [2014-04-05T16:03:41.543054 #17242]  INFO -- : Player NoCo responded with 560 (200)
I, [2014-04-05T16:03:41.543345 #17242]  INFO -- : NoCo made a bet of 130 (allin) and is left with 0 chips. The pot now contains 1090 chips.
I, [2014-04-05T16:03:41.543640 #17242]  INFO -- : community card 3 of Clubs
I, [2014-04-05T16:03:41.543832 #17242]  INFO -- : community card 9 of Clubs
I, [2014-04-05T16:03:41.544016 #17242]  INFO -- : community card 5 of Clubs
I, [2014-04-05T16:03:41.544589 #17242]  INFO -- : community card King of Hearts
I, [2014-04-05T16:03:41.545037 #17242]  INFO -- : community card 5 of Spades
I, [2014-04-05T16:03:41.546313 #17242]  INFO -- : Mr Bazinga showed 5 of Clubs,5 of Spades,9 of Clubs,Jack of Diamonds,King of Hearts making a pair
I, [2014-04-05T16:03:41.547478 #17242]  INFO -- : NoCo showed 3 of Clubs,3 of Spades,5 of Clubs,5 of Spades,King of Hearts making a two pairs
I, [2014-04-05T16:03:41.548014 #17242]  INFO -- : NoCo won 1060
I, [2014-04-05T16:03:41.548419 #17242]  INFO -- : Mr Bazinga won 30
I, [2014-04-05T16:03:41.553322 #17242]  INFO -- : Player R3T responded with  (200)
I, [2014-04-05T16:03:41.555901 #17242]  INFO -- : Player Mr Bazinga responded with OK (200)
I, [2014-04-05T16:03:41.560694 #17242]  INFO -- : Player NoCo responded with  (200)
I, [2014-04-05T16:03:41.561624 #17242]  INFO -- : NoCo received hole_card King of Hearts
I, [2014-04-05T16:03:41.562247 #17242]  INFO -- : Mr Bazinga received hole_card Queen of Clubs
I, [2014-04-05T16:03:41.562917 #17242]  INFO -- : NoCo received hole_card 10 of Diamonds
I, [2014-04-05T16:03:41.563465 #17242]  INFO -- : Mr Bazinga received hole_card 7 of Diamonds
I, [2014-04-05T16:03:41.564544 #17242]  INFO -- : NoCo made a bet of 80 (raise) and is left with 980 chips. The pot now contains 80 chips.
I, [2014-04-05T16:03:41.565356 #17242]  INFO -- : Mr Bazinga made a bet of 160 (raise) and is left with 1780 chips. The pot now contains 240 chips.
I, [2014-04-05T16:03:41.570669 #17242]  INFO -- : Player NoCo responded with 160 (200)
I, [2014-04-05T16:03:41.571391 #17242]  INFO -- : NoCo made a bet of 160 (raise) and is left with 820 chips. The pot now contains 400 chips.
I, [2014-04-05T16:03:41.574334 #17242]  INFO -- : Player Mr Bazinga responded with 0 (200)
I, [2014-04-05T16:03:41.575217 #17242]  INFO -- : Mr Bazinga made a bet of 0 (fold) and is left with 1780 chips. The pot now contains 400 chips.
I, [2014-04-05T16:03:41.576625 #17242]  INFO -- : NoCo won 400
I, [2014-04-05T16:03:41.581090 #17242]  INFO -- : Player R3T responded with  (200)
I, [2014-04-05T16:03:41.585176 #17242]  INFO -- : Player Mr Bazinga responded with OK (200)
I, [2014-04-05T16:03:41.588441 #17242]  INFO -- : Player NoCo responded with  (200)
I, [2014-04-05T16:03:41.589414 #17242]  INFO -- : Mr Bazinga received hole_card 2 of Hearts
I, [2014-04-05T16:03:41.590099 #17242]  INFO -- : NoCo received hole_card Jack of Diamonds
I, [2014-04-05T16:03:41.590845 #17242]  INFO -- : Mr Bazinga received hole_card 10 of Diamonds
I, [2014-04-05T16:03:41.591542 #17242]  INFO -- : NoCo received hole_card 8 of Spades
I, [2014-04-05T16:03:41.592349 #17242]  INFO -- : Mr Bazinga made a bet of 80 (raise) and is left with 1700 chips. The pot now contains 80 chips.
I, [2014-04-05T16:03:41.592603 #17242]  INFO -- : NoCo made a bet of 160 (raise) and is left with 1060 chips. The pot now contains 240 chips.
I, [2014-04-05T16:03:41.596382 #17242]  INFO -- : Player Mr Bazinga responded with 0 (200)
I, [2014-04-05T16:03:41.597061 #17242]  INFO -- : Mr Bazinga made a bet of 0 (fold) and is left with 1700 chips. The pot now contains 240 chips.
I, [2014-04-05T16:03:41.600336 #17242]  INFO -- : Player NoCo responded with 160 (200)
I, [2014-04-05T16:03:41.600649 #17242]  INFO -- : NoCo made a bet of 160 (raise) and is left with 900 chips. The pot now contains 400 chips.
I, [2014-04-05T16:03:41.601196 #17242]  INFO -- : NoCo won 400
I, [2014-04-05T16:03:41.604731 #17242]  INFO -- : Player R3T responded with  (200)
I, [2014-04-05T16:03:41.607350 #17242]  INFO -- : Player Mr Bazinga responded with OK (200)
I, [2014-04-05T16:03:41.609953 #17242]  INFO -- : Player NoCo responded with  (200)
I, [2014-04-05T16:03:41.610231 #17242]  INFO -- : NoCo received hole_card 6 of Clubs
I, [2014-04-05T16:03:41.610381 #17242]  INFO -- : Mr Bazinga received hole_card Jack of Spades
I, [2014-04-05T16:03:41.610549 #17242]  INFO -- : NoCo received hole_card 9 of Clubs
I, [2014-04-05T16:03:41.610706 #17242]  INFO -- : Mr Bazinga received hole_card Jack of Hearts
I, [2014-04-05T16:03:41.610959 #17242]  INFO -- : NoCo made a bet of 80 (raise) and is left with 1220 chips. The pot now contains 80 chips.
I, [2014-04-05T16:03:41.611566 #17242]  INFO -- : Mr Bazinga made a bet of 160 (raise) and is left with 1540 chips. The pot now contains 240 chips.
I, [2014-04-05T16:03:41.614183 #17242]  INFO -- : Player NoCo responded with 60 (200)
I, [2014-04-05T16:03:41.614379 #17242]  INFO -- : NoCo made a bet of 0 (fold) and is left with 1220 chips. The pot now contains 240 chips.
I, [2014-04-05T16:03:41.614722 #17242]  INFO -- : Mr Bazinga won 240
I, [2014-04-05T16:03:41.616997 #17242]  INFO -- : Player R3T responded with  (200)
I, [2014-04-05T16:03:41.620501 #17242]  INFO -- : Player Mr Bazinga responded with OK (200)
I, [2014-04-05T16:03:41.625235 #17242]  INFO -- : Player NoCo responded with  (200)
I, [2014-04-05T16:03:41.626000 #17242]  INFO -- : Mr Bazinga received hole_card 6 of Spades
I, [2014-04-05T16:03:41.626512 #17242]  INFO -- : NoCo received hole_card Ace of Hearts
I, [2014-04-05T16:03:41.626950 #17242]  INFO -- : Mr Bazinga received hole_card 3 of Diamonds
I, [2014-04-05T16:03:41.627863 #17242]  INFO -- : NoCo received hole_card 4 of Spades
I, [2014-04-05T16:03:41.628447 #17242]  INFO -- : Mr Bazinga made a bet of 80 (raise) and is left with 1700 chips. The pot now contains 80 chips.
I, [2014-04-05T16:03:41.628699 #17242]  INFO -- : NoCo made a bet of 160 (raise) and is left with 1060 chips. The pot now contains 240 chips.
I, [2014-04-05T16:03:41.631734 #17242]  INFO -- : Player Mr Bazinga responded with 0 (200)
I, [2014-04-05T16:03:41.632020 #17242]  INFO -- : Mr Bazinga made a bet of 0 (fold) and is left with 1700 chips. The pot now contains 240 chips.
I, [2014-04-05T16:03:41.634364 #17242]  INFO -- : Player NoCo responded with 160 (200)
I, [2014-04-05T16:03:41.634798 #17242]  INFO -- : NoCo made a bet of 160 (raise) and is left with 900 chips. The pot now contains 400 chips.
I, [2014-04-05T16:03:41.635795 #17242]  INFO -- : NoCo won 400
I, [2014-04-05T16:03:41.639250 #17242]  INFO -- : Player R3T responded with  (200)
I, [2014-04-05T16:03:41.641376 #17242]  INFO -- : Player Mr Bazinga responded with OK (200)
I, [2014-04-05T16:03:41.643295 #17242]  INFO -- : Player NoCo responded with  (200)
I, [2014-04-05T16:03:41.643838 #17242]  INFO -- : NoCo received hole_card 3 of Hearts
I, [2014-04-05T16:03:41.644222 #17242]  INFO -- : Mr Bazinga received hole_card Queen of Diamonds
I, [2014-04-05T16:03:41.644648 #17242]  INFO -- : NoCo received hole_card 7 of Spades
I, [2014-04-05T16:03:41.644979 #17242]  INFO -- : Mr Bazinga received hole_card Jack of Clubs
I, [2014-04-05T16:03:41.645493 #17242]  INFO -- : NoCo made a bet of 160 (raise) and is left with 1140 chips. The pot now contains 160 chips.
I, [2014-04-05T16:03:41.645967 #17242]  INFO -- : Mr Bazinga made a bet of 320 (raise) and is left with 1380 chips. The pot now contains 480 chips.
I, [2014-04-05T16:03:41.648361 #17242]  INFO -- : Player NoCo responded with 0 (200)
I, [2014-04-05T16:03:41.648620 #17242]  INFO -- : NoCo made a bet of 0 (fold) and is left with 1140 chips. The pot now contains 480 chips.
I, [2014-04-05T16:03:41.649107 #17242]  INFO -- : Mr Bazinga won 480
I, [2014-04-05T16:03:41.652801 #17242]  INFO -- : Player R3T responded with  (200)
I, [2014-04-05T16:03:41.657098 #17242]  INFO -- : Player Mr Bazinga responded with OK (200)
I, [2014-04-05T16:03:41.662373 #17242]  INFO -- : Player NoCo responded with  (200)
I, [2014-04-05T16:03:41.663242 #17242]  INFO -- : Mr Bazinga received hole_card 10 of Spades
I, [2014-04-05T16:03:41.663635 #17242]  INFO -- : NoCo received hole_card 9 of Clubs
I, [2014-04-05T16:03:41.663884 #17242]  INFO -- : Mr Bazinga received hole_card 2 of Clubs
I, [2014-04-05T16:03:41.664127 #17242]  INFO -- : NoCo received hole_card 3 of Clubs
I, [2014-04-05T16:03:41.664483 #17242]  INFO -- : Mr Bazinga made a bet of 160 (raise) and is left with 1700 chips. The pot now contains 160 chips.
I, [2014-04-05T16:03:41.664811 #17242]  INFO -- : NoCo made a bet of 320 (raise) and is left with 820 chips. The pot now contains 480 chips.
I, [2014-04-05T16:03:41.669555 #17242]  INFO -- : Player Mr Bazinga responded with 0 (200)
I, [2014-04-05T16:03:41.670402 #17242]  INFO -- : Mr Bazinga made a bet of 0 (fold) and is left with 1700 chips. The pot now contains 480 chips.
I, [2014-04-05T16:03:41.675492 #17242]  INFO -- : Player NoCo responded with 320 (200)
I, [2014-04-05T16:03:41.676256 #17242]  INFO -- : NoCo made a bet of 320 (raise) and is left with 500 chips. The pot now contains 800 chips.
I, [2014-04-05T16:03:41.677430 #17242]  INFO -- : NoCo won 800
I, [2014-04-05T16:03:41.683287 #17242]  INFO -- : Player R3T responded with  (200)
I, [2014-04-05T16:03:41.689564 #17242]  INFO -- : Player Mr Bazinga responded with OK (200)
I, [2014-04-05T16:03:41.693919 #17242]  INFO -- : Player NoCo responded with  (200)
I, [2014-04-05T16:03:41.694331 #17242]  INFO -- : NoCo received hole_card 2 of Hearts
I, [2014-04-05T16:03:41.694561 #17242]  INFO -- : Mr Bazinga received hole_card 10 of Diamonds
I, [2014-04-05T16:03:41.694793 #17242]  INFO -- : NoCo received hole_card Queen of Spades
I, [2014-04-05T16:03:41.695016 #17242]  INFO -- : Mr Bazinga received hole_card 6 of Spades
I, [2014-04-05T16:03:41.695680 #17242]  INFO -- : NoCo made a bet of 160 (raise) and is left with 1140 chips. The pot now contains 160 chips.
I, [2014-04-05T16:03:41.696801 #17242]  INFO -- : Mr Bazinga made a bet of 320 (raise) and is left with 1380 chips. The pot now contains 480 chips.
I, [2014-04-05T16:03:41.703603 #17242]  INFO -- : Player NoCo responded with 0 (200)
I, [2014-04-05T16:03:41.704280 #17242]  INFO -- : NoCo made a bet of 0 (fold) and is left with 1140 chips. The pot now contains 480 chips.
I, [2014-04-05T16:03:41.705634 #17242]  INFO -- : Mr Bazinga won 480
I, [2014-04-05T16:03:41.711044 #17242]  INFO -- : Player R3T responded with  (200)
I, [2014-04-05T16:03:41.715647 #17242]  INFO -- : Player Mr Bazinga responded with OK (200)
I, [2014-04-05T16:03:41.718500 #17242]  INFO -- : Player NoCo responded with  (200)
I, [2014-04-05T16:03:41.718838 #17242]  INFO -- : Mr Bazinga received hole_card 9 of Hearts
I, [2014-04-05T16:03:41.719020 #17242]  INFO -- : NoCo received hole_card Ace of Clubs
I, [2014-04-05T16:03:41.719232 #17242]  INFO -- : Mr Bazinga received hole_card 5 of Diamonds
I, [2014-04-05T16:03:41.719443 #17242]  INFO -- : NoCo received hole_card Queen of Spades
I, [2014-04-05T16:03:41.719730 #17242]  INFO -- : Mr Bazinga made a bet of 160 (raise) and is left with 1700 chips. The pot now contains 160 chips.
I, [2014-04-05T16:03:41.719986 #17242]  INFO -- : NoCo made a bet of 320 (raise) and is left with 820 chips. The pot now contains 480 chips.
I, [2014-04-05T16:03:41.722033 #17242]  INFO -- : Player Mr Bazinga responded with 0 (200)
I, [2014-04-05T16:03:41.722471 #17242]  INFO -- : Mr Bazinga made a bet of 0 (fold) and is left with 1700 chips. The pot now contains 480 chips.
I, [2014-04-05T16:03:41.724946 #17242]  INFO -- : Player NoCo responded with 820 (200)
I, [2014-04-05T16:03:41.725421 #17242]  INFO -- : NoCo made a bet of 820 (allin) and is left with 0 chips. The pot now contains 1300 chips.
I, [2014-04-05T16:03:41.726187 #17242]  INFO -- : NoCo won 1300
I, [2014-04-05T16:03:41.729127 #17242]  INFO -- : Player R3T responded with  (200)
I, [2014-04-05T16:03:41.732416 #17242]  INFO -- : Player Mr Bazinga responded with OK (200)
I, [2014-04-05T16:03:41.736316 #17242]  INFO -- : Player NoCo responded with  (200)
I, [2014-04-05T16:03:41.737058 #17242]  INFO -- : NoCo received hole_card 10 of Spades
I, [2014-04-05T16:03:41.737519 #17242]  INFO -- : Mr Bazinga received hole_card 8 of Hearts
I, [2014-04-05T16:03:41.738007 #17242]  INFO -- : NoCo received hole_card King of Clubs
I, [2014-04-05T16:03:41.738437 #17242]  INFO -- : Mr Bazinga received hole_card 9 of Spades
I, [2014-04-05T16:03:41.739162 #17242]  INFO -- : NoCo made a bet of 160 (raise) and is left with 1140 chips. The pot now contains 160 chips.
I, [2014-04-05T16:03:41.739993 #17242]  INFO -- : Mr Bazinga made a bet of 320 (raise) and is left with 1380 chips. The pot now contains 480 chips.
I, [2014-04-05T16:03:41.744472 #17242]  INFO -- : Player NoCo responded with 320 (200)
I, [2014-04-05T16:03:41.745155 #17242]  INFO -- : NoCo made a bet of 320 (raise) and is left with 820 chips. The pot now contains 800 chips.
I, [2014-04-05T16:03:41.749934 #17242]  INFO -- : Player Mr Bazinga responded with 0 (200)
I, [2014-04-05T16:03:41.750677 #17242]  INFO -- : Mr Bazinga made a bet of 0 (fold) and is left with 1380 chips. The pot now contains 800 chips.
I, [2014-04-05T16:03:41.751875 #17242]  INFO -- : NoCo won 800
I, [2014-04-05T16:03:41.755764 #17242]  INFO -- : Player R3T responded with  (200)
I, [2014-04-05T16:03:41.760244 #17242]  INFO -- : Player Mr Bazinga responded with OK (200)
I, [2014-04-05T16:03:41.763017 #17242]  INFO -- : Player NoCo responded with  (200)
I, [2014-04-05T16:03:41.763322 #17242]  INFO -- : Mr Bazinga received hole_card 9 of Diamonds
I, [2014-04-05T16:03:41.763491 #17242]  INFO -- : NoCo received hole_card 4 of Diamonds
I, [2014-04-05T16:03:41.763668 #17242]  INFO -- : Mr Bazinga received hole_card 6 of Diamonds
I, [2014-04-05T16:03:41.763837 #17242]  INFO -- : NoCo received hole_card 8 of Diamonds
I, [2014-04-05T16:03:41.764144 #17242]  INFO -- : Mr Bazinga made a bet of 160 (raise) and is left with 1220 chips. The pot now contains 160 chips.
I, [2014-04-05T16:03:41.764380 #17242]  INFO -- : NoCo made a bet of 320 (raise) and is left with 1300 chips. The pot now contains 480 chips.
I, [2014-04-05T16:03:41.766990 #17242]  INFO -- : Player Mr Bazinga responded with 320 (200)
I, [2014-04-05T16:03:41.767541 #17242]  INFO -- : Mr Bazinga made a bet of 320 (raise) and is left with 900 chips. The pot now contains 800 chips.
I, [2014-04-05T16:03:41.772648 #17242]  INFO -- : Player NoCo responded with 480 (200)
I, [2014-04-05T16:03:41.773303 #17242]  INFO -- : NoCo made a bet of 480 (raise) and is left with 820 chips. The pot now contains 1280 chips.
I, [2014-04-05T16:03:41.778443 #17242]  INFO -- : Player Mr Bazinga responded with 640 (200)
I, [2014-04-05T16:03:41.779087 #17242]  INFO -- : Mr Bazinga made a bet of 640 (raise) and is left with 260 chips. The pot now contains 1920 chips.
I, [2014-04-05T16:03:41.783151 #17242]  INFO -- : Player NoCo responded with 1120 (200)
I, [2014-04-05T16:03:41.783391 #17242]  INFO -- : NoCo made a bet of 820 (allin) and is left with 0 chips. The pot now contains 2740 chips.
I, [2014-04-05T16:03:41.787132 #17242]  INFO -- : Player Mr Bazinga responded with 1000 (200)
I, [2014-04-05T16:03:41.787627 #17242]  INFO -- : Mr Bazinga made a bet of 260 (allin) and is left with 0 chips. The pot now contains 3000 chips.
I, [2014-04-05T16:03:41.788348 #17242]  INFO -- : community card 10 of Hearts
I, [2014-04-05T16:03:41.788990 #17242]  INFO -- : community card Jack of Diamonds
I, [2014-04-05T16:03:41.789492 #17242]  INFO -- : community card 10 of Clubs
I, [2014-04-05T16:03:41.790156 #17242]  INFO -- : community card 3 of Spades
I, [2014-04-05T16:03:41.790988 #17242]  INFO -- : community card 4 of Hearts
I, [2014-04-05T16:03:41.792741 #17242]  INFO -- : NoCo showed 4 of Hearts,4 of Diamonds,10 of Hearts,10 of Clubs,Jack of Diamonds making a two pairs
I, [2014-04-05T16:03:41.794047 #17242]  INFO -- : NoCo won 3000
I, [2014-04-05T16:03:41.798783 #17242]  INFO -- : Player R3T responded with  (200)
I, [2014-04-05T16:03:41.803419 #17242]  INFO -- : Player Mr Bazinga responded with OK (200)
I, [2014-04-05T16:03:41.808398 #17242]  INFO -- : Player NoCo responded with  (200)
