# Logfile created on 2014-04-05 13:41:47 +0200 by logger.rb/44203
I, [2014-04-05T13:41:47.986602 #16462]  INFO -- : Reseting R3T to origin/master
I, [2014-04-05T13:41:48.895586 #16462]  INFO -- : Reseting Mr Bazinga to origin/master
I, [2014-04-05T13:41:49.704668 #16462]  INFO -- : Reseting NoCo to origin/master
I, [2014-04-05T13:41:50.565631 #16462]  INFO -- : Connected R3T at http://localhost:8080/
I, [2014-04-05T13:41:50.567512 #16462]  INFO -- : Connected Mr Bazinga at http://localhost:1337/
I, [2014-04-05T13:41:50.570127 #16462]  INFO -- : Connected NoCo at http://localhost:8000/player_service.php
E, [2014-04-05T13:41:50.572947 #16462] ERROR -- : Connection refused - connect(2) for "localhost" port 8080
E, [2014-04-05T13:41:50.573081 #16462] ERROR -- : Player R3T is unreachable
I, [2014-04-05T13:41:50.573161 #16462]  INFO -- : Waiting for players to start
E, [2014-04-05T13:41:51.573903 #16462] ERROR -- : Connection refused - connect(2) for "localhost" port 8080
E, [2014-04-05T13:41:51.574018 #16462] ERROR -- : Player R3T is unreachable
I, [2014-04-05T13:41:51.574066 #16462]  INFO -- : Waiting for players to start
E, [2014-04-05T13:41:52.578836 #16462] ERROR -- : Connection refused - connect(2) for "localhost" port 8080
E, [2014-04-05T13:41:52.579166 #16462] ERROR -- : Player R3T is unreachable
I, [2014-04-05T13:41:52.579377 #16462]  INFO -- : Waiting for players to start
E, [2014-04-05T13:41:53.588989 #16462] ERROR -- : Connection refused - connect(2) for "localhost" port 8080
E, [2014-04-05T13:41:53.589287 #16462] ERROR -- : Player R3T is unreachable
I, [2014-04-05T13:41:53.589431 #16462]  INFO -- : Waiting for players to start
E, [2014-04-05T13:41:54.600146 #16462] ERROR -- : Connection refused - connect(2) for "localhost" port 8080
E, [2014-04-05T13:41:54.600371 #16462] ERROR -- : Player R3T is unreachable
I, [2014-04-05T13:41:54.600488 #16462]  INFO -- : Waiting for players to start
E, [2014-04-05T13:41:55.607749 #16462] ERROR -- : Connection refused - connect(2) for "localhost" port 8080
E, [2014-04-05T13:41:55.608065 #16462] ERROR -- : Player R3T is unreachable
I, [2014-04-05T13:41:55.608191 #16462]  INFO -- : Waiting for players to start
E, [2014-04-05T13:41:56.616309 #16462] ERROR -- : Connection refused - connect(2) for "localhost" port 8080
E, [2014-04-05T13:41:56.616511 #16462] ERROR -- : Player R3T is unreachable
I, [2014-04-05T13:41:56.616613 #16462]  INFO -- : Waiting for players to start
E, [2014-04-05T13:41:57.619389 #16462] ERROR -- : Connection refused - connect(2) for "localhost" port 8080
E, [2014-04-05T13:41:57.619749 #16462] ERROR -- : Player R3T is unreachable
I, [2014-04-05T13:41:57.619905 #16462]  INFO -- : Waiting for players to start
E, [2014-04-05T13:41:58.620791 #16462] ERROR -- : Connection refused - connect(2) for "localhost" port 8080
E, [2014-04-05T13:41:58.620946 #16462] ERROR -- : Player R3T is unreachable
I, [2014-04-05T13:41:58.621039 #16462]  INFO -- : Waiting for players to start
E, [2014-04-05T13:41:59.621644 #16462] ERROR -- : Connection refused - connect(2) for "localhost" port 8080
E, [2014-04-05T13:41:59.621855 #16462] ERROR -- : Player R3T is unreachable
I, [2014-04-05T13:41:59.621939 #16462]  INFO -- : Waiting for players to start
E, [2014-04-05T13:42:00.622559 #16462] ERROR -- : Connection refused - connect(2) for "localhost" port 8080
E, [2014-04-05T13:42:00.622715 #16462] ERROR -- : Player R3T is unreachable
I, [2014-04-05T13:42:00.622861 #16462]  INFO -- : Waiting for players to start
E, [2014-04-05T13:42:01.623432 #16462] ERROR -- : Connection refused - connect(2) for "localhost" port 8080
E, [2014-04-05T13:42:01.623565 #16462] ERROR -- : Player R3T is unreachable
I, [2014-04-05T13:42:01.623624 #16462]  INFO -- : Waiting for players to start
E, [2014-04-05T13:42:02.624176 #16462] ERROR -- : Connection refused - connect(2) for "localhost" port 8080
E, [2014-04-05T13:42:02.624315 #16462] ERROR -- : Player R3T is unreachable
I, [2014-04-05T13:42:02.624425 #16462]  INFO -- : Waiting for players to start
E, [2014-04-05T13:42:03.625052 #16462] ERROR -- : Connection refused - connect(2) for "localhost" port 8080
E, [2014-04-05T13:42:03.625182 #16462] ERROR -- : Player R3T is unreachable
I, [2014-04-05T13:42:03.625230 #16462]  INFO -- : Waiting for players to start
E, [2014-04-05T13:42:04.625834 #16462] ERROR -- : Connection refused - connect(2) for "localhost" port 8080
E, [2014-04-05T13:42:04.625977 #16462] ERROR -- : Player R3T is unreachable
I, [2014-04-05T13:42:04.626060 #16462]  INFO -- : Waiting for players to start
E, [2014-04-05T13:42:06.130245 #16462] ERROR -- : Net::ReadTimeout
E, [2014-04-05T13:42:06.130375 #16462] ERROR -- : Player R3T is unreachable
I, [2014-04-05T13:42:06.130450 #16462]  INFO -- : Waiting for players to start
I, [2014-04-05T13:42:07.164235 #16462]  INFO -- : Player R3T responded with  (200)
I, [2014-04-05T13:42:07.182075 #16462]  INFO -- : Player Mr Bazinga responded with OK (200)
I, [2014-04-05T13:42:07.184441 #16462]  INFO -- : Player NoCo responded with  (200)
I, [2014-04-05T13:42:07.184532 #16462]  INFO -- : Players are running
I, [2014-04-05T13:42:07.216402 #16462]  INFO -- : Player R3T responded with v0.2 always in (200)
I, [2014-04-05T13:42:07.219061 #16462]  INFO -- : Player Mr Bazinga responded with Mr Bazinga PreFlop Version (200)
I, [2014-04-05T13:42:07.220291 #16462]  INFO -- : Player NoCo responded with NoCo1300 (200)
I, [2014-04-05T13:42:07.220614 #16462]  INFO -- : Mr Bazinga received hole_card 5 of Diamonds
I, [2014-04-05T13:42:07.220842 #16462]  INFO -- : NoCo received hole_card 8 of Spades
I, [2014-04-05T13:42:07.221033 #16462]  INFO -- : R3T received hole_card 3 of Diamonds
I, [2014-04-05T13:42:07.221260 #16462]  INFO -- : Mr Bazinga received hole_card Queen of Spades
I, [2014-04-05T13:42:07.221483 #16462]  INFO -- : NoCo received hole_card 2 of Clubs
I, [2014-04-05T13:42:07.221695 #16462]  INFO -- : R3T received hole_card 4 of Diamonds
I, [2014-04-05T13:42:07.223391 #16462]  INFO -- : Mr Bazinga made a bet of 10 (raise) and is left with 990 chips. The pot now contains 10 chips.
I, [2014-04-05T13:42:07.223715 #16462]  INFO -- : NoCo made a bet of 20 (raise) and is left with 980 chips. The pot now contains 30 chips.
I, [2014-04-05T13:42:07.288198 #16462]  INFO -- : Player R3T responded with 320 (200)
I, [2014-04-05T13:42:07.288432 #16462]  INFO -- : R3T made a bet of 320 (raise) and is left with 680 chips. The pot now contains 350 chips.
I, [2014-04-05T13:42:07.293313 #16462]  INFO -- : Player Mr Bazinga responded with 0 (200)
I, [2014-04-05T13:42:07.293928 #16462]  INFO -- : Mr Bazinga made a bet of 0 (fold) and is left with 990 chips. The pot now contains 350 chips.
I, [2014-04-05T13:42:07.297493 #16462]  INFO -- : Player NoCo responded with 39 (200)
I, [2014-04-05T13:42:07.297774 #16462]  INFO -- : NoCo made a bet of 0 (fold) and is left with 980 chips. The pot now contains 350 chips.
I, [2014-04-05T13:42:07.298297 #16462]  INFO -- : R3T won 350
I, [2014-04-05T13:42:07.302409 #16462]  INFO -- : Player R3T responded with  (200)
I, [2014-04-05T13:42:07.304532 #16462]  INFO -- : Player Mr Bazinga responded with OK (200)
I, [2014-04-05T13:42:07.306327 #16462]  INFO -- : Player NoCo responded with  (200)
I, [2014-04-05T13:42:07.306677 #16462]  INFO -- : NoCo received hole_card 9 of Clubs
I, [2014-04-05T13:42:07.306874 #16462]  INFO -- : R3T received hole_card 5 of Clubs
I, [2014-04-05T13:42:07.307030 #16462]  INFO -- : Mr Bazinga received hole_card 7 of Spades
I, [2014-04-05T13:42:07.307217 #16462]  INFO -- : NoCo received hole_card 9 of Diamonds
I, [2014-04-05T13:42:07.307393 #16462]  INFO -- : R3T received hole_card Jack of Spades
I, [2014-04-05T13:42:07.307573 #16462]  INFO -- : Mr Bazinga received hole_card Ace of Diamonds
I, [2014-04-05T13:42:07.307884 #16462]  INFO -- : NoCo made a bet of 10 (raise) and is left with 970 chips. The pot now contains 10 chips.
I, [2014-04-05T13:42:07.308180 #16462]  INFO -- : R3T made a bet of 20 (raise) and is left with 1010 chips. The pot now contains 30 chips.
I, [2014-04-05T13:42:07.310158 #16462]  INFO -- : Player Mr Bazinga responded with 0 (200)
I, [2014-04-05T13:42:07.310439 #16462]  INFO -- : Mr Bazinga made a bet of 0 (fold) and is left with 990 chips. The pot now contains 30 chips.
I, [2014-04-05T13:42:07.313310 #16462]  INFO -- : Player NoCo responded with 257 (200)
I, [2014-04-05T13:42:07.313545 #16462]  INFO -- : NoCo made a bet of 257 (raise) and is left with 713 chips. The pot now contains 287 chips.
I, [2014-04-05T13:42:07.318305 #16462]  INFO -- : Player R3T responded with 267 (200)
I, [2014-04-05T13:42:07.318846 #16462]  INFO -- : R3T made a bet of 247 (call) and is left with 763 chips. The pot now contains 534 chips.
I, [2014-04-05T13:42:07.319382 #16462]  INFO -- : community card King of Diamonds
I, [2014-04-05T13:42:07.319780 #16462]  INFO -- : community card 10 of Diamonds
I, [2014-04-05T13:42:07.320113 #16462]  INFO -- : community card Ace of Clubs
I, [2014-04-05T13:42:07.322107 #16462]  INFO -- : Player NoCo responded with 305 (200)
I, [2014-04-05T13:42:07.322338 #16462]  INFO -- : NoCo made a bet of 305 (raise) and is left with 408 chips. The pot now contains 839 chips.
I, [2014-04-05T13:42:07.345386 #16462]  INFO -- : Player R3T responded with 572 (200)
I, [2014-04-05T13:42:07.345849 #16462]  INFO -- : R3T made a bet of 305 (call) and is left with 458 chips. The pot now contains 1144 chips.
I, [2014-04-05T13:42:07.346385 #16462]  INFO -- : community card 6 of Diamonds
I, [2014-04-05T13:42:07.349548 #16462]  INFO -- : Player NoCo responded with 87 (200)
I, [2014-04-05T13:42:07.349826 #16462]  INFO -- : NoCo made a bet of 87 (raise) and is left with 321 chips. The pot now contains 1231 chips.
I, [2014-04-05T13:42:07.362963 #16462]  INFO -- : Player R3T responded with 659 (200)
I, [2014-04-05T13:42:07.363969 #16462]  INFO -- : R3T made a bet of 458 (allin) and is left with 0 chips. The pot now contains 1689 chips.
I, [2014-04-05T13:42:07.369222 #16462]  INFO -- : Player NoCo responded with 121 (200)
I, [2014-04-05T13:42:07.369591 #16462]  INFO -- : NoCo made a bet of 0 (fold) and is left with 321 chips. The pot now contains 1689 chips.
I, [2014-04-05T13:42:07.370356 #16462]  INFO -- : R3T won 1689
I, [2014-04-05T13:42:07.373578 #16462]  INFO -- : Player R3T responded with  (200)
I, [2014-04-05T13:42:07.377346 #16462]  INFO -- : Player Mr Bazinga responded with OK (200)
I, [2014-04-05T13:42:07.381915 #16462]  INFO -- : Player NoCo responded with  (200)
I, [2014-04-05T13:42:07.383351 #16462]  INFO -- : R3T received hole_card Ace of Spades
I, [2014-04-05T13:42:07.383648 #16462]  INFO -- : Mr Bazinga received hole_card 8 of Diamonds
I, [2014-04-05T13:42:07.383932 #16462]  INFO -- : NoCo received hole_card 8 of Hearts
I, [2014-04-05T13:42:07.385013 #16462]  INFO -- : R3T received hole_card 4 of Hearts
I, [2014-04-05T13:42:07.385277 #16462]  INFO -- : Mr Bazinga received hole_card 6 of Spades
I, [2014-04-05T13:42:07.385634 #16462]  INFO -- : NoCo received hole_card 10 of Clubs
I, [2014-04-05T13:42:07.386116 #16462]  INFO -- : R3T made a bet of 10 (raise) and is left with 1679 chips. The pot now contains 10 chips.
I, [2014-04-05T13:42:07.386563 #16462]  INFO -- : Mr Bazinga made a bet of 20 (raise) and is left with 970 chips. The pot now contains 30 chips.
I, [2014-04-05T13:42:07.388298 #16462]  INFO -- : Player NoCo responded with 577 (200)
I, [2014-04-05T13:42:07.388540 #16462]  INFO -- : NoCo made a bet of 321 (allin) and is left with 0 chips. The pot now contains 351 chips.
I, [2014-04-05T13:42:07.393656 #16462]  INFO -- : Player R3T responded with 321 (200)
I, [2014-04-05T13:42:07.394203 #16462]  INFO -- : R3T made a bet of 311 (call) and is left with 1368 chips. The pot now contains 662 chips.
I, [2014-04-05T13:42:07.396880 #16462]  INFO -- : Player Mr Bazinga responded with 0 (200)
I, [2014-04-05T13:42:07.397330 #16462]  INFO -- : Mr Bazinga made a bet of 0 (fold) and is left with 970 chips. The pot now contains 662 chips.
I, [2014-04-05T13:42:07.398602 #16462]  INFO -- : community card Jack of Clubs
I, [2014-04-05T13:42:07.399398 #16462]  INFO -- : community card 7 of Hearts
I, [2014-04-05T13:42:07.401818 #16462]  INFO -- : community card 5 of Spades
I, [2014-04-05T13:42:07.402301 #16462]  INFO -- : community card Queen of Diamonds
I, [2014-04-05T13:42:07.402684 #16462]  INFO -- : community card 3 of Spades
I, [2014-04-05T13:42:07.403537 #16462]  INFO -- : NoCo showed 7 of Hearts,8 of Hearts,10 of Clubs,Jack of Clubs,Queen of Diamonds making a high card
I, [2014-04-05T13:42:07.404349 #16462]  INFO -- : R3T showed 5 of Spades,7 of Hearts,Jack of Clubs,Queen of Diamonds,Ace of Spades making a high card
I, [2014-04-05T13:42:07.404737 #16462]  INFO -- : R3T won 662
I, [2014-04-05T13:42:07.408155 #16462]  INFO -- : Player R3T responded with  (200)
I, [2014-04-05T13:42:07.417941 #16462]  INFO -- : Player Mr Bazinga responded with OK (200)
I, [2014-04-05T13:42:07.420073 #16462]  INFO -- : Player NoCo responded with  (200)
I, [2014-04-05T13:42:07.420577 #16462]  INFO -- : Mr Bazinga received hole_card Queen of Clubs
I, [2014-04-05T13:42:07.420834 #16462]  INFO -- : R3T received hole_card Ace of Spades
I, [2014-04-05T13:42:07.420983 #16462]  INFO -- : Mr Bazinga received hole_card 2 of Hearts
I, [2014-04-05T13:42:07.421147 #16462]  INFO -- : R3T received hole_card King of Hearts
I, [2014-04-05T13:42:07.421443 #16462]  INFO -- : Mr Bazinga made a bet of 10 (raise) and is left with 960 chips. The pot now contains 10 chips.
I, [2014-04-05T13:42:07.421694 #16462]  INFO -- : R3T made a bet of 20 (raise) and is left with 2010 chips. The pot now contains 30 chips.
I, [2014-04-05T13:42:07.423827 #16462]  INFO -- : Player Mr Bazinga responded with 0 (200)
I, [2014-04-05T13:42:07.424130 #16462]  INFO -- : Mr Bazinga made a bet of 0 (fold) and is left with 960 chips. The pot now contains 30 chips.
I, [2014-04-05T13:42:07.424582 #16462]  INFO -- : R3T won 30
I, [2014-04-05T13:42:07.427079 #16462]  INFO -- : Player R3T responded with  (200)
I, [2014-04-05T13:42:07.428739 #16462]  INFO -- : Player Mr Bazinga responded with OK (200)
I, [2014-04-05T13:42:07.431274 #16462]  INFO -- : Player NoCo responded with  (200)
I, [2014-04-05T13:42:07.431719 #16462]  INFO -- : R3T received hole_card 5 of Spades
I, [2014-04-05T13:42:07.431891 #16462]  INFO -- : Mr Bazinga received hole_card 8 of Diamonds
I, [2014-04-05T13:42:07.432130 #16462]  INFO -- : R3T received hole_card 3 of Clubs
I, [2014-04-05T13:42:07.432359 #16462]  INFO -- : Mr Bazinga received hole_card Ace of Diamonds
I, [2014-04-05T13:42:07.433136 #16462]  INFO -- : R3T made a bet of 10 (raise) and is left with 2030 chips. The pot now contains 10 chips.
I, [2014-04-05T13:42:07.433444 #16462]  INFO -- : Mr Bazinga made a bet of 20 (raise) and is left with 940 chips. The pot now contains 30 chips.
I, [2014-04-05T13:42:07.435858 #16462]  INFO -- : Player R3T responded with 20 (200)
I, [2014-04-05T13:42:07.436094 #16462]  INFO -- : R3T made a bet of 20 (raise) and is left with 2010 chips. The pot now contains 50 chips.
I, [2014-04-05T13:42:07.438036 #16462]  INFO -- : Player Mr Bazinga responded with 70 (200)
I, [2014-04-05T13:42:07.438356 #16462]  INFO -- : Mr Bazinga made a bet of 70 (raise) and is left with 870 chips. The pot now contains 120 chips.
I, [2014-04-05T13:42:07.441264 #16462]  INFO -- : Player R3T responded with 90 (200)
I, [2014-04-05T13:42:07.441690 #16462]  INFO -- : R3T made a bet of 60 (call) and is left with 1950 chips. The pot now contains 180 chips.
I, [2014-04-05T13:42:07.442000 #16462]  INFO -- : community card 2 of Hearts
I, [2014-04-05T13:42:07.442280 #16462]  INFO -- : community card 10 of Clubs
I, [2014-04-05T13:42:07.442500 #16462]  INFO -- : community card 9 of Hearts
I, [2014-04-05T13:42:07.454567 #16462]  INFO -- : Player R3T responded with 90 (200)
I, [2014-04-05T13:42:07.454837 #16462]  INFO -- : R3T made a bet of 90 (raise) and is left with 1860 chips. The pot now contains 270 chips.
I, [2014-04-05T13:42:07.457086 #16462]  INFO -- : Player Mr Bazinga responded with 230 (200)
I, [2014-04-05T13:42:07.457361 #16462]  INFO -- : Mr Bazinga made a bet of 230 (raise) and is left with 640 chips. The pot now contains 500 chips.
I, [2014-04-05T13:42:07.467085 #16462]  INFO -- : Player R3T responded with 320 (200)
I, [2014-04-05T13:42:07.467370 #16462]  INFO -- : R3T made a bet of 320 (raise) and is left with 1540 chips. The pot now contains 820 chips.
I, [2014-04-05T13:42:07.469273 #16462]  INFO -- : Player Mr Bazinga responded with 410 (200)
I, [2014-04-05T13:42:07.469502 #16462]  INFO -- : Mr Bazinga made a bet of 410 (raise) and is left with 230 chips. The pot now contains 1230 chips.
I, [2014-04-05T13:42:07.482786 #16462]  INFO -- : Player R3T responded with 730 (200)
I, [2014-04-05T13:42:07.483047 #16462]  INFO -- : R3T made a bet of 730 (raise) and is left with 810 chips. The pot now contains 1960 chips.
I, [2014-04-05T13:42:07.484552 #16462]  INFO -- : Player Mr Bazinga responded with 1050 (200)
I, [2014-04-05T13:42:07.484743 #16462]  INFO -- : Mr Bazinga made a bet of 230 (allin) and is left with 0 chips. The pot now contains 2190 chips.
I, [2014-04-05T13:42:07.484927 #16462]  INFO -- : community card 10 of Spades
I, [2014-04-05T13:42:07.485123 #16462]  INFO -- : community card Jack of Clubs
I, [2014-04-05T13:42:07.485575 #16462]  INFO -- : R3T showed 5 of Spades,9 of Hearts,10 of Spades,10 of Clubs,Jack of Clubs making a pair
I, [2014-04-05T13:42:07.485996 #16462]  INFO -- : Mr Bazinga showed 9 of Hearts,10 of Spades,10 of Clubs,Jack of Clubs,Ace of Diamonds making a pair
I, [2014-04-05T13:42:07.486181 #16462]  INFO -- : Mr Bazinga won 1920
I, [2014-04-05T13:42:07.486501 #16462]  INFO -- : R3T won 270
I, [2014-04-05T13:42:07.489303 #16462]  INFO -- : Player R3T responded with  (200)
I, [2014-04-05T13:42:07.492159 #16462]  INFO -- : Player Mr Bazinga responded with OK (200)
I, [2014-04-05T13:42:07.494396 #16462]  INFO -- : Player NoCo responded with  (200)
I, [2014-04-05T13:42:07.494849 #16462]  INFO -- : Mr Bazinga received hole_card Ace of Diamonds
I, [2014-04-05T13:42:07.495022 #16462]  INFO -- : R3T received hole_card 5 of Spades
I, [2014-04-05T13:42:07.495202 #16462]  INFO -- : Mr Bazinga received hole_card 8 of Spades
I, [2014-04-05T13:42:07.495352 #16462]  INFO -- : R3T received hole_card 10 of Diamonds
I, [2014-04-05T13:42:07.495608 #16462]  INFO -- : Mr Bazinga made a bet of 10 (raise) and is left with 1910 chips. The pot now contains 10 chips.
I, [2014-04-05T13:42:07.495826 #16462]  INFO -- : R3T made a bet of 20 (raise) and is left with 1060 chips. The pot now contains 30 chips.
I, [2014-04-05T13:42:07.497448 #16462]  INFO -- : Player Mr Bazinga responded with 0 (200)
I, [2014-04-05T13:42:07.497765 #16462]  INFO -- : Mr Bazinga made a bet of 0 (fold) and is left with 1910 chips. The pot now contains 30 chips.
I, [2014-04-05T13:42:07.498959 #16462]  INFO -- : R3T won 30
I, [2014-04-05T13:42:07.501762 #16462]  INFO -- : Player R3T responded with  (200)
I, [2014-04-05T13:42:07.505395 #16462]  INFO -- : Player Mr Bazinga responded with OK (200)
I, [2014-04-05T13:42:07.507038 #16462]  INFO -- : Player NoCo responded with  (200)
I, [2014-04-05T13:42:07.507381 #16462]  INFO -- : R3T received hole_card Queen of Spades
I, [2014-04-05T13:42:07.507577 #16462]  INFO -- : Mr Bazinga received hole_card 7 of Clubs
I, [2014-04-05T13:42:07.507762 #16462]  INFO -- : R3T received hole_card 2 of Clubs
I, [2014-04-05T13:42:07.507943 #16462]  INFO -- : Mr Bazinga received hole_card 5 of Spades
I, [2014-04-05T13:42:07.508312 #16462]  INFO -- : R3T made a bet of 10 (raise) and is left with 1080 chips. The pot now contains 10 chips.
I, [2014-04-05T13:42:07.508567 #16462]  INFO -- : Mr Bazinga made a bet of 20 (raise) and is left with 1890 chips. The pot now contains 30 chips.
I, [2014-04-05T13:42:07.511085 #16462]  INFO -- : Player R3T responded with 20 (200)
I, [2014-04-05T13:42:07.511371 #16462]  INFO -- : R3T made a bet of 20 (raise) and is left with 1060 chips. The pot now contains 50 chips.
I, [2014-04-05T13:42:07.514144 #16462]  INFO -- : Player Mr Bazinga responded with 0 (200)
I, [2014-04-05T13:42:07.514483 #16462]  INFO -- : Mr Bazinga made a bet of 0 (fold) and is left with 1890 chips. The pot now contains 50 chips.
I, [2014-04-05T13:42:07.515073 #16462]  INFO -- : R3T won 50
I, [2014-04-05T13:42:07.518632 #16462]  INFO -- : Player R3T responded with  (200)
I, [2014-04-05T13:42:07.522242 #16462]  INFO -- : Player Mr Bazinga responded with OK (200)
I, [2014-04-05T13:42:07.524263 #16462]  INFO -- : Player NoCo responded with  (200)
I, [2014-04-05T13:42:07.524637 #16462]  INFO -- : Mr Bazinga received hole_card 9 of Hearts
I, [2014-04-05T13:42:07.524866 #16462]  INFO -- : R3T received hole_card 9 of Spades
I, [2014-04-05T13:42:07.525101 #16462]  INFO -- : Mr Bazinga received hole_card Jack of Spades
I, [2014-04-05T13:42:07.525348 #16462]  INFO -- : R3T received hole_card King of Clubs
I, [2014-04-05T13:42:07.525721 #16462]  INFO -- : Mr Bazinga made a bet of 10 (raise) and is left with 1880 chips. The pot now contains 10 chips.
I, [2014-04-05T13:42:07.526053 #16462]  INFO -- : R3T made a bet of 20 (raise) and is left with 1090 chips. The pot now contains 30 chips.
I, [2014-04-05T13:42:07.527837 #16462]  INFO -- : Player Mr Bazinga responded with 0 (200)
I, [2014-04-05T13:42:07.528023 #16462]  INFO -- : Mr Bazinga made a bet of 0 (fold) and is left with 1880 chips. The pot now contains 30 chips.
I, [2014-04-05T13:42:07.528417 #16462]  INFO -- : R3T won 30
I, [2014-04-05T13:42:07.530608 #16462]  INFO -- : Player R3T responded with  (200)
I, [2014-04-05T13:42:07.533597 #16462]  INFO -- : Player Mr Bazinga responded with OK (200)
I, [2014-04-05T13:42:07.535504 #16462]  INFO -- : Player NoCo responded with  (200)
I, [2014-04-05T13:42:07.535854 #16462]  INFO -- : R3T received hole_card 4 of Clubs
I, [2014-04-05T13:42:07.536010 #16462]  INFO -- : Mr Bazinga received hole_card 5 of Spades
I, [2014-04-05T13:42:07.536235 #16462]  INFO -- : R3T received hole_card Ace of Spades
I, [2014-04-05T13:42:07.536441 #16462]  INFO -- : Mr Bazinga received hole_card 6 of Spades
I, [2014-04-05T13:42:07.536731 #16462]  INFO -- : R3T made a bet of 10 (raise) and is left with 1110 chips. The pot now contains 10 chips.
I, [2014-04-05T13:42:07.536991 #16462]  INFO -- : Mr Bazinga made a bet of 20 (raise) and is left with 1860 chips. The pot now contains 30 chips.
I, [2014-04-05T13:42:07.540034 #16462]  INFO -- : Player R3T responded with 20 (200)
I, [2014-04-05T13:42:07.540301 #16462]  INFO -- : R3T made a bet of 20 (raise) and is left with 1090 chips. The pot now contains 50 chips.
I, [2014-04-05T13:42:07.545191 #16462]  INFO -- : Player Mr Bazinga responded with 0 (200)
I, [2014-04-05T13:42:07.545434 #16462]  INFO -- : Mr Bazinga made a bet of 0 (fold) and is left with 1860 chips. The pot now contains 50 chips.
I, [2014-04-05T13:42:07.545826 #16462]  INFO -- : R3T won 50
I, [2014-04-05T13:42:07.551082 #16462]  INFO -- : Player R3T responded with  (200)
I, [2014-04-05T13:42:07.553698 #16462]  INFO -- : Player Mr Bazinga responded with OK (200)
I, [2014-04-05T13:42:07.555452 #16462]  INFO -- : Player NoCo responded with  (200)
I, [2014-04-05T13:42:07.556575 #16462]  INFO -- : Mr Bazinga received hole_card 4 of Spades
I, [2014-04-05T13:42:07.556824 #16462]  INFO -- : R3T received hole_card 7 of Hearts
I, [2014-04-05T13:42:07.557122 #16462]  INFO -- : Mr Bazinga received hole_card Ace of Diamonds
I, [2014-04-05T13:42:07.557318 #16462]  INFO -- : R3T received hole_card 10 of Hearts
I, [2014-04-05T13:42:07.557613 #16462]  INFO -- : Mr Bazinga made a bet of 20 (raise) and is left with 1840 chips. The pot now contains 20 chips.
I, [2014-04-05T13:42:07.557878 #16462]  INFO -- : R3T made a bet of 40 (raise) and is left with 1100 chips. The pot now contains 60 chips.
I, [2014-04-05T13:42:07.559630 #16462]  INFO -- : Player Mr Bazinga responded with 0 (200)
I, [2014-04-05T13:42:07.559884 #16462]  INFO -- : Mr Bazinga made a bet of 0 (fold) and is left with 1840 chips. The pot now contains 60 chips.
I, [2014-04-05T13:42:07.560311 #16462]  INFO -- : R3T won 60
I, [2014-04-05T13:42:07.563900 #16462]  INFO -- : Player R3T responded with  (200)
I, [2014-04-05T13:42:07.569990 #16462]  INFO -- : Player Mr Bazinga responded with OK (200)
I, [2014-04-05T13:42:07.574185 #16462]  INFO -- : Player NoCo responded with  (200)
I, [2014-04-05T13:42:07.574666 #16462]  INFO -- : R3T received hole_card 7 of Diamonds
I, [2014-04-05T13:42:07.574933 #16462]  INFO -- : Mr Bazinga received hole_card 2 of Spades
I, [2014-04-05T13:42:07.575318 #16462]  INFO -- : R3T received hole_card Jack of Clubs
I, [2014-04-05T13:42:07.575508 #16462]  INFO -- : Mr Bazinga received hole_card 6 of Spades
I, [2014-04-05T13:42:07.575798 #16462]  INFO -- : R3T made a bet of 20 (raise) and is left with 1140 chips. The pot now contains 20 chips.
I, [2014-04-05T13:42:07.576021 #16462]  INFO -- : Mr Bazinga made a bet of 40 (raise) and is left with 1800 chips. The pot now contains 60 chips.
I, [2014-04-05T13:42:07.578435 #16462]  INFO -- : Player R3T responded with 40 (200)
I, [2014-04-05T13:42:07.578673 #16462]  INFO -- : R3T made a bet of 40 (raise) and is left with 1100 chips. The pot now contains 100 chips.
I, [2014-04-05T13:42:07.581128 #16462]  INFO -- : Player Mr Bazinga responded with 0 (200)
I, [2014-04-05T13:42:07.581380 #16462]  INFO -- : Mr Bazinga made a bet of 0 (fold) and is left with 1800 chips. The pot now contains 100 chips.
I, [2014-04-05T13:42:07.581727 #16462]  INFO -- : R3T won 100
I, [2014-04-05T13:42:07.585131 #16462]  INFO -- : Player R3T responded with  (200)
I, [2014-04-05T13:42:07.587745 #16462]  INFO -- : Player Mr Bazinga responded with OK (200)
I, [2014-04-05T13:42:07.589566 #16462]  INFO -- : Player NoCo responded with  (200)
I, [2014-04-05T13:42:07.590068 #16462]  INFO -- : Mr Bazinga received hole_card 4 of Hearts
I, [2014-04-05T13:42:07.590397 #16462]  INFO -- : R3T received hole_card 6 of Spades
I, [2014-04-05T13:42:07.590731 #16462]  INFO -- : Mr Bazinga received hole_card 10 of Hearts
I, [2014-04-05T13:42:07.591192 #16462]  INFO -- : R3T received hole_card 8 of Spades
I, [2014-04-05T13:42:07.591762 #16462]  INFO -- : Mr Bazinga made a bet of 20 (raise) and is left with 1780 chips. The pot now contains 20 chips.
I, [2014-04-05T13:42:07.595932 #16462]  INFO -- : R3T made a bet of 40 (raise) and is left with 1160 chips. The pot now contains 60 chips.
I, [2014-04-05T13:42:07.600025 #16462]  INFO -- : Player Mr Bazinga responded with 90 (200)
I, [2014-04-05T13:42:07.603202 #16462]  INFO -- : Mr Bazinga made a bet of 90 (raise) and is left with 1690 chips. The pot now contains 150 chips.
I, [2014-04-05T13:42:07.608600 #16462]  INFO -- : Player R3T responded with 410 (200)
I, [2014-04-05T13:42:07.609019 #16462]  INFO -- : R3T made a bet of 410 (raise) and is left with 750 chips. The pot now contains 560 chips.
I, [2014-04-05T13:42:07.611648 #16462]  INFO -- : Player Mr Bazinga responded with 730 (200)
I, [2014-04-05T13:42:07.612012 #16462]  INFO -- : Mr Bazinga made a bet of 730 (raise) and is left with 960 chips. The pot now contains 1290 chips.
I, [2014-04-05T13:42:07.614846 #16462]  INFO -- : Player R3T responded with 1140 (200)
I, [2014-04-05T13:42:07.615082 #16462]  INFO -- : R3T made a bet of 750 (allin) and is left with 0 chips. The pot now contains 2040 chips.
I, [2014-04-05T13:42:07.617301 #16462]  INFO -- : Player Mr Bazinga responded with 800 (200)
I, [2014-04-05T13:42:07.618003 #16462]  INFO -- : Mr Bazinga made a bet of 800 (raise) and is left with 160 chips. The pot now contains 2840 chips.
I, [2014-04-05T13:42:07.618305 #16462]  INFO -- : community card 7 of Hearts
I, [2014-04-05T13:42:07.618553 #16462]  INFO -- : community card 5 of Hearts
I, [2014-04-05T13:42:07.618798 #16462]  INFO -- : community card 2 of Spades
I, [2014-04-05T13:42:07.619034 #16462]  INFO -- : community card 2 of Clubs
I, [2014-04-05T13:42:07.619277 #16462]  INFO -- : community card 6 of Hearts
I, [2014-04-05T13:42:07.619878 #16462]  INFO -- : Mr Bazinga showed 4 of Hearts,5 of Hearts,6 of Hearts,7 of Hearts,10 of Hearts making a flush
I, [2014-04-05T13:42:07.620665 #16462]  INFO -- : Mr Bazinga won 2840
I, [2014-04-05T13:42:07.625802 #16462]  INFO -- : Player R3T responded with  (200)
I, [2014-04-05T13:42:07.630222 #16462]  INFO -- : Player Mr Bazinga responded with OK (200)
I, [2014-04-05T13:42:07.634015 #16462]  INFO -- : Player NoCo responded with  (200)
