:compileJava UP-TO-DATE
:processResources UP-TO-DATE
:classes UP-TO-DATE
:tomcatRun
Started Tomcat Server
The Server is running at http://localhost:8080
players : [{"name":"R3T","stack":980,"status":"active","bet":20,"hole_cards":[{"rank":"J","suit":"clubs"},{"rank":"5","suit":"spades"}],"version":"","id":0},{"name":"Mr Bazinga","stack":500,"status":"active","bet":500,"version":"Mr Bazinga version 0.1","id":1},{"name":"NoCo","stack":500,"status":"active","bet":500,"version":"NoCo1024","id":2}]
small_blind : 10
orbits : 0
dealer : 1
community_cards : []
current_buy_in : 500
pot : 1020
in_action : 0
minimum_raise : 480
players : [{"name":"R3T","stack":960,"status":"active","bet":20,"hole_cards":[{"rank":"7","suit":"diamonds"},{"rank":"6","suit":"hearts"}],"version":"","id":0},{"name":"Mr Bazinga","stack":1510,"status":"active","bet":510,"version":"Mr Bazinga version 0.1","id":1},{"name":"NoCo","stack":0,"status":"out","bet":0,"version":"NoCo1024","id":2}]
small_blind : 10
orbits : 0
dealer : 0
community_cards : []
current_buy_in : 510
pot : 530
in_action : 0
minimum_raise : 490
players : [{"name":"R3T","stack":950,"status":"active","bet":10,"hole_cards":[{"rank":"4","suit":"hearts"},{"rank":"J","suit":"clubs"}],"version":"","id":0},{"name":"Mr Bazinga","stack":2020,"status":"active","bet":20,"version":"Mr Bazinga version 0.1","id":1},{"name":"NoCo","stack":0,"status":"out","bet":0,"version":"NoCo1024","id":2}]
small_blind : 10
orbits : 0
dealer : 1
community_cards : []
current_buy_in : 20
pot : 30
in_action : 0
minimum_raise : 10
players : [{"name":"R3T","stack":930,"status":"active","bet":20,"hole_cards":[{"rank":"7","suit":"hearts"},{"rank":"K","suit":"clubs"}],"version":"","id":0},{"name":"Mr Bazinga","stack":1540,"status":"active","bet":510,"version":"Mr Bazinga version 0.1","id":1},{"name":"NoCo","stack":0,"status":"out","bet":0,"version":"NoCo1024","id":2}]
small_blind : 10
orbits : 1
dealer : 0
community_cards : []
current_buy_in : 510
pot : 530
in_action : 0
minimum_raise : 490
players : [{"name":"R3T","stack":920,"status":"active","bet":10,"hole_cards":[{"rank":"J","suit":"spades"},{"rank":"6","suit":"diamonds"}],"version":"","id":0},{"name":"Mr Bazinga","stack":2050,"status":"active","bet":20,"version":"Mr Bazinga version 0.1","id":1},{"name":"NoCo","stack":0,"status":"out","bet":0,"version":"NoCo1024","id":2}]
small_blind : 10
orbits : 1
dealer : 1
community_cards : []
current_buy_in : 20
pot : 30
in_action : 0
minimum_raise : 10
players : [{"name":"R3T","stack":900,"status":"active","bet":20,"hole_cards":[{"rank":"7","suit":"clubs"},{"rank":"5","suit":"spades"}],"version":"","id":0},{"name":"Mr Bazinga","stack":1570,"status":"active","bet":510,"version":"Mr Bazinga version 0.1","id":1},{"name":"NoCo","stack":0,"status":"out","bet":0,"version":"NoCo1024","id":2}]
small_blind : 10
orbits : 1
dealer : 0
community_cards : []
current_buy_in : 510
pot : 530
in_action : 0
minimum_raise : 490
players : [{"name":"R3T","stack":890,"status":"active","bet":10,"hole_cards":[{"rank":"4","suit":"diamonds"},{"rank":"A","suit":"clubs"}],"version":"","id":0},{"name":"Mr Bazinga","stack":2080,"status":"active","bet":20,"version":"Mr Bazinga version 0.1","id":1},{"name":"NoCo","stack":0,"status":"out","bet":0,"version":"NoCo1024","id":2}]
small_blind : 10
orbits : 2
dealer : 1
community_cards : []
current_buy_in : 20
pot : 30
in_action : 0
minimum_raise : 10
players : [{"name":"R3T","stack":870,"status":"active","bet":20,"hole_cards":[{"rank":"9","suit":"spades"},{"rank":"2","suit":"clubs"}],"version":"","id":0},{"name":"Mr Bazinga","stack":1600,"status":"active","bet":510,"version":"Mr Bazinga version 0.1","id":1},{"name":"NoCo","stack":0,"status":"out","bet":0,"version":"NoCo1024","id":2}]
small_blind : 10
orbits : 2
dealer : 0
community_cards : []
current_buy_in : 510
pot : 530
in_action : 0
minimum_raise : 490
players : [{"name":"R3T","stack":860,"status":"active","bet":10,"hole_cards":[{"rank":"7","suit":"clubs"},{"rank":"A","suit":"clubs"}],"version":"","id":0},{"name":"Mr Bazinga","stack":2110,"status":"active","bet":20,"version":"Mr Bazinga version 0.1","id":1},{"name":"NoCo","stack":0,"status":"out","bet":0,"version":"NoCo1024","id":2}]
small_blind : 10
orbits : 2
dealer : 1
community_cards : []
current_buy_in : 20
pot : 30
in_action : 0
minimum_raise : 10
players : [{"name":"R3T","stack":820,"status":"active","bet":40,"hole_cards":[{"rank":"5","suit":"clubs"},{"rank":"4","suit":"diamonds"}],"version":"","id":0},{"name":"Mr Bazinga","stack":1620,"status":"active","bet":520,"version":"Mr Bazinga version 0.1","id":1},{"name":"NoCo","stack":0,"status":"out","bet":0,"version":"NoCo1024","id":2}]
small_blind : 10
orbits : 3
dealer : 0
community_cards : []
current_buy_in : 520
pot : 560
in_action : 0
minimum_raise : 480
players : [{"name":"R3T","stack":800,"status":"active","bet":20,"hole_cards":[{"rank":"A","suit":"hearts"},{"rank":"8","suit":"spades"}],"version":"","id":0},{"name":"Mr Bazinga","stack":2140,"status":"active","bet":40,"version":"Mr Bazinga version 0.1","id":1},{"name":"NoCo","stack":0,"status":"out","bet":0,"version":"NoCo1024","id":2}]
small_blind : 10
orbits : 3
dealer : 1
community_cards : []
current_buy_in : 40
pot : 60
in_action : 0
minimum_raise : 20
players : [{"name":"R3T","stack":760,"status":"active","bet":40,"hole_cards":[{"rank":"7","suit":"clubs"},{"rank":"J","suit":"spades"}],"version":"","id":0},{"name":"Mr Bazinga","stack":1680,"status":"active","bet":520,"version":"Mr Bazinga version 0.1","id":1},{"name":"NoCo","stack":0,"status":"out","bet":0,"version":"NoCo1024","id":2}]
small_blind : 10
orbits : 3
dealer : 0
community_cards : []
current_buy_in : 520
pot : 560
in_action : 0
minimum_raise : 480
players : [{"name":"R3T","stack":740,"status":"active","bet":20,"hole_cards":[{"rank":"Q","suit":"spades"},{"rank":"J","suit":"diamonds"}],"version":"","id":0},{"name":"Mr Bazinga","stack":2200,"status":"active","bet":40,"version":"Mr Bazinga version 0.1","id":1},{"name":"NoCo","stack":0,"status":"out","bet":0,"version":"NoCo1024","id":2}]
small_blind : 10
orbits : 4
dealer : 1
community_cards : []
current_buy_in : 40
pot : 60
in_action : 0
minimum_raise : 20
players : [{"name":"R3T","stack":700,"status":"active","bet":40,"hole_cards":[{"rank":"4","suit":"clubs"},{"rank":"9","suit":"diamonds"}],"version":"","id":0},{"name":"Mr Bazinga","stack":1740,"status":"active","bet":520,"version":"Mr Bazinga version 0.1","id":1},{"name":"NoCo","stack":0,"status":"out","bet":0,"version":"NoCo1024","id":2}]
small_blind : 10
orbits : 4
dealer : 0
community_cards : []
current_buy_in : 520
pot : 560
in_action : 0
minimum_raise : 480
players : [{"name":"R3T","stack":680,"status":"active","bet":20,"hole_cards":[{"rank":"4","suit":"clubs"},{"rank":"9","suit":"hearts"}],"version":"","id":0},{"name":"Mr Bazinga","stack":2260,"status":"active","bet":40,"version":"Mr Bazinga version 0.1","id":1},{"name":"NoCo","stack":0,"status":"out","bet":0,"version":"NoCo1024","id":2}]
small_blind : 10
orbits : 4
dealer : 1
community_cards : []
current_buy_in : 40
pot : 60
in_action : 0
minimum_raise : 20
players : [{"name":"R3T","stack":640,"status":"active","bet":40,"hole_cards":[{"rank":"Q","suit":"hearts"},{"rank":"2","suit":"spades"}],"version":"","id":0},{"name":"Mr Bazinga","stack":1800,"status":"active","bet":520,"version":"Mr Bazinga version 0.1","id":1},{"name":"NoCo","stack":0,"status":"out","bet":0,"version":"NoCo1024","id":2}]
small_blind : 10
orbits : 5
dealer : 0
community_cards : []
current_buy_in : 520
pot : 560
in_action : 0
minimum_raise : 480
players : [{"name":"R3T","stack":620,"status":"active","bet":20,"hole_cards":[{"rank":"5","suit":"hearts"},{"rank":"3","suit":"hearts"}],"version":"","id":0},{"name":"Mr Bazinga","stack":2320,"status":"active","bet":40,"version":"Mr Bazinga version 0.1","id":1},{"name":"NoCo","stack":0,"status":"out","bet":0,"version":"NoCo1024","id":2}]
small_blind : 10
orbits : 5
dealer : 1
community_cards : []
current_buy_in : 40
pot : 60
in_action : 0
minimum_raise : 20
players : [{"name":"R3T","stack":580,"status":"active","bet":40,"hole_cards":[{"rank":"7","suit":"diamonds"},{"rank":"7","suit":"hearts"}],"version":"","id":0},{"name":"Mr Bazinga","stack":1860,"status":"active","bet":520,"version":"Mr Bazinga version 0.1","id":1},{"name":"NoCo","stack":0,"status":"out","bet":0,"version":"NoCo1024","id":2}]
small_blind : 10
orbits : 5
dealer : 0
community_cards : []
current_buy_in : 520
pot : 560
in_action : 0
minimum_raise : 480
players : [{"name":"R3T","stack":540,"status":"active","bet":40,"hole_cards":[{"rank":"A","suit":"hearts"},{"rank":"4","suit":"hearts"}],"version":"","id":0},{"name":"Mr Bazinga","stack":2340,"status":"active","bet":80,"version":"Mr Bazinga version 0.1","id":1},{"name":"NoCo","stack":0,"status":"out","bet":0,"version":"NoCo1024","id":2}]
small_blind : 10
orbits : 6
dealer : 1
community_cards : []
current_buy_in : 80
pot : 120
in_action : 0
minimum_raise : 40
players : [{"name":"R3T","stack":460,"status":"active","bet":80,"hole_cards":[{"rank":"K","suit":"hearts"},{"rank":"3","suit":"diamonds"}],"version":"","id":0},{"name":"Mr Bazinga","stack":1920,"status":"active","bet":540,"version":"Mr Bazinga version 0.1","id":1},{"name":"NoCo","stack":0,"status":"out","bet":0,"version":"NoCo1024","id":2}]
small_blind : 10
orbits : 6
dealer : 0
community_cards : []
current_buy_in : 540
pot : 620
in_action : 0
minimum_raise : 460
players : [{"name":"R3T","stack":420,"status":"active","bet":40,"hole_cards":[{"rank":"4","suit":"clubs"},{"rank":"2","suit":"hearts"}],"version":"","id":0},{"name":"Mr Bazinga","stack":2460,"status":"active","bet":80,"version":"Mr Bazinga version 0.1","id":1},{"name":"NoCo","stack":0,"status":"out","bet":0,"version":"NoCo1024","id":2}]
small_blind : 10
orbits : 6
dealer : 1
community_cards : []
current_buy_in : 80
pot : 120
in_action : 0
minimum_raise : 40
players : [{"name":"R3T","stack":340,"status":"active","bet":80,"hole_cards":[{"rank":"5","suit":"spades"},{"rank":"4","suit":"hearts"}],"version":"","id":0},{"name":"Mr Bazinga","stack":2040,"status":"active","bet":540,"version":"Mr Bazinga version 0.1","id":1},{"name":"NoCo","stack":0,"status":"out","bet":0,"version":"NoCo1024","id":2}]
small_blind : 10
orbits : 7
dealer : 0
community_cards : []
current_buy_in : 540
pot : 620
in_action : 0
minimum_raise : 460
players : [{"name":"R3T","stack":300,"status":"active","bet":40,"hole_cards":[{"rank":"3","suit":"hearts"},{"rank":"8","suit":"clubs"}],"version":"","id":0},{"name":"Mr Bazinga","stack":2580,"status":"active","bet":80,"version":"Mr Bazinga version 0.1","id":1},{"name":"NoCo","stack":0,"status":"out","bet":0,"version":"NoCo1024","id":2}]
small_blind : 10
orbits : 7
dealer : 1
community_cards : []
current_buy_in : 80
pot : 120
in_action : 0
minimum_raise : 40
players : [{"name":"R3T","stack":220,"status":"active","bet":80,"hole_cards":[{"rank":"5","suit":"spades"},{"rank":"8","suit":"hearts"}],"version":"","id":0},{"name":"Mr Bazinga","stack":2160,"status":"active","bet":540,"version":"Mr Bazinga version 0.1","id":1},{"name":"NoCo","stack":0,"status":"out","bet":0,"version":"NoCo1024","id":2}]
small_blind : 10
orbits : 7
dealer : 0
community_cards : []
current_buy_in : 540
pot : 620
in_action : 0
minimum_raise : 460
players : [{"name":"R3T","stack":180,"status":"active","bet":40,"hole_cards":[{"rank":"5","suit":"diamonds"},{"rank":"3","suit":"spades"}],"version":"","id":0},{"name":"Mr Bazinga","stack":2700,"status":"active","bet":80,"version":"Mr Bazinga version 0.1","id":1},{"name":"NoCo","stack":0,"status":"out","bet":0,"version":"NoCo1024","id":2}]
small_blind : 10
orbits : 8
dealer : 1
community_cards : []
current_buy_in : 80
pot : 120
in_action : 0
minimum_raise : 40
players : [{"name":"R3T","stack":100,"status":"active","bet":80,"hole_cards":[{"rank":"Q","suit":"hearts"},{"rank":"10","suit":"spades"}],"version":"","id":0},{"name":"Mr Bazinga","stack":2280,"status":"active","bet":540,"version":"Mr Bazinga version 0.1","id":1},{"name":"NoCo","stack":0,"status":"out","bet":0,"version":"NoCo1024","id":2}]
small_blind : 10
orbits : 8
dealer : 0
community_cards : []
current_buy_in : 540
pot : 620
in_action : 0
minimum_raise : 460
players : [{"name":"R3T","stack":60,"status":"active","bet":40,"hole_cards":[{"rank":"8","suit":"spades"},{"rank":"2","suit":"diamonds"}],"version":"","id":0},{"name":"Mr Bazinga","stack":2820,"status":"active","bet":80,"version":"Mr Bazinga version 0.1","id":1},{"name":"NoCo","stack":0,"status":"out","bet":0,"version":"NoCo1024","id":2}]
small_blind : 10
orbits : 8
dealer : 1
community_cards : []
current_buy_in : 80
pot : 120
in_action : 0
minimum_raise : 40

BUILD SUCCESSFUL

Total time: 21.29 secs
