# Logfile created on 2014-04-05 16:15:41 +0200 by logger.rb/44203
I, [2014-04-05T16:15:41.555921 #21104]  INFO -- : Reseting R3T to origin/master
I, [2014-04-05T16:15:42.505480 #21104]  INFO -- : Reseting Mr Bazinga to origin/master
I, [2014-04-05T16:15:43.491263 #21104]  INFO -- : Reseting NoCo to origin/master
I, [2014-04-05T16:15:44.447681 #21104]  INFO -- : Connected R3T at http://localhost:8080/
I, [2014-04-05T16:15:44.450438 #21104]  INFO -- : Connected Mr Bazinga at http://localhost:1337/
I, [2014-04-05T16:15:44.454394 #21104]  INFO -- : Connected NoCo at http://localhost:8000/player_service.php
E, [2014-04-05T16:15:44.455882 #21104] ERROR -- : Connection refused - connect(2) for "localhost" port 8080
E, [2014-04-05T16:15:44.456051 #21104] ERROR -- : Player R3T is unreachable
I, [2014-04-05T16:15:44.456165 #21104]  INFO -- : Waiting for players to start
E, [2014-04-05T16:15:45.456859 #21104] ERROR -- : Connection refused - connect(2) for "localhost" port 8080
E, [2014-04-05T16:15:45.457140 #21104] ERROR -- : Player R3T is unreachable
I, [2014-04-05T16:15:45.457314 #21104]  INFO -- : Waiting for players to start
E, [2014-04-05T16:15:46.458002 #21104] ERROR -- : Connection refused - connect(2) for "localhost" port 8080
E, [2014-04-05T16:15:46.458157 #21104] ERROR -- : Player R3T is unreachable
I, [2014-04-05T16:15:46.458250 #21104]  INFO -- : Waiting for players to start
E, [2014-04-05T16:15:47.460682 #21104] ERROR -- : Connection refused - connect(2) for "localhost" port 8080
E, [2014-04-05T16:15:47.461133 #21104] ERROR -- : Player R3T is unreachable
I, [2014-04-05T16:15:47.461252 #21104]  INFO -- : Waiting for players to start
E, [2014-04-05T16:15:48.461837 #21104] ERROR -- : Connection refused - connect(2) for "localhost" port 8080
E, [2014-04-05T16:15:48.461985 #21104] ERROR -- : Player R3T is unreachable
I, [2014-04-05T16:15:48.462079 #21104]  INFO -- : Waiting for players to start
E, [2014-04-05T16:15:49.470602 #21104] ERROR -- : Connection refused - connect(2) for "localhost" port 8080
E, [2014-04-05T16:15:49.470777 #21104] ERROR -- : Player R3T is unreachable
I, [2014-04-05T16:15:49.470878 #21104]  INFO -- : Waiting for players to start
E, [2014-04-05T16:15:50.471458 #21104] ERROR -- : Connection refused - connect(2) for "localhost" port 8080
E, [2014-04-05T16:15:50.471707 #21104] ERROR -- : Player R3T is unreachable
I, [2014-04-05T16:15:50.471864 #21104]  INFO -- : Waiting for players to start
E, [2014-04-05T16:15:51.480491 #21104] ERROR -- : Connection refused - connect(2) for "localhost" port 8080
E, [2014-04-05T16:15:51.481230 #21104] ERROR -- : Player R3T is unreachable
I, [2014-04-05T16:15:51.481405 #21104]  INFO -- : Waiting for players to start
E, [2014-04-05T16:15:52.482030 #21104] ERROR -- : Connection refused - connect(2) for "localhost" port 8080
E, [2014-04-05T16:15:52.482175 #21104] ERROR -- : Player R3T is unreachable
I, [2014-04-05T16:15:52.482264 #21104]  INFO -- : Waiting for players to start
E, [2014-04-05T16:15:53.482870 #21104] ERROR -- : Connection refused - connect(2) for "localhost" port 8080
E, [2014-04-05T16:15:53.483015 #21104] ERROR -- : Player R3T is unreachable
I, [2014-04-05T16:15:53.483106 #21104]  INFO -- : Waiting for players to start
E, [2014-04-05T16:15:54.490185 #21104] ERROR -- : Connection refused - connect(2) for "localhost" port 8080
E, [2014-04-05T16:15:54.490465 #21104] ERROR -- : Player R3T is unreachable
I, [2014-04-05T16:15:54.490672 #21104]  INFO -- : Waiting for players to start
E, [2014-04-05T16:15:55.491284 #21104] ERROR -- : Connection refused - connect(2) for "localhost" port 8080
E, [2014-04-05T16:15:55.491515 #21104] ERROR -- : Player R3T is unreachable
I, [2014-04-05T16:15:55.491668 #21104]  INFO -- : Waiting for players to start
E, [2014-04-05T16:15:56.492364 #21104] ERROR -- : Connection refused - connect(2) for "localhost" port 8080
E, [2014-04-05T16:15:56.492529 #21104] ERROR -- : Player R3T is unreachable
I, [2014-04-05T16:15:56.492649 #21104]  INFO -- : Waiting for players to start
E, [2014-04-05T16:15:57.493271 #21104] ERROR -- : Connection refused - connect(2) for "localhost" port 8080
E, [2014-04-05T16:15:57.493425 #21104] ERROR -- : Player R3T is unreachable
I, [2014-04-05T16:15:57.493503 #21104]  INFO -- : Waiting for players to start
E, [2014-04-05T16:15:58.494099 #21104] ERROR -- : Connection refused - connect(2) for "localhost" port 8080
E, [2014-04-05T16:15:58.494225 #21104] ERROR -- : Player R3T is unreachable
I, [2014-04-05T16:15:58.494284 #21104]  INFO -- : Waiting for players to start
E, [2014-04-05T16:15:59.996347 #21104] ERROR -- : Net::ReadTimeout
E, [2014-04-05T16:15:59.996569 #21104] ERROR -- : Player R3T is unreachable
I, [2014-04-05T16:15:59.996680 #21104]  INFO -- : Waiting for players to start
I, [2014-04-05T16:16:00.998827 #21104]  INFO -- : Player R3T responded with  (200)
I, [2014-04-05T16:16:01.014499 #21104]  INFO -- : Player Mr Bazinga responded with OK (200)
I, [2014-04-05T16:16:01.016323 #21104]  INFO -- : Player NoCo responded with  (200)
I, [2014-04-05T16:16:01.016434 #21104]  INFO -- : Players are running
I, [2014-04-05T16:16:01.031033 #21104]  INFO -- : Player R3T responded with v0.42 (200)
I, [2014-04-05T16:16:01.034732 #21104]  INFO -- : Player Mr Bazinga responded with Super AI 1.0 (200)
I, [2014-04-05T16:16:01.038564 #21104]  INFO -- : Player NoCo responded with NoCo1610 (200)
I, [2014-04-05T16:16:01.038889 #21104]  INFO -- : R3T received hole_card 7 of Clubs
I, [2014-04-05T16:16:01.039097 #21104]  INFO -- : Mr Bazinga received hole_card 2 of Hearts
I, [2014-04-05T16:16:01.039272 #21104]  INFO -- : NoCo received hole_card 8 of Clubs
I, [2014-04-05T16:16:01.039533 #21104]  INFO -- : R3T received hole_card 4 of Hearts
I, [2014-04-05T16:16:01.039739 #21104]  INFO -- : Mr Bazinga received hole_card 4 of Spades
I, [2014-04-05T16:16:01.039931 #21104]  INFO -- : NoCo received hole_card 3 of Spades
I, [2014-04-05T16:16:01.041432 #21104]  INFO -- : R3T made a bet of 10 (raise) and is left with 990 chips. The pot now contains 10 chips.
I, [2014-04-05T16:16:01.041764 #21104]  INFO -- : Mr Bazinga made a bet of 20 (raise) and is left with 980 chips. The pot now contains 30 chips.
I, [2014-04-05T16:16:01.043789 #21104]  INFO -- : Player NoCo responded with 0 (200)
I, [2014-04-05T16:16:01.044079 #21104]  INFO -- : NoCo made a bet of 0 (fold) and is left with 1000 chips. The pot now contains 30 chips.
I, [2014-04-05T16:16:01.107123 #21104]  INFO -- : Player R3T responded with 0 (200)
I, [2014-04-05T16:16:01.107527 #21104]  INFO -- : R3T made a bet of 0 (fold) and is left with 990 chips. The pot now contains 30 chips.
I, [2014-04-05T16:16:01.110947 #21104]  INFO -- : Player Mr Bazinga responded with 0 (200)
I, [2014-04-05T16:16:01.111237 #21104]  INFO -- : Mr Bazinga made a bet of 0 (check) and is left with 980 chips. The pot now contains 30 chips.
I, [2014-04-05T16:16:01.111738 #21104]  INFO -- : Mr Bazinga won 30
I, [2014-04-05T16:16:01.114884 #21104]  INFO -- : Player R3T responded with  (200)
I, [2014-04-05T16:16:01.117115 #21104]  INFO -- : Player Mr Bazinga responded with OK (200)
I, [2014-04-05T16:16:01.119302 #21104]  INFO -- : Player NoCo responded with  (200)
I, [2014-04-05T16:16:01.119777 #21104]  INFO -- : Mr Bazinga received hole_card 8 of Hearts
I, [2014-04-05T16:16:01.120004 #21104]  INFO -- : NoCo received hole_card 7 of Clubs
I, [2014-04-05T16:16:01.120212 #21104]  INFO -- : R3T received hole_card 6 of Hearts
I, [2014-04-05T16:16:01.120419 #21104]  INFO -- : Mr Bazinga received hole_card 3 of Diamonds
I, [2014-04-05T16:16:01.120633 #21104]  INFO -- : NoCo received hole_card 9 of Spades
I, [2014-04-05T16:16:01.120929 #21104]  INFO -- : R3T received hole_card 4 of Diamonds
I, [2014-04-05T16:16:01.121513 #21104]  INFO -- : Mr Bazinga made a bet of 10 (raise) and is left with 1000 chips. The pot now contains 10 chips.
I, [2014-04-05T16:16:01.121953 #21104]  INFO -- : NoCo made a bet of 20 (raise) and is left with 980 chips. The pot now contains 30 chips.
I, [2014-04-05T16:16:01.125966 #21104]  INFO -- : Player R3T responded with 0 (200)
I, [2014-04-05T16:16:01.126331 #21104]  INFO -- : R3T made a bet of 0 (fold) and is left with 990 chips. The pot now contains 30 chips.
I, [2014-04-05T16:16:01.128491 #21104]  INFO -- : Player Mr Bazinga responded with 0 (200)
I, [2014-04-05T16:16:01.128751 #21104]  INFO -- : Mr Bazinga made a bet of 0 (fold) and is left with 1000 chips. The pot now contains 30 chips.
I, [2014-04-05T16:16:01.130822 #21104]  INFO -- : Player NoCo responded with 20 (200)
I, [2014-04-05T16:16:01.131091 #21104]  INFO -- : NoCo made a bet of 20 (raise) and is left with 960 chips. The pot now contains 50 chips.
I, [2014-04-05T16:16:01.131614 #21104]  INFO -- : NoCo won 50
I, [2014-04-05T16:16:01.134753 #21104]  INFO -- : Player R3T responded with  (200)
I, [2014-04-05T16:16:01.141253 #21104]  INFO -- : Player Mr Bazinga responded with OK (200)
I, [2014-04-05T16:16:01.143311 #21104]  INFO -- : Player NoCo responded with  (200)
I, [2014-04-05T16:16:01.143661 #21104]  INFO -- : NoCo received hole_card 2 of Clubs
I, [2014-04-05T16:16:01.143858 #21104]  INFO -- : R3T received hole_card Jack of Diamonds
I, [2014-04-05T16:16:01.144077 #21104]  INFO -- : Mr Bazinga received hole_card 9 of Spades
I, [2014-04-05T16:16:01.144328 #21104]  INFO -- : NoCo received hole_card 8 of Clubs
I, [2014-04-05T16:16:01.144553 #21104]  INFO -- : R3T received hole_card 7 of Hearts
I, [2014-04-05T16:16:01.144724 #21104]  INFO -- : Mr Bazinga received hole_card 10 of Clubs
I, [2014-04-05T16:16:01.145194 #21104]  INFO -- : NoCo made a bet of 10 (raise) and is left with 1000 chips. The pot now contains 10 chips.
I, [2014-04-05T16:16:01.145498 #21104]  INFO -- : R3T made a bet of 20 (raise) and is left with 970 chips. The pot now contains 30 chips.
I, [2014-04-05T16:16:01.147452 #21104]  INFO -- : Player Mr Bazinga responded with 0 (200)
I, [2014-04-05T16:16:01.147744 #21104]  INFO -- : Mr Bazinga made a bet of 0 (fold) and is left with 1000 chips. The pot now contains 30 chips.
I, [2014-04-05T16:16:01.149751 #21104]  INFO -- : Player NoCo responded with 0 (200)
I, [2014-04-05T16:16:01.150013 #21104]  INFO -- : NoCo made a bet of 0 (fold) and is left with 1000 chips. The pot now contains 30 chips.
I, [2014-04-05T16:16:01.153363 #21104]  INFO -- : Player R3T responded with 0 (200)
I, [2014-04-05T16:16:01.153714 #21104]  INFO -- : R3T made a bet of 0 (check) and is left with 970 chips. The pot now contains 30 chips.
I, [2014-04-05T16:16:01.154191 #21104]  INFO -- : R3T won 30
I, [2014-04-05T16:16:01.157820 #21104]  INFO -- : Player R3T responded with  (200)
I, [2014-04-05T16:16:01.159970 #21104]  INFO -- : Player Mr Bazinga responded with OK (200)
I, [2014-04-05T16:16:01.162120 #21104]  INFO -- : Player NoCo responded with  (200)
I, [2014-04-05T16:16:01.162596 #21104]  INFO -- : R3T received hole_card Ace of Spades
I, [2014-04-05T16:16:01.162847 #21104]  INFO -- : Mr Bazinga received hole_card 10 of Clubs
I, [2014-04-05T16:16:01.163138 #21104]  INFO -- : NoCo received hole_card Queen of Diamonds
I, [2014-04-05T16:16:01.163468 #21104]  INFO -- : R3T received hole_card 3 of Hearts
I, [2014-04-05T16:16:01.163775 #21104]  INFO -- : Mr Bazinga received hole_card 5 of Spades
I, [2014-04-05T16:16:01.164057 #21104]  INFO -- : NoCo received hole_card King of Diamonds
I, [2014-04-05T16:16:01.164539 #21104]  INFO -- : R3T made a bet of 10 (raise) and is left with 990 chips. The pot now contains 10 chips.
I, [2014-04-05T16:16:01.164955 #21104]  INFO -- : Mr Bazinga made a bet of 20 (raise) and is left with 980 chips. The pot now contains 30 chips.
I, [2014-04-05T16:16:01.168065 #21104]  INFO -- : Player NoCo responded with 2000 (200)
I, [2014-04-05T16:16:01.168484 #21104]  INFO -- : NoCo made a bet of 1000 (allin) and is left with 0 chips. The pot now contains 1030 chips.
I, [2014-04-05T16:16:01.174464 #21104]  INFO -- : Player R3T responded with 0 (200)
I, [2014-04-05T16:16:01.174791 #21104]  INFO -- : R3T made a bet of 0 (fold) and is left with 990 chips. The pot now contains 1030 chips.
I, [2014-04-05T16:16:01.178656 #21104]  INFO -- : Player Mr Bazinga responded with 0 (200)
I, [2014-04-05T16:16:01.178956 #21104]  INFO -- : Mr Bazinga made a bet of 0 (fold) and is left with 980 chips. The pot now contains 1030 chips.
I, [2014-04-05T16:16:01.179544 #21104]  INFO -- : NoCo won 1030
I, [2014-04-05T16:16:01.182484 #21104]  INFO -- : Player R3T responded with  (200)
I, [2014-04-05T16:16:01.185017 #21104]  INFO -- : Player Mr Bazinga responded with OK (200)
I, [2014-04-05T16:16:01.187151 #21104]  INFO -- : Player NoCo responded with  (200)
I, [2014-04-05T16:16:01.187556 #21104]  INFO -- : Mr Bazinga received hole_card 8 of Spades
I, [2014-04-05T16:16:01.187737 #21104]  INFO -- : NoCo received hole_card 10 of Hearts
I, [2014-04-05T16:16:01.187931 #21104]  INFO -- : R3T received hole_card 2 of Spades
I, [2014-04-05T16:16:01.188167 #21104]  INFO -- : Mr Bazinga received hole_card 3 of Diamonds
I, [2014-04-05T16:16:01.188526 #21104]  INFO -- : NoCo received hole_card 8 of Hearts
I, [2014-04-05T16:16:01.188717 #21104]  INFO -- : R3T received hole_card 2 of Diamonds
I, [2014-04-05T16:16:01.189061 #21104]  INFO -- : Mr Bazinga made a bet of 10 (raise) and is left with 970 chips. The pot now contains 10 chips.
I, [2014-04-05T16:16:01.189331 #21104]  INFO -- : NoCo made a bet of 20 (raise) and is left with 1010 chips. The pot now contains 30 chips.
I, [2014-04-05T16:16:01.191916 #21104]  INFO -- : Player R3T responded with 30 (200)
I, [2014-04-05T16:16:01.192192 #21104]  INFO -- : R3T made a bet of 30 (raise) and is left with 960 chips. The pot now contains 60 chips.
I, [2014-04-05T16:16:01.194448 #21104]  INFO -- : Player Mr Bazinga responded with 0 (200)
I, [2014-04-05T16:16:01.194748 #21104]  INFO -- : Mr Bazinga made a bet of 0 (fold) and is left with 970 chips. The pot now contains 60 chips.
I, [2014-04-05T16:16:01.197444 #21104]  INFO -- : Player NoCo responded with 80 (200)
I, [2014-04-05T16:16:01.197975 #21104]  INFO -- : NoCo made a bet of 80 (raise) and is left with 930 chips. The pot now contains 140 chips.
I, [2014-04-05T16:16:01.203933 #21104]  INFO -- : Player R3T responded with 170 (200)
I, [2014-04-05T16:16:01.204321 #21104]  INFO -- : R3T made a bet of 170 (raise) and is left with 790 chips. The pot now contains 310 chips.
I, [2014-04-05T16:16:01.206332 #21104]  INFO -- : Player NoCo responded with 80 (200)
I, [2014-04-05T16:16:01.206535 #21104]  INFO -- : NoCo made a bet of 0 (fold) and is left with 930 chips. The pot now contains 310 chips.
I, [2014-04-05T16:16:01.206902 #21104]  INFO -- : R3T won 310
I, [2014-04-05T16:16:01.209974 #21104]  INFO -- : Player R3T responded with  (200)
I, [2014-04-05T16:16:01.215010 #21104]  INFO -- : Player Mr Bazinga responded with OK (200)
I, [2014-04-05T16:16:01.217884 #21104]  INFO -- : Player NoCo responded with  (200)
I, [2014-04-05T16:16:01.218280 #21104]  INFO -- : NoCo received hole_card 6 of Hearts
I, [2014-04-05T16:16:01.218464 #21104]  INFO -- : R3T received hole_card 5 of Clubs
I, [2014-04-05T16:16:01.218624 #21104]  INFO -- : Mr Bazinga received hole_card 10 of Hearts
I, [2014-04-05T16:16:01.218794 #21104]  INFO -- : NoCo received hole_card King of Clubs
I, [2014-04-05T16:16:01.218963 #21104]  INFO -- : R3T received hole_card 9 of Clubs
I, [2014-04-05T16:16:01.219135 #21104]  INFO -- : Mr Bazinga received hole_card 2 of Spades
I, [2014-04-05T16:16:01.219416 #21104]  INFO -- : NoCo made a bet of 10 (raise) and is left with 920 chips. The pot now contains 10 chips.
I, [2014-04-05T16:16:01.219678 #21104]  INFO -- : R3T made a bet of 20 (raise) and is left with 1080 chips. The pot now contains 30 chips.
I, [2014-04-05T16:16:01.224144 #21104]  INFO -- : Player Mr Bazinga responded with 0 (200)
I, [2014-04-05T16:16:01.224492 #21104]  INFO -- : Mr Bazinga made a bet of 0 (fold) and is left with 970 chips. The pot now contains 30 chips.
I, [2014-04-05T16:16:01.227591 #21104]  INFO -- : Player NoCo responded with 80 (200)
I, [2014-04-05T16:16:01.227980 #21104]  INFO -- : NoCo made a bet of 80 (raise) and is left with 840 chips. The pot now contains 110 chips.
I, [2014-04-05T16:16:01.234621 #21104]  INFO -- : Player R3T responded with 0 (200)
I, [2014-04-05T16:16:01.234998 #21104]  INFO -- : R3T made a bet of 0 (fold) and is left with 1080 chips. The pot now contains 110 chips.
I, [2014-04-05T16:16:01.235542 #21104]  INFO -- : NoCo won 110
I, [2014-04-05T16:16:01.238065 #21104]  INFO -- : Player R3T responded with  (200)
I, [2014-04-05T16:16:01.240952 #21104]  INFO -- : Player Mr Bazinga responded with OK (200)
I, [2014-04-05T16:16:01.243013 #21104]  INFO -- : Player NoCo responded with  (200)
I, [2014-04-05T16:16:01.243426 #21104]  INFO -- : R3T received hole_card 6 of Spades
I, [2014-04-05T16:16:01.243682 #21104]  INFO -- : Mr Bazinga received hole_card 9 of Spades
I, [2014-04-05T16:16:01.243904 #21104]  INFO -- : NoCo received hole_card 6 of Diamonds
I, [2014-04-05T16:16:01.244186 #21104]  INFO -- : R3T received hole_card 2 of Spades
I, [2014-04-05T16:16:01.244439 #21104]  INFO -- : Mr Bazinga received hole_card 4 of Hearts
I, [2014-04-05T16:16:01.244673 #21104]  INFO -- : NoCo received hole_card 5 of Hearts
I, [2014-04-05T16:16:01.245089 #21104]  INFO -- : R3T made a bet of 10 (raise) and is left with 1070 chips. The pot now contains 10 chips.
I, [2014-04-05T16:16:01.245478 #21104]  INFO -- : Mr Bazinga made a bet of 20 (raise) and is left with 950 chips. The pot now contains 30 chips.
I, [2014-04-05T16:16:01.247748 #21104]  INFO -- : Player NoCo responded with 0 (200)
I, [2014-04-05T16:16:01.248016 #21104]  INFO -- : NoCo made a bet of 0 (fold) and is left with 950 chips. The pot now contains 30 chips.
I, [2014-04-05T16:16:01.252548 #21104]  INFO -- : Player R3T responded with 0 (200)
I, [2014-04-05T16:16:01.253000 #21104]  INFO -- : R3T made a bet of 0 (fold) and is left with 1070 chips. The pot now contains 30 chips.
I, [2014-04-05T16:16:01.256908 #21104]  INFO -- : Player Mr Bazinga responded with 0 (200)
I, [2014-04-05T16:16:01.257281 #21104]  INFO -- : Mr Bazinga made a bet of 0 (check) and is left with 950 chips. The pot now contains 30 chips.
I, [2014-04-05T16:16:01.257893 #21104]  INFO -- : Mr Bazinga won 30
I, [2014-04-05T16:16:01.261848 #21104]  INFO -- : Player R3T responded with  (200)
I, [2014-04-05T16:16:01.265006 #21104]  INFO -- : Player Mr Bazinga responded with OK (200)
I, [2014-04-05T16:16:01.269496 #21104]  INFO -- : Player NoCo responded with  (200)
I, [2014-04-05T16:16:01.269837 #21104]  INFO -- : Mr Bazinga received hole_card 8 of Clubs
I, [2014-04-05T16:16:01.270016 #21104]  INFO -- : NoCo received hole_card 5 of Spades
I, [2014-04-05T16:16:01.270180 #21104]  INFO -- : R3T received hole_card 2 of Diamonds
I, [2014-04-05T16:16:01.270366 #21104]  INFO -- : Mr Bazinga received hole_card Queen of Diamonds
I, [2014-04-05T16:16:01.270541 #21104]  INFO -- : NoCo received hole_card 8 of Diamonds
I, [2014-04-05T16:16:01.270739 #21104]  INFO -- : R3T received hole_card 10 of Diamonds
I, [2014-04-05T16:16:01.271025 #21104]  INFO -- : Mr Bazinga made a bet of 10 (raise) and is left with 970 chips. The pot now contains 10 chips.
I, [2014-04-05T16:16:01.271276 #21104]  INFO -- : NoCo made a bet of 20 (raise) and is left with 930 chips. The pot now contains 30 chips.
I, [2014-04-05T16:16:01.274110 #21104]  INFO -- : Player R3T responded with 0 (200)
I, [2014-04-05T16:16:01.274336 #21104]  INFO -- : R3T made a bet of 0 (fold) and is left with 1070 chips. The pot now contains 30 chips.
I, [2014-04-05T16:16:01.276936 #21104]  INFO -- : Player Mr Bazinga responded with 0 (200)
I, [2014-04-05T16:16:01.277198 #21104]  INFO -- : Mr Bazinga made a bet of 0 (fold) and is left with 970 chips. The pot now contains 30 chips.
I, [2014-04-05T16:16:01.279010 #21104]  INFO -- : Player NoCo responded with 20 (200)
I, [2014-04-05T16:16:01.279278 #21104]  INFO -- : NoCo made a bet of 20 (raise) and is left with 910 chips. The pot now contains 50 chips.
I, [2014-04-05T16:16:01.279674 #21104]  INFO -- : NoCo won 50
I, [2014-04-05T16:16:01.282509 #21104]  INFO -- : Player R3T responded with  (200)
I, [2014-04-05T16:16:01.285196 #21104]  INFO -- : Player Mr Bazinga responded with OK (200)
I, [2014-04-05T16:16:01.287064 #21104]  INFO -- : Player NoCo responded with  (200)
I, [2014-04-05T16:16:01.287388 #21104]  INFO -- : NoCo received hole_card 2 of Clubs
I, [2014-04-05T16:16:01.287551 #21104]  INFO -- : R3T received hole_card 4 of Hearts
I, [2014-04-05T16:16:01.287771 #21104]  INFO -- : Mr Bazinga received hole_card Jack of Clubs
I, [2014-04-05T16:16:01.287962 #21104]  INFO -- : NoCo received hole_card 10 of Hearts
I, [2014-04-05T16:16:01.288138 #21104]  INFO -- : R3T received hole_card 4 of Clubs
I, [2014-04-05T16:16:01.288314 #21104]  INFO -- : Mr Bazinga received hole_card Ace of Diamonds
I, [2014-04-05T16:16:01.288600 #21104]  INFO -- : NoCo made a bet of 10 (raise) and is left with 950 chips. The pot now contains 10 chips.
I, [2014-04-05T16:16:01.288872 #21104]  INFO -- : R3T made a bet of 20 (raise) and is left with 1050 chips. The pot now contains 30 chips.
I, [2014-04-05T16:16:01.290742 #21104]  INFO -- : Player Mr Bazinga responded with 30 (200)
I, [2014-04-05T16:16:01.291047 #21104]  INFO -- : Mr Bazinga made a bet of 30 (raise) and is left with 940 chips. The pot now contains 60 chips.
I, [2014-04-05T16:16:01.293902 #21104]  INFO -- : Player NoCo responded with 0 (200)
I, [2014-04-05T16:16:01.294171 #21104]  INFO -- : NoCo made a bet of 0 (fold) and is left with 950 chips. The pot now contains 60 chips.
I, [2014-04-05T16:16:01.298813 #21104]  INFO -- : Player R3T responded with 40 (200)
I, [2014-04-05T16:16:01.299093 #21104]  INFO -- : R3T made a bet of 40 (raise) and is left with 1010 chips. The pot now contains 100 chips.
I, [2014-04-05T16:16:01.300953 #21104]  INFO -- : Player Mr Bazinga responded with 60 (200)
I, [2014-04-05T16:16:01.301303 #21104]  INFO -- : Mr Bazinga made a bet of 60 (raise) and is left with 880 chips. The pot now contains 160 chips.
I, [2014-04-05T16:16:01.304233 #21104]  INFO -- : Player R3T responded with 120 (200)
I, [2014-04-05T16:16:01.304536 #21104]  INFO -- : R3T made a bet of 120 (raise) and is left with 890 chips. The pot now contains 280 chips.
I, [2014-04-05T16:16:01.306358 #21104]  INFO -- : Player Mr Bazinga responded with 180 (200)
I, [2014-04-05T16:16:01.306634 #21104]  INFO -- : Mr Bazinga made a bet of 180 (raise) and is left with 700 chips. The pot now contains 460 chips.
I, [2014-04-05T16:16:01.309484 #21104]  INFO -- : Player R3T responded with 360 (200)
I, [2014-04-05T16:16:01.309787 #21104]  INFO -- : R3T made a bet of 360 (raise) and is left with 530 chips. The pot now contains 820 chips.
I, [2014-04-05T16:16:01.312544 #21104]  INFO -- : Player Mr Bazinga responded with 540 (200)
I, [2014-04-05T16:16:01.312825 #21104]  INFO -- : Mr Bazinga made a bet of 540 (raise) and is left with 160 chips. The pot now contains 1360 chips.
I, [2014-04-05T16:16:01.315352 #21104]  INFO -- : Player R3T responded with 1080 (200)
I, [2014-04-05T16:16:01.315589 #21104]  INFO -- : R3T made a bet of 530 (allin) and is left with 0 chips. The pot now contains 1890 chips.
I, [2014-04-05T16:16:01.317516 #21104]  INFO -- : Player Mr Bazinga responded with 530 (200)
I, [2014-04-05T16:16:01.317733 #21104]  INFO -- : Mr Bazinga made a bet of 160 (allin) and is left with 0 chips. The pot now contains 2050 chips.
I, [2014-04-05T16:16:01.317939 #21104]  INFO -- : community card 5 of Diamonds
I, [2014-04-05T16:16:01.318122 #21104]  INFO -- : community card 10 of Clubs
I, [2014-04-05T16:16:01.318292 #21104]  INFO -- : community card 5 of Clubs
I, [2014-04-05T16:16:01.318465 #21104]  INFO -- : community card 3 of Spades
I, [2014-04-05T16:16:01.318642 #21104]  INFO -- : community card 8 of Spades
I, [2014-04-05T16:16:01.319528 #21104]  INFO -- : R3T showed 4 of Hearts,4 of Clubs,5 of Diamonds,5 of Clubs,10 of Clubs making a two pairs
I, [2014-04-05T16:16:01.319928 #21104]  INFO -- : R3T won 2050
I, [2014-04-05T16:16:01.324033 #21104]  INFO -- : Player R3T responded with  (200)
I, [2014-04-05T16:16:01.327552 #21104]  INFO -- : Player Mr Bazinga responded with OK (200)
I, [2014-04-05T16:16:01.329816 #21104]  INFO -- : Player NoCo responded with  (200)
I, [2014-04-05T16:16:01.330358 #21104]  INFO -- : R3T received hole_card 8 of Hearts
I, [2014-04-05T16:16:01.330680 #21104]  INFO -- : NoCo received hole_card 5 of Hearts
I, [2014-04-05T16:16:01.331010 #21104]  INFO -- : R3T received hole_card Jack of Hearts
I, [2014-04-05T16:16:01.331347 #21104]  INFO -- : NoCo received hole_card 9 of Diamonds
I, [2014-04-05T16:16:01.331892 #21104]  INFO -- : R3T made a bet of 20 (raise) and is left with 2030 chips. The pot now contains 20 chips.
I, [2014-04-05T16:16:01.332368 #21104]  INFO -- : NoCo made a bet of 40 (raise) and is left with 910 chips. The pot now contains 60 chips.
I, [2014-04-05T16:16:01.335936 #21104]  INFO -- : Player R3T responded with 80 (200)
I, [2014-04-05T16:16:01.336276 #21104]  INFO -- : R3T made a bet of 80 (raise) and is left with 1950 chips. The pot now contains 140 chips.
I, [2014-04-05T16:16:01.338932 #21104]  INFO -- : Player NoCo responded with 0 (200)
I, [2014-04-05T16:16:01.339262 #21104]  INFO -- : NoCo made a bet of 0 (fold) and is left with 910 chips. The pot now contains 140 chips.
I, [2014-04-05T16:16:01.339834 #21104]  INFO -- : R3T won 140
I, [2014-04-05T16:16:01.342450 #21104]  INFO -- : Player R3T responded with  (200)
I, [2014-04-05T16:16:01.343981 #21104]  INFO -- : Player Mr Bazinga responded with OK (200)
I, [2014-04-05T16:16:01.345839 #21104]  INFO -- : Player NoCo responded with  (200)
I, [2014-04-05T16:16:01.346142 #21104]  INFO -- : NoCo received hole_card 3 of Clubs
I, [2014-04-05T16:16:01.346376 #21104]  INFO -- : R3T received hole_card 6 of Diamonds
I, [2014-04-05T16:16:01.346580 #21104]  INFO -- : NoCo received hole_card 8 of Clubs
I, [2014-04-05T16:16:01.346768 #21104]  INFO -- : R3T received hole_card 3 of Diamonds
I, [2014-04-05T16:16:01.347074 #21104]  INFO -- : NoCo made a bet of 20 (raise) and is left with 890 chips. The pot now contains 20 chips.
I, [2014-04-05T16:16:01.347334 #21104]  INFO -- : R3T made a bet of 40 (raise) and is left with 2050 chips. The pot now contains 60 chips.
I, [2014-04-05T16:16:01.349521 #21104]  INFO -- : Player NoCo responded with 0 (200)
I, [2014-04-05T16:16:01.349835 #21104]  INFO -- : NoCo made a bet of 0 (fold) and is left with 890 chips. The pot now contains 60 chips.
I, [2014-04-05T16:16:01.353824 #21104]  INFO -- : Player R3T responded with 0 (200)
I, [2014-04-05T16:16:01.354498 #21104]  INFO -- : R3T made a bet of 0 (check) and is left with 2050 chips. The pot now contains 60 chips.
I, [2014-04-05T16:16:01.355672 #21104]  INFO -- : R3T won 60
I, [2014-04-05T16:16:01.358308 #21104]  INFO -- : Player R3T responded with  (200)
I, [2014-04-05T16:16:01.360487 #21104]  INFO -- : Player Mr Bazinga responded with OK (200)
I, [2014-04-05T16:16:01.362538 #21104]  INFO -- : Player NoCo responded with  (200)
I, [2014-04-05T16:16:01.362846 #21104]  INFO -- : R3T received hole_card 10 of Spades
I, [2014-04-05T16:16:01.363062 #21104]  INFO -- : NoCo received hole_card 3 of Spades
I, [2014-04-05T16:16:01.363234 #21104]  INFO -- : R3T received hole_card 10 of Hearts
I, [2014-04-05T16:16:01.363425 #21104]  INFO -- : NoCo received hole_card Jack of Spades
I, [2014-04-05T16:16:01.363674 #21104]  INFO -- : R3T made a bet of 20 (raise) and is left with 2090 chips. The pot now contains 20 chips.
I, [2014-04-05T16:16:01.363950 #21104]  INFO -- : NoCo made a bet of 40 (raise) and is left with 850 chips. The pot now contains 60 chips.
I, [2014-04-05T16:16:01.366341 #21104]  INFO -- : Player R3T responded with 60 (200)
I, [2014-04-05T16:16:01.366709 #21104]  INFO -- : R3T made a bet of 60 (raise) and is left with 2030 chips. The pot now contains 120 chips.
I, [2014-04-05T16:16:01.370441 #21104]  INFO -- : Player NoCo responded with 0 (200)
I, [2014-04-05T16:16:01.370772 #21104]  INFO -- : NoCo made a bet of 0 (fold) and is left with 850 chips. The pot now contains 120 chips.
I, [2014-04-05T16:16:01.371364 #21104]  INFO -- : R3T won 120
I, [2014-04-05T16:16:01.376085 #21104]  INFO -- : Player R3T responded with  (200)
I, [2014-04-05T16:16:01.380299 #21104]  INFO -- : Player Mr Bazinga responded with OK (200)
I, [2014-04-05T16:16:01.383703 #21104]  INFO -- : Player NoCo responded with  (200)
I, [2014-04-05T16:16:01.384182 #21104]  INFO -- : NoCo received hole_card 7 of Diamonds
I, [2014-04-05T16:16:01.384433 #21104]  INFO -- : R3T received hole_card King of Spades
I, [2014-04-05T16:16:01.384653 #21104]  INFO -- : NoCo received hole_card 10 of Clubs
I, [2014-04-05T16:16:01.385158 #21104]  INFO -- : R3T received hole_card Ace of Diamonds
I, [2014-04-05T16:16:01.386057 #21104]  INFO -- : NoCo made a bet of 20 (raise) and is left with 830 chips. The pot now contains 20 chips.
I, [2014-04-05T16:16:01.386958 #21104]  INFO -- : R3T made a bet of 40 (raise) and is left with 2110 chips. The pot now contains 60 chips.
I, [2014-04-05T16:16:01.392454 #21104]  INFO -- : Player NoCo responded with 80 (200)
I, [2014-04-05T16:16:01.393134 #21104]  INFO -- : NoCo made a bet of 80 (raise) and is left with 750 chips. The pot now contains 140 chips.
I, [2014-04-05T16:16:01.400733 #21104]  INFO -- : Player R3T responded with 160 (200)
I, [2014-04-05T16:16:01.401508 #21104]  INFO -- : R3T made a bet of 160 (raise) and is left with 1950 chips. The pot now contains 300 chips.
I, [2014-04-05T16:16:01.406834 #21104]  INFO -- : Player NoCo responded with 80 (200)
I, [2014-04-05T16:16:01.407434 #21104]  INFO -- : NoCo made a bet of 0 (fold) and is left with 750 chips. The pot now contains 300 chips.
I, [2014-04-05T16:16:01.408802 #21104]  INFO -- : R3T won 300
I, [2014-04-05T16:16:01.415244 #21104]  INFO -- : Player R3T responded with  (200)
I, [2014-04-05T16:16:01.420893 #21104]  INFO -- : Player Mr Bazinga responded with OK (200)
I, [2014-04-05T16:16:01.425178 #21104]  INFO -- : Player NoCo responded with  (200)
I, [2014-04-05T16:16:01.425655 #21104]  INFO -- : R3T received hole_card 7 of Clubs
I, [2014-04-05T16:16:01.425929 #21104]  INFO -- : NoCo received hole_card 10 of Spades
I, [2014-04-05T16:16:01.426231 #21104]  INFO -- : R3T received hole_card 2 of Spades
I, [2014-04-05T16:16:01.426543 #21104]  INFO -- : NoCo received hole_card 2 of Hearts
I, [2014-04-05T16:16:01.426875 #21104]  INFO -- : R3T made a bet of 20 (raise) and is left with 2230 chips. The pot now contains 20 chips.
I, [2014-04-05T16:16:01.427139 #21104]  INFO -- : NoCo made a bet of 40 (raise) and is left with 710 chips. The pot now contains 60 chips.
I, [2014-04-05T16:16:01.429640 #21104]  INFO -- : Player R3T responded with 0 (200)
I, [2014-04-05T16:16:01.429875 #21104]  INFO -- : R3T made a bet of 0 (fold) and is left with 2230 chips. The pot now contains 60 chips.
I, [2014-04-05T16:16:01.430228 #21104]  INFO -- : NoCo won 60
I, [2014-04-05T16:16:01.432479 #21104]  INFO -- : Player R3T responded with  (200)
I, [2014-04-05T16:16:01.434107 #21104]  INFO -- : Player Mr Bazinga responded with OK (200)
I, [2014-04-05T16:16:01.436736 #21104]  INFO -- : Player NoCo responded with  (200)
I, [2014-04-05T16:16:01.437122 #21104]  INFO -- : NoCo received hole_card Queen of Hearts
I, [2014-04-05T16:16:01.437283 #21104]  INFO -- : R3T received hole_card 10 of Clubs
I, [2014-04-05T16:16:01.437477 #21104]  INFO -- : NoCo received hole_card Ace of Spades
I, [2014-04-05T16:16:01.437676 #21104]  INFO -- : R3T received hole_card 4 of Clubs
I, [2014-04-05T16:16:01.437939 #21104]  INFO -- : NoCo made a bet of 20 (raise) and is left with 750 chips. The pot now contains 20 chips.
I, [2014-04-05T16:16:01.438175 #21104]  INFO -- : R3T made a bet of 40 (raise) and is left with 2190 chips. The pot now contains 60 chips.
I, [2014-04-05T16:16:01.439967 #21104]  INFO -- : Player NoCo responded with 750 (200)
I, [2014-04-05T16:16:01.440757 #21104]  INFO -- : NoCo made a bet of 750 (allin) and is left with 0 chips. The pot now contains 810 chips.
I, [2014-04-05T16:16:01.445077 #21104]  INFO -- : Player R3T responded with 0 (200)
I, [2014-04-05T16:16:01.445392 #21104]  INFO -- : R3T made a bet of 0 (fold) and is left with 2190 chips. The pot now contains 810 chips.
I, [2014-04-05T16:16:01.445786 #21104]  INFO -- : NoCo won 810
I, [2014-04-05T16:16:01.448228 #21104]  INFO -- : Player R3T responded with  (200)
I, [2014-04-05T16:16:01.450115 #21104]  INFO -- : Player Mr Bazinga responded with OK (200)
I, [2014-04-05T16:16:01.452254 #21104]  INFO -- : Player NoCo responded with  (200)
I, [2014-04-05T16:16:01.453653 #21104]  INFO -- : R3T received hole_card 4 of Hearts
I, [2014-04-05T16:16:01.454253 #21104]  INFO -- : NoCo received hole_card 9 of Hearts
I, [2014-04-05T16:16:01.454468 #21104]  INFO -- : R3T received hole_card Queen of Hearts
I, [2014-04-05T16:16:01.454654 #21104]  INFO -- : NoCo received hole_card 5 of Diamonds
I, [2014-04-05T16:16:01.454958 #21104]  INFO -- : R3T made a bet of 20 (raise) and is left with 2170 chips. The pot now contains 20 chips.
I, [2014-04-05T16:16:01.455253 #21104]  INFO -- : NoCo made a bet of 40 (raise) and is left with 770 chips. The pot now contains 60 chips.
I, [2014-04-05T16:16:01.457743 #21104]  INFO -- : Player R3T responded with 80 (200)
I, [2014-04-05T16:16:01.458008 #21104]  INFO -- : R3T made a bet of 80 (raise) and is left with 2090 chips. The pot now contains 140 chips.
I, [2014-04-05T16:16:01.459796 #21104]  INFO -- : Player NoCo responded with 0 (200)
I, [2014-04-05T16:16:01.460024 #21104]  INFO -- : NoCo made a bet of 0 (fold) and is left with 770 chips. The pot now contains 140 chips.
I, [2014-04-05T16:16:01.460423 #21104]  INFO -- : R3T won 140
I, [2014-04-05T16:16:01.463071 #21104]  INFO -- : Player R3T responded with  (200)
I, [2014-04-05T16:16:01.465493 #21104]  INFO -- : Player Mr Bazinga responded with OK (200)
I, [2014-04-05T16:16:01.467439 #21104]  INFO -- : Player NoCo responded with  (200)
I, [2014-04-05T16:16:01.467819 #21104]  INFO -- : NoCo received hole_card King of Clubs
I, [2014-04-05T16:16:01.468026 #21104]  INFO -- : R3T received hole_card 2 of Hearts
I, [2014-04-05T16:16:01.468244 #21104]  INFO -- : NoCo received hole_card 6 of Spades
I, [2014-04-05T16:16:01.468422 #21104]  INFO -- : R3T received hole_card Jack of Spades
I, [2014-04-05T16:16:01.468717 #21104]  INFO -- : NoCo made a bet of 20 (raise) and is left with 750 chips. The pot now contains 20 chips.
I, [2014-04-05T16:16:01.468973 #21104]  INFO -- : R3T made a bet of 40 (raise) and is left with 2190 chips. The pot now contains 60 chips.
I, [2014-04-05T16:16:01.472786 #21104]  INFO -- : Player NoCo responded with 80 (200)
I, [2014-04-05T16:16:01.473215 #21104]  INFO -- : NoCo made a bet of 80 (raise) and is left with 670 chips. The pot now contains 140 chips.
I, [2014-04-05T16:16:01.479956 #21104]  INFO -- : Player R3T responded with 0 (200)
I, [2014-04-05T16:16:01.480333 #21104]  INFO -- : R3T made a bet of 0 (fold) and is left with 2190 chips. The pot now contains 140 chips.
I, [2014-04-05T16:16:01.480983 #21104]  INFO -- : NoCo won 140
I, [2014-04-05T16:16:01.487244 #21104]  INFO -- : Player R3T responded with  (200)
I, [2014-04-05T16:16:01.490979 #21104]  INFO -- : Player Mr Bazinga responded with OK (200)
I, [2014-04-05T16:16:01.495701 #21104]  INFO -- : Player NoCo responded with  (200)
I, [2014-04-05T16:16:01.496637 #21104]  INFO -- : R3T received hole_card Queen of Diamonds
I, [2014-04-05T16:16:01.496955 #21104]  INFO -- : NoCo received hole_card 3 of Spades
I, [2014-04-05T16:16:01.497400 #21104]  INFO -- : R3T received hole_card 10 of Clubs
I, [2014-04-05T16:16:01.497700 #21104]  INFO -- : NoCo received hole_card 10 of Diamonds
I, [2014-04-05T16:16:01.498192 #21104]  INFO -- : R3T made a bet of 20 (raise) and is left with 2170 chips. The pot now contains 20 chips.
I, [2014-04-05T16:16:01.498647 #21104]  INFO -- : NoCo made a bet of 40 (raise) and is left with 770 chips. The pot now contains 60 chips.
I, [2014-04-05T16:16:01.501888 #21104]  INFO -- : Player R3T responded with 0 (200)
I, [2014-04-05T16:16:01.502232 #21104]  INFO -- : R3T made a bet of 0 (fold) and is left with 2170 chips. The pot now contains 60 chips.
I, [2014-04-05T16:16:01.502856 #21104]  INFO -- : NoCo won 60
I, [2014-04-05T16:16:01.507723 #21104]  INFO -- : Player R3T responded with  (200)
I, [2014-04-05T16:16:01.514643 #21104]  INFO -- : Player Mr Bazinga responded with OK (200)
I, [2014-04-05T16:16:01.516789 #21104]  INFO -- : Player NoCo responded with  (200)
I, [2014-04-05T16:16:01.517104 #21104]  INFO -- : NoCo received hole_card 6 of Spades
I, [2014-04-05T16:16:01.517263 #21104]  INFO -- : R3T received hole_card 10 of Diamonds
I, [2014-04-05T16:16:01.517424 #21104]  INFO -- : NoCo received hole_card 6 of Diamonds
I, [2014-04-05T16:16:01.517666 #21104]  INFO -- : R3T received hole_card 6 of Clubs
I, [2014-04-05T16:16:01.517968 #21104]  INFO -- : NoCo made a bet of 40 (raise) and is left with 790 chips. The pot now contains 40 chips.
I, [2014-04-05T16:16:01.518197 #21104]  INFO -- : R3T made a bet of 80 (raise) and is left with 2090 chips. The pot now contains 120 chips.
I, [2014-04-05T16:16:01.519978 #21104]  INFO -- : Player NoCo responded with 80 (200)
I, [2014-04-05T16:16:01.520198 #21104]  INFO -- : NoCo made a bet of 80 (raise) and is left with 710 chips. The pot now contains 200 chips.
I, [2014-04-05T16:16:01.522511 #21104]  INFO -- : Player R3T responded with 0 (200)
I, [2014-04-05T16:16:01.522738 #21104]  INFO -- : R3T made a bet of 0 (fold) and is left with 2090 chips. The pot now contains 200 chips.
I, [2014-04-05T16:16:01.523092 #21104]  INFO -- : NoCo won 200
I, [2014-04-05T16:16:01.525495 #21104]  INFO -- : Player R3T responded with  (200)
I, [2014-04-05T16:16:01.527452 #21104]  INFO -- : Player Mr Bazinga responded with OK (200)
I, [2014-04-05T16:16:01.529177 #21104]  INFO -- : Player NoCo responded with  (200)
I, [2014-04-05T16:16:01.529477 #21104]  INFO -- : R3T received hole_card 9 of Diamonds
I, [2014-04-05T16:16:01.529624 #21104]  INFO -- : NoCo received hole_card 10 of Spades
I, [2014-04-05T16:16:01.529800 #21104]  INFO -- : R3T received hole_card 7 of Spades
I, [2014-04-05T16:16:01.529967 #21104]  INFO -- : NoCo received hole_card Ace of Spades
I, [2014-04-05T16:16:01.530282 #21104]  INFO -- : R3T made a bet of 40 (raise) and is left with 2050 chips. The pot now contains 40 chips.
I, [2014-04-05T16:16:01.530519 #21104]  INFO -- : NoCo made a bet of 80 (raise) and is left with 830 chips. The pot now contains 120 chips.
I, [2014-04-05T16:16:01.533147 #21104]  INFO -- : Player R3T responded with 0 (200)
I, [2014-04-05T16:16:01.533501 #21104]  INFO -- : R3T made a bet of 0 (fold) and is left with 2050 chips. The pot now contains 120 chips.
I, [2014-04-05T16:16:01.534312 #21104]  INFO -- : NoCo won 120
I, [2014-04-05T16:16:01.537807 #21104]  INFO -- : Player R3T responded with  (200)
I, [2014-04-05T16:16:01.541036 #21104]  INFO -- : Player Mr Bazinga responded with OK (200)
I, [2014-04-05T16:16:01.543006 #21104]  INFO -- : Player NoCo responded with  (200)
I, [2014-04-05T16:16:01.543326 #21104]  INFO -- : NoCo received hole_card King of Diamonds
I, [2014-04-05T16:16:01.543486 #21104]  INFO -- : R3T received hole_card 9 of Diamonds
I, [2014-04-05T16:16:01.543655 #21104]  INFO -- : NoCo received hole_card 8 of Spades
I, [2014-04-05T16:16:01.543822 #21104]  INFO -- : R3T received hole_card King of Clubs
I, [2014-04-05T16:16:01.544113 #21104]  INFO -- : NoCo made a bet of 40 (raise) and is left with 910 chips. The pot now contains 40 chips.
I, [2014-04-05T16:16:01.544344 #21104]  INFO -- : R3T made a bet of 80 (raise) and is left with 1970 chips. The pot now contains 120 chips.
I, [2014-04-05T16:16:01.546054 #21104]  INFO -- : Player NoCo responded with 80 (200)
I, [2014-04-05T16:16:01.546255 #21104]  INFO -- : NoCo made a bet of 80 (raise) and is left with 830 chips. The pot now contains 200 chips.
I, [2014-04-05T16:16:01.549179 #21104]  INFO -- : Player R3T responded with 0 (200)
I, [2014-04-05T16:16:01.549515 #21104]  INFO -- : R3T made a bet of 0 (fold) and is left with 1970 chips. The pot now contains 200 chips.
I, [2014-04-05T16:16:01.550160 #21104]  INFO -- : NoCo won 200
I, [2014-04-05T16:16:01.552506 #21104]  INFO -- : Player R3T responded with  (200)
I, [2014-04-05T16:16:01.555853 #21104]  INFO -- : Player Mr Bazinga responded with OK (200)
I, [2014-04-05T16:16:01.557776 #21104]  INFO -- : Player NoCo responded with  (200)
I, [2014-04-05T16:16:01.558077 #21104]  INFO -- : R3T received hole_card Jack of Spades
I, [2014-04-05T16:16:01.558268 #21104]  INFO -- : NoCo received hole_card 5 of Clubs
I, [2014-04-05T16:16:01.558440 #21104]  INFO -- : R3T received hole_card 3 of Diamonds
I, [2014-04-05T16:16:01.558630 #21104]  INFO -- : NoCo received hole_card 10 of Diamonds
I, [2014-04-05T16:16:01.558928 #21104]  INFO -- : R3T made a bet of 40 (raise) and is left with 1930 chips. The pot now contains 40 chips.
I, [2014-04-05T16:16:01.559179 #21104]  INFO -- : NoCo made a bet of 80 (raise) and is left with 950 chips. The pot now contains 120 chips.
I, [2014-04-05T16:16:01.562226 #21104]  INFO -- : Player R3T responded with 0 (200)
I, [2014-04-05T16:16:01.562647 #21104]  INFO -- : R3T made a bet of 0 (fold) and is left with 1930 chips. The pot now contains 120 chips.
I, [2014-04-05T16:16:01.563336 #21104]  INFO -- : NoCo won 120
I, [2014-04-05T16:16:01.568162 #21104]  INFO -- : Player R3T responded with  (200)
I, [2014-04-05T16:16:01.574205 #21104]  INFO -- : Player Mr Bazinga responded with OK (200)
I, [2014-04-05T16:16:01.577132 #21104]  INFO -- : Player NoCo responded with  (200)
I, [2014-04-05T16:16:01.577698 #21104]  INFO -- : NoCo received hole_card 5 of Clubs
I, [2014-04-05T16:16:01.578020 #21104]  INFO -- : R3T received hole_card 2 of Hearts
I, [2014-04-05T16:16:01.578362 #21104]  INFO -- : NoCo received hole_card Queen of Diamonds
I, [2014-04-05T16:16:01.578705 #21104]  INFO -- : R3T received hole_card 7 of Hearts
I, [2014-04-05T16:16:01.579264 #21104]  INFO -- : NoCo made a bet of 40 (raise) and is left with 1030 chips. The pot now contains 40 chips.
I, [2014-04-05T16:16:01.579834 #21104]  INFO -- : R3T made a bet of 80 (raise) and is left with 1850 chips. The pot now contains 120 chips.
I, [2014-04-05T16:16:01.582143 #21104]  INFO -- : Player NoCo responded with 80 (200)
I, [2014-04-05T16:16:01.582350 #21104]  INFO -- : NoCo made a bet of 80 (raise) and is left with 950 chips. The pot now contains 200 chips.
I, [2014-04-05T16:16:01.584716 #21104]  INFO -- : Player R3T responded with 0 (200)
I, [2014-04-05T16:16:01.585036 #21104]  INFO -- : R3T made a bet of 0 (fold) and is left with 1850 chips. The pot now contains 200 chips.
I, [2014-04-05T16:16:01.585409 #21104]  INFO -- : NoCo won 200
I, [2014-04-05T16:16:01.588217 #21104]  INFO -- : Player R3T responded with  (200)
I, [2014-04-05T16:16:01.591311 #21104]  INFO -- : Player Mr Bazinga responded with OK (200)
I, [2014-04-05T16:16:01.593366 #21104]  INFO -- : Player NoCo responded with  (200)
I, [2014-04-05T16:16:01.595390 #21104]  INFO -- : R3T received hole_card King of Hearts
I, [2014-04-05T16:16:01.595710 #21104]  INFO -- : NoCo received hole_card 7 of Clubs
I, [2014-04-05T16:16:01.595930 #21104]  INFO -- : R3T received hole_card Ace of Diamonds
I, [2014-04-05T16:16:01.596205 #21104]  INFO -- : NoCo received hole_card 8 of Clubs
I, [2014-04-05T16:16:01.596591 #21104]  INFO -- : R3T made a bet of 40 (raise) and is left with 1810 chips. The pot now contains 40 chips.
I, [2014-04-05T16:16:01.596923 #21104]  INFO -- : NoCo made a bet of 80 (raise) and is left with 1070 chips. The pot now contains 120 chips.
I, [2014-04-05T16:16:01.600974 #21104]  INFO -- : Player R3T responded with 120 (200)
I, [2014-04-05T16:16:01.601324 #21104]  INFO -- : R3T made a bet of 120 (raise) and is left with 1690 chips. The pot now contains 240 chips.
I, [2014-04-05T16:16:01.603971 #21104]  INFO -- : Player NoCo responded with 80 (200)
I, [2014-04-05T16:16:01.604659 #21104]  INFO -- : NoCo made a bet of 80 (call) and is left with 990 chips. The pot now contains 320 chips.
I, [2014-04-05T16:16:01.605861 #21104]  INFO -- : community card 7 of Diamonds
I, [2014-04-05T16:16:01.606206 #21104]  INFO -- : community card 4 of Spades
I, [2014-04-05T16:16:01.606533 #21104]  INFO -- : community card 9 of Diamonds
I, [2014-04-05T16:16:01.660919 #21104]  INFO -- : Player R3T responded with 0 (200)
I, [2014-04-05T16:16:01.661226 #21104]  INFO -- : R3T made a bet of 0 (check) and is left with 1690 chips. The pot now contains 320 chips.
E, [2014-04-05T16:16:02.163220 #21104] ERROR -- : Net::ReadTimeout
E, [2014-04-05T16:16:02.163599 #21104] ERROR -- : Player NoCo is unreachable
I, [2014-04-05T16:16:02.164261 #21104]  INFO -- : NoCo made a bet of 0 (check) and is left with 990 chips. The pot now contains 320 chips.
I, [2014-04-05T16:16:02.164999 #21104]  INFO -- : community card King of Diamonds
I, [2014-04-05T16:16:02.182271 #21104]  INFO -- : Player R3T responded with 240 (200)
I, [2014-04-05T16:16:02.183011 #21104]  INFO -- : R3T made a bet of 240 (raise) and is left with 1450 chips. The pot now contains 560 chips.
E, [2014-04-05T16:16:02.685927 #21104] ERROR -- : Net::ReadTimeout
E, [2014-04-05T16:16:02.686304 #21104] ERROR -- : Player NoCo is unreachable
I, [2014-04-05T16:16:02.686893 #21104]  INFO -- : NoCo made a bet of 0 (fold) and is left with 990 chips. The pot now contains 560 chips.
I, [2014-04-05T16:16:02.688270 #21104]  INFO -- : R3T won 560
I, [2014-04-05T16:16:02.695397 #21104]  INFO -- : Player R3T responded with  (200)
I, [2014-04-05T16:16:02.700468 #21104]  INFO -- : Player Mr Bazinga responded with OK (200)
E, [2014-04-05T16:16:03.206308 #21104] ERROR -- : Net::ReadTimeout
E, [2014-04-05T16:16:03.206581 #21104] ERROR -- : Player NoCo is unreachable
I, [2014-04-05T16:16:03.207064 #21104]  INFO -- : NoCo received hole_card Ace of Hearts
I, [2014-04-05T16:16:03.207370 #21104]  INFO -- : R3T received hole_card 6 of Spades
I, [2014-04-05T16:16:03.207741 #21104]  INFO -- : NoCo received hole_card 7 of Clubs
I, [2014-04-05T16:16:03.208057 #21104]  INFO -- : R3T received hole_card 6 of Clubs
I, [2014-04-05T16:16:03.208557 #21104]  INFO -- : NoCo made a bet of 40 (raise) and is left with 950 chips. The pot now contains 40 chips.
I, [2014-04-05T16:16:03.208981 #21104]  INFO -- : R3T made a bet of 80 (raise) and is left with 1930 chips. The pot now contains 120 chips.
E, [2014-04-05T16:16:03.712597 #21104] ERROR -- : Net::ReadTimeout
E, [2014-04-05T16:16:03.713009 #21104] ERROR -- : Player NoCo is unreachable
I, [2014-04-05T16:16:03.713494 #21104]  INFO -- : NoCo made a bet of 0 (fold) and is left with 950 chips. The pot now contains 120 chips.
I, [2014-04-05T16:16:03.720028 #21104]  INFO -- : Player R3T responded with 120 (200)
I, [2014-04-05T16:16:03.720742 #21104]  INFO -- : R3T made a bet of 120 (raise) and is left with 1810 chips. The pot now contains 240 chips.
I, [2014-04-05T16:16:03.721844 #21104]  INFO -- : R3T won 240
I, [2014-04-05T16:16:03.728081 #21104]  INFO -- : Player R3T responded with  (200)
I, [2014-04-05T16:16:03.732693 #21104]  INFO -- : Player Mr Bazinga responded with OK (200)
E, [2014-04-05T16:16:04.234872 #21104] ERROR -- : Net::ReadTimeout
E, [2014-04-05T16:16:04.234998 #21104] ERROR -- : Player NoCo is unreachable
I, [2014-04-05T16:16:04.235331 #21104]  INFO -- : R3T received hole_card 7 of Clubs
I, [2014-04-05T16:16:04.235536 #21104]  INFO -- : NoCo received hole_card 7 of Diamonds
I, [2014-04-05T16:16:04.235716 #21104]  INFO -- : R3T received hole_card 6 of Spades
I, [2014-04-05T16:16:04.235900 #21104]  INFO -- : NoCo received hole_card Queen of Hearts
I, [2014-04-05T16:16:04.236300 #21104]  INFO -- : R3T made a bet of 40 (raise) and is left with 2010 chips. The pot now contains 40 chips.
I, [2014-04-05T16:16:04.236582 #21104]  INFO -- : NoCo made a bet of 80 (raise) and is left with 870 chips. The pot now contains 120 chips.
I, [2014-04-05T16:16:04.238674 #21104]  INFO -- : Player R3T responded with 0 (200)
I, [2014-04-05T16:16:04.238888 #21104]  INFO -- : R3T made a bet of 0 (fold) and is left with 2010 chips. The pot now contains 120 chips.
I, [2014-04-05T16:16:04.239232 #21104]  INFO -- : NoCo won 120
I, [2014-04-05T16:16:04.241227 #21104]  INFO -- : Player R3T responded with  (200)
I, [2014-04-05T16:16:04.242658 #21104]  INFO -- : Player Mr Bazinga responded with OK (200)
I, [2014-04-05T16:16:04.692342 #21104]  INFO -- : Player NoCo responded with  (200)
I, [2014-04-05T16:16:04.692801 #21104]  INFO -- : NoCo received hole_card 5 of Clubs
I, [2014-04-05T16:16:04.693050 #21104]  INFO -- : R3T received hole_card 7 of Diamonds
I, [2014-04-05T16:16:04.693303 #21104]  INFO -- : NoCo received hole_card 3 of Diamonds
I, [2014-04-05T16:16:04.693527 #21104]  INFO -- : R3T received hole_card 6 of Spades
I, [2014-04-05T16:16:04.693947 #21104]  INFO -- : NoCo made a bet of 40 (raise) and is left with 950 chips. The pot now contains 40 chips.
I, [2014-04-05T16:16:04.694288 #21104]  INFO -- : R3T made a bet of 80 (raise) and is left with 1930 chips. The pot now contains 120 chips.
I, [2014-04-05T16:16:04.696707 #21104]  INFO -- : Player NoCo responded with 0 (200)
I, [2014-04-05T16:16:04.696959 #21104]  INFO -- : NoCo made a bet of 0 (fold) and is left with 950 chips. The pot now contains 120 chips.
I, [2014-04-05T16:16:04.699139 #21104]  INFO -- : Player R3T responded with 0 (200)
I, [2014-04-05T16:16:04.699390 #21104]  INFO -- : R3T made a bet of 0 (check) and is left with 1930 chips. The pot now contains 120 chips.
I, [2014-04-05T16:16:04.699768 #21104]  INFO -- : R3T won 120
I, [2014-04-05T16:16:04.701839 #21104]  INFO -- : Player R3T responded with  (200)
I, [2014-04-05T16:16:04.703257 #21104]  INFO -- : Player Mr Bazinga responded with OK (200)
I, [2014-04-05T16:16:04.705570 #21104]  INFO -- : Player NoCo responded with  (200)
I, [2014-04-05T16:16:04.705904 #21104]  INFO -- : R3T received hole_card 3 of Diamonds
I, [2014-04-05T16:16:04.706106 #21104]  INFO -- : NoCo received hole_card 3 of Hearts
I, [2014-04-05T16:16:04.706296 #21104]  INFO -- : R3T received hole_card Ace of Clubs
I, [2014-04-05T16:16:04.706476 #21104]  INFO -- : NoCo received hole_card 4 of Diamonds
I, [2014-04-05T16:16:04.706831 #21104]  INFO -- : R3T made a bet of 80 (raise) and is left with 1970 chips. The pot now contains 80 chips.
I, [2014-04-05T16:16:04.707092 #21104]  INFO -- : NoCo made a bet of 160 (raise) and is left with 790 chips. The pot now contains 240 chips.
I, [2014-04-05T16:16:04.709915 #21104]  INFO -- : Player R3T responded with 0 (200)
I, [2014-04-05T16:16:04.710151 #21104]  INFO -- : R3T made a bet of 0 (fold) and is left with 1970 chips. The pot now contains 240 chips.
I, [2014-04-05T16:16:04.710579 #21104]  INFO -- : NoCo won 240
I, [2014-04-05T16:16:04.713534 #21104]  INFO -- : Player R3T responded with  (200)
I, [2014-04-05T16:16:04.716011 #21104]  INFO -- : Player Mr Bazinga responded with OK (200)
I, [2014-04-05T16:16:04.719003 #21104]  INFO -- : Player NoCo responded with  (200)
I, [2014-04-05T16:16:04.719782 #21104]  INFO -- : NoCo received hole_card 4 of Diamonds
I, [2014-04-05T16:16:04.720341 #21104]  INFO -- : R3T received hole_card 7 of Diamonds
I, [2014-04-05T16:16:04.720899 #21104]  INFO -- : NoCo received hole_card 2 of Hearts
I, [2014-04-05T16:16:04.721272 #21104]  INFO -- : R3T received hole_card 4 of Hearts
I, [2014-04-05T16:16:04.721851 #21104]  INFO -- : NoCo made a bet of 80 (raise) and is left with 950 chips. The pot now contains 80 chips.
I, [2014-04-05T16:16:04.722674 #21104]  INFO -- : R3T made a bet of 160 (raise) and is left with 1810 chips. The pot now contains 240 chips.
I, [2014-04-05T16:16:04.727030 #21104]  INFO -- : Player NoCo responded with 0 (200)
I, [2014-04-05T16:16:04.727476 #21104]  INFO -- : NoCo made a bet of 0 (fold) and is left with 950 chips. The pot now contains 240 chips.
I, [2014-04-05T16:16:04.733640 #21104]  INFO -- : Player R3T responded with 0 (200)
I, [2014-04-05T16:16:04.734160 #21104]  INFO -- : R3T made a bet of 0 (check) and is left with 1810 chips. The pot now contains 240 chips.
I, [2014-04-05T16:16:04.735100 #21104]  INFO -- : R3T won 240
I, [2014-04-05T16:16:04.741249 #21104]  INFO -- : Player R3T responded with  (200)
I, [2014-04-05T16:16:04.748554 #21104]  INFO -- : Player Mr Bazinga responded with OK (200)
I, [2014-04-05T16:16:04.753669 #21104]  INFO -- : Player NoCo responded with  (200)
I, [2014-04-05T16:16:04.754677 #21104]  INFO -- : R3T received hole_card 4 of Diamonds
I, [2014-04-05T16:16:04.755361 #21104]  INFO -- : NoCo received hole_card 10 of Clubs
I, [2014-04-05T16:16:04.756031 #21104]  INFO -- : R3T received hole_card Queen of Clubs
I, [2014-04-05T16:16:04.756779 #21104]  INFO -- : NoCo received hole_card Queen of Spades
I, [2014-04-05T16:16:04.757750 #21104]  INFO -- : R3T made a bet of 80 (raise) and is left with 1970 chips. The pot now contains 80 chips.
I, [2014-04-05T16:16:04.758568 #21104]  INFO -- : NoCo made a bet of 160 (raise) and is left with 790 chips. The pot now contains 240 chips.
I, [2014-04-05T16:16:04.765534 #21104]  INFO -- : Player R3T responded with 0 (200)
I, [2014-04-05T16:16:04.766228 #21104]  INFO -- : R3T made a bet of 0 (fold) and is left with 1970 chips. The pot now contains 240 chips.
I, [2014-04-05T16:16:04.767560 #21104]  INFO -- : NoCo won 240
I, [2014-04-05T16:16:04.773707 #21104]  INFO -- : Player R3T responded with  (200)
I, [2014-04-05T16:16:04.778370 #21104]  INFO -- : Player Mr Bazinga responded with OK (200)
I, [2014-04-05T16:16:04.781119 #21104]  INFO -- : Player NoCo responded with  (200)
I, [2014-04-05T16:16:04.782303 #21104]  INFO -- : NoCo received hole_card 8 of Hearts
I, [2014-04-05T16:16:04.783039 #21104]  INFO -- : R3T received hole_card 2 of Clubs
I, [2014-04-05T16:16:04.783820 #21104]  INFO -- : NoCo received hole_card Queen of Spades
I, [2014-04-05T16:16:04.784386 #21104]  INFO -- : R3T received hole_card 3 of Spades
I, [2014-04-05T16:16:04.785130 #21104]  INFO -- : NoCo made a bet of 80 (raise) and is left with 950 chips. The pot now contains 80 chips.
I, [2014-04-05T16:16:04.786025 #21104]  INFO -- : R3T made a bet of 160 (raise) and is left with 1810 chips. The pot now contains 240 chips.
I, [2014-04-05T16:16:04.791504 #21104]  INFO -- : Player NoCo responded with 80 (200)
I, [2014-04-05T16:16:04.792299 #21104]  INFO -- : NoCo made a bet of 80 (call) and is left with 870 chips. The pot now contains 320 chips.
I, [2014-04-05T16:16:04.798663 #21104]  INFO -- : Player R3T responded with 0 (200)
I, [2014-04-05T16:16:04.799265 #21104]  INFO -- : R3T made a bet of 0 (check) and is left with 1810 chips. The pot now contains 320 chips.
I, [2014-04-05T16:16:04.800156 #21104]  INFO -- : community card 3 of Diamonds
I, [2014-04-05T16:16:04.800981 #21104]  INFO -- : community card 3 of Clubs
I, [2014-04-05T16:16:04.801520 #21104]  INFO -- : community card King of Spades
E, [2014-04-05T16:16:05.305396 #21104] ERROR -- : Net::ReadTimeout
E, [2014-04-05T16:16:05.305711 #21104] ERROR -- : Player NoCo is unreachable
I, [2014-04-05T16:16:05.306274 #21104]  INFO -- : NoCo made a bet of 0 (check) and is left with 870 chips. The pot now contains 320 chips.
I, [2014-04-05T16:16:05.353686 #21104]  INFO -- : Player R3T responded with 640 (200)
I, [2014-04-05T16:16:05.354326 #21104]  INFO -- : R3T made a bet of 640 (raise) and is left with 1170 chips. The pot now contains 960 chips.
E, [2014-04-05T16:16:05.857921 #21104] ERROR -- : Net::ReadTimeout
E, [2014-04-05T16:16:05.858219 #21104] ERROR -- : Player NoCo is unreachable
I, [2014-04-05T16:16:05.858602 #21104]  INFO -- : NoCo made a bet of 0 (fold) and is left with 870 chips. The pot now contains 960 chips.
I, [2014-04-05T16:16:05.859580 #21104]  INFO -- : R3T won 960
I, [2014-04-05T16:16:05.866268 #21104]  INFO -- : Player R3T responded with  (200)
I, [2014-04-05T16:16:05.871217 #21104]  INFO -- : Player Mr Bazinga responded with OK (200)
E, [2014-04-05T16:16:06.375304 #21104] ERROR -- : Net::ReadTimeout
E, [2014-04-05T16:16:06.375423 #21104] ERROR -- : Player NoCo is unreachable
I, [2014-04-05T16:16:06.375706 #21104]  INFO -- : R3T received hole_card 8 of Diamonds
I, [2014-04-05T16:16:06.375854 #21104]  INFO -- : NoCo received hole_card 6 of Hearts
I, [2014-04-05T16:16:06.376004 #21104]  INFO -- : R3T received hole_card 6 of Diamonds
I, [2014-04-05T16:16:06.376175 #21104]  INFO -- : NoCo received hole_card 7 of Hearts
I, [2014-04-05T16:16:06.376482 #21104]  INFO -- : R3T made a bet of 80 (raise) and is left with 2050 chips. The pot now contains 80 chips.
I, [2014-04-05T16:16:06.376725 #21104]  INFO -- : NoCo made a bet of 160 (raise) and is left with 710 chips. The pot now contains 240 chips.
I, [2014-04-05T16:16:06.379682 #21104]  INFO -- : Player R3T responded with 0 (200)
I, [2014-04-05T16:16:06.380125 #21104]  INFO -- : R3T made a bet of 0 (fold) and is left with 2050 chips. The pot now contains 240 chips.
I, [2014-04-05T16:16:06.381179 #21104]  INFO -- : NoCo won 240
I, [2014-04-05T16:16:06.384130 #21104]  INFO -- : Player R3T responded with  (200)
I, [2014-04-05T16:16:06.385816 #21104]  INFO -- : Player Mr Bazinga responded with OK (200)
E, [2014-04-05T16:16:06.888186 #21104] ERROR -- : Net::ReadTimeout
E, [2014-04-05T16:16:06.888505 #21104] ERROR -- : Player NoCo is unreachable
I, [2014-04-05T16:16:06.889325 #21104]  INFO -- : NoCo received hole_card 4 of Clubs
I, [2014-04-05T16:16:06.889870 #21104]  INFO -- : R3T received hole_card 2 of Clubs
I, [2014-04-05T16:16:06.890404 #21104]  INFO -- : NoCo received hole_card 10 of Diamonds
I, [2014-04-05T16:16:06.891000 #21104]  INFO -- : R3T received hole_card Jack of Hearts
I, [2014-04-05T16:16:06.892002 #21104]  INFO -- : NoCo made a bet of 80 (raise) and is left with 870 chips. The pot now contains 80 chips.
I, [2014-04-05T16:16:06.892771 #21104]  INFO -- : R3T made a bet of 160 (raise) and is left with 1890 chips. The pot now contains 240 chips.
I, [2014-04-05T16:16:07.021087 #21104]  INFO -- : Player NoCo responded with 0 (200)
I, [2014-04-05T16:16:07.021395 #21104]  INFO -- : NoCo made a bet of 0 (fold) and is left with 870 chips. The pot now contains 240 chips.
I, [2014-04-05T16:16:07.023997 #21104]  INFO -- : Player R3T responded with 0 (200)
I, [2014-04-05T16:16:07.024354 #21104]  INFO -- : R3T made a bet of 0 (check) and is left with 1890 chips. The pot now contains 240 chips.
I, [2014-04-05T16:16:07.024882 #21104]  INFO -- : R3T won 240
I, [2014-04-05T16:16:07.027832 #21104]  INFO -- : Player R3T responded with  (200)
I, [2014-04-05T16:16:07.031252 #21104]  INFO -- : Player Mr Bazinga responded with OK (200)
I, [2014-04-05T16:16:07.033992 #21104]  INFO -- : Player NoCo responded with  (200)
I, [2014-04-05T16:16:07.034667 #21104]  INFO -- : R3T received hole_card 3 of Diamonds
I, [2014-04-05T16:16:07.035029 #21104]  INFO -- : NoCo received hole_card 6 of Clubs
I, [2014-04-05T16:16:07.035344 #21104]  INFO -- : R3T received hole_card King of Hearts
I, [2014-04-05T16:16:07.035672 #21104]  INFO -- : NoCo received hole_card Ace of Spades
I, [2014-04-05T16:16:07.036204 #21104]  INFO -- : R3T made a bet of 80 (raise) and is left with 2050 chips. The pot now contains 80 chips.
I, [2014-04-05T16:16:07.036703 #21104]  INFO -- : NoCo made a bet of 160 (raise) and is left with 710 chips. The pot now contains 240 chips.
I, [2014-04-05T16:16:07.039982 #21104]  INFO -- : Player R3T responded with 0 (200)
I, [2014-04-05T16:16:07.040354 #21104]  INFO -- : R3T made a bet of 0 (fold) and is left with 2050 chips. The pot now contains 240 chips.
I, [2014-04-05T16:16:07.040854 #21104]  INFO -- : NoCo won 240
I, [2014-04-05T16:16:07.043328 #21104]  INFO -- : Player R3T responded with  (200)
I, [2014-04-05T16:16:07.046238 #21104]  INFO -- : Player Mr Bazinga responded with OK (200)
I, [2014-04-05T16:16:07.048861 #21104]  INFO -- : Player NoCo responded with  (200)
I, [2014-04-05T16:16:07.049188 #21104]  INFO -- : NoCo received hole_card 5 of Diamonds
I, [2014-04-05T16:16:07.049518 #21104]  INFO -- : R3T received hole_card 9 of Diamonds
I, [2014-04-05T16:16:07.050083 #21104]  INFO -- : NoCo received hole_card 2 of Hearts
I, [2014-04-05T16:16:07.050438 #21104]  INFO -- : R3T received hole_card Ace of Clubs
I, [2014-04-05T16:16:07.051197 #21104]  INFO -- : NoCo made a bet of 80 (raise) and is left with 870 chips. The pot now contains 80 chips.
I, [2014-04-05T16:16:07.051694 #21104]  INFO -- : R3T made a bet of 160 (raise) and is left with 1890 chips. The pot now contains 240 chips.
I, [2014-04-05T16:16:07.054273 #21104]  INFO -- : Player NoCo responded with 0 (200)
I, [2014-04-05T16:16:07.054454 #21104]  INFO -- : NoCo made a bet of 0 (fold) and is left with 870 chips. The pot now contains 240 chips.
I, [2014-04-05T16:16:07.056958 #21104]  INFO -- : Player R3T responded with 0 (200)
I, [2014-04-05T16:16:07.057255 #21104]  INFO -- : R3T made a bet of 0 (check) and is left with 1890 chips. The pot now contains 240 chips.
I, [2014-04-05T16:16:07.057657 #21104]  INFO -- : R3T won 240
I, [2014-04-05T16:16:07.061284 #21104]  INFO -- : Player R3T responded with  (200)
I, [2014-04-05T16:16:07.063494 #21104]  INFO -- : Player Mr Bazinga responded with OK (200)
I, [2014-04-05T16:16:07.066670 #21104]  INFO -- : Player NoCo responded with  (200)
I, [2014-04-05T16:16:07.067326 #21104]  INFO -- : R3T received hole_card 3 of Diamonds
I, [2014-04-05T16:16:07.067750 #21104]  INFO -- : NoCo received hole_card 6 of Hearts
I, [2014-04-05T16:16:07.068313 #21104]  INFO -- : R3T received hole_card 5 of Diamonds
I, [2014-04-05T16:16:07.068980 #21104]  INFO -- : NoCo received hole_card 9 of Hearts
I, [2014-04-05T16:16:07.069981 #21104]  INFO -- : R3T made a bet of 80 (raise) and is left with 2050 chips. The pot now contains 80 chips.
I, [2014-04-05T16:16:07.070899 #21104]  INFO -- : NoCo made a bet of 160 (raise) and is left with 710 chips. The pot now contains 240 chips.
I, [2014-04-05T16:16:07.077185 #21104]  INFO -- : Player R3T responded with 0 (200)
I, [2014-04-05T16:16:07.077492 #21104]  INFO -- : R3T made a bet of 0 (fold) and is left with 2050 chips. The pot now contains 240 chips.
I, [2014-04-05T16:16:07.077964 #21104]  INFO -- : NoCo won 240
I, [2014-04-05T16:16:07.082507 #21104]  INFO -- : Player R3T responded with  (200)
I, [2014-04-05T16:16:07.086879 #21104]  INFO -- : Player Mr Bazinga responded with OK (200)
I, [2014-04-05T16:16:07.090925 #21104]  INFO -- : Player NoCo responded with  (200)
I, [2014-04-05T16:16:07.091859 #21104]  INFO -- : NoCo received hole_card 2 of Spades
I, [2014-04-05T16:16:07.092270 #21104]  INFO -- : R3T received hole_card 3 of Clubs
I, [2014-04-05T16:16:07.092449 #21104]  INFO -- : NoCo received hole_card 3 of Diamonds
I, [2014-04-05T16:16:07.092593 #21104]  INFO -- : R3T received hole_card Jack of Hearts
I, [2014-04-05T16:16:07.092848 #21104]  INFO -- : NoCo made a bet of 160 (raise) and is left with 790 chips. The pot now contains 160 chips.
I, [2014-04-05T16:16:07.093111 #21104]  INFO -- : R3T made a bet of 320 (raise) and is left with 1730 chips. The pot now contains 480 chips.
I, [2014-04-05T16:16:07.096885 #21104]  INFO -- : Player NoCo responded with 0 (200)
I, [2014-04-05T16:16:07.097064 #21104]  INFO -- : NoCo made a bet of 0 (fold) and is left with 790 chips. The pot now contains 480 chips.
I, [2014-04-05T16:16:07.101577 #21104]  INFO -- : Player R3T responded with 0 (200)
I, [2014-04-05T16:16:07.102145 #21104]  INFO -- : R3T made a bet of 0 (check) and is left with 1730 chips. The pot now contains 480 chips.
I, [2014-04-05T16:16:07.103301 #21104]  INFO -- : R3T won 480
I, [2014-04-05T16:16:07.109022 #21104]  INFO -- : Player R3T responded with  (200)
I, [2014-04-05T16:16:07.112340 #21104]  INFO -- : Player Mr Bazinga responded with OK (200)
I, [2014-04-05T16:16:07.118155 #21104]  INFO -- : Player NoCo responded with  (200)
I, [2014-04-05T16:16:07.119101 #21104]  INFO -- : R3T received hole_card 8 of Clubs
I, [2014-04-05T16:16:07.119670 #21104]  INFO -- : NoCo received hole_card 4 of Diamonds
I, [2014-04-05T16:16:07.120332 #21104]  INFO -- : R3T received hole_card 8 of Hearts
I, [2014-04-05T16:16:07.120959 #21104]  INFO -- : NoCo received hole_card 9 of Clubs
I, [2014-04-05T16:16:07.121930 #21104]  INFO -- : R3T made a bet of 160 (raise) and is left with 2050 chips. The pot now contains 160 chips.
I, [2014-04-05T16:16:07.122752 #21104]  INFO -- : NoCo made a bet of 320 (raise) and is left with 470 chips. The pot now contains 480 chips.
I, [2014-04-05T16:16:07.127997 #21104]  INFO -- : Player R3T responded with 480 (200)
I, [2014-04-05T16:16:07.128656 #21104]  INFO -- : R3T made a bet of 480 (raise) and is left with 1570 chips. The pot now contains 960 chips.
I, [2014-04-05T16:16:07.133796 #21104]  INFO -- : Player NoCo responded with 0 (200)
I, [2014-04-05T16:16:07.134431 #21104]  INFO -- : NoCo made a bet of 0 (fold) and is left with 470 chips. The pot now contains 960 chips.
I, [2014-04-05T16:16:07.135727 #21104]  INFO -- : R3T won 960
I, [2014-04-05T16:16:07.139676 #21104]  INFO -- : Player R3T responded with  (200)
I, [2014-04-05T16:16:07.143532 #21104]  INFO -- : Player Mr Bazinga responded with OK (200)
I, [2014-04-05T16:16:07.148206 #21104]  INFO -- : Player NoCo responded with  (200)
I, [2014-04-05T16:16:07.148510 #21104]  INFO -- : NoCo received hole_card 8 of Diamonds
I, [2014-04-05T16:16:07.148707 #21104]  INFO -- : R3T received hole_card Queen of Spades
I, [2014-04-05T16:16:07.148916 #21104]  INFO -- : NoCo received hole_card 8 of Clubs
I, [2014-04-05T16:16:07.149090 #21104]  INFO -- : R3T received hole_card 8 of Spades
I, [2014-04-05T16:16:07.149381 #21104]  INFO -- : NoCo made a bet of 160 (raise) and is left with 310 chips. The pot now contains 160 chips.
I, [2014-04-05T16:16:07.149628 #21104]  INFO -- : R3T made a bet of 320 (raise) and is left with 2210 chips. The pot now contains 480 chips.
I, [2014-04-05T16:16:07.153055 #21104]  INFO -- : Player NoCo responded with 310 (200)
I, [2014-04-05T16:16:07.153641 #21104]  INFO -- : NoCo made a bet of 310 (allin) and is left with 0 chips. The pot now contains 790 chips.
I, [2014-04-05T16:16:07.159000 #21104]  INFO -- : Player R3T responded with 790 (200)
I, [2014-04-05T16:16:07.159649 #21104]  INFO -- : R3T made a bet of 790 (raise) and is left with 1420 chips. The pot now contains 1580 chips.
I, [2014-04-05T16:16:07.160435 #21104]  INFO -- : community card 2 of Hearts
I, [2014-04-05T16:16:07.161135 #21104]  INFO -- : community card 6 of Hearts
I, [2014-04-05T16:16:07.161862 #21104]  INFO -- : community card 3 of Hearts
I, [2014-04-05T16:16:07.162547 #21104]  INFO -- : community card 6 of Spades
I, [2014-04-05T16:16:07.163289 #21104]  INFO -- : community card 10 of Diamonds
I, [2014-04-05T16:16:07.164963 #21104]  INFO -- : R3T showed 6 of Spades,6 of Hearts,8 of Spades,10 of Diamonds,Queen of Spades making a pair
I, [2014-04-05T16:16:07.167316 #21104]  INFO -- : NoCo showed 6 of Hearts,6 of Spades,8 of Diamonds,8 of Clubs,10 of Diamonds making a two pairs
I, [2014-04-05T16:16:07.168528 #21104]  INFO -- : NoCo won 940
I, [2014-04-05T16:16:07.169663 #21104]  INFO -- : R3T won 640
I, [2014-04-05T16:16:07.175139 #21104]  INFO -- : Player R3T responded with  (200)
I, [2014-04-05T16:16:07.178652 #21104]  INFO -- : Player Mr Bazinga responded with OK (200)
I, [2014-04-05T16:16:07.182031 #21104]  INFO -- : Player NoCo responded with  (200)
I, [2014-04-05T16:16:07.182839 #21104]  INFO -- : R3T received hole_card King of Spades
I, [2014-04-05T16:16:07.183423 #21104]  INFO -- : NoCo received hole_card King of Diamonds
I, [2014-04-05T16:16:07.184122 #21104]  INFO -- : R3T received hole_card 4 of Diamonds
I, [2014-04-05T16:16:07.184714 #21104]  INFO -- : NoCo received hole_card 2 of Clubs
I, [2014-04-05T16:16:07.185503 #21104]  INFO -- : R3T made a bet of 160 (raise) and is left with 1900 chips. The pot now contains 160 chips.
I, [2014-04-05T16:16:07.186339 #21104]  INFO -- : NoCo made a bet of 320 (raise) and is left with 620 chips. The pot now contains 480 chips.
I, [2014-04-05T16:16:07.191713 #21104]  INFO -- : Player R3T responded with 0 (200)
I, [2014-04-05T16:16:07.192263 #21104]  INFO -- : R3T made a bet of 0 (fold) and is left with 1900 chips. The pot now contains 480 chips.
I, [2014-04-05T16:16:07.193412 #21104]  INFO -- : NoCo won 480
I, [2014-04-05T16:16:07.198631 #21104]  INFO -- : Player R3T responded with  (200)
I, [2014-04-05T16:16:07.202438 #21104]  INFO -- : Player Mr Bazinga responded with OK (200)
I, [2014-04-05T16:16:07.207381 #21104]  INFO -- : Player NoCo responded with  (200)
I, [2014-04-05T16:16:07.207695 #21104]  INFO -- : NoCo received hole_card King of Spades
I, [2014-04-05T16:16:07.207866 #21104]  INFO -- : R3T received hole_card 5 of Spades
I, [2014-04-05T16:16:07.208014 #21104]  INFO -- : NoCo received hole_card 4 of Diamonds
I, [2014-04-05T16:16:07.208209 #21104]  INFO -- : R3T received hole_card 7 of Diamonds
I, [2014-04-05T16:16:07.208490 #21104]  INFO -- : NoCo made a bet of 160 (raise) and is left with 940 chips. The pot now contains 160 chips.
I, [2014-04-05T16:16:07.208711 #21104]  INFO -- : R3T made a bet of 320 (raise) and is left with 1580 chips. The pot now contains 480 chips.
I, [2014-04-05T16:16:07.212726 #21104]  INFO -- : Player NoCo responded with 80 (200)
I, [2014-04-05T16:16:07.213304 #21104]  INFO -- : NoCo made a bet of 0 (fold) and is left with 940 chips. The pot now contains 480 chips.
I, [2014-04-05T16:16:07.219709 #21104]  INFO -- : Player R3T responded with 0 (200)
I, [2014-04-05T16:16:07.220519 #21104]  INFO -- : R3T made a bet of 0 (check) and is left with 1580 chips. The pot now contains 480 chips.
I, [2014-04-05T16:16:07.221696 #21104]  INFO -- : R3T won 480
I, [2014-04-05T16:16:07.228059 #21104]  INFO -- : Player R3T responded with  (200)
I, [2014-04-05T16:16:07.232094 #21104]  INFO -- : Player Mr Bazinga responded with OK (200)
I, [2014-04-05T16:16:07.237431 #21104]  INFO -- : Player NoCo responded with  (200)
I, [2014-04-05T16:16:07.237758 #21104]  INFO -- : R3T received hole_card Ace of Hearts
I, [2014-04-05T16:16:07.237956 #21104]  INFO -- : NoCo received hole_card King of Spades
I, [2014-04-05T16:16:07.238161 #21104]  INFO -- : R3T received hole_card Queen of Diamonds
I, [2014-04-05T16:16:07.238335 #21104]  INFO -- : NoCo received hole_card 4 of Hearts
I, [2014-04-05T16:16:07.238649 #21104]  INFO -- : R3T made a bet of 160 (raise) and is left with 1900 chips. The pot now contains 160 chips.
I, [2014-04-05T16:16:07.238895 #21104]  INFO -- : NoCo made a bet of 320 (raise) and is left with 620 chips. The pot now contains 480 chips.
I, [2014-04-05T16:16:07.242280 #21104]  INFO -- : Player R3T responded with 480 (200)
I, [2014-04-05T16:16:07.242898 #21104]  INFO -- : R3T made a bet of 480 (raise) and is left with 1420 chips. The pot now contains 960 chips.
I, [2014-04-05T16:16:07.246413 #21104]  INFO -- : Player NoCo responded with 80 (200)
I, [2014-04-05T16:16:07.247001 #21104]  INFO -- : NoCo made a bet of 0 (fold) and is left with 620 chips. The pot now contains 960 chips.
I, [2014-04-05T16:16:07.248283 #21104]  INFO -- : R3T won 960
I, [2014-04-05T16:16:07.254004 #21104]  INFO -- : Player R3T responded with  (200)
I, [2014-04-05T16:16:07.258594 #21104]  INFO -- : Player Mr Bazinga responded with OK (200)
I, [2014-04-05T16:16:07.261670 #21104]  INFO -- : Player NoCo responded with  (200)
I, [2014-04-05T16:16:07.262293 #21104]  INFO -- : NoCo received hole_card 2 of Hearts
I, [2014-04-05T16:16:07.262928 #21104]  INFO -- : R3T received hole_card 6 of Spades
I, [2014-04-05T16:16:07.263555 #21104]  INFO -- : NoCo received hole_card 3 of Hearts
I, [2014-04-05T16:16:07.264308 #21104]  INFO -- : R3T received hole_card King of Spades
I, [2014-04-05T16:16:07.265184 #21104]  INFO -- : NoCo made a bet of 160 (raise) and is left with 460 chips. The pot now contains 160 chips.
I, [2014-04-05T16:16:07.265792 #21104]  INFO -- : R3T made a bet of 320 (raise) and is left with 2060 chips. The pot now contains 480 chips.
I, [2014-04-05T16:16:07.271230 #21104]  INFO -- : Player NoCo responded with 0 (200)
I, [2014-04-05T16:16:07.271873 #21104]  INFO -- : NoCo made a bet of 0 (fold) and is left with 460 chips. The pot now contains 480 chips.
I, [2014-04-05T16:16:07.277815 #21104]  INFO -- : Player R3T responded with 640 (200)
I, [2014-04-05T16:16:07.278021 #21104]  INFO -- : R3T made a bet of 640 (raise) and is left with 1420 chips. The pot now contains 1120 chips.
I, [2014-04-05T16:16:07.278372 #21104]  INFO -- : R3T won 1120
I, [2014-04-05T16:16:07.281248 #21104]  INFO -- : Player R3T responded with  (200)
I, [2014-04-05T16:16:07.285543 #21104]  INFO -- : Player Mr Bazinga responded with OK (200)
I, [2014-04-05T16:16:07.290212 #21104]  INFO -- : Player NoCo responded with  (200)
I, [2014-04-05T16:16:07.290632 #21104]  INFO -- : R3T received hole_card Ace of Spades
I, [2014-04-05T16:16:07.290919 #21104]  INFO -- : NoCo received hole_card King of Clubs
I, [2014-04-05T16:16:07.291124 #21104]  INFO -- : R3T received hole_card 2 of Hearts
I, [2014-04-05T16:16:07.291332 #21104]  INFO -- : NoCo received hole_card 8 of Clubs
I, [2014-04-05T16:16:07.291661 #21104]  INFO -- : R3T made a bet of 160 (raise) and is left with 2380 chips. The pot now contains 160 chips.
I, [2014-04-05T16:16:07.291950 #21104]  INFO -- : NoCo made a bet of 320 (raise) and is left with 140 chips. The pot now contains 480 chips.
I, [2014-04-05T16:16:07.298329 #21104]  INFO -- : Player R3T responded with 0 (200)
I, [2014-04-05T16:16:07.298990 #21104]  INFO -- : R3T made a bet of 0 (fold) and is left with 2380 chips. The pot now contains 480 chips.
I, [2014-04-05T16:16:07.300316 #21104]  INFO -- : NoCo won 480
I, [2014-04-05T16:16:07.305503 #21104]  INFO -- : Player R3T responded with  (200)
I, [2014-04-05T16:16:07.309596 #21104]  INFO -- : Player Mr Bazinga responded with OK (200)
I, [2014-04-05T16:16:07.314388 #21104]  INFO -- : Player NoCo responded with  (200)
I, [2014-04-05T16:16:07.315435 #21104]  INFO -- : NoCo received hole_card 7 of Diamonds
I, [2014-04-05T16:16:07.316169 #21104]  INFO -- : R3T received hole_card Ace of Hearts
I, [2014-04-05T16:16:07.316873 #21104]  INFO -- : NoCo received hole_card King of Clubs
I, [2014-04-05T16:16:07.317787 #21104]  INFO -- : R3T received hole_card 6 of Spades
I, [2014-04-05T16:16:07.319301 #21104]  INFO -- : NoCo made a bet of 160 (raise) and is left with 460 chips. The pot now contains 160 chips.
I, [2014-04-05T16:16:07.320745 #21104]  INFO -- : R3T made a bet of 320 (raise) and is left with 2060 chips. The pot now contains 480 chips.
I, [2014-04-05T16:16:07.323442 #21104]  INFO -- : Player NoCo responded with 80 (200)
I, [2014-04-05T16:16:07.323995 #21104]  INFO -- : NoCo made a bet of 0 (fold) and is left with 460 chips. The pot now contains 480 chips.
I, [2014-04-05T16:16:07.330503 #21104]  INFO -- : Player R3T responded with 0 (200)
I, [2014-04-05T16:16:07.331276 #21104]  INFO -- : R3T made a bet of 0 (check) and is left with 2060 chips. The pot now contains 480 chips.
I, [2014-04-05T16:16:07.332663 #21104]  INFO -- : R3T won 480
I, [2014-04-05T16:16:07.337960 #21104]  INFO -- : Player R3T responded with  (200)
I, [2014-04-05T16:16:07.341272 #21104]  INFO -- : Player Mr Bazinga responded with OK (200)
I, [2014-04-05T16:16:07.345346 #21104]  INFO -- : Player NoCo responded with  (200)
I, [2014-04-05T16:16:07.346255 #21104]  INFO -- : R3T received hole_card King of Clubs
I, [2014-04-05T16:16:07.346941 #21104]  INFO -- : NoCo received hole_card 3 of Clubs
I, [2014-04-05T16:16:07.347527 #21104]  INFO -- : R3T received hole_card 6 of Clubs
I, [2014-04-05T16:16:07.348069 #21104]  INFO -- : NoCo received hole_card 7 of Diamonds
I, [2014-04-05T16:16:07.349116 #21104]  INFO -- : R3T made a bet of 320 (raise) and is left with 2220 chips. The pot now contains 320 chips.
I, [2014-04-05T16:16:07.350228 #21104]  INFO -- : NoCo made a bet of 460 (allin) and is left with 0 chips. The pot now contains 780 chips.
I, [2014-04-05T16:16:07.355316 #21104]  INFO -- : Player R3T responded with 1100 (200)
I, [2014-04-05T16:16:07.356504 #21104]  INFO -- : R3T made a bet of 1100 (raise) and is left with 1120 chips. The pot now contains 1880 chips.
I, [2014-04-05T16:16:07.357318 #21104]  INFO -- : community card Queen of Clubs
I, [2014-04-05T16:16:07.358014 #21104]  INFO -- : community card 4 of Hearts
I, [2014-04-05T16:16:07.358754 #21104]  INFO -- : community card 2 of Clubs
I, [2014-04-05T16:16:07.359619 #21104]  INFO -- : community card 7 of Clubs
I, [2014-04-05T16:16:07.360431 #21104]  INFO -- : community card 6 of Hearts
I, [2014-04-05T16:16:07.361844 #21104]  INFO -- : R3T showed 2 of Clubs,6 of Clubs,7 of Clubs,Queen of Clubs,King of Clubs making a flush
I, [2014-04-05T16:16:07.363073 #21104]  INFO -- : R3T won 1880
I, [2014-04-05T16:16:07.367503 #21104]  INFO -- : Player R3T responded with  (200)
I, [2014-04-05T16:16:07.371838 #21104]  INFO -- : Player Mr Bazinga responded with OK (200)
I, [2014-04-05T16:16:07.377186 #21104]  INFO -- : Player NoCo responded with  (200)
