# Logfile created on 2014-04-05 12:56:39 +0200 by logger.rb/44203
I, [2014-04-05T12:56:39.801241 #9376]  INFO -- : Reseting R3T to origin/master
I, [2014-04-05T12:56:40.639312 #9376]  INFO -- : Reseting Mr Bazinga to origin/master
I, [2014-04-05T12:56:41.468684 #9376]  INFO -- : Reseting NoCo to origin/master
I, [2014-04-05T12:56:42.391421 #9376]  INFO -- : Connected R3T at http://localhost:8080/
I, [2014-04-05T12:56:42.394146 #9376]  INFO -- : Connected Mr Bazinga at http://localhost:1337/
I, [2014-04-05T12:56:42.396442 #9376]  INFO -- : Connected NoCo at http://localhost:8000/player_service.php
E, [2014-04-05T12:56:42.397486 #9376] ERROR -- : Connection refused - connect(2) for "localhost" port 8080
E, [2014-04-05T12:56:42.397750 #9376] ERROR -- : Player R3T is unreachable
I, [2014-04-05T12:56:42.397851 #9376]  INFO -- : Waiting for players to start
E, [2014-04-05T12:56:43.398418 #9376] ERROR -- : Connection refused - connect(2) for "localhost" port 8080
E, [2014-04-05T12:56:43.398546 #9376] ERROR -- : Player R3T is unreachable
I, [2014-04-05T12:56:43.398605 #9376]  INFO -- : Waiting for players to start
E, [2014-04-05T12:56:44.399189 #9376] ERROR -- : Connection refused - connect(2) for "localhost" port 8080
E, [2014-04-05T12:56:44.399333 #9376] ERROR -- : Player R3T is unreachable
I, [2014-04-05T12:56:44.399416 #9376]  INFO -- : Waiting for players to start
E, [2014-04-05T12:56:45.400192 #9376] ERROR -- : Connection refused - connect(2) for "localhost" port 8080
E, [2014-04-05T12:56:45.400354 #9376] ERROR -- : Player R3T is unreachable
I, [2014-04-05T12:56:45.400437 #9376]  INFO -- : Waiting for players to start
E, [2014-04-05T12:56:46.408238 #9376] ERROR -- : Connection refused - connect(2) for "localhost" port 8080
E, [2014-04-05T12:56:46.408535 #9376] ERROR -- : Player R3T is unreachable
I, [2014-04-05T12:56:46.408698 #9376]  INFO -- : Waiting for players to start
E, [2014-04-05T12:56:47.409443 #9376] ERROR -- : Connection refused - connect(2) for "localhost" port 8080
E, [2014-04-05T12:56:47.409588 #9376] ERROR -- : Player R3T is unreachable
I, [2014-04-05T12:56:47.409679 #9376]  INFO -- : Waiting for players to start
E, [2014-04-05T12:56:48.410315 #9376] ERROR -- : Connection refused - connect(2) for "localhost" port 8080
E, [2014-04-05T12:56:48.410450 #9376] ERROR -- : Player R3T is unreachable
I, [2014-04-05T12:56:48.410528 #9376]  INFO -- : Waiting for players to start
E, [2014-04-05T12:56:49.421661 #9376] ERROR -- : Connection refused - connect(2) for "localhost" port 8080
E, [2014-04-05T12:56:49.421871 #9376] ERROR -- : Player R3T is unreachable
I, [2014-04-05T12:56:49.421972 #9376]  INFO -- : Waiting for players to start
E, [2014-04-05T12:56:50.423607 #9376] ERROR -- : Connection refused - connect(2) for "localhost" port 8080
E, [2014-04-05T12:56:50.423772 #9376] ERROR -- : Player R3T is unreachable
I, [2014-04-05T12:56:50.423857 #9376]  INFO -- : Waiting for players to start
E, [2014-04-05T12:56:51.424508 #9376] ERROR -- : Connection refused - connect(2) for "localhost" port 8080
E, [2014-04-05T12:56:51.424841 #9376] ERROR -- : Player R3T is unreachable
I, [2014-04-05T12:56:51.425022 #9376]  INFO -- : Waiting for players to start
E, [2014-04-05T12:56:52.425758 #9376] ERROR -- : Connection refused - connect(2) for "localhost" port 8080
E, [2014-04-05T12:56:52.426139 #9376] ERROR -- : Player R3T is unreachable
I, [2014-04-05T12:56:52.426521 #9376]  INFO -- : Waiting for players to start
E, [2014-04-05T12:56:53.427391 #9376] ERROR -- : Connection refused - connect(2) for "localhost" port 8080
E, [2014-04-05T12:56:53.427659 #9376] ERROR -- : Player R3T is unreachable
I, [2014-04-05T12:56:53.427832 #9376]  INFO -- : Waiting for players to start
E, [2014-04-05T12:56:54.458181 #9376] ERROR -- : Connection refused - connect(2) for "localhost" port 8080
E, [2014-04-05T12:56:54.458451 #9376] ERROR -- : Player R3T is unreachable
I, [2014-04-05T12:56:54.458571 #9376]  INFO -- : Waiting for players to start
E, [2014-04-05T12:56:55.459232 #9376] ERROR -- : Connection refused - connect(2) for "localhost" port 8080
E, [2014-04-05T12:56:55.459389 #9376] ERROR -- : Player R3T is unreachable
I, [2014-04-05T12:56:55.459496 #9376]  INFO -- : Waiting for players to start
E, [2014-04-05T12:56:56.461307 #9376] ERROR -- : Connection refused - connect(2) for "localhost" port 8080
E, [2014-04-05T12:56:56.461534 #9376] ERROR -- : Player R3T is unreachable
I, [2014-04-05T12:56:56.461610 #9376]  INFO -- : Waiting for players to start
E, [2014-04-05T12:56:57.462193 #9376] ERROR -- : Connection refused - connect(2) for "localhost" port 8080
E, [2014-04-05T12:56:57.462343 #9376] ERROR -- : Player R3T is unreachable
I, [2014-04-05T12:56:57.462432 #9376]  INFO -- : Waiting for players to start
E, [2014-04-05T12:56:58.965043 #9376] ERROR -- : Net::ReadTimeout
E, [2014-04-05T12:56:58.965199 #9376] ERROR -- : Player R3T is unreachable
I, [2014-04-05T12:56:58.965285 #9376]  INFO -- : Waiting for players to start
I, [2014-04-05T12:56:59.972194 #9376]  INFO -- : Player R3T responded with  (200)
I, [2014-04-05T12:56:59.993747 #9376]  INFO -- : Player Mr Bazinga responded with OK (200)
I, [2014-04-05T12:56:59.995665 #9376]  INFO -- : Player NoCo responded with  (200)
I, [2014-04-05T12:56:59.995996 #9376]  INFO -- : Players are running
I, [2014-04-05T12:57:00.023169 #9376]  INFO -- : Player R3T responded with v0.1 (200)
I, [2014-04-05T12:57:00.027008 #9376]  INFO -- : Player Mr Bazinga responded with Mr Bazinga PreFlop Version (200)
I, [2014-04-05T12:57:00.029846 #9376]  INFO -- : Player NoCo responded with NoCo1247 (200)
I, [2014-04-05T12:57:00.030361 #9376]  INFO -- : Mr Bazinga received hole_card Queen of Clubs
I, [2014-04-05T12:57:00.030618 #9376]  INFO -- : NoCo received hole_card 8 of Diamonds
I, [2014-04-05T12:57:00.030908 #9376]  INFO -- : R3T received hole_card 9 of Diamonds
I, [2014-04-05T12:57:00.031201 #9376]  INFO -- : Mr Bazinga received hole_card 10 of Diamonds
I, [2014-04-05T12:57:00.031453 #9376]  INFO -- : NoCo received hole_card 6 of Clubs
I, [2014-04-05T12:57:00.031747 #9376]  INFO -- : R3T received hole_card 8 of Clubs
I, [2014-04-05T12:57:00.034243 #9376]  INFO -- : Mr Bazinga made a bet of 10 (raise) and is left with 990 chips. The pot now contains 10 chips.
I, [2014-04-05T12:57:00.034675 #9376]  INFO -- : NoCo made a bet of 20 (raise) and is left with 980 chips. The pot now contains 30 chips.
I, [2014-04-05T12:57:00.081049 #9376]  INFO -- : Player R3T responded with 0 (200)
I, [2014-04-05T12:57:00.081828 #9376]  INFO -- : R3T made a bet of 0 (fold) and is left with 1000 chips. The pot now contains 30 chips.
I, [2014-04-05T12:57:00.090545 #9376]  INFO -- : Player Mr Bazinga responded with 0 (200)
I, [2014-04-05T12:57:00.090982 #9376]  INFO -- : Mr Bazinga made a bet of 0 (fold) and is left with 990 chips. The pot now contains 30 chips.
I, [2014-04-05T12:57:00.094399 #9376]  INFO -- : Player NoCo responded with 0 (200)
I, [2014-04-05T12:57:00.094771 #9376]  INFO -- : NoCo made a bet of 0 (check) and is left with 980 chips. The pot now contains 30 chips.
I, [2014-04-05T12:57:00.095937 #9376]  INFO -- : NoCo won 30
I, [2014-04-05T12:57:00.101716 #9376]  INFO -- : Player R3T responded with  (200)
I, [2014-04-05T12:57:00.104657 #9376]  INFO -- : Player Mr Bazinga responded with OK (200)
I, [2014-04-05T12:57:00.109075 #9376]  INFO -- : Player NoCo responded with  (200)
I, [2014-04-05T12:57:00.109663 #9376]  INFO -- : NoCo received hole_card 4 of Clubs
I, [2014-04-05T12:57:00.110078 #9376]  INFO -- : R3T received hole_card Ace of Hearts
I, [2014-04-05T12:57:00.110423 #9376]  INFO -- : Mr Bazinga received hole_card 8 of Diamonds
I, [2014-04-05T12:57:00.110789 #9376]  INFO -- : NoCo received hole_card 9 of Hearts
I, [2014-04-05T12:57:00.111182 #9376]  INFO -- : R3T received hole_card Queen of Clubs
I, [2014-04-05T12:57:00.111668 #9376]  INFO -- : Mr Bazinga received hole_card Jack of Clubs
I, [2014-04-05T12:57:00.112603 #9376]  INFO -- : NoCo made a bet of 10 (raise) and is left with 1000 chips. The pot now contains 10 chips.
I, [2014-04-05T12:57:00.113403 #9376]  INFO -- : R3T made a bet of 20 (raise) and is left with 980 chips. The pot now contains 30 chips.
I, [2014-04-05T12:57:00.117378 #9376]  INFO -- : Player Mr Bazinga responded with 0 (200)
I, [2014-04-05T12:57:00.117908 #9376]  INFO -- : Mr Bazinga made a bet of 0 (fold) and is left with 990 chips. The pot now contains 30 chips.
I, [2014-04-05T12:57:00.122724 #9376]  INFO -- : Player NoCo responded with 0 (200)
I, [2014-04-05T12:57:00.123247 #9376]  INFO -- : NoCo made a bet of 0 (fold) and is left with 1000 chips. The pot now contains 30 chips.
I, [2014-04-05T12:57:00.127112 #9376]  INFO -- : Player R3T responded with 0 (200)
I, [2014-04-05T12:57:00.127879 #9376]  INFO -- : R3T made a bet of 0 (check) and is left with 980 chips. The pot now contains 30 chips.
I, [2014-04-05T12:57:00.129375 #9376]  INFO -- : R3T won 30
I, [2014-04-05T12:57:00.133413 #9376]  INFO -- : Player R3T responded with  (200)
I, [2014-04-05T12:57:00.141323 #9376]  INFO -- : Player Mr Bazinga responded with OK (200)
I, [2014-04-05T12:57:00.143400 #9376]  INFO -- : Player NoCo responded with  (200)
I, [2014-04-05T12:57:00.143785 #9376]  INFO -- : R3T received hole_card Ace of Clubs
I, [2014-04-05T12:57:00.143991 #9376]  INFO -- : Mr Bazinga received hole_card 3 of Hearts
I, [2014-04-05T12:57:00.144291 #9376]  INFO -- : NoCo received hole_card 10 of Spades
I, [2014-04-05T12:57:00.144544 #9376]  INFO -- : R3T received hole_card 6 of Hearts
I, [2014-04-05T12:57:00.144979 #9376]  INFO -- : Mr Bazinga received hole_card 8 of Diamonds
I, [2014-04-05T12:57:00.145539 #9376]  INFO -- : NoCo received hole_card 10 of Diamonds
I, [2014-04-05T12:57:00.146379 #9376]  INFO -- : R3T made a bet of 10 (raise) and is left with 1000 chips. The pot now contains 10 chips.
I, [2014-04-05T12:57:00.147010 #9376]  INFO -- : Mr Bazinga made a bet of 20 (raise) and is left with 970 chips. The pot now contains 30 chips.
I, [2014-04-05T12:57:00.151346 #9376]  INFO -- : Player NoCo responded with 10 (200)
I, [2014-04-05T12:57:00.152211 #9376]  INFO -- : NoCo made a bet of 0 (fold) and is left with 1000 chips. The pot now contains 30 chips.
I, [2014-04-05T12:57:00.158982 #9376]  INFO -- : Player R3T responded with 0 (200)
I, [2014-04-05T12:57:00.159367 #9376]  INFO -- : R3T made a bet of 0 (fold) and is left with 1000 chips. The pot now contains 30 chips.
I, [2014-04-05T12:57:00.165270 #9376]  INFO -- : Player Mr Bazinga responded with 0 (200)
I, [2014-04-05T12:57:00.165887 #9376]  INFO -- : Mr Bazinga made a bet of 0 (check) and is left with 970 chips. The pot now contains 30 chips.
I, [2014-04-05T12:57:00.166955 #9376]  INFO -- : Mr Bazinga won 30
I, [2014-04-05T12:57:00.171306 #9376]  INFO -- : Player R3T responded with  (200)
I, [2014-04-05T12:57:00.183576 #9376]  INFO -- : Player Mr Bazinga responded with OK (200)
I, [2014-04-05T12:57:00.187042 #9376]  INFO -- : Player NoCo responded with  (200)
I, [2014-04-05T12:57:00.187363 #9376]  INFO -- : Mr Bazinga received hole_card 5 of Diamonds
I, [2014-04-05T12:57:00.187551 #9376]  INFO -- : NoCo received hole_card 4 of Clubs
I, [2014-04-05T12:57:00.187740 #9376]  INFO -- : R3T received hole_card 8 of Spades
I, [2014-04-05T12:57:00.187898 #9376]  INFO -- : Mr Bazinga received hole_card 5 of Hearts
I, [2014-04-05T12:57:00.188104 #9376]  INFO -- : NoCo received hole_card Jack of Diamonds
I, [2014-04-05T12:57:00.188281 #9376]  INFO -- : R3T received hole_card 6 of Diamonds
I, [2014-04-05T12:57:00.188552 #9376]  INFO -- : Mr Bazinga made a bet of 10 (raise) and is left with 990 chips. The pot now contains 10 chips.
I, [2014-04-05T12:57:00.188788 #9376]  INFO -- : NoCo made a bet of 20 (raise) and is left with 980 chips. The pot now contains 30 chips.
I, [2014-04-05T12:57:00.196170 #9376]  INFO -- : Player R3T responded with 0 (200)
I, [2014-04-05T12:57:00.196686 #9376]  INFO -- : R3T made a bet of 0 (fold) and is left with 1000 chips. The pot now contains 30 chips.
I, [2014-04-05T12:57:00.201976 #9376]  INFO -- : Player Mr Bazinga responded with 220 (200)
I, [2014-04-05T12:57:00.202404 #9376]  INFO -- : Mr Bazinga made a bet of 220 (raise) and is left with 770 chips. The pot now contains 250 chips.
I, [2014-04-05T12:57:00.206544 #9376]  INFO -- : Player NoCo responded with 0 (200)
I, [2014-04-05T12:57:00.207297 #9376]  INFO -- : NoCo made a bet of 0 (fold) and is left with 980 chips. The pot now contains 250 chips.
I, [2014-04-05T12:57:00.208717 #9376]  INFO -- : Mr Bazinga won 250
I, [2014-04-05T12:57:00.212528 #9376]  INFO -- : Player R3T responded with  (200)
I, [2014-04-05T12:57:00.214840 #9376]  INFO -- : Player Mr Bazinga responded with OK (200)
I, [2014-04-05T12:57:00.217867 #9376]  INFO -- : Player NoCo responded with  (200)
I, [2014-04-05T12:57:00.218153 #9376]  INFO -- : NoCo received hole_card Jack of Hearts
I, [2014-04-05T12:57:00.218308 #9376]  INFO -- : R3T received hole_card 3 of Diamonds
I, [2014-04-05T12:57:00.218473 #9376]  INFO -- : Mr Bazinga received hole_card Queen of Hearts
I, [2014-04-05T12:57:00.218622 #9376]  INFO -- : NoCo received hole_card 10 of Diamonds
I, [2014-04-05T12:57:00.218804 #9376]  INFO -- : R3T received hole_card 4 of Diamonds
I, [2014-04-05T12:57:00.218987 #9376]  INFO -- : Mr Bazinga received hole_card 7 of Clubs
I, [2014-04-05T12:57:00.219246 #9376]  INFO -- : NoCo made a bet of 10 (raise) and is left with 970 chips. The pot now contains 10 chips.
I, [2014-04-05T12:57:00.219483 #9376]  INFO -- : R3T made a bet of 20 (raise) and is left with 980 chips. The pot now contains 30 chips.
I, [2014-04-05T12:57:00.221539 #9376]  INFO -- : Player Mr Bazinga responded with 0 (200)
I, [2014-04-05T12:57:00.221816 #9376]  INFO -- : Mr Bazinga made a bet of 0 (fold) and is left with 1020 chips. The pot now contains 30 chips.
I, [2014-04-05T12:57:00.223727 #9376]  INFO -- : Player NoCo responded with 0 (200)
I, [2014-04-05T12:57:00.223996 #9376]  INFO -- : NoCo made a bet of 0 (fold) and is left with 970 chips. The pot now contains 30 chips.
I, [2014-04-05T12:57:00.226569 #9376]  INFO -- : Player R3T responded with 0 (200)
I, [2014-04-05T12:57:00.227023 #9376]  INFO -- : R3T made a bet of 0 (check) and is left with 980 chips. The pot now contains 30 chips.
I, [2014-04-05T12:57:00.227772 #9376]  INFO -- : R3T won 30
I, [2014-04-05T12:57:00.232473 #9376]  INFO -- : Player R3T responded with  (200)
I, [2014-04-05T12:57:00.235702 #9376]  INFO -- : Player Mr Bazinga responded with OK (200)
I, [2014-04-05T12:57:00.238803 #9376]  INFO -- : Player NoCo responded with  (200)
I, [2014-04-05T12:57:00.239492 #9376]  INFO -- : R3T received hole_card 10 of Hearts
I, [2014-04-05T12:57:00.239868 #9376]  INFO -- : Mr Bazinga received hole_card Queen of Hearts
I, [2014-04-05T12:57:00.240474 #9376]  INFO -- : NoCo received hole_card 8 of Hearts
I, [2014-04-05T12:57:00.241276 #9376]  INFO -- : R3T received hole_card 10 of Spades
I, [2014-04-05T12:57:00.241947 #9376]  INFO -- : Mr Bazinga received hole_card Ace of Clubs
I, [2014-04-05T12:57:00.242679 #9376]  INFO -- : NoCo received hole_card 2 of Diamonds
I, [2014-04-05T12:57:00.243517 #9376]  INFO -- : R3T made a bet of 10 (raise) and is left with 1000 chips. The pot now contains 10 chips.
I, [2014-04-05T12:57:00.244309 #9376]  INFO -- : Mr Bazinga made a bet of 20 (raise) and is left with 1000 chips. The pot now contains 30 chips.
I, [2014-04-05T12:57:00.247823 #9376]  INFO -- : Player NoCo responded with 0 (200)
I, [2014-04-05T12:57:00.248668 #9376]  INFO -- : NoCo made a bet of 0 (fold) and is left with 970 chips. The pot now contains 30 chips.
I, [2014-04-05T12:57:00.255401 #9376]  INFO -- : Player R3T responded with 620 (200)
I, [2014-04-05T12:57:00.256161 #9376]  INFO -- : R3T made a bet of 620 (raise) and is left with 380 chips. The pot now contains 650 chips.
I, [2014-04-05T12:57:00.260300 #9376]  INFO -- : Player Mr Bazinga responded with 1270 (200)
I, [2014-04-05T12:57:00.260867 #9376]  INFO -- : Mr Bazinga made a bet of 1000 (allin) and is left with 0 chips. The pot now contains 1650 chips.
I, [2014-04-05T12:57:00.268093 #9376]  INFO -- : Player R3T responded with 1620 (200)
I, [2014-04-05T12:57:00.268655 #9376]  INFO -- : R3T made a bet of 380 (allin) and is left with 0 chips. The pot now contains 2030 chips.
I, [2014-04-05T12:57:00.269357 #9376]  INFO -- : community card 3 of Spades
I, [2014-04-05T12:57:00.270089 #9376]  INFO -- : community card 3 of Hearts
I, [2014-04-05T12:57:00.270875 #9376]  INFO -- : community card Ace of Diamonds
I, [2014-04-05T12:57:00.271560 #9376]  INFO -- : community card Queen of Diamonds
I, [2014-04-05T12:57:00.272416 #9376]  INFO -- : community card Jack of Clubs
I, [2014-04-05T12:57:00.274846 #9376]  INFO -- : Mr Bazinga showed Jack of Clubs,Queen of Hearts,Queen of Diamonds,Ace of Diamonds,Ace of Clubs making a two pairs
I, [2014-04-05T12:57:00.276274 #9376]  INFO -- : Mr Bazinga won 2030
I, [2014-04-05T12:57:00.279439 #9376]  INFO -- : Player R3T responded with  (200)
I, [2014-04-05T12:57:00.282790 #9376]  INFO -- : Player Mr Bazinga responded with OK (200)
I, [2014-04-05T12:57:00.287007 #9376]  INFO -- : Player NoCo responded with  (200)
I, [2014-04-05T12:57:00.287272 #9376]  INFO -- : NoCo received hole_card 5 of Diamonds
I, [2014-04-05T12:57:00.287430 #9376]  INFO -- : Mr Bazinga received hole_card Queen of Spades
I, [2014-04-05T12:57:00.287605 #9376]  INFO -- : NoCo received hole_card 3 of Diamonds
I, [2014-04-05T12:57:00.287763 #9376]  INFO -- : Mr Bazinga received hole_card 9 of Hearts
I, [2014-04-05T12:57:00.288128 #9376]  INFO -- : NoCo made a bet of 10 (raise) and is left with 960 chips. The pot now contains 10 chips.
I, [2014-04-05T12:57:00.288541 #9376]  INFO -- : Mr Bazinga made a bet of 20 (raise) and is left with 2010 chips. The pot now contains 30 chips.
I, [2014-04-05T12:57:00.290647 #9376]  INFO -- : Player NoCo responded with 0 (200)
I, [2014-04-05T12:57:00.290839 #9376]  INFO -- : NoCo made a bet of 0 (fold) and is left with 960 chips. The pot now contains 30 chips.
I, [2014-04-05T12:57:00.291203 #9376]  INFO -- : Mr Bazinga won 30
I, [2014-04-05T12:57:00.293851 #9376]  INFO -- : Player R3T responded with  (200)
I, [2014-04-05T12:57:00.296911 #9376]  INFO -- : Player Mr Bazinga responded with OK (200)
I, [2014-04-05T12:57:00.299474 #9376]  INFO -- : Player NoCo responded with  (200)
I, [2014-04-05T12:57:00.299776 #9376]  INFO -- : Mr Bazinga received hole_card 8 of Diamonds
I, [2014-04-05T12:57:00.299929 #9376]  INFO -- : NoCo received hole_card 7 of Diamonds
I, [2014-04-05T12:57:00.300138 #9376]  INFO -- : Mr Bazinga received hole_card 3 of Spades
I, [2014-04-05T12:57:00.300354 #9376]  INFO -- : NoCo received hole_card Queen of Clubs
I, [2014-04-05T12:57:00.300663 #9376]  INFO -- : Mr Bazinga made a bet of 10 (raise) and is left with 2030 chips. The pot now contains 10 chips.
I, [2014-04-05T12:57:00.300928 #9376]  INFO -- : NoCo made a bet of 20 (raise) and is left with 940 chips. The pot now contains 30 chips.
I, [2014-04-05T12:57:00.302932 #9376]  INFO -- : Player Mr Bazinga responded with 0 (200)
I, [2014-04-05T12:57:00.303145 #9376]  INFO -- : Mr Bazinga made a bet of 0 (fold) and is left with 2030 chips. The pot now contains 30 chips.
I, [2014-04-05T12:57:00.305150 #9376]  INFO -- : Player NoCo responded with 0 (200)
I, [2014-04-05T12:57:00.305341 #9376]  INFO -- : NoCo made a bet of 0 (check) and is left with 940 chips. The pot now contains 30 chips.
I, [2014-04-05T12:57:00.305742 #9376]  INFO -- : NoCo won 30
I, [2014-04-05T12:57:00.309652 #9376]  INFO -- : Player R3T responded with  (200)
I, [2014-04-05T12:57:00.313784 #9376]  INFO -- : Player Mr Bazinga responded with OK (200)
I, [2014-04-05T12:57:00.317998 #9376]  INFO -- : Player NoCo responded with  (200)
I, [2014-04-05T12:57:00.318880 #9376]  INFO -- : NoCo received hole_card 8 of Spades
I, [2014-04-05T12:57:00.319476 #9376]  INFO -- : Mr Bazinga received hole_card Jack of Diamonds
I, [2014-04-05T12:57:00.320158 #9376]  INFO -- : NoCo received hole_card 9 of Clubs
I, [2014-04-05T12:57:00.320850 #9376]  INFO -- : Mr Bazinga received hole_card 3 of Spades
I, [2014-04-05T12:57:00.321717 #9376]  INFO -- : NoCo made a bet of 10 (raise) and is left with 960 chips. The pot now contains 10 chips.
I, [2014-04-05T12:57:00.322511 #9376]  INFO -- : Mr Bazinga made a bet of 20 (raise) and is left with 2010 chips. The pot now contains 30 chips.
I, [2014-04-05T12:57:00.328244 #9376]  INFO -- : Player NoCo responded with 0 (200)
I, [2014-04-05T12:57:00.328923 #9376]  INFO -- : NoCo made a bet of 0 (fold) and is left with 960 chips. The pot now contains 30 chips.
I, [2014-04-05T12:57:00.329470 #9376]  INFO -- : Mr Bazinga won 30
I, [2014-04-05T12:57:00.336770 #9376]  INFO -- : Player R3T responded with  (200)
I, [2014-04-05T12:57:00.341164 #9376]  INFO -- : Player Mr Bazinga responded with OK (200)
I, [2014-04-05T12:57:00.342729 #9376]  INFO -- : Player NoCo responded with  (200)
I, [2014-04-05T12:57:00.343061 #9376]  INFO -- : Mr Bazinga received hole_card Ace of Diamonds
I, [2014-04-05T12:57:00.343250 #9376]  INFO -- : NoCo received hole_card 6 of Hearts
I, [2014-04-05T12:57:00.343449 #9376]  INFO -- : Mr Bazinga received hole_card 2 of Clubs
I, [2014-04-05T12:57:00.343633 #9376]  INFO -- : NoCo received hole_card 2 of Hearts
I, [2014-04-05T12:57:00.343921 #9376]  INFO -- : Mr Bazinga made a bet of 20 (raise) and is left with 2020 chips. The pot now contains 20 chips.
I, [2014-04-05T12:57:00.344196 #9376]  INFO -- : NoCo made a bet of 40 (raise) and is left with 920 chips. The pot now contains 60 chips.
I, [2014-04-05T12:57:00.346305 #9376]  INFO -- : Player Mr Bazinga responded with 0 (200)
I, [2014-04-05T12:57:00.346521 #9376]  INFO -- : Mr Bazinga made a bet of 0 (fold) and is left with 2020 chips. The pot now contains 60 chips.
I, [2014-04-05T12:57:00.347981 #9376]  INFO -- : Player NoCo responded with 0 (200)
I, [2014-04-05T12:57:00.348457 #9376]  INFO -- : NoCo made a bet of 0 (check) and is left with 920 chips. The pot now contains 60 chips.
I, [2014-04-05T12:57:00.349257 #9376]  INFO -- : NoCo won 60
I, [2014-04-05T12:57:00.353703 #9376]  INFO -- : Player R3T responded with  (200)
I, [2014-04-05T12:57:00.356501 #9376]  INFO -- : Player Mr Bazinga responded with OK (200)
I, [2014-04-05T12:57:00.359559 #9376]  INFO -- : Player NoCo responded with  (200)
I, [2014-04-05T12:57:00.360220 #9376]  INFO -- : NoCo received hole_card 6 of Clubs
I, [2014-04-05T12:57:00.360531 #9376]  INFO -- : Mr Bazinga received hole_card Queen of Diamonds
I, [2014-04-05T12:57:00.360855 #9376]  INFO -- : NoCo received hole_card King of Diamonds
I, [2014-04-05T12:57:00.361235 #9376]  INFO -- : Mr Bazinga received hole_card Jack of Diamonds
I, [2014-04-05T12:57:00.361742 #9376]  INFO -- : NoCo made a bet of 20 (raise) and is left with 960 chips. The pot now contains 20 chips.
I, [2014-04-05T12:57:00.362198 #9376]  INFO -- : Mr Bazinga made a bet of 40 (raise) and is left with 1980 chips. The pot now contains 60 chips.
I, [2014-04-05T12:57:00.364587 #9376]  INFO -- : Player NoCo responded with 0 (200)
I, [2014-04-05T12:57:00.364781 #9376]  INFO -- : NoCo made a bet of 0 (fold) and is left with 960 chips. The pot now contains 60 chips.
I, [2014-04-05T12:57:00.365142 #9376]  INFO -- : Mr Bazinga won 60
I, [2014-04-05T12:57:00.368672 #9376]  INFO -- : Player R3T responded with  (200)
I, [2014-04-05T12:57:00.370504 #9376]  INFO -- : Player Mr Bazinga responded with OK (200)
I, [2014-04-05T12:57:00.373092 #9376]  INFO -- : Player NoCo responded with  (200)
I, [2014-04-05T12:57:00.373762 #9376]  INFO -- : Mr Bazinga received hole_card 9 of Spades
I, [2014-04-05T12:57:00.374130 #9376]  INFO -- : NoCo received hole_card 6 of Clubs
I, [2014-04-05T12:57:00.374541 #9376]  INFO -- : Mr Bazinga received hole_card 2 of Spades
I, [2014-04-05T12:57:00.374923 #9376]  INFO -- : NoCo received hole_card Ace of Spades
I, [2014-04-05T12:57:00.375522 #9376]  INFO -- : Mr Bazinga made a bet of 20 (raise) and is left with 2020 chips. The pot now contains 20 chips.
I, [2014-04-05T12:57:00.376123 #9376]  INFO -- : NoCo made a bet of 40 (raise) and is left with 920 chips. The pot now contains 60 chips.
I, [2014-04-05T12:57:00.380188 #9376]  INFO -- : Player Mr Bazinga responded with 90 (200)
I, [2014-04-05T12:57:00.380650 #9376]  INFO -- : Mr Bazinga made a bet of 90 (raise) and is left with 1930 chips. The pot now contains 150 chips.
I, [2014-04-05T12:57:00.384324 #9376]  INFO -- : Player NoCo responded with 0 (200)
I, [2014-04-05T12:57:00.384869 #9376]  INFO -- : NoCo made a bet of 0 (fold) and is left with 920 chips. The pot now contains 150 chips.
I, [2014-04-05T12:57:00.386095 #9376]  INFO -- : Mr Bazinga won 150
I, [2014-04-05T12:57:00.390284 #9376]  INFO -- : Player R3T responded with  (200)
I, [2014-04-05T12:57:00.395479 #9376]  INFO -- : Player Mr Bazinga responded with OK (200)
I, [2014-04-05T12:57:00.397737 #9376]  INFO -- : Player NoCo responded with  (200)
I, [2014-04-05T12:57:00.398690 #9376]  INFO -- : NoCo received hole_card 2 of Spades
I, [2014-04-05T12:57:00.399268 #9376]  INFO -- : Mr Bazinga received hole_card 9 of Diamonds
I, [2014-04-05T12:57:00.399798 #9376]  INFO -- : NoCo received hole_card 10 of Clubs
I, [2014-04-05T12:57:00.400292 #9376]  INFO -- : Mr Bazinga received hole_card 8 of Diamonds
I, [2014-04-05T12:57:00.400587 #9376]  INFO -- : NoCo made a bet of 20 (raise) and is left with 900 chips. The pot now contains 20 chips.
I, [2014-04-05T12:57:00.400818 #9376]  INFO -- : Mr Bazinga made a bet of 40 (raise) and is left with 2040 chips. The pot now contains 60 chips.
I, [2014-04-05T12:57:00.402247 #9376]  INFO -- : Player NoCo responded with 0 (200)
I, [2014-04-05T12:57:00.402444 #9376]  INFO -- : NoCo made a bet of 0 (fold) and is left with 900 chips. The pot now contains 60 chips.
I, [2014-04-05T12:57:00.402825 #9376]  INFO -- : Mr Bazinga won 60
I, [2014-04-05T12:57:00.404810 #9376]  INFO -- : Player R3T responded with  (200)
I, [2014-04-05T12:57:00.406579 #9376]  INFO -- : Player Mr Bazinga responded with OK (200)
I, [2014-04-05T12:57:00.408891 #9376]  INFO -- : Player NoCo responded with  (200)
I, [2014-04-05T12:57:00.409619 #9376]  INFO -- : Mr Bazinga received hole_card 7 of Spades
I, [2014-04-05T12:57:00.410182 #9376]  INFO -- : NoCo received hole_card Jack of Diamonds
I, [2014-04-05T12:57:00.410766 #9376]  INFO -- : Mr Bazinga received hole_card Ace of Clubs
I, [2014-04-05T12:57:00.411305 #9376]  INFO -- : NoCo received hole_card 5 of Diamonds
I, [2014-04-05T12:57:00.412389 #9376]  INFO -- : Mr Bazinga made a bet of 20 (raise) and is left with 2080 chips. The pot now contains 20 chips.
I, [2014-04-05T12:57:00.413270 #9376]  INFO -- : NoCo made a bet of 40 (raise) and is left with 860 chips. The pot now contains 60 chips.
I, [2014-04-05T12:57:00.416965 #9376]  INFO -- : Player Mr Bazinga responded with 0 (200)
I, [2014-04-05T12:57:00.417357 #9376]  INFO -- : Mr Bazinga made a bet of 0 (fold) and is left with 2080 chips. The pot now contains 60 chips.
I, [2014-04-05T12:57:00.419618 #9376]  INFO -- : Player NoCo responded with 0 (200)
I, [2014-04-05T12:57:00.419885 #9376]  INFO -- : NoCo made a bet of 0 (check) and is left with 860 chips. The pot now contains 60 chips.
I, [2014-04-05T12:57:00.420358 #9376]  INFO -- : NoCo won 60
I, [2014-04-05T12:57:00.425162 #9376]  INFO -- : Player R3T responded with  (200)
I, [2014-04-05T12:57:00.430205 #9376]  INFO -- : Player Mr Bazinga responded with OK (200)
I, [2014-04-05T12:57:00.434576 #9376]  INFO -- : Player NoCo responded with  (200)
I, [2014-04-05T12:57:00.435358 #9376]  INFO -- : NoCo received hole_card 7 of Diamonds
I, [2014-04-05T12:57:00.435842 #9376]  INFO -- : Mr Bazinga received hole_card King of Clubs
I, [2014-04-05T12:57:00.436376 #9376]  INFO -- : NoCo received hole_card 10 of Spades
I, [2014-04-05T12:57:00.436800 #9376]  INFO -- : Mr Bazinga received hole_card 8 of Diamonds
I, [2014-04-05T12:57:00.437546 #9376]  INFO -- : NoCo made a bet of 20 (raise) and is left with 900 chips. The pot now contains 20 chips.
I, [2014-04-05T12:57:00.438161 #9376]  INFO -- : Mr Bazinga made a bet of 40 (raise) and is left with 2040 chips. The pot now contains 60 chips.
I, [2014-04-05T12:57:00.443903 #9376]  INFO -- : Player NoCo responded with 0 (200)
I, [2014-04-05T12:57:00.444932 #9376]  INFO -- : NoCo made a bet of 0 (fold) and is left with 900 chips. The pot now contains 60 chips.
I, [2014-04-05T12:57:00.446400 #9376]  INFO -- : Mr Bazinga won 60
I, [2014-04-05T12:57:00.451888 #9376]  INFO -- : Player R3T responded with  (200)
I, [2014-04-05T12:57:00.456420 #9376]  INFO -- : Player Mr Bazinga responded with OK (200)
I, [2014-04-05T12:57:00.458508 #9376]  INFO -- : Player NoCo responded with  (200)
I, [2014-04-05T12:57:00.458871 #9376]  INFO -- : Mr Bazinga received hole_card 5 of Clubs
I, [2014-04-05T12:57:00.459082 #9376]  INFO -- : NoCo received hole_card 2 of Spades
I, [2014-04-05T12:57:00.459271 #9376]  INFO -- : Mr Bazinga received hole_card 3 of Clubs
I, [2014-04-05T12:57:00.459462 #9376]  INFO -- : NoCo received hole_card 3 of Spades
I, [2014-04-05T12:57:00.459753 #9376]  INFO -- : Mr Bazinga made a bet of 20 (raise) and is left with 2080 chips. The pot now contains 20 chips.
I, [2014-04-05T12:57:00.460027 #9376]  INFO -- : NoCo made a bet of 40 (raise) and is left with 860 chips. The pot now contains 60 chips.
I, [2014-04-05T12:57:00.461604 #9376]  INFO -- : Player Mr Bazinga responded with 0 (200)
I, [2014-04-05T12:57:00.461810 #9376]  INFO -- : Mr Bazinga made a bet of 0 (fold) and is left with 2080 chips. The pot now contains 60 chips.
I, [2014-04-05T12:57:00.463326 #9376]  INFO -- : Player NoCo responded with 0 (200)
I, [2014-04-05T12:57:00.464088 #9376]  INFO -- : NoCo made a bet of 0 (check) and is left with 860 chips. The pot now contains 60 chips.
I, [2014-04-05T12:57:00.465196 #9376]  INFO -- : NoCo won 60
I, [2014-04-05T12:57:00.469650 #9376]  INFO -- : Player R3T responded with  (200)
I, [2014-04-05T12:57:00.471312 #9376]  INFO -- : Player Mr Bazinga responded with OK (200)
I, [2014-04-05T12:57:00.473215 #9376]  INFO -- : Player NoCo responded with  (200)
I, [2014-04-05T12:57:00.473754 #9376]  INFO -- : NoCo received hole_card Jack of Clubs
I, [2014-04-05T12:57:00.474026 #9376]  INFO -- : Mr Bazinga received hole_card Queen of Clubs
I, [2014-04-05T12:57:00.474298 #9376]  INFO -- : NoCo received hole_card 2 of Spades
I, [2014-04-05T12:57:00.474611 #9376]  INFO -- : Mr Bazinga received hole_card 4 of Hearts
I, [2014-04-05T12:57:00.475054 #9376]  INFO -- : NoCo made a bet of 20 (raise) and is left with 900 chips. The pot now contains 20 chips.
I, [2014-04-05T12:57:00.475465 #9376]  INFO -- : Mr Bazinga made a bet of 40 (raise) and is left with 2040 chips. The pot now contains 60 chips.
I, [2014-04-05T12:57:00.477840 #9376]  INFO -- : Player NoCo responded with 0 (200)
I, [2014-04-05T12:57:00.478231 #9376]  INFO -- : NoCo made a bet of 0 (fold) and is left with 900 chips. The pot now contains 60 chips.
I, [2014-04-05T12:57:00.478959 #9376]  INFO -- : Mr Bazinga won 60
I, [2014-04-05T12:57:00.482559 #9376]  INFO -- : Player R3T responded with  (200)
I, [2014-04-05T12:57:00.487674 #9376]  INFO -- : Player Mr Bazinga responded with OK (200)
I, [2014-04-05T12:57:00.490595 #9376]  INFO -- : Player NoCo responded with  (200)
I, [2014-04-05T12:57:00.491117 #9376]  INFO -- : Mr Bazinga received hole_card Jack of Clubs
I, [2014-04-05T12:57:00.491392 #9376]  INFO -- : NoCo received hole_card King of Hearts
I, [2014-04-05T12:57:00.491713 #9376]  INFO -- : Mr Bazinga received hole_card 4 of Clubs
I, [2014-04-05T12:57:00.492070 #9376]  INFO -- : NoCo received hole_card Ace of Spades
I, [2014-04-05T12:57:00.492534 #9376]  INFO -- : Mr Bazinga made a bet of 20 (raise) and is left with 2080 chips. The pot now contains 20 chips.
I, [2014-04-05T12:57:00.492912 #9376]  INFO -- : NoCo made a bet of 40 (raise) and is left with 860 chips. The pot now contains 60 chips.
I, [2014-04-05T12:57:00.494980 #9376]  INFO -- : Player Mr Bazinga responded with 90 (200)
I, [2014-04-05T12:57:00.495271 #9376]  INFO -- : Mr Bazinga made a bet of 90 (raise) and is left with 1990 chips. The pot now contains 150 chips.
I, [2014-04-05T12:57:00.497184 #9376]  INFO -- : Player NoCo responded with 0 (200)
I, [2014-04-05T12:57:00.497447 #9376]  INFO -- : NoCo made a bet of 0 (fold) and is left with 860 chips. The pot now contains 150 chips.
I, [2014-04-05T12:57:00.498009 #9376]  INFO -- : Mr Bazinga won 150
I, [2014-04-05T12:57:00.501985 #9376]  INFO -- : Player R3T responded with  (200)
I, [2014-04-05T12:57:00.503727 #9376]  INFO -- : Player Mr Bazinga responded with OK (200)
I, [2014-04-05T12:57:00.506907 #9376]  INFO -- : Player NoCo responded with  (200)
I, [2014-04-05T12:57:00.507435 #9376]  INFO -- : NoCo received hole_card 4 of Clubs
I, [2014-04-05T12:57:00.507627 #9376]  INFO -- : Mr Bazinga received hole_card 10 of Hearts
I, [2014-04-05T12:57:00.507821 #9376]  INFO -- : NoCo received hole_card 2 of Clubs
I, [2014-04-05T12:57:00.508010 #9376]  INFO -- : Mr Bazinga received hole_card 9 of Diamonds
I, [2014-04-05T12:57:00.508340 #9376]  INFO -- : NoCo made a bet of 40 (raise) and is left with 820 chips. The pot now contains 40 chips.
I, [2014-04-05T12:57:00.508622 #9376]  INFO -- : Mr Bazinga made a bet of 80 (raise) and is left with 2060 chips. The pot now contains 120 chips.
I, [2014-04-05T12:57:00.510932 #9376]  INFO -- : Player NoCo responded with 0 (200)
I, [2014-04-05T12:57:00.511218 #9376]  INFO -- : NoCo made a bet of 0 (fold) and is left with 820 chips. The pot now contains 120 chips.
I, [2014-04-05T12:57:00.512008 #9376]  INFO -- : Mr Bazinga won 120
I, [2014-04-05T12:57:00.516499 #9376]  INFO -- : Player R3T responded with  (200)
I, [2014-04-05T12:57:00.521843 #9376]  INFO -- : Player Mr Bazinga responded with OK (200)
I, [2014-04-05T12:57:00.524951 #9376]  INFO -- : Player NoCo responded with  (200)
I, [2014-04-05T12:57:00.525406 #9376]  INFO -- : Mr Bazinga received hole_card 3 of Spades
I, [2014-04-05T12:57:00.525580 #9376]  INFO -- : NoCo received hole_card Jack of Hearts
I, [2014-04-05T12:57:00.525753 #9376]  INFO -- : Mr Bazinga received hole_card Ace of Hearts
I, [2014-04-05T12:57:00.525919 #9376]  INFO -- : NoCo received hole_card Jack of Diamonds
I, [2014-04-05T12:57:00.526225 #9376]  INFO -- : Mr Bazinga made a bet of 40 (raise) and is left with 2140 chips. The pot now contains 40 chips.
I, [2014-04-05T12:57:00.526439 #9376]  INFO -- : NoCo made a bet of 80 (raise) and is left with 740 chips. The pot now contains 120 chips.
I, [2014-04-05T12:57:00.529346 #9376]  INFO -- : Player Mr Bazinga responded with 0 (200)
I, [2014-04-05T12:57:00.529866 #9376]  INFO -- : Mr Bazinga made a bet of 0 (fold) and is left with 2140 chips. The pot now contains 120 chips.
I, [2014-04-05T12:57:00.533243 #9376]  INFO -- : Player NoCo responded with 40 (200)
I, [2014-04-05T12:57:00.533890 #9376]  INFO -- : NoCo made a bet of 40 (raise) and is left with 700 chips. The pot now contains 160 chips.
I, [2014-04-05T12:57:00.535170 #9376]  INFO -- : NoCo won 160
I, [2014-04-05T12:57:00.538966 #9376]  INFO -- : Player R3T responded with  (200)
I, [2014-04-05T12:57:00.541880 #9376]  INFO -- : Player Mr Bazinga responded with OK (200)
I, [2014-04-05T12:57:00.544131 #9376]  INFO -- : Player NoCo responded with  (200)
I, [2014-04-05T12:57:00.544448 #9376]  INFO -- : NoCo received hole_card 4 of Diamonds
I, [2014-04-05T12:57:00.544624 #9376]  INFO -- : Mr Bazinga received hole_card King of Hearts
I, [2014-04-05T12:57:00.544782 #9376]  INFO -- : NoCo received hole_card Jack of Spades
I, [2014-04-05T12:57:00.544954 #9376]  INFO -- : Mr Bazinga received hole_card 8 of Clubs
I, [2014-04-05T12:57:00.545207 #9376]  INFO -- : NoCo made a bet of 40 (raise) and is left with 820 chips. The pot now contains 40 chips.
I, [2014-04-05T12:57:00.545460 #9376]  INFO -- : Mr Bazinga made a bet of 80 (raise) and is left with 2060 chips. The pot now contains 120 chips.
I, [2014-04-05T12:57:00.548035 #9376]  INFO -- : Player NoCo responded with 0 (200)
I, [2014-04-05T12:57:00.548725 #9376]  INFO -- : NoCo made a bet of 0 (fold) and is left with 820 chips. The pot now contains 120 chips.
I, [2014-04-05T12:57:00.549774 #9376]  INFO -- : Mr Bazinga won 120
I, [2014-04-05T12:57:00.554618 #9376]  INFO -- : Player R3T responded with  (200)
I, [2014-04-05T12:57:00.557831 #9376]  INFO -- : Player Mr Bazinga responded with OK (200)
I, [2014-04-05T12:57:00.561417 #9376]  INFO -- : Player NoCo responded with  (200)
I, [2014-04-05T12:57:00.562134 #9376]  INFO -- : Mr Bazinga received hole_card 10 of Clubs
I, [2014-04-05T12:57:00.562674 #9376]  INFO -- : NoCo received hole_card Jack of Spades
I, [2014-04-05T12:57:00.563109 #9376]  INFO -- : Mr Bazinga received hole_card 2 of Spades
I, [2014-04-05T12:57:00.563619 #9376]  INFO -- : NoCo received hole_card Queen of Spades
I, [2014-04-05T12:57:00.564451 #9376]  INFO -- : Mr Bazinga made a bet of 40 (raise) and is left with 2140 chips. The pot now contains 40 chips.
I, [2014-04-05T12:57:00.565132 #9376]  INFO -- : NoCo made a bet of 80 (raise) and is left with 740 chips. The pot now contains 120 chips.
I, [2014-04-05T12:57:00.571410 #9376]  INFO -- : Player Mr Bazinga responded with 0 (200)
I, [2014-04-05T12:57:00.571853 #9376]  INFO -- : Mr Bazinga made a bet of 0 (fold) and is left with 2140 chips. The pot now contains 120 chips.
I, [2014-04-05T12:57:00.575281 #9376]  INFO -- : Player NoCo responded with 0 (200)
I, [2014-04-05T12:57:00.575993 #9376]  INFO -- : NoCo made a bet of 0 (check) and is left with 740 chips. The pot now contains 120 chips.
I, [2014-04-05T12:57:00.576879 #9376]  INFO -- : NoCo won 120
I, [2014-04-05T12:57:00.579788 #9376]  INFO -- : Player R3T responded with  (200)
I, [2014-04-05T12:57:00.582026 #9376]  INFO -- : Player Mr Bazinga responded with OK (200)
I, [2014-04-05T12:57:00.583727 #9376]  INFO -- : Player NoCo responded with  (200)
I, [2014-04-05T12:57:00.584729 #9376]  INFO -- : NoCo received hole_card Queen of Clubs
I, [2014-04-05T12:57:00.585312 #9376]  INFO -- : Mr Bazinga received hole_card 4 of Hearts
I, [2014-04-05T12:57:00.585991 #9376]  INFO -- : NoCo received hole_card 2 of Spades
I, [2014-04-05T12:57:00.586604 #9376]  INFO -- : Mr Bazinga received hole_card 2 of Diamonds
I, [2014-04-05T12:57:00.587492 #9376]  INFO -- : NoCo made a bet of 40 (raise) and is left with 820 chips. The pot now contains 40 chips.
I, [2014-04-05T12:57:00.588510 #9376]  INFO -- : Mr Bazinga made a bet of 80 (raise) and is left with 2060 chips. The pot now contains 120 chips.
I, [2014-04-05T12:57:00.594018 #9376]  INFO -- : Player NoCo responded with 0 (200)
I, [2014-04-05T12:57:00.594744 #9376]  INFO -- : NoCo made a bet of 0 (fold) and is left with 820 chips. The pot now contains 120 chips.
I, [2014-04-05T12:57:00.595720 #9376]  INFO -- : Mr Bazinga won 120
I, [2014-04-05T12:57:00.600789 #9376]  INFO -- : Player R3T responded with  (200)
I, [2014-04-05T12:57:00.603019 #9376]  INFO -- : Player Mr Bazinga responded with OK (200)
I, [2014-04-05T12:57:00.606591 #9376]  INFO -- : Player NoCo responded with  (200)
I, [2014-04-05T12:57:00.607039 #9376]  INFO -- : Mr Bazinga received hole_card 5 of Clubs
I, [2014-04-05T12:57:00.607228 #9376]  INFO -- : NoCo received hole_card King of Spades
I, [2014-04-05T12:57:00.607390 #9376]  INFO -- : Mr Bazinga received hole_card 3 of Hearts
I, [2014-04-05T12:57:00.607593 #9376]  INFO -- : NoCo received hole_card 9 of Clubs
I, [2014-04-05T12:57:00.607862 #9376]  INFO -- : Mr Bazinga made a bet of 40 (raise) and is left with 2140 chips. The pot now contains 40 chips.
I, [2014-04-05T12:57:00.608174 #9376]  INFO -- : NoCo made a bet of 80 (raise) and is left with 740 chips. The pot now contains 120 chips.
I, [2014-04-05T12:57:00.611555 #9376]  INFO -- : Player Mr Bazinga responded with 0 (200)
I, [2014-04-05T12:57:00.612167 #9376]  INFO -- : Mr Bazinga made a bet of 0 (fold) and is left with 2140 chips. The pot now contains 120 chips.
I, [2014-04-05T12:57:00.614768 #9376]  INFO -- : Player NoCo responded with 0 (200)
I, [2014-04-05T12:57:00.615098 #9376]  INFO -- : NoCo made a bet of 0 (check) and is left with 740 chips. The pot now contains 120 chips.
I, [2014-04-05T12:57:00.615657 #9376]  INFO -- : NoCo won 120
I, [2014-04-05T12:57:00.620155 #9376]  INFO -- : Player R3T responded with  (200)
I, [2014-04-05T12:57:00.623375 #9376]  INFO -- : Player Mr Bazinga responded with OK (200)
I, [2014-04-05T12:57:00.630678 #9376]  INFO -- : Player NoCo responded with  (200)
I, [2014-04-05T12:57:00.632347 #9376]  INFO -- : NoCo received hole_card 5 of Spades
I, [2014-04-05T12:57:00.637368 #9376]  INFO -- : Mr Bazinga received hole_card 10 of Diamonds
I, [2014-04-05T12:57:00.638389 #9376]  INFO -- : NoCo received hole_card 6 of Clubs
I, [2014-04-05T12:57:00.638758 #9376]  INFO -- : Mr Bazinga received hole_card 2 of Spades
I, [2014-04-05T12:57:00.639177 #9376]  INFO -- : NoCo made a bet of 40 (raise) and is left with 820 chips. The pot now contains 40 chips.
I, [2014-04-05T12:57:00.639481 #9376]  INFO -- : Mr Bazinga made a bet of 80 (raise) and is left with 2060 chips. The pot now contains 120 chips.
I, [2014-04-05T12:57:00.641793 #9376]  INFO -- : Player NoCo responded with 0 (200)
I, [2014-04-05T12:57:00.642132 #9376]  INFO -- : NoCo made a bet of 0 (fold) and is left with 820 chips. The pot now contains 120 chips.
I, [2014-04-05T12:57:00.642782 #9376]  INFO -- : Mr Bazinga won 120
I, [2014-04-05T12:57:00.647218 #9376]  INFO -- : Player R3T responded with  (200)
I, [2014-04-05T12:57:00.649337 #9376]  INFO -- : Player Mr Bazinga responded with OK (200)
I, [2014-04-05T12:57:00.651013 #9376]  INFO -- : Player NoCo responded with  (200)
I, [2014-04-05T12:57:00.651354 #9376]  INFO -- : Mr Bazinga received hole_card Jack of Clubs
I, [2014-04-05T12:57:00.651578 #9376]  INFO -- : NoCo received hole_card King of Clubs
I, [2014-04-05T12:57:00.651808 #9376]  INFO -- : Mr Bazinga received hole_card Queen of Clubs
I, [2014-04-05T12:57:00.652010 #9376]  INFO -- : NoCo received hole_card Ace of Clubs
I, [2014-04-05T12:57:00.652396 #9376]  INFO -- : Mr Bazinga made a bet of 40 (raise) and is left with 2140 chips. The pot now contains 40 chips.
I, [2014-04-05T12:57:00.652686 #9376]  INFO -- : NoCo made a bet of 80 (raise) and is left with 740 chips. The pot now contains 120 chips.
I, [2014-04-05T12:57:00.654392 #9376]  INFO -- : Player Mr Bazinga responded with 280 (200)
I, [2014-04-05T12:57:00.654611 #9376]  INFO -- : Mr Bazinga made a bet of 280 (raise) and is left with 1860 chips. The pot now contains 400 chips.
I, [2014-04-05T12:57:00.656617 #9376]  INFO -- : Player NoCo responded with 0 (200)
I, [2014-04-05T12:57:00.656928 #9376]  INFO -- : NoCo made a bet of 0 (fold) and is left with 740 chips. The pot now contains 400 chips.
I, [2014-04-05T12:57:00.657441 #9376]  INFO -- : Mr Bazinga won 400
I, [2014-04-05T12:57:00.661422 #9376]  INFO -- : Player R3T responded with  (200)
I, [2014-04-05T12:57:00.666719 #9376]  INFO -- : Player Mr Bazinga responded with OK (200)
I, [2014-04-05T12:57:00.669886 #9376]  INFO -- : Player NoCo responded with  (200)
I, [2014-04-05T12:57:00.670625 #9376]  INFO -- : NoCo received hole_card Ace of Spades
I, [2014-04-05T12:57:00.671051 #9376]  INFO -- : Mr Bazinga received hole_card 3 of Hearts
I, [2014-04-05T12:57:00.671449 #9376]  INFO -- : NoCo received hole_card King of Clubs
I, [2014-04-05T12:57:00.671894 #9376]  INFO -- : Mr Bazinga received hole_card 7 of Hearts
I, [2014-04-05T12:57:00.672698 #9376]  INFO -- : NoCo made a bet of 40 (raise) and is left with 700 chips. The pot now contains 40 chips.
I, [2014-04-05T12:57:00.673236 #9376]  INFO -- : Mr Bazinga made a bet of 80 (raise) and is left with 2180 chips. The pot now contains 120 chips.
I, [2014-04-05T12:57:00.676387 #9376]  INFO -- : Player NoCo responded with 0 (200)
I, [2014-04-05T12:57:00.676777 #9376]  INFO -- : NoCo made a bet of 0 (fold) and is left with 700 chips. The pot now contains 120 chips.
I, [2014-04-05T12:57:00.677513 #9376]  INFO -- : Mr Bazinga won 120
I, [2014-04-05T12:57:00.682573 #9376]  INFO -- : Player R3T responded with  (200)
I, [2014-04-05T12:57:00.686974 #9376]  INFO -- : Player Mr Bazinga responded with OK (200)
I, [2014-04-05T12:57:00.691950 #9376]  INFO -- : Player NoCo responded with  (200)
I, [2014-04-05T12:57:00.693493 #9376]  INFO -- : Mr Bazinga received hole_card 7 of Diamonds
I, [2014-04-05T12:57:00.694446 #9376]  INFO -- : NoCo received hole_card 10 of Clubs
I, [2014-04-05T12:57:00.694988 #9376]  INFO -- : Mr Bazinga received hole_card 8 of Clubs
I, [2014-04-05T12:57:00.695346 #9376]  INFO -- : NoCo received hole_card 3 of Spades
I, [2014-04-05T12:57:00.695743 #9376]  INFO -- : Mr Bazinga made a bet of 80 (raise) and is left with 2220 chips. The pot now contains 80 chips.
I, [2014-04-05T12:57:00.696094 #9376]  INFO -- : NoCo made a bet of 160 (raise) and is left with 540 chips. The pot now contains 240 chips.
I, [2014-04-05T12:57:00.700118 #9376]  INFO -- : Player Mr Bazinga responded with 0 (200)
I, [2014-04-05T12:57:00.700547 #9376]  INFO -- : Mr Bazinga made a bet of 0 (fold) and is left with 2220 chips. The pot now contains 240 chips.
I, [2014-04-05T12:57:00.704018 #9376]  INFO -- : Player NoCo responded with 0 (200)
I, [2014-04-05T12:57:00.704679 #9376]  INFO -- : NoCo made a bet of 0 (check) and is left with 540 chips. The pot now contains 240 chips.
I, [2014-04-05T12:57:00.705854 #9376]  INFO -- : NoCo won 240
I, [2014-04-05T12:57:00.712264 #9376]  INFO -- : Player R3T responded with  (200)
I, [2014-04-05T12:57:00.717379 #9376]  INFO -- : Player Mr Bazinga responded with OK (200)
I, [2014-04-05T12:57:00.725534 #9376]  INFO -- : Player NoCo responded with  (200)
I, [2014-04-05T12:57:00.729070 #9376]  INFO -- : NoCo received hole_card Ace of Hearts
I, [2014-04-05T12:57:00.730622 #9376]  INFO -- : Mr Bazinga received hole_card 8 of Spades
I, [2014-04-05T12:57:00.732433 #9376]  INFO -- : NoCo received hole_card 9 of Clubs
I, [2014-04-05T12:57:00.732673 #9376]  INFO -- : Mr Bazinga received hole_card Ace of Clubs
I, [2014-04-05T12:57:00.733042 #9376]  INFO -- : NoCo made a bet of 80 (raise) and is left with 700 chips. The pot now contains 80 chips.
I, [2014-04-05T12:57:00.734113 #9376]  INFO -- : Mr Bazinga made a bet of 160 (raise) and is left with 2060 chips. The pot now contains 240 chips.
I, [2014-04-05T12:57:00.736158 #9376]  INFO -- : Player NoCo responded with 0 (200)
I, [2014-04-05T12:57:00.736360 #9376]  INFO -- : NoCo made a bet of 0 (fold) and is left with 700 chips. The pot now contains 240 chips.
I, [2014-04-05T12:57:00.736726 #9376]  INFO -- : Mr Bazinga won 240
I, [2014-04-05T12:57:00.738621 #9376]  INFO -- : Player R3T responded with  (200)
I, [2014-04-05T12:57:00.739979 #9376]  INFO -- : Player Mr Bazinga responded with OK (200)
I, [2014-04-05T12:57:00.742079 #9376]  INFO -- : Player NoCo responded with  (200)
I, [2014-04-05T12:57:00.742444 #9376]  INFO -- : Mr Bazinga received hole_card 6 of Clubs
I, [2014-04-05T12:57:00.742668 #9376]  INFO -- : NoCo received hole_card 10 of Hearts
I, [2014-04-05T12:57:00.742850 #9376]  INFO -- : Mr Bazinga received hole_card 8 of Clubs
I, [2014-04-05T12:57:00.742998 #9376]  INFO -- : NoCo received hole_card Jack of Hearts
I, [2014-04-05T12:57:00.743300 #9376]  INFO -- : Mr Bazinga made a bet of 80 (raise) and is left with 2220 chips. The pot now contains 80 chips.
I, [2014-04-05T12:57:00.743521 #9376]  INFO -- : NoCo made a bet of 160 (raise) and is left with 540 chips. The pot now contains 240 chips.
I, [2014-04-05T12:57:00.745232 #9376]  INFO -- : Player Mr Bazinga responded with 210 (200)
I, [2014-04-05T12:57:00.745415 #9376]  INFO -- : Mr Bazinga made a bet of 210 (raise) and is left with 2010 chips. The pot now contains 450 chips.
I, [2014-04-05T12:57:00.747293 #9376]  INFO -- : Player NoCo responded with 0 (200)
I, [2014-04-05T12:57:00.747802 #9376]  INFO -- : NoCo made a bet of 0 (fold) and is left with 540 chips. The pot now contains 450 chips.
I, [2014-04-05T12:57:00.748860 #9376]  INFO -- : Mr Bazinga won 450
I, [2014-04-05T12:57:00.752125 #9376]  INFO -- : Player R3T responded with  (200)
I, [2014-04-05T12:57:00.756864 #9376]  INFO -- : Player Mr Bazinga responded with OK (200)
I, [2014-04-05T12:57:00.759454 #9376]  INFO -- : Player NoCo responded with  (200)
I, [2014-04-05T12:57:00.759878 #9376]  INFO -- : NoCo received hole_card 6 of Hearts
I, [2014-04-05T12:57:00.760136 #9376]  INFO -- : Mr Bazinga received hole_card 3 of Clubs
I, [2014-04-05T12:57:00.760381 #9376]  INFO -- : NoCo received hole_card 5 of Diamonds
I, [2014-04-05T12:57:00.760625 #9376]  INFO -- : Mr Bazinga received hole_card 2 of Spades
I, [2014-04-05T12:57:00.761003 #9376]  INFO -- : NoCo made a bet of 80 (raise) and is left with 460 chips. The pot now contains 80 chips.
I, [2014-04-05T12:57:00.761322 #9376]  INFO -- : Mr Bazinga made a bet of 160 (raise) and is left with 2300 chips. The pot now contains 240 chips.
I, [2014-04-05T12:57:00.763449 #9376]  INFO -- : Player NoCo responded with 0 (200)
I, [2014-04-05T12:57:00.763663 #9376]  INFO -- : NoCo made a bet of 0 (fold) and is left with 460 chips. The pot now contains 240 chips.
I, [2014-04-05T12:57:00.764788 #9376]  INFO -- : Mr Bazinga won 240
I, [2014-04-05T12:57:00.769287 #9376]  INFO -- : Player R3T responded with  (200)
I, [2014-04-05T12:57:00.772023 #9376]  INFO -- : Player Mr Bazinga responded with OK (200)
I, [2014-04-05T12:57:00.776814 #9376]  INFO -- : Player NoCo responded with  (200)
I, [2014-04-05T12:57:00.777471 #9376]  INFO -- : Mr Bazinga received hole_card 8 of Hearts
I, [2014-04-05T12:57:00.777877 #9376]  INFO -- : NoCo received hole_card 6 of Clubs
I, [2014-04-05T12:57:00.778286 #9376]  INFO -- : Mr Bazinga received hole_card 7 of Spades
I, [2014-04-05T12:57:00.778644 #9376]  INFO -- : NoCo received hole_card 4 of Spades
I, [2014-04-05T12:57:00.779289 #9376]  INFO -- : Mr Bazinga made a bet of 80 (raise) and is left with 2460 chips. The pot now contains 80 chips.
I, [2014-04-05T12:57:00.779820 #9376]  INFO -- : NoCo made a bet of 160 (raise) and is left with 300 chips. The pot now contains 240 chips.
I, [2014-04-05T12:57:00.784190 #9376]  INFO -- : Player Mr Bazinga responded with 0 (200)
I, [2014-04-05T12:57:00.784808 #9376]  INFO -- : Mr Bazinga made a bet of 0 (fold) and is left with 2460 chips. The pot now contains 240 chips.
I, [2014-04-05T12:57:00.787426 #9376]  INFO -- : Player NoCo responded with 0 (200)
I, [2014-04-05T12:57:00.787702 #9376]  INFO -- : NoCo made a bet of 0 (check) and is left with 300 chips. The pot now contains 240 chips.
I, [2014-04-05T12:57:00.788225 #9376]  INFO -- : NoCo won 240
I, [2014-04-05T12:57:00.793964 #9376]  INFO -- : Player R3T responded with  (200)
I, [2014-04-05T12:57:00.799941 #9376]  INFO -- : Player Mr Bazinga responded with OK (200)
I, [2014-04-05T12:57:00.804688 #9376]  INFO -- : Player NoCo responded with  (200)
I, [2014-04-05T12:57:00.805636 #9376]  INFO -- : NoCo received hole_card 3 of Diamonds
I, [2014-04-05T12:57:00.806166 #9376]  INFO -- : Mr Bazinga received hole_card Jack of Diamonds
I, [2014-04-05T12:57:00.806728 #9376]  INFO -- : NoCo received hole_card 6 of Hearts
I, [2014-04-05T12:57:00.807299 #9376]  INFO -- : Mr Bazinga received hole_card 8 of Clubs
I, [2014-04-05T12:57:00.808281 #9376]  INFO -- : NoCo made a bet of 80 (raise) and is left with 460 chips. The pot now contains 80 chips.
I, [2014-04-05T12:57:00.809107 #9376]  INFO -- : Mr Bazinga made a bet of 160 (raise) and is left with 2300 chips. The pot now contains 240 chips.
I, [2014-04-05T12:57:00.813580 #9376]  INFO -- : Player NoCo responded with 0 (200)
I, [2014-04-05T12:57:00.814354 #9376]  INFO -- : NoCo made a bet of 0 (fold) and is left with 460 chips. The pot now contains 240 chips.
I, [2014-04-05T12:57:00.816362 #9376]  INFO -- : Mr Bazinga won 240
I, [2014-04-05T12:57:00.820737 #9376]  INFO -- : Player R3T responded with  (200)
I, [2014-04-05T12:57:00.828393 #9376]  INFO -- : Player Mr Bazinga responded with OK (200)
I, [2014-04-05T12:57:00.830312 #9376]  INFO -- : Player NoCo responded with  (200)
I, [2014-04-05T12:57:00.830634 #9376]  INFO -- : Mr Bazinga received hole_card 8 of Spades
I, [2014-04-05T12:57:00.830830 #9376]  INFO -- : NoCo received hole_card 4 of Hearts
I, [2014-04-05T12:57:00.831000 #9376]  INFO -- : Mr Bazinga received hole_card Jack of Hearts
I, [2014-04-05T12:57:00.831201 #9376]  INFO -- : NoCo received hole_card Ace of Hearts
I, [2014-04-05T12:57:00.831499 #9376]  INFO -- : Mr Bazinga made a bet of 80 (raise) and is left with 2460 chips. The pot now contains 80 chips.
I, [2014-04-05T12:57:00.831809 #9376]  INFO -- : NoCo made a bet of 160 (raise) and is left with 300 chips. The pot now contains 240 chips.
I, [2014-04-05T12:57:00.834153 #9376]  INFO -- : Player Mr Bazinga responded with 0 (200)
I, [2014-04-05T12:57:00.834365 #9376]  INFO -- : Mr Bazinga made a bet of 0 (fold) and is left with 2460 chips. The pot now contains 240 chips.
I, [2014-04-05T12:57:00.836791 #9376]  INFO -- : Player NoCo responded with 0 (200)
I, [2014-04-05T12:57:00.836963 #9376]  INFO -- : NoCo made a bet of 0 (check) and is left with 300 chips. The pot now contains 240 chips.
I, [2014-04-05T12:57:00.837330 #9376]  INFO -- : NoCo won 240
I, [2014-04-05T12:57:00.840270 #9376]  INFO -- : Player R3T responded with  (200)
I, [2014-04-05T12:57:00.842790 #9376]  INFO -- : Player Mr Bazinga responded with OK (200)
I, [2014-04-05T12:57:00.844993 #9376]  INFO -- : Player NoCo responded with  (200)
I, [2014-04-05T12:57:00.845287 #9376]  INFO -- : NoCo received hole_card 4 of Hearts
I, [2014-04-05T12:57:00.845541 #9376]  INFO -- : Mr Bazinga received hole_card Queen of Hearts
I, [2014-04-05T12:57:00.845762 #9376]  INFO -- : NoCo received hole_card Queen of Spades
I, [2014-04-05T12:57:00.845924 #9376]  INFO -- : Mr Bazinga received hole_card 7 of Hearts
I, [2014-04-05T12:57:00.846331 #9376]  INFO -- : NoCo made a bet of 80 (raise) and is left with 460 chips. The pot now contains 80 chips.
I, [2014-04-05T12:57:00.846584 #9376]  INFO -- : Mr Bazinga made a bet of 160 (raise) and is left with 2300 chips. The pot now contains 240 chips.
I, [2014-04-05T12:57:00.848835 #9376]  INFO -- : Player NoCo responded with 0 (200)
I, [2014-04-05T12:57:00.849372 #9376]  INFO -- : NoCo made a bet of 0 (fold) and is left with 460 chips. The pot now contains 240 chips.
I, [2014-04-05T12:57:00.850492 #9376]  INFO -- : Mr Bazinga won 240
I, [2014-04-05T12:57:00.856333 #9376]  INFO -- : Player R3T responded with  (200)
I, [2014-04-05T12:57:00.861217 #9376]  INFO -- : Player Mr Bazinga responded with OK (200)
I, [2014-04-05T12:57:00.865144 #9376]  INFO -- : Player NoCo responded with  (200)
I, [2014-04-05T12:57:00.866168 #9376]  INFO -- : Mr Bazinga received hole_card 3 of Diamonds
I, [2014-04-05T12:57:00.866929 #9376]  INFO -- : NoCo received hole_card 5 of Diamonds
I, [2014-04-05T12:57:00.867862 #9376]  INFO -- : Mr Bazinga received hole_card 2 of Hearts
I, [2014-04-05T12:57:00.868432 #9376]  INFO -- : NoCo received hole_card Ace of Spades
I, [2014-04-05T12:57:00.868965 #9376]  INFO -- : Mr Bazinga made a bet of 80 (raise) and is left with 2460 chips. The pot now contains 80 chips.
I, [2014-04-05T12:57:00.869405 #9376]  INFO -- : NoCo made a bet of 160 (raise) and is left with 300 chips. The pot now contains 240 chips.
I, [2014-04-05T12:57:00.871992 #9376]  INFO -- : Player Mr Bazinga responded with 0 (200)
I, [2014-04-05T12:57:00.872331 #9376]  INFO -- : Mr Bazinga made a bet of 0 (fold) and is left with 2460 chips. The pot now contains 240 chips.
I, [2014-04-05T12:57:00.876461 #9376]  INFO -- : Player NoCo responded with 0 (200)
I, [2014-04-05T12:57:00.876928 #9376]  INFO -- : NoCo made a bet of 0 (check) and is left with 300 chips. The pot now contains 240 chips.
I, [2014-04-05T12:57:00.877483 #9376]  INFO -- : NoCo won 240
I, [2014-04-05T12:57:00.880761 #9376]  INFO -- : Player R3T responded with  (200)
I, [2014-04-05T12:57:00.883699 #9376]  INFO -- : Player Mr Bazinga responded with OK (200)
I, [2014-04-05T12:57:00.886100 #9376]  INFO -- : Player NoCo responded with  (200)
I, [2014-04-05T12:57:00.886368 #9376]  INFO -- : NoCo received hole_card King of Spades
I, [2014-04-05T12:57:00.886536 #9376]  INFO -- : Mr Bazinga received hole_card 9 of Diamonds
I, [2014-04-05T12:57:00.886703 #9376]  INFO -- : NoCo received hole_card 9 of Hearts
I, [2014-04-05T12:57:00.886845 #9376]  INFO -- : Mr Bazinga received hole_card 8 of Spades
I, [2014-04-05T12:57:00.887105 #9376]  INFO -- : NoCo made a bet of 160 (raise) and is left with 380 chips. The pot now contains 160 chips.
I, [2014-04-05T12:57:00.887339 #9376]  INFO -- : Mr Bazinga made a bet of 320 (raise) and is left with 2140 chips. The pot now contains 480 chips.
I, [2014-04-05T12:57:00.889926 #9376]  INFO -- : Player NoCo responded with 0 (200)
I, [2014-04-05T12:57:00.890989 #9376]  INFO -- : NoCo made a bet of 0 (fold) and is left with 380 chips. The pot now contains 480 chips.
I, [2014-04-05T12:57:00.892036 #9376]  INFO -- : Mr Bazinga won 480
I, [2014-04-05T12:57:00.897787 #9376]  INFO -- : Player R3T responded with  (200)
I, [2014-04-05T12:57:00.901860 #9376]  INFO -- : Player Mr Bazinga responded with OK (200)
I, [2014-04-05T12:57:00.904605 #9376]  INFO -- : Player NoCo responded with  (200)
I, [2014-04-05T12:57:00.905596 #9376]  INFO -- : Mr Bazinga received hole_card 2 of Clubs
I, [2014-04-05T12:57:00.906217 #9376]  INFO -- : NoCo received hole_card 6 of Hearts
I, [2014-04-05T12:57:00.907134 #9376]  INFO -- : Mr Bazinga received hole_card Ace of Clubs
I, [2014-04-05T12:57:00.907822 #9376]  INFO -- : NoCo received hole_card Queen of Diamonds
I, [2014-04-05T12:57:00.908549 #9376]  INFO -- : Mr Bazinga made a bet of 160 (raise) and is left with 2460 chips. The pot now contains 160 chips.
I, [2014-04-05T12:57:00.909018 #9376]  INFO -- : NoCo made a bet of 320 (raise) and is left with 60 chips. The pot now contains 480 chips.
I, [2014-04-05T12:57:00.915191 #9376]  INFO -- : Player Mr Bazinga responded with 370 (200)
I, [2014-04-05T12:57:00.915460 #9376]  INFO -- : Mr Bazinga made a bet of 370 (raise) and is left with 2090 chips. The pot now contains 850 chips.
I, [2014-04-05T12:57:00.917665 #9376]  INFO -- : Player NoCo responded with 0 (200)
I, [2014-04-05T12:57:00.917843 #9376]  INFO -- : NoCo made a bet of 0 (fold) and is left with 60 chips. The pot now contains 850 chips.
I, [2014-04-05T12:57:00.918188 #9376]  INFO -- : Mr Bazinga won 850
I, [2014-04-05T12:57:00.920141 #9376]  INFO -- : Player R3T responded with  (200)
I, [2014-04-05T12:57:00.922326 #9376]  INFO -- : Player Mr Bazinga responded with OK (200)
I, [2014-04-05T12:57:00.924414 #9376]  INFO -- : Player NoCo responded with  (200)
I, [2014-04-05T12:57:00.925435 #9376]  INFO -- : NoCo received hole_card 3 of Hearts
I, [2014-04-05T12:57:00.926073 #9376]  INFO -- : Mr Bazinga received hole_card Queen of Clubs
I, [2014-04-05T12:57:00.926610 #9376]  INFO -- : NoCo received hole_card Queen of Diamonds
I, [2014-04-05T12:57:00.927207 #9376]  INFO -- : Mr Bazinga received hole_card 8 of Hearts
I, [2014-04-05T12:57:00.928266 #9376]  INFO -- : NoCo made a bet of 60 (allin) and is left with 0 chips. The pot now contains 60 chips.
I, [2014-04-05T12:57:00.929190 #9376]  INFO -- : Mr Bazinga made a bet of 320 (raise) and is left with 2620 chips. The pot now contains 380 chips.
I, [2014-04-05T12:57:00.929847 #9376]  INFO -- : community card Queen of Spades
I, [2014-04-05T12:57:00.930472 #9376]  INFO -- : community card Jack of Diamonds
I, [2014-04-05T12:57:00.931061 #9376]  INFO -- : community card 9 of Diamonds
I, [2014-04-05T12:57:00.931668 #9376]  INFO -- : community card 9 of Clubs
I, [2014-04-05T12:57:00.932411 #9376]  INFO -- : community card 2 of Clubs
I, [2014-04-05T12:57:00.934093 #9376]  INFO -- : Mr Bazinga showed 9 of Diamonds,9 of Clubs,Jack of Diamonds,Queen of Spades,Queen of Clubs making a two pairs
I, [2014-04-05T12:57:00.935646 #9376]  INFO -- : NoCo showed 9 of Clubs,9 of Diamonds,Jack of Diamonds,Queen of Diamonds,Queen of Spades making a two pairs
I, [2014-04-05T12:57:00.936213 #9376]  INFO -- : Mr Bazinga won 60
I, [2014-04-05T12:57:00.936404 #9376]  INFO -- : NoCo won 60
I, [2014-04-05T12:57:00.936745 #9376]  INFO -- : Mr Bazinga won 260
I, [2014-04-05T12:57:00.940658 #9376]  INFO -- : Player R3T responded with  (200)
I, [2014-04-05T12:57:00.946049 #9376]  INFO -- : Player Mr Bazinga responded with OK (200)
I, [2014-04-05T12:57:00.950130 #9376]  INFO -- : Player NoCo responded with  (200)
I, [2014-04-05T12:57:00.950765 #9376]  INFO -- : Mr Bazinga received hole_card 7 of Diamonds
I, [2014-04-05T12:57:00.951128 #9376]  INFO -- : NoCo received hole_card 3 of Spades
I, [2014-04-05T12:57:00.951543 #9376]  INFO -- : Mr Bazinga received hole_card Queen of Diamonds
I, [2014-04-05T12:57:00.951842 #9376]  INFO -- : NoCo received hole_card 5 of Hearts
I, [2014-04-05T12:57:00.952247 #9376]  INFO -- : Mr Bazinga made a bet of 160 (raise) and is left with 2780 chips. The pot now contains 160 chips.
I, [2014-04-05T12:57:00.952796 #9376]  INFO -- : NoCo made a bet of 60 (allin) and is left with 0 chips. The pot now contains 220 chips.
I, [2014-04-05T12:57:00.957066 #9376]  INFO -- : Player Mr Bazinga responded with 210 (200)
I, [2014-04-05T12:57:00.957516 #9376]  INFO -- : Mr Bazinga made a bet of 210 (raise) and is left with 2570 chips. The pot now contains 430 chips.
I, [2014-04-05T12:57:00.958425 #9376]  INFO -- : community card 2 of Clubs
I, [2014-04-05T12:57:00.959208 #9376]  INFO -- : community card Queen of Clubs
I, [2014-04-05T12:57:00.959503 #9376]  INFO -- : community card King of Diamonds
I, [2014-04-05T12:57:00.959733 #9376]  INFO -- : community card 7 of Spades
I, [2014-04-05T12:57:00.959934 #9376]  INFO -- : community card 5 of Diamonds
I, [2014-04-05T12:57:00.961041 #9376]  INFO -- : Mr Bazinga showed 7 of Diamonds,7 of Spades,Queen of Clubs,Queen of Diamonds,King of Diamonds making a two pairs
I, [2014-04-05T12:57:00.961863 #9376]  INFO -- : Mr Bazinga won 430
I, [2014-04-05T12:57:00.965999 #9376]  INFO -- : Player R3T responded with  (200)
I, [2014-04-05T12:57:00.969446 #9376]  INFO -- : Player Mr Bazinga responded with OK (200)
I, [2014-04-05T12:57:00.972472 #9376]  INFO -- : Player NoCo responded with  (200)
