# Logfile created on 2014-04-05 12:55:34 +0200 by logger.rb/44203
I, [2014-04-05T12:55:34.667284 #8940]  INFO -- : Reseting R3T to origin/master
I, [2014-04-05T12:55:36.297439 #8940]  INFO -- : Reseting Mr Bazinga to origin/master
I, [2014-04-05T12:55:37.207107 #8940]  INFO -- : Reseting NoCo to origin/master
I, [2014-04-05T12:55:38.208304 #8940]  INFO -- : Connected R3T at http://localhost:8080/
I, [2014-04-05T12:55:38.210080 #8940]  INFO -- : Connected Mr Bazinga at http://localhost:1337/
I, [2014-04-05T12:55:38.212447 #8940]  INFO -- : Connected NoCo at http://localhost:8000/player_service.php
E, [2014-04-05T12:55:38.213583 #8940] ERROR -- : Connection refused - connect(2) for "localhost" port 8080
E, [2014-04-05T12:55:38.213760 #8940] ERROR -- : Player R3T is unreachable
I, [2014-04-05T12:55:38.213879 #8940]  INFO -- : Waiting for players to start
E, [2014-04-05T12:55:39.214467 #8940] ERROR -- : Connection refused - connect(2) for "localhost" port 8080
E, [2014-04-05T12:55:39.214590 #8940] ERROR -- : Player R3T is unreachable
I, [2014-04-05T12:55:39.214689 #8940]  INFO -- : Waiting for players to start
E, [2014-04-05T12:55:40.215309 #8940] ERROR -- : Connection refused - connect(2) for "localhost" port 8080
E, [2014-04-05T12:55:40.215506 #8940] ERROR -- : Player R3T is unreachable
I, [2014-04-05T12:55:40.215734 #8940]  INFO -- : Waiting for players to start
E, [2014-04-05T12:55:41.216411 #8940] ERROR -- : Connection refused - connect(2) for "localhost" port 8080
E, [2014-04-05T12:55:41.216591 #8940] ERROR -- : Player R3T is unreachable
I, [2014-04-05T12:55:41.216697 #8940]  INFO -- : Waiting for players to start
E, [2014-04-05T12:55:42.217300 #8940] ERROR -- : Connection refused - connect(2) for "localhost" port 8080
E, [2014-04-05T12:55:42.217464 #8940] ERROR -- : Player R3T is unreachable
I, [2014-04-05T12:55:42.217586 #8940]  INFO -- : Waiting for players to start
E, [2014-04-05T12:55:43.218309 #8940] ERROR -- : Connection refused - connect(2) for "localhost" port 8080
E, [2014-04-05T12:55:43.218477 #8940] ERROR -- : Player R3T is unreachable
I, [2014-04-05T12:55:43.218597 #8940]  INFO -- : Waiting for players to start
E, [2014-04-05T12:55:44.219297 #8940] ERROR -- : Connection refused - connect(2) for "localhost" port 8080
E, [2014-04-05T12:55:44.219471 #8940] ERROR -- : Player R3T is unreachable
I, [2014-04-05T12:55:44.219557 #8940]  INFO -- : Waiting for players to start
E, [2014-04-05T12:55:45.220185 #8940] ERROR -- : Connection refused - connect(2) for "localhost" port 8080
E, [2014-04-05T12:55:45.220498 #8940] ERROR -- : Player R3T is unreachable
I, [2014-04-05T12:55:45.220651 #8940]  INFO -- : Waiting for players to start
E, [2014-04-05T12:55:46.236159 #8940] ERROR -- : Connection refused - connect(2) for "localhost" port 8080
E, [2014-04-05T12:55:46.236356 #8940] ERROR -- : Player R3T is unreachable
I, [2014-04-05T12:55:46.236457 #8940]  INFO -- : Waiting for players to start
E, [2014-04-05T12:55:47.237144 #8940] ERROR -- : Connection refused - connect(2) for "localhost" port 8080
E, [2014-04-05T12:55:47.237432 #8940] ERROR -- : Player R3T is unreachable
I, [2014-04-05T12:55:47.237616 #8940]  INFO -- : Waiting for players to start
E, [2014-04-05T12:55:48.252139 #8940] ERROR -- : Connection refused - connect(2) for "localhost" port 8080
E, [2014-04-05T12:55:48.252309 #8940] ERROR -- : Player R3T is unreachable
I, [2014-04-05T12:55:48.252424 #8940]  INFO -- : Waiting for players to start
E, [2014-04-05T12:55:49.253101 #8940] ERROR -- : Connection refused - connect(2) for "localhost" port 8080
E, [2014-04-05T12:55:49.253238 #8940] ERROR -- : Player R3T is unreachable
I, [2014-04-05T12:55:49.253315 #8940]  INFO -- : Waiting for players to start
E, [2014-04-05T12:55:50.253924 #8940] ERROR -- : Connection refused - connect(2) for "localhost" port 8080
E, [2014-04-05T12:55:50.254062 #8940] ERROR -- : Player R3T is unreachable
I, [2014-04-05T12:55:50.254137 #8940]  INFO -- : Waiting for players to start
E, [2014-04-05T12:55:51.254781 #8940] ERROR -- : Connection refused - connect(2) for "localhost" port 8080
E, [2014-04-05T12:55:51.254928 #8940] ERROR -- : Player R3T is unreachable
I, [2014-04-05T12:55:51.255084 #8940]  INFO -- : Waiting for players to start
E, [2014-04-05T12:55:52.255748 #8940] ERROR -- : Connection refused - connect(2) for "localhost" port 8080
E, [2014-04-05T12:55:52.255888 #8940] ERROR -- : Player R3T is unreachable
I, [2014-04-05T12:55:52.255968 #8940]  INFO -- : Waiting for players to start
E, [2014-04-05T12:55:53.256575 #8940] ERROR -- : Connection refused - connect(2) for "localhost" port 8080
E, [2014-04-05T12:55:53.256739 #8940] ERROR -- : Player R3T is unreachable
I, [2014-04-05T12:55:53.256850 #8940]  INFO -- : Waiting for players to start
E, [2014-04-05T12:55:54.759622 #8940] ERROR -- : Net::ReadTimeout
E, [2014-04-05T12:55:54.759893 #8940] ERROR -- : Player R3T is unreachable
I, [2014-04-05T12:55:54.760081 #8940]  INFO -- : Waiting for players to start
E, [2014-04-05T12:55:56.261808 #8940] ERROR -- : Net::ReadTimeout
E, [2014-04-05T12:55:56.261972 #8940] ERROR -- : Player R3T is unreachable
I, [2014-04-05T12:55:56.262041 #8940]  INFO -- : Waiting for players to start
E, [2014-04-05T12:55:57.763635 #8940] ERROR -- : Net::ReadTimeout
E, [2014-04-05T12:55:57.763792 #8940] ERROR -- : Player R3T is unreachable
I, [2014-04-05T12:55:57.763857 #8940]  INFO -- : Waiting for players to start
E, [2014-04-05T12:55:59.267226 #8940] ERROR -- : Net::ReadTimeout
E, [2014-04-05T12:55:59.267546 #8940] ERROR -- : Player R3T is unreachable
I, [2014-04-05T12:55:59.267716 #8940]  INFO -- : Waiting for players to start
I, [2014-04-05T12:56:00.270099 #8940]  INFO -- : Player R3T responded with  (200)
I, [2014-04-05T12:56:00.282362 #8940]  INFO -- : Player Mr Bazinga responded with OK (200)
I, [2014-04-05T12:56:00.283902 #8940]  INFO -- : Player NoCo responded with  (200)
I, [2014-04-05T12:56:00.283996 #8940]  INFO -- : Players are running
I, [2014-04-05T12:56:00.301708 #8940]  INFO -- : Player R3T responded with v0.1 (200)
I, [2014-04-05T12:56:00.304494 #8940]  INFO -- : Player Mr Bazinga responded with Mr Bazinga PreFlop Version (200)
I, [2014-04-05T12:56:00.305843 #8940]  INFO -- : Player NoCo responded with NoCo1247 (200)
I, [2014-04-05T12:56:00.306221 #8940]  INFO -- : R3T received hole_card 10 of Hearts
I, [2014-04-05T12:56:00.306443 #8940]  INFO -- : Mr Bazinga received hole_card King of Spades
I, [2014-04-05T12:56:00.306689 #8940]  INFO -- : NoCo received hole_card Queen of Clubs
I, [2014-04-05T12:56:00.306939 #8940]  INFO -- : R3T received hole_card 3 of Clubs
I, [2014-04-05T12:56:00.307189 #8940]  INFO -- : Mr Bazinga received hole_card Jack of Diamonds
I, [2014-04-05T12:56:00.307449 #8940]  INFO -- : NoCo received hole_card 9 of Spades
I, [2014-04-05T12:56:00.309173 #8940]  INFO -- : R3T made a bet of 10 (raise) and is left with 990 chips. The pot now contains 10 chips.
I, [2014-04-05T12:56:00.315948 #8940]  INFO -- : Mr Bazinga made a bet of 20 (raise) and is left with 980 chips. The pot now contains 30 chips.
I, [2014-04-05T12:56:00.317693 #8940]  INFO -- : Player NoCo responded with 0 (200)
I, [2014-04-05T12:56:00.317894 #8940]  INFO -- : NoCo made a bet of 0 (fold) and is left with 1000 chips. The pot now contains 30 chips.
I, [2014-04-05T12:56:00.372151 #8940]  INFO -- : Player R3T responded with 0 (200)
I, [2014-04-05T12:56:00.372470 #8940]  INFO -- : R3T made a bet of 0 (fold) and is left with 990 chips. The pot now contains 30 chips.
I, [2014-04-05T12:56:00.375774 #8940]  INFO -- : Player Mr Bazinga responded with 60 (200)
I, [2014-04-05T12:56:00.376131 #8940]  INFO -- : Mr Bazinga made a bet of 60 (raise) and is left with 920 chips. The pot now contains 90 chips.
I, [2014-04-05T12:56:00.376614 #8940]  INFO -- : Mr Bazinga won 90
I, [2014-04-05T12:56:00.380496 #8940]  INFO -- : Player R3T responded with  (200)
I, [2014-04-05T12:56:00.382801 #8940]  INFO -- : Player Mr Bazinga responded with OK (200)
I, [2014-04-05T12:56:00.384936 #8940]  INFO -- : Player NoCo responded with  (200)
I, [2014-04-05T12:56:00.385296 #8940]  INFO -- : Mr Bazinga received hole_card King of Clubs
I, [2014-04-05T12:56:00.385476 #8940]  INFO -- : NoCo received hole_card 2 of Spades
I, [2014-04-05T12:56:00.385691 #8940]  INFO -- : R3T received hole_card 6 of Hearts
I, [2014-04-05T12:56:00.385893 #8940]  INFO -- : Mr Bazinga received hole_card 8 of Diamonds
I, [2014-04-05T12:56:00.386114 #8940]  INFO -- : NoCo received hole_card 3 of Diamonds
I, [2014-04-05T12:56:00.386316 #8940]  INFO -- : R3T received hole_card Jack of Diamonds
I, [2014-04-05T12:56:00.386609 #8940]  INFO -- : Mr Bazinga made a bet of 10 (raise) and is left with 1000 chips. The pot now contains 10 chips.
I, [2014-04-05T12:56:00.386946 #8940]  INFO -- : NoCo made a bet of 20 (raise) and is left with 980 chips. The pot now contains 30 chips.
I, [2014-04-05T12:56:00.390873 #8940]  INFO -- : Player R3T responded with 0 (200)
I, [2014-04-05T12:56:00.391304 #8940]  INFO -- : R3T made a bet of 0 (fold) and is left with 990 chips. The pot now contains 30 chips.
I, [2014-04-05T12:56:00.393841 #8940]  INFO -- : Player Mr Bazinga responded with 0 (200)
I, [2014-04-05T12:56:00.394187 #8940]  INFO -- : Mr Bazinga made a bet of 0 (fold) and is left with 1000 chips. The pot now contains 30 chips.
I, [2014-04-05T12:56:00.397668 #8940]  INFO -- : Player NoCo responded with 0 (200)
I, [2014-04-05T12:56:00.397934 #8940]  INFO -- : NoCo made a bet of 0 (check) and is left with 980 chips. The pot now contains 30 chips.
I, [2014-04-05T12:56:00.398389 #8940]  INFO -- : NoCo won 30
I, [2014-04-05T12:56:00.401533 #8940]  INFO -- : Player R3T responded with  (200)
I, [2014-04-05T12:56:00.405032 #8940]  INFO -- : Player Mr Bazinga responded with OK (200)
I, [2014-04-05T12:56:00.407168 #8940]  INFO -- : Player NoCo responded with  (200)
I, [2014-04-05T12:56:00.407550 #8940]  INFO -- : NoCo received hole_card Ace of Spades
I, [2014-04-05T12:56:00.407890 #8940]  INFO -- : R3T received hole_card 3 of Hearts
I, [2014-04-05T12:56:00.408191 #8940]  INFO -- : Mr Bazinga received hole_card 6 of Clubs
I, [2014-04-05T12:56:00.408376 #8940]  INFO -- : NoCo received hole_card 9 of Diamonds
I, [2014-04-05T12:56:00.408564 #8940]  INFO -- : R3T received hole_card Jack of Clubs
I, [2014-04-05T12:56:00.408739 #8940]  INFO -- : Mr Bazinga received hole_card 2 of Hearts
I, [2014-04-05T12:56:00.409036 #8940]  INFO -- : NoCo made a bet of 10 (raise) and is left with 1000 chips. The pot now contains 10 chips.
I, [2014-04-05T12:56:00.409289 #8940]  INFO -- : R3T made a bet of 20 (raise) and is left with 970 chips. The pot now contains 30 chips.
I, [2014-04-05T12:56:00.411546 #8940]  INFO -- : Player Mr Bazinga responded with 0 (200)
I, [2014-04-05T12:56:00.412476 #8940]  INFO -- : Mr Bazinga made a bet of 0 (fold) and is left with 1000 chips. The pot now contains 30 chips.
I, [2014-04-05T12:56:00.415085 #8940]  INFO -- : Player NoCo responded with 0 (200)
I, [2014-04-05T12:56:00.415667 #8940]  INFO -- : NoCo made a bet of 0 (fold) and is left with 1000 chips. The pot now contains 30 chips.
I, [2014-04-05T12:56:00.419872 #8940]  INFO -- : Player R3T responded with 0 (200)
I, [2014-04-05T12:56:00.420350 #8940]  INFO -- : R3T made a bet of 0 (check) and is left with 970 chips. The pot now contains 30 chips.
I, [2014-04-05T12:56:00.421178 #8940]  INFO -- : R3T won 30
I, [2014-04-05T12:56:00.426267 #8940]  INFO -- : Player R3T responded with  (200)
I, [2014-04-05T12:56:00.442198 #8940]  INFO -- : Player Mr Bazinga responded with OK (200)
I, [2014-04-05T12:56:00.446798 #8940]  INFO -- : Player NoCo responded with  (200)
I, [2014-04-05T12:56:00.447603 #8940]  INFO -- : R3T received hole_card 6 of Spades
I, [2014-04-05T12:56:00.448261 #8940]  INFO -- : Mr Bazinga received hole_card 8 of Spades
I, [2014-04-05T12:56:00.448839 #8940]  INFO -- : NoCo received hole_card Ace of Hearts
I, [2014-04-05T12:56:00.449577 #8940]  INFO -- : R3T received hole_card Jack of Diamonds
I, [2014-04-05T12:56:00.450192 #8940]  INFO -- : Mr Bazinga received hole_card 7 of Diamonds
I, [2014-04-05T12:56:00.450840 #8940]  INFO -- : NoCo received hole_card 4 of Clubs
I, [2014-04-05T12:56:00.451788 #8940]  INFO -- : R3T made a bet of 10 (raise) and is left with 990 chips. The pot now contains 10 chips.
I, [2014-04-05T12:56:00.452218 #8940]  INFO -- : Mr Bazinga made a bet of 20 (raise) and is left with 980 chips. The pot now contains 30 chips.
I, [2014-04-05T12:56:00.454558 #8940]  INFO -- : Player NoCo responded with 0 (200)
I, [2014-04-05T12:56:00.455238 #8940]  INFO -- : NoCo made a bet of 0 (fold) and is left with 1000 chips. The pot now contains 30 chips.
I, [2014-04-05T12:56:00.462377 #8940]  INFO -- : Player R3T responded with 0 (200)
I, [2014-04-05T12:56:00.463098 #8940]  INFO -- : R3T made a bet of 0 (fold) and is left with 990 chips. The pot now contains 30 chips.
I, [2014-04-05T12:56:00.469121 #8940]  INFO -- : Player Mr Bazinga responded with 0 (200)
I, [2014-04-05T12:56:00.469555 #8940]  INFO -- : Mr Bazinga made a bet of 0 (check) and is left with 980 chips. The pot now contains 30 chips.
I, [2014-04-05T12:56:00.470927 #8940]  INFO -- : Mr Bazinga won 30
I, [2014-04-05T12:56:00.476722 #8940]  INFO -- : Player R3T responded with  (200)
I, [2014-04-05T12:56:00.478580 #8940]  INFO -- : Player Mr Bazinga responded with OK (200)
I, [2014-04-05T12:56:00.480650 #8940]  INFO -- : Player NoCo responded with  (200)
I, [2014-04-05T12:56:00.481426 #8940]  INFO -- : Mr Bazinga received hole_card 5 of Diamonds
I, [2014-04-05T12:56:00.481753 #8940]  INFO -- : NoCo received hole_card Jack of Hearts
I, [2014-04-05T12:56:00.482046 #8940]  INFO -- : R3T received hole_card 9 of Hearts
I, [2014-04-05T12:56:00.482321 #8940]  INFO -- : Mr Bazinga received hole_card King of Spades
I, [2014-04-05T12:56:00.482607 #8940]  INFO -- : NoCo received hole_card 4 of Diamonds
I, [2014-04-05T12:56:00.482856 #8940]  INFO -- : R3T received hole_card 4 of Spades
I, [2014-04-05T12:56:00.483247 #8940]  INFO -- : Mr Bazinga made a bet of 10 (raise) and is left with 1000 chips. The pot now contains 10 chips.
I, [2014-04-05T12:56:00.483594 #8940]  INFO -- : NoCo made a bet of 20 (raise) and is left with 980 chips. The pot now contains 30 chips.
I, [2014-04-05T12:56:00.487991 #8940]  INFO -- : Player R3T responded with 0 (200)
I, [2014-04-05T12:56:00.488551 #8940]  INFO -- : R3T made a bet of 0 (fold) and is left with 990 chips. The pot now contains 30 chips.
I, [2014-04-05T12:56:00.492270 #8940]  INFO -- : Player Mr Bazinga responded with 0 (200)
I, [2014-04-05T12:56:00.492518 #8940]  INFO -- : Mr Bazinga made a bet of 0 (fold) and is left with 1000 chips. The pot now contains 30 chips.
I, [2014-04-05T12:56:00.494898 #8940]  INFO -- : Player NoCo responded with 0 (200)
I, [2014-04-05T12:56:00.495066 #8940]  INFO -- : NoCo made a bet of 0 (check) and is left with 980 chips. The pot now contains 30 chips.
I, [2014-04-05T12:56:00.495403 #8940]  INFO -- : NoCo won 30
I, [2014-04-05T12:56:00.499408 #8940]  INFO -- : Player R3T responded with  (200)
I, [2014-04-05T12:56:00.503964 #8940]  INFO -- : Player Mr Bazinga responded with OK (200)
I, [2014-04-05T12:56:00.506717 #8940]  INFO -- : Player NoCo responded with  (200)
I, [2014-04-05T12:56:00.507000 #8940]  INFO -- : NoCo received hole_card 2 of Spades
I, [2014-04-05T12:56:00.507187 #8940]  INFO -- : R3T received hole_card 9 of Clubs
I, [2014-04-05T12:56:00.507373 #8940]  INFO -- : Mr Bazinga received hole_card 7 of Diamonds
I, [2014-04-05T12:56:00.507542 #8940]  INFO -- : NoCo received hole_card 6 of Spades
I, [2014-04-05T12:56:00.507730 #8940]  INFO -- : R3T received hole_card Queen of Spades
I, [2014-04-05T12:56:00.507945 #8940]  INFO -- : Mr Bazinga received hole_card 7 of Spades
I, [2014-04-05T12:56:00.508300 #8940]  INFO -- : NoCo made a bet of 10 (raise) and is left with 1000 chips. The pot now contains 10 chips.
I, [2014-04-05T12:56:00.508555 #8940]  INFO -- : R3T made a bet of 20 (raise) and is left with 970 chips. The pot now contains 30 chips.
I, [2014-04-05T12:56:00.511874 #8940]  INFO -- : Player Mr Bazinga responded with 230 (200)
I, [2014-04-05T12:56:00.512499 #8940]  INFO -- : Mr Bazinga made a bet of 230 (raise) and is left with 770 chips. The pot now contains 260 chips.
I, [2014-04-05T12:56:00.515591 #8940]  INFO -- : Player NoCo responded with 0 (200)
I, [2014-04-05T12:56:00.515924 #8940]  INFO -- : NoCo made a bet of 0 (fold) and is left with 1000 chips. The pot now contains 260 chips.
I, [2014-04-05T12:56:00.520503 #8940]  INFO -- : Player R3T responded with 0 (200)
I, [2014-04-05T12:56:00.522030 #8940]  INFO -- : R3T made a bet of 0 (fold) and is left with 970 chips. The pot now contains 260 chips.
I, [2014-04-05T12:56:00.522867 #8940]  INFO -- : Mr Bazinga won 260
I, [2014-04-05T12:56:00.526636 #8940]  INFO -- : Player R3T responded with  (200)
I, [2014-04-05T12:56:00.528613 #8940]  INFO -- : Player Mr Bazinga responded with OK (200)
I, [2014-04-05T12:56:00.530781 #8940]  INFO -- : Player NoCo responded with  (200)
I, [2014-04-05T12:56:00.531311 #8940]  INFO -- : R3T received hole_card 4 of Spades
I, [2014-04-05T12:56:00.531680 #8940]  INFO -- : Mr Bazinga received hole_card Jack of Diamonds
I, [2014-04-05T12:56:00.532100 #8940]  INFO -- : NoCo received hole_card 9 of Spades
I, [2014-04-05T12:56:00.532465 #8940]  INFO -- : R3T received hole_card 2 of Spades
I, [2014-04-05T12:56:00.532828 #8940]  INFO -- : Mr Bazinga received hole_card King of Diamonds
I, [2014-04-05T12:56:00.533169 #8940]  INFO -- : NoCo received hole_card Ace of Diamonds
I, [2014-04-05T12:56:00.533689 #8940]  INFO -- : R3T made a bet of 10 (raise) and is left with 960 chips. The pot now contains 10 chips.
I, [2014-04-05T12:56:00.534054 #8940]  INFO -- : Mr Bazinga made a bet of 20 (raise) and is left with 1010 chips. The pot now contains 30 chips.
I, [2014-04-05T12:56:00.536429 #8940]  INFO -- : Player NoCo responded with 0 (200)
I, [2014-04-05T12:56:00.536802 #8940]  INFO -- : NoCo made a bet of 0 (fold) and is left with 1000 chips. The pot now contains 30 chips.
I, [2014-04-05T12:56:00.539703 #8940]  INFO -- : Player R3T responded with 0 (200)
I, [2014-04-05T12:56:00.539933 #8940]  INFO -- : R3T made a bet of 0 (fold) and is left with 960 chips. The pot now contains 30 chips.
I, [2014-04-05T12:56:00.546313 #8940]  INFO -- : Player Mr Bazinga responded with 210 (200)
I, [2014-04-05T12:56:00.546767 #8940]  INFO -- : Mr Bazinga made a bet of 210 (raise) and is left with 800 chips. The pot now contains 240 chips.
I, [2014-04-05T12:56:00.547758 #8940]  INFO -- : Mr Bazinga won 240
I, [2014-04-05T12:56:00.552480 #8940]  INFO -- : Player R3T responded with  (200)
I, [2014-04-05T12:56:00.557417 #8940]  INFO -- : Player Mr Bazinga responded with OK (200)
I, [2014-04-05T12:56:00.559963 #8940]  INFO -- : Player NoCo responded with  (200)
I, [2014-04-05T12:56:00.560865 #8940]  INFO -- : Mr Bazinga received hole_card Queen of Diamonds
I, [2014-04-05T12:56:00.561442 #8940]  INFO -- : NoCo received hole_card 8 of Diamonds
I, [2014-04-05T12:56:00.561975 #8940]  INFO -- : R3T received hole_card 9 of Clubs
I, [2014-04-05T12:56:00.562510 #8940]  INFO -- : Mr Bazinga received hole_card King of Diamonds
I, [2014-04-05T12:56:00.562997 #8940]  INFO -- : NoCo received hole_card 5 of Hearts
I, [2014-04-05T12:56:00.563474 #8940]  INFO -- : R3T received hole_card 3 of Clubs
I, [2014-04-05T12:56:00.564477 #8940]  INFO -- : Mr Bazinga made a bet of 10 (raise) and is left with 1030 chips. The pot now contains 10 chips.
I, [2014-04-05T12:56:00.565330 #8940]  INFO -- : NoCo made a bet of 20 (raise) and is left with 980 chips. The pot now contains 30 chips.
I, [2014-04-05T12:56:00.571505 #8940]  INFO -- : Player R3T responded with 0 (200)
I, [2014-04-05T12:56:00.572090 #8940]  INFO -- : R3T made a bet of 0 (fold) and is left with 960 chips. The pot now contains 30 chips.
I, [2014-04-05T12:56:00.581379 #8940]  INFO -- : Player Mr Bazinga responded with 220 (200)
I, [2014-04-05T12:56:00.582161 #8940]  INFO -- : Mr Bazinga made a bet of 220 (raise) and is left with 810 chips. The pot now contains 250 chips.
I, [2014-04-05T12:56:00.586119 #8940]  INFO -- : Player NoCo responded with 0 (200)
I, [2014-04-05T12:56:00.586292 #8940]  INFO -- : NoCo made a bet of 0 (fold) and is left with 980 chips. The pot now contains 250 chips.
I, [2014-04-05T12:56:00.586662 #8940]  INFO -- : Mr Bazinga won 250
I, [2014-04-05T12:56:00.590869 #8940]  INFO -- : Player R3T responded with  (200)
I, [2014-04-05T12:56:00.594378 #8940]  INFO -- : Player Mr Bazinga responded with OK (200)
I, [2014-04-05T12:56:00.597726 #8940]  INFO -- : Player NoCo responded with  (200)
I, [2014-04-05T12:56:00.598033 #8940]  INFO -- : NoCo received hole_card 6 of Clubs
I, [2014-04-05T12:56:00.598191 #8940]  INFO -- : R3T received hole_card 9 of Spades
I, [2014-04-05T12:56:00.598351 #8940]  INFO -- : Mr Bazinga received hole_card 3 of Diamonds
I, [2014-04-05T12:56:00.598499 #8940]  INFO -- : NoCo received hole_card King of Clubs
I, [2014-04-05T12:56:00.598656 #8940]  INFO -- : R3T received hole_card 5 of Diamonds
I, [2014-04-05T12:56:00.598821 #8940]  INFO -- : Mr Bazinga received hole_card Queen of Clubs
I, [2014-04-05T12:56:00.599072 #8940]  INFO -- : NoCo made a bet of 10 (raise) and is left with 970 chips. The pot now contains 10 chips.
I, [2014-04-05T12:56:00.599310 #8940]  INFO -- : R3T made a bet of 20 (raise) and is left with 940 chips. The pot now contains 30 chips.
I, [2014-04-05T12:56:00.602790 #8940]  INFO -- : Player Mr Bazinga responded with 0 (200)
I, [2014-04-05T12:56:00.603004 #8940]  INFO -- : Mr Bazinga made a bet of 0 (fold) and is left with 1060 chips. The pot now contains 30 chips.
I, [2014-04-05T12:56:00.605430 #8940]  INFO -- : Player NoCo responded with 0 (200)
I, [2014-04-05T12:56:00.605728 #8940]  INFO -- : NoCo made a bet of 0 (fold) and is left with 970 chips. The pot now contains 30 chips.
I, [2014-04-05T12:56:00.610505 #8940]  INFO -- : Player R3T responded with 0 (200)
I, [2014-04-05T12:56:00.611238 #8940]  INFO -- : R3T made a bet of 0 (check) and is left with 940 chips. The pot now contains 30 chips.
I, [2014-04-05T12:56:00.611940 #8940]  INFO -- : R3T won 30
I, [2014-04-05T12:56:00.616724 #8940]  INFO -- : Player R3T responded with  (200)
I, [2014-04-05T12:56:00.618616 #8940]  INFO -- : Player Mr Bazinga responded with OK (200)
I, [2014-04-05T12:56:00.620233 #8940]  INFO -- : Player NoCo responded with  (200)
I, [2014-04-05T12:56:00.620539 #8940]  INFO -- : R3T received hole_card 8 of Clubs
I, [2014-04-05T12:56:00.620707 #8940]  INFO -- : Mr Bazinga received hole_card Jack of Clubs
I, [2014-04-05T12:56:00.620864 #8940]  INFO -- : NoCo received hole_card 2 of Clubs
I, [2014-04-05T12:56:00.621009 #8940]  INFO -- : R3T received hole_card 5 of Clubs
I, [2014-04-05T12:56:00.621165 #8940]  INFO -- : Mr Bazinga received hole_card Queen of Clubs
I, [2014-04-05T12:56:00.621324 #8940]  INFO -- : NoCo received hole_card 8 of Diamonds
I, [2014-04-05T12:56:00.621596 #8940]  INFO -- : R3T made a bet of 20 (raise) and is left with 950 chips. The pot now contains 20 chips.
I, [2014-04-05T12:56:00.621848 #8940]  INFO -- : Mr Bazinga made a bet of 40 (raise) and is left with 1020 chips. The pot now contains 60 chips.
I, [2014-04-05T12:56:00.623652 #8940]  INFO -- : Player NoCo responded with 0 (200)
I, [2014-04-05T12:56:00.623839 #8940]  INFO -- : NoCo made a bet of 0 (fold) and is left with 970 chips. The pot now contains 60 chips.
I, [2014-04-05T12:56:00.630628 #8940]  INFO -- : Player R3T responded with 0 (200)
I, [2014-04-05T12:56:00.631017 #8940]  INFO -- : R3T made a bet of 0 (fold) and is left with 950 chips. The pot now contains 60 chips.
I, [2014-04-05T12:56:00.636945 #8940]  INFO -- : Player Mr Bazinga responded with 220 (200)
I, [2014-04-05T12:56:00.637431 #8940]  INFO -- : Mr Bazinga made a bet of 220 (raise) and is left with 800 chips. The pot now contains 280 chips.
I, [2014-04-05T12:56:00.637929 #8940]  INFO -- : Mr Bazinga won 280
I, [2014-04-05T12:56:00.641795 #8940]  INFO -- : Player R3T responded with  (200)
I, [2014-04-05T12:56:00.643908 #8940]  INFO -- : Player Mr Bazinga responded with OK (200)
I, [2014-04-05T12:56:00.645616 #8940]  INFO -- : Player NoCo responded with  (200)
I, [2014-04-05T12:56:00.645956 #8940]  INFO -- : Mr Bazinga received hole_card 5 of Clubs
I, [2014-04-05T12:56:00.646151 #8940]  INFO -- : NoCo received hole_card 5 of Spades
I, [2014-04-05T12:56:00.646319 #8940]  INFO -- : R3T received hole_card 3 of Hearts
I, [2014-04-05T12:56:00.646518 #8940]  INFO -- : Mr Bazinga received hole_card King of Hearts
I, [2014-04-05T12:56:00.646718 #8940]  INFO -- : NoCo received hole_card 2 of Diamonds
I, [2014-04-05T12:56:00.646915 #8940]  INFO -- : R3T received hole_card King of Clubs
I, [2014-04-05T12:56:00.647199 #8940]  INFO -- : Mr Bazinga made a bet of 20 (raise) and is left with 1060 chips. The pot now contains 20 chips.
I, [2014-04-05T12:56:00.647441 #8940]  INFO -- : NoCo made a bet of 40 (raise) and is left with 930 chips. The pot now contains 60 chips.
I, [2014-04-05T12:56:00.649610 #8940]  INFO -- : Player R3T responded with 0 (200)
I, [2014-04-05T12:56:00.649917 #8940]  INFO -- : R3T made a bet of 0 (fold) and is left with 950 chips. The pot now contains 60 chips.
I, [2014-04-05T12:56:00.651652 #8940]  INFO -- : Player Mr Bazinga responded with 0 (200)
I, [2014-04-05T12:56:00.651905 #8940]  INFO -- : Mr Bazinga made a bet of 0 (fold) and is left with 1060 chips. The pot now contains 60 chips.
I, [2014-04-05T12:56:00.654172 #8940]  INFO -- : Player NoCo responded with 0 (200)
I, [2014-04-05T12:56:00.654347 #8940]  INFO -- : NoCo made a bet of 0 (check) and is left with 930 chips. The pot now contains 60 chips.
I, [2014-04-05T12:56:00.654707 #8940]  INFO -- : NoCo won 60
I, [2014-04-05T12:56:00.657498 #8940]  INFO -- : Player R3T responded with  (200)
I, [2014-04-05T12:56:00.659490 #8940]  INFO -- : Player Mr Bazinga responded with OK (200)
I, [2014-04-05T12:56:00.662363 #8940]  INFO -- : Player NoCo responded with  (200)
I, [2014-04-05T12:56:00.662870 #8940]  INFO -- : NoCo received hole_card 2 of Spades
I, [2014-04-05T12:56:00.663185 #8940]  INFO -- : R3T received hole_card 7 of Hearts
I, [2014-04-05T12:56:00.663428 #8940]  INFO -- : Mr Bazinga received hole_card Queen of Hearts
I, [2014-04-05T12:56:00.663594 #8940]  INFO -- : NoCo received hole_card King of Clubs
I, [2014-04-05T12:56:00.663772 #8940]  INFO -- : R3T received hole_card 9 of Spades
I, [2014-04-05T12:56:00.663946 #8940]  INFO -- : Mr Bazinga received hole_card 9 of Clubs
I, [2014-04-05T12:56:00.664337 #8940]  INFO -- : NoCo made a bet of 20 (raise) and is left with 970 chips. The pot now contains 20 chips.
I, [2014-04-05T12:56:00.664745 #8940]  INFO -- : R3T made a bet of 40 (raise) and is left with 910 chips. The pot now contains 60 chips.
I, [2014-04-05T12:56:00.667035 #8940]  INFO -- : Player Mr Bazinga responded with 0 (200)
I, [2014-04-05T12:56:00.667354 #8940]  INFO -- : Mr Bazinga made a bet of 0 (fold) and is left with 1060 chips. The pot now contains 60 chips.
I, [2014-04-05T12:56:00.669599 #8940]  INFO -- : Player NoCo responded with 0 (200)
I, [2014-04-05T12:56:00.669918 #8940]  INFO -- : NoCo made a bet of 0 (fold) and is left with 970 chips. The pot now contains 60 chips.
I, [2014-04-05T12:56:00.673436 #8940]  INFO -- : Player R3T responded with 0 (200)
I, [2014-04-05T12:56:00.674028 #8940]  INFO -- : R3T made a bet of 0 (check) and is left with 910 chips. The pot now contains 60 chips.
I, [2014-04-05T12:56:00.675353 #8940]  INFO -- : R3T won 60
I, [2014-04-05T12:56:00.681224 #8940]  INFO -- : Player R3T responded with  (200)
I, [2014-04-05T12:56:00.685448 #8940]  INFO -- : Player Mr Bazinga responded with OK (200)
I, [2014-04-05T12:56:00.687376 #8940]  INFO -- : Player NoCo responded with  (200)
I, [2014-04-05T12:56:00.687852 #8940]  INFO -- : R3T received hole_card 3 of Hearts
I, [2014-04-05T12:56:00.688120 #8940]  INFO -- : Mr Bazinga received hole_card 4 of Spades
I, [2014-04-05T12:56:00.688376 #8940]  INFO -- : NoCo received hole_card 10 of Diamonds
I, [2014-04-05T12:56:00.688644 #8940]  INFO -- : R3T received hole_card 8 of Hearts
I, [2014-04-05T12:56:00.688930 #8940]  INFO -- : Mr Bazinga received hole_card Jack of Clubs
I, [2014-04-05T12:56:00.689199 #8940]  INFO -- : NoCo received hole_card 9 of Diamonds
I, [2014-04-05T12:56:00.689759 #8940]  INFO -- : R3T made a bet of 20 (raise) and is left with 950 chips. The pot now contains 20 chips.
I, [2014-04-05T12:56:00.690314 #8940]  INFO -- : Mr Bazinga made a bet of 40 (raise) and is left with 1020 chips. The pot now contains 60 chips.
I, [2014-04-05T12:56:00.692563 #8940]  INFO -- : Player NoCo responded with 0 (200)
I, [2014-04-05T12:56:00.692853 #8940]  INFO -- : NoCo made a bet of 0 (fold) and is left with 970 chips. The pot now contains 60 chips.
I, [2014-04-05T12:56:00.699208 #8940]  INFO -- : Player R3T responded with 0 (200)
I, [2014-04-05T12:56:00.699678 #8940]  INFO -- : R3T made a bet of 0 (fold) and is left with 950 chips. The pot now contains 60 chips.
I, [2014-04-05T12:56:00.702768 #8940]  INFO -- : Player Mr Bazinga responded with 0 (200)
I, [2014-04-05T12:56:00.703005 #8940]  INFO -- : Mr Bazinga made a bet of 0 (check) and is left with 1020 chips. The pot now contains 60 chips.
I, [2014-04-05T12:56:00.703394 #8940]  INFO -- : Mr Bazinga won 60
I, [2014-04-05T12:56:00.705569 #8940]  INFO -- : Player R3T responded with  (200)
I, [2014-04-05T12:56:00.706848 #8940]  INFO -- : Player Mr Bazinga responded with OK (200)
I, [2014-04-05T12:56:00.708492 #8940]  INFO -- : Player NoCo responded with  (200)
I, [2014-04-05T12:56:00.709170 #8940]  INFO -- : Mr Bazinga received hole_card 7 of Hearts
I, [2014-04-05T12:56:00.709551 #8940]  INFO -- : NoCo received hole_card 6 of Spades
I, [2014-04-05T12:56:00.710034 #8940]  INFO -- : R3T received hole_card 2 of Clubs
I, [2014-04-05T12:56:00.710523 #8940]  INFO -- : Mr Bazinga received hole_card Ace of Hearts
I, [2014-04-05T12:56:00.711030 #8940]  INFO -- : NoCo received hole_card 9 of Diamonds
I, [2014-04-05T12:56:00.711678 #8940]  INFO -- : R3T received hole_card 6 of Diamonds
I, [2014-04-05T12:56:00.712405 #8940]  INFO -- : Mr Bazinga made a bet of 20 (raise) and is left with 1060 chips. The pot now contains 20 chips.
I, [2014-04-05T12:56:00.712946 #8940]  INFO -- : NoCo made a bet of 40 (raise) and is left with 930 chips. The pot now contains 60 chips.
I, [2014-04-05T12:56:00.716069 #8940]  INFO -- : Player R3T responded with 0 (200)
I, [2014-04-05T12:56:00.716360 #8940]  INFO -- : R3T made a bet of 0 (fold) and is left with 950 chips. The pot now contains 60 chips.
I, [2014-04-05T12:56:00.719466 #8940]  INFO -- : Player Mr Bazinga responded with 90 (200)
I, [2014-04-05T12:56:00.719845 #8940]  INFO -- : Mr Bazinga made a bet of 90 (raise) and is left with 970 chips. The pot now contains 150 chips.
I, [2014-04-05T12:56:00.723866 #8940]  INFO -- : Player NoCo responded with 0 (200)
I, [2014-04-05T12:56:00.724615 #8940]  INFO -- : NoCo made a bet of 0 (fold) and is left with 930 chips. The pot now contains 150 chips.
I, [2014-04-05T12:56:00.725757 #8940]  INFO -- : Mr Bazinga won 150
I, [2014-04-05T12:56:00.731762 #8940]  INFO -- : Player R3T responded with  (200)
I, [2014-04-05T12:56:00.735914 #8940]  INFO -- : Player Mr Bazinga responded with OK (200)
I, [2014-04-05T12:56:00.739906 #8940]  INFO -- : Player NoCo responded with  (200)
I, [2014-04-05T12:56:00.740429 #8940]  INFO -- : NoCo received hole_card 3 of Spades
I, [2014-04-05T12:56:00.740621 #8940]  INFO -- : R3T received hole_card King of Hearts
I, [2014-04-05T12:56:00.740791 #8940]  INFO -- : Mr Bazinga received hole_card 5 of Spades
I, [2014-04-05T12:56:00.740969 #8940]  INFO -- : NoCo received hole_card 8 of Hearts
I, [2014-04-05T12:56:00.741118 #8940]  INFO -- : R3T received hole_card Queen of Diamonds
I, [2014-04-05T12:56:00.741347 #8940]  INFO -- : Mr Bazinga received hole_card 9 of Spades
I, [2014-04-05T12:56:00.741745 #8940]  INFO -- : NoCo made a bet of 20 (raise) and is left with 910 chips. The pot now contains 20 chips.
I, [2014-04-05T12:56:00.741976 #8940]  INFO -- : R3T made a bet of 40 (raise) and is left with 910 chips. The pot now contains 60 chips.
I, [2014-04-05T12:56:00.747048 #8940]  INFO -- : Player Mr Bazinga responded with 110 (200)
I, [2014-04-05T12:56:00.747563 #8940]  INFO -- : Mr Bazinga made a bet of 110 (raise) and is left with 1010 chips. The pot now contains 170 chips.
I, [2014-04-05T12:56:00.752199 #8940]  INFO -- : Player NoCo responded with 0 (200)
I, [2014-04-05T12:56:00.752634 #8940]  INFO -- : NoCo made a bet of 0 (fold) and is left with 910 chips. The pot now contains 170 chips.
I, [2014-04-05T12:56:00.755842 #8940]  INFO -- : Player R3T responded with 0 (200)
I, [2014-04-05T12:56:00.756311 #8940]  INFO -- : R3T made a bet of 0 (fold) and is left with 910 chips. The pot now contains 170 chips.
I, [2014-04-05T12:56:00.756688 #8940]  INFO -- : Mr Bazinga won 170
I, [2014-04-05T12:56:00.761006 #8940]  INFO -- : Player R3T responded with  (200)
I, [2014-04-05T12:56:00.763341 #8940]  INFO -- : Player Mr Bazinga responded with OK (200)
I, [2014-04-05T12:56:00.767359 #8940]  INFO -- : Player NoCo responded with  (200)
I, [2014-04-05T12:56:00.768470 #8940]  INFO -- : R3T received hole_card 8 of Diamonds
I, [2014-04-05T12:56:00.769037 #8940]  INFO -- : Mr Bazinga received hole_card 10 of Diamonds
I, [2014-04-05T12:56:00.769501 #8940]  INFO -- : NoCo received hole_card 2 of Diamonds
I, [2014-04-05T12:56:00.770179 #8940]  INFO -- : R3T received hole_card 8 of Clubs
I, [2014-04-05T12:56:00.770705 #8940]  INFO -- : Mr Bazinga received hole_card 8 of Spades
I, [2014-04-05T12:56:00.771122 #8940]  INFO -- : NoCo received hole_card Jack of Clubs
I, [2014-04-05T12:56:00.772074 #8940]  INFO -- : R3T made a bet of 20 (raise) and is left with 890 chips. The pot now contains 20 chips.
I, [2014-04-05T12:56:00.772847 #8940]  INFO -- : Mr Bazinga made a bet of 40 (raise) and is left with 1140 chips. The pot now contains 60 chips.
I, [2014-04-05T12:56:00.775310 #8940]  INFO -- : Player NoCo responded with 0 (200)
I, [2014-04-05T12:56:00.775531 #8940]  INFO -- : NoCo made a bet of 0 (fold) and is left with 910 chips. The pot now contains 60 chips.
I, [2014-04-05T12:56:00.777932 #8940]  INFO -- : Player R3T responded with 640 (200)
I, [2014-04-05T12:56:00.778383 #8940]  INFO -- : R3T made a bet of 640 (raise) and is left with 250 chips. The pot now contains 700 chips.
I, [2014-04-05T12:56:00.782124 #8940]  INFO -- : Player Mr Bazinga responded with 0 (200)
I, [2014-04-05T12:56:00.782377 #8940]  INFO -- : Mr Bazinga made a bet of 0 (fold) and is left with 1140 chips. The pot now contains 700 chips.
I, [2014-04-05T12:56:00.782744 #8940]  INFO -- : R3T won 700
I, [2014-04-05T12:56:00.784877 #8940]  INFO -- : Player R3T responded with  (200)
I, [2014-04-05T12:56:00.787534 #8940]  INFO -- : Player Mr Bazinga responded with OK (200)
I, [2014-04-05T12:56:00.789549 #8940]  INFO -- : Player NoCo responded with  (200)
I, [2014-04-05T12:56:00.789861 #8940]  INFO -- : Mr Bazinga received hole_card 7 of Hearts
I, [2014-04-05T12:56:00.790050 #8940]  INFO -- : NoCo received hole_card 5 of Clubs
I, [2014-04-05T12:56:00.790211 #8940]  INFO -- : R3T received hole_card 10 of Diamonds
I, [2014-04-05T12:56:00.790396 #8940]  INFO -- : Mr Bazinga received hole_card 4 of Diamonds
I, [2014-04-05T12:56:00.790833 #8940]  INFO -- : NoCo received hole_card 9 of Diamonds
I, [2014-04-05T12:56:00.791093 #8940]  INFO -- : R3T received hole_card 8 of Clubs
I, [2014-04-05T12:56:00.791441 #8940]  INFO -- : Mr Bazinga made a bet of 20 (raise) and is left with 1120 chips. The pot now contains 20 chips.
I, [2014-04-05T12:56:00.791726 #8940]  INFO -- : NoCo made a bet of 40 (raise) and is left with 870 chips. The pot now contains 60 chips.
I, [2014-04-05T12:56:00.794630 #8940]  INFO -- : Player R3T responded with 0 (200)
I, [2014-04-05T12:56:00.794875 #8940]  INFO -- : R3T made a bet of 0 (fold) and is left with 950 chips. The pot now contains 60 chips.
I, [2014-04-05T12:56:00.798751 #8940]  INFO -- : Player Mr Bazinga responded with 0 (200)
I, [2014-04-05T12:56:00.799078 #8940]  INFO -- : Mr Bazinga made a bet of 0 (fold) and is left with 1120 chips. The pot now contains 60 chips.
I, [2014-04-05T12:56:00.801365 #8940]  INFO -- : Player NoCo responded with 0 (200)
I, [2014-04-05T12:56:00.801684 #8940]  INFO -- : NoCo made a bet of 0 (check) and is left with 870 chips. The pot now contains 60 chips.
I, [2014-04-05T12:56:00.802370 #8940]  INFO -- : NoCo won 60
I, [2014-04-05T12:56:00.805637 #8940]  INFO -- : Player R3T responded with  (200)
I, [2014-04-05T12:56:00.808150 #8940]  INFO -- : Player Mr Bazinga responded with OK (200)
I, [2014-04-05T12:56:00.809866 #8940]  INFO -- : Player NoCo responded with  (200)
I, [2014-04-05T12:56:00.810158 #8940]  INFO -- : NoCo received hole_card Queen of Spades
I, [2014-04-05T12:56:00.810351 #8940]  INFO -- : R3T received hole_card Queen of Hearts
I, [2014-04-05T12:56:00.810505 #8940]  INFO -- : Mr Bazinga received hole_card Ace of Clubs
I, [2014-04-05T12:56:00.810680 #8940]  INFO -- : NoCo received hole_card 5 of Diamonds
I, [2014-04-05T12:56:00.810848 #8940]  INFO -- : R3T received hole_card 10 of Diamonds
I, [2014-04-05T12:56:00.811003 #8940]  INFO -- : Mr Bazinga received hole_card 6 of Hearts
I, [2014-04-05T12:56:00.811277 #8940]  INFO -- : NoCo made a bet of 20 (raise) and is left with 910 chips. The pot now contains 20 chips.
I, [2014-04-05T12:56:00.811503 #8940]  INFO -- : R3T made a bet of 40 (raise) and is left with 910 chips. The pot now contains 60 chips.
I, [2014-04-05T12:56:00.813300 #8940]  INFO -- : Player Mr Bazinga responded with 0 (200)
I, [2014-04-05T12:56:00.813483 #8940]  INFO -- : Mr Bazinga made a bet of 0 (fold) and is left with 1120 chips. The pot now contains 60 chips.
I, [2014-04-05T12:56:00.815068 #8940]  INFO -- : Player NoCo responded with 0 (200)
I, [2014-04-05T12:56:00.815242 #8940]  INFO -- : NoCo made a bet of 0 (fold) and is left with 910 chips. The pot now contains 60 chips.
I, [2014-04-05T12:56:00.819511 #8940]  INFO -- : Player R3T responded with 0 (200)
I, [2014-04-05T12:56:00.819729 #8940]  INFO -- : R3T made a bet of 0 (check) and is left with 910 chips. The pot now contains 60 chips.
I, [2014-04-05T12:56:00.820243 #8940]  INFO -- : R3T won 60
I, [2014-04-05T12:56:00.824439 #8940]  INFO -- : Player R3T responded with  (200)
I, [2014-04-05T12:56:00.829455 #8940]  INFO -- : Player Mr Bazinga responded with OK (200)
I, [2014-04-05T12:56:00.830983 #8940]  INFO -- : Player NoCo responded with  (200)
I, [2014-04-05T12:56:00.831282 #8940]  INFO -- : R3T received hole_card Ace of Diamonds
I, [2014-04-05T12:56:00.831481 #8940]  INFO -- : Mr Bazinga received hole_card 8 of Clubs
I, [2014-04-05T12:56:00.831668 #8940]  INFO -- : NoCo received hole_card Queen of Diamonds
I, [2014-04-05T12:56:00.831848 #8940]  INFO -- : R3T received hole_card 3 of Hearts
I, [2014-04-05T12:56:00.832033 #8940]  INFO -- : Mr Bazinga received hole_card 5 of Clubs
I, [2014-04-05T12:56:00.832227 #8940]  INFO -- : NoCo received hole_card 8 of Hearts
I, [2014-04-05T12:56:00.832919 #8940]  INFO -- : R3T made a bet of 40 (raise) and is left with 930 chips. The pot now contains 40 chips.
I, [2014-04-05T12:56:00.833179 #8940]  INFO -- : Mr Bazinga made a bet of 80 (raise) and is left with 1040 chips. The pot now contains 120 chips.
I, [2014-04-05T12:56:00.835416 #8940]  INFO -- : Player NoCo responded with 0 (200)
I, [2014-04-05T12:56:00.835894 #8940]  INFO -- : NoCo made a bet of 0 (fold) and is left with 910 chips. The pot now contains 120 chips.
I, [2014-04-05T12:56:00.838920 #8940]  INFO -- : Player R3T responded with 0 (200)
I, [2014-04-05T12:56:00.839111 #8940]  INFO -- : R3T made a bet of 0 (fold) and is left with 930 chips. The pot now contains 120 chips.
I, [2014-04-05T12:56:00.841734 #8940]  INFO -- : Player Mr Bazinga responded with 90 (200)
I, [2014-04-05T12:56:00.842168 #8940]  INFO -- : Mr Bazinga made a bet of 90 (raise) and is left with 950 chips. The pot now contains 210 chips.
I, [2014-04-05T12:56:00.843526 #8940]  INFO -- : Mr Bazinga won 210
I, [2014-04-05T12:56:00.848145 #8940]  INFO -- : Player R3T responded with  (200)
I, [2014-04-05T12:56:00.849917 #8940]  INFO -- : Player Mr Bazinga responded with OK (200)
I, [2014-04-05T12:56:00.852084 #8940]  INFO -- : Player NoCo responded with  (200)
I, [2014-04-05T12:56:00.852561 #8940]  INFO -- : Mr Bazinga received hole_card King of Hearts
I, [2014-04-05T12:56:00.852830 #8940]  INFO -- : NoCo received hole_card 2 of Diamonds
I, [2014-04-05T12:56:00.853060 #8940]  INFO -- : R3T received hole_card 9 of Clubs
I, [2014-04-05T12:56:00.853357 #8940]  INFO -- : Mr Bazinga received hole_card Queen of Diamonds
I, [2014-04-05T12:56:00.853620 #8940]  INFO -- : NoCo received hole_card 4 of Clubs
I, [2014-04-05T12:56:00.853822 #8940]  INFO -- : R3T received hole_card 5 of Clubs
I, [2014-04-05T12:56:00.854192 #8940]  INFO -- : Mr Bazinga made a bet of 40 (raise) and is left with 1120 chips. The pot now contains 40 chips.
I, [2014-04-05T12:56:00.854489 #8940]  INFO -- : NoCo made a bet of 80 (raise) and is left with 830 chips. The pot now contains 120 chips.
I, [2014-04-05T12:56:00.860679 #8940]  INFO -- : Player R3T responded with 0 (200)
I, [2014-04-05T12:56:00.861020 #8940]  INFO -- : R3T made a bet of 0 (fold) and is left with 930 chips. The pot now contains 120 chips.
I, [2014-04-05T12:56:00.864534 #8940]  INFO -- : Player Mr Bazinga responded with 130 (200)
I, [2014-04-05T12:56:00.864765 #8940]  INFO -- : Mr Bazinga made a bet of 130 (raise) and is left with 990 chips. The pot now contains 250 chips.
I, [2014-04-05T12:56:00.866182 #8940]  INFO -- : Player NoCo responded with 0 (200)
I, [2014-04-05T12:56:00.866376 #8940]  INFO -- : NoCo made a bet of 0 (fold) and is left with 830 chips. The pot now contains 250 chips.
I, [2014-04-05T12:56:00.866715 #8940]  INFO -- : Mr Bazinga won 250
I, [2014-04-05T12:56:00.868646 #8940]  INFO -- : Player R3T responded with  (200)
I, [2014-04-05T12:56:00.870435 #8940]  INFO -- : Player Mr Bazinga responded with OK (200)
I, [2014-04-05T12:56:00.872392 #8940]  INFO -- : Player NoCo responded with  (200)
I, [2014-04-05T12:56:00.872692 #8940]  INFO -- : NoCo received hole_card 5 of Diamonds
I, [2014-04-05T12:56:00.872860 #8940]  INFO -- : R3T received hole_card King of Clubs
I, [2014-04-05T12:56:00.873003 #8940]  INFO -- : Mr Bazinga received hole_card 10 of Diamonds
I, [2014-04-05T12:56:00.873159 #8940]  INFO -- : NoCo received hole_card Jack of Clubs
I, [2014-04-05T12:56:00.873303 #8940]  INFO -- : R3T received hole_card 2 of Clubs
I, [2014-04-05T12:56:00.873465 #8940]  INFO -- : Mr Bazinga received hole_card 2 of Diamonds
I, [2014-04-05T12:56:00.873716 #8940]  INFO -- : NoCo made a bet of 40 (raise) and is left with 790 chips. The pot now contains 40 chips.
I, [2014-04-05T12:56:00.874005 #8940]  INFO -- : R3T made a bet of 80 (raise) and is left with 850 chips. The pot now contains 120 chips.
I, [2014-04-05T12:56:00.877718 #8940]  INFO -- : Player Mr Bazinga responded with 170 (200)
I, [2014-04-05T12:56:00.878323 #8940]  INFO -- : Mr Bazinga made a bet of 170 (raise) and is left with 1070 chips. The pot now contains 290 chips.
I, [2014-04-05T12:56:00.882088 #8940]  INFO -- : Player NoCo responded with 0 (200)
I, [2014-04-05T12:56:00.882369 #8940]  INFO -- : NoCo made a bet of 0 (fold) and is left with 790 chips. The pot now contains 290 chips.
I, [2014-04-05T12:56:00.885585 #8940]  INFO -- : Player R3T responded with 0 (200)
I, [2014-04-05T12:56:00.886209 #8940]  INFO -- : R3T made a bet of 0 (fold) and is left with 850 chips. The pot now contains 290 chips.
I, [2014-04-05T12:56:00.887484 #8940]  INFO -- : Mr Bazinga won 290
I, [2014-04-05T12:56:00.894386 #8940]  INFO -- : Player R3T responded with  (200)
I, [2014-04-05T12:56:00.901430 #8940]  INFO -- : Player Mr Bazinga responded with OK (200)
I, [2014-04-05T12:56:00.905812 #8940]  INFO -- : Player NoCo responded with  (200)
I, [2014-04-05T12:56:00.906248 #8940]  INFO -- : R3T received hole_card 4 of Spades
I, [2014-04-05T12:56:00.906623 #8940]  INFO -- : Mr Bazinga received hole_card 7 of Diamonds
I, [2014-04-05T12:56:00.906781 #8940]  INFO -- : NoCo received hole_card 6 of Diamonds
I, [2014-04-05T12:56:00.906974 #8940]  INFO -- : R3T received hole_card 7 of Hearts
I, [2014-04-05T12:56:00.907335 #8940]  INFO -- : Mr Bazinga received hole_card 3 of Diamonds
I, [2014-04-05T12:56:00.907502 #8940]  INFO -- : NoCo received hole_card Jack of Hearts
I, [2014-04-05T12:56:00.907880 #8940]  INFO -- : R3T made a bet of 40 (raise) and is left with 810 chips. The pot now contains 40 chips.
I, [2014-04-05T12:56:00.908779 #8940]  INFO -- : Mr Bazinga made a bet of 80 (raise) and is left with 1280 chips. The pot now contains 120 chips.
I, [2014-04-05T12:56:00.912787 #8940]  INFO -- : Player NoCo responded with 0 (200)
I, [2014-04-05T12:56:00.913179 #8940]  INFO -- : NoCo made a bet of 0 (fold) and is left with 790 chips. The pot now contains 120 chips.
I, [2014-04-05T12:56:00.916092 #8940]  INFO -- : Player R3T responded with 0 (200)
I, [2014-04-05T12:56:00.916574 #8940]  INFO -- : R3T made a bet of 0 (fold) and is left with 810 chips. The pot now contains 120 chips.
I, [2014-04-05T12:56:00.920419 #8940]  INFO -- : Player Mr Bazinga responded with 0 (200)
I, [2014-04-05T12:56:00.920666 #8940]  INFO -- : Mr Bazinga made a bet of 0 (check) and is left with 1280 chips. The pot now contains 120 chips.
I, [2014-04-05T12:56:00.921052 #8940]  INFO -- : Mr Bazinga won 120
I, [2014-04-05T12:56:00.924020 #8940]  INFO -- : Player R3T responded with  (200)
I, [2014-04-05T12:56:00.927429 #8940]  INFO -- : Player Mr Bazinga responded with OK (200)
I, [2014-04-05T12:56:00.932447 #8940]  INFO -- : Player NoCo responded with  (200)
I, [2014-04-05T12:56:00.933327 #8940]  INFO -- : Mr Bazinga received hole_card 4 of Diamonds
I, [2014-04-05T12:56:00.933983 #8940]  INFO -- : NoCo received hole_card 4 of Clubs
I, [2014-04-05T12:56:00.934569 #8940]  INFO -- : R3T received hole_card Queen of Spades
I, [2014-04-05T12:56:00.935104 #8940]  INFO -- : Mr Bazinga received hole_card 9 of Spades
I, [2014-04-05T12:56:00.935660 #8940]  INFO -- : NoCo received hole_card Jack of Diamonds
I, [2014-04-05T12:56:00.936350 #8940]  INFO -- : R3T received hole_card Queen of Hearts
I, [2014-04-05T12:56:00.937219 #8940]  INFO -- : Mr Bazinga made a bet of 40 (raise) and is left with 1360 chips. The pot now contains 40 chips.
I, [2014-04-05T12:56:00.937997 #8940]  INFO -- : NoCo made a bet of 80 (raise) and is left with 710 chips. The pot now contains 120 chips.
I, [2014-04-05T12:56:00.944180 #8940]  INFO -- : Player R3T responded with 680 (200)
I, [2014-04-05T12:56:00.944906 #8940]  INFO -- : R3T made a bet of 680 (raise) and is left with 130 chips. The pot now contains 800 chips.
I, [2014-04-05T12:56:00.948393 #8940]  INFO -- : Player Mr Bazinga responded with 0 (200)
I, [2014-04-05T12:56:00.949357 #8940]  INFO -- : Mr Bazinga made a bet of 0 (fold) and is left with 1360 chips. The pot now contains 800 chips.
I, [2014-04-05T12:56:00.952652 #8940]  INFO -- : Player NoCo responded with 0 (200)
I, [2014-04-05T12:56:00.952867 #8940]  INFO -- : NoCo made a bet of 0 (fold) and is left with 710 chips. The pot now contains 800 chips.
I, [2014-04-05T12:56:00.953256 #8940]  INFO -- : R3T won 800
I, [2014-04-05T12:56:00.955279 #8940]  INFO -- : Player R3T responded with  (200)
I, [2014-04-05T12:56:00.957176 #8940]  INFO -- : Player Mr Bazinga responded with OK (200)
I, [2014-04-05T12:56:00.958979 #8940]  INFO -- : Player NoCo responded with  (200)
I, [2014-04-05T12:56:00.959320 #8940]  INFO -- : NoCo received hole_card 7 of Clubs
I, [2014-04-05T12:56:00.959503 #8940]  INFO -- : R3T received hole_card 8 of Hearts
I, [2014-04-05T12:56:00.959701 #8940]  INFO -- : Mr Bazinga received hole_card 2 of Clubs
I, [2014-04-05T12:56:00.959896 #8940]  INFO -- : NoCo received hole_card 8 of Diamonds
I, [2014-04-05T12:56:00.960130 #8940]  INFO -- : R3T received hole_card 6 of Hearts
I, [2014-04-05T12:56:00.960347 #8940]  INFO -- : Mr Bazinga received hole_card Queen of Clubs
I, [2014-04-05T12:56:00.960645 #8940]  INFO -- : NoCo made a bet of 40 (raise) and is left with 670 chips. The pot now contains 40 chips.
I, [2014-04-05T12:56:00.960925 #8940]  INFO -- : R3T made a bet of 80 (raise) and is left with 850 chips. The pot now contains 120 chips.
I, [2014-04-05T12:56:00.963441 #8940]  INFO -- : Player Mr Bazinga responded with 170 (200)
I, [2014-04-05T12:56:00.963750 #8940]  INFO -- : Mr Bazinga made a bet of 170 (raise) and is left with 1190 chips. The pot now contains 290 chips.
I, [2014-04-05T12:56:00.966979 #8940]  INFO -- : Player NoCo responded with 0 (200)
I, [2014-04-05T12:56:00.967223 #8940]  INFO -- : NoCo made a bet of 0 (fold) and is left with 670 chips. The pot now contains 290 chips.
I, [2014-04-05T12:56:00.970359 #8940]  INFO -- : Player R3T responded with 0 (200)
I, [2014-04-05T12:56:00.970615 #8940]  INFO -- : R3T made a bet of 0 (fold) and is left with 850 chips. The pot now contains 290 chips.
I, [2014-04-05T12:56:00.971022 #8940]  INFO -- : Mr Bazinga won 290
I, [2014-04-05T12:56:00.974180 #8940]  INFO -- : Player R3T responded with  (200)
I, [2014-04-05T12:56:00.976878 #8940]  INFO -- : Player Mr Bazinga responded with OK (200)
I, [2014-04-05T12:56:00.979245 #8940]  INFO -- : Player NoCo responded with  (200)
I, [2014-04-05T12:56:00.979607 #8940]  INFO -- : R3T received hole_card 7 of Spades
I, [2014-04-05T12:56:00.979817 #8940]  INFO -- : Mr Bazinga received hole_card 10 of Diamonds
I, [2014-04-05T12:56:00.979997 #8940]  INFO -- : NoCo received hole_card 9 of Hearts
I, [2014-04-05T12:56:00.980391 #8940]  INFO -- : R3T received hole_card King of Diamonds
I, [2014-04-05T12:56:00.980882 #8940]  INFO -- : Mr Bazinga received hole_card 7 of Hearts
I, [2014-04-05T12:56:00.981208 #8940]  INFO -- : NoCo received hole_card Queen of Clubs
I, [2014-04-05T12:56:00.981829 #8940]  INFO -- : R3T made a bet of 40 (raise) and is left with 810 chips. The pot now contains 40 chips.
I, [2014-04-05T12:56:00.982173 #8940]  INFO -- : Mr Bazinga made a bet of 80 (raise) and is left with 1400 chips. The pot now contains 120 chips.
I, [2014-04-05T12:56:00.984326 #8940]  INFO -- : Player NoCo responded with 0 (200)
I, [2014-04-05T12:56:00.984578 #8940]  INFO -- : NoCo made a bet of 0 (fold) and is left with 670 chips. The pot now contains 120 chips.
I, [2014-04-05T12:56:00.988657 #8940]  INFO -- : Player R3T responded with 0 (200)
I, [2014-04-05T12:56:00.989070 #8940]  INFO -- : R3T made a bet of 0 (fold) and is left with 810 chips. The pot now contains 120 chips.
I, [2014-04-05T12:56:00.997062 #8940]  INFO -- : Player Mr Bazinga responded with 0 (200)
I, [2014-04-05T12:56:00.997780 #8940]  INFO -- : Mr Bazinga made a bet of 0 (check) and is left with 1400 chips. The pot now contains 120 chips.
I, [2014-04-05T12:56:00.999110 #8940]  INFO -- : Mr Bazinga won 120
I, [2014-04-05T12:56:01.005751 #8940]  INFO -- : Player R3T responded with  (200)
I, [2014-04-05T12:56:01.009246 #8940]  INFO -- : Player Mr Bazinga responded with OK (200)
I, [2014-04-05T12:56:01.013492 #8940]  INFO -- : Player NoCo responded with  (200)
I, [2014-04-05T12:56:01.014822 #8940]  INFO -- : Mr Bazinga received hole_card Ace of Diamonds
I, [2014-04-05T12:56:01.015319 #8940]  INFO -- : NoCo received hole_card 8 of Diamonds
I, [2014-04-05T12:56:01.016078 #8940]  INFO -- : R3T received hole_card Jack of Clubs
I, [2014-04-05T12:56:01.016760 #8940]  INFO -- : Mr Bazinga received hole_card Queen of Clubs
I, [2014-04-05T12:56:01.017412 #8940]  INFO -- : NoCo received hole_card 7 of Hearts
I, [2014-04-05T12:56:01.018076 #8940]  INFO -- : R3T received hole_card 5 of Diamonds
I, [2014-04-05T12:56:01.019093 #8940]  INFO -- : Mr Bazinga made a bet of 40 (raise) and is left with 1480 chips. The pot now contains 40 chips.
I, [2014-04-05T12:56:01.019983 #8940]  INFO -- : NoCo made a bet of 80 (raise) and is left with 590 chips. The pot now contains 120 chips.
I, [2014-04-05T12:56:01.025546 #8940]  INFO -- : Player R3T responded with 0 (200)
I, [2014-04-05T12:56:01.026048 #8940]  INFO -- : R3T made a bet of 0 (fold) and is left with 810 chips. The pot now contains 120 chips.
I, [2014-04-05T12:56:01.029896 #8940]  INFO -- : Player Mr Bazinga responded with 130 (200)
I, [2014-04-05T12:56:01.030327 #8940]  INFO -- : Mr Bazinga made a bet of 130 (raise) and is left with 1350 chips. The pot now contains 250 chips.
I, [2014-04-05T12:56:01.034414 #8940]  INFO -- : Player NoCo responded with 0 (200)
I, [2014-04-05T12:56:01.034927 #8940]  INFO -- : NoCo made a bet of 0 (fold) and is left with 590 chips. The pot now contains 250 chips.
I, [2014-04-05T12:56:01.035869 #8940]  INFO -- : Mr Bazinga won 250
I, [2014-04-05T12:56:01.039218 #8940]  INFO -- : Player R3T responded with  (200)
I, [2014-04-05T12:56:01.043008 #8940]  INFO -- : Player Mr Bazinga responded with OK (200)
I, [2014-04-05T12:56:01.045908 #8940]  INFO -- : Player NoCo responded with  (200)
I, [2014-04-05T12:56:01.046826 #8940]  INFO -- : NoCo received hole_card 10 of Hearts
I, [2014-04-05T12:56:01.047567 #8940]  INFO -- : R3T received hole_card 6 of Clubs
I, [2014-04-05T12:56:01.048104 #8940]  INFO -- : Mr Bazinga received hole_card Ace of Spades
I, [2014-04-05T12:56:01.048515 #8940]  INFO -- : NoCo received hole_card Ace of Hearts
I, [2014-04-05T12:56:01.049092 #8940]  INFO -- : R3T received hole_card 10 of Spades
I, [2014-04-05T12:56:01.049704 #8940]  INFO -- : Mr Bazinga received hole_card 6 of Hearts
I, [2014-04-05T12:56:01.050723 #8940]  INFO -- : NoCo made a bet of 40 (raise) and is left with 550 chips. The pot now contains 40 chips.
I, [2014-04-05T12:56:01.051608 #8940]  INFO -- : R3T made a bet of 80 (raise) and is left with 730 chips. The pot now contains 120 chips.
I, [2014-04-05T12:56:01.055560 #8940]  INFO -- : Player Mr Bazinga responded with 0 (200)
I, [2014-04-05T12:56:01.056258 #8940]  INFO -- : Mr Bazinga made a bet of 0 (fold) and is left with 1600 chips. The pot now contains 120 chips.
I, [2014-04-05T12:56:01.059559 #8940]  INFO -- : Player NoCo responded with 0 (200)
I, [2014-04-05T12:56:01.060276 #8940]  INFO -- : NoCo made a bet of 0 (fold) and is left with 550 chips. The pot now contains 120 chips.
I, [2014-04-05T12:56:01.066410 #8940]  INFO -- : Player R3T responded with 0 (200)
I, [2014-04-05T12:56:01.066711 #8940]  INFO -- : R3T made a bet of 0 (check) and is left with 730 chips. The pot now contains 120 chips.
I, [2014-04-05T12:56:01.067123 #8940]  INFO -- : R3T won 120
I, [2014-04-05T12:56:01.070239 #8940]  INFO -- : Player R3T responded with  (200)
I, [2014-04-05T12:56:01.074270 #8940]  INFO -- : Player Mr Bazinga responded with OK (200)
I, [2014-04-05T12:56:01.077048 #8940]  INFO -- : Player NoCo responded with  (200)
I, [2014-04-05T12:56:01.078033 #8940]  INFO -- : R3T received hole_card King of Clubs
I, [2014-04-05T12:56:01.078652 #8940]  INFO -- : Mr Bazinga received hole_card King of Hearts
I, [2014-04-05T12:56:01.079277 #8940]  INFO -- : NoCo received hole_card Ace of Diamonds
I, [2014-04-05T12:56:01.079971 #8940]  INFO -- : R3T received hole_card Queen of Clubs
I, [2014-04-05T12:56:01.080339 #8940]  INFO -- : Mr Bazinga received hole_card Ace of Clubs
I, [2014-04-05T12:56:01.080528 #8940]  INFO -- : NoCo received hole_card 10 of Diamonds
I, [2014-04-05T12:56:01.080824 #8940]  INFO -- : R3T made a bet of 80 (raise) and is left with 770 chips. The pot now contains 80 chips.
I, [2014-04-05T12:56:01.081100 #8940]  INFO -- : Mr Bazinga made a bet of 160 (raise) and is left with 1440 chips. The pot now contains 240 chips.
I, [2014-04-05T12:56:01.083099 #8940]  INFO -- : Player NoCo responded with 0 (200)
I, [2014-04-05T12:56:01.083293 #8940]  INFO -- : NoCo made a bet of 0 (fold) and is left with 550 chips. The pot now contains 240 chips.
I, [2014-04-05T12:56:01.086767 #8940]  INFO -- : Player R3T responded with 0 (200)
I, [2014-04-05T12:56:01.087027 #8940]  INFO -- : R3T made a bet of 0 (fold) and is left with 770 chips. The pot now contains 240 chips.
I, [2014-04-05T12:56:01.090539 #8940]  INFO -- : Player Mr Bazinga responded with 130 (200)
I, [2014-04-05T12:56:01.091123 #8940]  INFO -- : Mr Bazinga made a bet of 130 (raise) and is left with 1310 chips. The pot now contains 370 chips.
I, [2014-04-05T12:56:01.092214 #8940]  INFO -- : Mr Bazinga won 370
I, [2014-04-05T12:56:01.096382 #8940]  INFO -- : Player R3T responded with  (200)
I, [2014-04-05T12:56:01.098983 #8940]  INFO -- : Player Mr Bazinga responded with OK (200)
I, [2014-04-05T12:56:01.102346 #8940]  INFO -- : Player NoCo responded with  (200)
I, [2014-04-05T12:56:01.103010 #8940]  INFO -- : Mr Bazinga received hole_card 7 of Hearts
I, [2014-04-05T12:56:01.103371 #8940]  INFO -- : NoCo received hole_card 9 of Clubs
I, [2014-04-05T12:56:01.103686 #8940]  INFO -- : R3T received hole_card King of Diamonds
I, [2014-04-05T12:56:01.104498 #8940]  INFO -- : Mr Bazinga received hole_card Ace of Spades
I, [2014-04-05T12:56:01.105065 #8940]  INFO -- : NoCo received hole_card 6 of Hearts
I, [2014-04-05T12:56:01.105445 #8940]  INFO -- : R3T received hole_card Jack of Spades
I, [2014-04-05T12:56:01.106129 #8940]  INFO -- : Mr Bazinga made a bet of 80 (raise) and is left with 1600 chips. The pot now contains 80 chips.
I, [2014-04-05T12:56:01.106965 #8940]  INFO -- : NoCo made a bet of 160 (raise) and is left with 390 chips. The pot now contains 240 chips.
I, [2014-04-05T12:56:01.110976 #8940]  INFO -- : Player R3T responded with 0 (200)
I, [2014-04-05T12:56:01.111617 #8940]  INFO -- : R3T made a bet of 0 (fold) and is left with 770 chips. The pot now contains 240 chips.
I, [2014-04-05T12:56:01.115048 #8940]  INFO -- : Player Mr Bazinga responded with 0 (200)
I, [2014-04-05T12:56:01.115587 #8940]  INFO -- : Mr Bazinga made a bet of 0 (fold) and is left with 1600 chips. The pot now contains 240 chips.
I, [2014-04-05T12:56:01.120214 #8940]  INFO -- : Player NoCo responded with 0 (200)
I, [2014-04-05T12:56:01.120779 #8940]  INFO -- : NoCo made a bet of 0 (check) and is left with 390 chips. The pot now contains 240 chips.
I, [2014-04-05T12:56:01.121854 #8940]  INFO -- : NoCo won 240
I, [2014-04-05T12:56:01.130380 #8940]  INFO -- : Player R3T responded with  (200)
I, [2014-04-05T12:56:01.133192 #8940]  INFO -- : Player Mr Bazinga responded with OK (200)
I, [2014-04-05T12:56:01.137899 #8940]  INFO -- : Player NoCo responded with  (200)
I, [2014-04-05T12:56:01.138834 #8940]  INFO -- : NoCo received hole_card 6 of Hearts
I, [2014-04-05T12:56:01.139430 #8940]  INFO -- : R3T received hole_card 6 of Diamonds
I, [2014-04-05T12:56:01.139967 #8940]  INFO -- : Mr Bazinga received hole_card Queen of Clubs
I, [2014-04-05T12:56:01.140423 #8940]  INFO -- : NoCo received hole_card 4 of Diamonds
I, [2014-04-05T12:56:01.140603 #8940]  INFO -- : R3T received hole_card 4 of Spades
I, [2014-04-05T12:56:01.140784 #8940]  INFO -- : Mr Bazinga received hole_card 8 of Hearts
I, [2014-04-05T12:56:01.141055 #8940]  INFO -- : NoCo made a bet of 80 (raise) and is left with 550 chips. The pot now contains 80 chips.
I, [2014-04-05T12:56:01.141319 #8940]  INFO -- : R3T made a bet of 160 (raise) and is left with 610 chips. The pot now contains 240 chips.
I, [2014-04-05T12:56:01.148467 #8940]  INFO -- : Player Mr Bazinga responded with 0 (200)
I, [2014-04-05T12:56:01.148950 #8940]  INFO -- : Mr Bazinga made a bet of 0 (fold) and is left with 1600 chips. The pot now contains 240 chips.
I, [2014-04-05T12:56:01.153923 #8940]  INFO -- : Player NoCo responded with 0 (200)
I, [2014-04-05T12:56:01.154543 #8940]  INFO -- : NoCo made a bet of 0 (fold) and is left with 550 chips. The pot now contains 240 chips.
I, [2014-04-05T12:56:01.161296 #8940]  INFO -- : Player R3T responded with 0 (200)
I, [2014-04-05T12:56:01.161658 #8940]  INFO -- : R3T made a bet of 0 (check) and is left with 610 chips. The pot now contains 240 chips.
I, [2014-04-05T12:56:01.162175 #8940]  INFO -- : R3T won 240
I, [2014-04-05T12:56:01.166334 #8940]  INFO -- : Player R3T responded with  (200)
I, [2014-04-05T12:56:01.170034 #8940]  INFO -- : Player Mr Bazinga responded with OK (200)
I, [2014-04-05T12:56:01.172857 #8940]  INFO -- : Player NoCo responded with  (200)
I, [2014-04-05T12:56:01.173188 #8940]  INFO -- : R3T received hole_card 8 of Diamonds
I, [2014-04-05T12:56:01.173367 #8940]  INFO -- : Mr Bazinga received hole_card Jack of Hearts
I, [2014-04-05T12:56:01.173553 #8940]  INFO -- : NoCo received hole_card King of Hearts
I, [2014-04-05T12:56:01.173746 #8940]  INFO -- : R3T received hole_card 7 of Clubs
I, [2014-04-05T12:56:01.173943 #8940]  INFO -- : Mr Bazinga received hole_card 3 of Diamonds
I, [2014-04-05T12:56:01.174146 #8940]  INFO -- : NoCo received hole_card 2 of Hearts
I, [2014-04-05T12:56:01.174429 #8940]  INFO -- : R3T made a bet of 80 (raise) and is left with 770 chips. The pot now contains 80 chips.
I, [2014-04-05T12:56:01.174677 #8940]  INFO -- : Mr Bazinga made a bet of 160 (raise) and is left with 1440 chips. The pot now contains 240 chips.
I, [2014-04-05T12:56:01.176816 #8940]  INFO -- : Player NoCo responded with 0 (200)
I, [2014-04-05T12:56:01.177352 #8940]  INFO -- : NoCo made a bet of 0 (fold) and is left with 550 chips. The pot now contains 240 chips.
I, [2014-04-05T12:56:01.183222 #8940]  INFO -- : Player R3T responded with 0 (200)
I, [2014-04-05T12:56:01.183430 #8940]  INFO -- : R3T made a bet of 0 (fold) and is left with 770 chips. The pot now contains 240 chips.
I, [2014-04-05T12:56:01.186376 #8940]  INFO -- : Player Mr Bazinga responded with 0 (200)
I, [2014-04-05T12:56:01.186550 #8940]  INFO -- : Mr Bazinga made a bet of 0 (check) and is left with 1440 chips. The pot now contains 240 chips.
I, [2014-04-05T12:56:01.186905 #8940]  INFO -- : Mr Bazinga won 240
I, [2014-04-05T12:56:01.192687 #8940]  INFO -- : Player R3T responded with  (200)
I, [2014-04-05T12:56:01.197762 #8940]  INFO -- : Player Mr Bazinga responded with OK (200)
I, [2014-04-05T12:56:01.200902 #8940]  INFO -- : Player NoCo responded with  (200)
I, [2014-04-05T12:56:01.201227 #8940]  INFO -- : Mr Bazinga received hole_card 5 of Diamonds
I, [2014-04-05T12:56:01.201436 #8940]  INFO -- : NoCo received hole_card 5 of Spades
I, [2014-04-05T12:56:01.201620 #8940]  INFO -- : R3T received hole_card 10 of Clubs
I, [2014-04-05T12:56:01.201796 #8940]  INFO -- : Mr Bazinga received hole_card 8 of Hearts
I, [2014-04-05T12:56:01.201980 #8940]  INFO -- : NoCo received hole_card King of Hearts
I, [2014-04-05T12:56:01.202168 #8940]  INFO -- : R3T received hole_card 4 of Diamonds
I, [2014-04-05T12:56:01.202468 #8940]  INFO -- : Mr Bazinga made a bet of 80 (raise) and is left with 1600 chips. The pot now contains 80 chips.
I, [2014-04-05T12:56:01.202731 #8940]  INFO -- : NoCo made a bet of 160 (raise) and is left with 390 chips. The pot now contains 240 chips.
I, [2014-04-05T12:56:01.204649 #8940]  INFO -- : Player R3T responded with 0 (200)
I, [2014-04-05T12:56:01.204887 #8940]  INFO -- : R3T made a bet of 0 (fold) and is left with 770 chips. The pot now contains 240 chips.
I, [2014-04-05T12:56:01.206787 #8940]  INFO -- : Player Mr Bazinga responded with 0 (200)
I, [2014-04-05T12:56:01.207047 #8940]  INFO -- : Mr Bazinga made a bet of 0 (fold) and is left with 1600 chips. The pot now contains 240 chips.
I, [2014-04-05T12:56:01.208743 #8940]  INFO -- : Player NoCo responded with 0 (200)
I, [2014-04-05T12:56:01.208959 #8940]  INFO -- : NoCo made a bet of 0 (check) and is left with 390 chips. The pot now contains 240 chips.
I, [2014-04-05T12:56:01.209339 #8940]  INFO -- : NoCo won 240
I, [2014-04-05T12:56:01.212329 #8940]  INFO -- : Player R3T responded with  (200)
I, [2014-04-05T12:56:01.218176 #8940]  INFO -- : Player Mr Bazinga responded with OK (200)
I, [2014-04-05T12:56:01.220885 #8940]  INFO -- : Player NoCo responded with  (200)
I, [2014-04-05T12:56:01.221547 #8940]  INFO -- : NoCo received hole_card 7 of Spades
I, [2014-04-05T12:56:01.221858 #8940]  INFO -- : R3T received hole_card 5 of Clubs
I, [2014-04-05T12:56:01.222054 #8940]  INFO -- : Mr Bazinga received hole_card 3 of Hearts
I, [2014-04-05T12:56:01.222278 #8940]  INFO -- : NoCo received hole_card Ace of Spades
I, [2014-04-05T12:56:01.222480 #8940]  INFO -- : R3T received hole_card 6 of Diamonds
I, [2014-04-05T12:56:01.222677 #8940]  INFO -- : Mr Bazinga received hole_card 3 of Diamonds
I, [2014-04-05T12:56:01.222994 #8940]  INFO -- : NoCo made a bet of 80 (raise) and is left with 550 chips. The pot now contains 80 chips.
I, [2014-04-05T12:56:01.223265 #8940]  INFO -- : R3T made a bet of 160 (raise) and is left with 610 chips. The pot now contains 240 chips.
I, [2014-04-05T12:56:01.226731 #8940]  INFO -- : Player Mr Bazinga responded with 440 (200)
I, [2014-04-05T12:56:01.226964 #8940]  INFO -- : Mr Bazinga made a bet of 440 (raise) and is left with 1160 chips. The pot now contains 680 chips.
I, [2014-04-05T12:56:01.230052 #8940]  INFO -- : Player NoCo responded with 0 (200)
I, [2014-04-05T12:56:01.230398 #8940]  INFO -- : NoCo made a bet of 0 (fold) and is left with 550 chips. The pot now contains 680 chips.
I, [2014-04-05T12:56:01.234352 #8940]  INFO -- : Player R3T responded with 0 (200)
I, [2014-04-05T12:56:01.234910 #8940]  INFO -- : R3T made a bet of 0 (fold) and is left with 610 chips. The pot now contains 680 chips.
I, [2014-04-05T12:56:01.236236 #8940]  INFO -- : Mr Bazinga won 680
I, [2014-04-05T12:56:01.242012 #8940]  INFO -- : Player R3T responded with  (200)
I, [2014-04-05T12:56:01.247746 #8940]  INFO -- : Player Mr Bazinga responded with OK (200)
I, [2014-04-05T12:56:01.251462 #8940]  INFO -- : Player NoCo responded with  (200)
I, [2014-04-05T12:56:01.251980 #8940]  INFO -- : R3T received hole_card Jack of Diamonds
I, [2014-04-05T12:56:01.252233 #8940]  INFO -- : Mr Bazinga received hole_card 9 of Clubs
I, [2014-04-05T12:56:01.252422 #8940]  INFO -- : NoCo received hole_card Jack of Clubs
I, [2014-04-05T12:56:01.252651 #8940]  INFO -- : R3T received hole_card 5 of Spades
I, [2014-04-05T12:56:01.252868 #8940]  INFO -- : Mr Bazinga received hole_card 9 of Spades
I, [2014-04-05T12:56:01.253072 #8940]  INFO -- : NoCo received hole_card Jack of Hearts
I, [2014-04-05T12:56:01.253431 #8940]  INFO -- : R3T made a bet of 80 (raise) and is left with 530 chips. The pot now contains 80 chips.
I, [2014-04-05T12:56:01.254133 #8940]  INFO -- : Mr Bazinga made a bet of 160 (raise) and is left with 1680 chips. The pot now contains 240 chips.
I, [2014-04-05T12:56:01.258539 #8940]  INFO -- : Player NoCo responded with 80 (200)
I, [2014-04-05T12:56:01.259185 #8940]  INFO -- : NoCo made a bet of 0 (fold) and is left with 550 chips. The pot now contains 240 chips.
I, [2014-04-05T12:56:01.263479 #8940]  INFO -- : Player R3T responded with 0 (200)
I, [2014-04-05T12:56:01.264248 #8940]  INFO -- : R3T made a bet of 0 (fold) and is left with 530 chips. The pot now contains 240 chips.
I, [2014-04-05T12:56:01.268433 #8940]  INFO -- : Player Mr Bazinga responded with 280 (200)
I, [2014-04-05T12:56:01.268913 #8940]  INFO -- : Mr Bazinga made a bet of 280 (raise) and is left with 1400 chips. The pot now contains 520 chips.
I, [2014-04-05T12:56:01.270185 #8940]  INFO -- : Mr Bazinga won 520
I, [2014-04-05T12:56:01.275888 #8940]  INFO -- : Player R3T responded with  (200)
I, [2014-04-05T12:56:01.280476 #8940]  INFO -- : Player Mr Bazinga responded with OK (200)
I, [2014-04-05T12:56:01.282718 #8940]  INFO -- : Player NoCo responded with  (200)
I, [2014-04-05T12:56:01.283071 #8940]  INFO -- : Mr Bazinga received hole_card King of Diamonds
I, [2014-04-05T12:56:01.283265 #8940]  INFO -- : NoCo received hole_card 10 of Spades
I, [2014-04-05T12:56:01.283456 #8940]  INFO -- : R3T received hole_card 4 of Spades
I, [2014-04-05T12:56:01.283620 #8940]  INFO -- : Mr Bazinga received hole_card 3 of Clubs
I, [2014-04-05T12:56:01.283804 #8940]  INFO -- : NoCo received hole_card 5 of Spades
I, [2014-04-05T12:56:01.283958 #8940]  INFO -- : R3T received hole_card 9 of Hearts
I, [2014-04-05T12:56:01.284428 #8940]  INFO -- : Mr Bazinga made a bet of 80 (raise) and is left with 1840 chips. The pot now contains 80 chips.
I, [2014-04-05T12:56:01.284885 #8940]  INFO -- : NoCo made a bet of 160 (raise) and is left with 390 chips. The pot now contains 240 chips.
I, [2014-04-05T12:56:01.288752 #8940]  INFO -- : Player R3T responded with 0 (200)
I, [2014-04-05T12:56:01.288996 #8940]  INFO -- : R3T made a bet of 0 (fold) and is left with 530 chips. The pot now contains 240 chips.
I, [2014-04-05T12:56:01.291945 #8940]  INFO -- : Player Mr Bazinga responded with 0 (200)
I, [2014-04-05T12:56:01.292565 #8940]  INFO -- : Mr Bazinga made a bet of 0 (fold) and is left with 1840 chips. The pot now contains 240 chips.
I, [2014-04-05T12:56:01.296507 #8940]  INFO -- : Player NoCo responded with 0 (200)
I, [2014-04-05T12:56:01.297346 #8940]  INFO -- : NoCo made a bet of 0 (check) and is left with 390 chips. The pot now contains 240 chips.
I, [2014-04-05T12:56:01.298544 #8940]  INFO -- : NoCo won 240
I, [2014-04-05T12:56:01.304728 #8940]  INFO -- : Player R3T responded with  (200)
I, [2014-04-05T12:56:01.308662 #8940]  INFO -- : Player Mr Bazinga responded with OK (200)
I, [2014-04-05T12:56:01.313279 #8940]  INFO -- : Player NoCo responded with  (200)
I, [2014-04-05T12:56:01.314117 #8940]  INFO -- : NoCo received hole_card Ace of Clubs
I, [2014-04-05T12:56:01.314369 #8940]  INFO -- : R3T received hole_card 3 of Diamonds
I, [2014-04-05T12:56:01.314588 #8940]  INFO -- : Mr Bazinga received hole_card 3 of Spades
I, [2014-04-05T12:56:01.314897 #8940]  INFO -- : NoCo received hole_card 6 of Diamonds
I, [2014-04-05T12:56:01.315102 #8940]  INFO -- : R3T received hole_card 6 of Spades
I, [2014-04-05T12:56:01.315328 #8940]  INFO -- : Mr Bazinga received hole_card Queen of Diamonds
I, [2014-04-05T12:56:01.315794 #8940]  INFO -- : NoCo made a bet of 80 (raise) and is left with 550 chips. The pot now contains 80 chips.
I, [2014-04-05T12:56:01.316322 #8940]  INFO -- : R3T made a bet of 160 (raise) and is left with 370 chips. The pot now contains 240 chips.
I, [2014-04-05T12:56:01.321185 #8940]  INFO -- : Player Mr Bazinga responded with 0 (200)
I, [2014-04-05T12:56:01.321872 #8940]  INFO -- : Mr Bazinga made a bet of 0 (fold) and is left with 1840 chips. The pot now contains 240 chips.
I, [2014-04-05T12:56:01.329112 #8940]  INFO -- : Player NoCo responded with 0 (200)
I, [2014-04-05T12:56:01.329941 #8940]  INFO -- : NoCo made a bet of 0 (fold) and is left with 550 chips. The pot now contains 240 chips.
I, [2014-04-05T12:56:01.334542 #8940]  INFO -- : Player R3T responded with 0 (200)
I, [2014-04-05T12:56:01.335096 #8940]  INFO -- : R3T made a bet of 0 (check) and is left with 370 chips. The pot now contains 240 chips.
I, [2014-04-05T12:56:01.336301 #8940]  INFO -- : R3T won 240
I, [2014-04-05T12:56:01.342176 #8940]  INFO -- : Player R3T responded with  (200)
I, [2014-04-05T12:56:01.345331 #8940]  INFO -- : Player Mr Bazinga responded with OK (200)
I, [2014-04-05T12:56:01.348851 #8940]  INFO -- : Player NoCo responded with  (200)
I, [2014-04-05T12:56:01.349159 #8940]  INFO -- : R3T received hole_card 2 of Spades
I, [2014-04-05T12:56:01.349320 #8940]  INFO -- : Mr Bazinga received hole_card 9 of Diamonds
I, [2014-04-05T12:56:01.349460 #8940]  INFO -- : NoCo received hole_card 4 of Clubs
I, [2014-04-05T12:56:01.349626 #8940]  INFO -- : R3T received hole_card 2 of Clubs
I, [2014-04-05T12:56:01.349788 #8940]  INFO -- : Mr Bazinga received hole_card 7 of Hearts
I, [2014-04-05T12:56:01.349932 #8940]  INFO -- : NoCo received hole_card Ace of Hearts
I, [2014-04-05T12:56:01.350206 #8940]  INFO -- : R3T made a bet of 160 (raise) and is left with 450 chips. The pot now contains 160 chips.
I, [2014-04-05T12:56:01.350425 #8940]  INFO -- : Mr Bazinga made a bet of 320 (raise) and is left with 1520 chips. The pot now contains 480 chips.
I, [2014-04-05T12:56:01.353242 #8940]  INFO -- : Player NoCo responded with 0 (200)
I, [2014-04-05T12:56:01.354226 #8940]  INFO -- : NoCo made a bet of 0 (fold) and is left with 550 chips. The pot now contains 480 chips.
I, [2014-04-05T12:56:01.358905 #8940]  INFO -- : Player R3T responded with 920 (200)
I, [2014-04-05T12:56:01.359214 #8940]  INFO -- : R3T made a bet of 450 (allin) and is left with 0 chips. The pot now contains 930 chips.
I, [2014-04-05T12:56:01.361058 #8940]  INFO -- : Player Mr Bazinga responded with 0 (200)
I, [2014-04-05T12:56:01.361321 #8940]  INFO -- : Mr Bazinga made a bet of 0 (fold) and is left with 1520 chips. The pot now contains 930 chips.
I, [2014-04-05T12:56:01.361730 #8940]  INFO -- : R3T won 930
I, [2014-04-05T12:56:01.364889 #8940]  INFO -- : Player R3T responded with  (200)
I, [2014-04-05T12:56:01.366516 #8940]  INFO -- : Player Mr Bazinga responded with OK (200)
I, [2014-04-05T12:56:01.367828 #8940]  INFO -- : Player NoCo responded with  (200)
I, [2014-04-05T12:56:01.368186 #8940]  INFO -- : Mr Bazinga received hole_card 6 of Diamonds
I, [2014-04-05T12:56:01.368591 #8940]  INFO -- : NoCo received hole_card 6 of Spades
I, [2014-04-05T12:56:01.368941 #8940]  INFO -- : R3T received hole_card Jack of Clubs
I, [2014-04-05T12:56:01.369397 #8940]  INFO -- : Mr Bazinga received hole_card 9 of Diamonds
I, [2014-04-05T12:56:01.369772 #8940]  INFO -- : NoCo received hole_card 5 of Clubs
I, [2014-04-05T12:56:01.370153 #8940]  INFO -- : R3T received hole_card 6 of Clubs
I, [2014-04-05T12:56:01.370823 #8940]  INFO -- : Mr Bazinga made a bet of 160 (raise) and is left with 1360 chips. The pot now contains 160 chips.
I, [2014-04-05T12:56:01.371348 #8940]  INFO -- : NoCo made a bet of 320 (raise) and is left with 230 chips. The pot now contains 480 chips.
I, [2014-04-05T12:56:01.374550 #8940]  INFO -- : Player R3T responded with 0 (200)
I, [2014-04-05T12:56:01.374923 #8940]  INFO -- : R3T made a bet of 0 (fold) and is left with 930 chips. The pot now contains 480 chips.
I, [2014-04-05T12:56:01.377074 #8940]  INFO -- : Player Mr Bazinga responded with 370 (200)
I, [2014-04-05T12:56:01.377440 #8940]  INFO -- : Mr Bazinga made a bet of 370 (raise) and is left with 990 chips. The pot now contains 850 chips.
I, [2014-04-05T12:56:01.381104 #8940]  INFO -- : Player NoCo responded with 0 (200)
I, [2014-04-05T12:56:01.381588 #8940]  INFO -- : NoCo made a bet of 0 (fold) and is left with 230 chips. The pot now contains 850 chips.
I, [2014-04-05T12:56:01.382475 #8940]  INFO -- : Mr Bazinga won 850
I, [2014-04-05T12:56:01.385681 #8940]  INFO -- : Player R3T responded with  (200)
I, [2014-04-05T12:56:01.388229 #8940]  INFO -- : Player Mr Bazinga responded with OK (200)
I, [2014-04-05T12:56:01.391500 #8940]  INFO -- : Player NoCo responded with  (200)
I, [2014-04-05T12:56:01.392120 #8940]  INFO -- : NoCo received hole_card Queen of Clubs
I, [2014-04-05T12:56:01.392604 #8940]  INFO -- : R3T received hole_card Queen of Spades
I, [2014-04-05T12:56:01.392790 #8940]  INFO -- : Mr Bazinga received hole_card 5 of Spades
I, [2014-04-05T12:56:01.392964 #8940]  INFO -- : NoCo received hole_card 4 of Hearts
I, [2014-04-05T12:56:01.393316 #8940]  INFO -- : R3T received hole_card 4 of Clubs
I, [2014-04-05T12:56:01.393750 #8940]  INFO -- : Mr Bazinga received hole_card Ace of Clubs
I, [2014-04-05T12:56:01.394812 #8940]  INFO -- : NoCo made a bet of 160 (raise) and is left with 70 chips. The pot now contains 160 chips.
I, [2014-04-05T12:56:01.395634 #8940]  INFO -- : R3T made a bet of 320 (raise) and is left with 610 chips. The pot now contains 480 chips.
I, [2014-04-05T12:56:01.400185 #8940]  INFO -- : Player Mr Bazinga responded with 0 (200)
I, [2014-04-05T12:56:01.400945 #8940]  INFO -- : Mr Bazinga made a bet of 0 (fold) and is left with 1840 chips. The pot now contains 480 chips.
I, [2014-04-05T12:56:01.405166 #8940]  INFO -- : Player NoCo responded with 0 (200)
I, [2014-04-05T12:56:01.405525 #8940]  INFO -- : NoCo made a bet of 0 (fold) and is left with 70 chips. The pot now contains 480 chips.
I, [2014-04-05T12:56:01.411418 #8940]  INFO -- : Player R3T responded with 0 (200)
I, [2014-04-05T12:56:01.411953 #8940]  INFO -- : R3T made a bet of 0 (check) and is left with 610 chips. The pot now contains 480 chips.
I, [2014-04-05T12:56:01.413070 #8940]  INFO -- : R3T won 480
I, [2014-04-05T12:56:01.417331 #8940]  INFO -- : Player R3T responded with  (200)
I, [2014-04-05T12:56:01.419272 #8940]  INFO -- : Player Mr Bazinga responded with OK (200)
I, [2014-04-05T12:56:01.420985 #8940]  INFO -- : Player NoCo responded with  (200)
I, [2014-04-05T12:56:01.421297 #8940]  INFO -- : R3T received hole_card 6 of Diamonds
I, [2014-04-05T12:56:01.421479 #8940]  INFO -- : Mr Bazinga received hole_card 3 of Diamonds
I, [2014-04-05T12:56:01.421639 #8940]  INFO -- : NoCo received hole_card 8 of Clubs
I, [2014-04-05T12:56:01.421788 #8940]  INFO -- : R3T received hole_card Jack of Clubs
I, [2014-04-05T12:56:01.421951 #8940]  INFO -- : Mr Bazinga received hole_card Ace of Hearts
I, [2014-04-05T12:56:01.422100 #8940]  INFO -- : NoCo received hole_card 4 of Spades
I, [2014-04-05T12:56:01.422378 #8940]  INFO -- : R3T made a bet of 160 (raise) and is left with 930 chips. The pot now contains 160 chips.
I, [2014-04-05T12:56:01.422595 #8940]  INFO -- : Mr Bazinga made a bet of 320 (raise) and is left with 1520 chips. The pot now contains 480 chips.
I, [2014-04-05T12:56:01.424022 #8940]  INFO -- : Player NoCo responded with 0 (200)
I, [2014-04-05T12:56:01.424232 #8940]  INFO -- : NoCo made a bet of 0 (fold) and is left with 70 chips. The pot now contains 480 chips.
I, [2014-04-05T12:56:01.427822 #8940]  INFO -- : Player R3T responded with 0 (200)
I, [2014-04-05T12:56:01.428222 #8940]  INFO -- : R3T made a bet of 0 (fold) and is left with 930 chips. The pot now contains 480 chips.
I, [2014-04-05T12:56:01.432132 #8940]  INFO -- : Player Mr Bazinga responded with 0 (200)
I, [2014-04-05T12:56:01.432414 #8940]  INFO -- : Mr Bazinga made a bet of 0 (check) and is left with 1520 chips. The pot now contains 480 chips.
I, [2014-04-05T12:56:01.433116 #8940]  INFO -- : Mr Bazinga won 480
I, [2014-04-05T12:56:01.435956 #8940]  INFO -- : Player R3T responded with  (200)
I, [2014-04-05T12:56:01.439251 #8940]  INFO -- : Player Mr Bazinga responded with OK (200)
I, [2014-04-05T12:56:01.441905 #8940]  INFO -- : Player NoCo responded with  (200)
I, [2014-04-05T12:56:01.444444 #8940]  INFO -- : Mr Bazinga received hole_card King of Clubs
I, [2014-04-05T12:56:01.444672 #8940]  INFO -- : NoCo received hole_card 3 of Clubs
I, [2014-04-05T12:56:01.444822 #8940]  INFO -- : R3T received hole_card Ace of Clubs
I, [2014-04-05T12:56:01.445185 #8940]  INFO -- : Mr Bazinga received hole_card 2 of Spades
I, [2014-04-05T12:56:01.445748 #8940]  INFO -- : NoCo received hole_card Queen of Clubs
I, [2014-04-05T12:56:01.446644 #8940]  INFO -- : R3T received hole_card 6 of Clubs
I, [2014-04-05T12:56:01.447635 #8940]  INFO -- : Mr Bazinga made a bet of 160 (raise) and is left with 1840 chips. The pot now contains 160 chips.
I, [2014-04-05T12:56:01.448483 #8940]  INFO -- : NoCo made a bet of 70 (allin) and is left with 0 chips. The pot now contains 230 chips.
I, [2014-04-05T12:56:01.452976 #8940]  INFO -- : Player R3T responded with 0 (200)
I, [2014-04-05T12:56:01.453498 #8940]  INFO -- : R3T made a bet of 0 (fold) and is left with 930 chips. The pot now contains 230 chips.
I, [2014-04-05T12:56:01.457825 #8940]  INFO -- : Player Mr Bazinga responded with 0 (200)
I, [2014-04-05T12:56:01.458317 #8940]  INFO -- : Mr Bazinga made a bet of 0 (check) and is left with 1840 chips. The pot now contains 230 chips.
I, [2014-04-05T12:56:01.458825 #8940]  INFO -- : community card 7 of Spades
I, [2014-04-05T12:56:01.459453 #8940]  INFO -- : community card 9 of Clubs
I, [2014-04-05T12:56:01.460018 #8940]  INFO -- : community card 2 of Diamonds
I, [2014-04-05T12:56:01.460705 #8940]  INFO -- : community card 4 of Diamonds
I, [2014-04-05T12:56:01.461324 #8940]  INFO -- : community card 6 of Hearts
I, [2014-04-05T12:56:01.462614 #8940]  INFO -- : Mr Bazinga showed 2 of Spades,2 of Diamonds,7 of Spades,9 of Clubs,King of Clubs making a pair
I, [2014-04-05T12:56:01.463580 #8940]  INFO -- : Mr Bazinga won 230
I, [2014-04-05T12:56:01.467270 #8940]  INFO -- : Player R3T responded with  (200)
I, [2014-04-05T12:56:01.470464 #8940]  INFO -- : Player Mr Bazinga responded with OK (200)
I, [2014-04-05T12:56:01.474861 #8940]  INFO -- : Player NoCo responded with  (200)
I, [2014-04-05T12:56:01.475350 #8940]  INFO -- : R3T received hole_card King of Clubs
I, [2014-04-05T12:56:01.475653 #8940]  INFO -- : Mr Bazinga received hole_card 6 of Clubs
I, [2014-04-05T12:56:01.476404 #8940]  INFO -- : R3T received hole_card 7 of Spades
I, [2014-04-05T12:56:01.476822 #8940]  INFO -- : Mr Bazinga received hole_card 2 of Diamonds
I, [2014-04-05T12:56:01.477406 #8940]  INFO -- : R3T made a bet of 160 (raise) and is left with 770 chips. The pot now contains 160 chips.
I, [2014-04-05T12:56:01.477951 #8940]  INFO -- : Mr Bazinga made a bet of 320 (raise) and is left with 1750 chips. The pot now contains 480 chips.
I, [2014-04-05T12:56:01.481301 #8940]  INFO -- : Player R3T responded with 0 (200)
I, [2014-04-05T12:56:01.481633 #8940]  INFO -- : R3T made a bet of 0 (fold) and is left with 770 chips. The pot now contains 480 chips.
I, [2014-04-05T12:56:01.485128 #8940]  INFO -- : Player Mr Bazinga responded with 0 (200)
I, [2014-04-05T12:56:01.485796 #8940]  INFO -- : Mr Bazinga made a bet of 0 (check) and is left with 1750 chips. The pot now contains 480 chips.
I, [2014-04-05T12:56:01.486904 #8940]  INFO -- : Mr Bazinga won 480
I, [2014-04-05T12:56:01.490571 #8940]  INFO -- : Player R3T responded with  (200)
I, [2014-04-05T12:56:01.492911 #8940]  INFO -- : Player Mr Bazinga responded with OK (200)
I, [2014-04-05T12:56:01.496463 #8940]  INFO -- : Player NoCo responded with  (200)
I, [2014-04-05T12:56:01.497041 #8940]  INFO -- : Mr Bazinga received hole_card King of Clubs
I, [2014-04-05T12:56:01.497243 #8940]  INFO -- : R3T received hole_card 8 of Diamonds
I, [2014-04-05T12:56:01.497418 #8940]  INFO -- : Mr Bazinga received hole_card 2 of Diamonds
I, [2014-04-05T12:56:01.497593 #8940]  INFO -- : R3T received hole_card Ace of Hearts
I, [2014-04-05T12:56:01.498085 #8940]  INFO -- : Mr Bazinga made a bet of 160 (raise) and is left with 2070 chips. The pot now contains 160 chips.
I, [2014-04-05T12:56:01.498542 #8940]  INFO -- : R3T made a bet of 320 (raise) and is left with 450 chips. The pot now contains 480 chips.
I, [2014-04-05T12:56:01.501565 #8940]  INFO -- : Player Mr Bazinga responded with 0 (200)
I, [2014-04-05T12:56:01.501841 #8940]  INFO -- : Mr Bazinga made a bet of 0 (fold) and is left with 2070 chips. The pot now contains 480 chips.
I, [2014-04-05T12:56:01.502227 #8940]  INFO -- : R3T won 480
I, [2014-04-05T12:56:01.504162 #8940]  INFO -- : Player R3T responded with  (200)
I, [2014-04-05T12:56:01.508562 #8940]  INFO -- : Player Mr Bazinga responded with OK (200)
I, [2014-04-05T12:56:01.510567 #8940]  INFO -- : Player NoCo responded with  (200)
I, [2014-04-05T12:56:01.510885 #8940]  INFO -- : R3T received hole_card 9 of Clubs
I, [2014-04-05T12:56:01.511035 #8940]  INFO -- : Mr Bazinga received hole_card 5 of Spades
I, [2014-04-05T12:56:01.511198 #8940]  INFO -- : R3T received hole_card 4 of Diamonds
I, [2014-04-05T12:56:01.511357 #8940]  INFO -- : Mr Bazinga received hole_card 8 of Spades
I, [2014-04-05T12:56:01.511613 #8940]  INFO -- : R3T made a bet of 160 (raise) and is left with 770 chips. The pot now contains 160 chips.
I, [2014-04-05T12:56:01.511828 #8940]  INFO -- : Mr Bazinga made a bet of 320 (raise) and is left with 1750 chips. The pot now contains 480 chips.
I, [2014-04-05T12:56:01.515893 #8940]  INFO -- : Player R3T responded with 0 (200)
I, [2014-04-05T12:56:01.516308 #8940]  INFO -- : R3T made a bet of 0 (fold) and is left with 770 chips. The pot now contains 480 chips.
I, [2014-04-05T12:56:01.519268 #8940]  INFO -- : Player Mr Bazinga responded with 210 (200)
I, [2014-04-05T12:56:01.519714 #8940]  INFO -- : Mr Bazinga made a bet of 210 (raise) and is left with 1540 chips. The pot now contains 690 chips.
I, [2014-04-05T12:56:01.520855 #8940]  INFO -- : Mr Bazinga won 690
I, [2014-04-05T12:56:01.527162 #8940]  INFO -- : Player R3T responded with  (200)
I, [2014-04-05T12:56:01.530579 #8940]  INFO -- : Player Mr Bazinga responded with OK (200)
I, [2014-04-05T12:56:01.534245 #8940]  INFO -- : Player NoCo responded with  (200)
I, [2014-04-05T12:56:01.535028 #8940]  INFO -- : Mr Bazinga received hole_card 8 of Spades
I, [2014-04-05T12:56:01.535541 #8940]  INFO -- : R3T received hole_card Ace of Spades
I, [2014-04-05T12:56:01.536154 #8940]  INFO -- : Mr Bazinga received hole_card Queen of Diamonds
I, [2014-04-05T12:56:01.536360 #8940]  INFO -- : R3T received hole_card 10 of Spades
I, [2014-04-05T12:56:01.536641 #8940]  INFO -- : Mr Bazinga made a bet of 160 (raise) and is left with 2070 chips. The pot now contains 160 chips.
I, [2014-04-05T12:56:01.536881 #8940]  INFO -- : R3T made a bet of 320 (raise) and is left with 450 chips. The pot now contains 480 chips.
I, [2014-04-05T12:56:01.539326 #8940]  INFO -- : Player Mr Bazinga responded with 0 (200)
I, [2014-04-05T12:56:01.539532 #8940]  INFO -- : Mr Bazinga made a bet of 0 (fold) and is left with 2070 chips. The pot now contains 480 chips.
I, [2014-04-05T12:56:01.539893 #8940]  INFO -- : R3T won 480
I, [2014-04-05T12:56:01.541927 #8940]  INFO -- : Player R3T responded with  (200)
I, [2014-04-05T12:56:01.544129 #8940]  INFO -- : Player Mr Bazinga responded with OK (200)
I, [2014-04-05T12:56:01.545996 #8940]  INFO -- : Player NoCo responded with  (200)
I, [2014-04-05T12:56:01.546288 #8940]  INFO -- : R3T received hole_card Queen of Diamonds
I, [2014-04-05T12:56:01.546438 #8940]  INFO -- : Mr Bazinga received hole_card 9 of Spades
I, [2014-04-05T12:56:01.546633 #8940]  INFO -- : R3T received hole_card Jack of Hearts
I, [2014-04-05T12:56:01.546806 #8940]  INFO -- : Mr Bazinga received hole_card 8 of Diamonds
I, [2014-04-05T12:56:01.547071 #8940]  INFO -- : R3T made a bet of 320 (raise) and is left with 610 chips. The pot now contains 320 chips.
I, [2014-04-05T12:56:01.547295 #8940]  INFO -- : Mr Bazinga made a bet of 640 (raise) and is left with 1430 chips. The pot now contains 960 chips.
I, [2014-04-05T12:56:01.551704 #8940]  INFO -- : Player R3T responded with 0 (200)
I, [2014-04-05T12:56:01.552457 #8940]  INFO -- : R3T made a bet of 0 (fold) and is left with 610 chips. The pot now contains 960 chips.
I, [2014-04-05T12:56:01.556539 #8940]  INFO -- : Player Mr Bazinga responded with 0 (200)
I, [2014-04-05T12:56:01.556935 #8940]  INFO -- : Mr Bazinga made a bet of 0 (check) and is left with 1430 chips. The pot now contains 960 chips.
I, [2014-04-05T12:56:01.557508 #8940]  INFO -- : Mr Bazinga won 960
I, [2014-04-05T12:56:01.561717 #8940]  INFO -- : Player R3T responded with  (200)
I, [2014-04-05T12:56:01.564311 #8940]  INFO -- : Player Mr Bazinga responded with OK (200)
I, [2014-04-05T12:56:01.566836 #8940]  INFO -- : Player NoCo responded with  (200)
I, [2014-04-05T12:56:01.567349 #8940]  INFO -- : Mr Bazinga received hole_card Queen of Spades
I, [2014-04-05T12:56:01.567535 #8940]  INFO -- : R3T received hole_card 3 of Hearts
I, [2014-04-05T12:56:01.567723 #8940]  INFO -- : Mr Bazinga received hole_card Queen of Clubs
I, [2014-04-05T12:56:01.568289 #8940]  INFO -- : R3T received hole_card 8 of Clubs
I, [2014-04-05T12:56:01.569117 #8940]  INFO -- : Mr Bazinga made a bet of 320 (raise) and is left with 2070 chips. The pot now contains 320 chips.
I, [2014-04-05T12:56:01.569688 #8940]  INFO -- : R3T made a bet of 610 (allin) and is left with 0 chips. The pot now contains 930 chips.
I, [2014-04-05T12:56:01.572192 #8940]  INFO -- : Player Mr Bazinga responded with 810 (200)
I, [2014-04-05T12:56:01.572819 #8940]  INFO -- : Mr Bazinga made a bet of 810 (raise) and is left with 1260 chips. The pot now contains 1740 chips.
I, [2014-04-05T12:56:01.573810 #8940]  INFO -- : community card 6 of Spades
I, [2014-04-05T12:56:01.574581 #8940]  INFO -- : community card 4 of Spades
I, [2014-04-05T12:56:01.575473 #8940]  INFO -- : community card 3 of Spades
I, [2014-04-05T12:56:01.576336 #8940]  INFO -- : community card 5 of Hearts
I, [2014-04-05T12:56:01.577063 #8940]  INFO -- : community card King of Clubs
I, [2014-04-05T12:56:01.578417 #8940]  INFO -- : Mr Bazinga showed 5 of Hearts,6 of Spades,Queen of Spades,Queen of Clubs,King of Clubs making a pair
I, [2014-04-05T12:56:01.579392 #8940]  INFO -- : Mr Bazinga won 1740
I, [2014-04-05T12:56:01.585300 #8940]  INFO -- : Player R3T responded with  (200)
I, [2014-04-05T12:56:01.587897 #8940]  INFO -- : Player Mr Bazinga responded with OK (200)
I, [2014-04-05T12:56:01.590661 #8940]  INFO -- : Player NoCo responded with  (200)
