:compileJava
:processResources
:classes
:tomcatRun
Started Tomcat Server
The Server is running at http://localhost:8080
request class  : com.google.gson.JsonObject
request class  : com.google.gson.JsonObject
players : [{"name":"R3T","stack":980,"status":"active","bet":20,"hole_cards":[{"rank":"J","suit":"hearts"},{"rank":"6","suit":"diamonds"}],"version":"","id":0},{"name":"Mr Bazinga","stack":500,"status":"active","bet":500,"version":"Mr Bazinga version 0.1","id":1},{"name":"NoCo","stack":500,"status":"active","bet":500,"version":"NoCo1137","id":2}]
small_blind : 10
orbits : 0
dealer : 1
community_cards : []
current_buy_in : 500
pot : 1020
in_action : 0
minimum_raise : 480
request class  : com.google.gson.JsonObject
request class  : com.google.gson.JsonObject
players : [{"name":"R3T","stack":970,"status":"active","bet":10,"hole_cards":[{"rank":"Q","suit":"diamonds"},{"rank":"7","suit":"clubs"}],"version":"","id":0},{"name":"Mr Bazinga","stack":1500,"status":"active","bet":20,"version":"Mr Bazinga version 0.1","id":1},{"name":"NoCo","stack":500,"status":"folded","bet":0,"version":"NoCo1137","id":2}]
small_blind : 10
orbits : 0
dealer : 2
community_cards : []
current_buy_in : 20
pot : 30
in_action : 0
minimum_raise : 10
request class  : com.google.gson.JsonObject
request class  : com.google.gson.JsonObject
players : [{"name":"R3T","stack":970,"status":"active","bet":0,"hole_cards":[{"rank":"10","suit":"clubs"},{"rank":"K","suit":"hearts"}],"version":"","id":0},{"name":"Mr Bazinga","stack":1520,"status":"active","bet":10,"version":"Mr Bazinga version 0.1","id":1},{"name":"NoCo","stack":480,"status":"active","bet":20,"version":"NoCo1137","id":2}]
small_blind : 10
orbits : 0
dealer : 0
community_cards : []
current_buy_in : 20
pot : 30
in_action : 0
minimum_raise : 10
request class  : com.google.gson.JsonObject
request class  : com.google.gson.JsonObject
players : [{"name":"R3T","stack":950,"status":"active","bet":20,"hole_cards":[{"rank":"Q","suit":"spades"},{"rank":"10","suit":"spades"}],"version":"","id":0},{"name":"Mr Bazinga","stack":530,"status":"active","bet":500,"version":"Mr Bazinga version 0.1","id":1},{"name":"NoCo","stack":500,"status":"active","bet":500,"version":"NoCo1137","id":2}]
small_blind : 10
orbits : 1
dealer : 1
community_cards : []
current_buy_in : 500
pot : 1020
in_action : 0
minimum_raise : 480
request class  : com.google.gson.JsonObject
request class  : com.google.gson.JsonObject
players : [{"name":"R3T","stack":940,"status":"active","bet":10,"hole_cards":[{"rank":"8","suit":"clubs"},{"rank":"A","suit":"diamonds"}],"version":"","id":0},{"name":"Mr Bazinga","stack":1530,"status":"active","bet":20,"version":"Mr Bazinga version 0.1","id":1},{"name":"NoCo","stack":500,"status":"folded","bet":0,"version":"NoCo1137","id":2}]
small_blind : 10
orbits : 1
dealer : 2
community_cards : []
current_buy_in : 20
pot : 30
in_action : 0
minimum_raise : 10
request class  : com.google.gson.JsonObject
request class  : com.google.gson.JsonObject
players : [{"name":"R3T","stack":940,"status":"active","bet":0,"hole_cards":[{"rank":"6","suit":"hearts"},{"rank":"J","suit":"hearts"}],"version":"","id":0},{"name":"Mr Bazinga","stack":1550,"status":"active","bet":10,"version":"Mr Bazinga version 0.1","id":1},{"name":"NoCo","stack":480,"status":"active","bet":20,"version":"NoCo1137","id":2}]
small_blind : 10
orbits : 1
dealer : 0
community_cards : []
current_buy_in : 20
pot : 30
in_action : 0
minimum_raise : 10
request class  : com.google.gson.JsonObject
request class  : com.google.gson.JsonObject
players : [{"name":"R3T","stack":920,"status":"active","bet":20,"hole_cards":[{"rank":"7","suit":"spades"},{"rank":"5","suit":"spades"}],"version":"","id":0},{"name":"Mr Bazinga","stack":1080,"status":"active","bet":500,"version":"Mr Bazinga version 0.1","id":1},{"name":"NoCo","stack":470,"status":"folded","bet":10,"version":"NoCo1137","id":2}]
small_blind : 10
orbits : 2
dealer : 1
community_cards : []
current_buy_in : 500
pot : 530
in_action : 0
minimum_raise : 480
request class  : com.google.gson.JsonObject
request class  : com.google.gson.JsonObject
players : [{"name":"R3T","stack":910,"status":"active","bet":10,"hole_cards":[{"rank":"3","suit":"diamonds"},{"rank":"7","suit":"spades"}],"version":"","id":0},{"name":"Mr Bazinga","stack":1590,"status":"active","bet":20,"version":"Mr Bazinga version 0.1","id":1},{"name":"NoCo","stack":450,"status":"active","bet":20,"version":"NoCo1137","id":2}]
small_blind : 10
orbits : 2
dealer : 2
community_cards : []
current_buy_in : 20
pot : 50
in_action : 0
minimum_raise : 10
request class  : com.google.gson.JsonObject
request class  : com.google.gson.JsonObject
players : [{"name":"R3T","stack":890,"status":"active","bet":20,"hole_cards":[{"rank":"6","suit":"diamonds"},{"rank":"Q","suit":"clubs"}],"version":"","id":0},{"name":"Mr Bazinga","stack":1580,"status":"active","bet":510,"version":"Mr Bazinga version 0.1","id":1},{"name":"NoCo","stack":0,"status":"out","bet":0,"version":"NoCo1137","id":2}]
small_blind : 10
orbits : 2
dealer : 0
community_cards : []
current_buy_in : 510
pot : 530
in_action : 0
minimum_raise : 490
request class  : com.google.gson.JsonObject
request class  : com.google.gson.JsonObject
players : [{"name":"R3T","stack":870,"status":"active","bet":20,"hole_cards":[{"rank":"4","suit":"diamonds"},{"rank":"5","suit":"hearts"}],"version":"","id":0},{"name":"Mr Bazinga","stack":2070,"status":"active","bet":40,"version":"Mr Bazinga version 0.1","id":1},{"name":"NoCo","stack":0,"status":"out","bet":0,"version":"NoCo1137","id":2}]
small_blind : 10
orbits : 3
dealer : 1
community_cards : []
current_buy_in : 40
pot : 60
in_action : 0
minimum_raise : 20
request class  : com.google.gson.JsonObject
request class  : com.google.gson.JsonObject
players : [{"name":"R3T","stack":830,"status":"active","bet":40,"hole_cards":[{"rank":"8","suit":"clubs"},{"rank":"7","suit":"clubs"}],"version":"","id":0},{"name":"Mr Bazinga","stack":1610,"status":"active","bet":520,"version":"Mr Bazinga version 0.1","id":1},{"name":"NoCo","stack":0,"status":"out","bet":0,"version":"NoCo1137","id":2}]
small_blind : 10
orbits : 3
dealer : 0
community_cards : []
current_buy_in : 520
pot : 560
in_action : 0
minimum_raise : 480
request class  : com.google.gson.JsonObject
request class  : com.google.gson.JsonObject
players : [{"name":"R3T","stack":810,"status":"active","bet":20,"hole_cards":[{"rank":"9","suit":"clubs"},{"rank":"5","suit":"spades"}],"version":"","id":0},{"name":"Mr Bazinga","stack":2130,"status":"active","bet":40,"version":"Mr Bazinga version 0.1","id":1},{"name":"NoCo","stack":0,"status":"out","bet":0,"version":"NoCo1137","id":2}]
small_blind : 10
orbits : 3
dealer : 1
community_cards : []
current_buy_in : 40
pot : 60
in_action : 0
minimum_raise : 20
request class  : com.google.gson.JsonObject
request class  : com.google.gson.JsonObject
players : [{"name":"R3T","stack":770,"status":"active","bet":40,"hole_cards":[{"rank":"6","suit":"clubs"},{"rank":"2","suit":"diamonds"}],"version":"","id":0},{"name":"Mr Bazinga","stack":1670,"status":"active","bet":520,"version":"Mr Bazinga version 0.1","id":1},{"name":"NoCo","stack":0,"status":"out","bet":0,"version":"NoCo1137","id":2}]
small_blind : 10
orbits : 4
dealer : 0
community_cards : []
current_buy_in : 520
pot : 560
in_action : 0
minimum_raise : 480
request class  : com.google.gson.JsonObject
request class  : com.google.gson.JsonObject
players : [{"name":"R3T","stack":750,"status":"active","bet":20,"hole_cards":[{"rank":"3","suit":"spades"},{"rank":"10","suit":"spades"}],"version":"","id":0},{"name":"Mr Bazinga","stack":2190,"status":"active","bet":40,"version":"Mr Bazinga version 0.1","id":1},{"name":"NoCo","stack":0,"status":"out","bet":0,"version":"NoCo1137","id":2}]
small_blind : 10
orbits : 4
dealer : 1
community_cards : []
current_buy_in : 40
pot : 60
in_action : 0
minimum_raise : 20
request class  : com.google.gson.JsonObject
request class  : com.google.gson.JsonObject
players : [{"name":"R3T","stack":710,"status":"active","bet":40,"hole_cards":[{"rank":"Q","suit":"hearts"},{"rank":"5","suit":"diamonds"}],"version":"","id":0},{"name":"Mr Bazinga","stack":1730,"status":"active","bet":520,"version":"Mr Bazinga version 0.1","id":1},{"name":"NoCo","stack":0,"status":"out","bet":0,"version":"NoCo1137","id":2}]
small_blind : 10
orbits : 4
dealer : 0
community_cards : []
current_buy_in : 520
pot : 560
in_action : 0
minimum_raise : 480
request class  : com.google.gson.JsonObject
request class  : com.google.gson.JsonObject
players : [{"name":"R3T","stack":690,"status":"active","bet":20,"hole_cards":[{"rank":"6","suit":"clubs"},{"rank":"9","suit":"clubs"}],"version":"","id":0},{"name":"Mr Bazinga","stack":2250,"status":"active","bet":40,"version":"Mr Bazinga version 0.1","id":1},{"name":"NoCo","stack":0,"status":"out","bet":0,"version":"NoCo1137","id":2}]
small_blind : 10
orbits : 5
dealer : 1
community_cards : []
current_buy_in : 40
pot : 60
in_action : 0
minimum_raise : 20
request class  : com.google.gson.JsonObject
request class  : com.google.gson.JsonObject
players : [{"name":"R3T","stack":650,"status":"active","bet":40,"hole_cards":[{"rank":"7","suit":"spades"},{"rank":"5","suit":"diamonds"}],"version":"","id":0},{"name":"Mr Bazinga","stack":1790,"status":"active","bet":520,"version":"Mr Bazinga version 0.1","id":1},{"name":"NoCo","stack":0,"status":"out","bet":0,"version":"NoCo1137","id":2}]
small_blind : 10
orbits : 5
dealer : 0
community_cards : []
current_buy_in : 520
pot : 560
in_action : 0
minimum_raise : 480
request class  : com.google.gson.JsonObject
request class  : com.google.gson.JsonObject
players : [{"name":"R3T","stack":630,"status":"active","bet":20,"hole_cards":[{"rank":"2","suit":"hearts"},{"rank":"A","suit":"diamonds"}],"version":"","id":0},{"name":"Mr Bazinga","stack":2310,"status":"active","bet":40,"version":"Mr Bazinga version 0.1","id":1},{"name":"NoCo","stack":0,"status":"out","bet":0,"version":"NoCo1137","id":2}]
small_blind : 10
orbits : 5
dealer : 1
community_cards : []
current_buy_in : 40
pot : 60
in_action : 0
minimum_raise : 20
request class  : com.google.gson.JsonObject
request class  : com.google.gson.JsonObject
players : [{"name":"R3T","stack":550,"status":"active","bet":80,"hole_cards":[{"rank":"A","suit":"diamonds"},{"rank":"3","suit":"hearts"}],"version":"","id":0},{"name":"Mr Bazinga","stack":1830,"status":"active","bet":540,"version":"Mr Bazinga version 0.1","id":1},{"name":"NoCo","stack":0,"status":"out","bet":0,"version":"NoCo1137","id":2}]
small_blind : 10
orbits : 6
dealer : 0
community_cards : []
current_buy_in : 540
pot : 620
in_action : 0
minimum_raise : 460
request class  : com.google.gson.JsonObject
request class  : com.google.gson.JsonObject
players : [{"name":"R3T","stack":510,"status":"active","bet":40,"hole_cards":[{"rank":"A","suit":"spades"},{"rank":"8","suit":"clubs"}],"version":"","id":0},{"name":"Mr Bazinga","stack":2370,"status":"active","bet":80,"version":"Mr Bazinga version 0.1","id":1},{"name":"NoCo","stack":0,"status":"out","bet":0,"version":"NoCo1137","id":2}]
small_blind : 10
orbits : 6
dealer : 1
community_cards : []
current_buy_in : 80
pot : 120
in_action : 0
minimum_raise : 40
request class  : com.google.gson.JsonObject
request class  : com.google.gson.JsonObject
players : [{"name":"R3T","stack":430,"status":"active","bet":80,"hole_cards":[{"rank":"7","suit":"hearts"},{"rank":"Q","suit":"diamonds"}],"version":"","id":0},{"name":"Mr Bazinga","stack":1950,"status":"active","bet":540,"version":"Mr Bazinga version 0.1","id":1},{"name":"NoCo","stack":0,"status":"out","bet":0,"version":"NoCo1137","id":2}]
small_blind : 10
orbits : 6
dealer : 0
community_cards : []
current_buy_in : 540
pot : 620
in_action : 0
minimum_raise : 460
request class  : com.google.gson.JsonObject
request class  : com.google.gson.JsonObject
players : [{"name":"R3T","stack":390,"status":"active","bet":40,"hole_cards":[{"rank":"9","suit":"hearts"},{"rank":"6","suit":"hearts"}],"version":"","id":0},{"name":"Mr Bazinga","stack":2490,"status":"active","bet":80,"version":"Mr Bazinga version 0.1","id":1},{"name":"NoCo","stack":0,"status":"out","bet":0,"version":"NoCo1137","id":2}]
small_blind : 10
orbits : 7
dealer : 1
community_cards : []
current_buy_in : 80
pot : 120
in_action : 0
minimum_raise : 40
request class  : com.google.gson.JsonObject
request class  : com.google.gson.JsonObject
players : [{"name":"R3T","stack":310,"status":"active","bet":80,"hole_cards":[{"rank":"A","suit":"clubs"},{"rank":"2","suit":"clubs"}],"version":"","id":0},{"name":"Mr Bazinga","stack":2070,"status":"active","bet":540,"version":"Mr Bazinga version 0.1","id":1},{"name":"NoCo","stack":0,"status":"out","bet":0,"version":"NoCo1137","id":2}]
small_blind : 10
orbits : 7
dealer : 0
community_cards : []
current_buy_in : 540
pot : 620
in_action : 0
minimum_raise : 460
request class  : com.google.gson.JsonObject
request class  : com.google.gson.JsonObject
players : [{"name":"R3T","stack":270,"status":"active","bet":40,"hole_cards":[{"rank":"K","suit":"clubs"},{"rank":"3","suit":"clubs"}],"version":"","id":0},{"name":"Mr Bazinga","stack":2610,"status":"active","bet":80,"version":"Mr Bazinga version 0.1","id":1},{"name":"NoCo","stack":0,"status":"out","bet":0,"version":"NoCo1137","id":2}]
small_blind : 10
orbits : 7
dealer : 1
community_cards : []
current_buy_in : 80
pot : 120
in_action : 0
minimum_raise : 40
request class  : com.google.gson.JsonObject
request class  : com.google.gson.JsonObject
players : [{"name":"R3T","stack":190,"status":"active","bet":80,"hole_cards":[{"rank":"6","suit":"hearts"},{"rank":"K","suit":"spades"}],"version":"","id":0},{"name":"Mr Bazinga","stack":2190,"status":"active","bet":540,"version":"Mr Bazinga version 0.1","id":1},{"name":"NoCo","stack":0,"status":"out","bet":0,"version":"NoCo1137","id":2}]
small_blind : 10
orbits : 8
dealer : 0
community_cards : []
current_buy_in : 540
pot : 620
in_action : 0
minimum_raise : 460
request class  : com.google.gson.JsonObject
request class  : com.google.gson.JsonObject
players : [{"name":"R3T","stack":150,"status":"active","bet":40,"hole_cards":[{"rank":"K","suit":"hearts"},{"rank":"7","suit":"spades"}],"version":"","id":0},{"name":"Mr Bazinga","stack":2730,"status":"active","bet":80,"version":"Mr Bazinga version 0.1","id":1},{"name":"NoCo","stack":0,"status":"out","bet":0,"version":"NoCo1137","id":2}]
small_blind : 10
orbits : 8
dealer : 1
community_cards : []
current_buy_in : 80
pot : 120
in_action : 0
minimum_raise : 40
request class  : com.google.gson.JsonObject
request class  : com.google.gson.JsonObject
players : [{"name":"R3T","stack":70,"status":"active","bet":80,"hole_cards":[{"rank":"Q","suit":"diamonds"},{"rank":"4","suit":"diamonds"}],"version":"","id":0},{"name":"Mr Bazinga","stack":2310,"status":"active","bet":540,"version":"Mr Bazinga version 0.1","id":1},{"name":"NoCo","stack":0,"status":"out","bet":0,"version":"NoCo1137","id":2}]
small_blind : 10
orbits : 8
dealer : 0
community_cards : []
current_buy_in : 540
pot : 620
in_action : 0
minimum_raise : 460

BUILD SUCCESSFUL

Total time: 30.72 secs
