:compileJava UP-TO-DATE
:processResources UP-TO-DATE
:classes UP-TO-DATE
:tomcatRun
Started Tomcat Server
The Server is running at http://localhost:8080
request class  : com.google.gson.JsonObject
request class  : com.google.gson.JsonObject
players : [{"name":"R3T","stack":1000,"status":"active","bet":0,"hole_cards":[{"rank":"J","suit":"hearts"},{"rank":"6","suit":"diamonds"}],"version":"","id":0},{"name":"Mr Bazinga","stack":990,"status":"active","bet":10,"version":"Mr Bazinga version 0.1","id":1},{"name":"NoCo","stack":980,"status":"active","bet":20,"version":"NoCo1137","id":2}]
small_blind : 10
orbits : 0
dealer : 0
community_cards : []
current_buy_in : 20
pot : 30
in_action : 0
minimum_raise : 10
request class  : com.google.gson.JsonObject
request class  : com.google.gson.JsonObject
players : [{"name":"R3T","stack":980,"status":"active","bet":20,"hole_cards":[{"rank":"Q","suit":"diamonds"},{"rank":"8","suit":"diamonds"}],"version":"","id":0},{"name":"Mr Bazinga","stack":1010,"status":"active","bet":500,"version":"Mr Bazinga version 0.1","id":1},{"name":"NoCo","stack":480,"status":"folded","bet":10,"version":"NoCo1137","id":2}]
small_blind : 10
orbits : 0
dealer : 1
community_cards : []
current_buy_in : 500
pot : 530
in_action : 0
minimum_raise : 480
request class  : com.google.gson.JsonObject
request class  : com.google.gson.JsonObject
players : [{"name":"R3T","stack":970,"status":"active","bet":10,"hole_cards":[{"rank":"7","suit":"hearts"},{"rank":"3","suit":"diamonds"}],"version":"","id":0},{"name":"Mr Bazinga","stack":1520,"status":"active","bet":20,"version":"Mr Bazinga version 0.1","id":1},{"name":"NoCo","stack":450,"status":"active","bet":30,"version":"NoCo1137","id":2}]
small_blind : 10
orbits : 0
dealer : 2
community_cards : []
current_buy_in : 30
pot : 60
in_action : 0
minimum_raise : 10
request class  : com.google.gson.JsonObject
request class  : com.google.gson.JsonObject
players : [{"name":"R3T","stack":970,"status":"active","bet":0,"hole_cards":[{"rank":"8","suit":"diamonds"},{"rank":"K","suit":"spades"}],"version":"","id":0},{"name":"Mr Bazinga","stack":1050,"status":"active","bet":10,"version":"Mr Bazinga version 0.1","id":1},{"name":"NoCo","stack":950,"status":"active","bet":20,"version":"NoCo1137","id":2}]
small_blind : 10
orbits : 1
dealer : 0
community_cards : []
current_buy_in : 20
pot : 30
in_action : 0
minimum_raise : 10
request class  : com.google.gson.JsonObject
request class  : com.google.gson.JsonObject
players : [{"name":"R3T","stack":950,"status":"active","bet":20,"hole_cards":[{"rank":"7","suit":"spades"},{"rank":"3","suit":"diamonds"}],"version":"","id":0},{"name":"Mr Bazinga","stack":0,"status":"active","bet":90,"version":"Mr Bazinga version 0.1","id":1},{"name":"NoCo","stack":1780,"status":"active","bet":160,"version":"NoCo1137","id":2}]
small_blind : 10
orbits : 1
dealer : 1
community_cards : []
current_buy_in : 160
pot : 270
in_action : 0
minimum_raise : 70
request class  : com.google.gson.JsonObject
request class  : com.google.gson.JsonObject
players : [{"name":"R3T","stack":940,"status":"active","bet":10,"hole_cards":[{"rank":"10","suit":"hearts"},{"rank":"4","suit":"hearts"}],"version":"","id":0},{"name":"Mr Bazinga","stack":0,"status":"out","bet":0,"version":"Mr Bazinga version 0.1","id":1},{"name":"NoCo","stack":2030,"status":"active","bet":20,"version":"NoCo1137","id":2}]
small_blind : 10
orbits : 1
dealer : 2
community_cards : []
current_buy_in : 20
pot : 30
in_action : 0
minimum_raise : 10
request class  : com.google.gson.JsonObject
request class  : com.google.gson.JsonObject
players : [{"name":"R3T","stack":920,"status":"active","bet":20,"hole_cards":[{"rank":"10","suit":"clubs"},{"rank":"A","suit":"hearts"}],"version":"","id":0},{"name":"Mr Bazinga","stack":0,"status":"out","bet":0,"version":"Mr Bazinga version 0.1","id":1},{"name":"NoCo","stack":2040,"status":"active","bet":20,"version":"NoCo1137","id":2}]
small_blind : 10
orbits : 2
dealer : 0
community_cards : []
current_buy_in : 20
pot : 40
in_action : 0
minimum_raise : 10
request class  : com.google.gson.JsonObject
request class  : com.google.gson.JsonObject
players : [{"name":"R3T","stack":920,"status":"active","bet":20,"hole_cards":[{"rank":"10","suit":"clubs"},{"rank":"A","suit":"hearts"}],"version":"","id":0},{"name":"Mr Bazinga","stack":0,"status":"out","bet":0,"version":"Mr Bazinga version 0.1","id":1},{"name":"NoCo","stack":2040,"status":"active","bet":20,"version":"NoCo1137","id":2}]
small_blind : 10
orbits : 2
dealer : 0
community_cards : [{"rank":"6","suit":"clubs"},{"rank":"A","suit":"diamonds"},{"rank":"7","suit":"hearts"}]
current_buy_in : 20
pot : 40
in_action : 0
minimum_raise : 20
request class  : com.google.gson.JsonObject
request class  : com.google.gson.JsonObject
players : [{"name":"R3T","stack":920,"status":"active","bet":20,"hole_cards":[{"rank":"10","suit":"clubs"},{"rank":"A","suit":"hearts"}],"version":"","id":0},{"name":"Mr Bazinga","stack":0,"status":"out","bet":0,"version":"Mr Bazinga version 0.1","id":1},{"name":"NoCo","stack":2040,"status":"active","bet":20,"version":"NoCo1137","id":2}]
small_blind : 10
orbits : 2
dealer : 0
community_cards : [{"rank":"6","suit":"clubs"},{"rank":"A","suit":"diamonds"},{"rank":"7","suit":"hearts"},{"rank":"J","suit":"clubs"}]
current_buy_in : 20
pot : 40
in_action : 0
minimum_raise : 20
request class  : com.google.gson.JsonObject
request class  : com.google.gson.JsonObject
players : [{"name":"R3T","stack":920,"status":"active","bet":20,"hole_cards":[{"rank":"10","suit":"clubs"},{"rank":"A","suit":"hearts"}],"version":"","id":0},{"name":"Mr Bazinga","stack":0,"status":"out","bet":0,"version":"Mr Bazinga version 0.1","id":1},{"name":"NoCo","stack":2040,"status":"active","bet":20,"version":"NoCo1137","id":2}]
small_blind : 10
orbits : 2
dealer : 0
community_cards : [{"rank":"6","suit":"clubs"},{"rank":"A","suit":"diamonds"},{"rank":"7","suit":"hearts"},{"rank":"J","suit":"clubs"},{"rank":"K","suit":"clubs"}]
current_buy_in : 20
pot : 40
in_action : 0
minimum_raise : 20
request class  : com.google.gson.JsonObject
request class  : com.google.gson.JsonObject
players : [{"name":"R3T","stack":950,"status":"active","bet":10,"hole_cards":[{"rank":"3","suit":"clubs"},{"rank":"9","suit":"clubs"}],"version":"","id":0},{"name":"Mr Bazinga","stack":0,"status":"out","bet":0,"version":"Mr Bazinga version 0.1","id":1},{"name":"NoCo","stack":2020,"status":"active","bet":20,"version":"NoCo1137","id":2}]
small_blind : 10
orbits : 2
dealer : 2
community_cards : []
current_buy_in : 20
pot : 30
in_action : 0
minimum_raise : 10
request class  : com.google.gson.JsonObject
request class  : com.google.gson.JsonObject
players : [{"name":"R3T","stack":930,"status":"active","bet":20,"hole_cards":[{"rank":"5","suit":"hearts"},{"rank":"7","suit":"clubs"}],"version":"","id":0},{"name":"Mr Bazinga","stack":0,"status":"out","bet":0,"version":"Mr Bazinga version 0.1","id":1},{"name":"NoCo","stack":2040,"status":"folded","bet":10,"version":"NoCo1137","id":2}]
small_blind : 10
orbits : 2
dealer : 0
community_cards : []
current_buy_in : 20
pot : 30
in_action : 0
minimum_raise : 10
request class  : com.google.gson.JsonObject
request class  : com.google.gson.JsonObject
players : [{"name":"R3T","stack":940,"status":"active","bet":20,"hole_cards":[{"rank":"9","suit":"hearts"},{"rank":"8","suit":"diamonds"}],"version":"","id":0},{"name":"Mr Bazinga","stack":0,"status":"out","bet":0,"version":"Mr Bazinga version 0.1","id":1},{"name":"NoCo","stack":2000,"status":"active","bet":40,"version":"NoCo1137","id":2}]
small_blind : 10
orbits : 3
dealer : 2
community_cards : []
current_buy_in : 40
pot : 60
in_action : 0
minimum_raise : 20
request class  : com.google.gson.JsonObject
request class  : com.google.gson.JsonObject
players : [{"name":"R3T","stack":900,"status":"active","bet":40,"hole_cards":[{"rank":"A","suit":"clubs"},{"rank":"6","suit":"clubs"}],"version":"","id":0},{"name":"Mr Bazinga","stack":0,"status":"out","bet":0,"version":"Mr Bazinga version 0.1","id":1},{"name":"NoCo","stack":2040,"status":"folded","bet":20,"version":"NoCo1137","id":2}]
small_blind : 10
orbits : 3
dealer : 0
community_cards : []
current_buy_in : 40
pot : 60
in_action : 0
minimum_raise : 20
request class  : com.google.gson.JsonObject
request class  : com.google.gson.JsonObject
players : [{"name":"R3T","stack":940,"status":"active","bet":20,"hole_cards":[{"rank":"J","suit":"clubs"},{"rank":"A","suit":"clubs"}],"version":"","id":0},{"name":"Mr Bazinga","stack":0,"status":"out","bet":0,"version":"Mr Bazinga version 0.1","id":1},{"name":"NoCo","stack":2000,"status":"active","bet":40,"version":"NoCo1137","id":2}]
small_blind : 10
orbits : 3
dealer : 2
community_cards : []
current_buy_in : 40
pot : 60
in_action : 0
minimum_raise : 20
request class  : com.google.gson.JsonObject
request class  : com.google.gson.JsonObject
players : [{"name":"R3T","stack":900,"status":"active","bet":40,"hole_cards":[{"rank":"6","suit":"hearts"},{"rank":"3","suit":"clubs"}],"version":"","id":0},{"name":"Mr Bazinga","stack":0,"status":"out","bet":0,"version":"Mr Bazinga version 0.1","id":1},{"name":"NoCo","stack":2020,"status":"active","bet":40,"version":"NoCo1137","id":2}]
small_blind : 10
orbits : 4
dealer : 0
community_cards : []
current_buy_in : 40
pot : 80
in_action : 0
minimum_raise : 20
request class  : com.google.gson.JsonObject
request class  : com.google.gson.JsonObject
players : [{"name":"R3T","stack":900,"status":"active","bet":40,"hole_cards":[{"rank":"6","suit":"hearts"},{"rank":"3","suit":"clubs"}],"version":"","id":0},{"name":"Mr Bazinga","stack":0,"status":"out","bet":0,"version":"Mr Bazinga version 0.1","id":1},{"name":"NoCo","stack":2020,"status":"active","bet":40,"version":"NoCo1137","id":2}]
small_blind : 10
orbits : 4
dealer : 0
community_cards : [{"rank":"8","suit":"hearts"},{"rank":"6","suit":"spades"},{"rank":"Q","suit":"clubs"}]
current_buy_in : 40
pot : 80
in_action : 0
minimum_raise : 40
request class  : com.google.gson.JsonObject
request class  : com.google.gson.JsonObject
players : [{"name":"R3T","stack":900,"status":"active","bet":40,"hole_cards":[{"rank":"6","suit":"hearts"},{"rank":"3","suit":"clubs"}],"version":"","id":0},{"name":"Mr Bazinga","stack":0,"status":"out","bet":0,"version":"Mr Bazinga version 0.1","id":1},{"name":"NoCo","stack":2020,"status":"active","bet":40,"version":"NoCo1137","id":2}]
small_blind : 10
orbits : 4
dealer : 0
community_cards : [{"rank":"8","suit":"hearts"},{"rank":"6","suit":"spades"},{"rank":"Q","suit":"clubs"},{"rank":"7","suit":"spades"}]
current_buy_in : 40
pot : 80
in_action : 0
minimum_raise : 40
request class  : com.google.gson.JsonObject
request class  : com.google.gson.JsonObject
players : [{"name":"R3T","stack":900,"status":"active","bet":40,"hole_cards":[{"rank":"6","suit":"hearts"},{"rank":"3","suit":"clubs"}],"version":"","id":0},{"name":"Mr Bazinga","stack":0,"status":"out","bet":0,"version":"Mr Bazinga version 0.1","id":1},{"name":"NoCo","stack":2020,"status":"active","bet":40,"version":"NoCo1137","id":2}]
small_blind : 10
orbits : 4
dealer : 0
community_cards : [{"rank":"8","suit":"hearts"},{"rank":"6","suit":"spades"},{"rank":"Q","suit":"clubs"},{"rank":"7","suit":"spades"},{"rank":"4","suit":"diamonds"}]
current_buy_in : 40
pot : 80
in_action : 0
minimum_raise : 40
request class  : com.google.gson.JsonObject
request class  : com.google.gson.JsonObject
players : [{"name":"R3T","stack":880,"status":"active","bet":20,"hole_cards":[{"rank":"5","suit":"spades"},{"rank":"K","suit":"spades"}],"version":"","id":0},{"name":"Mr Bazinga","stack":0,"status":"out","bet":0,"version":"Mr Bazinga version 0.1","id":1},{"name":"NoCo","stack":2060,"status":"active","bet":40,"version":"NoCo1137","id":2}]
small_blind : 10
orbits : 4
dealer : 2
community_cards : []
current_buy_in : 40
pot : 60
in_action : 0
minimum_raise : 20
request class  : com.google.gson.JsonObject
request class  : com.google.gson.JsonObject
players : [{"name":"R3T","stack":840,"status":"active","bet":40,"hole_cards":[{"rank":"6","suit":"spades"},{"rank":"10","suit":"spades"}],"version":"","id":0},{"name":"Mr Bazinga","stack":0,"status":"out","bet":0,"version":"Mr Bazinga version 0.1","id":1},{"name":"NoCo","stack":2100,"status":"folded","bet":20,"version":"NoCo1137","id":2}]
small_blind : 10
orbits : 4
dealer : 0
community_cards : []
current_buy_in : 40
pot : 60
in_action : 0
minimum_raise : 20
request class  : com.google.gson.JsonObject
request class  : com.google.gson.JsonObject
players : [{"name":"R3T","stack":880,"status":"active","bet":20,"hole_cards":[{"rank":"4","suit":"hearts"},{"rank":"3","suit":"diamonds"}],"version":"","id":0},{"name":"Mr Bazinga","stack":0,"status":"out","bet":0,"version":"Mr Bazinga version 0.1","id":1},{"name":"NoCo","stack":2060,"status":"active","bet":40,"version":"NoCo1137","id":2}]
small_blind : 10
orbits : 5
dealer : 2
community_cards : []
current_buy_in : 40
pot : 60
in_action : 0
minimum_raise : 20
request class  : com.google.gson.JsonObject
request class  : com.google.gson.JsonObject
players : [{"name":"R3T","stack":840,"status":"active","bet":40,"hole_cards":[{"rank":"3","suit":"hearts"},{"rank":"9","suit":"spades"}],"version":"","id":0},{"name":"Mr Bazinga","stack":0,"status":"out","bet":0,"version":"Mr Bazinga version 0.1","id":1},{"name":"NoCo","stack":2080,"status":"active","bet":40,"version":"NoCo1137","id":2}]
small_blind : 10
orbits : 5
dealer : 0
community_cards : []
current_buy_in : 40
pot : 80
in_action : 0
minimum_raise : 20
request class  : com.google.gson.JsonObject
request class  : com.google.gson.JsonObject
players : [{"name":"R3T","stack":840,"status":"active","bet":40,"hole_cards":[{"rank":"3","suit":"hearts"},{"rank":"9","suit":"spades"}],"version":"","id":0},{"name":"Mr Bazinga","stack":0,"status":"out","bet":0,"version":"Mr Bazinga version 0.1","id":1},{"name":"NoCo","stack":2080,"status":"active","bet":40,"version":"NoCo1137","id":2}]
small_blind : 10
orbits : 5
dealer : 0
community_cards : [{"rank":"K","suit":"diamonds"},{"rank":"5","suit":"clubs"},{"rank":"4","suit":"hearts"}]
current_buy_in : 40
pot : 80
in_action : 0
minimum_raise : 40
request class  : com.google.gson.JsonObject
request class  : com.google.gson.JsonObject
players : [{"name":"R3T","stack":840,"status":"active","bet":40,"hole_cards":[{"rank":"3","suit":"hearts"},{"rank":"9","suit":"spades"}],"version":"","id":0},{"name":"Mr Bazinga","stack":0,"status":"out","bet":0,"version":"Mr Bazinga version 0.1","id":1},{"name":"NoCo","stack":2080,"status":"active","bet":40,"version":"NoCo1137","id":2}]
small_blind : 10
orbits : 5
dealer : 0
community_cards : [{"rank":"K","suit":"diamonds"},{"rank":"5","suit":"clubs"},{"rank":"4","suit":"hearts"},{"rank":"9","suit":"diamonds"}]
current_buy_in : 40
pot : 80
in_action : 0
minimum_raise : 40
request class  : com.google.gson.JsonObject
request class  : com.google.gson.JsonObject
players : [{"name":"R3T","stack":840,"status":"active","bet":40,"hole_cards":[{"rank":"3","suit":"hearts"},{"rank":"9","suit":"spades"}],"version":"","id":0},{"name":"Mr Bazinga","stack":0,"status":"out","bet":0,"version":"Mr Bazinga version 0.1","id":1},{"name":"NoCo","stack":2080,"status":"active","bet":40,"version":"NoCo1137","id":2}]
small_blind : 10
orbits : 5
dealer : 0
community_cards : [{"rank":"K","suit":"diamonds"},{"rank":"5","suit":"clubs"},{"rank":"4","suit":"hearts"},{"rank":"9","suit":"diamonds"},{"rank":"8","suit":"hearts"}]
current_buy_in : 40
pot : 80
in_action : 0
minimum_raise : 40
request class  : com.google.gson.JsonObject
request class  : com.google.gson.JsonObject
players : [{"name":"R3T","stack":900,"status":"active","bet":20,"hole_cards":[{"rank":"6","suit":"clubs"},{"rank":"9","suit":"spades"}],"version":"","id":0},{"name":"Mr Bazinga","stack":0,"status":"out","bet":0,"version":"Mr Bazinga version 0.1","id":1},{"name":"NoCo","stack":2040,"status":"active","bet":40,"version":"NoCo1137","id":2}]
small_blind : 10
orbits : 5
dealer : 2
community_cards : []
current_buy_in : 40
pot : 60
in_action : 0
minimum_raise : 20
request class  : com.google.gson.JsonObject
request class  : com.google.gson.JsonObject
players : [{"name":"R3T","stack":820,"status":"active","bet":80,"hole_cards":[{"rank":"J","suit":"spades"},{"rank":"Q","suit":"hearts"}],"version":"","id":0},{"name":"Mr Bazinga","stack":0,"status":"out","bet":0,"version":"Mr Bazinga version 0.1","id":1},{"name":"NoCo","stack":2060,"status":"folded","bet":40,"version":"NoCo1137","id":2}]
small_blind : 10
orbits : 6
dealer : 0
community_cards : []
current_buy_in : 80
pot : 120
in_action : 0
minimum_raise : 40
request class  : com.google.gson.JsonObject
request class  : com.google.gson.JsonObject
players : [{"name":"R3T","stack":900,"status":"active","bet":40,"hole_cards":[{"rank":"4","suit":"clubs"},{"rank":"Q","suit":"clubs"}],"version":"","id":0},{"name":"Mr Bazinga","stack":0,"status":"out","bet":0,"version":"Mr Bazinga version 0.1","id":1},{"name":"NoCo","stack":1980,"status":"active","bet":80,"version":"NoCo1137","id":2}]
small_blind : 10
orbits : 6
dealer : 2
community_cards : []
current_buy_in : 80
pot : 120
in_action : 0
minimum_raise : 40
request class  : com.google.gson.JsonObject
request class  : com.google.gson.JsonObject
players : [{"name":"R3T","stack":820,"status":"active","bet":80,"hole_cards":[{"rank":"K","suit":"clubs"},{"rank":"9","suit":"diamonds"}],"version":"","id":0},{"name":"Mr Bazinga","stack":0,"status":"out","bet":0,"version":"Mr Bazinga version 0.1","id":1},{"name":"NoCo","stack":2020,"status":"active","bet":80,"version":"NoCo1137","id":2}]
small_blind : 10
orbits : 6
dealer : 0
community_cards : []
current_buy_in : 80
pot : 160
in_action : 0
minimum_raise : 40
request class  : com.google.gson.JsonObject
request class  : com.google.gson.JsonObject
players : [{"name":"R3T","stack":820,"status":"active","bet":80,"hole_cards":[{"rank":"K","suit":"clubs"},{"rank":"9","suit":"diamonds"}],"version":"","id":0},{"name":"Mr Bazinga","stack":0,"status":"out","bet":0,"version":"Mr Bazinga version 0.1","id":1},{"name":"NoCo","stack":2020,"status":"active","bet":80,"version":"NoCo1137","id":2}]
small_blind : 10
orbits : 6
dealer : 0
community_cards : [{"rank":"A","suit":"clubs"},{"rank":"7","suit":"clubs"},{"rank":"10","suit":"diamonds"}]
current_buy_in : 80
pot : 160
in_action : 0
minimum_raise : 80
request class  : com.google.gson.JsonObject
request class  : com.google.gson.JsonObject
players : [{"name":"R3T","stack":820,"status":"active","bet":80,"hole_cards":[{"rank":"K","suit":"clubs"},{"rank":"9","suit":"diamonds"}],"version":"","id":0},{"name":"Mr Bazinga","stack":0,"status":"out","bet":0,"version":"Mr Bazinga version 0.1","id":1},{"name":"NoCo","stack":2020,"status":"active","bet":80,"version":"NoCo1137","id":2}]
small_blind : 10
orbits : 6
dealer : 0
community_cards : [{"rank":"A","suit":"clubs"},{"rank":"7","suit":"clubs"},{"rank":"10","suit":"diamonds"},{"rank":"6","suit":"diamonds"}]
current_buy_in : 80
pot : 160
in_action : 0
minimum_raise : 80
request class  : com.google.gson.JsonObject
request class  : com.google.gson.JsonObject
players : [{"name":"R3T","stack":820,"status":"active","bet":80,"hole_cards":[{"rank":"K","suit":"clubs"},{"rank":"9","suit":"diamonds"}],"version":"","id":0},{"name":"Mr Bazinga","stack":0,"status":"out","bet":0,"version":"Mr Bazinga version 0.1","id":1},{"name":"NoCo","stack":2020,"status":"active","bet":80,"version":"NoCo1137","id":2}]
small_blind : 10
orbits : 6
dealer : 0
community_cards : [{"rank":"A","suit":"clubs"},{"rank":"7","suit":"clubs"},{"rank":"10","suit":"diamonds"},{"rank":"6","suit":"diamonds"},{"rank":"2","suit":"spades"}]
current_buy_in : 80
pot : 160
in_action : 0
minimum_raise : 80
request class  : com.google.gson.JsonObject
request class  : com.google.gson.JsonObject
request class  : com.google.gson.JsonObject
request class  : com.google.gson.JsonObject
players : [{"name":"R3T","stack":980,"status":"active","bet":80,"hole_cards":[{"rank":"K","suit":"spades"},{"rank":"5","suit":"hearts"}],"version":"","id":0},{"name":"Mr Bazinga","stack":0,"status":"out","bet":0,"version":"Mr Bazinga version 0.1","id":1},{"name":"NoCo","stack":1900,"status":"folded","bet":40,"version":"NoCo1137","id":2}]
small_blind : 10
orbits : 7
dealer : 0
community_cards : []
current_buy_in : 80
pot : 120
in_action : 0
minimum_raise : 40
request class  : com.google.gson.JsonObject
request class  : com.google.gson.JsonObject
players : [{"name":"R3T","stack":1060,"status":"active","bet":40,"hole_cards":[{"rank":"Q","suit":"spades"},{"rank":"9","suit":"spades"}],"version":"","id":0},{"name":"Mr Bazinga","stack":0,"status":"out","bet":0,"version":"Mr Bazinga version 0.1","id":1},{"name":"NoCo","stack":1820,"status":"active","bet":80,"version":"NoCo1137","id":2}]
small_blind : 10
orbits : 7
dealer : 2
community_cards : []
current_buy_in : 80
pot : 120
in_action : 0
minimum_raise : 40
request class  : com.google.gson.JsonObject
request class  : com.google.gson.JsonObject
players : [{"name":"R3T","stack":980,"status":"active","bet":80,"hole_cards":[{"rank":"3","suit":"clubs"},{"rank":"8","suit":"diamonds"}],"version":"","id":0},{"name":"Mr Bazinga","stack":0,"status":"out","bet":0,"version":"Mr Bazinga version 0.1","id":1},{"name":"NoCo","stack":1860,"status":"active","bet":80,"version":"NoCo1137","id":2}]
small_blind : 10
orbits : 8
dealer : 0
community_cards : []
current_buy_in : 80
pot : 160
in_action : 0
minimum_raise : 40
request class  : com.google.gson.JsonObject
request class  : com.google.gson.JsonObject
players : [{"name":"R3T","stack":980,"status":"active","bet":80,"hole_cards":[{"rank":"3","suit":"clubs"},{"rank":"8","suit":"diamonds"}],"version":"","id":0},{"name":"Mr Bazinga","stack":0,"status":"out","bet":0,"version":"Mr Bazinga version 0.1","id":1},{"name":"NoCo","stack":1860,"status":"active","bet":80,"version":"NoCo1137","id":2}]
small_blind : 10
orbits : 8
dealer : 0
community_cards : [{"rank":"Q","suit":"clubs"},{"rank":"7","suit":"clubs"},{"rank":"J","suit":"hearts"}]
current_buy_in : 80
pot : 160
in_action : 0
minimum_raise : 80
request class  : com.google.gson.JsonObject
request class  : com.google.gson.JsonObject
players : [{"name":"R3T","stack":980,"status":"active","bet":80,"hole_cards":[{"rank":"3","suit":"clubs"},{"rank":"8","suit":"diamonds"}],"version":"","id":0},{"name":"Mr Bazinga","stack":0,"status":"out","bet":0,"version":"Mr Bazinga version 0.1","id":1},{"name":"NoCo","stack":1860,"status":"active","bet":80,"version":"NoCo1137","id":2}]
small_blind : 10
orbits : 8
dealer : 0
community_cards : [{"rank":"Q","suit":"clubs"},{"rank":"7","suit":"clubs"},{"rank":"J","suit":"hearts"},{"rank":"A","suit":"diamonds"}]
current_buy_in : 80
pot : 160
in_action : 0
minimum_raise : 80
request class  : com.google.gson.JsonObject
request class  : com.google.gson.JsonObject
players : [{"name":"R3T","stack":980,"status":"active","bet":80,"hole_cards":[{"rank":"3","suit":"clubs"},{"rank":"8","suit":"diamonds"}],"version":"","id":0},{"name":"Mr Bazinga","stack":0,"status":"out","bet":0,"version":"Mr Bazinga version 0.1","id":1},{"name":"NoCo","stack":1860,"status":"active","bet":80,"version":"NoCo1137","id":2}]
small_blind : 10
orbits : 8
dealer : 0
community_cards : [{"rank":"Q","suit":"clubs"},{"rank":"7","suit":"clubs"},{"rank":"J","suit":"hearts"},{"rank":"A","suit":"diamonds"},{"rank":"3","suit":"spades"}]
current_buy_in : 80
pot : 160
in_action : 0
minimum_raise : 80
request class  : com.google.gson.JsonObject
request class  : com.google.gson.JsonObject
request class  : com.google.gson.JsonObject
request class  : com.google.gson.JsonObject
players : [{"name":"R3T","stack":980,"status":"active","bet":80,"hole_cards":[{"rank":"7","suit":"hearts"},{"rank":"K","suit":"clubs"}],"version":"","id":0},{"name":"Mr Bazinga","stack":0,"status":"out","bet":0,"version":"Mr Bazinga version 0.1","id":1},{"name":"NoCo","stack":1900,"status":"folded","bet":40,"version":"NoCo1137","id":2}]
small_blind : 10
orbits : 8
dealer : 0
community_cards : []
current_buy_in : 80
pot : 120
in_action : 0
minimum_raise : 40
request class  : com.google.gson.JsonObject
request class  : com.google.gson.JsonObject
players : [{"name":"R3T","stack":1020,"status":"active","bet":80,"hole_cards":[{"rank":"Q","suit":"clubs"},{"rank":"7","suit":"hearts"}],"version":"","id":0},{"name":"Mr Bazinga","stack":0,"status":"out","bet":0,"version":"Mr Bazinga version 0.1","id":1},{"name":"NoCo","stack":1740,"status":"active","bet":160,"version":"NoCo1137","id":2}]
small_blind : 10
orbits : 9
dealer : 2
community_cards : []
current_buy_in : 160
pot : 240
in_action : 0
minimum_raise : 80
request class  : com.google.gson.JsonObject
request class  : com.google.gson.JsonObject
players : [{"name":"R3T","stack":860,"status":"active","bet":160,"hole_cards":[{"rank":"4","suit":"clubs"},{"rank":"3","suit":"spades"}],"version":"","id":0},{"name":"Mr Bazinga","stack":0,"status":"out","bet":0,"version":"Mr Bazinga version 0.1","id":1},{"name":"NoCo","stack":1820,"status":"active","bet":160,"version":"NoCo1137","id":2}]
small_blind : 10
orbits : 9
dealer : 0
community_cards : []
current_buy_in : 160
pot : 320
in_action : 0
minimum_raise : 80
request class  : com.google.gson.JsonObject
request class  : com.google.gson.JsonObject
players : [{"name":"R3T","stack":860,"status":"active","bet":160,"hole_cards":[{"rank":"4","suit":"clubs"},{"rank":"3","suit":"spades"}],"version":"","id":0},{"name":"Mr Bazinga","stack":0,"status":"out","bet":0,"version":"Mr Bazinga version 0.1","id":1},{"name":"NoCo","stack":1820,"status":"active","bet":160,"version":"NoCo1137","id":2}]
small_blind : 10
orbits : 9
dealer : 0
community_cards : [{"rank":"J","suit":"clubs"},{"rank":"7","suit":"hearts"},{"rank":"5","suit":"clubs"}]
current_buy_in : 160
pot : 320
in_action : 0
minimum_raise : 160
request class  : com.google.gson.JsonObject
request class  : com.google.gson.JsonObject
players : [{"name":"R3T","stack":860,"status":"active","bet":160,"hole_cards":[{"rank":"4","suit":"clubs"},{"rank":"3","suit":"spades"}],"version":"","id":0},{"name":"Mr Bazinga","stack":0,"status":"out","bet":0,"version":"Mr Bazinga version 0.1","id":1},{"name":"NoCo","stack":1820,"status":"active","bet":160,"version":"NoCo1137","id":2}]
small_blind : 10
orbits : 9
dealer : 0
community_cards : [{"rank":"J","suit":"clubs"},{"rank":"7","suit":"hearts"},{"rank":"5","suit":"clubs"},{"rank":"Q","suit":"diamonds"}]
current_buy_in : 160
pot : 320
in_action : 0
minimum_raise : 160
request class  : com.google.gson.JsonObject
request class  : com.google.gson.JsonObject
players : [{"name":"R3T","stack":860,"status":"active","bet":160,"hole_cards":[{"rank":"4","suit":"clubs"},{"rank":"3","suit":"spades"}],"version":"","id":0},{"name":"Mr Bazinga","stack":0,"status":"out","bet":0,"version":"Mr Bazinga version 0.1","id":1},{"name":"NoCo","stack":1820,"status":"active","bet":160,"version":"NoCo1137","id":2}]
small_blind : 10
orbits : 9
dealer : 0
community_cards : [{"rank":"J","suit":"clubs"},{"rank":"7","suit":"hearts"},{"rank":"5","suit":"clubs"},{"rank":"Q","suit":"diamonds"},{"rank":"A","suit":"hearts"}]
current_buy_in : 160
pot : 320
in_action : 0
minimum_raise : 160
request class  : com.google.gson.JsonObject
request class  : com.google.gson.JsonObject
players : [{"name":"R3T","stack":780,"status":"active","bet":80,"hole_cards":[{"rank":"3","suit":"clubs"},{"rank":"A","suit":"spades"}],"version":"","id":0},{"name":"Mr Bazinga","stack":0,"status":"out","bet":0,"version":"Mr Bazinga version 0.1","id":1},{"name":"NoCo","stack":1980,"status":"active","bet":160,"version":"NoCo1137","id":2}]
small_blind : 10
orbits : 9
dealer : 2
community_cards : []
current_buy_in : 160
pot : 240
in_action : 0
minimum_raise : 80
request class  : com.google.gson.JsonObject
request class  : com.google.gson.JsonObject
players : [{"name":"R3T","stack":620,"status":"active","bet":160,"hole_cards":[{"rank":"J","suit":"diamonds"},{"rank":"10","suit":"clubs"}],"version":"","id":0},{"name":"Mr Bazinga","stack":0,"status":"out","bet":0,"version":"Mr Bazinga version 0.1","id":1},{"name":"NoCo","stack":2140,"status":"folded","bet":80,"version":"NoCo1137","id":2}]
small_blind : 10
orbits : 10
dealer : 0
community_cards : []
current_buy_in : 160
pot : 240
in_action : 0
minimum_raise : 80
request class  : com.google.gson.JsonObject
request class  : com.google.gson.JsonObject
players : [{"name":"R3T","stack":780,"status":"active","bet":80,"hole_cards":[{"rank":"6","suit":"hearts"},{"rank":"Q","suit":"diamonds"}],"version":"","id":0},{"name":"Mr Bazinga","stack":0,"status":"out","bet":0,"version":"Mr Bazinga version 0.1","id":1},{"name":"NoCo","stack":1980,"status":"active","bet":160,"version":"NoCo1137","id":2}]
small_blind : 10
orbits : 10
dealer : 2
community_cards : []
current_buy_in : 160
pot : 240
in_action : 0
minimum_raise : 80
request class  : com.google.gson.JsonObject
request class  : com.google.gson.JsonObject
players : [{"name":"R3T","stack":620,"status":"active","bet":160,"hole_cards":[{"rank":"A","suit":"spades"},{"rank":"3","suit":"diamonds"}],"version":"","id":0},{"name":"Mr Bazinga","stack":0,"status":"out","bet":0,"version":"Mr Bazinga version 0.1","id":1},{"name":"NoCo","stack":2060,"status":"active","bet":160,"version":"NoCo1137","id":2}]
small_blind : 10
orbits : 10
dealer : 0
community_cards : []
current_buy_in : 160
pot : 320
in_action : 0
minimum_raise : 80
request class  : com.google.gson.JsonObject
request class  : com.google.gson.JsonObject
players : [{"name":"R3T","stack":620,"status":"active","bet":160,"hole_cards":[{"rank":"A","suit":"spades"},{"rank":"3","suit":"diamonds"}],"version":"","id":0},{"name":"Mr Bazinga","stack":0,"status":"out","bet":0,"version":"Mr Bazinga version 0.1","id":1},{"name":"NoCo","stack":2060,"status":"active","bet":160,"version":"NoCo1137","id":2}]
small_blind : 10
orbits : 10
dealer : 0
community_cards : [{"rank":"6","suit":"spades"},{"rank":"9","suit":"spades"},{"rank":"Q","suit":"clubs"}]
current_buy_in : 160
pot : 320
in_action : 0
minimum_raise : 160
request class  : com.google.gson.JsonObject
request class  : com.google.gson.JsonObject
players : [{"name":"R3T","stack":620,"status":"active","bet":160,"hole_cards":[{"rank":"A","suit":"spades"},{"rank":"3","suit":"diamonds"}],"version":"","id":0},{"name":"Mr Bazinga","stack":0,"status":"out","bet":0,"version":"Mr Bazinga version 0.1","id":1},{"name":"NoCo","stack":2060,"status":"active","bet":160,"version":"NoCo1137","id":2}]
small_blind : 10
orbits : 10
dealer : 0
community_cards : [{"rank":"6","suit":"spades"},{"rank":"9","suit":"spades"},{"rank":"Q","suit":"clubs"},{"rank":"5","suit":"hearts"}]
current_buy_in : 160
pot : 320
in_action : 0
minimum_raise : 160
request class  : com.google.gson.JsonObject
request class  : com.google.gson.JsonObject
players : [{"name":"R3T","stack":620,"status":"active","bet":160,"hole_cards":[{"rank":"A","suit":"spades"},{"rank":"3","suit":"diamonds"}],"version":"","id":0},{"name":"Mr Bazinga","stack":0,"status":"out","bet":0,"version":"Mr Bazinga version 0.1","id":1},{"name":"NoCo","stack":2060,"status":"active","bet":160,"version":"NoCo1137","id":2}]
small_blind : 10
orbits : 10
dealer : 0
community_cards : [{"rank":"6","suit":"spades"},{"rank":"9","suit":"spades"},{"rank":"Q","suit":"clubs"},{"rank":"5","suit":"hearts"},{"rank":"8","suit":"spades"}]
current_buy_in : 160
pot : 320
in_action : 0
minimum_raise : 160
request class  : com.google.gson.JsonObject
request class  : com.google.gson.JsonObject
players : [{"name":"R3T","stack":540,"status":"active","bet":80,"hole_cards":[{"rank":"5","suit":"diamonds"},{"rank":"4","suit":"hearts"}],"version":"","id":0},{"name":"Mr Bazinga","stack":0,"status":"out","bet":0,"version":"Mr Bazinga version 0.1","id":1},{"name":"NoCo","stack":2220,"status":"active","bet":160,"version":"NoCo1137","id":2}]
small_blind : 10
orbits : 11
dealer : 2
community_cards : []
current_buy_in : 160
pot : 240
in_action : 0
minimum_raise : 80
request class  : com.google.gson.JsonObject
request class  : com.google.gson.JsonObject
players : [{"name":"R3T","stack":380,"status":"active","bet":160,"hole_cards":[{"rank":"2","suit":"diamonds"},{"rank":"8","suit":"spades"}],"version":"","id":0},{"name":"Mr Bazinga","stack":0,"status":"out","bet":0,"version":"Mr Bazinga version 0.1","id":1},{"name":"NoCo","stack":2380,"status":"folded","bet":80,"version":"NoCo1137","id":2}]
small_blind : 10
orbits : 11
dealer : 0
community_cards : []
current_buy_in : 160
pot : 240
in_action : 0
minimum_raise : 80
request class  : com.google.gson.JsonObject
request class  : com.google.gson.JsonObject
players : [{"name":"R3T","stack":540,"status":"active","bet":80,"hole_cards":[{"rank":"K","suit":"diamonds"},{"rank":"9","suit":"diamonds"}],"version":"","id":0},{"name":"Mr Bazinga","stack":0,"status":"out","bet":0,"version":"Mr Bazinga version 0.1","id":1},{"name":"NoCo","stack":2220,"status":"active","bet":160,"version":"NoCo1137","id":2}]
small_blind : 10
orbits : 11
dealer : 2
community_cards : []
current_buy_in : 160
pot : 240
in_action : 0
minimum_raise : 80
request class  : com.google.gson.JsonObject
request class  : com.google.gson.JsonObject
players : [{"name":"R3T","stack":220,"status":"active","bet":320,"hole_cards":[{"rank":"9","suit":"clubs"},{"rank":"5","suit":"diamonds"}],"version":"","id":0},{"name":"Mr Bazinga","stack":0,"status":"out","bet":0,"version":"Mr Bazinga version 0.1","id":1},{"name":"NoCo","stack":2300,"status":"folded","bet":160,"version":"NoCo1137","id":2}]
small_blind : 10
orbits : 12
dealer : 0
community_cards : []
current_buy_in : 320
pot : 480
in_action : 0
minimum_raise : 160
request class  : com.google.gson.JsonObject
request class  : com.google.gson.JsonObject
players : [{"name":"R3T","stack":540,"status":"active","bet":160,"hole_cards":[{"rank":"7","suit":"clubs"},{"rank":"Q","suit":"clubs"}],"version":"","id":0},{"name":"Mr Bazinga","stack":0,"status":"out","bet":0,"version":"Mr Bazinga version 0.1","id":1},{"name":"NoCo","stack":1980,"status":"active","bet":320,"version":"NoCo1137","id":2}]
small_blind : 10
orbits : 12
dealer : 2
community_cards : []
current_buy_in : 320
pot : 480
in_action : 0
minimum_raise : 160
request class  : com.google.gson.JsonObject
request class  : com.google.gson.JsonObject
players : [{"name":"R3T","stack":220,"status":"active","bet":320,"hole_cards":[{"rank":"6","suit":"hearts"},{"rank":"J","suit":"diamonds"}],"version":"","id":0},{"name":"Mr Bazinga","stack":0,"status":"out","bet":0,"version":"Mr Bazinga version 0.1","id":1},{"name":"NoCo","stack":2140,"status":"active","bet":320,"version":"NoCo1137","id":2}]
small_blind : 10
orbits : 12
dealer : 0
community_cards : []
current_buy_in : 320
pot : 640
in_action : 0
minimum_raise : 160
request class  : com.google.gson.JsonObject
request class  : com.google.gson.JsonObject
players : [{"name":"R3T","stack":220,"status":"active","bet":320,"hole_cards":[{"rank":"6","suit":"hearts"},{"rank":"J","suit":"diamonds"}],"version":"","id":0},{"name":"Mr Bazinga","stack":0,"status":"out","bet":0,"version":"Mr Bazinga version 0.1","id":1},{"name":"NoCo","stack":2140,"status":"active","bet":320,"version":"NoCo1137","id":2}]
small_blind : 10
orbits : 12
dealer : 0
community_cards : [{"rank":"7","suit":"diamonds"},{"rank":"2","suit":"clubs"},{"rank":"7","suit":"clubs"}]
current_buy_in : 320
pot : 640
in_action : 0
minimum_raise : 320
request class  : com.google.gson.JsonObject
request class  : com.google.gson.JsonObject
players : [{"name":"R3T","stack":220,"status":"active","bet":320,"hole_cards":[{"rank":"6","suit":"hearts"},{"rank":"J","suit":"diamonds"}],"version":"","id":0},{"name":"Mr Bazinga","stack":0,"status":"out","bet":0,"version":"Mr Bazinga version 0.1","id":1},{"name":"NoCo","stack":2140,"status":"active","bet":320,"version":"NoCo1137","id":2}]
small_blind : 10
orbits : 12
dealer : 0
community_cards : [{"rank":"7","suit":"diamonds"},{"rank":"2","suit":"clubs"},{"rank":"7","suit":"clubs"},{"rank":"K","suit":"diamonds"}]
current_buy_in : 320
pot : 640
in_action : 0
minimum_raise : 320
request class  : com.google.gson.JsonObject
request class  : com.google.gson.JsonObject
players : [{"name":"R3T","stack":220,"status":"active","bet":320,"hole_cards":[{"rank":"6","suit":"hearts"},{"rank":"J","suit":"diamonds"}],"version":"","id":0},{"name":"Mr Bazinga","stack":0,"status":"out","bet":0,"version":"Mr Bazinga version 0.1","id":1},{"name":"NoCo","stack":2140,"status":"active","bet":320,"version":"NoCo1137","id":2}]
small_blind : 10
orbits : 12
dealer : 0
community_cards : [{"rank":"7","suit":"diamonds"},{"rank":"2","suit":"clubs"},{"rank":"7","suit":"clubs"},{"rank":"K","suit":"diamonds"},{"rank":"9","suit":"hearts"}]
current_buy_in : 320
pot : 640
in_action : 0
minimum_raise : 320
request class  : com.google.gson.JsonObject
request class  : com.google.gson.JsonObject
players : [{"name":"R3T","stack":60,"status":"active","bet":160,"hole_cards":[{"rank":"J","suit":"spades"},{"rank":"2","suit":"diamonds"}],"version":"","id":0},{"name":"Mr Bazinga","stack":0,"status":"out","bet":0,"version":"Mr Bazinga version 0.1","id":1},{"name":"NoCo","stack":2460,"status":"active","bet":320,"version":"NoCo1137","id":2}]
small_blind : 10
orbits : 13
dealer : 2
community_cards : []
current_buy_in : 320
pot : 480
in_action : 0
minimum_raise : 160

BUILD SUCCESSFUL

Total time: 58.774 secs
