# Logfile created on 2014-04-05 11:39:54 +0200 by logger.rb/44203
I, [2014-04-05T11:39:54.519443 #16071]  INFO -- : Reseting R3T to origin/master
I, [2014-04-05T11:39:55.457071 #16071]  INFO -- : Reseting Mr Bazinga to origin/master
I, [2014-04-05T11:39:56.303108 #16071]  INFO -- : Reseting NoCo to origin/master
I, [2014-04-05T11:39:57.968248 #16071]  INFO -- : Connected R3T at http://localhost:8080/
I, [2014-04-05T11:39:57.972316 #16071]  INFO -- : Connected Mr Bazinga at http://localhost:1337/
I, [2014-04-05T11:39:57.974536 #16071]  INFO -- : Connected NoCo at http://localhost:8000/player_service.php
E, [2014-04-05T11:39:57.976895 #16071] ERROR -- : Connection refused - connect(2) for "localhost" port 8080
E, [2014-04-05T11:39:57.977262 #16071] ERROR -- : Player R3T is unreachable
I, [2014-04-05T11:39:57.977380 #16071]  INFO -- : Waiting for players to start
E, [2014-04-05T11:39:58.978063 #16071] ERROR -- : Connection refused - connect(2) for "localhost" port 8080
E, [2014-04-05T11:39:58.978230 #16071] ERROR -- : Player R3T is unreachable
I, [2014-04-05T11:39:58.978333 #16071]  INFO -- : Waiting for players to start
E, [2014-04-05T11:39:59.979002 #16071] ERROR -- : Connection refused - connect(2) for "localhost" port 8080
E, [2014-04-05T11:39:59.979171 #16071] ERROR -- : Player R3T is unreachable
I, [2014-04-05T11:39:59.979366 #16071]  INFO -- : Waiting for players to start
E, [2014-04-05T11:40:00.979995 #16071] ERROR -- : Connection refused - connect(2) for "localhost" port 8080
E, [2014-04-05T11:40:00.980167 #16071] ERROR -- : Player R3T is unreachable
I, [2014-04-05T11:40:00.980265 #16071]  INFO -- : Waiting for players to start
E, [2014-04-05T11:40:01.980866 #16071] ERROR -- : Connection refused - connect(2) for "localhost" port 8080
E, [2014-04-05T11:40:01.981015 #16071] ERROR -- : Player R3T is unreachable
I, [2014-04-05T11:40:01.981133 #16071]  INFO -- : Waiting for players to start
E, [2014-04-05T11:40:02.981787 #16071] ERROR -- : Connection refused - connect(2) for "localhost" port 8080
E, [2014-04-05T11:40:02.981942 #16071] ERROR -- : Player R3T is unreachable
I, [2014-04-05T11:40:02.982036 #16071]  INFO -- : Waiting for players to start
E, [2014-04-05T11:40:03.982680 #16071] ERROR -- : Connection refused - connect(2) for "localhost" port 8080
E, [2014-04-05T11:40:03.982870 #16071] ERROR -- : Player R3T is unreachable
I, [2014-04-05T11:40:03.982958 #16071]  INFO -- : Waiting for players to start
E, [2014-04-05T11:40:04.983997 #16071] ERROR -- : Connection refused - connect(2) for "localhost" port 8080
E, [2014-04-05T11:40:04.984477 #16071] ERROR -- : Player R3T is unreachable
I, [2014-04-05T11:40:04.984578 #16071]  INFO -- : Waiting for players to start
E, [2014-04-05T11:40:05.985198 #16071] ERROR -- : Connection refused - connect(2) for "localhost" port 8080
E, [2014-04-05T11:40:05.985440 #16071] ERROR -- : Player R3T is unreachable
I, [2014-04-05T11:40:05.985592 #16071]  INFO -- : Waiting for players to start
E, [2014-04-05T11:40:06.986292 #16071] ERROR -- : Connection refused - connect(2) for "localhost" port 8080
E, [2014-04-05T11:40:06.986471 #16071] ERROR -- : Player R3T is unreachable
I, [2014-04-05T11:40:06.986555 #16071]  INFO -- : Waiting for players to start
E, [2014-04-05T11:40:07.987221 #16071] ERROR -- : Connection refused - connect(2) for "localhost" port 8080
E, [2014-04-05T11:40:07.987356 #16071] ERROR -- : Player R3T is unreachable
I, [2014-04-05T11:40:07.987451 #16071]  INFO -- : Waiting for players to start
E, [2014-04-05T11:40:08.988128 #16071] ERROR -- : Connection refused - connect(2) for "localhost" port 8080
E, [2014-04-05T11:40:08.988266 #16071] ERROR -- : Player R3T is unreachable
I, [2014-04-05T11:40:08.988343 #16071]  INFO -- : Waiting for players to start
E, [2014-04-05T11:40:09.988946 #16071] ERROR -- : Connection refused - connect(2) for "localhost" port 8080
E, [2014-04-05T11:40:09.989087 #16071] ERROR -- : Player R3T is unreachable
I, [2014-04-05T11:40:09.989176 #16071]  INFO -- : Waiting for players to start
E, [2014-04-05T11:40:10.989796 #16071] ERROR -- : Connection refused - connect(2) for "localhost" port 8080
E, [2014-04-05T11:40:10.989959 #16071] ERROR -- : Player R3T is unreachable
I, [2014-04-05T11:40:10.990019 #16071]  INFO -- : Waiting for players to start
E, [2014-04-05T11:40:12.492563 #16071] ERROR -- : Net::ReadTimeout
E, [2014-04-05T11:40:12.492736 #16071] ERROR -- : Player R3T is unreachable
I, [2014-04-05T11:40:12.492859 #16071]  INFO -- : Waiting for players to start
I, [2014-04-05T11:40:13.503486 #16071]  INFO -- : Player R3T responded with  (200)
I, [2014-04-05T11:40:13.519497 #16071]  INFO -- : Player Mr Bazinga responded with OK (200)
I, [2014-04-05T11:40:13.521626 #16071]  INFO -- : Player NoCo responded with  (200)
I, [2014-04-05T11:40:13.522097 #16071]  INFO -- : Players are running
I, [2014-04-05T11:40:13.542713 #16071]  INFO -- : Player R3T responded with  (200)
I, [2014-04-05T11:40:13.546807 #16071]  INFO -- : Player Mr Bazinga responded with Mr Bazinga version 0.1 (200)
I, [2014-04-05T11:40:13.548456 #16071]  INFO -- : Player NoCo responded with NoCo1137 (200)
I, [2014-04-05T11:40:13.548783 #16071]  INFO -- : NoCo received hole_card Ace of Spades
I, [2014-04-05T11:40:13.548973 #16071]  INFO -- : R3T received hole_card 3 of Hearts
I, [2014-04-05T11:40:13.549164 #16071]  INFO -- : Mr Bazinga received hole_card 7 of Hearts
I, [2014-04-05T11:40:13.549389 #16071]  INFO -- : NoCo received hole_card 7 of Clubs
I, [2014-04-05T11:40:13.549577 #16071]  INFO -- : R3T received hole_card King of Clubs
I, [2014-04-05T11:40:13.549772 #16071]  INFO -- : Mr Bazinga received hole_card 8 of Clubs
I, [2014-04-05T11:40:13.551349 #16071]  INFO -- : NoCo made a bet of 10 (raise) and is left with 990 chips. The pot now contains 10 chips.
I, [2014-04-05T11:40:13.551645 #16071]  INFO -- : R3T made a bet of 20 (raise) and is left with 980 chips. The pot now contains 30 chips.
I, [2014-04-05T11:40:13.554813 #16071]  INFO -- : Player Mr Bazinga responded with 500 (200)
I, [2014-04-05T11:40:13.555044 #16071]  INFO -- : Mr Bazinga made a bet of 500 (raise) and is left with 500 chips. The pot now contains 530 chips.
I, [2014-04-05T11:40:13.561694 #16071]  INFO -- : Player NoCo responded with 490 (200)
I, [2014-04-05T11:40:13.561924 #16071]  INFO -- : NoCo made a bet of 490 (call) and is left with 500 chips. The pot now contains 1020 chips.
I, [2014-04-05T11:40:13.608900 #16071]  INFO -- : Player R3T responded with 0 (200)
I, [2014-04-05T11:40:13.609243 #16071]  INFO -- : R3T made a bet of 0 (fold) and is left with 980 chips. The pot now contains 1020 chips.
I, [2014-04-05T11:40:13.609536 #16071]  INFO -- : community card 4 of Spades
I, [2014-04-05T11:40:13.609743 #16071]  INFO -- : community card 3 of Diamonds
I, [2014-04-05T11:40:13.609966 #16071]  INFO -- : community card 7 of Spades
E, [2014-04-05T11:40:14.111962 #16071] ERROR -- : Net::ReadTimeout
E, [2014-04-05T11:40:14.112309 #16071] ERROR -- : Player NoCo is unreachable
I, [2014-04-05T11:40:14.112772 #16071]  INFO -- : NoCo made a bet of 0 (check) and is left with 500 chips. The pot now contains 1020 chips.
I, [2014-04-05T11:40:14.118619 #16071]  INFO -- : Player Mr Bazinga responded with 500 (200)
I, [2014-04-05T11:40:14.119396 #16071]  INFO -- : Mr Bazinga made a bet of 500 (allin) and is left with 0 chips. The pot now contains 1520 chips.
E, [2014-04-05T11:40:14.623303 #16071] ERROR -- : Net::ReadTimeout
E, [2014-04-05T11:40:14.623622 #16071] ERROR -- : Player NoCo is unreachable
I, [2014-04-05T11:40:14.624239 #16071]  INFO -- : NoCo made a bet of 0 (fold) and is left with 500 chips. The pot now contains 1520 chips.
I, [2014-04-05T11:40:14.626944 #16071]  INFO -- : Mr Bazinga won 1520
I, [2014-04-05T11:40:14.632284 #16071]  INFO -- : Player R3T responded with  (200)
I, [2014-04-05T11:40:14.637845 #16071]  INFO -- : Player Mr Bazinga responded with OK (200)
E, [2014-04-05T11:40:15.141166 #16071] ERROR -- : Net::ReadTimeout
E, [2014-04-05T11:40:15.141404 #16071] ERROR -- : Player NoCo is unreachable
I, [2014-04-05T11:40:15.142026 #16071]  INFO -- : R3T received hole_card Ace of Diamonds
I, [2014-04-05T11:40:15.142407 #16071]  INFO -- : Mr Bazinga received hole_card Queen of Clubs
I, [2014-04-05T11:40:15.142841 #16071]  INFO -- : NoCo received hole_card Jack of Diamonds
I, [2014-04-05T11:40:15.143225 #16071]  INFO -- : R3T received hole_card King of Diamonds
I, [2014-04-05T11:40:15.143642 #16071]  INFO -- : Mr Bazinga received hole_card 3 of Diamonds
I, [2014-04-05T11:40:15.144034 #16071]  INFO -- : NoCo received hole_card Jack of Hearts
I, [2014-04-05T11:40:15.144439 #16071]  INFO -- : R3T made a bet of 10 (raise) and is left with 970 chips. The pot now contains 10 chips.
I, [2014-04-05T11:40:15.144676 #16071]  INFO -- : Mr Bazinga made a bet of 20 (raise) and is left with 1500 chips. The pot now contains 30 chips.
I, [2014-04-05T11:40:15.620186 #16071]  INFO -- : Player NoCo responded with 30 (200)
I, [2014-04-05T11:40:15.620807 #16071]  INFO -- : NoCo made a bet of 30 (raise) and is left with 470 chips. The pot now contains 60 chips.
I, [2014-04-05T11:40:15.635823 #16071]  INFO -- : Player R3T responded with 0 (200)
I, [2014-04-05T11:40:15.636559 #16071]  INFO -- : R3T made a bet of 0 (fold) and is left with 970 chips. The pot now contains 60 chips.
I, [2014-04-05T11:40:15.641752 #16071]  INFO -- : Player Mr Bazinga responded with 500 (200)
I, [2014-04-05T11:40:15.642256 #16071]  INFO -- : Mr Bazinga made a bet of 500 (raise) and is left with 1000 chips. The pot now contains 560 chips.
I, [2014-04-05T11:40:15.647280 #16071]  INFO -- : Player NoCo responded with 980 (200)
I, [2014-04-05T11:40:15.647547 #16071]  INFO -- : NoCo made a bet of 470 (allin) and is left with 0 chips. The pot now contains 1030 chips.
I, [2014-04-05T11:40:15.647823 #16071]  INFO -- : community card 2 of Spades
I, [2014-04-05T11:40:15.648172 #16071]  INFO -- : community card 6 of Spades
I, [2014-04-05T11:40:15.648501 #16071]  INFO -- : community card 10 of Hearts
I, [2014-04-05T11:40:15.648981 #16071]  INFO -- : community card 6 of Diamonds
I, [2014-04-05T11:40:15.649280 #16071]  INFO -- : community card 7 of Spades
I, [2014-04-05T11:40:15.650029 #16071]  INFO -- : Mr Bazinga showed 6 of Diamonds,6 of Spades,7 of Spades,10 of Hearts,Queen of Clubs making a pair
I, [2014-04-05T11:40:15.651391 #16071]  INFO -- : NoCo showed 6 of Spades,6 of Diamonds,10 of Hearts,Jack of Hearts,Jack of Diamonds making a two pairs
I, [2014-04-05T11:40:15.652223 #16071]  INFO -- : NoCo won 1010
I, [2014-04-05T11:40:15.653389 #16071]  INFO -- : Mr Bazinga won 20
I, [2014-04-05T11:40:15.661402 #16071]  INFO -- : Player R3T responded with  (200)
I, [2014-04-05T11:40:15.663258 #16071]  INFO -- : Player Mr Bazinga responded with OK (200)
I, [2014-04-05T11:40:15.664985 #16071]  INFO -- : Player NoCo responded with  (200)
I, [2014-04-05T11:40:15.665311 #16071]  INFO -- : Mr Bazinga received hole_card 3 of Spades
I, [2014-04-05T11:40:15.665516 #16071]  INFO -- : NoCo received hole_card 8 of Hearts
I, [2014-04-05T11:40:15.665711 #16071]  INFO -- : R3T received hole_card 5 of Clubs
I, [2014-04-05T11:40:15.665937 #16071]  INFO -- : Mr Bazinga received hole_card 3 of Clubs
I, [2014-04-05T11:40:15.666158 #16071]  INFO -- : NoCo received hole_card 8 of Spades
I, [2014-04-05T11:40:15.666354 #16071]  INFO -- : R3T received hole_card 2 of Hearts
I, [2014-04-05T11:40:15.666650 #16071]  INFO -- : Mr Bazinga made a bet of 10 (raise) and is left with 1010 chips. The pot now contains 10 chips.
I, [2014-04-05T11:40:15.666936 #16071]  INFO -- : NoCo made a bet of 20 (raise) and is left with 990 chips. The pot now contains 30 chips.
I, [2014-04-05T11:40:15.671519 #16071]  INFO -- : Player R3T responded with 0 (200)
I, [2014-04-05T11:40:15.672219 #16071]  INFO -- : R3T made a bet of 0 (fold) and is left with 970 chips. The pot now contains 30 chips.
I, [2014-04-05T11:40:15.681338 #16071]  INFO -- : Player Mr Bazinga responded with 500 (200)
I, [2014-04-05T11:40:15.681772 #16071]  INFO -- : Mr Bazinga made a bet of 500 (raise) and is left with 510 chips. The pot now contains 530 chips.
I, [2014-04-05T11:40:15.684409 #16071]  INFO -- : Player NoCo responded with 980 (200)
I, [2014-04-05T11:40:15.684762 #16071]  INFO -- : NoCo made a bet of 980 (raise) and is left with 10 chips. The pot now contains 1510 chips.
I, [2014-04-05T11:40:15.689070 #16071]  INFO -- : Player Mr Bazinga responded with 500 (200)
I, [2014-04-05T11:40:15.689433 #16071]  INFO -- : Mr Bazinga made a bet of 490 (call) and is left with 20 chips. The pot now contains 2000 chips.
I, [2014-04-05T11:40:15.689972 #16071]  INFO -- : community card King of Spades
I, [2014-04-05T11:40:15.690445 #16071]  INFO -- : community card Queen of Hearts
I, [2014-04-05T11:40:15.690924 #16071]  INFO -- : community card Jack of Clubs
I, [2014-04-05T11:40:15.694068 #16071]  INFO -- : Player Mr Bazinga responded with 500 (200)
I, [2014-04-05T11:40:15.694445 #16071]  INFO -- : Mr Bazinga made a bet of 20 (allin) and is left with 0 chips. The pot now contains 2020 chips.
E, [2014-04-05T11:40:16.197016 #16071] ERROR -- : Net::ReadTimeout
E, [2014-04-05T11:40:16.197397 #16071] ERROR -- : Player NoCo is unreachable
I, [2014-04-05T11:40:16.197970 #16071]  INFO -- : NoCo made a bet of 0 (fold) and is left with 10 chips. The pot now contains 2020 chips.
I, [2014-04-05T11:40:16.199263 #16071]  INFO -- : Mr Bazinga won 2020
I, [2014-04-05T11:40:16.203545 #16071]  INFO -- : Player R3T responded with  (200)
I, [2014-04-05T11:40:16.207386 #16071]  INFO -- : Player Mr Bazinga responded with OK (200)
I, [2014-04-05T11:40:16.701644 #16071]  INFO -- : Player NoCo responded with  (200)
I, [2014-04-05T11:40:16.702583 #16071]  INFO -- : NoCo received hole_card 5 of Hearts
I, [2014-04-05T11:40:16.703104 #16071]  INFO -- : R3T received hole_card 7 of Spades
I, [2014-04-05T11:40:16.703691 #16071]  INFO -- : Mr Bazinga received hole_card 4 of Hearts
I, [2014-04-05T11:40:16.704304 #16071]  INFO -- : NoCo received hole_card 6 of Clubs
I, [2014-04-05T11:40:16.704857 #16071]  INFO -- : R3T received hole_card 5 of Diamonds
I, [2014-04-05T11:40:16.705412 #16071]  INFO -- : Mr Bazinga received hole_card King of Clubs
I, [2014-04-05T11:40:16.706327 #16071]  INFO -- : NoCo made a bet of 10 (allin) and is left with 0 chips. The pot now contains 10 chips.
I, [2014-04-05T11:40:16.707101 #16071]  INFO -- : R3T made a bet of 20 (raise) and is left with 950 chips. The pot now contains 30 chips.
I, [2014-04-05T11:40:16.711403 #16071]  INFO -- : Player Mr Bazinga responded with 500 (200)
I, [2014-04-05T11:40:16.711957 #16071]  INFO -- : Mr Bazinga made a bet of 500 (raise) and is left with 1520 chips. The pot now contains 530 chips.
I, [2014-04-05T11:40:16.719267 #16071]  INFO -- : Player R3T responded with 0 (200)
I, [2014-04-05T11:40:16.719865 #16071]  INFO -- : R3T made a bet of 0 (fold) and is left with 950 chips. The pot now contains 530 chips.
I, [2014-04-05T11:40:16.720637 #16071]  INFO -- : community card 4 of Clubs
I, [2014-04-05T11:40:16.721431 #16071]  INFO -- : community card 2 of Clubs
I, [2014-04-05T11:40:16.722176 #16071]  INFO -- : community card Jack of Clubs
I, [2014-04-05T11:40:16.722982 #16071]  INFO -- : community card 9 of Clubs
I, [2014-04-05T11:40:16.723761 #16071]  INFO -- : community card 10 of Hearts
I, [2014-04-05T11:40:16.725204 #16071]  INFO -- : Mr Bazinga showed 2 of Clubs,4 of Clubs,9 of Clubs,Jack of Clubs,King of Clubs making a flush
I, [2014-04-05T11:40:16.726366 #16071]  INFO -- : Mr Bazinga won 530
I, [2014-04-05T11:40:16.730495 #16071]  INFO -- : Player R3T responded with  (200)
I, [2014-04-05T11:40:16.734007 #16071]  INFO -- : Player Mr Bazinga responded with OK (200)
I, [2014-04-05T11:40:16.737587 #16071]  INFO -- : Player NoCo responded with  (200)
I, [2014-04-05T11:40:16.737908 #16071]  INFO -- : Mr Bazinga received hole_card Queen of Clubs
I, [2014-04-05T11:40:16.738098 #16071]  INFO -- : R3T received hole_card Queen of Hearts
I, [2014-04-05T11:40:16.738275 #16071]  INFO -- : Mr Bazinga received hole_card 6 of Spades
I, [2014-04-05T11:40:16.738457 #16071]  INFO -- : R3T received hole_card 8 of Spades
I, [2014-04-05T11:40:16.738752 #16071]  INFO -- : Mr Bazinga made a bet of 10 (raise) and is left with 2040 chips. The pot now contains 10 chips.
I, [2014-04-05T11:40:16.738985 #16071]  INFO -- : R3T made a bet of 20 (raise) and is left with 930 chips. The pot now contains 30 chips.
I, [2014-04-05T11:40:16.741862 #16071]  INFO -- : Player Mr Bazinga responded with 500 (200)
I, [2014-04-05T11:40:16.742057 #16071]  INFO -- : Mr Bazinga made a bet of 500 (raise) and is left with 1540 chips. The pot now contains 530 chips.
I, [2014-04-05T11:40:16.750597 #16071]  INFO -- : Player R3T responded with 0 (200)
I, [2014-04-05T11:40:16.750801 #16071]  INFO -- : R3T made a bet of 0 (fold) and is left with 930 chips. The pot now contains 530 chips.
I, [2014-04-05T11:40:16.751168 #16071]  INFO -- : Mr Bazinga won 530
I, [2014-04-05T11:40:16.756120 #16071]  INFO -- : Player R3T responded with  (200)
I, [2014-04-05T11:40:16.763449 #16071]  INFO -- : Player Mr Bazinga responded with OK (200)
I, [2014-04-05T11:40:16.767466 #16071]  INFO -- : Player NoCo responded with  (200)
I, [2014-04-05T11:40:16.767912 #16071]  INFO -- : R3T received hole_card Queen of Hearts
I, [2014-04-05T11:40:16.768193 #16071]  INFO -- : Mr Bazinga received hole_card 2 of Clubs
I, [2014-04-05T11:40:16.768483 #16071]  INFO -- : R3T received hole_card 3 of Spades
I, [2014-04-05T11:40:16.769032 #16071]  INFO -- : Mr Bazinga received hole_card Queen of Spades
I, [2014-04-05T11:40:16.769943 #16071]  INFO -- : R3T made a bet of 10 (raise) and is left with 920 chips. The pot now contains 10 chips.
I, [2014-04-05T11:40:16.770793 #16071]  INFO -- : Mr Bazinga made a bet of 20 (raise) and is left with 2050 chips. The pot now contains 30 chips.
I, [2014-04-05T11:40:16.775427 #16071]  INFO -- : Player R3T responded with 0 (200)
I, [2014-04-05T11:40:16.776234 #16071]  INFO -- : R3T made a bet of 0 (fold) and is left with 920 chips. The pot now contains 30 chips.
I, [2014-04-05T11:40:16.781081 #16071]  INFO -- : Player Mr Bazinga responded with 500 (200)
I, [2014-04-05T11:40:16.781313 #16071]  INFO -- : Mr Bazinga made a bet of 500 (raise) and is left with 1550 chips. The pot now contains 530 chips.
I, [2014-04-05T11:40:16.781822 #16071]  INFO -- : Mr Bazinga won 530
I, [2014-04-05T11:40:16.787437 #16071]  INFO -- : Player R3T responded with  (200)
I, [2014-04-05T11:40:16.793818 #16071]  INFO -- : Player Mr Bazinga responded with OK (200)
I, [2014-04-05T11:40:16.796343 #16071]  INFO -- : Player NoCo responded with  (200)
I, [2014-04-05T11:40:16.796819 #16071]  INFO -- : Mr Bazinga received hole_card Ace of Spades
I, [2014-04-05T11:40:16.797062 #16071]  INFO -- : R3T received hole_card 5 of Hearts
I, [2014-04-05T11:40:16.797342 #16071]  INFO -- : Mr Bazinga received hole_card 6 of Spades
I, [2014-04-05T11:40:16.797599 #16071]  INFO -- : R3T received hole_card Ace of Hearts
I, [2014-04-05T11:40:16.798251 #16071]  INFO -- : Mr Bazinga made a bet of 10 (raise) and is left with 2070 chips. The pot now contains 10 chips.
I, [2014-04-05T11:40:16.798772 #16071]  INFO -- : R3T made a bet of 20 (raise) and is left with 900 chips. The pot now contains 30 chips.
I, [2014-04-05T11:40:16.802736 #16071]  INFO -- : Player Mr Bazinga responded with 500 (200)
I, [2014-04-05T11:40:16.803165 #16071]  INFO -- : Mr Bazinga made a bet of 500 (raise) and is left with 1570 chips. The pot now contains 530 chips.
I, [2014-04-05T11:40:16.812841 #16071]  INFO -- : Player R3T responded with 0 (200)
I, [2014-04-05T11:40:16.813814 #16071]  INFO -- : R3T made a bet of 0 (fold) and is left with 900 chips. The pot now contains 530 chips.
I, [2014-04-05T11:40:16.815157 #16071]  INFO -- : Mr Bazinga won 530
I, [2014-04-05T11:40:16.822616 #16071]  INFO -- : Player R3T responded with  (200)
I, [2014-04-05T11:40:16.826174 #16071]  INFO -- : Player Mr Bazinga responded with OK (200)
I, [2014-04-05T11:40:16.829642 #16071]  INFO -- : Player NoCo responded with  (200)
I, [2014-04-05T11:40:16.830689 #16071]  INFO -- : R3T received hole_card 6 of Clubs
I, [2014-04-05T11:40:16.830926 #16071]  INFO -- : Mr Bazinga received hole_card 9 of Spades
I, [2014-04-05T11:40:16.831105 #16071]  INFO -- : R3T received hole_card Ace of Diamonds
I, [2014-04-05T11:40:16.831260 #16071]  INFO -- : Mr Bazinga received hole_card 6 of Diamonds
I, [2014-04-05T11:40:16.831528 #16071]  INFO -- : R3T made a bet of 10 (raise) and is left with 890 chips. The pot now contains 10 chips.
I, [2014-04-05T11:40:16.831745 #16071]  INFO -- : Mr Bazinga made a bet of 20 (raise) and is left with 2080 chips. The pot now contains 30 chips.
I, [2014-04-05T11:40:16.841801 #16071]  INFO -- : Player R3T responded with 0 (200)
I, [2014-04-05T11:40:16.842569 #16071]  INFO -- : R3T made a bet of 0 (fold) and is left with 890 chips. The pot now contains 30 chips.
I, [2014-04-05T11:40:16.846304 #16071]  INFO -- : Player Mr Bazinga responded with 500 (200)
I, [2014-04-05T11:40:16.846863 #16071]  INFO -- : Mr Bazinga made a bet of 500 (raise) and is left with 1580 chips. The pot now contains 530 chips.
I, [2014-04-05T11:40:16.848029 #16071]  INFO -- : Mr Bazinga won 530
I, [2014-04-05T11:40:16.854306 #16071]  INFO -- : Player R3T responded with  (200)
I, [2014-04-05T11:40:16.857861 #16071]  INFO -- : Player Mr Bazinga responded with OK (200)
I, [2014-04-05T11:40:16.861874 #16071]  INFO -- : Player NoCo responded with  (200)
I, [2014-04-05T11:40:16.862215 #16071]  INFO -- : Mr Bazinga received hole_card Queen of Hearts
I, [2014-04-05T11:40:16.862372 #16071]  INFO -- : R3T received hole_card Queen of Clubs
I, [2014-04-05T11:40:16.862543 #16071]  INFO -- : Mr Bazinga received hole_card 6 of Hearts
I, [2014-04-05T11:40:16.862711 #16071]  INFO -- : R3T received hole_card Ace of Spades
I, [2014-04-05T11:40:16.862977 #16071]  INFO -- : Mr Bazinga made a bet of 10 (raise) and is left with 2100 chips. The pot now contains 10 chips.
I, [2014-04-05T11:40:16.863222 #16071]  INFO -- : R3T made a bet of 20 (raise) and is left with 870 chips. The pot now contains 30 chips.
I, [2014-04-05T11:40:16.867124 #16071]  INFO -- : Player Mr Bazinga responded with 500 (200)
I, [2014-04-05T11:40:16.867312 #16071]  INFO -- : Mr Bazinga made a bet of 500 (raise) and is left with 1600 chips. The pot now contains 530 chips.
I, [2014-04-05T11:40:16.871157 #16071]  INFO -- : Player R3T responded with 0 (200)
I, [2014-04-05T11:40:16.871705 #16071]  INFO -- : R3T made a bet of 0 (fold) and is left with 870 chips. The pot now contains 530 chips.
I, [2014-04-05T11:40:16.872853 #16071]  INFO -- : Mr Bazinga won 530
I, [2014-04-05T11:40:16.878849 #16071]  INFO -- : Player R3T responded with  (200)
I, [2014-04-05T11:40:16.883631 #16071]  INFO -- : Player Mr Bazinga responded with OK (200)
I, [2014-04-05T11:40:16.886239 #16071]  INFO -- : Player NoCo responded with  (200)
I, [2014-04-05T11:40:16.886728 #16071]  INFO -- : R3T received hole_card King of Diamonds
I, [2014-04-05T11:40:16.887217 #16071]  INFO -- : Mr Bazinga received hole_card 3 of Clubs
I, [2014-04-05T11:40:16.887788 #16071]  INFO -- : R3T received hole_card 5 of Spades
I, [2014-04-05T11:40:16.888464 #16071]  INFO -- : Mr Bazinga received hole_card Jack of Hearts
I, [2014-04-05T11:40:16.889339 #16071]  INFO -- : R3T made a bet of 20 (raise) and is left with 850 chips. The pot now contains 20 chips.
I, [2014-04-05T11:40:16.889941 #16071]  INFO -- : Mr Bazinga made a bet of 40 (raise) and is left with 2090 chips. The pot now contains 60 chips.
I, [2014-04-05T11:40:16.897800 #16071]  INFO -- : Player R3T responded with 0 (200)
I, [2014-04-05T11:40:16.898492 #16071]  INFO -- : R3T made a bet of 0 (fold) and is left with 850 chips. The pot now contains 60 chips.
I, [2014-04-05T11:40:16.902058 #16071]  INFO -- : Player Mr Bazinga responded with 500 (200)
I, [2014-04-05T11:40:16.902519 #16071]  INFO -- : Mr Bazinga made a bet of 500 (raise) and is left with 1590 chips. The pot now contains 560 chips.
I, [2014-04-05T11:40:16.903675 #16071]  INFO -- : Mr Bazinga won 560
I, [2014-04-05T11:40:16.910318 #16071]  INFO -- : Player R3T responded with  (200)
I, [2014-04-05T11:40:16.915843 #16071]  INFO -- : Player Mr Bazinga responded with OK (200)
I, [2014-04-05T11:40:16.918622 #16071]  INFO -- : Player NoCo responded with  (200)
I, [2014-04-05T11:40:16.919696 #16071]  INFO -- : Mr Bazinga received hole_card Queen of Diamonds
I, [2014-04-05T11:40:16.920470 #16071]  INFO -- : R3T received hole_card 6 of Clubs
I, [2014-04-05T11:40:16.921041 #16071]  INFO -- : Mr Bazinga received hole_card 9 of Diamonds
I, [2014-04-05T11:40:16.921355 #16071]  INFO -- : R3T received hole_card 9 of Hearts
I, [2014-04-05T11:40:16.922217 #16071]  INFO -- : Mr Bazinga made a bet of 20 (raise) and is left with 2130 chips. The pot now contains 20 chips.
I, [2014-04-05T11:40:16.923116 #16071]  INFO -- : R3T made a bet of 40 (raise) and is left with 810 chips. The pot now contains 60 chips.
I, [2014-04-05T11:40:16.928021 #16071]  INFO -- : Player Mr Bazinga responded with 500 (200)
I, [2014-04-05T11:40:16.928690 #16071]  INFO -- : Mr Bazinga made a bet of 500 (raise) and is left with 1630 chips. The pot now contains 560 chips.
I, [2014-04-05T11:40:16.940467 #16071]  INFO -- : Player R3T responded with 0 (200)
I, [2014-04-05T11:40:16.941305 #16071]  INFO -- : R3T made a bet of 0 (fold) and is left with 810 chips. The pot now contains 560 chips.
I, [2014-04-05T11:40:16.942607 #16071]  INFO -- : Mr Bazinga won 560
I, [2014-04-05T11:40:16.948599 #16071]  INFO -- : Player R3T responded with  (200)
I, [2014-04-05T11:40:16.953239 #16071]  INFO -- : Player Mr Bazinga responded with OK (200)
I, [2014-04-05T11:40:16.955533 #16071]  INFO -- : Player NoCo responded with  (200)
I, [2014-04-05T11:40:16.956114 #16071]  INFO -- : R3T received hole_card 10 of Clubs
I, [2014-04-05T11:40:16.956483 #16071]  INFO -- : Mr Bazinga received hole_card Queen of Diamonds
I, [2014-04-05T11:40:16.956856 #16071]  INFO -- : R3T received hole_card Jack of Spades
I, [2014-04-05T11:40:16.957225 #16071]  INFO -- : Mr Bazinga received hole_card King of Diamonds
I, [2014-04-05T11:40:16.957762 #16071]  INFO -- : R3T made a bet of 20 (raise) and is left with 790 chips. The pot now contains 20 chips.
I, [2014-04-05T11:40:16.958243 #16071]  INFO -- : Mr Bazinga made a bet of 40 (raise) and is left with 2150 chips. The pot now contains 60 chips.
I, [2014-04-05T11:40:16.964410 #16071]  INFO -- : Player R3T responded with 0 (200)
I, [2014-04-05T11:40:16.964745 #16071]  INFO -- : R3T made a bet of 0 (fold) and is left with 790 chips. The pot now contains 60 chips.
I, [2014-04-05T11:40:16.967231 #16071]  INFO -- : Player Mr Bazinga responded with 500 (200)
I, [2014-04-05T11:40:16.967514 #16071]  INFO -- : Mr Bazinga made a bet of 500 (raise) and is left with 1650 chips. The pot now contains 560 chips.
I, [2014-04-05T11:40:16.967899 #16071]  INFO -- : Mr Bazinga won 560
I, [2014-04-05T11:40:16.970484 #16071]  INFO -- : Player R3T responded with  (200)
I, [2014-04-05T11:40:16.972183 #16071]  INFO -- : Player Mr Bazinga responded with OK (200)
I, [2014-04-05T11:40:16.974076 #16071]  INFO -- : Player NoCo responded with  (200)
I, [2014-04-05T11:40:16.974489 #16071]  INFO -- : Mr Bazinga received hole_card 5 of Diamonds
I, [2014-04-05T11:40:16.974688 #16071]  INFO -- : R3T received hole_card 7 of Clubs
I, [2014-04-05T11:40:16.974904 #16071]  INFO -- : Mr Bazinga received hole_card 4 of Clubs
I, [2014-04-05T11:40:16.975161 #16071]  INFO -- : R3T received hole_card Jack of Clubs
I, [2014-04-05T11:40:16.975522 #16071]  INFO -- : Mr Bazinga made a bet of 20 (raise) and is left with 2190 chips. The pot now contains 20 chips.
I, [2014-04-05T11:40:16.975884 #16071]  INFO -- : R3T made a bet of 40 (raise) and is left with 750 chips. The pot now contains 60 chips.
I, [2014-04-05T11:40:16.979121 #16071]  INFO -- : Player Mr Bazinga responded with 500 (200)
I, [2014-04-05T11:40:16.979822 #16071]  INFO -- : Mr Bazinga made a bet of 500 (raise) and is left with 1690 chips. The pot now contains 560 chips.
I, [2014-04-05T11:40:16.983599 #16071]  INFO -- : Player R3T responded with 0 (200)
I, [2014-04-05T11:40:16.983933 #16071]  INFO -- : R3T made a bet of 0 (fold) and is left with 750 chips. The pot now contains 560 chips.
I, [2014-04-05T11:40:16.984480 #16071]  INFO -- : Mr Bazinga won 560
I, [2014-04-05T11:40:16.987604 #16071]  INFO -- : Player R3T responded with  (200)
I, [2014-04-05T11:40:16.989572 #16071]  INFO -- : Player Mr Bazinga responded with OK (200)
I, [2014-04-05T11:40:16.991092 #16071]  INFO -- : Player NoCo responded with  (200)
I, [2014-04-05T11:40:16.991375 #16071]  INFO -- : R3T received hole_card 7 of Clubs
I, [2014-04-05T11:40:16.991537 #16071]  INFO -- : Mr Bazinga received hole_card 10 of Spades
I, [2014-04-05T11:40:16.991688 #16071]  INFO -- : R3T received hole_card Jack of Diamonds
I, [2014-04-05T11:40:16.991844 #16071]  INFO -- : Mr Bazinga received hole_card King of Diamonds
I, [2014-04-05T11:40:16.992222 #16071]  INFO -- : R3T made a bet of 20 (raise) and is left with 730 chips. The pot now contains 20 chips.
I, [2014-04-05T11:40:16.992784 #16071]  INFO -- : Mr Bazinga made a bet of 40 (raise) and is left with 2210 chips. The pot now contains 60 chips.
I, [2014-04-05T11:40:17.002825 #16071]  INFO -- : Player R3T responded with 0 (200)
I, [2014-04-05T11:40:17.003382 #16071]  INFO -- : R3T made a bet of 0 (fold) and is left with 730 chips. The pot now contains 60 chips.
I, [2014-04-05T11:40:17.008553 #16071]  INFO -- : Player Mr Bazinga responded with 500 (200)
I, [2014-04-05T11:40:17.008995 #16071]  INFO -- : Mr Bazinga made a bet of 500 (raise) and is left with 1710 chips. The pot now contains 560 chips.
I, [2014-04-05T11:40:17.009453 #16071]  INFO -- : Mr Bazinga won 560
I, [2014-04-05T11:40:17.014989 #16071]  INFO -- : Player R3T responded with  (200)
I, [2014-04-05T11:40:17.017306 #16071]  INFO -- : Player Mr Bazinga responded with OK (200)
I, [2014-04-05T11:40:17.020159 #16071]  INFO -- : Player NoCo responded with  (200)
I, [2014-04-05T11:40:17.020445 #16071]  INFO -- : Mr Bazinga received hole_card Ace of Hearts
I, [2014-04-05T11:40:17.020591 #16071]  INFO -- : R3T received hole_card Jack of Spades
I, [2014-04-05T11:40:17.020758 #16071]  INFO -- : Mr Bazinga received hole_card 2 of Clubs
I, [2014-04-05T11:40:17.020898 #16071]  INFO -- : R3T received hole_card 3 of Hearts
I, [2014-04-05T11:40:17.021143 #16071]  INFO -- : Mr Bazinga made a bet of 20 (raise) and is left with 2250 chips. The pot now contains 20 chips.
I, [2014-04-05T11:40:17.021360 #16071]  INFO -- : R3T made a bet of 40 (raise) and is left with 690 chips. The pot now contains 60 chips.
I, [2014-04-05T11:40:17.022923 #16071]  INFO -- : Player Mr Bazinga responded with 500 (200)
I, [2014-04-05T11:40:17.023120 #16071]  INFO -- : Mr Bazinga made a bet of 500 (raise) and is left with 1750 chips. The pot now contains 560 chips.
I, [2014-04-05T11:40:17.031468 #16071]  INFO -- : Player R3T responded with 0 (200)
I, [2014-04-05T11:40:17.031746 #16071]  INFO -- : R3T made a bet of 0 (fold) and is left with 690 chips. The pot now contains 560 chips.
I, [2014-04-05T11:40:17.032737 #16071]  INFO -- : Mr Bazinga won 560
I, [2014-04-05T11:40:17.037287 #16071]  INFO -- : Player R3T responded with  (200)
I, [2014-04-05T11:40:17.041819 #16071]  INFO -- : Player Mr Bazinga responded with OK (200)
I, [2014-04-05T11:40:17.044481 #16071]  INFO -- : Player NoCo responded with  (200)
I, [2014-04-05T11:40:17.045402 #16071]  INFO -- : R3T received hole_card 2 of Diamonds
I, [2014-04-05T11:40:17.046078 #16071]  INFO -- : Mr Bazinga received hole_card 8 of Spades
I, [2014-04-05T11:40:17.046642 #16071]  INFO -- : R3T received hole_card 5 of Spades
I, [2014-04-05T11:40:17.047237 #16071]  INFO -- : Mr Bazinga received hole_card 2 of Hearts
I, [2014-04-05T11:40:17.048223 #16071]  INFO -- : R3T made a bet of 20 (raise) and is left with 670 chips. The pot now contains 20 chips.
I, [2014-04-05T11:40:17.048978 #16071]  INFO -- : Mr Bazinga made a bet of 40 (raise) and is left with 2270 chips. The pot now contains 60 chips.
I, [2014-04-05T11:40:17.058360 #16071]  INFO -- : Player R3T responded with 0 (200)
I, [2014-04-05T11:40:17.058939 #16071]  INFO -- : R3T made a bet of 0 (fold) and is left with 670 chips. The pot now contains 60 chips.
I, [2014-04-05T11:40:17.063589 #16071]  INFO -- : Player Mr Bazinga responded with 500 (200)
I, [2014-04-05T11:40:17.064277 #16071]  INFO -- : Mr Bazinga made a bet of 500 (raise) and is left with 1770 chips. The pot now contains 560 chips.
I, [2014-04-05T11:40:17.064660 #16071]  INFO -- : Mr Bazinga won 560
I, [2014-04-05T11:40:17.068060 #16071]  INFO -- : Player R3T responded with  (200)
I, [2014-04-05T11:40:17.069734 #16071]  INFO -- : Player Mr Bazinga responded with OK (200)
I, [2014-04-05T11:40:17.071251 #16071]  INFO -- : Player NoCo responded with  (200)
I, [2014-04-05T11:40:17.071551 #16071]  INFO -- : Mr Bazinga received hole_card 7 of Diamonds
I, [2014-04-05T11:40:17.071775 #16071]  INFO -- : R3T received hole_card 10 of Spades
I, [2014-04-05T11:40:17.071951 #16071]  INFO -- : Mr Bazinga received hole_card 3 of Diamonds
I, [2014-04-05T11:40:17.072165 #16071]  INFO -- : R3T received hole_card 4 of Spades
I, [2014-04-05T11:40:17.072438 #16071]  INFO -- : Mr Bazinga made a bet of 20 (raise) and is left with 2310 chips. The pot now contains 20 chips.
I, [2014-04-05T11:40:17.072749 #16071]  INFO -- : R3T made a bet of 40 (raise) and is left with 630 chips. The pot now contains 60 chips.
I, [2014-04-05T11:40:17.075816 #16071]  INFO -- : Player Mr Bazinga responded with 500 (200)
I, [2014-04-05T11:40:17.076136 #16071]  INFO -- : Mr Bazinga made a bet of 500 (raise) and is left with 1810 chips. The pot now contains 560 chips.
I, [2014-04-05T11:40:17.079816 #16071]  INFO -- : Player R3T responded with 0 (200)
I, [2014-04-05T11:40:17.080026 #16071]  INFO -- : R3T made a bet of 0 (fold) and is left with 630 chips. The pot now contains 560 chips.
I, [2014-04-05T11:40:17.080404 #16071]  INFO -- : Mr Bazinga won 560
I, [2014-04-05T11:40:17.082249 #16071]  INFO -- : Player R3T responded with  (200)
I, [2014-04-05T11:40:17.083594 #16071]  INFO -- : Player Mr Bazinga responded with OK (200)
I, [2014-04-05T11:40:17.085025 #16071]  INFO -- : Player NoCo responded with  (200)
I, [2014-04-05T11:40:17.085319 #16071]  INFO -- : R3T received hole_card 8 of Spades
I, [2014-04-05T11:40:17.085489 #16071]  INFO -- : Mr Bazinga received hole_card 3 of Diamonds
I, [2014-04-05T11:40:17.085683 #16071]  INFO -- : R3T received hole_card Ace of Hearts
I, [2014-04-05T11:40:17.085860 #16071]  INFO -- : Mr Bazinga received hole_card Queen of Clubs
I, [2014-04-05T11:40:17.086140 #16071]  INFO -- : R3T made a bet of 20 (raise) and is left with 610 chips. The pot now contains 20 chips.
I, [2014-04-05T11:40:17.086385 #16071]  INFO -- : Mr Bazinga made a bet of 40 (raise) and is left with 2330 chips. The pot now contains 60 chips.
I, [2014-04-05T11:40:17.091122 #16071]  INFO -- : Player R3T responded with 0 (200)
I, [2014-04-05T11:40:17.091403 #16071]  INFO -- : R3T made a bet of 0 (fold) and is left with 610 chips. The pot now contains 60 chips.
I, [2014-04-05T11:40:17.094472 #16071]  INFO -- : Player Mr Bazinga responded with 500 (200)
I, [2014-04-05T11:40:17.094790 #16071]  INFO -- : Mr Bazinga made a bet of 500 (raise) and is left with 1830 chips. The pot now contains 560 chips.
I, [2014-04-05T11:40:17.095334 #16071]  INFO -- : Mr Bazinga won 560
I, [2014-04-05T11:40:17.098704 #16071]  INFO -- : Player R3T responded with  (200)
I, [2014-04-05T11:40:17.102544 #16071]  INFO -- : Player Mr Bazinga responded with OK (200)
I, [2014-04-05T11:40:17.105782 #16071]  INFO -- : Player NoCo responded with  (200)
I, [2014-04-05T11:40:17.106755 #16071]  INFO -- : Mr Bazinga received hole_card 2 of Clubs
I, [2014-04-05T11:40:17.107343 #16071]  INFO -- : R3T received hole_card King of Diamonds
I, [2014-04-05T11:40:17.108008 #16071]  INFO -- : Mr Bazinga received hole_card 3 of Spades
I, [2014-04-05T11:40:17.108567 #16071]  INFO -- : R3T received hole_card 10 of Hearts
I, [2014-04-05T11:40:17.109576 #16071]  INFO -- : Mr Bazinga made a bet of 40 (raise) and is left with 2350 chips. The pot now contains 40 chips.
I, [2014-04-05T11:40:17.110390 #16071]  INFO -- : R3T made a bet of 80 (raise) and is left with 530 chips. The pot now contains 120 chips.
I, [2014-04-05T11:40:17.116217 #16071]  INFO -- : Player Mr Bazinga responded with 500 (200)
I, [2014-04-05T11:40:17.116872 #16071]  INFO -- : Mr Bazinga made a bet of 500 (raise) and is left with 1850 chips. The pot now contains 620 chips.
I, [2014-04-05T11:40:17.126084 #16071]  INFO -- : Player R3T responded with 0 (200)
I, [2014-04-05T11:40:17.126482 #16071]  INFO -- : R3T made a bet of 0 (fold) and is left with 530 chips. The pot now contains 620 chips.
I, [2014-04-05T11:40:17.126933 #16071]  INFO -- : Mr Bazinga won 620
I, [2014-04-05T11:40:17.130887 #16071]  INFO -- : Player R3T responded with  (200)
I, [2014-04-05T11:40:17.135779 #16071]  INFO -- : Player Mr Bazinga responded with OK (200)
I, [2014-04-05T11:40:17.139964 #16071]  INFO -- : Player NoCo responded with  (200)
I, [2014-04-05T11:40:17.141021 #16071]  INFO -- : R3T received hole_card 6 of Clubs
I, [2014-04-05T11:40:17.141672 #16071]  INFO -- : Mr Bazinga received hole_card Queen of Diamonds
I, [2014-04-05T11:40:17.142382 #16071]  INFO -- : R3T received hole_card 2 of Diamonds
I, [2014-04-05T11:40:17.143061 #16071]  INFO -- : Mr Bazinga received hole_card 4 of Hearts
I, [2014-04-05T11:40:17.144649 #16071]  INFO -- : R3T made a bet of 40 (raise) and is left with 490 chips. The pot now contains 40 chips.
I, [2014-04-05T11:40:17.145685 #16071]  INFO -- : Mr Bazinga made a bet of 80 (raise) and is left with 2390 chips. The pot now contains 120 chips.
I, [2014-04-05T11:40:17.154886 #16071]  INFO -- : Player R3T responded with 0 (200)
I, [2014-04-05T11:40:17.155352 #16071]  INFO -- : R3T made a bet of 0 (fold) and is left with 490 chips. The pot now contains 120 chips.
I, [2014-04-05T11:40:17.159581 #16071]  INFO -- : Player Mr Bazinga responded with 500 (200)
I, [2014-04-05T11:40:17.160569 #16071]  INFO -- : Mr Bazinga made a bet of 500 (raise) and is left with 1890 chips. The pot now contains 620 chips.
I, [2014-04-05T11:40:17.161873 #16071]  INFO -- : Mr Bazinga won 620
I, [2014-04-05T11:40:17.167145 #16071]  INFO -- : Player R3T responded with  (200)
I, [2014-04-05T11:40:17.169650 #16071]  INFO -- : Player Mr Bazinga responded with OK (200)
I, [2014-04-05T11:40:17.173806 #16071]  INFO -- : Player NoCo responded with  (200)
I, [2014-04-05T11:40:17.174754 #16071]  INFO -- : Mr Bazinga received hole_card Jack of Diamonds
I, [2014-04-05T11:40:17.175181 #16071]  INFO -- : R3T received hole_card 3 of Diamonds
I, [2014-04-05T11:40:17.175812 #16071]  INFO -- : Mr Bazinga received hole_card 8 of Hearts
I, [2014-04-05T11:40:17.176454 #16071]  INFO -- : R3T received hole_card 6 of Spades
I, [2014-04-05T11:40:17.177372 #16071]  INFO -- : Mr Bazinga made a bet of 40 (raise) and is left with 2470 chips. The pot now contains 40 chips.
I, [2014-04-05T11:40:17.178166 #16071]  INFO -- : R3T made a bet of 80 (raise) and is left with 410 chips. The pot now contains 120 chips.
I, [2014-04-05T11:40:17.182419 #16071]  INFO -- : Player Mr Bazinga responded with 500 (200)
I, [2014-04-05T11:40:17.183074 #16071]  INFO -- : Mr Bazinga made a bet of 500 (raise) and is left with 1970 chips. The pot now contains 620 chips.
I, [2014-04-05T11:40:17.194869 #16071]  INFO -- : Player R3T responded with 0 (200)
I, [2014-04-05T11:40:17.195933 #16071]  INFO -- : R3T made a bet of 0 (fold) and is left with 410 chips. The pot now contains 620 chips.
I, [2014-04-05T11:40:17.196760 #16071]  INFO -- : Mr Bazinga won 620
I, [2014-04-05T11:40:17.200112 #16071]  INFO -- : Player R3T responded with  (200)
I, [2014-04-05T11:40:17.202539 #16071]  INFO -- : Player Mr Bazinga responded with OK (200)
I, [2014-04-05T11:40:17.204090 #16071]  INFO -- : Player NoCo responded with  (200)
I, [2014-04-05T11:40:17.204388 #16071]  INFO -- : R3T received hole_card 10 of Hearts
I, [2014-04-05T11:40:17.204536 #16071]  INFO -- : Mr Bazinga received hole_card 2 of Hearts
I, [2014-04-05T11:40:17.204697 #16071]  INFO -- : R3T received hole_card 5 of Spades
I, [2014-04-05T11:40:17.204859 #16071]  INFO -- : Mr Bazinga received hole_card King of Spades
I, [2014-04-05T11:40:17.205115 #16071]  INFO -- : R3T made a bet of 40 (raise) and is left with 370 chips. The pot now contains 40 chips.
I, [2014-04-05T11:40:17.205349 #16071]  INFO -- : Mr Bazinga made a bet of 80 (raise) and is left with 2510 chips. The pot now contains 120 chips.
I, [2014-04-05T11:40:17.208910 #16071]  INFO -- : Player R3T responded with 0 (200)
I, [2014-04-05T11:40:17.209150 #16071]  INFO -- : R3T made a bet of 0 (fold) and is left with 370 chips. The pot now contains 120 chips.
I, [2014-04-05T11:40:17.210824 #16071]  INFO -- : Player Mr Bazinga responded with 500 (200)
I, [2014-04-05T11:40:17.211059 #16071]  INFO -- : Mr Bazinga made a bet of 500 (raise) and is left with 2010 chips. The pot now contains 620 chips.
I, [2014-04-05T11:40:17.211457 #16071]  INFO -- : Mr Bazinga won 620
I, [2014-04-05T11:40:17.213561 #16071]  INFO -- : Player R3T responded with  (200)
I, [2014-04-05T11:40:17.215230 #16071]  INFO -- : Player Mr Bazinga responded with OK (200)
I, [2014-04-05T11:40:17.216700 #16071]  INFO -- : Player NoCo responded with  (200)
I, [2014-04-05T11:40:17.217002 #16071]  INFO -- : Mr Bazinga received hole_card 10 of Spades
I, [2014-04-05T11:40:17.217164 #16071]  INFO -- : R3T received hole_card Queen of Clubs
I, [2014-04-05T11:40:17.217742 #16071]  INFO -- : Mr Bazinga received hole_card Ace of Clubs
I, [2014-04-05T11:40:17.217966 #16071]  INFO -- : R3T received hole_card 2 of Spades
I, [2014-04-05T11:40:17.218327 #16071]  INFO -- : Mr Bazinga made a bet of 40 (raise) and is left with 2590 chips. The pot now contains 40 chips.
I, [2014-04-05T11:40:17.218655 #16071]  INFO -- : R3T made a bet of 80 (raise) and is left with 290 chips. The pot now contains 120 chips.
I, [2014-04-05T11:40:17.221343 #16071]  INFO -- : Player Mr Bazinga responded with 500 (200)
I, [2014-04-05T11:40:17.222208 #16071]  INFO -- : Mr Bazinga made a bet of 500 (raise) and is left with 2090 chips. The pot now contains 620 chips.
I, [2014-04-05T11:40:17.229084 #16071]  INFO -- : Player R3T responded with 0 (200)
I, [2014-04-05T11:40:17.229766 #16071]  INFO -- : R3T made a bet of 0 (fold) and is left with 290 chips. The pot now contains 620 chips.
I, [2014-04-05T11:40:17.230996 #16071]  INFO -- : Mr Bazinga won 620
I, [2014-04-05T11:40:17.237101 #16071]  INFO -- : Player R3T responded with  (200)
I, [2014-04-05T11:40:17.241573 #16071]  INFO -- : Player Mr Bazinga responded with OK (200)
I, [2014-04-05T11:40:17.245900 #16071]  INFO -- : Player NoCo responded with  (200)
I, [2014-04-05T11:40:17.246781 #16071]  INFO -- : R3T received hole_card 4 of Hearts
I, [2014-04-05T11:40:17.247275 #16071]  INFO -- : Mr Bazinga received hole_card King of Diamonds
I, [2014-04-05T11:40:17.247827 #16071]  INFO -- : R3T received hole_card 7 of Spades
I, [2014-04-05T11:40:17.248430 #16071]  INFO -- : Mr Bazinga received hole_card 10 of Clubs
I, [2014-04-05T11:40:17.249351 #16071]  INFO -- : R3T made a bet of 40 (raise) and is left with 250 chips. The pot now contains 40 chips.
I, [2014-04-05T11:40:17.250142 #16071]  INFO -- : Mr Bazinga made a bet of 80 (raise) and is left with 2630 chips. The pot now contains 120 chips.
I, [2014-04-05T11:40:17.260848 #16071]  INFO -- : Player R3T responded with 0 (200)
I, [2014-04-05T11:40:17.261194 #16071]  INFO -- : R3T made a bet of 0 (fold) and is left with 250 chips. The pot now contains 120 chips.
I, [2014-04-05T11:40:17.263114 #16071]  INFO -- : Player Mr Bazinga responded with 500 (200)
I, [2014-04-05T11:40:17.263422 #16071]  INFO -- : Mr Bazinga made a bet of 500 (raise) and is left with 2130 chips. The pot now contains 620 chips.
I, [2014-04-05T11:40:17.263882 #16071]  INFO -- : Mr Bazinga won 620
I, [2014-04-05T11:40:17.266337 #16071]  INFO -- : Player R3T responded with  (200)
I, [2014-04-05T11:40:17.268817 #16071]  INFO -- : Player Mr Bazinga responded with OK (200)
I, [2014-04-05T11:40:17.270407 #16071]  INFO -- : Player NoCo responded with  (200)
I, [2014-04-05T11:40:17.270771 #16071]  INFO -- : Mr Bazinga received hole_card 6 of Diamonds
I, [2014-04-05T11:40:17.270954 #16071]  INFO -- : R3T received hole_card Jack of Spades
I, [2014-04-05T11:40:17.271152 #16071]  INFO -- : Mr Bazinga received hole_card Queen of Clubs
I, [2014-04-05T11:40:17.271326 #16071]  INFO -- : R3T received hole_card 5 of Hearts
I, [2014-04-05T11:40:17.271640 #16071]  INFO -- : Mr Bazinga made a bet of 40 (raise) and is left with 2710 chips. The pot now contains 40 chips.
I, [2014-04-05T11:40:17.271938 #16071]  INFO -- : R3T made a bet of 80 (raise) and is left with 170 chips. The pot now contains 120 chips.
I, [2014-04-05T11:40:17.273727 #16071]  INFO -- : Player Mr Bazinga responded with 500 (200)
I, [2014-04-05T11:40:17.273994 #16071]  INFO -- : Mr Bazinga made a bet of 500 (raise) and is left with 2210 chips. The pot now contains 620 chips.
I, [2014-04-05T11:40:17.277719 #16071]  INFO -- : Player R3T responded with 0 (200)
I, [2014-04-05T11:40:17.277932 #16071]  INFO -- : R3T made a bet of 0 (fold) and is left with 170 chips. The pot now contains 620 chips.
I, [2014-04-05T11:40:17.278320 #16071]  INFO -- : Mr Bazinga won 620
I, [2014-04-05T11:40:17.280899 #16071]  INFO -- : Player R3T responded with  (200)
I, [2014-04-05T11:40:17.283335 #16071]  INFO -- : Player Mr Bazinga responded with OK (200)
I, [2014-04-05T11:40:17.286586 #16071]  INFO -- : Player NoCo responded with  (200)
I, [2014-04-05T11:40:17.287141 #16071]  INFO -- : R3T received hole_card Queen of Diamonds
I, [2014-04-05T11:40:17.287513 #16071]  INFO -- : Mr Bazinga received hole_card Jack of Hearts
I, [2014-04-05T11:40:17.287885 #16071]  INFO -- : R3T received hole_card Ace of Diamonds
I, [2014-04-05T11:40:17.288294 #16071]  INFO -- : Mr Bazinga received hole_card 6 of Clubs
I, [2014-04-05T11:40:17.288912 #16071]  INFO -- : R3T made a bet of 40 (raise) and is left with 130 chips. The pot now contains 40 chips.
I, [2014-04-05T11:40:17.289394 #16071]  INFO -- : Mr Bazinga made a bet of 80 (raise) and is left with 2750 chips. The pot now contains 120 chips.
I, [2014-04-05T11:40:17.296648 #16071]  INFO -- : Player R3T responded with 0 (200)
I, [2014-04-05T11:40:17.297047 #16071]  INFO -- : R3T made a bet of 0 (fold) and is left with 130 chips. The pot now contains 120 chips.
I, [2014-04-05T11:40:17.300522 #16071]  INFO -- : Player Mr Bazinga responded with 500 (200)
I, [2014-04-05T11:40:17.301205 #16071]  INFO -- : Mr Bazinga made a bet of 500 (raise) and is left with 2250 chips. The pot now contains 620 chips.
I, [2014-04-05T11:40:17.302339 #16071]  INFO -- : Mr Bazinga won 620
I, [2014-04-05T11:40:17.308254 #16071]  INFO -- : Player R3T responded with  (200)
I, [2014-04-05T11:40:17.312224 #16071]  INFO -- : Player Mr Bazinga responded with OK (200)
I, [2014-04-05T11:40:17.315205 #16071]  INFO -- : Player NoCo responded with  (200)
I, [2014-04-05T11:40:17.316301 #16071]  INFO -- : Mr Bazinga received hole_card 9 of Clubs
I, [2014-04-05T11:40:17.316896 #16071]  INFO -- : R3T received hole_card 3 of Clubs
I, [2014-04-05T11:40:17.317322 #16071]  INFO -- : Mr Bazinga received hole_card 9 of Hearts
I, [2014-04-05T11:40:17.317630 #16071]  INFO -- : R3T received hole_card 5 of Spades
I, [2014-04-05T11:40:17.318443 #16071]  INFO -- : Mr Bazinga made a bet of 40 (raise) and is left with 2830 chips. The pot now contains 40 chips.
I, [2014-04-05T11:40:17.319268 #16071]  INFO -- : R3T made a bet of 80 (raise) and is left with 50 chips. The pot now contains 120 chips.
I, [2014-04-05T11:40:17.322456 #16071]  INFO -- : Player Mr Bazinga responded with 500 (200)
I, [2014-04-05T11:40:17.322638 #16071]  INFO -- : Mr Bazinga made a bet of 500 (raise) and is left with 2330 chips. The pot now contains 620 chips.
I, [2014-04-05T11:40:17.325698 #16071]  INFO -- : Player R3T responded with 0 (200)
I, [2014-04-05T11:40:17.325902 #16071]  INFO -- : R3T made a bet of 0 (fold) and is left with 50 chips. The pot now contains 620 chips.
I, [2014-04-05T11:40:17.326282 #16071]  INFO -- : Mr Bazinga won 620
I, [2014-04-05T11:40:17.328249 #16071]  INFO -- : Player R3T responded with  (200)
I, [2014-04-05T11:40:17.331528 #16071]  INFO -- : Player Mr Bazinga responded with OK (200)
I, [2014-04-05T11:40:17.335530 #16071]  INFO -- : Player NoCo responded with  (200)
I, [2014-04-05T11:40:17.336356 #16071]  INFO -- : R3T received hole_card 10 of Hearts
I, [2014-04-05T11:40:17.336840 #16071]  INFO -- : Mr Bazinga received hole_card 9 of Clubs
I, [2014-04-05T11:40:17.337273 #16071]  INFO -- : R3T received hole_card 10 of Diamonds
I, [2014-04-05T11:40:17.337716 #16071]  INFO -- : Mr Bazinga received hole_card 8 of Hearts
I, [2014-04-05T11:40:17.338468 #16071]  INFO -- : R3T made a bet of 50 (allin) and is left with 0 chips. The pot now contains 50 chips.
I, [2014-04-05T11:40:17.339119 #16071]  INFO -- : Mr Bazinga made a bet of 160 (raise) and is left with 2790 chips. The pot now contains 210 chips.
I, [2014-04-05T11:40:17.343080 #16071]  INFO -- : Player Mr Bazinga responded with 500 (200)
I, [2014-04-05T11:40:17.343519 #16071]  INFO -- : Mr Bazinga made a bet of 500 (raise) and is left with 2290 chips. The pot now contains 710 chips.
I, [2014-04-05T11:40:17.343874 #16071]  INFO -- : community card 6 of Hearts
I, [2014-04-05T11:40:17.344142 #16071]  INFO -- : community card 3 of Clubs
I, [2014-04-05T11:40:17.344392 #16071]  INFO -- : community card King of Hearts
I, [2014-04-05T11:40:17.344651 #16071]  INFO -- : community card 9 of Hearts
I, [2014-04-05T11:40:17.345056 #16071]  INFO -- : community card 8 of Diamonds
I, [2014-04-05T11:40:17.346890 #16071]  INFO -- : Mr Bazinga showed 8 of Diamonds,8 of Hearts,9 of Clubs,9 of Hearts,King of Hearts making a two pairs
I, [2014-04-05T11:40:17.348093 #16071]  INFO -- : Mr Bazinga won 710
I, [2014-04-05T11:40:17.354968 #16071]  INFO -- : Player R3T responded with  (200)
I, [2014-04-05T11:40:17.362808 #16071]  INFO -- : Player Mr Bazinga responded with OK (200)
I, [2014-04-05T11:40:17.365732 #16071]  INFO -- : Player NoCo responded with  (200)
