# Logfile created on 2014-04-05 16:31:01 +0200 by logger.rb/44203
I, [2014-04-05T16:31:01.360609 #26214]  INFO -- : Reseting R3T to origin/master
I, [2014-04-05T16:31:02.206475 #26214]  INFO -- : Reseting Mr Bazinga to origin/master
I, [2014-04-05T16:31:04.062469 #26214]  INFO -- : Reseting NoCo to origin/master
I, [2014-04-05T16:31:05.117977 #26214]  INFO -- : Connected R3T at http://localhost:8080/
I, [2014-04-05T16:31:05.119802 #26214]  INFO -- : Connected Mr Bazinga at http://localhost:1337/
I, [2014-04-05T16:31:05.122622 #26214]  INFO -- : Connected NoCo at http://localhost:8000/player_service.php
E, [2014-04-05T16:31:05.125177 #26214] ERROR -- : Connection refused - connect(2) for "localhost" port 8080
E, [2014-04-05T16:31:05.125349 #26214] ERROR -- : Player R3T is unreachable
I, [2014-04-05T16:31:05.125454 #26214]  INFO -- : Waiting for players to start
E, [2014-04-05T16:31:06.126149 #26214] ERROR -- : Connection refused - connect(2) for "localhost" port 8080
E, [2014-04-05T16:31:06.126456 #26214] ERROR -- : Player R3T is unreachable
I, [2014-04-05T16:31:06.126654 #26214]  INFO -- : Waiting for players to start
E, [2014-04-05T16:31:07.128152 #26214] ERROR -- : Connection refused - connect(2) for "localhost" port 8080
E, [2014-04-05T16:31:07.128432 #26214] ERROR -- : Player R3T is unreachable
I, [2014-04-05T16:31:07.128612 #26214]  INFO -- : Waiting for players to start
E, [2014-04-05T16:31:08.129470 #26214] ERROR -- : Connection refused - connect(2) for "localhost" port 8080
E, [2014-04-05T16:31:08.129744 #26214] ERROR -- : Player R3T is unreachable
I, [2014-04-05T16:31:08.129916 #26214]  INFO -- : Waiting for players to start
E, [2014-04-05T16:31:09.130594 #26214] ERROR -- : Connection refused - connect(2) for "localhost" port 8080
E, [2014-04-05T16:31:09.130844 #26214] ERROR -- : Player R3T is unreachable
I, [2014-04-05T16:31:09.131004 #26214]  INFO -- : Waiting for players to start
E, [2014-04-05T16:31:10.140136 #26214] ERROR -- : Connection refused - connect(2) for "localhost" port 8080
E, [2014-04-05T16:31:10.140299 #26214] ERROR -- : Player R3T is unreachable
I, [2014-04-05T16:31:10.140396 #26214]  INFO -- : Waiting for players to start
E, [2014-04-05T16:31:11.141055 #26214] ERROR -- : Connection refused - connect(2) for "localhost" port 8080
E, [2014-04-05T16:31:11.141189 #26214] ERROR -- : Player R3T is unreachable
I, [2014-04-05T16:31:11.141266 #26214]  INFO -- : Waiting for players to start
E, [2014-04-05T16:31:12.141936 #26214] ERROR -- : Connection refused - connect(2) for "localhost" port 8080
E, [2014-04-05T16:31:12.142094 #26214] ERROR -- : Player R3T is unreachable
I, [2014-04-05T16:31:12.142193 #26214]  INFO -- : Waiting for players to start
E, [2014-04-05T16:31:13.148698 #26214] ERROR -- : Connection refused - connect(2) for "localhost" port 8080
E, [2014-04-05T16:31:13.148868 #26214] ERROR -- : Player R3T is unreachable
I, [2014-04-05T16:31:13.148963 #26214]  INFO -- : Waiting for players to start
E, [2014-04-05T16:31:14.153327 #26214] ERROR -- : Connection refused - connect(2) for "localhost" port 8080
E, [2014-04-05T16:31:14.153643 #26214] ERROR -- : Player R3T is unreachable
I, [2014-04-05T16:31:14.153803 #26214]  INFO -- : Waiting for players to start
E, [2014-04-05T16:31:15.154492 #26214] ERROR -- : Connection refused - connect(2) for "localhost" port 8080
E, [2014-04-05T16:31:15.154664 #26214] ERROR -- : Player R3T is unreachable
I, [2014-04-05T16:31:15.154818 #26214]  INFO -- : Waiting for players to start
E, [2014-04-05T16:31:16.155400 #26214] ERROR -- : Connection refused - connect(2) for "localhost" port 8080
E, [2014-04-05T16:31:16.155522 #26214] ERROR -- : Player R3T is unreachable
I, [2014-04-05T16:31:16.155581 #26214]  INFO -- : Waiting for players to start
E, [2014-04-05T16:31:17.156206 #26214] ERROR -- : Connection refused - connect(2) for "localhost" port 8080
E, [2014-04-05T16:31:17.156469 #26214] ERROR -- : Player R3T is unreachable
I, [2014-04-05T16:31:17.156670 #26214]  INFO -- : Waiting for players to start
E, [2014-04-05T16:31:18.157347 #26214] ERROR -- : Connection refused - connect(2) for "localhost" port 8080
E, [2014-04-05T16:31:18.157523 #26214] ERROR -- : Player R3T is unreachable
I, [2014-04-05T16:31:18.157619 #26214]  INFO -- : Waiting for players to start
E, [2014-04-05T16:31:19.660095 #26214] ERROR -- : Net::ReadTimeout
E, [2014-04-05T16:31:19.660371 #26214] ERROR -- : Player R3T is unreachable
I, [2014-04-05T16:31:19.660541 #26214]  INFO -- : Waiting for players to start
I, [2014-04-05T16:31:20.663928 #26214]  INFO -- : Player R3T responded with  (200)
I, [2014-04-05T16:31:20.675573 #26214]  INFO -- : Player Mr Bazinga responded with OK (200)
I, [2014-04-05T16:31:20.677831 #26214]  INFO -- : Player NoCo responded with  (200)
I, [2014-04-05T16:31:20.678014 #26214]  INFO -- : Players are running
I, [2014-04-05T16:31:20.700661 #26214]  INFO -- : Player R3T responded with v0.44 (200)
I, [2014-04-05T16:31:20.703207 #26214]  INFO -- : Player Mr Bazinga responded with Super AI 2.0 Semi-Courage Engine (200)
I, [2014-04-05T16:31:20.704930 #26214]  INFO -- : Player NoCo responded with NoCo1627 (200)
I, [2014-04-05T16:31:20.705261 #26214]  INFO -- : R3T received hole_card King of Hearts
I, [2014-04-05T16:31:20.705451 #26214]  INFO -- : Mr Bazinga received hole_card 6 of Spades
I, [2014-04-05T16:31:20.705650 #26214]  INFO -- : NoCo received hole_card Jack of Diamonds
I, [2014-04-05T16:31:20.705926 #26214]  INFO -- : R3T received hole_card 7 of Hearts
I, [2014-04-05T16:31:20.706105 #26214]  INFO -- : Mr Bazinga received hole_card 10 of Clubs
I, [2014-04-05T16:31:20.706306 #26214]  INFO -- : NoCo received hole_card 4 of Clubs
I, [2014-04-05T16:31:20.707810 #26214]  INFO -- : R3T made a bet of 10 (raise) and is left with 990 chips. The pot now contains 10 chips.
I, [2014-04-05T16:31:20.708155 #26214]  INFO -- : Mr Bazinga made a bet of 20 (raise) and is left with 980 chips. The pot now contains 30 chips.
I, [2014-04-05T16:31:20.710205 #26214]  INFO -- : Player NoCo responded with 0 (200)
I, [2014-04-05T16:31:20.710425 #26214]  INFO -- : NoCo made a bet of 0 (fold) and is left with 1000 chips. The pot now contains 30 chips.
I, [2014-04-05T16:31:20.788706 #26214]  INFO -- : Player R3T responded with 40 (200)
I, [2014-04-05T16:31:20.789219 #26214]  INFO -- : R3T made a bet of 40 (raise) and is left with 950 chips. The pot now contains 70 chips.
I, [2014-04-05T16:31:20.794559 #26214]  INFO -- : Player Mr Bazinga responded with 0 (200)
I, [2014-04-05T16:31:20.795063 #26214]  INFO -- : Mr Bazinga made a bet of 0 (fold) and is left with 980 chips. The pot now contains 70 chips.
I, [2014-04-05T16:31:20.795948 #26214]  INFO -- : R3T won 70
I, [2014-04-05T16:31:20.800232 #26214]  INFO -- : Player R3T responded with  (200)
I, [2014-04-05T16:31:20.804305 #26214]  INFO -- : Player Mr Bazinga responded with OK (200)
I, [2014-04-05T16:31:20.807299 #26214]  INFO -- : Player NoCo responded with  (200)
I, [2014-04-05T16:31:20.807789 #26214]  INFO -- : Mr Bazinga received hole_card 6 of Spades
I, [2014-04-05T16:31:20.808140 #26214]  INFO -- : NoCo received hole_card 4 of Diamonds
I, [2014-04-05T16:31:20.808479 #26214]  INFO -- : R3T received hole_card Queen of Hearts
I, [2014-04-05T16:31:20.808823 #26214]  INFO -- : Mr Bazinga received hole_card 10 of Spades
I, [2014-04-05T16:31:20.809213 #26214]  INFO -- : NoCo received hole_card Ace of Spades
I, [2014-04-05T16:31:20.809575 #26214]  INFO -- : R3T received hole_card 9 of Diamonds
I, [2014-04-05T16:31:20.810086 #26214]  INFO -- : Mr Bazinga made a bet of 10 (raise) and is left with 970 chips. The pot now contains 10 chips.
I, [2014-04-05T16:31:20.810589 #26214]  INFO -- : NoCo made a bet of 20 (raise) and is left with 980 chips. The pot now contains 30 chips.
I, [2014-04-05T16:31:20.815973 #26214]  INFO -- : Player R3T responded with 0 (200)
I, [2014-04-05T16:31:20.816665 #26214]  INFO -- : R3T made a bet of 0 (fold) and is left with 1020 chips. The pot now contains 30 chips.
I, [2014-04-05T16:31:20.822476 #26214]  INFO -- : Player Mr Bazinga responded with 10 (200)
I, [2014-04-05T16:31:20.822835 #26214]  INFO -- : Mr Bazinga made a bet of 10 (call) and is left with 960 chips. The pot now contains 40 chips.
I, [2014-04-05T16:31:20.825424 #26214]  INFO -- : Player NoCo responded with 80 (200)
I, [2014-04-05T16:31:20.825867 #26214]  INFO -- : NoCo made a bet of 80 (raise) and is left with 900 chips. The pot now contains 120 chips.
I, [2014-04-05T16:31:20.830148 #26214]  INFO -- : Player Mr Bazinga responded with 80 (200)
I, [2014-04-05T16:31:20.830509 #26214]  INFO -- : Mr Bazinga made a bet of 80 (call) and is left with 880 chips. The pot now contains 200 chips.
I, [2014-04-05T16:31:20.830834 #26214]  INFO -- : community card 2 of Spades
I, [2014-04-05T16:31:20.831225 #26214]  INFO -- : community card 3 of Spades
I, [2014-04-05T16:31:20.831560 #26214]  INFO -- : community card 8 of Diamonds
I, [2014-04-05T16:31:20.919897 #26214]  INFO -- : Player Mr Bazinga responded with 0 (200)
I, [2014-04-05T16:31:20.920212 #26214]  INFO -- : Mr Bazinga made a bet of 0 (check) and is left with 880 chips. The pot now contains 200 chips.
E, [2014-04-05T16:31:21.423095 #26214] ERROR -- : Net::ReadTimeout
E, [2014-04-05T16:31:21.423424 #26214] ERROR -- : Player NoCo is unreachable
I, [2014-04-05T16:31:21.424079 #26214]  INFO -- : NoCo made a bet of 0 (check) and is left with 900 chips. The pot now contains 200 chips.
I, [2014-04-05T16:31:21.425006 #26214]  INFO -- : community card 10 of Diamonds
I, [2014-04-05T16:31:21.542175 #26214]  INFO -- : Player Mr Bazinga responded with 0 (200)
I, [2014-04-05T16:31:21.542917 #26214]  INFO -- : Mr Bazinga made a bet of 0 (check) and is left with 880 chips. The pot now contains 200 chips.
E, [2014-04-05T16:31:22.047669 #26214] ERROR -- : Net::ReadTimeout
E, [2014-04-05T16:31:22.048087 #26214] ERROR -- : Player NoCo is unreachable
I, [2014-04-05T16:31:22.048740 #26214]  INFO -- : NoCo made a bet of 0 (check) and is left with 900 chips. The pot now contains 200 chips.
I, [2014-04-05T16:31:22.049654 #26214]  INFO -- : community card 2 of Diamonds
I, [2014-04-05T16:31:22.242906 #26214]  INFO -- : Player Mr Bazinga responded with 483 (200)
I, [2014-04-05T16:31:22.243994 #26214]  INFO -- : Mr Bazinga made a bet of 483 (raise) and is left with 397 chips. The pot now contains 683 chips.
E, [2014-04-05T16:31:22.748011 #26214] ERROR -- : Net::ReadTimeout
E, [2014-04-05T16:31:22.748510 #26214] ERROR -- : Player NoCo is unreachable
I, [2014-04-05T16:31:22.749038 #26214]  INFO -- : NoCo made a bet of 0 (fold) and is left with 900 chips. The pot now contains 683 chips.
I, [2014-04-05T16:31:22.750466 #26214]  INFO -- : Mr Bazinga won 683
I, [2014-04-05T16:31:22.760529 #26214]  INFO -- : Player R3T responded with  (200)
I, [2014-04-05T16:31:22.765851 #26214]  INFO -- : Player Mr Bazinga responded with OK (200)
E, [2014-04-05T16:31:23.268693 #26214] ERROR -- : Net::ReadTimeout
E, [2014-04-05T16:31:23.268820 #26214] ERROR -- : Player NoCo is unreachable
I, [2014-04-05T16:31:23.269098 #26214]  INFO -- : NoCo received hole_card 7 of Clubs
I, [2014-04-05T16:31:23.269232 #26214]  INFO -- : R3T received hole_card 10 of Clubs
I, [2014-04-05T16:31:23.269386 #26214]  INFO -- : Mr Bazinga received hole_card 8 of Diamonds
I, [2014-04-05T16:31:23.269572 #26214]  INFO -- : NoCo received hole_card Ace of Diamonds
I, [2014-04-05T16:31:23.269724 #26214]  INFO -- : R3T received hole_card Ace of Clubs
I, [2014-04-05T16:31:23.269877 #26214]  INFO -- : Mr Bazinga received hole_card Jack of Diamonds
I, [2014-04-05T16:31:23.270134 #26214]  INFO -- : NoCo made a bet of 10 (raise) and is left with 890 chips. The pot now contains 10 chips.
I, [2014-04-05T16:31:23.270354 #26214]  INFO -- : R3T made a bet of 20 (raise) and is left with 1000 chips. The pot now contains 30 chips.
I, [2014-04-05T16:31:23.272320 #26214]  INFO -- : Player Mr Bazinga responded with 20 (200)
I, [2014-04-05T16:31:23.272759 #26214]  INFO -- : Mr Bazinga made a bet of 20 (call) and is left with 1060 chips. The pot now contains 50 chips.
E, [2014-04-05T16:31:23.776448 #26214] ERROR -- : Net::ReadTimeout
E, [2014-04-05T16:31:23.776754 #26214] ERROR -- : Player NoCo is unreachable
I, [2014-04-05T16:31:23.777316 #26214]  INFO -- : NoCo made a bet of 0 (fold) and is left with 890 chips. The pot now contains 50 chips.
I, [2014-04-05T16:31:23.785876 #26214]  INFO -- : Player R3T responded with 40 (200)
I, [2014-04-05T16:31:23.786722 #26214]  INFO -- : R3T made a bet of 40 (raise) and is left with 960 chips. The pot now contains 90 chips.
I, [2014-04-05T16:31:23.809569 #26214]  INFO -- : Player Mr Bazinga responded with 40 (200)
I, [2014-04-05T16:31:23.810208 #26214]  INFO -- : Mr Bazinga made a bet of 40 (call) and is left with 1020 chips. The pot now contains 130 chips.
I, [2014-04-05T16:31:23.810511 #26214]  INFO -- : community card Queen of Clubs
I, [2014-04-05T16:31:23.810842 #26214]  INFO -- : community card 6 of Diamonds
I, [2014-04-05T16:31:23.811485 #26214]  INFO -- : community card 7 of Hearts
I, [2014-04-05T16:31:23.901022 #26214]  INFO -- : Player R3T responded with 0 (200)
I, [2014-04-05T16:31:23.901806 #26214]  INFO -- : R3T made a bet of 0 (check) and is left with 960 chips. The pot now contains 130 chips.
I, [2014-04-05T16:31:23.915084 #26214]  INFO -- : Player Mr Bazinga responded with 0 (200)
I, [2014-04-05T16:31:23.915377 #26214]  INFO -- : Mr Bazinga made a bet of 0 (check) and is left with 1020 chips. The pot now contains 130 chips.
I, [2014-04-05T16:31:23.916338 #26214]  INFO -- : community card 5 of Hearts
I, [2014-04-05T16:31:23.947472 #26214]  INFO -- : Player R3T responded with 0 (200)
I, [2014-04-05T16:31:23.947777 #26214]  INFO -- : R3T made a bet of 0 (check) and is left with 960 chips. The pot now contains 130 chips.
I, [2014-04-05T16:31:23.960862 #26214]  INFO -- : Player Mr Bazinga responded with 0 (200)
I, [2014-04-05T16:31:23.961993 #26214]  INFO -- : Mr Bazinga made a bet of 0 (check) and is left with 1020 chips. The pot now contains 130 chips.
I, [2014-04-05T16:31:23.962643 #26214]  INFO -- : community card 7 of Spades
I, [2014-04-05T16:31:23.975897 #26214]  INFO -- : Player R3T responded with 80 (200)
I, [2014-04-05T16:31:23.976311 #26214]  INFO -- : R3T made a bet of 80 (raise) and is left with 880 chips. The pot now contains 210 chips.
I, [2014-04-05T16:31:24.002330 #26214]  INFO -- : Player Mr Bazinga responded with 80 (200)
I, [2014-04-05T16:31:24.002632 #26214]  INFO -- : Mr Bazinga made a bet of 80 (call) and is left with 940 chips. The pot now contains 290 chips.
I, [2014-04-05T16:31:24.003189 #26214]  INFO -- : R3T showed 7 of Spades,7 of Hearts,10 of Clubs,Queen of Clubs,Ace of Clubs making a pair
I, [2014-04-05T16:31:24.003629 #26214]  INFO -- : R3T won 290
I, [2014-04-05T16:31:24.006479 #26214]  INFO -- : Player R3T responded with  (200)
I, [2014-04-05T16:31:24.008795 #26214]  INFO -- : Player Mr Bazinga responded with OK (200)
E, [2014-04-05T16:31:24.510776 #26214] ERROR -- : Net::ReadTimeout
E, [2014-04-05T16:31:24.510960 #26214] ERROR -- : Player NoCo is unreachable
I, [2014-04-05T16:31:24.511431 #26214]  INFO -- : R3T received hole_card 3 of Spades
I, [2014-04-05T16:31:24.511646 #26214]  INFO -- : Mr Bazinga received hole_card 2 of Hearts
I, [2014-04-05T16:31:24.511834 #26214]  INFO -- : NoCo received hole_card 6 of Clubs
I, [2014-04-05T16:31:24.512021 #26214]  INFO -- : R3T received hole_card 9 of Hearts
I, [2014-04-05T16:31:24.512342 #26214]  INFO -- : Mr Bazinga received hole_card 9 of Clubs
I, [2014-04-05T16:31:24.512578 #26214]  INFO -- : NoCo received hole_card 5 of Diamonds
I, [2014-04-05T16:31:24.513016 #26214]  INFO -- : R3T made a bet of 10 (raise) and is left with 1160 chips. The pot now contains 10 chips.
I, [2014-04-05T16:31:24.513343 #26214]  INFO -- : Mr Bazinga made a bet of 20 (raise) and is left with 920 chips. The pot now contains 30 chips.
E, [2014-04-05T16:31:25.016730 #26214] ERROR -- : Net::ReadTimeout
E, [2014-04-05T16:31:25.017085 #26214] ERROR -- : Player NoCo is unreachable
I, [2014-04-05T16:31:25.017746 #26214]  INFO -- : NoCo made a bet of 0 (fold) and is left with 890 chips. The pot now contains 30 chips.
I, [2014-04-05T16:31:25.026036 #26214]  INFO -- : Player R3T responded with 0 (200)
I, [2014-04-05T16:31:25.026788 #26214]  INFO -- : R3T made a bet of 0 (fold) and is left with 1160 chips. The pot now contains 30 chips.
I, [2014-04-05T16:31:25.035516 #26214]  INFO -- : Player Mr Bazinga responded with 0 (200)
I, [2014-04-05T16:31:25.035824 #26214]  INFO -- : Mr Bazinga made a bet of 0 (check) and is left with 920 chips. The pot now contains 30 chips.
I, [2014-04-05T16:31:25.036244 #26214]  INFO -- : Mr Bazinga won 30
I, [2014-04-05T16:31:25.039670 #26214]  INFO -- : Player R3T responded with  (200)
I, [2014-04-05T16:31:25.044346 #26214]  INFO -- : Player Mr Bazinga responded with OK (200)
I, [2014-04-05T16:31:25.216617 #26214]  INFO -- : Player NoCo responded with  (200)
I, [2014-04-05T16:31:25.216933 #26214]  INFO -- : Mr Bazinga received hole_card 6 of Clubs
I, [2014-04-05T16:31:25.217105 #26214]  INFO -- : NoCo received hole_card Ace of Hearts
I, [2014-04-05T16:31:25.217253 #26214]  INFO -- : R3T received hole_card Ace of Clubs
I, [2014-04-05T16:31:25.217427 #26214]  INFO -- : Mr Bazinga received hole_card 8 of Clubs
I, [2014-04-05T16:31:25.217595 #26214]  INFO -- : NoCo received hole_card King of Hearts
I, [2014-04-05T16:31:25.217764 #26214]  INFO -- : R3T received hole_card King of Spades
I, [2014-04-05T16:31:25.218064 #26214]  INFO -- : Mr Bazinga made a bet of 10 (raise) and is left with 940 chips. The pot now contains 10 chips.
I, [2014-04-05T16:31:25.218468 #26214]  INFO -- : NoCo made a bet of 20 (raise) and is left with 870 chips. The pot now contains 30 chips.
I, [2014-04-05T16:31:25.222522 #26214]  INFO -- : Player R3T responded with 20 (200)
I, [2014-04-05T16:31:25.222810 #26214]  INFO -- : R3T made a bet of 20 (call) and is left with 1140 chips. The pot now contains 50 chips.
I, [2014-04-05T16:31:25.224459 #26214]  INFO -- : Player Mr Bazinga responded with 10 (200)
I, [2014-04-05T16:31:25.224725 #26214]  INFO -- : Mr Bazinga made a bet of 10 (call) and is left with 930 chips. The pot now contains 60 chips.
I, [2014-04-05T16:31:25.226422 #26214]  INFO -- : Player NoCo responded with 1000 (200)
I, [2014-04-05T16:31:25.226611 #26214]  INFO -- : NoCo made a bet of 870 (allin) and is left with 0 chips. The pot now contains 930 chips.
I, [2014-04-05T16:31:25.229140 #26214]  INFO -- : Player R3T responded with 890 (200)
I, [2014-04-05T16:31:25.229373 #26214]  INFO -- : R3T made a bet of 870 (call) and is left with 270 chips. The pot now contains 1800 chips.
I, [2014-04-05T16:31:25.230992 #26214]  INFO -- : Player Mr Bazinga responded with 870 (200)
I, [2014-04-05T16:31:25.231256 #26214]  INFO -- : Mr Bazinga made a bet of 870 (call) and is left with 60 chips. The pot now contains 2670 chips.
I, [2014-04-05T16:31:25.231468 #26214]  INFO -- : community card Queen of Clubs
I, [2014-04-05T16:31:25.231640 #26214]  INFO -- : community card 9 of Diamonds
I, [2014-04-05T16:31:25.231823 #26214]  INFO -- : community card 3 of Diamonds
I, [2014-04-05T16:31:25.246212 #26214]  INFO -- : Player Mr Bazinga responded with 0 (200)
I, [2014-04-05T16:31:25.246707 #26214]  INFO -- : Mr Bazinga made a bet of 0 (check) and is left with 60 chips. The pot now contains 2670 chips.
I, [2014-04-05T16:31:25.273095 #26214]  INFO -- : Player R3T responded with 0 (200)
I, [2014-04-05T16:31:25.273441 #26214]  INFO -- : R3T made a bet of 0 (check) and is left with 270 chips. The pot now contains 2670 chips.
I, [2014-04-05T16:31:25.273796 #26214]  INFO -- : community card Ace of Diamonds
I, [2014-04-05T16:31:25.287331 #26214]  INFO -- : Player Mr Bazinga responded with 0 (200)
I, [2014-04-05T16:31:25.287839 #26214]  INFO -- : Mr Bazinga made a bet of 0 (check) and is left with 60 chips. The pot now contains 2670 chips.
I, [2014-04-05T16:31:25.319029 #26214]  INFO -- : Player R3T responded with 910 (200)
I, [2014-04-05T16:31:25.319288 #26214]  INFO -- : R3T made a bet of 270 (allin) and is left with 0 chips. The pot now contains 2940 chips.
I, [2014-04-05T16:31:25.353045 #26214]  INFO -- : Player Mr Bazinga responded with 270 (200)
I, [2014-04-05T16:31:25.353350 #26214]  INFO -- : Mr Bazinga made a bet of 60 (allin) and is left with 0 chips. The pot now contains 3000 chips.
I, [2014-04-05T16:31:25.353611 #26214]  INFO -- : community card 10 of Hearts
I, [2014-04-05T16:31:25.355114 #26214]  INFO -- : R3T showed 10 of Hearts,Queen of Clubs,King of Spades,Ace of Diamonds,Ace of Clubs making a pair
I, [2014-04-05T16:31:25.356347 #26214]  INFO -- : NoCo showed 10 of Hearts,Queen of Clubs,King of Hearts,Ace of Diamonds,Ace of Hearts making a pair
I, [2014-04-05T16:31:25.356578 #26214]  INFO -- : R3T won 1335
I, [2014-04-05T16:31:25.356761 #26214]  INFO -- : NoCo won 1335
I, [2014-04-05T16:31:25.357208 #26214]  INFO -- : R3T showed 10 of Hearts,Queen of Clubs,King of Spades,Ace of Diamonds,Ace of Clubs making a pair
I, [2014-04-05T16:31:25.357572 #26214]  INFO -- : R3T won 330
I, [2014-04-05T16:31:25.360713 #26214]  INFO -- : Player R3T responded with  (200)
I, [2014-04-05T16:31:25.362845 #26214]  INFO -- : Player Mr Bazinga responded with OK (200)
I, [2014-04-05T16:31:25.365583 #26214]  INFO -- : Player NoCo responded with  (200)
I, [2014-04-05T16:31:25.366033 #26214]  INFO -- : R3T received hole_card 5 of Clubs
I, [2014-04-05T16:31:25.366309 #26214]  INFO -- : NoCo received hole_card 9 of Hearts
I, [2014-04-05T16:31:25.366544 #26214]  INFO -- : R3T received hole_card 5 of Hearts
I, [2014-04-05T16:31:25.366732 #26214]  INFO -- : NoCo received hole_card 6 of Hearts
I, [2014-04-05T16:31:25.367046 #26214]  INFO -- : R3T made a bet of 10 (raise) and is left with 1655 chips. The pot now contains 10 chips.
I, [2014-04-05T16:31:25.367352 #26214]  INFO -- : NoCo made a bet of 20 (raise) and is left with 1315 chips. The pot now contains 30 chips.
I, [2014-04-05T16:31:25.371367 #26214]  INFO -- : Player R3T responded with 30 (200)
I, [2014-04-05T16:31:25.371869 #26214]  INFO -- : R3T made a bet of 30 (raise) and is left with 1625 chips. The pot now contains 60 chips.
I, [2014-04-05T16:31:25.373912 #26214]  INFO -- : Player NoCo responded with 80 (200)
I, [2014-04-05T16:31:25.374096 #26214]  INFO -- : NoCo made a bet of 80 (raise) and is left with 1235 chips. The pot now contains 140 chips.
I, [2014-04-05T16:31:25.376555 #26214]  INFO -- : Player R3T responded with 160 (200)
I, [2014-04-05T16:31:25.376825 #26214]  INFO -- : R3T made a bet of 160 (raise) and is left with 1465 chips. The pot now contains 300 chips.
I, [2014-04-05T16:31:25.378524 #26214]  INFO -- : Player NoCo responded with 80 (200)
I, [2014-04-05T16:31:25.378717 #26214]  INFO -- : NoCo made a bet of 0 (fold) and is left with 1235 chips. The pot now contains 300 chips.
I, [2014-04-05T16:31:25.379110 #26214]  INFO -- : R3T won 300
I, [2014-04-05T16:31:25.381748 #26214]  INFO -- : Player R3T responded with  (200)
I, [2014-04-05T16:31:25.383519 #26214]  INFO -- : Player Mr Bazinga responded with OK (200)
I, [2014-04-05T16:31:25.387190 #26214]  INFO -- : Player NoCo responded with  (200)
I, [2014-04-05T16:31:25.387522 #26214]  INFO -- : NoCo received hole_card 5 of Spades
I, [2014-04-05T16:31:25.387683 #26214]  INFO -- : R3T received hole_card 3 of Hearts
I, [2014-04-05T16:31:25.387828 #26214]  INFO -- : NoCo received hole_card Queen of Diamonds
I, [2014-04-05T16:31:25.387984 #26214]  INFO -- : R3T received hole_card 5 of Diamonds
I, [2014-04-05T16:31:25.388354 #26214]  INFO -- : NoCo made a bet of 10 (raise) and is left with 1225 chips. The pot now contains 10 chips.
I, [2014-04-05T16:31:25.388633 #26214]  INFO -- : R3T made a bet of 20 (raise) and is left with 1745 chips. The pot now contains 30 chips.
I, [2014-04-05T16:31:25.392499 #26214]  INFO -- : Player NoCo responded with 80 (200)
I, [2014-04-05T16:31:25.392769 #26214]  INFO -- : NoCo made a bet of 80 (raise) and is left with 1145 chips. The pot now contains 110 chips.
I, [2014-04-05T16:31:25.395292 #26214]  INFO -- : Player R3T responded with 0 (200)
I, [2014-04-05T16:31:25.395591 #26214]  INFO -- : R3T made a bet of 0 (fold) and is left with 1745 chips. The pot now contains 110 chips.
I, [2014-04-05T16:31:25.396199 #26214]  INFO -- : NoCo won 110
I, [2014-04-05T16:31:25.401180 #26214]  INFO -- : Player R3T responded with  (200)
I, [2014-04-05T16:31:25.403024 #26214]  INFO -- : Player Mr Bazinga responded with OK (200)
I, [2014-04-05T16:31:25.404892 #26214]  INFO -- : Player NoCo responded with  (200)
I, [2014-04-05T16:31:25.405353 #26214]  INFO -- : R3T received hole_card 6 of Diamonds
I, [2014-04-05T16:31:25.405675 #26214]  INFO -- : NoCo received hole_card 10 of Diamonds
I, [2014-04-05T16:31:25.406015 #26214]  INFO -- : R3T received hole_card 4 of Clubs
I, [2014-04-05T16:31:25.406341 #26214]  INFO -- : NoCo received hole_card Jack of Clubs
I, [2014-04-05T16:31:25.406874 #26214]  INFO -- : R3T made a bet of 10 (raise) and is left with 1735 chips. The pot now contains 10 chips.
I, [2014-04-05T16:31:25.408374 #26214]  INFO -- : NoCo made a bet of 20 (raise) and is left with 1235 chips. The pot now contains 30 chips.
I, [2014-04-05T16:31:25.412994 #26214]  INFO -- : Player R3T responded with 0 (200)
I, [2014-04-05T16:31:25.413305 #26214]  INFO -- : R3T made a bet of 0 (fold) and is left with 1735 chips. The pot now contains 30 chips.
I, [2014-04-05T16:31:25.413710 #26214]  INFO -- : NoCo won 30
I, [2014-04-05T16:31:25.416287 #26214]  INFO -- : Player R3T responded with  (200)
I, [2014-04-05T16:31:25.418174 #26214]  INFO -- : Player Mr Bazinga responded with OK (200)
I, [2014-04-05T16:31:25.419975 #26214]  INFO -- : Player NoCo responded with  (200)
I, [2014-04-05T16:31:25.420420 #26214]  INFO -- : NoCo received hole_card 10 of Clubs
I, [2014-04-05T16:31:25.420627 #26214]  INFO -- : R3T received hole_card 5 of Spades
I, [2014-04-05T16:31:25.420808 #26214]  INFO -- : NoCo received hole_card 6 of Clubs
I, [2014-04-05T16:31:25.421036 #26214]  INFO -- : R3T received hole_card Queen of Spades
I, [2014-04-05T16:31:25.421369 #26214]  INFO -- : NoCo made a bet of 10 (raise) and is left with 1255 chips. The pot now contains 10 chips.
I, [2014-04-05T16:31:25.421627 #26214]  INFO -- : R3T made a bet of 20 (raise) and is left with 1715 chips. The pot now contains 30 chips.
I, [2014-04-05T16:31:25.423819 #26214]  INFO -- : Player NoCo responded with 80 (200)
I, [2014-04-05T16:31:25.424161 #26214]  INFO -- : NoCo made a bet of 80 (raise) and is left with 1175 chips. The pot now contains 110 chips.
I, [2014-04-05T16:31:25.430664 #26214]  INFO -- : Player R3T responded with 230 (200)
I, [2014-04-05T16:31:25.430957 #26214]  INFO -- : R3T made a bet of 230 (raise) and is left with 1485 chips. The pot now contains 340 chips.
I, [2014-04-05T16:31:25.432890 #26214]  INFO -- : Player NoCo responded with 80 (200)
I, [2014-04-05T16:31:25.433119 #26214]  INFO -- : NoCo made a bet of 0 (fold) and is left with 1175 chips. The pot now contains 340 chips.
I, [2014-04-05T16:31:25.433515 #26214]  INFO -- : R3T won 340
I, [2014-04-05T16:31:25.436276 #26214]  INFO -- : Player R3T responded with  (200)
I, [2014-04-05T16:31:25.439225 #26214]  INFO -- : Player Mr Bazinga responded with OK (200)
I, [2014-04-05T16:31:25.445991 #26214]  INFO -- : Player NoCo responded with  (200)
I, [2014-04-05T16:31:25.446470 #26214]  INFO -- : R3T received hole_card 8 of Diamonds
I, [2014-04-05T16:31:25.446722 #26214]  INFO -- : NoCo received hole_card 5 of Spades
I, [2014-04-05T16:31:25.447009 #26214]  INFO -- : R3T received hole_card 6 of Spades
I, [2014-04-05T16:31:25.447267 #26214]  INFO -- : NoCo received hole_card 6 of Hearts
I, [2014-04-05T16:31:25.447738 #26214]  INFO -- : R3T made a bet of 20 (raise) and is left with 1805 chips. The pot now contains 20 chips.
I, [2014-04-05T16:31:25.448198 #26214]  INFO -- : NoCo made a bet of 40 (raise) and is left with 1135 chips. The pot now contains 60 chips.
I, [2014-04-05T16:31:25.450691 #26214]  INFO -- : Player R3T responded with 0 (200)
I, [2014-04-05T16:31:25.450974 #26214]  INFO -- : R3T made a bet of 0 (fold) and is left with 1805 chips. The pot now contains 60 chips.
I, [2014-04-05T16:31:25.451345 #26214]  INFO -- : NoCo won 60
I, [2014-04-05T16:31:25.453861 #26214]  INFO -- : Player R3T responded with  (200)
I, [2014-04-05T16:31:25.455711 #26214]  INFO -- : Player Mr Bazinga responded with OK (200)
I, [2014-04-05T16:31:25.459023 #26214]  INFO -- : Player NoCo responded with  (200)
I, [2014-04-05T16:31:25.459838 #26214]  INFO -- : NoCo received hole_card 7 of Clubs
I, [2014-04-05T16:31:25.460874 #26214]  INFO -- : R3T received hole_card 6 of Hearts
I, [2014-04-05T16:31:25.461218 #26214]  INFO -- : NoCo received hole_card 10 of Diamonds
I, [2014-04-05T16:31:25.461556 #26214]  INFO -- : R3T received hole_card 3 of Hearts
I, [2014-04-05T16:31:25.462075 #26214]  INFO -- : NoCo made a bet of 20 (raise) and is left with 1175 chips. The pot now contains 20 chips.
I, [2014-04-05T16:31:25.462516 #26214]  INFO -- : R3T made a bet of 40 (raise) and is left with 1765 chips. The pot now contains 60 chips.
I, [2014-04-05T16:31:25.464562 #26214]  INFO -- : Player NoCo responded with 80 (200)
I, [2014-04-05T16:31:25.464796 #26214]  INFO -- : NoCo made a bet of 80 (raise) and is left with 1095 chips. The pot now contains 140 chips.
I, [2014-04-05T16:31:25.467104 #26214]  INFO -- : Player R3T responded with 0 (200)
I, [2014-04-05T16:31:25.467359 #26214]  INFO -- : R3T made a bet of 0 (fold) and is left with 1765 chips. The pot now contains 140 chips.
I, [2014-04-05T16:31:25.467744 #26214]  INFO -- : NoCo won 140
I, [2014-04-05T16:31:25.469985 #26214]  INFO -- : Player R3T responded with  (200)
I, [2014-04-05T16:31:25.471563 #26214]  INFO -- : Player Mr Bazinga responded with OK (200)
I, [2014-04-05T16:31:25.473646 #26214]  INFO -- : Player NoCo responded with  (200)
I, [2014-04-05T16:31:25.474177 #26214]  INFO -- : R3T received hole_card 4 of Diamonds
I, [2014-04-05T16:31:25.474483 #26214]  INFO -- : NoCo received hole_card 5 of Hearts
I, [2014-04-05T16:31:25.474857 #26214]  INFO -- : R3T received hole_card Queen of Diamonds
I, [2014-04-05T16:31:25.475647 #26214]  INFO -- : NoCo received hole_card Jack of Diamonds
I, [2014-04-05T16:31:25.477144 #26214]  INFO -- : R3T made a bet of 20 (raise) and is left with 1745 chips. The pot now contains 20 chips.
I, [2014-04-05T16:31:25.477684 #26214]  INFO -- : NoCo made a bet of 40 (raise) and is left with 1195 chips. The pot now contains 60 chips.
I, [2014-04-05T16:31:25.480319 #26214]  INFO -- : Player R3T responded with 80 (200)
I, [2014-04-05T16:31:25.480585 #26214]  INFO -- : R3T made a bet of 80 (raise) and is left with 1665 chips. The pot now contains 140 chips.
I, [2014-04-05T16:31:25.482531 #26214]  INFO -- : Player NoCo responded with 0 (200)
I, [2014-04-05T16:31:25.482751 #26214]  INFO -- : NoCo made a bet of 0 (fold) and is left with 1195 chips. The pot now contains 140 chips.
I, [2014-04-05T16:31:25.483116 #26214]  INFO -- : R3T won 140
I, [2014-04-05T16:31:25.485755 #26214]  INFO -- : Player R3T responded with  (200)
I, [2014-04-05T16:31:25.490772 #26214]  INFO -- : Player Mr Bazinga responded with OK (200)
I, [2014-04-05T16:31:25.495174 #26214]  INFO -- : Player NoCo responded with  (200)
I, [2014-04-05T16:31:25.495690 #26214]  INFO -- : NoCo received hole_card Ace of Clubs
I, [2014-04-05T16:31:25.495991 #26214]  INFO -- : R3T received hole_card 8 of Spades
I, [2014-04-05T16:31:25.496324 #26214]  INFO -- : NoCo received hole_card 6 of Spades
I, [2014-04-05T16:31:25.496653 #26214]  INFO -- : R3T received hole_card 10 of Spades
I, [2014-04-05T16:31:25.497164 #26214]  INFO -- : NoCo made a bet of 20 (raise) and is left with 1175 chips. The pot now contains 20 chips.
I, [2014-04-05T16:31:25.497589 #26214]  INFO -- : R3T made a bet of 40 (raise) and is left with 1765 chips. The pot now contains 60 chips.
I, [2014-04-05T16:31:25.499846 #26214]  INFO -- : Player NoCo responded with 80 (200)
I, [2014-04-05T16:31:25.500099 #26214]  INFO -- : NoCo made a bet of 80 (raise) and is left with 1095 chips. The pot now contains 140 chips.
I, [2014-04-05T16:31:25.502419 #26214]  INFO -- : Player R3T responded with 0 (200)
I, [2014-04-05T16:31:25.502692 #26214]  INFO -- : R3T made a bet of 0 (fold) and is left with 1765 chips. The pot now contains 140 chips.
I, [2014-04-05T16:31:25.503080 #26214]  INFO -- : NoCo won 140
I, [2014-04-05T16:31:25.505434 #26214]  INFO -- : Player R3T responded with  (200)
I, [2014-04-05T16:31:25.507229 #26214]  INFO -- : Player Mr Bazinga responded with OK (200)
I, [2014-04-05T16:31:25.509004 #26214]  INFO -- : Player NoCo responded with  (200)
I, [2014-04-05T16:31:25.509413 #26214]  INFO -- : R3T received hole_card 4 of Clubs
I, [2014-04-05T16:31:25.509624 #26214]  INFO -- : NoCo received hole_card King of Spades
I, [2014-04-05T16:31:25.509822 #26214]  INFO -- : R3T received hole_card Jack of Diamonds
I, [2014-04-05T16:31:25.510012 #26214]  INFO -- : NoCo received hole_card 2 of Diamonds
I, [2014-04-05T16:31:25.510353 #26214]  INFO -- : R3T made a bet of 20 (raise) and is left with 1745 chips. The pot now contains 20 chips.
I, [2014-04-05T16:31:25.510621 #26214]  INFO -- : NoCo made a bet of 40 (raise) and is left with 1195 chips. The pot now contains 60 chips.
I, [2014-04-05T16:31:25.513114 #26214]  INFO -- : Player R3T responded with 0 (200)
I, [2014-04-05T16:31:25.513424 #26214]  INFO -- : R3T made a bet of 0 (fold) and is left with 1745 chips. The pot now contains 60 chips.
I, [2014-04-05T16:31:25.514024 #26214]  INFO -- : NoCo won 60
I, [2014-04-05T16:31:25.516373 #26214]  INFO -- : Player R3T responded with  (200)
I, [2014-04-05T16:31:25.522309 #26214]  INFO -- : Player Mr Bazinga responded with OK (200)
I, [2014-04-05T16:31:25.525141 #26214]  INFO -- : Player NoCo responded with  (200)
I, [2014-04-05T16:31:25.525673 #26214]  INFO -- : NoCo received hole_card 9 of Diamonds
I, [2014-04-05T16:31:25.525998 #26214]  INFO -- : R3T received hole_card 3 of Clubs
I, [2014-04-05T16:31:25.526287 #26214]  INFO -- : NoCo received hole_card Queen of Clubs
I, [2014-04-05T16:31:25.526545 #26214]  INFO -- : R3T received hole_card 10 of Clubs
I, [2014-04-05T16:31:25.527025 #26214]  INFO -- : NoCo made a bet of 20 (raise) and is left with 1235 chips. The pot now contains 20 chips.
I, [2014-04-05T16:31:25.527859 #26214]  INFO -- : R3T made a bet of 40 (raise) and is left with 1705 chips. The pot now contains 60 chips.
I, [2014-04-05T16:31:25.530510 #26214]  INFO -- : Player NoCo responded with 80 (200)
I, [2014-04-05T16:31:25.530763 #26214]  INFO -- : NoCo made a bet of 80 (raise) and is left with 1155 chips. The pot now contains 140 chips.
I, [2014-04-05T16:31:25.535323 #26214]  INFO -- : Player R3T responded with 0 (200)
I, [2014-04-05T16:31:25.536139 #26214]  INFO -- : R3T made a bet of 0 (fold) and is left with 1705 chips. The pot now contains 140 chips.
I, [2014-04-05T16:31:25.536701 #26214]  INFO -- : NoCo won 140
I, [2014-04-05T16:31:25.539617 #26214]  INFO -- : Player R3T responded with  (200)
I, [2014-04-05T16:31:25.541558 #26214]  INFO -- : Player Mr Bazinga responded with OK (200)
I, [2014-04-05T16:31:25.543330 #26214]  INFO -- : Player NoCo responded with  (200)
I, [2014-04-05T16:31:25.543676 #26214]  INFO -- : R3T received hole_card 4 of Diamonds
I, [2014-04-05T16:31:25.543925 #26214]  INFO -- : NoCo received hole_card 7 of Clubs
I, [2014-04-05T16:31:25.544206 #26214]  INFO -- : R3T received hole_card 7 of Spades
I, [2014-04-05T16:31:25.544503 #26214]  INFO -- : NoCo received hole_card 8 of Clubs
I, [2014-04-05T16:31:25.544884 #26214]  INFO -- : R3T made a bet of 20 (raise) and is left with 1685 chips. The pot now contains 20 chips.
I, [2014-04-05T16:31:25.545154 #26214]  INFO -- : NoCo made a bet of 40 (raise) and is left with 1255 chips. The pot now contains 60 chips.
I, [2014-04-05T16:31:25.548537 #26214]  INFO -- : Player R3T responded with 0 (200)
I, [2014-04-05T16:31:25.548986 #26214]  INFO -- : R3T made a bet of 0 (fold) and is left with 1685 chips. The pot now contains 60 chips.
I, [2014-04-05T16:31:25.549507 #26214]  INFO -- : NoCo won 60
I, [2014-04-05T16:31:25.553658 #26214]  INFO -- : Player R3T responded with  (200)
I, [2014-04-05T16:31:25.555357 #26214]  INFO -- : Player Mr Bazinga responded with OK (200)
I, [2014-04-05T16:31:25.557155 #26214]  INFO -- : Player NoCo responded with  (200)
I, [2014-04-05T16:31:25.557478 #26214]  INFO -- : NoCo received hole_card 2 of Diamonds
I, [2014-04-05T16:31:25.557659 #26214]  INFO -- : R3T received hole_card King of Hearts
I, [2014-04-05T16:31:25.557852 #26214]  INFO -- : NoCo received hole_card Queen of Diamonds
I, [2014-04-05T16:31:25.558068 #26214]  INFO -- : R3T received hole_card 7 of Hearts
I, [2014-04-05T16:31:25.558389 #26214]  INFO -- : NoCo made a bet of 20 (raise) and is left with 1295 chips. The pot now contains 20 chips.
I, [2014-04-05T16:31:25.558634 #26214]  INFO -- : R3T made a bet of 40 (raise) and is left with 1645 chips. The pot now contains 60 chips.
I, [2014-04-05T16:31:25.560434 #26214]  INFO -- : Player NoCo responded with 0 (200)
I, [2014-04-05T16:31:25.560650 #26214]  INFO -- : NoCo made a bet of 0 (fold) and is left with 1295 chips. The pot now contains 60 chips.
I, [2014-04-05T16:31:25.562986 #26214]  INFO -- : Player R3T responded with 80 (200)
I, [2014-04-05T16:31:25.563260 #26214]  INFO -- : R3T made a bet of 80 (raise) and is left with 1565 chips. The pot now contains 140 chips.
I, [2014-04-05T16:31:25.563629 #26214]  INFO -- : R3T won 140
I, [2014-04-05T16:31:25.565977 #26214]  INFO -- : Player R3T responded with  (200)
I, [2014-04-05T16:31:25.567686 #26214]  INFO -- : Player Mr Bazinga responded with OK (200)
I, [2014-04-05T16:31:25.572130 #26214]  INFO -- : Player NoCo responded with  (200)
I, [2014-04-05T16:31:25.572440 #26214]  INFO -- : R3T received hole_card 8 of Diamonds
I, [2014-04-05T16:31:25.572646 #26214]  INFO -- : NoCo received hole_card Queen of Spades
I, [2014-04-05T16:31:25.572799 #26214]  INFO -- : R3T received hole_card 5 of Hearts
I, [2014-04-05T16:31:25.572962 #26214]  INFO -- : NoCo received hole_card 4 of Hearts
I, [2014-04-05T16:31:25.573329 #26214]  INFO -- : R3T made a bet of 20 (raise) and is left with 1685 chips. The pot now contains 20 chips.
I, [2014-04-05T16:31:25.573597 #26214]  INFO -- : NoCo made a bet of 40 (raise) and is left with 1255 chips. The pot now contains 60 chips.
I, [2014-04-05T16:31:25.575961 #26214]  INFO -- : Player R3T responded with 0 (200)
I, [2014-04-05T16:31:25.576257 #26214]  INFO -- : R3T made a bet of 0 (fold) and is left with 1685 chips. The pot now contains 60 chips.
I, [2014-04-05T16:31:25.576639 #26214]  INFO -- : NoCo won 60
I, [2014-04-05T16:31:25.581581 #26214]  INFO -- : Player R3T responded with  (200)
I, [2014-04-05T16:31:25.583390 #26214]  INFO -- : Player Mr Bazinga responded with OK (200)
I, [2014-04-05T16:31:25.585911 #26214]  INFO -- : Player NoCo responded with  (200)
I, [2014-04-05T16:31:25.587250 #26214]  INFO -- : NoCo received hole_card 5 of Spades
I, [2014-04-05T16:31:25.587603 #26214]  INFO -- : R3T received hole_card King of Hearts
I, [2014-04-05T16:31:25.587811 #26214]  INFO -- : NoCo received hole_card 6 of Hearts
I, [2014-04-05T16:31:25.588025 #26214]  INFO -- : R3T received hole_card 10 of Clubs
I, [2014-04-05T16:31:25.588355 #26214]  INFO -- : NoCo made a bet of 40 (raise) and is left with 1275 chips. The pot now contains 40 chips.
I, [2014-04-05T16:31:25.588611 #26214]  INFO -- : R3T made a bet of 80 (raise) and is left with 1605 chips. The pot now contains 120 chips.
I, [2014-04-05T16:31:25.590405 #26214]  INFO -- : Player NoCo responded with 0 (200)
I, [2014-04-05T16:31:25.590630 #26214]  INFO -- : NoCo made a bet of 0 (fold) and is left with 1275 chips. The pot now contains 120 chips.
I, [2014-04-05T16:31:25.593316 #26214]  INFO -- : Player R3T responded with 0 (200)
I, [2014-04-05T16:31:25.593754 #26214]  INFO -- : R3T made a bet of 0 (check) and is left with 1605 chips. The pot now contains 120 chips.
I, [2014-04-05T16:31:25.594389 #26214]  INFO -- : R3T won 120
I, [2014-04-05T16:31:25.597228 #26214]  INFO -- : Player R3T responded with  (200)
I, [2014-04-05T16:31:25.599523 #26214]  INFO -- : Player Mr Bazinga responded with OK (200)
I, [2014-04-05T16:31:25.601388 #26214]  INFO -- : Player NoCo responded with  (200)
I, [2014-04-05T16:31:25.601717 #26214]  INFO -- : R3T received hole_card Ace of Hearts
I, [2014-04-05T16:31:25.601923 #26214]  INFO -- : NoCo received hole_card Jack of Diamonds
I, [2014-04-05T16:31:25.602121 #26214]  INFO -- : R3T received hole_card 6 of Hearts
I, [2014-04-05T16:31:25.602297 #26214]  INFO -- : NoCo received hole_card King of Spades
I, [2014-04-05T16:31:25.602627 #26214]  INFO -- : R3T made a bet of 40 (raise) and is left with 1685 chips. The pot now contains 40 chips.
I, [2014-04-05T16:31:25.602895 #26214]  INFO -- : NoCo made a bet of 80 (raise) and is left with 1195 chips. The pot now contains 120 chips.
I, [2014-04-05T16:31:25.605545 #26214]  INFO -- : Player R3T responded with 160 (200)
I, [2014-04-05T16:31:25.605860 #26214]  INFO -- : R3T made a bet of 160 (raise) and is left with 1525 chips. The pot now contains 280 chips.
I, [2014-04-05T16:31:25.608519 #26214]  INFO -- : Player NoCo responded with 1195 (200)
I, [2014-04-05T16:31:25.608854 #26214]  INFO -- : NoCo made a bet of 1195 (allin) and is left with 0 chips. The pot now contains 1475 chips.
I, [2014-04-05T16:31:25.613121 #26214]  INFO -- : Player R3T responded with 3425 (200)
I, [2014-04-05T16:31:25.613452 #26214]  INFO -- : R3T made a bet of 1525 (allin) and is left with 0 chips. The pot now contains 3000 chips.
I, [2014-04-05T16:31:25.613819 #26214]  INFO -- : community card Queen of Clubs
I, [2014-04-05T16:31:25.614127 #26214]  INFO -- : community card 10 of Diamonds
I, [2014-04-05T16:31:25.614471 #26214]  INFO -- : community card 8 of Diamonds
I, [2014-04-05T16:31:25.614810 #26214]  INFO -- : community card 3 of Hearts
I, [2014-04-05T16:31:25.615152 #26214]  INFO -- : community card 7 of Hearts
I, [2014-04-05T16:31:25.615976 #26214]  INFO -- : R3T showed 7 of Hearts,8 of Diamonds,10 of Diamonds,Queen of Clubs,Ace of Hearts making a high card
I, [2014-04-05T16:31:25.616702 #26214]  INFO -- : R3T won 3000
I, [2014-04-05T16:31:25.621954 #26214]  INFO -- : Player R3T responded with  (200)
I, [2014-04-05T16:31:25.624653 #26214]  INFO -- : Player Mr Bazinga responded with OK (200)
I, [2014-04-05T16:31:25.627596 #26214]  INFO -- : Player NoCo responded with  (200)
