# Logfile created on 2014-04-05 10:57:50 +0200 by logger.rb/44203
I, [2014-04-05T10:57:50.800011 #6693]  INFO -- : Reseting R3T to origin/master
I, [2014-04-05T10:57:51.643256 #6693]  INFO -- : Reseting Mr Bazinga to origin/master
I, [2014-04-05T10:57:52.508922 #6693]  INFO -- : Reseting NoCo to origin/master
I, [2014-04-05T10:57:53.460580 #6693]  INFO -- : Connected R3T at http://localhost:8080/
I, [2014-04-05T10:57:53.464393 #6693]  INFO -- : Connected Mr Bazinga at http://localhost:1337/
I, [2014-04-05T10:57:53.467071 #6693]  INFO -- : Connected NoCo at http://localhost:8000/player_service.php
E, [2014-04-05T10:57:53.468033 #6693] ERROR -- : Connection refused - connect(2) for "localhost" port 8080
E, [2014-04-05T10:57:53.468189 #6693] ERROR -- : Player R3T is unreachable
I, [2014-04-05T10:57:53.468290 #6693]  INFO -- : Waiting for players to start
E, [2014-04-05T10:57:54.468893 #6693] ERROR -- : Connection refused - connect(2) for "localhost" port 8080
E, [2014-04-05T10:57:54.469039 #6693] ERROR -- : Player R3T is unreachable
I, [2014-04-05T10:57:54.469153 #6693]  INFO -- : Waiting for players to start
E, [2014-04-05T10:57:55.469806 #6693] ERROR -- : Connection refused - connect(2) for "localhost" port 8080
E, [2014-04-05T10:57:55.469969 #6693] ERROR -- : Player R3T is unreachable
I, [2014-04-05T10:57:55.470069 #6693]  INFO -- : Waiting for players to start
E, [2014-04-05T10:57:56.470844 #6693] ERROR -- : Connection refused - connect(2) for "localhost" port 8080
E, [2014-04-05T10:57:56.471012 #6693] ERROR -- : Player R3T is unreachable
I, [2014-04-05T10:57:56.471111 #6693]  INFO -- : Waiting for players to start
E, [2014-04-05T10:57:57.471685 #6693] ERROR -- : Connection refused - connect(2) for "localhost" port 8080
E, [2014-04-05T10:57:57.471824 #6693] ERROR -- : Player R3T is unreachable
I, [2014-04-05T10:57:57.471918 #6693]  INFO -- : Waiting for players to start
E, [2014-04-05T10:57:58.472582 #6693] ERROR -- : Connection refused - connect(2) for "localhost" port 8080
E, [2014-04-05T10:57:58.472728 #6693] ERROR -- : Player R3T is unreachable
I, [2014-04-05T10:57:58.472814 #6693]  INFO -- : Waiting for players to start
E, [2014-04-05T10:57:59.473397 #6693] ERROR -- : Connection refused - connect(2) for "localhost" port 8080
E, [2014-04-05T10:57:59.473657 #6693] ERROR -- : Player R3T is unreachable
I, [2014-04-05T10:57:59.473814 #6693]  INFO -- : Waiting for players to start
E, [2014-04-05T10:58:00.474501 #6693] ERROR -- : Connection refused - connect(2) for "localhost" port 8080
E, [2014-04-05T10:58:00.474756 #6693] ERROR -- : Player R3T is unreachable
I, [2014-04-05T10:58:00.474911 #6693]  INFO -- : Waiting for players to start
E, [2014-04-05T10:58:01.475610 #6693] ERROR -- : Connection refused - connect(2) for "localhost" port 8080
E, [2014-04-05T10:58:01.475744 #6693] ERROR -- : Player R3T is unreachable
I, [2014-04-05T10:58:01.475819 #6693]  INFO -- : Waiting for players to start
E, [2014-04-05T10:58:02.476431 #6693] ERROR -- : Connection refused - connect(2) for "localhost" port 8080
E, [2014-04-05T10:58:02.476582 #6693] ERROR -- : Player R3T is unreachable
I, [2014-04-05T10:58:02.476630 #6693]  INFO -- : Waiting for players to start
E, [2014-04-05T10:58:03.477113 #6693] ERROR -- : Connection refused - connect(2) for "localhost" port 8080
E, [2014-04-05T10:58:03.477247 #6693] ERROR -- : Player R3T is unreachable
I, [2014-04-05T10:58:03.477376 #6693]  INFO -- : Waiting for players to start
E, [2014-04-05T10:58:04.478005 #6693] ERROR -- : Connection refused - connect(2) for "localhost" port 8080
E, [2014-04-05T10:58:04.478128 #6693] ERROR -- : Player R3T is unreachable
I, [2014-04-05T10:58:04.478186 #6693]  INFO -- : Waiting for players to start
E, [2014-04-05T10:58:05.478728 #6693] ERROR -- : Connection refused - connect(2) for "localhost" port 8080
E, [2014-04-05T10:58:05.478868 #6693] ERROR -- : Player R3T is unreachable
I, [2014-04-05T10:58:05.478993 #6693]  INFO -- : Waiting for players to start
E, [2014-04-05T10:58:06.981065 #6693] ERROR -- : Net::ReadTimeout
E, [2014-04-05T10:58:06.981216 #6693] ERROR -- : Player R3T is unreachable
I, [2014-04-05T10:58:06.981693 #6693]  INFO -- : Waiting for players to start
I, [2014-04-05T10:58:07.987625 #6693]  INFO -- : Player R3T responded with  (200)
I, [2014-04-05T10:58:08.009282 #6693]  INFO -- : Player Mr Bazinga responded with OK (200)
I, [2014-04-05T10:58:08.013129 #6693]  INFO -- : Player NoCo responded with  (200)
I, [2014-04-05T10:58:08.013501 #6693]  INFO -- : Players are running
I, [2014-04-05T10:58:08.033269 #6693]  INFO -- : Player R3T responded with  (200)
I, [2014-04-05T10:58:08.039721 #6693]  INFO -- : Player Mr Bazinga responded with Mr Bazinga version 0.1 (200)
I, [2014-04-05T10:58:08.042786 #6693]  INFO -- : Player NoCo responded with NoCo1056 (200)
I, [2014-04-05T10:58:08.043656 #6693]  INFO -- : Mr Bazinga received hole_card 3 of Spades
I, [2014-04-05T10:58:08.044336 #6693]  INFO -- : NoCo received hole_card Queen of Diamonds
I, [2014-04-05T10:58:08.044880 #6693]  INFO -- : R3T received hole_card 2 of Diamonds
I, [2014-04-05T10:58:08.045620 #6693]  INFO -- : Mr Bazinga received hole_card 10 of Spades
I, [2014-04-05T10:58:08.046221 #6693]  INFO -- : NoCo received hole_card 8 of Diamonds
I, [2014-04-05T10:58:08.046820 #6693]  INFO -- : R3T received hole_card Jack of Spades
I, [2014-04-05T10:58:08.049411 #6693]  INFO -- : Mr Bazinga made a bet of 10 (raise) and is left with 990 chips. The pot now contains 10 chips.
I, [2014-04-05T10:58:08.049937 #6693]  INFO -- : NoCo made a bet of 20 (raise) and is left with 980 chips. The pot now contains 30 chips.
I, [2014-04-05T10:58:08.132983 #6693]  INFO -- : Player R3T responded with 0 (200)
I, [2014-04-05T10:58:08.133295 #6693]  INFO -- : R3T made a bet of 0 (fold) and is left with 1000 chips. The pot now contains 30 chips.
I, [2014-04-05T10:58:08.136654 #6693]  INFO -- : Player Mr Bazinga responded with 500 (200)
I, [2014-04-05T10:58:08.136919 #6693]  INFO -- : Mr Bazinga made a bet of 500 (raise) and is left with 490 chips. The pot now contains 530 chips.
I, [2014-04-05T10:58:08.139331 #6693]  INFO -- : Player NoCo responded with 490 (200)
I, [2014-04-05T10:58:08.139615 #6693]  INFO -- : NoCo made a bet of 490 (call) and is left with 490 chips. The pot now contains 1020 chips.
I, [2014-04-05T10:58:08.140329 #6693]  INFO -- : community card 10 of Hearts
I, [2014-04-05T10:58:08.140722 #6693]  INFO -- : community card Jack of Clubs
I, [2014-04-05T10:58:08.140993 #6693]  INFO -- : community card 4 of Diamonds
I, [2014-04-05T10:58:08.145072 #6693]  INFO -- : Player Mr Bazinga responded with 500 (200)
I, [2014-04-05T10:58:08.145440 #6693]  INFO -- : Mr Bazinga made a bet of 490 (allin) and is left with 0 chips. The pot now contains 1510 chips.
I, [2014-04-05T10:58:08.147571 #6693]  INFO -- : Player NoCo responded with 490 (200)
I, [2014-04-05T10:58:08.147806 #6693]  INFO -- : NoCo made a bet of 490 (allin) and is left with 0 chips. The pot now contains 2000 chips.
I, [2014-04-05T10:58:08.148166 #6693]  INFO -- : community card 6 of Hearts
I, [2014-04-05T10:58:08.148476 #6693]  INFO -- : community card 7 of Spades
I, [2014-04-05T10:58:08.149249 #6693]  INFO -- : Mr Bazinga showed 6 of Hearts,7 of Spades,10 of Hearts,10 of Spades,Jack of Clubs making a pair
I, [2014-04-05T10:58:08.149803 #6693]  INFO -- : Mr Bazinga won 2000
I, [2014-04-05T10:58:08.153289 #6693]  INFO -- : Player R3T responded with  (200)
I, [2014-04-05T10:58:08.156050 #6693]  INFO -- : Player Mr Bazinga responded with OK (200)
I, [2014-04-05T10:58:08.158303 #6693]  INFO -- : Player NoCo responded with  (200)
I, [2014-04-05T10:58:08.158797 #6693]  INFO -- : R3T received hole_card 7 of Clubs
I, [2014-04-05T10:58:08.159083 #6693]  INFO -- : Mr Bazinga received hole_card Queen of Diamonds
I, [2014-04-05T10:58:08.159381 #6693]  INFO -- : R3T received hole_card 2 of Hearts
I, [2014-04-05T10:58:08.159678 #6693]  INFO -- : Mr Bazinga received hole_card 9 of Hearts
I, [2014-04-05T10:58:08.160189 #6693]  INFO -- : R3T made a bet of 10 (raise) and is left with 990 chips. The pot now contains 10 chips.
I, [2014-04-05T10:58:08.160635 #6693]  INFO -- : Mr Bazinga made a bet of 20 (raise) and is left with 1980 chips. The pot now contains 30 chips.
I, [2014-04-05T10:58:08.165318 #6693]  INFO -- : Player R3T responded with 0 (200)
I, [2014-04-05T10:58:08.165706 #6693]  INFO -- : R3T made a bet of 0 (fold) and is left with 990 chips. The pot now contains 30 chips.
I, [2014-04-05T10:58:08.169549 #6693]  INFO -- : Player Mr Bazinga responded with 500 (200)
I, [2014-04-05T10:58:08.169861 #6693]  INFO -- : Mr Bazinga made a bet of 500 (raise) and is left with 1480 chips. The pot now contains 530 chips.
I, [2014-04-05T10:58:08.170554 #6693]  INFO -- : Mr Bazinga won 530
I, [2014-04-05T10:58:08.176754 #6693]  INFO -- : Player R3T responded with  (200)
I, [2014-04-05T10:58:08.178919 #6693]  INFO -- : Player Mr Bazinga responded with OK (200)
I, [2014-04-05T10:58:08.180801 #6693]  INFO -- : Player NoCo responded with  (200)
I, [2014-04-05T10:58:08.181190 #6693]  INFO -- : Mr Bazinga received hole_card Jack of Diamonds
I, [2014-04-05T10:58:08.181419 #6693]  INFO -- : R3T received hole_card 10 of Clubs
I, [2014-04-05T10:58:08.181670 #6693]  INFO -- : Mr Bazinga received hole_card 5 of Spades
I, [2014-04-05T10:58:08.181897 #6693]  INFO -- : R3T received hole_card Queen of Clubs
I, [2014-04-05T10:58:08.182211 #6693]  INFO -- : Mr Bazinga made a bet of 10 (raise) and is left with 2000 chips. The pot now contains 10 chips.
I, [2014-04-05T10:58:08.182560 #6693]  INFO -- : R3T made a bet of 20 (raise) and is left with 970 chips. The pot now contains 30 chips.
I, [2014-04-05T10:58:08.192828 #6693]  INFO -- : Player Mr Bazinga responded with 500 (200)
I, [2014-04-05T10:58:08.193224 #6693]  INFO -- : Mr Bazinga made a bet of 500 (raise) and is left with 1500 chips. The pot now contains 530 chips.
I, [2014-04-05T10:58:08.198135 #6693]  INFO -- : Player R3T responded with 0 (200)
I, [2014-04-05T10:58:08.200310 #6693]  INFO -- : R3T made a bet of 0 (fold) and is left with 970 chips. The pot now contains 530 chips.
I, [2014-04-05T10:58:08.200967 #6693]  INFO -- : Mr Bazinga won 530
I, [2014-04-05T10:58:08.203992 #6693]  INFO -- : Player R3T responded with  (200)
I, [2014-04-05T10:58:08.207874 #6693]  INFO -- : Player Mr Bazinga responded with OK (200)
I, [2014-04-05T10:58:08.209784 #6693]  INFO -- : Player NoCo responded with  (200)
I, [2014-04-05T10:58:08.210101 #6693]  INFO -- : R3T received hole_card 3 of Spades
I, [2014-04-05T10:58:08.210292 #6693]  INFO -- : Mr Bazinga received hole_card Ace of Diamonds
I, [2014-04-05T10:58:08.210463 #6693]  INFO -- : R3T received hole_card King of Clubs
I, [2014-04-05T10:58:08.210652 #6693]  INFO -- : Mr Bazinga received hole_card Queen of Diamonds
I, [2014-04-05T10:58:08.210931 #6693]  INFO -- : R3T made a bet of 10 (raise) and is left with 960 chips. The pot now contains 10 chips.
I, [2014-04-05T10:58:08.211192 #6693]  INFO -- : Mr Bazinga made a bet of 20 (raise) and is left with 2010 chips. The pot now contains 30 chips.
I, [2014-04-05T10:58:08.214847 #6693]  INFO -- : Player R3T responded with 0 (200)
I, [2014-04-05T10:58:08.215137 #6693]  INFO -- : R3T made a bet of 0 (fold) and is left with 960 chips. The pot now contains 30 chips.
I, [2014-04-05T10:58:08.217434 #6693]  INFO -- : Player Mr Bazinga responded with 500 (200)
I, [2014-04-05T10:58:08.217757 #6693]  INFO -- : Mr Bazinga made a bet of 500 (raise) and is left with 1510 chips. The pot now contains 530 chips.
I, [2014-04-05T10:58:08.219900 #6693]  INFO -- : Mr Bazinga won 530
I, [2014-04-05T10:58:08.224549 #6693]  INFO -- : Player R3T responded with  (200)
I, [2014-04-05T10:58:08.228264 #6693]  INFO -- : Player Mr Bazinga responded with OK (200)
I, [2014-04-05T10:58:08.232072 #6693]  INFO -- : Player NoCo responded with  (200)
I, [2014-04-05T10:58:08.232592 #6693]  INFO -- : Mr Bazinga received hole_card 10 of Hearts
I, [2014-04-05T10:58:08.232925 #6693]  INFO -- : R3T received hole_card King of Hearts
I, [2014-04-05T10:58:08.233202 #6693]  INFO -- : Mr Bazinga received hole_card Ace of Hearts
I, [2014-04-05T10:58:08.233469 #6693]  INFO -- : R3T received hole_card Ace of Clubs
I, [2014-04-05T10:58:08.234113 #6693]  INFO -- : Mr Bazinga made a bet of 10 (raise) and is left with 2030 chips. The pot now contains 10 chips.
I, [2014-04-05T10:58:08.234876 #6693]  INFO -- : R3T made a bet of 20 (raise) and is left with 940 chips. The pot now contains 30 chips.
I, [2014-04-05T10:58:08.238497 #6693]  INFO -- : Player Mr Bazinga responded with 500 (200)
I, [2014-04-05T10:58:08.238967 #6693]  INFO -- : Mr Bazinga made a bet of 500 (raise) and is left with 1530 chips. The pot now contains 530 chips.
I, [2014-04-05T10:58:08.245773 #6693]  INFO -- : Player R3T responded with 0 (200)
I, [2014-04-05T10:58:08.245984 #6693]  INFO -- : R3T made a bet of 0 (fold) and is left with 940 chips. The pot now contains 530 chips.
I, [2014-04-05T10:58:08.246366 #6693]  INFO -- : Mr Bazinga won 530
I, [2014-04-05T10:58:08.251091 #6693]  INFO -- : Player R3T responded with  (200)
I, [2014-04-05T10:58:08.253563 #6693]  INFO -- : Player Mr Bazinga responded with OK (200)
I, [2014-04-05T10:58:08.255768 #6693]  INFO -- : Player NoCo responded with  (200)
I, [2014-04-05T10:58:08.256106 #6693]  INFO -- : R3T received hole_card 2 of Spades
I, [2014-04-05T10:58:08.256295 #6693]  INFO -- : Mr Bazinga received hole_card 3 of Spades
I, [2014-04-05T10:58:08.256482 #6693]  INFO -- : R3T received hole_card 7 of Hearts
I, [2014-04-05T10:58:08.256678 #6693]  INFO -- : Mr Bazinga received hole_card King of Spades
I, [2014-04-05T10:58:08.256986 #6693]  INFO -- : R3T made a bet of 10 (raise) and is left with 930 chips. The pot now contains 10 chips.
I, [2014-04-05T10:58:08.257234 #6693]  INFO -- : Mr Bazinga made a bet of 20 (raise) and is left with 2040 chips. The pot now contains 30 chips.
I, [2014-04-05T10:58:08.263620 #6693]  INFO -- : Player R3T responded with 0 (200)
I, [2014-04-05T10:58:08.263982 #6693]  INFO -- : R3T made a bet of 0 (fold) and is left with 930 chips. The pot now contains 30 chips.
I, [2014-04-05T10:58:08.268387 #6693]  INFO -- : Player Mr Bazinga responded with 500 (200)
I, [2014-04-05T10:58:08.268598 #6693]  INFO -- : Mr Bazinga made a bet of 500 (raise) and is left with 1540 chips. The pot now contains 530 chips.
I, [2014-04-05T10:58:08.268963 #6693]  INFO -- : Mr Bazinga won 530
I, [2014-04-05T10:58:08.271011 #6693]  INFO -- : Player R3T responded with  (200)
I, [2014-04-05T10:58:08.272971 #6693]  INFO -- : Player Mr Bazinga responded with OK (200)
I, [2014-04-05T10:58:08.274859 #6693]  INFO -- : Player NoCo responded with  (200)
I, [2014-04-05T10:58:08.275312 #6693]  INFO -- : Mr Bazinga received hole_card 9 of Spades
I, [2014-04-05T10:58:08.275616 #6693]  INFO -- : R3T received hole_card Ace of Diamonds
I, [2014-04-05T10:58:08.275895 #6693]  INFO -- : Mr Bazinga received hole_card 7 of Hearts
I, [2014-04-05T10:58:08.276241 #6693]  INFO -- : R3T received hole_card 9 of Hearts
I, [2014-04-05T10:58:08.276722 #6693]  INFO -- : Mr Bazinga made a bet of 10 (raise) and is left with 2060 chips. The pot now contains 10 chips.
I, [2014-04-05T10:58:08.277126 #6693]  INFO -- : R3T made a bet of 20 (raise) and is left with 910 chips. The pot now contains 30 chips.
I, [2014-04-05T10:58:08.278833 #6693]  INFO -- : Player Mr Bazinga responded with 500 (200)
I, [2014-04-05T10:58:08.279027 #6693]  INFO -- : Mr Bazinga made a bet of 500 (raise) and is left with 1560 chips. The pot now contains 530 chips.
I, [2014-04-05T10:58:08.287280 #6693]  INFO -- : Player R3T responded with 0 (200)
I, [2014-04-05T10:58:08.287842 #6693]  INFO -- : R3T made a bet of 0 (fold) and is left with 910 chips. The pot now contains 530 chips.
I, [2014-04-05T10:58:08.288667 #6693]  INFO -- : Mr Bazinga won 530
I, [2014-04-05T10:58:08.293057 #6693]  INFO -- : Player R3T responded with  (200)
I, [2014-04-05T10:58:08.297249 #6693]  INFO -- : Player Mr Bazinga responded with OK (200)
I, [2014-04-05T10:58:08.301598 #6693]  INFO -- : Player NoCo responded with  (200)
I, [2014-04-05T10:58:08.301934 #6693]  INFO -- : R3T received hole_card 6 of Diamonds
I, [2014-04-05T10:58:08.302080 #6693]  INFO -- : Mr Bazinga received hole_card 5 of Spades
I, [2014-04-05T10:58:08.302249 #6693]  INFO -- : R3T received hole_card 3 of Hearts
I, [2014-04-05T10:58:08.302401 #6693]  INFO -- : Mr Bazinga received hole_card 4 of Hearts
I, [2014-04-05T10:58:08.302677 #6693]  INFO -- : R3T made a bet of 10 (raise) and is left with 900 chips. The pot now contains 10 chips.
I, [2014-04-05T10:58:08.302931 #6693]  INFO -- : Mr Bazinga made a bet of 20 (raise) and is left with 2070 chips. The pot now contains 30 chips.
I, [2014-04-05T10:58:08.309087 #6693]  INFO -- : Player R3T responded with 0 (200)
I, [2014-04-05T10:58:08.309601 #6693]  INFO -- : R3T made a bet of 0 (fold) and is left with 900 chips. The pot now contains 30 chips.
I, [2014-04-05T10:58:08.314772 #6693]  INFO -- : Player Mr Bazinga responded with 500 (200)
I, [2014-04-05T10:58:08.315273 #6693]  INFO -- : Mr Bazinga made a bet of 500 (raise) and is left with 1570 chips. The pot now contains 530 chips.
I, [2014-04-05T10:58:08.316494 #6693]  INFO -- : Mr Bazinga won 530
I, [2014-04-05T10:58:08.320430 #6693]  INFO -- : Player R3T responded with  (200)
I, [2014-04-05T10:58:08.325624 #6693]  INFO -- : Player Mr Bazinga responded with OK (200)
I, [2014-04-05T10:58:08.329871 #6693]  INFO -- : Player NoCo responded with  (200)
I, [2014-04-05T10:58:08.330882 #6693]  INFO -- : Mr Bazinga received hole_card 6 of Spades
I, [2014-04-05T10:58:08.331495 #6693]  INFO -- : R3T received hole_card 9 of Spades
I, [2014-04-05T10:58:08.332110 #6693]  INFO -- : Mr Bazinga received hole_card 3 of Hearts
I, [2014-04-05T10:58:08.332676 #6693]  INFO -- : R3T received hole_card 4 of Clubs
I, [2014-04-05T10:58:08.333562 #6693]  INFO -- : Mr Bazinga made a bet of 10 (raise) and is left with 2090 chips. The pot now contains 10 chips.
I, [2014-04-05T10:58:08.334371 #6693]  INFO -- : R3T made a bet of 20 (raise) and is left with 880 chips. The pot now contains 30 chips.
I, [2014-04-05T10:58:08.337318 #6693]  INFO -- : Player Mr Bazinga responded with 500 (200)
I, [2014-04-05T10:58:08.337712 #6693]  INFO -- : Mr Bazinga made a bet of 500 (raise) and is left with 1590 chips. The pot now contains 530 chips.
I, [2014-04-05T10:58:08.348305 #6693]  INFO -- : Player R3T responded with 0 (200)
I, [2014-04-05T10:58:08.349098 #6693]  INFO -- : R3T made a bet of 0 (fold) and is left with 880 chips. The pot now contains 530 chips.
I, [2014-04-05T10:58:08.350811 #6693]  INFO -- : Mr Bazinga won 530
I, [2014-04-05T10:58:08.355677 #6693]  INFO -- : Player R3T responded with  (200)
I, [2014-04-05T10:58:08.359839 #6693]  INFO -- : Player Mr Bazinga responded with OK (200)
I, [2014-04-05T10:58:08.362604 #6693]  INFO -- : Player NoCo responded with  (200)
I, [2014-04-05T10:58:08.363628 #6693]  INFO -- : R3T received hole_card 8 of Diamonds
I, [2014-04-05T10:58:08.364329 #6693]  INFO -- : Mr Bazinga received hole_card Ace of Hearts
I, [2014-04-05T10:58:08.364929 #6693]  INFO -- : R3T received hole_card 5 of Diamonds
I, [2014-04-05T10:58:08.365454 #6693]  INFO -- : Mr Bazinga received hole_card 9 of Clubs
I, [2014-04-05T10:58:08.366327 #6693]  INFO -- : R3T made a bet of 20 (raise) and is left with 860 chips. The pot now contains 20 chips.
I, [2014-04-05T10:58:08.367187 #6693]  INFO -- : Mr Bazinga made a bet of 40 (raise) and is left with 2080 chips. The pot now contains 60 chips.
I, [2014-04-05T10:58:08.372191 #6693]  INFO -- : Player R3T responded with 0 (200)
I, [2014-04-05T10:58:08.372795 #6693]  INFO -- : R3T made a bet of 0 (fold) and is left with 860 chips. The pot now contains 60 chips.
I, [2014-04-05T10:58:08.377247 #6693]  INFO -- : Player Mr Bazinga responded with 500 (200)
I, [2014-04-05T10:58:08.377993 #6693]  INFO -- : Mr Bazinga made a bet of 500 (raise) and is left with 1580 chips. The pot now contains 560 chips.
I, [2014-04-05T10:58:08.379213 #6693]  INFO -- : Mr Bazinga won 560
I, [2014-04-05T10:58:08.385315 #6693]  INFO -- : Player R3T responded with  (200)
I, [2014-04-05T10:58:08.390345 #6693]  INFO -- : Player Mr Bazinga responded with OK (200)
I, [2014-04-05T10:58:08.393671 #6693]  INFO -- : Player NoCo responded with  (200)
I, [2014-04-05T10:58:08.394693 #6693]  INFO -- : Mr Bazinga received hole_card 10 of Clubs
I, [2014-04-05T10:58:08.395310 #6693]  INFO -- : R3T received hole_card Jack of Clubs
I, [2014-04-05T10:58:08.395941 #6693]  INFO -- : Mr Bazinga received hole_card 7 of Hearts
I, [2014-04-05T10:58:08.396481 #6693]  INFO -- : R3T received hole_card 5 of Hearts
I, [2014-04-05T10:58:08.397426 #6693]  INFO -- : Mr Bazinga made a bet of 20 (raise) and is left with 2120 chips. The pot now contains 20 chips.
I, [2014-04-05T10:58:08.398168 #6693]  INFO -- : R3T made a bet of 40 (raise) and is left with 820 chips. The pot now contains 60 chips.
I, [2014-04-05T10:58:08.402113 #6693]  INFO -- : Player Mr Bazinga responded with 500 (200)
I, [2014-04-05T10:58:08.402758 #6693]  INFO -- : Mr Bazinga made a bet of 500 (raise) and is left with 1620 chips. The pot now contains 560 chips.
I, [2014-04-05T10:58:08.414681 #6693]  INFO -- : Player R3T responded with 0 (200)
I, [2014-04-05T10:58:08.415101 #6693]  INFO -- : R3T made a bet of 0 (fold) and is left with 820 chips. The pot now contains 560 chips.
I, [2014-04-05T10:58:08.415637 #6693]  INFO -- : Mr Bazinga won 560
I, [2014-04-05T10:58:08.422612 #6693]  INFO -- : Player R3T responded with  (200)
I, [2014-04-05T10:58:08.426083 #6693]  INFO -- : Player Mr Bazinga responded with OK (200)
I, [2014-04-05T10:58:08.427721 #6693]  INFO -- : Player NoCo responded with  (200)
I, [2014-04-05T10:58:08.428092 #6693]  INFO -- : R3T received hole_card 9 of Spades
I, [2014-04-05T10:58:08.428305 #6693]  INFO -- : Mr Bazinga received hole_card 3 of Clubs
I, [2014-04-05T10:58:08.428510 #6693]  INFO -- : R3T received hole_card 10 of Spades
I, [2014-04-05T10:58:08.428689 #6693]  INFO -- : Mr Bazinga received hole_card 7 of Clubs
I, [2014-04-05T10:58:08.428985 #6693]  INFO -- : R3T made a bet of 20 (raise) and is left with 800 chips. The pot now contains 20 chips.
I, [2014-04-05T10:58:08.429265 #6693]  INFO -- : Mr Bazinga made a bet of 40 (raise) and is left with 2140 chips. The pot now contains 60 chips.
I, [2014-04-05T10:58:08.433572 #6693]  INFO -- : Player R3T responded with 0 (200)
I, [2014-04-05T10:58:08.433873 #6693]  INFO -- : R3T made a bet of 0 (fold) and is left with 800 chips. The pot now contains 60 chips.
I, [2014-04-05T10:58:08.436693 #6693]  INFO -- : Player Mr Bazinga responded with 500 (200)
I, [2014-04-05T10:58:08.436944 #6693]  INFO -- : Mr Bazinga made a bet of 500 (raise) and is left with 1640 chips. The pot now contains 560 chips.
I, [2014-04-05T10:58:08.437776 #6693]  INFO -- : Mr Bazinga won 560
I, [2014-04-05T10:58:08.449899 #6693]  INFO -- : Player R3T responded with  (200)
I, [2014-04-05T10:58:08.451831 #6693]  INFO -- : Player Mr Bazinga responded with OK (200)
I, [2014-04-05T10:58:08.453388 #6693]  INFO -- : Player NoCo responded with  (200)
I, [2014-04-05T10:58:08.453716 #6693]  INFO -- : Mr Bazinga received hole_card King of Clubs
I, [2014-04-05T10:58:08.453916 #6693]  INFO -- : R3T received hole_card 4 of Diamonds
I, [2014-04-05T10:58:08.454094 #6693]  INFO -- : Mr Bazinga received hole_card 2 of Diamonds
I, [2014-04-05T10:58:08.454294 #6693]  INFO -- : R3T received hole_card 7 of Diamonds
I, [2014-04-05T10:58:08.454645 #6693]  INFO -- : Mr Bazinga made a bet of 20 (raise) and is left with 2180 chips. The pot now contains 20 chips.
I, [2014-04-05T10:58:08.454911 #6693]  INFO -- : R3T made a bet of 40 (raise) and is left with 760 chips. The pot now contains 60 chips.
I, [2014-04-05T10:58:08.456743 #6693]  INFO -- : Player Mr Bazinga responded with 500 (200)
I, [2014-04-05T10:58:08.456967 #6693]  INFO -- : Mr Bazinga made a bet of 500 (raise) and is left with 1680 chips. The pot now contains 560 chips.
I, [2014-04-05T10:58:08.460195 #6693]  INFO -- : Player R3T responded with 0 (200)
I, [2014-04-05T10:58:08.460537 #6693]  INFO -- : R3T made a bet of 0 (fold) and is left with 760 chips. The pot now contains 560 chips.
I, [2014-04-05T10:58:08.461417 #6693]  INFO -- : Mr Bazinga won 560
I, [2014-04-05T10:58:08.466325 #6693]  INFO -- : Player R3T responded with  (200)
I, [2014-04-05T10:58:08.469768 #6693]  INFO -- : Player Mr Bazinga responded with OK (200)
I, [2014-04-05T10:58:08.472536 #6693]  INFO -- : Player NoCo responded with  (200)
I, [2014-04-05T10:58:08.473076 #6693]  INFO -- : R3T received hole_card Jack of Clubs
I, [2014-04-05T10:58:08.473354 #6693]  INFO -- : Mr Bazinga received hole_card Ace of Hearts
I, [2014-04-05T10:58:08.473588 #6693]  INFO -- : R3T received hole_card 6 of Hearts
I, [2014-04-05T10:58:08.473836 #6693]  INFO -- : Mr Bazinga received hole_card 7 of Clubs
I, [2014-04-05T10:58:08.474199 #6693]  INFO -- : R3T made a bet of 20 (raise) and is left with 740 chips. The pot now contains 20 chips.
I, [2014-04-05T10:58:08.474523 #6693]  INFO -- : Mr Bazinga made a bet of 40 (raise) and is left with 2200 chips. The pot now contains 60 chips.
I, [2014-04-05T10:58:08.484622 #6693]  INFO -- : Player R3T responded with 0 (200)
I, [2014-04-05T10:58:08.485105 #6693]  INFO -- : R3T made a bet of 0 (fold) and is left with 740 chips. The pot now contains 60 chips.
I, [2014-04-05T10:58:08.489390 #6693]  INFO -- : Player Mr Bazinga responded with 500 (200)
I, [2014-04-05T10:58:08.489565 #6693]  INFO -- : Mr Bazinga made a bet of 500 (raise) and is left with 1700 chips. The pot now contains 560 chips.
I, [2014-04-05T10:58:08.489940 #6693]  INFO -- : Mr Bazinga won 560
I, [2014-04-05T10:58:08.495219 #6693]  INFO -- : Player R3T responded with  (200)
I, [2014-04-05T10:58:08.501336 #6693]  INFO -- : Player Mr Bazinga responded with OK (200)
I, [2014-04-05T10:58:08.506409 #6693]  INFO -- : Player NoCo responded with  (200)
I, [2014-04-05T10:58:08.506946 #6693]  INFO -- : Mr Bazinga received hole_card Ace of Diamonds
I, [2014-04-05T10:58:08.507373 #6693]  INFO -- : R3T received hole_card Queen of Clubs
I, [2014-04-05T10:58:08.508011 #6693]  INFO -- : Mr Bazinga received hole_card Jack of Hearts
I, [2014-04-05T10:58:08.508394 #6693]  INFO -- : R3T received hole_card 3 of Clubs
I, [2014-04-05T10:58:08.508806 #6693]  INFO -- : Mr Bazinga made a bet of 20 (raise) and is left with 2240 chips. The pot now contains 20 chips.
I, [2014-04-05T10:58:08.509332 #6693]  INFO -- : R3T made a bet of 40 (raise) and is left with 700 chips. The pot now contains 60 chips.
I, [2014-04-05T10:58:08.512158 #6693]  INFO -- : Player Mr Bazinga responded with 500 (200)
I, [2014-04-05T10:58:08.512379 #6693]  INFO -- : Mr Bazinga made a bet of 500 (raise) and is left with 1740 chips. The pot now contains 560 chips.
I, [2014-04-05T10:58:08.520428 #6693]  INFO -- : Player R3T responded with 0 (200)
I, [2014-04-05T10:58:08.520628 #6693]  INFO -- : R3T made a bet of 0 (fold) and is left with 700 chips. The pot now contains 560 chips.
I, [2014-04-05T10:58:08.520996 #6693]  INFO -- : Mr Bazinga won 560
I, [2014-04-05T10:58:08.523557 #6693]  INFO -- : Player R3T responded with  (200)
I, [2014-04-05T10:58:08.525952 #6693]  INFO -- : Player Mr Bazinga responded with OK (200)
I, [2014-04-05T10:58:08.528320 #6693]  INFO -- : Player NoCo responded with  (200)
I, [2014-04-05T10:58:08.528933 #6693]  INFO -- : R3T received hole_card 3 of Diamonds
I, [2014-04-05T10:58:08.529308 #6693]  INFO -- : Mr Bazinga received hole_card Queen of Hearts
I, [2014-04-05T10:58:08.529636 #6693]  INFO -- : R3T received hole_card 4 of Hearts
I, [2014-04-05T10:58:08.530045 #6693]  INFO -- : Mr Bazinga received hole_card 6 of Hearts
I, [2014-04-05T10:58:08.530590 #6693]  INFO -- : R3T made a bet of 20 (raise) and is left with 680 chips. The pot now contains 20 chips.
I, [2014-04-05T10:58:08.531095 #6693]  INFO -- : Mr Bazinga made a bet of 40 (raise) and is left with 2260 chips. The pot now contains 60 chips.
I, [2014-04-05T10:58:08.538218 #6693]  INFO -- : Player R3T responded with 0 (200)
I, [2014-04-05T10:58:08.538768 #6693]  INFO -- : R3T made a bet of 0 (fold) and is left with 680 chips. The pot now contains 60 chips.
I, [2014-04-05T10:58:08.543386 #6693]  INFO -- : Player Mr Bazinga responded with 500 (200)
I, [2014-04-05T10:58:08.543905 #6693]  INFO -- : Mr Bazinga made a bet of 500 (raise) and is left with 1760 chips. The pot now contains 560 chips.
I, [2014-04-05T10:58:08.544543 #6693]  INFO -- : Mr Bazinga won 560
I, [2014-04-05T10:58:08.548712 #6693]  INFO -- : Player R3T responded with  (200)
I, [2014-04-05T10:58:08.552583 #6693]  INFO -- : Player Mr Bazinga responded with OK (200)
I, [2014-04-05T10:58:08.554980 #6693]  INFO -- : Player NoCo responded with  (200)
I, [2014-04-05T10:58:08.555292 #6693]  INFO -- : Mr Bazinga received hole_card Ace of Diamonds
I, [2014-04-05T10:58:08.555461 #6693]  INFO -- : R3T received hole_card 5 of Clubs
I, [2014-04-05T10:58:08.555655 #6693]  INFO -- : Mr Bazinga received hole_card Queen of Spades
I, [2014-04-05T10:58:08.555846 #6693]  INFO -- : R3T received hole_card Ace of Spades
I, [2014-04-05T10:58:08.556294 #6693]  INFO -- : Mr Bazinga made a bet of 20 (raise) and is left with 2300 chips. The pot now contains 20 chips.
I, [2014-04-05T10:58:08.556881 #6693]  INFO -- : R3T made a bet of 40 (raise) and is left with 640 chips. The pot now contains 60 chips.
I, [2014-04-05T10:58:08.560644 #6693]  INFO -- : Player Mr Bazinga responded with 500 (200)
I, [2014-04-05T10:58:08.561083 #6693]  INFO -- : Mr Bazinga made a bet of 500 (raise) and is left with 1800 chips. The pot now contains 560 chips.
I, [2014-04-05T10:58:08.568227 #6693]  INFO -- : Player R3T responded with 0 (200)
I, [2014-04-05T10:58:08.568696 #6693]  INFO -- : R3T made a bet of 0 (fold) and is left with 640 chips. The pot now contains 560 chips.
I, [2014-04-05T10:58:08.569937 #6693]  INFO -- : Mr Bazinga won 560
I, [2014-04-05T10:58:08.572956 #6693]  INFO -- : Player R3T responded with  (200)
I, [2014-04-05T10:58:08.574934 #6693]  INFO -- : Player Mr Bazinga responded with OK (200)
I, [2014-04-05T10:58:08.576762 #6693]  INFO -- : Player NoCo responded with  (200)
I, [2014-04-05T10:58:08.577202 #6693]  INFO -- : R3T received hole_card Queen of Hearts
I, [2014-04-05T10:58:08.577852 #6693]  INFO -- : Mr Bazinga received hole_card 4 of Hearts
I, [2014-04-05T10:58:08.578435 #6693]  INFO -- : R3T received hole_card 9 of Hearts
I, [2014-04-05T10:58:08.579179 #6693]  INFO -- : Mr Bazinga received hole_card Ace of Clubs
I, [2014-04-05T10:58:08.579964 #6693]  INFO -- : R3T made a bet of 20 (raise) and is left with 620 chips. The pot now contains 20 chips.
I, [2014-04-05T10:58:08.580414 #6693]  INFO -- : Mr Bazinga made a bet of 40 (raise) and is left with 2320 chips. The pot now contains 60 chips.
I, [2014-04-05T10:58:08.583708 #6693]  INFO -- : Player R3T responded with 0 (200)
I, [2014-04-05T10:58:08.583926 #6693]  INFO -- : R3T made a bet of 0 (fold) and is left with 620 chips. The pot now contains 60 chips.
I, [2014-04-05T10:58:08.585835 #6693]  INFO -- : Player Mr Bazinga responded with 500 (200)
I, [2014-04-05T10:58:08.586015 #6693]  INFO -- : Mr Bazinga made a bet of 500 (raise) and is left with 1820 chips. The pot now contains 560 chips.
I, [2014-04-05T10:58:08.586389 #6693]  INFO -- : Mr Bazinga won 560
I, [2014-04-05T10:58:08.588437 #6693]  INFO -- : Player R3T responded with  (200)
I, [2014-04-05T10:58:08.590242 #6693]  INFO -- : Player Mr Bazinga responded with OK (200)
I, [2014-04-05T10:58:08.592097 #6693]  INFO -- : Player NoCo responded with  (200)
I, [2014-04-05T10:58:08.592756 #6693]  INFO -- : Mr Bazinga received hole_card 7 of Spades
I, [2014-04-05T10:58:08.593076 #6693]  INFO -- : R3T received hole_card 5 of Hearts
I, [2014-04-05T10:58:08.593412 #6693]  INFO -- : Mr Bazinga received hole_card 4 of Spades
I, [2014-04-05T10:58:08.593763 #6693]  INFO -- : R3T received hole_card 7 of Diamonds
I, [2014-04-05T10:58:08.594365 #6693]  INFO -- : Mr Bazinga made a bet of 40 (raise) and is left with 2340 chips. The pot now contains 40 chips.
I, [2014-04-05T10:58:08.594755 #6693]  INFO -- : R3T made a bet of 80 (raise) and is left with 540 chips. The pot now contains 120 chips.
I, [2014-04-05T10:58:08.597997 #6693]  INFO -- : Player Mr Bazinga responded with 500 (200)
I, [2014-04-05T10:58:08.598887 #6693]  INFO -- : Mr Bazinga made a bet of 500 (raise) and is left with 1840 chips. The pot now contains 620 chips.
I, [2014-04-05T10:58:08.605595 #6693]  INFO -- : Player R3T responded with 0 (200)
I, [2014-04-05T10:58:08.605967 #6693]  INFO -- : R3T made a bet of 0 (fold) and is left with 540 chips. The pot now contains 620 chips.
I, [2014-04-05T10:58:08.606602 #6693]  INFO -- : Mr Bazinga won 620
I, [2014-04-05T10:58:08.609119 #6693]  INFO -- : Player R3T responded with  (200)
I, [2014-04-05T10:58:08.611981 #6693]  INFO -- : Player Mr Bazinga responded with OK (200)
I, [2014-04-05T10:58:08.615654 #6693]  INFO -- : Player NoCo responded with  (200)
I, [2014-04-05T10:58:08.615921 #6693]  INFO -- : R3T received hole_card 2 of Diamonds
I, [2014-04-05T10:58:08.616220 #6693]  INFO -- : Mr Bazinga received hole_card Ace of Hearts
I, [2014-04-05T10:58:08.616648 #6693]  INFO -- : R3T received hole_card Queen of Spades
I, [2014-04-05T10:58:08.617020 #6693]  INFO -- : Mr Bazinga received hole_card 10 of Diamonds
I, [2014-04-05T10:58:08.617653 #6693]  INFO -- : R3T made a bet of 40 (raise) and is left with 500 chips. The pot now contains 40 chips.
I, [2014-04-05T10:58:08.618201 #6693]  INFO -- : Mr Bazinga made a bet of 80 (raise) and is left with 2380 chips. The pot now contains 120 chips.
I, [2014-04-05T10:58:08.629396 #6693]  INFO -- : Player R3T responded with 0 (200)
I, [2014-04-05T10:58:08.629970 #6693]  INFO -- : R3T made a bet of 0 (fold) and is left with 500 chips. The pot now contains 120 chips.
I, [2014-04-05T10:58:08.637171 #6693]  INFO -- : Player Mr Bazinga responded with 500 (200)
I, [2014-04-05T10:58:08.638690 #6693]  INFO -- : Mr Bazinga made a bet of 500 (raise) and is left with 1880 chips. The pot now contains 620 chips.
I, [2014-04-05T10:58:08.639825 #6693]  INFO -- : Mr Bazinga won 620
I, [2014-04-05T10:58:08.646150 #6693]  INFO -- : Player R3T responded with  (200)
I, [2014-04-05T10:58:08.651743 #6693]  INFO -- : Player Mr Bazinga responded with OK (200)
I, [2014-04-05T10:58:08.656621 #6693]  INFO -- : Player NoCo responded with  (200)
I, [2014-04-05T10:58:08.657268 #6693]  INFO -- : Mr Bazinga received hole_card 8 of Clubs
I, [2014-04-05T10:58:08.657544 #6693]  INFO -- : R3T received hole_card 6 of Clubs
I, [2014-04-05T10:58:08.657834 #6693]  INFO -- : Mr Bazinga received hole_card 10 of Hearts
I, [2014-04-05T10:58:08.658060 #6693]  INFO -- : R3T received hole_card Jack of Hearts
I, [2014-04-05T10:58:08.658482 #6693]  INFO -- : Mr Bazinga made a bet of 40 (raise) and is left with 2460 chips. The pot now contains 40 chips.
I, [2014-04-05T10:58:08.658814 #6693]  INFO -- : R3T made a bet of 80 (raise) and is left with 420 chips. The pot now contains 120 chips.
I, [2014-04-05T10:58:08.665023 #6693]  INFO -- : Player Mr Bazinga responded with 500 (200)
I, [2014-04-05T10:58:08.665271 #6693]  INFO -- : Mr Bazinga made a bet of 500 (raise) and is left with 1960 chips. The pot now contains 620 chips.
I, [2014-04-05T10:58:08.676515 #6693]  INFO -- : Player R3T responded with 0 (200)
I, [2014-04-05T10:58:08.676907 #6693]  INFO -- : R3T made a bet of 0 (fold) and is left with 420 chips. The pot now contains 620 chips.
I, [2014-04-05T10:58:08.677562 #6693]  INFO -- : Mr Bazinga won 620
I, [2014-04-05T10:58:08.680275 #6693]  INFO -- : Player R3T responded with  (200)
I, [2014-04-05T10:58:08.682043 #6693]  INFO -- : Player Mr Bazinga responded with OK (200)
I, [2014-04-05T10:58:08.684357 #6693]  INFO -- : Player NoCo responded with  (200)
I, [2014-04-05T10:58:08.684729 #6693]  INFO -- : R3T received hole_card 6 of Hearts
I, [2014-04-05T10:58:08.684941 #6693]  INFO -- : Mr Bazinga received hole_card 8 of Spades
I, [2014-04-05T10:58:08.685164 #6693]  INFO -- : R3T received hole_card 5 of Spades
I, [2014-04-05T10:58:08.685388 #6693]  INFO -- : Mr Bazinga received hole_card Queen of Spades
I, [2014-04-05T10:58:08.685668 #6693]  INFO -- : R3T made a bet of 40 (raise) and is left with 380 chips. The pot now contains 40 chips.
I, [2014-04-05T10:58:08.685952 #6693]  INFO -- : Mr Bazinga made a bet of 80 (raise) and is left with 2500 chips. The pot now contains 120 chips.
I, [2014-04-05T10:58:08.691081 #6693]  INFO -- : Player R3T responded with 0 (200)
I, [2014-04-05T10:58:08.691327 #6693]  INFO -- : R3T made a bet of 0 (fold) and is left with 380 chips. The pot now contains 120 chips.
I, [2014-04-05T10:58:08.692941 #6693]  INFO -- : Player Mr Bazinga responded with 500 (200)
I, [2014-04-05T10:58:08.693234 #6693]  INFO -- : Mr Bazinga made a bet of 500 (raise) and is left with 2000 chips. The pot now contains 620 chips.
I, [2014-04-05T10:58:08.693900 #6693]  INFO -- : Mr Bazinga won 620
I, [2014-04-05T10:58:08.696853 #6693]  INFO -- : Player R3T responded with  (200)
I, [2014-04-05T10:58:08.698758 #6693]  INFO -- : Player Mr Bazinga responded with OK (200)
I, [2014-04-05T10:58:08.701100 #6693]  INFO -- : Player NoCo responded with  (200)
I, [2014-04-05T10:58:08.701977 #6693]  INFO -- : Mr Bazinga received hole_card 8 of Clubs
I, [2014-04-05T10:58:08.702495 #6693]  INFO -- : R3T received hole_card Queen of Clubs
I, [2014-04-05T10:58:08.703080 #6693]  INFO -- : Mr Bazinga received hole_card 4 of Diamonds
I, [2014-04-05T10:58:08.703503 #6693]  INFO -- : R3T received hole_card 2 of Hearts
I, [2014-04-05T10:58:08.704478 #6693]  INFO -- : Mr Bazinga made a bet of 40 (raise) and is left with 2580 chips. The pot now contains 40 chips.
I, [2014-04-05T10:58:08.705384 #6693]  INFO -- : R3T made a bet of 80 (raise) and is left with 300 chips. The pot now contains 120 chips.
I, [2014-04-05T10:58:08.708560 #6693]  INFO -- : Player Mr Bazinga responded with 500 (200)
I, [2014-04-05T10:58:08.709000 #6693]  INFO -- : Mr Bazinga made a bet of 500 (raise) and is left with 2080 chips. The pot now contains 620 chips.
I, [2014-04-05T10:58:08.713583 #6693]  INFO -- : Player R3T responded with 0 (200)
I, [2014-04-05T10:58:08.714175 #6693]  INFO -- : R3T made a bet of 0 (fold) and is left with 300 chips. The pot now contains 620 chips.
I, [2014-04-05T10:58:08.715262 #6693]  INFO -- : Mr Bazinga won 620
I, [2014-04-05T10:58:08.718524 #6693]  INFO -- : Player R3T responded with  (200)
I, [2014-04-05T10:58:08.721335 #6693]  INFO -- : Player Mr Bazinga responded with OK (200)
I, [2014-04-05T10:58:08.724707 #6693]  INFO -- : Player NoCo responded with  (200)
I, [2014-04-05T10:58:08.725094 #6693]  INFO -- : R3T received hole_card 6 of Spades
I, [2014-04-05T10:58:08.725324 #6693]  INFO -- : Mr Bazinga received hole_card 4 of Diamonds
I, [2014-04-05T10:58:08.725532 #6693]  INFO -- : R3T received hole_card 5 of Spades
I, [2014-04-05T10:58:08.725759 #6693]  INFO -- : Mr Bazinga received hole_card Queen of Clubs
I, [2014-04-05T10:58:08.726107 #6693]  INFO -- : R3T made a bet of 40 (raise) and is left with 260 chips. The pot now contains 40 chips.
I, [2014-04-05T10:58:08.726395 #6693]  INFO -- : Mr Bazinga made a bet of 80 (raise) and is left with 2620 chips. The pot now contains 120 chips.
I, [2014-04-05T10:58:08.730242 #6693]  INFO -- : Player R3T responded with 0 (200)
I, [2014-04-05T10:58:08.730508 #6693]  INFO -- : R3T made a bet of 0 (fold) and is left with 260 chips. The pot now contains 120 chips.
I, [2014-04-05T10:58:08.732366 #6693]  INFO -- : Player Mr Bazinga responded with 500 (200)
I, [2014-04-05T10:58:08.732594 #6693]  INFO -- : Mr Bazinga made a bet of 500 (raise) and is left with 2120 chips. The pot now contains 620 chips.
I, [2014-04-05T10:58:08.732967 #6693]  INFO -- : Mr Bazinga won 620
I, [2014-04-05T10:58:08.735026 #6693]  INFO -- : Player R3T responded with  (200)
I, [2014-04-05T10:58:08.736600 #6693]  INFO -- : Player Mr Bazinga responded with OK (200)
I, [2014-04-05T10:58:08.738373 #6693]  INFO -- : Player NoCo responded with  (200)
I, [2014-04-05T10:58:08.738718 #6693]  INFO -- : Mr Bazinga received hole_card Ace of Hearts
I, [2014-04-05T10:58:08.738931 #6693]  INFO -- : R3T received hole_card 7 of Hearts
I, [2014-04-05T10:58:08.739110 #6693]  INFO -- : Mr Bazinga received hole_card 10 of Spades
I, [2014-04-05T10:58:08.739341 #6693]  INFO -- : R3T received hole_card Jack of Diamonds
I, [2014-04-05T10:58:08.739661 #6693]  INFO -- : Mr Bazinga made a bet of 40 (raise) and is left with 2700 chips. The pot now contains 40 chips.
I, [2014-04-05T10:58:08.739954 #6693]  INFO -- : R3T made a bet of 80 (raise) and is left with 180 chips. The pot now contains 120 chips.
I, [2014-04-05T10:58:08.741952 #6693]  INFO -- : Player Mr Bazinga responded with 500 (200)
I, [2014-04-05T10:58:08.742297 #6693]  INFO -- : Mr Bazinga made a bet of 500 (raise) and is left with 2200 chips. The pot now contains 620 chips.
I, [2014-04-05T10:58:08.747470 #6693]  INFO -- : Player R3T responded with 0 (200)
I, [2014-04-05T10:58:08.747985 #6693]  INFO -- : R3T made a bet of 0 (fold) and is left with 180 chips. The pot now contains 620 chips.
I, [2014-04-05T10:58:08.748969 #6693]  INFO -- : Mr Bazinga won 620
I, [2014-04-05T10:58:08.753217 #6693]  INFO -- : Player R3T responded with  (200)
I, [2014-04-05T10:58:08.755170 #6693]  INFO -- : Player Mr Bazinga responded with OK (200)
I, [2014-04-05T10:58:08.756633 #6693]  INFO -- : Player NoCo responded with  (200)
I, [2014-04-05T10:58:08.757026 #6693]  INFO -- : R3T received hole_card 9 of Spades
I, [2014-04-05T10:58:08.757280 #6693]  INFO -- : Mr Bazinga received hole_card 6 of Diamonds
I, [2014-04-05T10:58:08.757526 #6693]  INFO -- : R3T received hole_card 7 of Hearts
I, [2014-04-05T10:58:08.757757 #6693]  INFO -- : Mr Bazinga received hole_card King of Clubs
I, [2014-04-05T10:58:08.758096 #6693]  INFO -- : R3T made a bet of 40 (raise) and is left with 140 chips. The pot now contains 40 chips.
I, [2014-04-05T10:58:08.758441 #6693]  INFO -- : Mr Bazinga made a bet of 80 (raise) and is left with 2740 chips. The pot now contains 120 chips.
I, [2014-04-05T10:58:08.762208 #6693]  INFO -- : Player R3T responded with 0 (200)
I, [2014-04-05T10:58:08.762596 #6693]  INFO -- : R3T made a bet of 0 (fold) and is left with 140 chips. The pot now contains 120 chips.
I, [2014-04-05T10:58:08.765627 #6693]  INFO -- : Player Mr Bazinga responded with 500 (200)
I, [2014-04-05T10:58:08.765972 #6693]  INFO -- : Mr Bazinga made a bet of 500 (raise) and is left with 2240 chips. The pot now contains 620 chips.
I, [2014-04-05T10:58:08.766510 #6693]  INFO -- : Mr Bazinga won 620
I, [2014-04-05T10:58:08.769852 #6693]  INFO -- : Player R3T responded with  (200)
I, [2014-04-05T10:58:08.772451 #6693]  INFO -- : Player Mr Bazinga responded with OK (200)
I, [2014-04-05T10:58:08.777113 #6693]  INFO -- : Player NoCo responded with  (200)
I, [2014-04-05T10:58:08.777744 #6693]  INFO -- : Mr Bazinga received hole_card King of Spades
I, [2014-04-05T10:58:08.778258 #6693]  INFO -- : R3T received hole_card 2 of Clubs
I, [2014-04-05T10:58:08.778583 #6693]  INFO -- : Mr Bazinga received hole_card 2 of Diamonds
I, [2014-04-05T10:58:08.778935 #6693]  INFO -- : R3T received hole_card King of Clubs
I, [2014-04-05T10:58:08.779393 #6693]  INFO -- : Mr Bazinga made a bet of 40 (raise) and is left with 2820 chips. The pot now contains 40 chips.
I, [2014-04-05T10:58:08.779817 #6693]  INFO -- : R3T made a bet of 80 (raise) and is left with 60 chips. The pot now contains 120 chips.
I, [2014-04-05T10:58:08.783593 #6693]  INFO -- : Player Mr Bazinga responded with 500 (200)
I, [2014-04-05T10:58:08.784490 #6693]  INFO -- : Mr Bazinga made a bet of 500 (raise) and is left with 2320 chips. The pot now contains 620 chips.
I, [2014-04-05T10:58:08.788463 #6693]  INFO -- : Player R3T responded with 0 (200)
I, [2014-04-05T10:58:08.788720 #6693]  INFO -- : R3T made a bet of 0 (fold) and is left with 60 chips. The pot now contains 620 chips.
I, [2014-04-05T10:58:08.789118 #6693]  INFO -- : Mr Bazinga won 620
I, [2014-04-05T10:58:08.791383 #6693]  INFO -- : Player R3T responded with  (200)
I, [2014-04-05T10:58:08.793002 #6693]  INFO -- : Player Mr Bazinga responded with OK (200)
I, [2014-04-05T10:58:08.794724 #6693]  INFO -- : Player NoCo responded with  (200)
I, [2014-04-05T10:58:08.795140 #6693]  INFO -- : R3T received hole_card 5 of Diamonds
I, [2014-04-05T10:58:08.795438 #6693]  INFO -- : Mr Bazinga received hole_card Queen of Hearts
I, [2014-04-05T10:58:08.795703 #6693]  INFO -- : R3T received hole_card 8 of Clubs
I, [2014-04-05T10:58:08.795962 #6693]  INFO -- : Mr Bazinga received hole_card 8 of Diamonds
I, [2014-04-05T10:58:08.796409 #6693]  INFO -- : R3T made a bet of 60 (allin) and is left with 0 chips. The pot now contains 60 chips.
I, [2014-04-05T10:58:08.796790 #6693]  INFO -- : Mr Bazinga made a bet of 160 (raise) and is left with 2780 chips. The pot now contains 220 chips.
I, [2014-04-05T10:58:08.798473 #6693]  INFO -- : Player Mr Bazinga responded with 500 (200)
I, [2014-04-05T10:58:08.798654 #6693]  INFO -- : Mr Bazinga made a bet of 500 (raise) and is left with 2280 chips. The pot now contains 720 chips.
I, [2014-04-05T10:58:08.798840 #6693]  INFO -- : community card Queen of Diamonds
I, [2014-04-05T10:58:08.798987 #6693]  INFO -- : community card 2 of Hearts
I, [2014-04-05T10:58:08.799513 #6693]  INFO -- : community card Jack of Hearts
I, [2014-04-05T10:58:08.799688 #6693]  INFO -- : community card Jack of Clubs
I, [2014-04-05T10:58:08.799849 #6693]  INFO -- : community card 9 of Spades
I, [2014-04-05T10:58:08.800312 #6693]  INFO -- : Mr Bazinga showed 9 of Spades,Jack of Clubs,Jack of Hearts,Queen of Diamonds,Queen of Hearts making a two pairs
I, [2014-04-05T10:58:08.800645 #6693]  INFO -- : Mr Bazinga won 720
I, [2014-04-05T10:58:08.802968 #6693]  INFO -- : Player R3T responded with  (200)
I, [2014-04-05T10:58:08.804596 #6693]  INFO -- : Player Mr Bazinga responded with OK (200)
I, [2014-04-05T10:58:08.806208 #6693]  INFO -- : Player NoCo responded with  (200)
