# Logfile created on 2014-04-05 13:37:46 +0200 by logger.rb/44203
I, [2014-04-05T13:37:46.752552 #15111]  INFO -- : Reseting R3T to origin/master
I, [2014-04-05T13:37:48.330525 #15111]  INFO -- : Reseting Mr Bazinga to origin/master
I, [2014-04-05T13:37:49.095668 #15111]  INFO -- : Reseting NoCo to origin/master
I, [2014-04-05T13:37:50.165253 #15111]  INFO -- : Connected R3T at http://localhost:8080/
I, [2014-04-05T13:37:50.166788 #15111]  INFO -- : Connected Mr Bazinga at http://localhost:1337/
I, [2014-04-05T13:37:50.168455 #15111]  INFO -- : Connected NoCo at http://localhost:8000/player_service.php
E, [2014-04-05T13:37:50.169386 #15111] ERROR -- : Connection refused - connect(2) for "localhost" port 8080
E, [2014-04-05T13:37:50.169486 #15111] ERROR -- : Player R3T is unreachable
I, [2014-04-05T13:37:50.169546 #15111]  INFO -- : Waiting for players to start
E, [2014-04-05T13:37:51.170041 #15111] ERROR -- : Connection refused - connect(2) for "localhost" port 8080
E, [2014-04-05T13:37:51.170159 #15111] ERROR -- : Player R3T is unreachable
I, [2014-04-05T13:37:51.170209 #15111]  INFO -- : Waiting for players to start
E, [2014-04-05T13:37:52.170757 #15111] ERROR -- : Connection refused - connect(2) for "localhost" port 8080
E, [2014-04-05T13:37:52.170892 #15111] ERROR -- : Player R3T is unreachable
I, [2014-04-05T13:37:52.170993 #15111]  INFO -- : Waiting for players to start
E, [2014-04-05T13:37:53.171652 #15111] ERROR -- : Connection refused - connect(2) for "localhost" port 8080
E, [2014-04-05T13:37:53.171797 #15111] ERROR -- : Player R3T is unreachable
I, [2014-04-05T13:37:53.171891 #15111]  INFO -- : Waiting for players to start
E, [2014-04-05T13:37:54.180167 #15111] ERROR -- : Connection refused - connect(2) for "localhost" port 8080
E, [2014-04-05T13:37:54.180345 #15111] ERROR -- : Player R3T is unreachable
I, [2014-04-05T13:37:54.180437 #15111]  INFO -- : Waiting for players to start
E, [2014-04-05T13:37:55.181059 #15111] ERROR -- : Connection refused - connect(2) for "localhost" port 8080
E, [2014-04-05T13:37:55.181203 #15111] ERROR -- : Player R3T is unreachable
I, [2014-04-05T13:37:55.181336 #15111]  INFO -- : Waiting for players to start
E, [2014-04-05T13:37:56.185974 #15111] ERROR -- : Connection refused - connect(2) for "localhost" port 8080
E, [2014-04-05T13:37:56.186141 #15111] ERROR -- : Player R3T is unreachable
I, [2014-04-05T13:37:56.186233 #15111]  INFO -- : Waiting for players to start
E, [2014-04-05T13:37:57.187340 #15111] ERROR -- : Connection refused - connect(2) for "localhost" port 8080
E, [2014-04-05T13:37:57.187495 #15111] ERROR -- : Player R3T is unreachable
I, [2014-04-05T13:37:57.187585 #15111]  INFO -- : Waiting for players to start
E, [2014-04-05T13:37:58.192123 #15111] ERROR -- : Connection refused - connect(2) for "localhost" port 8080
E, [2014-04-05T13:37:58.192297 #15111] ERROR -- : Player R3T is unreachable
I, [2014-04-05T13:37:58.192387 #15111]  INFO -- : Waiting for players to start
E, [2014-04-05T13:37:59.193063 #15111] ERROR -- : Connection refused - connect(2) for "localhost" port 8080
E, [2014-04-05T13:37:59.193217 #15111] ERROR -- : Player R3T is unreachable
I, [2014-04-05T13:37:59.193312 #15111]  INFO -- : Waiting for players to start
E, [2014-04-05T13:38:00.193946 #15111] ERROR -- : Connection refused - connect(2) for "localhost" port 8080
E, [2014-04-05T13:38:00.194243 #15111] ERROR -- : Player R3T is unreachable
I, [2014-04-05T13:38:00.194460 #15111]  INFO -- : Waiting for players to start
E, [2014-04-05T13:38:01.195198 #15111] ERROR -- : Connection refused - connect(2) for "localhost" port 8080
E, [2014-04-05T13:38:01.195339 #15111] ERROR -- : Player R3T is unreachable
I, [2014-04-05T13:38:01.195429 #15111]  INFO -- : Waiting for players to start
E, [2014-04-05T13:38:02.196007 #15111] ERROR -- : Connection refused - connect(2) for "localhost" port 8080
E, [2014-04-05T13:38:02.196153 #15111] ERROR -- : Player R3T is unreachable
I, [2014-04-05T13:38:02.196236 #15111]  INFO -- : Waiting for players to start
E, [2014-04-05T13:38:03.196755 #15111] ERROR -- : Connection refused - connect(2) for "localhost" port 8080
E, [2014-04-05T13:38:03.196904 #15111] ERROR -- : Player R3T is unreachable
I, [2014-04-05T13:38:03.197005 #15111]  INFO -- : Waiting for players to start
E, [2014-04-05T13:38:04.699547 #15111] ERROR -- : Net::ReadTimeout
E, [2014-04-05T13:38:04.699729 #15111] ERROR -- : Player R3T is unreachable
I, [2014-04-05T13:38:04.699832 #15111]  INFO -- : Waiting for players to start
I, [2014-04-05T13:38:05.703762 #15111]  INFO -- : Player R3T responded with  (200)
I, [2014-04-05T13:38:05.728236 #15111]  INFO -- : Player Mr Bazinga responded with OK (200)
I, [2014-04-05T13:38:05.729828 #15111]  INFO -- : Player NoCo responded with  (200)
I, [2014-04-05T13:38:05.729923 #15111]  INFO -- : Players are running
I, [2014-04-05T13:38:05.754659 #15111]  INFO -- : Player R3T responded with v0.1 (200)
I, [2014-04-05T13:38:05.757519 #15111]  INFO -- : Player Mr Bazinga responded with Mr Bazinga PreFlop Version (200)
I, [2014-04-05T13:38:05.758950 #15111]  INFO -- : Player NoCo responded with NoCo1300 (200)
I, [2014-04-05T13:38:05.759275 #15111]  INFO -- : Mr Bazinga received hole_card 6 of Hearts
I, [2014-04-05T13:38:05.759431 #15111]  INFO -- : NoCo received hole_card 5 of Hearts
I, [2014-04-05T13:38:05.759639 #15111]  INFO -- : R3T received hole_card 9 of Spades
I, [2014-04-05T13:38:05.759826 #15111]  INFO -- : Mr Bazinga received hole_card Ace of Clubs
I, [2014-04-05T13:38:05.759977 #15111]  INFO -- : NoCo received hole_card 4 of Spades
I, [2014-04-05T13:38:05.760186 #15111]  INFO -- : R3T received hole_card 10 of Diamonds
I, [2014-04-05T13:38:05.761672 #15111]  INFO -- : Mr Bazinga made a bet of 10 (raise) and is left with 990 chips. The pot now contains 10 chips.
I, [2014-04-05T13:38:05.761961 #15111]  INFO -- : NoCo made a bet of 20 (raise) and is left with 980 chips. The pot now contains 30 chips.
I, [2014-04-05T13:38:05.844253 #15111]  INFO -- : Player R3T responded with 0 (200)
I, [2014-04-05T13:38:05.844510 #15111]  INFO -- : R3T made a bet of 0 (fold) and is left with 1000 chips. The pot now contains 30 chips.
I, [2014-04-05T13:38:05.847521 #15111]  INFO -- : Player Mr Bazinga responded with 0 (200)
I, [2014-04-05T13:38:05.847765 #15111]  INFO -- : Mr Bazinga made a bet of 0 (fold) and is left with 990 chips. The pot now contains 30 chips.
I, [2014-04-05T13:38:05.849423 #15111]  INFO -- : Player NoCo responded with 940 (200)
I, [2014-04-05T13:38:05.849714 #15111]  INFO -- : NoCo made a bet of 940 (raise) and is left with 40 chips. The pot now contains 970 chips.
I, [2014-04-05T13:38:05.850387 #15111]  INFO -- : NoCo won 970
I, [2014-04-05T13:38:05.854504 #15111]  INFO -- : Player R3T responded with  (200)
I, [2014-04-05T13:38:05.858031 #15111]  INFO -- : Player Mr Bazinga responded with OK (200)
I, [2014-04-05T13:38:05.860205 #15111]  INFO -- : Player NoCo responded with  (200)
I, [2014-04-05T13:38:05.860519 #15111]  INFO -- : NoCo received hole_card Queen of Clubs
I, [2014-04-05T13:38:05.860734 #15111]  INFO -- : R3T received hole_card 2 of Clubs
I, [2014-04-05T13:38:05.860927 #15111]  INFO -- : Mr Bazinga received hole_card 5 of Spades
I, [2014-04-05T13:38:05.861124 #15111]  INFO -- : NoCo received hole_card 3 of Diamonds
I, [2014-04-05T13:38:05.861280 #15111]  INFO -- : R3T received hole_card 6 of Clubs
I, [2014-04-05T13:38:05.861479 #15111]  INFO -- : Mr Bazinga received hole_card 8 of Hearts
I, [2014-04-05T13:38:05.861758 #15111]  INFO -- : NoCo made a bet of 10 (raise) and is left with 1000 chips. The pot now contains 10 chips.
I, [2014-04-05T13:38:05.861995 #15111]  INFO -- : R3T made a bet of 20 (raise) and is left with 980 chips. The pot now contains 30 chips.
I, [2014-04-05T13:38:05.864422 #15111]  INFO -- : Player Mr Bazinga responded with 0 (200)
I, [2014-04-05T13:38:05.864900 #15111]  INFO -- : Mr Bazinga made a bet of 0 (fold) and is left with 990 chips. The pot now contains 30 chips.
I, [2014-04-05T13:38:05.868559 #15111]  INFO -- : Player NoCo responded with 768 (200)
I, [2014-04-05T13:38:05.868912 #15111]  INFO -- : NoCo made a bet of 768 (raise) and is left with 232 chips. The pot now contains 798 chips.
I, [2014-04-05T13:38:05.872365 #15111]  INFO -- : Player R3T responded with 1078 (200)
I, [2014-04-05T13:38:05.872731 #15111]  INFO -- : R3T made a bet of 980 (allin) and is left with 0 chips. The pot now contains 1778 chips.
I, [2014-04-05T13:38:05.874369 #15111]  INFO -- : Player NoCo responded with 948 (200)
I, [2014-04-05T13:38:05.874626 #15111]  INFO -- : NoCo made a bet of 232 (allin) and is left with 0 chips. The pot now contains 2010 chips.
I, [2014-04-05T13:38:05.874869 #15111]  INFO -- : community card 4 of Clubs
I, [2014-04-05T13:38:05.875123 #15111]  INFO -- : community card 7 of Hearts
I, [2014-04-05T13:38:05.875388 #15111]  INFO -- : community card 7 of Spades
I, [2014-04-05T13:38:05.875584 #15111]  INFO -- : community card King of Hearts
I, [2014-04-05T13:38:05.875815 #15111]  INFO -- : community card 8 of Clubs
I, [2014-04-05T13:38:05.876340 #15111]  INFO -- : NoCo showed 7 of Spades,7 of Hearts,8 of Clubs,Queen of Clubs,King of Hearts making a pair
I, [2014-04-05T13:38:05.876725 #15111]  INFO -- : NoCo won 2010
I, [2014-04-05T13:38:05.879486 #15111]  INFO -- : Player R3T responded with  (200)
I, [2014-04-05T13:38:05.882561 #15111]  INFO -- : Player Mr Bazinga responded with OK (200)
I, [2014-04-05T13:38:05.884619 #15111]  INFO -- : Player NoCo responded with  (200)
I, [2014-04-05T13:38:05.884968 #15111]  INFO -- : Mr Bazinga received hole_card Queen of Spades
I, [2014-04-05T13:38:05.885148 #15111]  INFO -- : NoCo received hole_card 9 of Diamonds
I, [2014-04-05T13:38:05.885377 #15111]  INFO -- : Mr Bazinga received hole_card King of Hearts
I, [2014-04-05T13:38:05.885586 #15111]  INFO -- : NoCo received hole_card 7 of Hearts
I, [2014-04-05T13:38:05.885984 #15111]  INFO -- : Mr Bazinga made a bet of 10 (raise) and is left with 980 chips. The pot now contains 10 chips.
I, [2014-04-05T13:38:05.886345 #15111]  INFO -- : NoCo made a bet of 20 (raise) and is left with 1990 chips. The pot now contains 30 chips.
I, [2014-04-05T13:38:05.889692 #15111]  INFO -- : Player Mr Bazinga responded with 70 (200)
I, [2014-04-05T13:38:05.890082 #15111]  INFO -- : Mr Bazinga made a bet of 70 (raise) and is left with 910 chips. The pot now contains 100 chips.
I, [2014-04-05T13:38:05.893809 #15111]  INFO -- : Player NoCo responded with 471 (200)
I, [2014-04-05T13:38:05.894285 #15111]  INFO -- : NoCo made a bet of 471 (raise) and is left with 1519 chips. The pot now contains 571 chips.
I, [2014-04-05T13:38:05.904788 #15111]  INFO -- : Player Mr Bazinga responded with 872 (200)
I, [2014-04-05T13:38:05.905037 #15111]  INFO -- : Mr Bazinga made a bet of 872 (raise) and is left with 38 chips. The pot now contains 1443 chips.
I, [2014-04-05T13:38:05.907805 #15111]  INFO -- : Player NoCo responded with 862 (200)
I, [2014-04-05T13:38:05.908224 #15111]  INFO -- : NoCo made a bet of 461 (call) and is left with 1058 chips. The pot now contains 1904 chips.
I, [2014-04-05T13:38:05.908623 #15111]  INFO -- : community card Queen of Hearts
I, [2014-04-05T13:38:05.908988 #15111]  INFO -- : community card Jack of Spades
I, [2014-04-05T13:38:05.909370 #15111]  INFO -- : community card 10 of Diamonds
I, [2014-04-05T13:38:05.915505 #15111]  INFO -- : Player Mr Bazinga responded with 70 (200)
I, [2014-04-05T13:38:05.915867 #15111]  INFO -- : Mr Bazinga made a bet of 38 (allin) and is left with 0 chips. The pot now contains 1942 chips.
I, [2014-04-05T13:38:05.918102 #15111]  INFO -- : Player NoCo responded with 659 (200)
I, [2014-04-05T13:38:05.918485 #15111]  INFO -- : NoCo made a bet of 659 (raise) and is left with 399 chips. The pot now contains 2601 chips.
I, [2014-04-05T13:38:05.919004 #15111]  INFO -- : community card 2 of Diamonds
I, [2014-04-05T13:38:05.919530 #15111]  INFO -- : community card 10 of Clubs
I, [2014-04-05T13:38:05.920709 #15111]  INFO -- : NoCo showed 9 of Diamonds,10 of Diamonds,10 of Clubs,Jack of Spades,Queen of Hearts making a pair
I, [2014-04-05T13:38:05.923035 #15111]  INFO -- : Mr Bazinga showed 10 of Diamonds,10 of Clubs,Queen of Hearts,Queen of Spades,King of Hearts making a two pairs
I, [2014-04-05T13:38:05.923320 #15111]  INFO -- : Mr Bazinga won 1980
I, [2014-04-05T13:38:05.923826 #15111]  INFO -- : NoCo won 621
I, [2014-04-05T13:38:05.929387 #15111]  INFO -- : Player R3T responded with  (200)
I, [2014-04-05T13:38:05.932501 #15111]  INFO -- : Player Mr Bazinga responded with OK (200)
I, [2014-04-05T13:38:05.934459 #15111]  INFO -- : Player NoCo responded with  (200)
I, [2014-04-05T13:38:05.934792 #15111]  INFO -- : NoCo received hole_card 5 of Diamonds
I, [2014-04-05T13:38:05.935012 #15111]  INFO -- : Mr Bazinga received hole_card 6 of Clubs
I, [2014-04-05T13:38:05.935229 #15111]  INFO -- : NoCo received hole_card Ace of Hearts
I, [2014-04-05T13:38:05.935449 #15111]  INFO -- : Mr Bazinga received hole_card 8 of Diamonds
I, [2014-04-05T13:38:05.935757 #15111]  INFO -- : NoCo made a bet of 10 (raise) and is left with 1010 chips. The pot now contains 10 chips.
I, [2014-04-05T13:38:05.936009 #15111]  INFO -- : Mr Bazinga made a bet of 20 (raise) and is left with 1960 chips. The pot now contains 30 chips.
I, [2014-04-05T13:38:05.937649 #15111]  INFO -- : Player NoCo responded with 163 (200)
I, [2014-04-05T13:38:05.937874 #15111]  INFO -- : NoCo made a bet of 163 (raise) and is left with 847 chips. The pot now contains 193 chips.
I, [2014-04-05T13:38:05.939651 #15111]  INFO -- : Player Mr Bazinga responded with 0 (200)
I, [2014-04-05T13:38:05.939923 #15111]  INFO -- : Mr Bazinga made a bet of 0 (fold) and is left with 1960 chips. The pot now contains 193 chips.
I, [2014-04-05T13:38:05.940561 #15111]  INFO -- : NoCo won 193
I, [2014-04-05T13:38:05.944424 #15111]  INFO -- : Player R3T responded with  (200)
I, [2014-04-05T13:38:05.946909 #15111]  INFO -- : Player Mr Bazinga responded with OK (200)
I, [2014-04-05T13:38:05.949933 #15111]  INFO -- : Player NoCo responded with  (200)
I, [2014-04-05T13:38:05.950600 #15111]  INFO -- : Mr Bazinga received hole_card Ace of Spades
I, [2014-04-05T13:38:05.950989 #15111]  INFO -- : NoCo received hole_card 6 of Hearts
I, [2014-04-05T13:38:05.951397 #15111]  INFO -- : Mr Bazinga received hole_card 4 of Diamonds
I, [2014-04-05T13:38:05.951751 #15111]  INFO -- : NoCo received hole_card 10 of Diamonds
I, [2014-04-05T13:38:05.952302 #15111]  INFO -- : Mr Bazinga made a bet of 10 (raise) and is left with 1950 chips. The pot now contains 10 chips.
I, [2014-04-05T13:38:05.952762 #15111]  INFO -- : NoCo made a bet of 20 (raise) and is left with 1020 chips. The pot now contains 30 chips.
I, [2014-04-05T13:38:05.955101 #15111]  INFO -- : Player Mr Bazinga responded with 0 (200)
I, [2014-04-05T13:38:05.955370 #15111]  INFO -- : Mr Bazinga made a bet of 0 (fold) and is left with 1950 chips. The pot now contains 30 chips.
I, [2014-04-05T13:38:05.957198 #15111]  INFO -- : Player NoCo responded with 192 (200)
I, [2014-04-05T13:38:05.957497 #15111]  INFO -- : NoCo made a bet of 192 (raise) and is left with 828 chips. The pot now contains 222 chips.
I, [2014-04-05T13:38:05.958087 #15111]  INFO -- : NoCo won 222
I, [2014-04-05T13:38:05.964312 #15111]  INFO -- : Player R3T responded with  (200)
I, [2014-04-05T13:38:05.966088 #15111]  INFO -- : Player Mr Bazinga responded with OK (200)
I, [2014-04-05T13:38:05.967648 #15111]  INFO -- : Player NoCo responded with  (200)
I, [2014-04-05T13:38:05.968025 #15111]  INFO -- : NoCo received hole_card 2 of Diamonds
I, [2014-04-05T13:38:05.968247 #15111]  INFO -- : Mr Bazinga received hole_card Ace of Clubs
I, [2014-04-05T13:38:05.968422 #15111]  INFO -- : NoCo received hole_card 2 of Spades
I, [2014-04-05T13:38:05.968608 #15111]  INFO -- : Mr Bazinga received hole_card 4 of Hearts
I, [2014-04-05T13:38:05.968892 #15111]  INFO -- : NoCo made a bet of 10 (raise) and is left with 1040 chips. The pot now contains 10 chips.
I, [2014-04-05T13:38:05.969167 #15111]  INFO -- : Mr Bazinga made a bet of 20 (raise) and is left with 1930 chips. The pot now contains 30 chips.
I, [2014-04-05T13:38:05.970681 #15111]  INFO -- : Player NoCo responded with 988 (200)
I, [2014-04-05T13:38:05.970854 #15111]  INFO -- : NoCo made a bet of 988 (raise) and is left with 52 chips. The pot now contains 1018 chips.
I, [2014-04-05T13:38:05.972894 #15111]  INFO -- : Player Mr Bazinga responded with 0 (200)
I, [2014-04-05T13:38:05.973216 #15111]  INFO -- : Mr Bazinga made a bet of 0 (fold) and is left with 1930 chips. The pot now contains 1018 chips.
I, [2014-04-05T13:38:05.973711 #15111]  INFO -- : NoCo won 1018
I, [2014-04-05T13:38:05.976217 #15111]  INFO -- : Player R3T responded with  (200)
I, [2014-04-05T13:38:05.978146 #15111]  INFO -- : Player Mr Bazinga responded with OK (200)
I, [2014-04-05T13:38:05.982101 #15111]  INFO -- : Player NoCo responded with  (200)
I, [2014-04-05T13:38:05.982683 #15111]  INFO -- : Mr Bazinga received hole_card 6 of Diamonds
I, [2014-04-05T13:38:05.983207 #15111]  INFO -- : NoCo received hole_card King of Diamonds
I, [2014-04-05T13:38:05.984160 #15111]  INFO -- : Mr Bazinga received hole_card 7 of Clubs
I, [2014-04-05T13:38:05.984702 #15111]  INFO -- : NoCo received hole_card 5 of Hearts
I, [2014-04-05T13:38:05.985254 #15111]  INFO -- : Mr Bazinga made a bet of 10 (raise) and is left with 1920 chips. The pot now contains 10 chips.
I, [2014-04-05T13:38:05.985716 #15111]  INFO -- : NoCo made a bet of 20 (raise) and is left with 1050 chips. The pot now contains 30 chips.
I, [2014-04-05T13:38:05.988667 #15111]  INFO -- : Player Mr Bazinga responded with 0 (200)
I, [2014-04-05T13:38:05.989007 #15111]  INFO -- : Mr Bazinga made a bet of 0 (fold) and is left with 1920 chips. The pot now contains 30 chips.
I, [2014-04-05T13:38:05.991094 #15111]  INFO -- : Player NoCo responded with 611 (200)
I, [2014-04-05T13:38:05.991361 #15111]  INFO -- : NoCo made a bet of 611 (raise) and is left with 439 chips. The pot now contains 641 chips.
I, [2014-04-05T13:38:05.991904 #15111]  INFO -- : NoCo won 641
I, [2014-04-05T13:38:05.994550 #15111]  INFO -- : Player R3T responded with  (200)
I, [2014-04-05T13:38:05.997113 #15111]  INFO -- : Player Mr Bazinga responded with OK (200)
I, [2014-04-05T13:38:05.999669 #15111]  INFO -- : Player NoCo responded with  (200)
I, [2014-04-05T13:38:06.000609 #15111]  INFO -- : NoCo received hole_card Ace of Clubs
I, [2014-04-05T13:38:06.001102 #15111]  INFO -- : Mr Bazinga received hole_card 9 of Spades
I, [2014-04-05T13:38:06.002265 #15111]  INFO -- : NoCo received hole_card 8 of Spades
I, [2014-04-05T13:38:06.002473 #15111]  INFO -- : Mr Bazinga received hole_card 6 of Diamonds
I, [2014-04-05T13:38:06.002787 #15111]  INFO -- : NoCo made a bet of 10 (raise) and is left with 1070 chips. The pot now contains 10 chips.
I, [2014-04-05T13:38:06.003029 #15111]  INFO -- : Mr Bazinga made a bet of 20 (raise) and is left with 1900 chips. The pot now contains 30 chips.
I, [2014-04-05T13:38:06.004918 #15111]  INFO -- : Player NoCo responded with 390 (200)
I, [2014-04-05T13:38:06.005765 #15111]  INFO -- : NoCo made a bet of 390 (raise) and is left with 680 chips. The pot now contains 420 chips.
I, [2014-04-05T13:38:06.009079 #15111]  INFO -- : Player Mr Bazinga responded with 0 (200)
I, [2014-04-05T13:38:06.009473 #15111]  INFO -- : Mr Bazinga made a bet of 0 (fold) and is left with 1900 chips. The pot now contains 420 chips.
I, [2014-04-05T13:38:06.010246 #15111]  INFO -- : NoCo won 420
I, [2014-04-05T13:38:06.013973 #15111]  INFO -- : Player R3T responded with  (200)
I, [2014-04-05T13:38:06.017035 #15111]  INFO -- : Player Mr Bazinga responded with OK (200)
I, [2014-04-05T13:38:06.019623 #15111]  INFO -- : Player NoCo responded with  (200)
I, [2014-04-05T13:38:06.020119 #15111]  INFO -- : Mr Bazinga received hole_card 9 of Spades
I, [2014-04-05T13:38:06.020418 #15111]  INFO -- : NoCo received hole_card 8 of Hearts
I, [2014-04-05T13:38:06.020696 #15111]  INFO -- : Mr Bazinga received hole_card 7 of Diamonds
I, [2014-04-05T13:38:06.021009 #15111]  INFO -- : NoCo received hole_card 2 of Diamonds
I, [2014-04-05T13:38:06.021489 #15111]  INFO -- : Mr Bazinga made a bet of 10 (raise) and is left with 1890 chips. The pot now contains 10 chips.
I, [2014-04-05T13:38:06.021915 #15111]  INFO -- : NoCo made a bet of 20 (raise) and is left with 1080 chips. The pot now contains 30 chips.
I, [2014-04-05T13:38:06.023989 #15111]  INFO -- : Player Mr Bazinga responded with 0 (200)
I, [2014-04-05T13:38:06.024301 #15111]  INFO -- : Mr Bazinga made a bet of 0 (fold) and is left with 1890 chips. The pot now contains 30 chips.
I, [2014-04-05T13:38:06.025906 #15111]  INFO -- : Player NoCo responded with 25 (200)
I, [2014-04-05T13:38:06.026149 #15111]  INFO -- : NoCo made a bet of 25 (raise) and is left with 1055 chips. The pot now contains 55 chips.
I, [2014-04-05T13:38:06.026509 #15111]  INFO -- : NoCo won 55
I, [2014-04-05T13:38:06.029494 #15111]  INFO -- : Player R3T responded with  (200)
I, [2014-04-05T13:38:06.034735 #15111]  INFO -- : Player Mr Bazinga responded with OK (200)
I, [2014-04-05T13:38:06.037718 #15111]  INFO -- : Player NoCo responded with  (200)
I, [2014-04-05T13:38:06.038263 #15111]  INFO -- : NoCo received hole_card 9 of Spades
I, [2014-04-05T13:38:06.038832 #15111]  INFO -- : Mr Bazinga received hole_card 10 of Spades
I, [2014-04-05T13:38:06.039177 #15111]  INFO -- : NoCo received hole_card Jack of Clubs
I, [2014-04-05T13:38:06.039476 #15111]  INFO -- : Mr Bazinga received hole_card 3 of Hearts
I, [2014-04-05T13:38:06.040016 #15111]  INFO -- : NoCo made a bet of 20 (raise) and is left with 1090 chips. The pot now contains 20 chips.
I, [2014-04-05T13:38:06.040568 #15111]  INFO -- : Mr Bazinga made a bet of 40 (raise) and is left with 1850 chips. The pot now contains 60 chips.
I, [2014-04-05T13:38:06.043668 #15111]  INFO -- : Player NoCo responded with 93 (200)
I, [2014-04-05T13:38:06.044089 #15111]  INFO -- : NoCo made a bet of 93 (raise) and is left with 997 chips. The pot now contains 153 chips.
I, [2014-04-05T13:38:06.046955 #15111]  INFO -- : Player Mr Bazinga responded with 0 (200)
I, [2014-04-05T13:38:06.047216 #15111]  INFO -- : Mr Bazinga made a bet of 0 (fold) and is left with 1850 chips. The pot now contains 153 chips.
I, [2014-04-05T13:38:06.047609 #15111]  INFO -- : NoCo won 153
I, [2014-04-05T13:38:06.052054 #15111]  INFO -- : Player R3T responded with  (200)
I, [2014-04-05T13:38:06.056445 #15111]  INFO -- : Player Mr Bazinga responded with OK (200)
I, [2014-04-05T13:38:06.060737 #15111]  INFO -- : Player NoCo responded with  (200)
I, [2014-04-05T13:38:06.061275 #15111]  INFO -- : Mr Bazinga received hole_card 3 of Hearts
I, [2014-04-05T13:38:06.061616 #15111]  INFO -- : NoCo received hole_card 7 of Spades
I, [2014-04-05T13:38:06.061933 #15111]  INFO -- : Mr Bazinga received hole_card Queen of Spades
I, [2014-04-05T13:38:06.062258 #15111]  INFO -- : NoCo received hole_card King of Diamonds
I, [2014-04-05T13:38:06.062785 #15111]  INFO -- : Mr Bazinga made a bet of 20 (raise) and is left with 1830 chips. The pot now contains 20 chips.
I, [2014-04-05T13:38:06.063334 #15111]  INFO -- : NoCo made a bet of 40 (raise) and is left with 1110 chips. The pot now contains 60 chips.
I, [2014-04-05T13:38:06.070040 #15111]  INFO -- : Player Mr Bazinga responded with 0 (200)
I, [2014-04-05T13:38:06.070383 #15111]  INFO -- : Mr Bazinga made a bet of 0 (fold) and is left with 1830 chips. The pot now contains 60 chips.
I, [2014-04-05T13:38:06.073942 #15111]  INFO -- : Player NoCo responded with 452 (200)
I, [2014-04-05T13:38:06.074419 #15111]  INFO -- : NoCo made a bet of 452 (raise) and is left with 658 chips. The pot now contains 512 chips.
I, [2014-04-05T13:38:06.074948 #15111]  INFO -- : NoCo won 512
I, [2014-04-05T13:38:06.078801 #15111]  INFO -- : Player R3T responded with  (200)
I, [2014-04-05T13:38:06.080945 #15111]  INFO -- : Player Mr Bazinga responded with OK (200)
I, [2014-04-05T13:38:06.082475 #15111]  INFO -- : Player NoCo responded with  (200)
I, [2014-04-05T13:38:06.083147 #15111]  INFO -- : NoCo received hole_card 9 of Hearts
I, [2014-04-05T13:38:06.083722 #15111]  INFO -- : Mr Bazinga received hole_card Queen of Clubs
I, [2014-04-05T13:38:06.084185 #15111]  INFO -- : NoCo received hole_card 9 of Clubs
I, [2014-04-05T13:38:06.084547 #15111]  INFO -- : Mr Bazinga received hole_card King of Clubs
I, [2014-04-05T13:38:06.084905 #15111]  INFO -- : NoCo made a bet of 20 (raise) and is left with 1150 chips. The pot now contains 20 chips.
I, [2014-04-05T13:38:06.085174 #15111]  INFO -- : Mr Bazinga made a bet of 40 (raise) and is left with 1790 chips. The pot now contains 60 chips.
I, [2014-04-05T13:38:06.086701 #15111]  INFO -- : Player NoCo responded with 642 (200)
I, [2014-04-05T13:38:06.086908 #15111]  INFO -- : NoCo made a bet of 642 (raise) and is left with 508 chips. The pot now contains 702 chips.
I, [2014-04-05T13:38:06.089218 #15111]  INFO -- : Player Mr Bazinga responded with 1444 (200)
I, [2014-04-05T13:38:06.089535 #15111]  INFO -- : Mr Bazinga made a bet of 1444 (raise) and is left with 346 chips. The pot now contains 2146 chips.
I, [2014-04-05T13:38:06.091546 #15111]  INFO -- : Player NoCo responded with 351 (200)
I, [2014-04-05T13:38:06.091796 #15111]  INFO -- : NoCo made a bet of 0 (fold) and is left with 508 chips. The pot now contains 2146 chips.
I, [2014-04-05T13:38:06.092218 #15111]  INFO -- : Mr Bazinga won 2146
I, [2014-04-05T13:38:06.097117 #15111]  INFO -- : Player R3T responded with  (200)
I, [2014-04-05T13:38:06.100998 #15111]  INFO -- : Player Mr Bazinga responded with OK (200)
I, [2014-04-05T13:38:06.104653 #15111]  INFO -- : Player NoCo responded with  (200)
I, [2014-04-05T13:38:06.105178 #15111]  INFO -- : Mr Bazinga received hole_card 10 of Diamonds
I, [2014-04-05T13:38:06.105409 #15111]  INFO -- : NoCo received hole_card 2 of Spades
I, [2014-04-05T13:38:06.105618 #15111]  INFO -- : Mr Bazinga received hole_card Jack of Spades
I, [2014-04-05T13:38:06.105838 #15111]  INFO -- : NoCo received hole_card 2 of Hearts
I, [2014-04-05T13:38:06.106254 #15111]  INFO -- : Mr Bazinga made a bet of 20 (raise) and is left with 2472 chips. The pot now contains 20 chips.
I, [2014-04-05T13:38:06.106826 #15111]  INFO -- : NoCo made a bet of 40 (raise) and is left with 468 chips. The pot now contains 60 chips.
I, [2014-04-05T13:38:06.111154 #15111]  INFO -- : Player Mr Bazinga responded with 0 (200)
I, [2014-04-05T13:38:06.111635 #15111]  INFO -- : Mr Bazinga made a bet of 0 (fold) and is left with 2472 chips. The pot now contains 60 chips.
I, [2014-04-05T13:38:06.115536 #15111]  INFO -- : Player NoCo responded with 682 (200)
I, [2014-04-05T13:38:06.116192 #15111]  INFO -- : NoCo made a bet of 468 (allin) and is left with 0 chips. The pot now contains 528 chips.
I, [2014-04-05T13:38:06.117288 #15111]  INFO -- : NoCo won 528
I, [2014-04-05T13:38:06.123265 #15111]  INFO -- : Player R3T responded with  (200)
I, [2014-04-05T13:38:06.126781 #15111]  INFO -- : Player Mr Bazinga responded with OK (200)
I, [2014-04-05T13:38:06.131165 #15111]  INFO -- : Player NoCo responded with  (200)
I, [2014-04-05T13:38:06.132133 #15111]  INFO -- : NoCo received hole_card 3 of Hearts
I, [2014-04-05T13:38:06.132749 #15111]  INFO -- : Mr Bazinga received hole_card 5 of Clubs
I, [2014-04-05T13:38:06.133322 #15111]  INFO -- : NoCo received hole_card Queen of Clubs
I, [2014-04-05T13:38:06.133622 #15111]  INFO -- : Mr Bazinga received hole_card Ace of Diamonds
I, [2014-04-05T13:38:06.134014 #15111]  INFO -- : NoCo made a bet of 20 (raise) and is left with 508 chips. The pot now contains 20 chips.
I, [2014-04-05T13:38:06.134343 #15111]  INFO -- : Mr Bazinga made a bet of 40 (raise) and is left with 2432 chips. The pot now contains 60 chips.
I, [2014-04-05T13:38:06.136867 #15111]  INFO -- : Player NoCo responded with 361 (200)
I, [2014-04-05T13:38:06.137553 #15111]  INFO -- : NoCo made a bet of 361 (raise) and is left with 147 chips. The pot now contains 421 chips.
I, [2014-04-05T13:38:06.142806 #15111]  INFO -- : Player Mr Bazinga responded with 0 (200)
I, [2014-04-05T13:38:06.143660 #15111]  INFO -- : Mr Bazinga made a bet of 0 (fold) and is left with 2432 chips. The pot now contains 421 chips.
I, [2014-04-05T13:38:06.144480 #15111]  INFO -- : NoCo won 421
I, [2014-04-05T13:38:06.149254 #15111]  INFO -- : Player R3T responded with  (200)
I, [2014-04-05T13:38:06.152927 #15111]  INFO -- : Player Mr Bazinga responded with OK (200)
I, [2014-04-05T13:38:06.156695 #15111]  INFO -- : Player NoCo responded with  (200)
I, [2014-04-05T13:38:06.157027 #15111]  INFO -- : Mr Bazinga received hole_card Queen of Clubs
I, [2014-04-05T13:38:06.157232 #15111]  INFO -- : NoCo received hole_card Queen of Diamonds
I, [2014-04-05T13:38:06.157410 #15111]  INFO -- : Mr Bazinga received hole_card 2 of Diamonds
I, [2014-04-05T13:38:06.157597 #15111]  INFO -- : NoCo received hole_card Queen of Hearts
I, [2014-04-05T13:38:06.157881 #15111]  INFO -- : Mr Bazinga made a bet of 20 (raise) and is left with 2412 chips. The pot now contains 20 chips.
I, [2014-04-05T13:38:06.158132 #15111]  INFO -- : NoCo made a bet of 40 (raise) and is left with 528 chips. The pot now contains 60 chips.
I, [2014-04-05T13:38:06.161963 #15111]  INFO -- : Player Mr Bazinga responded with 0 (200)
I, [2014-04-05T13:38:06.162457 #15111]  INFO -- : Mr Bazinga made a bet of 0 (fold) and is left with 2412 chips. The pot now contains 60 chips.
I, [2014-04-05T13:38:06.165240 #15111]  INFO -- : Player NoCo responded with 777 (200)
I, [2014-04-05T13:38:06.165550 #15111]  INFO -- : NoCo made a bet of 528 (allin) and is left with 0 chips. The pot now contains 588 chips.
I, [2014-04-05T13:38:06.166384 #15111]  INFO -- : NoCo won 588
I, [2014-04-05T13:38:06.170126 #15111]  INFO -- : Player R3T responded with  (200)
I, [2014-04-05T13:38:06.172175 #15111]  INFO -- : Player Mr Bazinga responded with OK (200)
I, [2014-04-05T13:38:06.174044 #15111]  INFO -- : Player NoCo responded with  (200)
I, [2014-04-05T13:38:06.174411 #15111]  INFO -- : NoCo received hole_card 6 of Diamonds
I, [2014-04-05T13:38:06.174648 #15111]  INFO -- : Mr Bazinga received hole_card 4 of Clubs
I, [2014-04-05T13:38:06.174852 #15111]  INFO -- : NoCo received hole_card 8 of Diamonds
I, [2014-04-05T13:38:06.175052 #15111]  INFO -- : Mr Bazinga received hole_card King of Hearts
I, [2014-04-05T13:38:06.175349 #15111]  INFO -- : NoCo made a bet of 20 (raise) and is left with 568 chips. The pot now contains 20 chips.
I, [2014-04-05T13:38:06.175648 #15111]  INFO -- : Mr Bazinga made a bet of 40 (raise) and is left with 2372 chips. The pot now contains 60 chips.
I, [2014-04-05T13:38:06.177327 #15111]  INFO -- : Player NoCo responded with 915 (200)
I, [2014-04-05T13:38:06.177557 #15111]  INFO -- : NoCo made a bet of 568 (allin) and is left with 0 chips. The pot now contains 628 chips.
I, [2014-04-05T13:38:06.180440 #15111]  INFO -- : Player Mr Bazinga responded with 0 (200)
I, [2014-04-05T13:38:06.180744 #15111]  INFO -- : Mr Bazinga made a bet of 0 (fold) and is left with 2372 chips. The pot now contains 628 chips.
I, [2014-04-05T13:38:06.181182 #15111]  INFO -- : NoCo won 628
I, [2014-04-05T13:38:06.183720 #15111]  INFO -- : Player R3T responded with  (200)
I, [2014-04-05T13:38:06.185470 #15111]  INFO -- : Player Mr Bazinga responded with OK (200)
I, [2014-04-05T13:38:06.187149 #15111]  INFO -- : Player NoCo responded with  (200)
I, [2014-04-05T13:38:06.187466 #15111]  INFO -- : Mr Bazinga received hole_card Ace of Hearts
I, [2014-04-05T13:38:06.187661 #15111]  INFO -- : NoCo received hole_card 7 of Hearts
I, [2014-04-05T13:38:06.187842 #15111]  INFO -- : Mr Bazinga received hole_card 5 of Spades
I, [2014-04-05T13:38:06.188032 #15111]  INFO -- : NoCo received hole_card 5 of Diamonds
I, [2014-04-05T13:38:06.188366 #15111]  INFO -- : Mr Bazinga made a bet of 20 (raise) and is left with 2352 chips. The pot now contains 20 chips.
I, [2014-04-05T13:38:06.188632 #15111]  INFO -- : NoCo made a bet of 40 (raise) and is left with 588 chips. The pot now contains 60 chips.
I, [2014-04-05T13:38:06.190523 #15111]  INFO -- : Player Mr Bazinga responded with 0 (200)
I, [2014-04-05T13:38:06.190793 #15111]  INFO -- : Mr Bazinga made a bet of 0 (fold) and is left with 2352 chips. The pot now contains 60 chips.
I, [2014-04-05T13:38:06.193652 #15111]  INFO -- : Player NoCo responded with 701 (200)
I, [2014-04-05T13:38:06.194034 #15111]  INFO -- : NoCo made a bet of 588 (allin) and is left with 0 chips. The pot now contains 648 chips.
I, [2014-04-05T13:38:06.194673 #15111]  INFO -- : NoCo won 648
I, [2014-04-05T13:38:06.199389 #15111]  INFO -- : Player R3T responded with  (200)
I, [2014-04-05T13:38:06.201133 #15111]  INFO -- : Player Mr Bazinga responded with OK (200)
I, [2014-04-05T13:38:06.202999 #15111]  INFO -- : Player NoCo responded with  (200)
I, [2014-04-05T13:38:06.203495 #15111]  INFO -- : NoCo received hole_card 3 of Spades
I, [2014-04-05T13:38:06.203772 #15111]  INFO -- : Mr Bazinga received hole_card 4 of Diamonds
I, [2014-04-05T13:38:06.204071 #15111]  INFO -- : NoCo received hole_card Queen of Hearts
I, [2014-04-05T13:38:06.204351 #15111]  INFO -- : Mr Bazinga received hole_card Queen of Spades
I, [2014-04-05T13:38:06.204819 #15111]  INFO -- : NoCo made a bet of 20 (raise) and is left with 628 chips. The pot now contains 20 chips.
I, [2014-04-05T13:38:06.205292 #15111]  INFO -- : Mr Bazinga made a bet of 40 (raise) and is left with 2312 chips. The pot now contains 60 chips.
I, [2014-04-05T13:38:06.207367 #15111]  INFO -- : Player NoCo responded with 829 (200)
I, [2014-04-05T13:38:06.207561 #15111]  INFO -- : NoCo made a bet of 628 (allin) and is left with 0 chips. The pot now contains 688 chips.
I, [2014-04-05T13:38:06.210064 #15111]  INFO -- : Player Mr Bazinga responded with 0 (200)
I, [2014-04-05T13:38:06.210259 #15111]  INFO -- : Mr Bazinga made a bet of 0 (fold) and is left with 2312 chips. The pot now contains 688 chips.
I, [2014-04-05T13:38:06.210611 #15111]  INFO -- : NoCo won 688
I, [2014-04-05T13:38:06.212945 #15111]  INFO -- : Player R3T responded with  (200)
I, [2014-04-05T13:38:06.215020 #15111]  INFO -- : Player Mr Bazinga responded with OK (200)
I, [2014-04-05T13:38:06.217150 #15111]  INFO -- : Player NoCo responded with  (200)
I, [2014-04-05T13:38:06.217681 #15111]  INFO -- : Mr Bazinga received hole_card Jack of Spades
I, [2014-04-05T13:38:06.218017 #15111]  INFO -- : NoCo received hole_card Ace of Spades
I, [2014-04-05T13:38:06.218368 #15111]  INFO -- : Mr Bazinga received hole_card 2 of Hearts
I, [2014-04-05T13:38:06.219252 #15111]  INFO -- : NoCo received hole_card King of Hearts
I, [2014-04-05T13:38:06.219878 #15111]  INFO -- : Mr Bazinga made a bet of 40 (raise) and is left with 2272 chips. The pot now contains 40 chips.
I, [2014-04-05T13:38:06.220369 #15111]  INFO -- : NoCo made a bet of 80 (raise) and is left with 608 chips. The pot now contains 120 chips.
I, [2014-04-05T13:38:06.223404 #15111]  INFO -- : Player Mr Bazinga responded with 0 (200)
I, [2014-04-05T13:38:06.223909 #15111]  INFO -- : Mr Bazinga made a bet of 0 (fold) and is left with 2272 chips. The pot now contains 120 chips.
I, [2014-04-05T13:38:06.229440 #15111]  INFO -- : Player NoCo responded with 226 (200)
I, [2014-04-05T13:38:06.229715 #15111]  INFO -- : NoCo made a bet of 226 (raise) and is left with 382 chips. The pot now contains 346 chips.
I, [2014-04-05T13:38:06.230213 #15111]  INFO -- : NoCo won 346
I, [2014-04-05T13:38:06.232664 #15111]  INFO -- : Player R3T responded with  (200)
I, [2014-04-05T13:38:06.235068 #15111]  INFO -- : Player Mr Bazinga responded with OK (200)
I, [2014-04-05T13:38:06.237073 #15111]  INFO -- : Player NoCo responded with  (200)
I, [2014-04-05T13:38:06.237559 #15111]  INFO -- : NoCo received hole_card 2 of Diamonds
I, [2014-04-05T13:38:06.237861 #15111]  INFO -- : Mr Bazinga received hole_card Queen of Spades
I, [2014-04-05T13:38:06.238151 #15111]  INFO -- : NoCo received hole_card 7 of Hearts
I, [2014-04-05T13:38:06.238460 #15111]  INFO -- : Mr Bazinga received hole_card 8 of Diamonds
I, [2014-04-05T13:38:06.238903 #15111]  INFO -- : NoCo made a bet of 40 (raise) and is left with 688 chips. The pot now contains 40 chips.
I, [2014-04-05T13:38:06.239315 #15111]  INFO -- : Mr Bazinga made a bet of 80 (raise) and is left with 2192 chips. The pot now contains 120 chips.
I, [2014-04-05T13:38:06.241263 #15111]  INFO -- : Player NoCo responded with 653 (200)
I, [2014-04-05T13:38:06.241556 #15111]  INFO -- : NoCo made a bet of 653 (raise) and is left with 35 chips. The pot now contains 773 chips.
I, [2014-04-05T13:38:06.243611 #15111]  INFO -- : Player Mr Bazinga responded with 0 (200)
I, [2014-04-05T13:38:06.243936 #15111]  INFO -- : Mr Bazinga made a bet of 0 (fold) and is left with 2192 chips. The pot now contains 773 chips.
I, [2014-04-05T13:38:06.244515 #15111]  INFO -- : NoCo won 773
I, [2014-04-05T13:38:06.247153 #15111]  INFO -- : Player R3T responded with  (200)
I, [2014-04-05T13:38:06.250469 #15111]  INFO -- : Player Mr Bazinga responded with OK (200)
I, [2014-04-05T13:38:06.254436 #15111]  INFO -- : Player NoCo responded with  (200)
I, [2014-04-05T13:38:06.255304 #15111]  INFO -- : Mr Bazinga received hole_card 7 of Diamonds
I, [2014-04-05T13:38:06.255803 #15111]  INFO -- : NoCo received hole_card 7 of Spades
I, [2014-04-05T13:38:06.256215 #15111]  INFO -- : Mr Bazinga received hole_card Jack of Clubs
I, [2014-04-05T13:38:06.256539 #15111]  INFO -- : NoCo received hole_card King of Diamonds
I, [2014-04-05T13:38:06.257090 #15111]  INFO -- : Mr Bazinga made a bet of 40 (raise) and is left with 2152 chips. The pot now contains 40 chips.
I, [2014-04-05T13:38:06.257584 #15111]  INFO -- : NoCo made a bet of 80 (raise) and is left with 728 chips. The pot now contains 120 chips.
I, [2014-04-05T13:38:06.260916 #15111]  INFO -- : Player Mr Bazinga responded with 0 (200)
I, [2014-04-05T13:38:06.261220 #15111]  INFO -- : Mr Bazinga made a bet of 0 (fold) and is left with 2152 chips. The pot now contains 120 chips.
I, [2014-04-05T13:38:06.262918 #15111]  INFO -- : Player NoCo responded with 653 (200)
I, [2014-04-05T13:38:06.263169 #15111]  INFO -- : NoCo made a bet of 653 (raise) and is left with 75 chips. The pot now contains 773 chips.
I, [2014-04-05T13:38:06.263536 #15111]  INFO -- : NoCo won 773
I, [2014-04-05T13:38:06.266192 #15111]  INFO -- : Player R3T responded with  (200)
I, [2014-04-05T13:38:06.267972 #15111]  INFO -- : Player Mr Bazinga responded with OK (200)
I, [2014-04-05T13:38:06.269762 #15111]  INFO -- : Player NoCo responded with  (200)
I, [2014-04-05T13:38:06.270108 #15111]  INFO -- : NoCo received hole_card 9 of Clubs
I, [2014-04-05T13:38:06.270299 #15111]  INFO -- : Mr Bazinga received hole_card Ace of Hearts
I, [2014-04-05T13:38:06.270505 #15111]  INFO -- : NoCo received hole_card Jack of Hearts
I, [2014-04-05T13:38:06.270703 #15111]  INFO -- : Mr Bazinga received hole_card 8 of Diamonds
I, [2014-04-05T13:38:06.271039 #15111]  INFO -- : NoCo made a bet of 40 (raise) and is left with 808 chips. The pot now contains 40 chips.
I, [2014-04-05T13:38:06.271288 #15111]  INFO -- : Mr Bazinga made a bet of 80 (raise) and is left with 2072 chips. The pot now contains 120 chips.
I, [2014-04-05T13:38:06.273015 #15111]  INFO -- : Player NoCo responded with 241 (200)
I, [2014-04-05T13:38:06.273256 #15111]  INFO -- : NoCo made a bet of 241 (raise) and is left with 567 chips. The pot now contains 361 chips.
I, [2014-04-05T13:38:06.275262 #15111]  INFO -- : Player Mr Bazinga responded with 0 (200)
I, [2014-04-05T13:38:06.275548 #15111]  INFO -- : Mr Bazinga made a bet of 0 (fold) and is left with 2072 chips. The pot now contains 361 chips.
I, [2014-04-05T13:38:06.275941 #15111]  INFO -- : NoCo won 361
I, [2014-04-05T13:38:06.278516 #15111]  INFO -- : Player R3T responded with  (200)
I, [2014-04-05T13:38:06.280235 #15111]  INFO -- : Player Mr Bazinga responded with OK (200)
I, [2014-04-05T13:38:06.282006 #15111]  INFO -- : Player NoCo responded with  (200)
I, [2014-04-05T13:38:06.282536 #15111]  INFO -- : Mr Bazinga received hole_card 5 of Spades
I, [2014-04-05T13:38:06.282823 #15111]  INFO -- : NoCo received hole_card 4 of Diamonds
I, [2014-04-05T13:38:06.283126 #15111]  INFO -- : Mr Bazinga received hole_card 7 of Spades
I, [2014-04-05T13:38:06.283385 #15111]  INFO -- : NoCo received hole_card King of Clubs
I, [2014-04-05T13:38:06.284055 #15111]  INFO -- : Mr Bazinga made a bet of 40 (raise) and is left with 2032 chips. The pot now contains 40 chips.
I, [2014-04-05T13:38:06.284896 #15111]  INFO -- : NoCo made a bet of 80 (raise) and is left with 848 chips. The pot now contains 120 chips.
I, [2014-04-05T13:38:06.291241 #15111]  INFO -- : Player Mr Bazinga responded with 0 (200)
I, [2014-04-05T13:38:06.291444 #15111]  INFO -- : Mr Bazinga made a bet of 0 (fold) and is left with 2032 chips. The pot now contains 120 chips.
I, [2014-04-05T13:38:06.293020 #15111]  INFO -- : Player NoCo responded with 870 (200)
I, [2014-04-05T13:38:06.293264 #15111]  INFO -- : NoCo made a bet of 848 (allin) and is left with 0 chips. The pot now contains 968 chips.
I, [2014-04-05T13:38:06.293654 #15111]  INFO -- : NoCo won 968
I, [2014-04-05T13:38:06.295753 #15111]  INFO -- : Player R3T responded with  (200)
I, [2014-04-05T13:38:06.297410 #15111]  INFO -- : Player Mr Bazinga responded with OK (200)
I, [2014-04-05T13:38:06.298928 #15111]  INFO -- : Player NoCo responded with  (200)
I, [2014-04-05T13:38:06.299297 #15111]  INFO -- : NoCo received hole_card Ace of Diamonds
I, [2014-04-05T13:38:06.299535 #15111]  INFO -- : Mr Bazinga received hole_card Queen of Diamonds
I, [2014-04-05T13:38:06.299751 #15111]  INFO -- : NoCo received hole_card Queen of Clubs
I, [2014-04-05T13:38:06.300008 #15111]  INFO -- : Mr Bazinga received hole_card 8 of Diamonds
I, [2014-04-05T13:38:06.300429 #15111]  INFO -- : NoCo made a bet of 40 (raise) and is left with 928 chips. The pot now contains 40 chips.
I, [2014-04-05T13:38:06.300753 #15111]  INFO -- : Mr Bazinga made a bet of 80 (raise) and is left with 1952 chips. The pot now contains 120 chips.
I, [2014-04-05T13:38:06.302554 #15111]  INFO -- : Player NoCo responded with 352 (200)
I, [2014-04-05T13:38:06.302819 #15111]  INFO -- : NoCo made a bet of 352 (raise) and is left with 576 chips. The pot now contains 472 chips.
I, [2014-04-05T13:38:06.305239 #15111]  INFO -- : Player Mr Bazinga responded with 674 (200)
I, [2014-04-05T13:38:06.305627 #15111]  INFO -- : Mr Bazinga made a bet of 674 (raise) and is left with 1278 chips. The pot now contains 1146 chips.
I, [2014-04-05T13:38:06.308717 #15111]  INFO -- : Player NoCo responded with 34 (200)
I, [2014-04-05T13:38:06.309218 #15111]  INFO -- : NoCo made a bet of 0 (fold) and is left with 576 chips. The pot now contains 1146 chips.
I, [2014-04-05T13:38:06.310121 #15111]  INFO -- : Mr Bazinga won 1146
I, [2014-04-05T13:38:06.315830 #15111]  INFO -- : Player R3T responded with  (200)
I, [2014-04-05T13:38:06.318455 #15111]  INFO -- : Player Mr Bazinga responded with OK (200)
I, [2014-04-05T13:38:06.321549 #15111]  INFO -- : Player NoCo responded with  (200)
I, [2014-04-05T13:38:06.322367 #15111]  INFO -- : Mr Bazinga received hole_card Queen of Spades
I, [2014-04-05T13:38:06.322873 #15111]  INFO -- : NoCo received hole_card Jack of Diamonds
I, [2014-04-05T13:38:06.323380 #15111]  INFO -- : Mr Bazinga received hole_card Queen of Diamonds
I, [2014-04-05T13:38:06.324221 #15111]  INFO -- : NoCo received hole_card 10 of Diamonds
I, [2014-04-05T13:38:06.324937 #15111]  INFO -- : Mr Bazinga made a bet of 40 (raise) and is left with 2384 chips. The pot now contains 40 chips.
I, [2014-04-05T13:38:06.325220 #15111]  INFO -- : NoCo made a bet of 80 (raise) and is left with 496 chips. The pot now contains 120 chips.
I, [2014-04-05T13:38:06.329505 #15111]  INFO -- : Player Mr Bazinga responded with 280 (200)
I, [2014-04-05T13:38:06.330187 #15111]  INFO -- : Mr Bazinga made a bet of 280 (raise) and is left with 2104 chips. The pot now contains 400 chips.
I, [2014-04-05T13:38:06.334492 #15111]  INFO -- : Player NoCo responded with 19 (200)
I, [2014-04-05T13:38:06.335104 #15111]  INFO -- : NoCo made a bet of 0 (fold) and is left with 496 chips. The pot now contains 400 chips.
I, [2014-04-05T13:38:06.336480 #15111]  INFO -- : Mr Bazinga won 400
I, [2014-04-05T13:38:06.341555 #15111]  INFO -- : Player R3T responded with  (200)
I, [2014-04-05T13:38:06.345405 #15111]  INFO -- : Player Mr Bazinga responded with OK (200)
I, [2014-04-05T13:38:06.348292 #15111]  INFO -- : Player NoCo responded with  (200)
I, [2014-04-05T13:38:06.348745 #15111]  INFO -- : NoCo received hole_card 4 of Spades
I, [2014-04-05T13:38:06.348986 #15111]  INFO -- : Mr Bazinga received hole_card 9 of Clubs
I, [2014-04-05T13:38:06.349447 #15111]  INFO -- : NoCo received hole_card 5 of Spades
I, [2014-04-05T13:38:06.350053 #15111]  INFO -- : Mr Bazinga received hole_card 7 of Clubs
I, [2014-04-05T13:38:06.351060 #15111]  INFO -- : NoCo made a bet of 40 (raise) and is left with 456 chips. The pot now contains 40 chips.
I, [2014-04-05T13:38:06.351628 #15111]  INFO -- : Mr Bazinga made a bet of 80 (raise) and is left with 2424 chips. The pot now contains 120 chips.
I, [2014-04-05T13:38:06.355951 #15111]  INFO -- : Player NoCo responded with 839 (200)
I, [2014-04-05T13:38:06.356629 #15111]  INFO -- : NoCo made a bet of 456 (allin) and is left with 0 chips. The pot now contains 576 chips.
I, [2014-04-05T13:38:06.361144 #15111]  INFO -- : Player Mr Bazinga responded with 882 (200)
I, [2014-04-05T13:38:06.361717 #15111]  INFO -- : Mr Bazinga made a bet of 882 (raise) and is left with 1542 chips. The pot now contains 1458 chips.
I, [2014-04-05T13:38:06.362417 #15111]  INFO -- : community card 6 of Clubs
I, [2014-04-05T13:38:06.363012 #15111]  INFO -- : community card 8 of Spades
I, [2014-04-05T13:38:06.363592 #15111]  INFO -- : community card 4 of Clubs
I, [2014-04-05T13:38:06.364201 #15111]  INFO -- : community card Ace of Clubs
I, [2014-04-05T13:38:06.364402 #15111]  INFO -- : community card 2 of Spades
I, [2014-04-05T13:38:06.364792 #15111]  INFO -- : Mr Bazinga showed 4 of Clubs,6 of Clubs,7 of Clubs,9 of Clubs,Ace of Clubs making a flush
I, [2014-04-05T13:38:06.365158 #15111]  INFO -- : Mr Bazinga won 1458
I, [2014-04-05T13:38:06.368952 #15111]  INFO -- : Player R3T responded with  (200)
I, [2014-04-05T13:38:06.373453 #15111]  INFO -- : Player Mr Bazinga responded with OK (200)
I, [2014-04-05T13:38:06.376739 #15111]  INFO -- : Player NoCo responded with  (200)
