npm http GET https://registry.npmjs.org/request
npm http GET https://registry.npmjs.org/http-sync/0.0.4
npm http GET https://registry.npmjs.org/express
npm http 200 https://registry.npmjs.org/http-sync/0.0.4
npm http GET https://registry.npmjs.org/http-sync/-/http-sync-0.0.4.tgz
npm http 200 https://registry.npmjs.org/request
npm http GET https://registry.npmjs.org/request/-/request-2.34.0.tgz
npm http 200 https://registry.npmjs.org/http-sync/-/http-sync-0.0.4.tgz
npm http 200 https://registry.npmjs.org/express
npm http GET https://registry.npmjs.org/express/-/express-3.5.1.tgz
npm http 200 https://registry.npmjs.org/request/-/request-2.34.0.tgz
npm http 200 https://registry.npmjs.org/express/-/express-3.5.1.tgz

> http-sync@0.0.4 install /home/devill/git/poker-player-bazinga/node_modules/http-sync
> node-gyp rebuild

gyp http GET http://nodejs.org/dist/v0.10.26/node-v0.10.26.tar.gz
gyp http 200 http://nodejs.org/dist/v0.10.26/node-v0.10.26.tar.gz
make: Entering directory `/home/devill/git/poker-player-bazinga/node_modules/http-sync/build'
  CXX(target) Release/obj.target/curllib/curllib.o
  SOLINK_MODULE(target) Release/obj.target/curllib.node
  SOLINK_MODULE(target) Release/obj.target/curllib.node: Finished
  COPY Release/curllib.node
make: Leaving directory `/home/devill/git/poker-player-bazinga/node_modules/http-sync/build'
npm http GET https://registry.npmjs.org/json-stringify-safe
npm http GET https://registry.npmjs.org/node-uuid
npm http GET https://registry.npmjs.org/forever-agent
npm http GET https://registry.npmjs.org/qs
npm http GET https://registry.npmjs.org/tunnel-agent
npm http GET https://registry.npmjs.org/http-signature
npm http GET https://registry.npmjs.org/oauth-sign
npm http GET https://registry.npmjs.org/tough-cookie
npm http GET https://registry.npmjs.org/hawk
npm http GET https://registry.npmjs.org/aws-sign2
npm http GET https://registry.npmjs.org/form-data
npm http GET https://registry.npmjs.org/mime
npm http GET https://registry.npmjs.org/range-parser/1.0.0
npm http GET https://registry.npmjs.org/cookie/0.1.1
npm http GET https://registry.npmjs.org/fresh/0.2.2
npm http GET https://registry.npmjs.org/methods/0.1.0
npm http GET https://registry.npmjs.org/cookie-signature/1.0.3
npm http GET https://registry.npmjs.org/merge-descriptors/0.0.2
npm http GET https://registry.npmjs.org/connect/2.14.1
npm http GET https://registry.npmjs.org/commander/1.3.2
npm http GET https://registry.npmjs.org/send/0.2.0
npm http GET https://registry.npmjs.org/buffer-crc32/0.2.1
npm http GET https://registry.npmjs.org/mkdirp/0.3.5
npm http GET https://registry.npmjs.org/debug
npm http 200 https://registry.npmjs.org/forever-agent
npm http GET https://registry.npmjs.org/forever-agent/-/forever-agent-0.5.2.tgz
npm http 200 https://registry.npmjs.org/json-stringify-safe
npm http GET https://registry.npmjs.org/json-stringify-safe/-/json-stringify-safe-5.0.0.tgz
npm http 200 https://registry.npmjs.org/node-uuid
npm http GET https://registry.npmjs.org/node-uuid/-/node-uuid-1.4.1.tgz
npm http 200 https://registry.npmjs.org/oauth-sign
npm http 200 https://registry.npmjs.org/tunnel-agent
npm http GET https://registry.npmjs.org/oauth-sign/-/oauth-sign-0.3.0.tgz
npm http GET https://registry.npmjs.org/tunnel-agent/-/tunnel-agent-0.3.0.tgz
npm http 200 https://registry.npmjs.org/http-signature
npm http GET https://registry.npmjs.org/http-signature/-/http-signature-0.10.0.tgz
npm http 200 https://registry.npmjs.org/aws-sign2
npm http GET https://registry.npmjs.org/aws-sign2/-/aws-sign2-0.5.0.tgz
npm http 200 https://registry.npmjs.org/qs
npm http GET https://registry.npmjs.org/qs/-/qs-0.6.6.tgz
npm http 200 https://registry.npmjs.org/forever-agent/-/forever-agent-0.5.2.tgz
npm http 200 https://registry.npmjs.org/json-stringify-safe/-/json-stringify-safe-5.0.0.tgz
npm http 200 https://registry.npmjs.org/http-signature/-/http-signature-0.10.0.tgz
npm http 200 https://registry.npmjs.org/mime
npm http 200 https://registry.npmjs.org/range-parser/1.0.0
npm http GET https://registry.npmjs.org/range-parser/-/range-parser-1.0.0.tgz
npm http GET https://registry.npmjs.org/mime/-/mime-1.2.11.tgz
npm http 200 https://registry.npmjs.org/node-uuid/-/node-uuid-1.4.1.tgz
npm http 200 https://registry.npmjs.org/tunnel-agent/-/tunnel-agent-0.3.0.tgz
npm http 200 https://registry.npmjs.org/oauth-sign/-/oauth-sign-0.3.0.tgz
npm http 200 https://registry.npmjs.org/aws-sign2/-/aws-sign2-0.5.0.tgz
npm http 200 https://registry.npmjs.org/form-data
npm http 200 https://registry.npmjs.org/qs/-/qs-0.6.6.tgz
npm http GET https://registry.npmjs.org/form-data/-/form-data-0.1.2.tgz
npm http 200 https://registry.npmjs.org/tough-cookie
npm http 200 https://registry.npmjs.org/cookie/0.1.1
npm http GET https://registry.npmjs.org/tough-cookie/-/tough-cookie-0.12.1.tgz
npm http GET https://registry.npmjs.org/cookie/-/cookie-0.1.1.tgz
npm http 200 https://registry.npmjs.org/fresh/0.2.2
npm http 200 https://registry.npmjs.org/range-parser/-/range-parser-1.0.0.tgz
npm http GET https://registry.npmjs.org/fresh/-/fresh-0.2.2.tgz
npm http 200 https://registry.npmjs.org/mime/-/mime-1.2.11.tgz
npm http 200 https://registry.npmjs.org/methods/0.1.0
npm http 200 https://registry.npmjs.org/hawk
npm http GET https://registry.npmjs.org/methods/-/methods-0.1.0.tgz
npm http 200 https://registry.npmjs.org/cookie-signature/1.0.3
npm http GET https://registry.npmjs.org/hawk/-/hawk-1.0.0.tgz
npm http 200 https://registry.npmjs.org/commander/1.3.2
npm http 200 https://registry.npmjs.org/merge-descriptors/0.0.2
npm http GET https://registry.npmjs.org/cookie-signature/-/cookie-signature-1.0.3.tgz
npm http GET https://registry.npmjs.org/commander/-/commander-1.3.2.tgz
npm http GET https://registry.npmjs.org/merge-descriptors/-/merge-descriptors-0.0.2.tgz
npm http 200 https://registry.npmjs.org/send/0.2.0
npm http GET https://registry.npmjs.org/send/-/send-0.2.0.tgz
npm http 200 https://registry.npmjs.org/connect/2.14.1
npm http GET https://registry.npmjs.org/connect/-/connect-2.14.1.tgz
npm http 200 https://registry.npmjs.org/debug
npm http 200 https://registry.npmjs.org/buffer-crc32/0.2.1
npm http 200 https://registry.npmjs.org/mkdirp/0.3.5
npm http GET https://registry.npmjs.org/buffer-crc32/-/buffer-crc32-0.2.1.tgz
npm http GET https://registry.npmjs.org/debug/-/debug-0.8.0.tgz
npm http GET https://registry.npmjs.org/mkdirp/-/mkdirp-0.3.5.tgz
npm http 200 https://registry.npmjs.org/form-data/-/form-data-0.1.2.tgz
npm http 200 https://registry.npmjs.org/cookie/-/cookie-0.1.1.tgz
npm http 200 https://registry.npmjs.org/tough-cookie/-/tough-cookie-0.12.1.tgz
npm http 200 https://registry.npmjs.org/fresh/-/fresh-0.2.2.tgz
npm http 200 https://registry.npmjs.org/methods/-/methods-0.1.0.tgz
npm http 200 https://registry.npmjs.org/hawk/-/hawk-1.0.0.tgz
npm http 200 https://registry.npmjs.org/cookie-signature/-/cookie-signature-1.0.3.tgz
npm http 200 https://registry.npmjs.org/commander/-/commander-1.3.2.tgz
npm http 200 https://registry.npmjs.org/merge-descriptors/-/merge-descriptors-0.0.2.tgz
npm http 200 https://registry.npmjs.org/connect/-/connect-2.14.1.tgz
npm http 200 https://registry.npmjs.org/send/-/send-0.2.0.tgz
npm http 200 https://registry.npmjs.org/buffer-crc32/-/buffer-crc32-0.2.1.tgz
npm http 200 https://registry.npmjs.org/debug/-/debug-0.8.0.tgz
npm http 200 https://registry.npmjs.org/mkdirp/-/mkdirp-0.3.5.tgz
npm http GET https://registry.npmjs.org/keypress
npm http GET https://registry.npmjs.org/connect-timeout/1.0.0
npm http GET https://registry.npmjs.org/csurf/1.0.0
npm http GET https://registry.npmjs.org/errorhandler/1.0.0
npm http GET https://registry.npmjs.org/express-session/1.0.2
npm http GET https://registry.npmjs.org/method-override/1.0.0
npm http GET https://registry.npmjs.org/morgan/1.0.0
npm http GET https://registry.npmjs.org/qs/0.6.6
npm http GET https://registry.npmjs.org/response-time/1.0.0
npm http GET https://registry.npmjs.org/serve-index/1.0.1
npm http GET https://registry.npmjs.org/serve-static/1.0.2
npm http GET https://registry.npmjs.org/static-favicon/1.0.0
npm http GET https://registry.npmjs.org/vhost/1.0.0
npm http GET https://registry.npmjs.org/bytes/0.2.1
npm http GET https://registry.npmjs.org/raw-body/1.1.3
npm http GET https://registry.npmjs.org/multiparty/2.2.0
npm http GET https://registry.npmjs.org/basic-auth-connect/1.0.0
npm http GET https://registry.npmjs.org/cookie-parser/1.0.1
npm http GET https://registry.npmjs.org/compression/1.0.0
npm http GET https://registry.npmjs.org/pause/0.0.1
npm http 200 https://registry.npmjs.org/keypress
npm http 200 https://registry.npmjs.org/connect-timeout/1.0.0
npm http GET https://registry.npmjs.org/connect-timeout/-/connect-timeout-1.0.0.tgz
npm http 200 https://registry.npmjs.org/morgan/1.0.0
npm http 200 https://registry.npmjs.org/errorhandler/1.0.0
npm http 200 https://registry.npmjs.org/method-override/1.0.0
npm http 200 https://registry.npmjs.org/csurf/1.0.0
npm http 200 https://registry.npmjs.org/express-session/1.0.2
npm http GET https://registry.npmjs.org/morgan/-/morgan-1.0.0.tgz
npm http GET https://registry.npmjs.org/errorhandler/-/errorhandler-1.0.0.tgz
npm http GET https://registry.npmjs.org/method-override/-/method-override-1.0.0.tgz
npm http GET https://registry.npmjs.org/csurf/-/csurf-1.0.0.tgz
npm http GET https://registry.npmjs.org/express-session/-/express-session-1.0.2.tgz
npm http 200 https://registry.npmjs.org/qs/0.6.6
npm http GET https://registry.npmjs.org/qs/-/qs-0.6.6.tgz
npm http GET https://registry.npmjs.org/combined-stream
npm http GET https://registry.npmjs.org/async
npm http 200 https://registry.npmjs.org/serve-static/1.0.2
npm http 200 https://registry.npmjs.org/connect-timeout/-/connect-timeout-1.0.0.tgz
npm http 200 https://registry.npmjs.org/serve-index/1.0.1
npm http GET https://registry.npmjs.org/serve-static/-/serve-static-1.0.2.tgz
npm http 200 https://registry.npmjs.org/bytes/0.2.1
npm http GET https://registry.npmjs.org/serve-index/-/serve-index-1.0.1.tgz
npm http GET https://registry.npmjs.org/bytes/-/bytes-0.2.1.tgz
npm http 200 https://registry.npmjs.org/response-time/1.0.0
npm http GET https://registry.npmjs.org/response-time/-/response-time-1.0.0.tgz
npm http GET https://registry.npmjs.org/ctype/0.5.2
npm http GET https://registry.npmjs.org/assert-plus/0.1.2
npm http GET https://registry.npmjs.org/asn1/0.1.11
npm http 200 https://registry.npmjs.org/raw-body/1.1.3
npm http 200 https://registry.npmjs.org/multiparty/2.2.0
npm http 200 https://registry.npmjs.org/errorhandler/-/errorhandler-1.0.0.tgz
npm http 200 https://registry.npmjs.org/morgan/-/morgan-1.0.0.tgz
npm http 200 https://registry.npmjs.org/csurf/-/csurf-1.0.0.tgz
npm http 200 https://registry.npmjs.org/method-override/-/method-override-1.0.0.tgz
npm http GET https://registry.npmjs.org/raw-body/-/raw-body-1.1.3.tgz
npm http GET https://registry.npmjs.org/multiparty/-/multiparty-2.2.0.tgz
npm http 200 https://registry.npmjs.org/vhost/1.0.0
npm http 200 https://registry.npmjs.org/basic-auth-connect/1.0.0
npm http GET https://registry.npmjs.org/vhost/-/vhost-1.0.0.tgz
npm http GET https://registry.npmjs.org/basic-auth-connect/-/basic-auth-connect-1.0.0.tgz
npm http 200 https://registry.npmjs.org/cookie-parser/1.0.1
npm http 200 https://registry.npmjs.org/compression/1.0.0
npm http 200 https://registry.npmjs.org/express-session/-/express-session-1.0.2.tgz
npm http 200 https://registry.npmjs.org/static-favicon/1.0.0
npm http GET https://registry.npmjs.org/cookie-parser/-/cookie-parser-1.0.1.tgz
npm http GET https://registry.npmjs.org/compression/-/compression-1.0.0.tgz
npm http GET https://registry.npmjs.org/static-favicon/-/static-favicon-1.0.0.tgz
npm http 200 https://registry.npmjs.org/assert-plus/0.1.2
npm http 200 https://registry.npmjs.org/serve-index/-/serve-index-1.0.1.tgz
npm http 200 https://registry.npmjs.org/serve-static/-/serve-static-1.0.2.tgz
npm http 200 https://registry.npmjs.org/qs/-/qs-0.6.6.tgz
npm http GET https://registry.npmjs.org/assert-plus/-/assert-plus-0.1.2.tgz
npm http 200 https://registry.npmjs.org/combined-stream
npm http 200 https://registry.npmjs.org/bytes/-/bytes-0.2.1.tgz
npm http 200 https://registry.npmjs.org/pause/0.0.1
npm http 200 https://registry.npmjs.org/ctype/0.5.2
npm http 200 https://registry.npmjs.org/response-time/-/response-time-1.0.0.tgz
npm http GET https://registry.npmjs.org/combined-stream/-/combined-stream-0.0.4.tgz
npm http GET https://registry.npmjs.org/pause/-/pause-0.0.1.tgz
npm http 200 https://registry.npmjs.org/raw-body/-/raw-body-1.1.3.tgz
npm http GET https://registry.npmjs.org/ctype/-/ctype-0.5.2.tgz
npm http 200 https://registry.npmjs.org/multiparty/-/multiparty-2.2.0.tgz
npm http 200 https://registry.npmjs.org/asn1/0.1.11
npm http GET https://registry.npmjs.org/asn1/-/asn1-0.1.11.tgz
npm http 200 https://registry.npmjs.org/vhost/-/vhost-1.0.0.tgz
npm http 200 https://registry.npmjs.org/cookie-parser/-/cookie-parser-1.0.1.tgz
npm http 200 https://registry.npmjs.org/basic-auth-connect/-/basic-auth-connect-1.0.0.tgz
npm http 200 https://registry.npmjs.org/compression/-/compression-1.0.0.tgz
npm http 200 https://registry.npmjs.org/static-favicon/-/static-favicon-1.0.0.tgz
npm http 200 https://registry.npmjs.org/assert-plus/-/assert-plus-0.1.2.tgz
npm http 200 https://registry.npmjs.org/combined-stream/-/combined-stream-0.0.4.tgz
npm http 200 https://registry.npmjs.org/pause/-/pause-0.0.1.tgz
npm http 200 https://registry.npmjs.org/async
npm http GET https://registry.npmjs.org/async/-/async-0.2.10.tgz
npm http 200 https://registry.npmjs.org/ctype/-/ctype-0.5.2.tgz
npm http 200 https://registry.npmjs.org/asn1/-/asn1-0.1.11.tgz
npm http GET https://registry.npmjs.org/punycode
npm http GET https://registry.npmjs.org/cryptiles
npm http GET https://registry.npmjs.org/sntp
npm http GET https://registry.npmjs.org/hoek
npm http GET https://registry.npmjs.org/boom
npm http 200 https://registry.npmjs.org/async/-/async-0.2.10.tgz
npm http 200 https://registry.npmjs.org/cryptiles
npm http 200 https://registry.npmjs.org/sntp
npm http GET https://registry.npmjs.org/cryptiles/-/cryptiles-0.2.2.tgz
npm http GET https://registry.npmjs.org/sntp/-/sntp-0.2.4.tgz
npm http 200 https://registry.npmjs.org/punycode
npm http GET https://registry.npmjs.org/punycode/-/punycode-1.2.4.tgz
npm http 200 https://registry.npmjs.org/hoek
npm http GET https://registry.npmjs.org/hoek/-/hoek-0.9.1.tgz
npm http 200 https://registry.npmjs.org/boom
npm http GET https://registry.npmjs.org/boom/-/boom-0.4.2.tgz
npm http 200 https://registry.npmjs.org/cryptiles/-/cryptiles-0.2.2.tgz
npm http 200 https://registry.npmjs.org/sntp/-/sntp-0.2.4.tgz
npm http 200 https://registry.npmjs.org/punycode/-/punycode-1.2.4.tgz
npm http 200 https://registry.npmjs.org/hoek/-/hoek-0.9.1.tgz
npm http 200 https://registry.npmjs.org/boom/-/boom-0.4.2.tgz
npm http GET https://registry.npmjs.org/delayed-stream/0.0.5
npm http 200 https://registry.npmjs.org/delayed-stream/0.0.5
npm http GET https://registry.npmjs.org/delayed-stream/-/delayed-stream-0.0.5.tgz
npm http 200 https://registry.npmjs.org/delayed-stream/-/delayed-stream-0.0.5.tgz
npm http GET https://registry.npmjs.org/uid2
npm http GET https://registry.npmjs.org/negotiator/0.3.0
npm http GET https://registry.npmjs.org/compressible/1.0.0
npm http GET https://registry.npmjs.org/cookie/0.1.0
npm http GET https://registry.npmjs.org/utils-merge/1.0.0
npm http GET https://registry.npmjs.org/uid2/0.0.3
npm http GET https://registry.npmjs.org/debug/0.7.4
npm http GET https://registry.npmjs.org/batch/0.5.0
npm http GET https://registry.npmjs.org/negotiator/0.4.2
npm http 200 https://registry.npmjs.org/negotiator/0.3.0
npm http GET https://registry.npmjs.org/negotiator/-/negotiator-0.3.0.tgz
npm http 200 https://registry.npmjs.org/cookie/0.1.0
npm http GET https://registry.npmjs.org/cookie/-/cookie-0.1.0.tgz
npm http 200 https://registry.npmjs.org/uid2/0.0.3
npm http GET https://registry.npmjs.org/uid2/-/uid2-0.0.3.tgz
npm http 200 https://registry.npmjs.org/utils-merge/1.0.0
npm http GET https://registry.npmjs.org/utils-merge/-/utils-merge-1.0.0.tgz
npm http 200 https://registry.npmjs.org/negotiator/0.4.2
npm http GET https://registry.npmjs.org/negotiator/-/negotiator-0.4.2.tgz
npm http GET https://registry.npmjs.org/readable-stream
npm http GET https://registry.npmjs.org/stream-counter
npm http 200 https://registry.npmjs.org/batch/0.5.0
npm http GET https://registry.npmjs.org/batch/-/batch-0.5.0.tgz
npm http 200 https://registry.npmjs.org/uid2
npm http 200 https://registry.npmjs.org/negotiator/-/negotiator-0.3.0.tgz
npm http 200 https://registry.npmjs.org/debug/0.7.4
npm http GET https://registry.npmjs.org/debug/-/debug-0.7.4.tgz
npm http 200 https://registry.npmjs.org/uid2/-/uid2-0.0.3.tgz
npm http 200 https://registry.npmjs.org/compressible/1.0.0
npm http GET https://registry.npmjs.org/compressible/-/compressible-1.0.0.tgz
npm http 200 https://registry.npmjs.org/cookie/-/cookie-0.1.0.tgz
npm http 200 https://registry.npmjs.org/batch/-/batch-0.5.0.tgz
npm http 200 https://registry.npmjs.org/debug/-/debug-0.7.4.tgz
npm http 200 https://registry.npmjs.org/utils-merge/-/utils-merge-1.0.0.tgz
npm http 200 https://registry.npmjs.org/stream-counter
npm http GET https://registry.npmjs.org/stream-counter/-/stream-counter-0.2.0.tgz
npm http 200 https://registry.npmjs.org/compressible/-/compressible-1.0.0.tgz
npm http 200 https://registry.npmjs.org/negotiator/-/negotiator-0.4.2.tgz
npm http 200 https://registry.npmjs.org/readable-stream
npm http GET https://registry.npmjs.org/readable-stream/-/readable-stream-1.1.12.tgz
npm http 200 https://registry.npmjs.org/stream-counter/-/stream-counter-0.2.0.tgz
npm http 200 https://registry.npmjs.org/readable-stream/-/readable-stream-1.1.12.tgz
npm http GET https://registry.npmjs.org/core-util-is
npm http GET https://registry.npmjs.org/isarray/0.0.1
npm http GET https://registry.npmjs.org/inherits
npm http GET https://registry.npmjs.org/string_decoder
npm http 200 https://registry.npmjs.org/core-util-is
npm http GET https://registry.npmjs.org/core-util-is/-/core-util-is-1.0.1.tgz
npm http 200 https://registry.npmjs.org/string_decoder
npm http 200 https://registry.npmjs.org/isarray/0.0.1
npm http GET https://registry.npmjs.org/string_decoder/-/string_decoder-0.10.25-1.tgz
npm http GET https://registry.npmjs.org/isarray/-/isarray-0.0.1.tgz
npm http 200 https://registry.npmjs.org/inherits
npm http GET https://registry.npmjs.org/inherits/-/inherits-2.0.1.tgz
npm http 200 https://registry.npmjs.org/core-util-is/-/core-util-is-1.0.1.tgz
npm http 200 https://registry.npmjs.org/isarray/-/isarray-0.0.1.tgz
npm http 200 https://registry.npmjs.org/string_decoder/-/string_decoder-0.10.25-1.tgz
npm http 200 https://registry.npmjs.org/inherits/-/inherits-2.0.1.tgz
request@2.34.0 node_modules/request
├── json-stringify-safe@5.0.0
├── forever-agent@0.5.2
├── aws-sign2@0.5.0
├── qs@0.6.6
├── tunnel-agent@0.3.0
├── oauth-sign@0.3.0
├── node-uuid@1.4.1
├── mime@1.2.11
├── tough-cookie@0.12.1 (punycode@1.2.4)
├── hawk@1.0.0 (cryptiles@0.2.2, sntp@0.2.4, boom@0.4.2, hoek@0.9.1)
├── http-signature@0.10.0 (assert-plus@0.1.2, asn1@0.1.11, ctype@0.5.2)
└── form-data@0.1.2 (async@0.2.10, combined-stream@0.0.4)

express@3.5.1 node_modules/express
├── methods@0.1.0
├── merge-descriptors@0.0.2
├── debug@0.8.0
├── cookie-signature@1.0.3
├── range-parser@1.0.0
├── fresh@0.2.2
├── buffer-crc32@0.2.1
├── cookie@0.1.1
├── mkdirp@0.3.5
├── send@0.2.0 (mime@1.2.11)
├── commander@1.3.2 (keypress@0.1.0)
└── connect@2.14.1 (response-time@1.0.0, pause@0.0.1, connect-timeout@1.0.0, method-override@1.0.0, static-favicon@1.0.0, vhost@1.0.0, qs@0.6.6, morgan@1.0.0, serve-static@1.0.2, basic-auth-connect@1.0.0, bytes@0.2.1, raw-body@1.1.3, errorhandler@1.0.0, csurf@1.0.0, cookie-parser@1.0.1, express-session@1.0.2, compression@1.0.0, serve-index@1.0.1, multiparty@2.2.0)

http-sync@0.0.4 node_modules/http-sync
Listening at http://localhost:1337
