# Logfile created on 2014-04-05 16:10:26 +0200 by logger.rb/44203
I, [2014-04-05T16:10:26.823953 #19480]  INFO -- : Reseting R3T to origin/master
I, [2014-04-05T16:10:28.514367 #19480]  INFO -- : Reseting Mr Bazinga to origin/master
I, [2014-04-05T16:10:30.454813 #19480]  INFO -- : Reseting NoCo to origin/master
I, [2014-04-05T16:10:31.449002 #19480]  INFO -- : Connected R3T at http://localhost:8080/
I, [2014-04-05T16:10:31.451537 #19480]  INFO -- : Connected Mr Bazinga at http://localhost:1337/
I, [2014-04-05T16:10:31.456197 #19480]  INFO -- : Connected NoCo at http://localhost:8000/player_service.php
E, [2014-04-05T16:10:31.457212 #19480] ERROR -- : Connection refused - connect(2) for "localhost" port 8080
E, [2014-04-05T16:10:31.457342 #19480] ERROR -- : Player R3T is unreachable
I, [2014-04-05T16:10:31.457442 #19480]  INFO -- : Waiting for players to start
E, [2014-04-05T16:10:32.465541 #19480] ERROR -- : Connection refused - connect(2) for "localhost" port 8080
E, [2014-04-05T16:10:32.465697 #19480] ERROR -- : Player R3T is unreachable
I, [2014-04-05T16:10:32.465779 #19480]  INFO -- : Waiting for players to start
E, [2014-04-05T16:10:33.466297 #19480] ERROR -- : Connection refused - connect(2) for "localhost" port 8080
E, [2014-04-05T16:10:33.466411 #19480] ERROR -- : Player R3T is unreachable
I, [2014-04-05T16:10:33.466459 #19480]  INFO -- : Waiting for players to start
E, [2014-04-05T16:10:34.467113 #19480] ERROR -- : Connection refused - connect(2) for "localhost" port 8080
E, [2014-04-05T16:10:34.467267 #19480] ERROR -- : Player R3T is unreachable
I, [2014-04-05T16:10:34.467364 #19480]  INFO -- : Waiting for players to start
E, [2014-04-05T16:10:35.467998 #19480] ERROR -- : Connection refused - connect(2) for "localhost" port 8080
E, [2014-04-05T16:10:35.468154 #19480] ERROR -- : Player R3T is unreachable
I, [2014-04-05T16:10:35.468243 #19480]  INFO -- : Waiting for players to start
E, [2014-04-05T16:10:36.468918 #19480] ERROR -- : Connection refused - connect(2) for "localhost" port 8080
E, [2014-04-05T16:10:36.469072 #19480] ERROR -- : Player R3T is unreachable
I, [2014-04-05T16:10:36.469171 #19480]  INFO -- : Waiting for players to start
E, [2014-04-05T16:10:37.478338 #19480] ERROR -- : Connection refused - connect(2) for "localhost" port 8080
E, [2014-04-05T16:10:37.478644 #19480] ERROR -- : Player R3T is unreachable
I, [2014-04-05T16:10:37.478819 #19480]  INFO -- : Waiting for players to start
E, [2014-04-05T16:10:38.496189 #19480] ERROR -- : Connection refused - connect(2) for "localhost" port 8080
E, [2014-04-05T16:10:38.496502 #19480] ERROR -- : Player R3T is unreachable
I, [2014-04-05T16:10:38.496682 #19480]  INFO -- : Waiting for players to start
E, [2014-04-05T16:10:39.497375 #19480] ERROR -- : Connection refused - connect(2) for "localhost" port 8080
E, [2014-04-05T16:10:39.498128 #19480] ERROR -- : Player R3T is unreachable
I, [2014-04-05T16:10:39.498289 #19480]  INFO -- : Waiting for players to start
E, [2014-04-05T16:10:40.498926 #19480] ERROR -- : Connection refused - connect(2) for "localhost" port 8080
E, [2014-04-05T16:10:40.499269 #19480] ERROR -- : Player R3T is unreachable
I, [2014-04-05T16:10:40.499427 #19480]  INFO -- : Waiting for players to start
E, [2014-04-05T16:10:41.500276 #19480] ERROR -- : Connection refused - connect(2) for "localhost" port 8080
E, [2014-04-05T16:10:41.500453 #19480] ERROR -- : Player R3T is unreachable
I, [2014-04-05T16:10:41.500623 #19480]  INFO -- : Waiting for players to start
E, [2014-04-05T16:10:42.501233 #19480] ERROR -- : Connection refused - connect(2) for "localhost" port 8080
E, [2014-04-05T16:10:42.501378 #19480] ERROR -- : Player R3T is unreachable
I, [2014-04-05T16:10:42.501479 #19480]  INFO -- : Waiting for players to start
E, [2014-04-05T16:10:43.502036 #19480] ERROR -- : Connection refused - connect(2) for "localhost" port 8080
E, [2014-04-05T16:10:43.502179 #19480] ERROR -- : Player R3T is unreachable
I, [2014-04-05T16:10:43.502291 #19480]  INFO -- : Waiting for players to start
E, [2014-04-05T16:10:44.502917 #19480] ERROR -- : Connection refused - connect(2) for "localhost" port 8080
E, [2014-04-05T16:10:44.503083 #19480] ERROR -- : Player R3T is unreachable
I, [2014-04-05T16:10:44.503192 #19480]  INFO -- : Waiting for players to start
E, [2014-04-05T16:10:45.503805 #19480] ERROR -- : Connection refused - connect(2) for "localhost" port 8080
E, [2014-04-05T16:10:45.504012 #19480] ERROR -- : Player R3T is unreachable
I, [2014-04-05T16:10:45.504113 #19480]  INFO -- : Waiting for players to start
E, [2014-04-05T16:10:47.006625 #19480] ERROR -- : Net::ReadTimeout
E, [2014-04-05T16:10:47.006768 #19480] ERROR -- : Player R3T is unreachable
I, [2014-04-05T16:10:47.006828 #19480]  INFO -- : Waiting for players to start
I, [2014-04-05T16:10:48.012876 #19480]  INFO -- : Player R3T responded with  (200)
I, [2014-04-05T16:10:48.032321 #19480]  INFO -- : Player Mr Bazinga responded with OK (200)
I, [2014-04-05T16:10:48.035233 #19480]  INFO -- : Player NoCo responded with  (200)
I, [2014-04-05T16:10:48.035556 #19480]  INFO -- : Players are running
I, [2014-04-05T16:10:48.055226 #19480]  INFO -- : Player R3T responded with v0.42 (200)
I, [2014-04-05T16:10:48.059847 #19480]  INFO -- : Player Mr Bazinga responded with Super AI 1.0 (200)
I, [2014-04-05T16:10:48.062897 #19480]  INFO -- : Player NoCo responded with NoCo1607 (200)
I, [2014-04-05T16:10:48.063262 #19480]  INFO -- : Mr Bazinga received hole_card 10 of Spades
I, [2014-04-05T16:10:48.063530 #19480]  INFO -- : NoCo received hole_card 6 of Hearts
I, [2014-04-05T16:10:48.063750 #19480]  INFO -- : R3T received hole_card 3 of Hearts
I, [2014-04-05T16:10:48.063989 #19480]  INFO -- : Mr Bazinga received hole_card Jack of Clubs
I, [2014-04-05T16:10:48.064232 #19480]  INFO -- : NoCo received hole_card 5 of Hearts
I, [2014-04-05T16:10:48.064428 #19480]  INFO -- : R3T received hole_card 2 of Diamonds
I, [2014-04-05T16:10:48.066520 #19480]  INFO -- : Mr Bazinga made a bet of 10 (raise) and is left with 990 chips. The pot now contains 10 chips.
I, [2014-04-05T16:10:48.067004 #19480]  INFO -- : NoCo made a bet of 20 (raise) and is left with 980 chips. The pot now contains 30 chips.
I, [2014-04-05T16:10:48.139975 #19480]  INFO -- : Player R3T responded with 0 (200)
I, [2014-04-05T16:10:48.140380 #19480]  INFO -- : R3T made a bet of 0 (fold) and is left with 1000 chips. The pot now contains 30 chips.
I, [2014-04-05T16:10:48.144292 #19480]  INFO -- : Player Mr Bazinga responded with 0 (200)
I, [2014-04-05T16:10:48.144653 #19480]  INFO -- : Mr Bazinga made a bet of 0 (fold) and is left with 990 chips. The pot now contains 30 chips.
I, [2014-04-05T16:10:48.148155 #19480]  INFO -- : Player NoCo responded with 20 (200)
I, [2014-04-05T16:10:48.148592 #19480]  INFO -- : NoCo made a bet of 20 (raise) and is left with 960 chips. The pot now contains 50 chips.
I, [2014-04-05T16:10:48.149718 #19480]  INFO -- : NoCo won 50
I, [2014-04-05T16:10:48.153443 #19480]  INFO -- : Player R3T responded with  (200)
I, [2014-04-05T16:10:48.155722 #19480]  INFO -- : Player Mr Bazinga responded with OK (200)
I, [2014-04-05T16:10:48.158029 #19480]  INFO -- : Player NoCo responded with  (200)
I, [2014-04-05T16:10:48.158538 #19480]  INFO -- : NoCo received hole_card 8 of Spades
I, [2014-04-05T16:10:48.158806 #19480]  INFO -- : R3T received hole_card 2 of Spades
I, [2014-04-05T16:10:48.159110 #19480]  INFO -- : Mr Bazinga received hole_card 7 of Diamonds
I, [2014-04-05T16:10:48.159418 #19480]  INFO -- : NoCo received hole_card 4 of Spades
I, [2014-04-05T16:10:48.159715 #19480]  INFO -- : R3T received hole_card 6 of Hearts
I, [2014-04-05T16:10:48.160011 #19480]  INFO -- : Mr Bazinga received hole_card 2 of Hearts
I, [2014-04-05T16:10:48.160577 #19480]  INFO -- : NoCo made a bet of 10 (raise) and is left with 1000 chips. The pot now contains 10 chips.
I, [2014-04-05T16:10:48.160983 #19480]  INFO -- : R3T made a bet of 20 (raise) and is left with 980 chips. The pot now contains 30 chips.
I, [2014-04-05T16:10:48.164049 #19480]  INFO -- : Player Mr Bazinga responded with 0 (200)
I, [2014-04-05T16:10:48.164418 #19480]  INFO -- : Mr Bazinga made a bet of 0 (fold) and is left with 990 chips. The pot now contains 30 chips.
I, [2014-04-05T16:10:48.166673 #19480]  INFO -- : Player NoCo responded with 0 (200)
I, [2014-04-05T16:10:48.166923 #19480]  INFO -- : NoCo made a bet of 0 (fold) and is left with 1000 chips. The pot now contains 30 chips.
I, [2014-04-05T16:10:48.170154 #19480]  INFO -- : Player R3T responded with 0 (200)
I, [2014-04-05T16:10:48.170466 #19480]  INFO -- : R3T made a bet of 0 (check) and is left with 980 chips. The pot now contains 30 chips.
I, [2014-04-05T16:10:48.171089 #19480]  INFO -- : R3T won 30
I, [2014-04-05T16:10:48.174740 #19480]  INFO -- : Player R3T responded with  (200)
I, [2014-04-05T16:10:48.180928 #19480]  INFO -- : Player Mr Bazinga responded with OK (200)
I, [2014-04-05T16:10:48.183663 #19480]  INFO -- : Player NoCo responded with  (200)
I, [2014-04-05T16:10:48.184154 #19480]  INFO -- : R3T received hole_card 4 of Clubs
I, [2014-04-05T16:10:48.184436 #19480]  INFO -- : Mr Bazinga received hole_card 8 of Clubs
I, [2014-04-05T16:10:48.184715 #19480]  INFO -- : NoCo received hole_card 10 of Diamonds
I, [2014-04-05T16:10:48.185017 #19480]  INFO -- : R3T received hole_card 3 of Diamonds
I, [2014-04-05T16:10:48.185277 #19480]  INFO -- : Mr Bazinga received hole_card 9 of Diamonds
I, [2014-04-05T16:10:48.185593 #19480]  INFO -- : NoCo received hole_card Jack of Spades
I, [2014-04-05T16:10:48.186149 #19480]  INFO -- : R3T made a bet of 10 (raise) and is left with 1000 chips. The pot now contains 10 chips.
I, [2014-04-05T16:10:48.186607 #19480]  INFO -- : Mr Bazinga made a bet of 20 (raise) and is left with 970 chips. The pot now contains 30 chips.
I, [2014-04-05T16:10:48.189617 #19480]  INFO -- : Player NoCo responded with 80 (200)
I, [2014-04-05T16:10:48.190105 #19480]  INFO -- : NoCo made a bet of 80 (raise) and is left with 920 chips. The pot now contains 110 chips.
I, [2014-04-05T16:10:48.196415 #19480]  INFO -- : Player R3T responded with 0 (200)
I, [2014-04-05T16:10:48.196765 #19480]  INFO -- : R3T made a bet of 0 (fold) and is left with 1000 chips. The pot now contains 110 chips.
I, [2014-04-05T16:10:48.199810 #19480]  INFO -- : Player Mr Bazinga responded with 0 (200)
I, [2014-04-05T16:10:48.200397 #19480]  INFO -- : Mr Bazinga made a bet of 0 (fold) and is left with 970 chips. The pot now contains 110 chips.
I, [2014-04-05T16:10:48.201135 #19480]  INFO -- : NoCo won 110
I, [2014-04-05T16:10:48.206752 #19480]  INFO -- : Player R3T responded with  (200)
I, [2014-04-05T16:10:48.210902 #19480]  INFO -- : Player Mr Bazinga responded with OK (200)
I, [2014-04-05T16:10:48.213599 #19480]  INFO -- : Player NoCo responded with  (200)
I, [2014-04-05T16:10:48.214070 #19480]  INFO -- : Mr Bazinga received hole_card 3 of Diamonds
I, [2014-04-05T16:10:48.214373 #19480]  INFO -- : NoCo received hole_card 9 of Diamonds
I, [2014-04-05T16:10:48.214702 #19480]  INFO -- : R3T received hole_card 3 of Clubs
I, [2014-04-05T16:10:48.215031 #19480]  INFO -- : Mr Bazinga received hole_card 5 of Diamonds
I, [2014-04-05T16:10:48.215406 #19480]  INFO -- : NoCo received hole_card 5 of Hearts
I, [2014-04-05T16:10:48.215734 #19480]  INFO -- : R3T received hole_card 8 of Hearts
I, [2014-04-05T16:10:48.216227 #19480]  INFO -- : Mr Bazinga made a bet of 10 (raise) and is left with 960 chips. The pot now contains 10 chips.
I, [2014-04-05T16:10:48.216736 #19480]  INFO -- : NoCo made a bet of 20 (raise) and is left with 1010 chips. The pot now contains 30 chips.
I, [2014-04-05T16:10:48.219854 #19480]  INFO -- : Player R3T responded with 0 (200)
I, [2014-04-05T16:10:48.220210 #19480]  INFO -- : R3T made a bet of 0 (fold) and is left with 1000 chips. The pot now contains 30 chips.
I, [2014-04-05T16:10:48.222705 #19480]  INFO -- : Player Mr Bazinga responded with 0 (200)
I, [2014-04-05T16:10:48.223223 #19480]  INFO -- : Mr Bazinga made a bet of 0 (fold) and is left with 960 chips. The pot now contains 30 chips.
I, [2014-04-05T16:10:48.229038 #19480]  INFO -- : Player NoCo responded with 20 (200)
I, [2014-04-05T16:10:48.229647 #19480]  INFO -- : NoCo made a bet of 20 (raise) and is left with 990 chips. The pot now contains 50 chips.
I, [2014-04-05T16:10:48.231000 #19480]  INFO -- : NoCo won 50
I, [2014-04-05T16:10:48.235276 #19480]  INFO -- : Player R3T responded with  (200)
I, [2014-04-05T16:10:48.239416 #19480]  INFO -- : Player Mr Bazinga responded with OK (200)
I, [2014-04-05T16:10:48.243187 #19480]  INFO -- : Player NoCo responded with  (200)
I, [2014-04-05T16:10:48.243719 #19480]  INFO -- : NoCo received hole_card 9 of Hearts
I, [2014-04-05T16:10:48.244031 #19480]  INFO -- : R3T received hole_card 2 of Clubs
I, [2014-04-05T16:10:48.244438 #19480]  INFO -- : Mr Bazinga received hole_card 4 of Spades
I, [2014-04-05T16:10:48.244793 #19480]  INFO -- : NoCo received hole_card 2 of Diamonds
I, [2014-04-05T16:10:48.245090 #19480]  INFO -- : R3T received hole_card Queen of Diamonds
I, [2014-04-05T16:10:48.245520 #19480]  INFO -- : Mr Bazinga received hole_card 3 of Diamonds
I, [2014-04-05T16:10:48.246295 #19480]  INFO -- : NoCo made a bet of 10 (raise) and is left with 1030 chips. The pot now contains 10 chips.
I, [2014-04-05T16:10:48.246809 #19480]  INFO -- : R3T made a bet of 20 (raise) and is left with 980 chips. The pot now contains 30 chips.
I, [2014-04-05T16:10:48.249474 #19480]  INFO -- : Player Mr Bazinga responded with 0 (200)
I, [2014-04-05T16:10:48.249710 #19480]  INFO -- : Mr Bazinga made a bet of 0 (fold) and is left with 960 chips. The pot now contains 30 chips.
I, [2014-04-05T16:10:48.251799 #19480]  INFO -- : Player NoCo responded with 0 (200)
I, [2014-04-05T16:10:48.252217 #19480]  INFO -- : NoCo made a bet of 0 (fold) and is left with 1030 chips. The pot now contains 30 chips.
I, [2014-04-05T16:10:48.258875 #19480]  INFO -- : Player R3T responded with 0 (200)
I, [2014-04-05T16:10:48.259258 #19480]  INFO -- : R3T made a bet of 0 (check) and is left with 980 chips. The pot now contains 30 chips.
I, [2014-04-05T16:10:48.259853 #19480]  INFO -- : R3T won 30
I, [2014-04-05T16:10:48.263811 #19480]  INFO -- : Player R3T responded with  (200)
I, [2014-04-05T16:10:48.269576 #19480]  INFO -- : Player Mr Bazinga responded with OK (200)
I, [2014-04-05T16:10:48.273485 #19480]  INFO -- : Player NoCo responded with  (200)
I, [2014-04-05T16:10:48.274516 #19480]  INFO -- : R3T received hole_card 5 of Spades
I, [2014-04-05T16:10:48.275218 #19480]  INFO -- : Mr Bazinga received hole_card Ace of Diamonds
I, [2014-04-05T16:10:48.275725 #19480]  INFO -- : NoCo received hole_card 10 of Diamonds
I, [2014-04-05T16:10:48.276287 #19480]  INFO -- : R3T received hole_card Ace of Clubs
I, [2014-04-05T16:10:48.276502 #19480]  INFO -- : Mr Bazinga received hole_card 8 of Spades
I, [2014-04-05T16:10:48.276681 #19480]  INFO -- : NoCo received hole_card 9 of Hearts
I, [2014-04-05T16:10:48.276999 #19480]  INFO -- : R3T made a bet of 10 (raise) and is left with 1000 chips. The pot now contains 10 chips.
I, [2014-04-05T16:10:48.277265 #19480]  INFO -- : Mr Bazinga made a bet of 20 (raise) and is left with 940 chips. The pot now contains 30 chips.
I, [2014-04-05T16:10:48.280168 #19480]  INFO -- : Player NoCo responded with 80 (200)
I, [2014-04-05T16:10:48.280413 #19480]  INFO -- : NoCo made a bet of 80 (raise) and is left with 950 chips. The pot now contains 110 chips.
I, [2014-04-05T16:10:48.284572 #19480]  INFO -- : Player R3T responded with 0 (200)
I, [2014-04-05T16:10:48.284805 #19480]  INFO -- : R3T made a bet of 0 (fold) and is left with 1000 chips. The pot now contains 110 chips.
I, [2014-04-05T16:10:48.286343 #19480]  INFO -- : Player Mr Bazinga responded with 0 (200)
I, [2014-04-05T16:10:48.286564 #19480]  INFO -- : Mr Bazinga made a bet of 0 (fold) and is left with 940 chips. The pot now contains 110 chips.
I, [2014-04-05T16:10:48.286980 #19480]  INFO -- : NoCo won 110
I, [2014-04-05T16:10:48.290781 #19480]  INFO -- : Player R3T responded with  (200)
I, [2014-04-05T16:10:48.299115 #19480]  INFO -- : Player Mr Bazinga responded with OK (200)
I, [2014-04-05T16:10:48.302553 #19480]  INFO -- : Player NoCo responded with  (200)
I, [2014-04-05T16:10:48.302989 #19480]  INFO -- : Mr Bazinga received hole_card Ace of Clubs
I, [2014-04-05T16:10:48.303178 #19480]  INFO -- : NoCo received hole_card 7 of Clubs
I, [2014-04-05T16:10:48.303369 #19480]  INFO -- : R3T received hole_card 9 of Hearts
I, [2014-04-05T16:10:48.303698 #19480]  INFO -- : Mr Bazinga received hole_card 5 of Clubs
I, [2014-04-05T16:10:48.304205 #19480]  INFO -- : NoCo received hole_card 9 of Clubs
I, [2014-04-05T16:10:48.304552 #19480]  INFO -- : R3T received hole_card Jack of Hearts
I, [2014-04-05T16:10:48.305075 #19480]  INFO -- : Mr Bazinga made a bet of 10 (raise) and is left with 930 chips. The pot now contains 10 chips.
I, [2014-04-05T16:10:48.305446 #19480]  INFO -- : NoCo made a bet of 20 (raise) and is left with 1040 chips. The pot now contains 30 chips.
I, [2014-04-05T16:10:48.310860 #19480]  INFO -- : Player R3T responded with 40 (200)
I, [2014-04-05T16:10:48.311269 #19480]  INFO -- : R3T made a bet of 40 (raise) and is left with 960 chips. The pot now contains 70 chips.
I, [2014-04-05T16:10:48.315561 #19480]  INFO -- : Player Mr Bazinga responded with 50 (200)
I, [2014-04-05T16:10:48.316221 #19480]  INFO -- : Mr Bazinga made a bet of 50 (raise) and is left with 880 chips. The pot now contains 120 chips.
I, [2014-04-05T16:10:48.322672 #19480]  INFO -- : Player NoCo responded with 80 (200)
I, [2014-04-05T16:10:48.323376 #19480]  INFO -- : NoCo made a bet of 80 (raise) and is left with 960 chips. The pot now contains 200 chips.
I, [2014-04-05T16:10:48.327944 #19480]  INFO -- : Player R3T responded with 180 (200)
I, [2014-04-05T16:10:48.328408 #19480]  INFO -- : R3T made a bet of 180 (raise) and is left with 780 chips. The pot now contains 380 chips.
I, [2014-04-05T16:10:48.331619 #19480]  INFO -- : Player Mr Bazinga responded with 280 (200)
I, [2014-04-05T16:10:48.331944 #19480]  INFO -- : Mr Bazinga made a bet of 280 (raise) and is left with 600 chips. The pot now contains 660 chips.
I, [2014-04-05T16:10:48.335340 #19480]  INFO -- : Player NoCo responded with 80 (200)
I, [2014-04-05T16:10:48.335531 #19480]  INFO -- : NoCo made a bet of 0 (fold) and is left with 960 chips. The pot now contains 660 chips.
I, [2014-04-05T16:10:48.340518 #19480]  INFO -- : Player R3T responded with 580 (200)
I, [2014-04-05T16:10:48.341045 #19480]  INFO -- : R3T made a bet of 580 (raise) and is left with 200 chips. The pot now contains 1240 chips.
I, [2014-04-05T16:10:48.346975 #19480]  INFO -- : Player Mr Bazinga responded with 920 (200)
I, [2014-04-05T16:10:48.347212 #19480]  INFO -- : Mr Bazinga made a bet of 600 (allin) and is left with 0 chips. The pot now contains 1840 chips.
I, [2014-04-05T16:10:48.352503 #19480]  INFO -- : Player R3T responded with 1860 (200)
I, [2014-04-05T16:10:48.353253 #19480]  INFO -- : R3T made a bet of 200 (allin) and is left with 0 chips. The pot now contains 2040 chips.
I, [2014-04-05T16:10:48.354022 #19480]  INFO -- : community card 8 of Clubs
I, [2014-04-05T16:10:48.354714 #19480]  INFO -- : community card 2 of Spades
I, [2014-04-05T16:10:48.355452 #19480]  INFO -- : community card 7 of Diamonds
I, [2014-04-05T16:10:48.356249 #19480]  INFO -- : community card 4 of Hearts
I, [2014-04-05T16:10:48.356970 #19480]  INFO -- : community card Jack of Clubs
I, [2014-04-05T16:10:48.359670 #19480]  INFO -- : R3T showed 7 of Diamonds,8 of Clubs,9 of Hearts,Jack of Hearts,Jack of Clubs making a pair
I, [2014-04-05T16:10:48.372602 #19480]  INFO -- : R3T won 2040
I, [2014-04-05T16:10:48.652446 #19480]  INFO -- : Player R3T responded with  (200)
I, [2014-04-05T16:10:48.659099 #19480]  INFO -- : Player Mr Bazinga responded with OK (200)
I, [2014-04-05T16:10:48.675256 #19480]  INFO -- : Player NoCo responded with  (200)
I, [2014-04-05T16:10:48.675840 #19480]  INFO -- : R3T received hole_card 5 of Clubs
I, [2014-04-05T16:10:48.676283 #19480]  INFO -- : NoCo received hole_card 6 of Diamonds
I, [2014-04-05T16:10:48.676606 #19480]  INFO -- : R3T received hole_card 6 of Hearts
I, [2014-04-05T16:10:48.677138 #19480]  INFO -- : NoCo received hole_card Ace of Clubs
I, [2014-04-05T16:10:48.677710 #19480]  INFO -- : R3T made a bet of 10 (raise) and is left with 2030 chips. The pot now contains 10 chips.
I, [2014-04-05T16:10:48.678193 #19480]  INFO -- : NoCo made a bet of 20 (raise) and is left with 940 chips. The pot now contains 30 chips.
I, [2014-04-05T16:10:48.684279 #19480]  INFO -- : Player R3T responded with 0 (200)
I, [2014-04-05T16:10:48.685128 #19480]  INFO -- : R3T made a bet of 0 (fold) and is left with 2030 chips. The pot now contains 30 chips.
I, [2014-04-05T16:10:48.686506 #19480]  INFO -- : NoCo won 30
I, [2014-04-05T16:10:48.692356 #19480]  INFO -- : Player R3T responded with  (200)
I, [2014-04-05T16:10:48.694044 #19480]  INFO -- : Player Mr Bazinga responded with OK (200)
I, [2014-04-05T16:10:48.695735 #19480]  INFO -- : Player NoCo responded with  (200)
I, [2014-04-05T16:10:48.696123 #19480]  INFO -- : NoCo received hole_card King of Hearts
I, [2014-04-05T16:10:48.696353 #19480]  INFO -- : R3T received hole_card 5 of Clubs
I, [2014-04-05T16:10:48.696633 #19480]  INFO -- : NoCo received hole_card 9 of Spades
I, [2014-04-05T16:10:48.696853 #19480]  INFO -- : R3T received hole_card Ace of Diamonds
I, [2014-04-05T16:10:48.697234 #19480]  INFO -- : NoCo made a bet of 10 (raise) and is left with 960 chips. The pot now contains 10 chips.
I, [2014-04-05T16:10:48.697537 #19480]  INFO -- : R3T made a bet of 20 (raise) and is left with 2010 chips. The pot now contains 30 chips.
I, [2014-04-05T16:10:48.699680 #19480]  INFO -- : Player NoCo responded with 80 (200)
I, [2014-04-05T16:10:48.699965 #19480]  INFO -- : NoCo made a bet of 80 (raise) and is left with 880 chips. The pot now contains 110 chips.
I, [2014-04-05T16:10:48.704458 #19480]  INFO -- : Player R3T responded with 0 (200)
I, [2014-04-05T16:10:48.704782 #19480]  INFO -- : R3T made a bet of 0 (fold) and is left with 2010 chips. The pot now contains 110 chips.
I, [2014-04-05T16:10:48.705335 #19480]  INFO -- : NoCo won 110
I, [2014-04-05T16:10:48.709215 #19480]  INFO -- : Player R3T responded with  (200)
I, [2014-04-05T16:10:48.711599 #19480]  INFO -- : Player Mr Bazinga responded with OK (200)
I, [2014-04-05T16:10:48.714945 #19480]  INFO -- : Player NoCo responded with  (200)
I, [2014-04-05T16:10:48.715528 #19480]  INFO -- : R3T received hole_card 3 of Spades
I, [2014-04-05T16:10:48.715748 #19480]  INFO -- : NoCo received hole_card Ace of Hearts
I, [2014-04-05T16:10:48.716069 #19480]  INFO -- : R3T received hole_card 2 of Diamonds
I, [2014-04-05T16:10:48.716284 #19480]  INFO -- : NoCo received hole_card 3 of Clubs
I, [2014-04-05T16:10:48.716756 #19480]  INFO -- : R3T made a bet of 20 (raise) and is left with 1990 chips. The pot now contains 20 chips.
I, [2014-04-05T16:10:48.717066 #19480]  INFO -- : NoCo made a bet of 40 (raise) and is left with 950 chips. The pot now contains 60 chips.
I, [2014-04-05T16:10:48.722119 #19480]  INFO -- : Player R3T responded with 0 (200)
I, [2014-04-05T16:10:48.722485 #19480]  INFO -- : R3T made a bet of 0 (fold) and is left with 1990 chips. The pot now contains 60 chips.
I, [2014-04-05T16:10:48.723123 #19480]  INFO -- : NoCo won 60
I, [2014-04-05T16:10:48.727021 #19480]  INFO -- : Player R3T responded with  (200)
I, [2014-04-05T16:10:48.729638 #19480]  INFO -- : Player Mr Bazinga responded with OK (200)
I, [2014-04-05T16:10:48.731976 #19480]  INFO -- : Player NoCo responded with  (200)
I, [2014-04-05T16:10:48.732370 #19480]  INFO -- : NoCo received hole_card 6 of Hearts
I, [2014-04-05T16:10:48.732581 #19480]  INFO -- : R3T received hole_card 7 of Clubs
I, [2014-04-05T16:10:48.732764 #19480]  INFO -- : NoCo received hole_card 4 of Spades
I, [2014-04-05T16:10:48.732949 #19480]  INFO -- : R3T received hole_card 7 of Hearts
I, [2014-04-05T16:10:48.733263 #19480]  INFO -- : NoCo made a bet of 20 (raise) and is left with 990 chips. The pot now contains 20 chips.
I, [2014-04-05T16:10:48.733521 #19480]  INFO -- : R3T made a bet of 40 (raise) and is left with 1950 chips. The pot now contains 60 chips.
I, [2014-04-05T16:10:48.735411 #19480]  INFO -- : Player NoCo responded with 0 (200)
I, [2014-04-05T16:10:48.735633 #19480]  INFO -- : NoCo made a bet of 0 (fold) and is left with 990 chips. The pot now contains 60 chips.
I, [2014-04-05T16:10:48.738400 #19480]  INFO -- : Player R3T responded with 60 (200)
I, [2014-04-05T16:10:48.738639 #19480]  INFO -- : R3T made a bet of 60 (raise) and is left with 1890 chips. The pot now contains 120 chips.
I, [2014-04-05T16:10:48.739094 #19480]  INFO -- : R3T won 120
I, [2014-04-05T16:10:48.741457 #19480]  INFO -- : Player R3T responded with  (200)
I, [2014-04-05T16:10:48.745198 #19480]  INFO -- : Player Mr Bazinga responded with OK (200)
I, [2014-04-05T16:10:48.749219 #19480]  INFO -- : Player NoCo responded with  (200)
I, [2014-04-05T16:10:48.749571 #19480]  INFO -- : R3T received hole_card 6 of Spades
I, [2014-04-05T16:10:48.749779 #19480]  INFO -- : NoCo received hole_card 2 of Clubs
I, [2014-04-05T16:10:48.750004 #19480]  INFO -- : R3T received hole_card 8 of Clubs
I, [2014-04-05T16:10:48.750245 #19480]  INFO -- : NoCo received hole_card Ace of Clubs
I, [2014-04-05T16:10:48.750646 #19480]  INFO -- : R3T made a bet of 20 (raise) and is left with 1990 chips. The pot now contains 20 chips.
I, [2014-04-05T16:10:48.751057 #19480]  INFO -- : NoCo made a bet of 40 (raise) and is left with 950 chips. The pot now contains 60 chips.
I, [2014-04-05T16:10:48.754736 #19480]  INFO -- : Player R3T responded with 0 (200)
I, [2014-04-05T16:10:48.754961 #19480]  INFO -- : R3T made a bet of 0 (fold) and is left with 1990 chips. The pot now contains 60 chips.
I, [2014-04-05T16:10:48.755313 #19480]  INFO -- : NoCo won 60
I, [2014-04-05T16:10:48.759588 #19480]  INFO -- : Player R3T responded with  (200)
I, [2014-04-05T16:10:48.762952 #19480]  INFO -- : Player Mr Bazinga responded with OK (200)
I, [2014-04-05T16:10:48.765363 #19480]  INFO -- : Player NoCo responded with  (200)
I, [2014-04-05T16:10:48.765970 #19480]  INFO -- : NoCo received hole_card 5 of Spades
I, [2014-04-05T16:10:48.766312 #19480]  INFO -- : R3T received hole_card King of Diamonds
I, [2014-04-05T16:10:48.766678 #19480]  INFO -- : NoCo received hole_card 4 of Clubs
I, [2014-04-05T16:10:48.767022 #19480]  INFO -- : R3T received hole_card 3 of Hearts
I, [2014-04-05T16:10:48.767571 #19480]  INFO -- : NoCo made a bet of 20 (raise) and is left with 990 chips. The pot now contains 20 chips.
I, [2014-04-05T16:10:48.768097 #19480]  INFO -- : R3T made a bet of 40 (raise) and is left with 1950 chips. The pot now contains 60 chips.
I, [2014-04-05T16:10:48.771948 #19480]  INFO -- : Player NoCo responded with 0 (200)
I, [2014-04-05T16:10:48.772647 #19480]  INFO -- : NoCo made a bet of 0 (fold) and is left with 990 chips. The pot now contains 60 chips.
I, [2014-04-05T16:10:48.778460 #19480]  INFO -- : Player R3T responded with 0 (200)
I, [2014-04-05T16:10:48.779655 #19480]  INFO -- : R3T made a bet of 0 (check) and is left with 1950 chips. The pot now contains 60 chips.
I, [2014-04-05T16:10:48.780266 #19480]  INFO -- : R3T won 60
I, [2014-04-05T16:10:48.782923 #19480]  INFO -- : Player R3T responded with  (200)
I, [2014-04-05T16:10:48.785416 #19480]  INFO -- : Player Mr Bazinga responded with OK (200)
I, [2014-04-05T16:10:48.789387 #19480]  INFO -- : Player NoCo responded with  (200)
I, [2014-04-05T16:10:48.790286 #19480]  INFO -- : R3T received hole_card 5 of Clubs
I, [2014-04-05T16:10:48.790918 #19480]  INFO -- : NoCo received hole_card 10 of Hearts
I, [2014-04-05T16:10:48.791529 #19480]  INFO -- : R3T received hole_card 8 of Clubs
I, [2014-04-05T16:10:48.791910 #19480]  INFO -- : NoCo received hole_card Ace of Hearts
I, [2014-04-05T16:10:48.792210 #19480]  INFO -- : R3T made a bet of 20 (raise) and is left with 1990 chips. The pot now contains 20 chips.
I, [2014-04-05T16:10:48.792746 #19480]  INFO -- : NoCo made a bet of 40 (raise) and is left with 950 chips. The pot now contains 60 chips.
I, [2014-04-05T16:10:48.797776 #19480]  INFO -- : Player R3T responded with 0 (200)
I, [2014-04-05T16:10:48.798431 #19480]  INFO -- : R3T made a bet of 0 (fold) and is left with 1990 chips. The pot now contains 60 chips.
I, [2014-04-05T16:10:48.799544 #19480]  INFO -- : NoCo won 60
I, [2014-04-05T16:10:48.805606 #19480]  INFO -- : Player R3T responded with  (200)
I, [2014-04-05T16:10:48.808537 #19480]  INFO -- : Player Mr Bazinga responded with OK (200)
I, [2014-04-05T16:10:48.813669 #19480]  INFO -- : Player NoCo responded with  (200)
I, [2014-04-05T16:10:48.814591 #19480]  INFO -- : NoCo received hole_card Jack of Spades
I, [2014-04-05T16:10:48.815237 #19480]  INFO -- : R3T received hole_card 9 of Diamonds
I, [2014-04-05T16:10:48.815781 #19480]  INFO -- : NoCo received hole_card 6 of Clubs
I, [2014-04-05T16:10:48.816297 #19480]  INFO -- : R3T received hole_card Ace of Diamonds
I, [2014-04-05T16:10:48.816561 #19480]  INFO -- : NoCo made a bet of 20 (raise) and is left with 990 chips. The pot now contains 20 chips.
I, [2014-04-05T16:10:48.816783 #19480]  INFO -- : R3T made a bet of 40 (raise) and is left with 1950 chips. The pot now contains 60 chips.
I, [2014-04-05T16:10:48.820289 #19480]  INFO -- : Player NoCo responded with 80 (200)
I, [2014-04-05T16:10:48.820462 #19480]  INFO -- : NoCo made a bet of 80 (raise) and is left with 910 chips. The pot now contains 140 chips.
I, [2014-04-05T16:10:48.826024 #19480]  INFO -- : Player R3T responded with 220 (200)
I, [2014-04-05T16:10:48.826213 #19480]  INFO -- : R3T made a bet of 220 (raise) and is left with 1730 chips. The pot now contains 360 chips.
I, [2014-04-05T16:10:48.830226 #19480]  INFO -- : Player NoCo responded with 80 (200)
I, [2014-04-05T16:10:48.830817 #19480]  INFO -- : NoCo made a bet of 0 (fold) and is left with 910 chips. The pot now contains 360 chips.
I, [2014-04-05T16:10:48.831994 #19480]  INFO -- : R3T won 360
I, [2014-04-05T16:10:48.838304 #19480]  INFO -- : Player R3T responded with  (200)
I, [2014-04-05T16:10:48.842980 #19480]  INFO -- : Player Mr Bazinga responded with OK (200)
I, [2014-04-05T16:10:48.844689 #19480]  INFO -- : Player NoCo responded with  (200)
I, [2014-04-05T16:10:48.845005 #19480]  INFO -- : R3T received hole_card Ace of Clubs
I, [2014-04-05T16:10:48.845175 #19480]  INFO -- : NoCo received hole_card 8 of Hearts
I, [2014-04-05T16:10:48.845339 #19480]  INFO -- : R3T received hole_card 3 of Diamonds
I, [2014-04-05T16:10:48.845493 #19480]  INFO -- : NoCo received hole_card Queen of Hearts
I, [2014-04-05T16:10:48.845749 #19480]  INFO -- : R3T made a bet of 20 (raise) and is left with 2070 chips. The pot now contains 20 chips.
I, [2014-04-05T16:10:48.845986 #19480]  INFO -- : NoCo made a bet of 40 (raise) and is left with 870 chips. The pot now contains 60 chips.
I, [2014-04-05T16:10:48.848132 #19480]  INFO -- : Player R3T responded with 0 (200)
I, [2014-04-05T16:10:48.848366 #19480]  INFO -- : R3T made a bet of 0 (fold) and is left with 2070 chips. The pot now contains 60 chips.
I, [2014-04-05T16:10:48.848737 #19480]  INFO -- : NoCo won 60
I, [2014-04-05T16:10:48.852894 #19480]  INFO -- : Player R3T responded with  (200)
I, [2014-04-05T16:10:48.854507 #19480]  INFO -- : Player Mr Bazinga responded with OK (200)
I, [2014-04-05T16:10:48.855994 #19480]  INFO -- : Player NoCo responded with  (200)
I, [2014-04-05T16:10:48.856333 #19480]  INFO -- : NoCo received hole_card Queen of Spades
I, [2014-04-05T16:10:48.856506 #19480]  INFO -- : R3T received hole_card King of Hearts
I, [2014-04-05T16:10:48.856692 #19480]  INFO -- : NoCo received hole_card 9 of Spades
I, [2014-04-05T16:10:48.856893 #19480]  INFO -- : R3T received hole_card 8 of Hearts
I, [2014-04-05T16:10:48.857167 #19480]  INFO -- : NoCo made a bet of 20 (raise) and is left with 910 chips. The pot now contains 20 chips.
I, [2014-04-05T16:10:48.857430 #19480]  INFO -- : R3T made a bet of 40 (raise) and is left with 2030 chips. The pot now contains 60 chips.
I, [2014-04-05T16:10:48.859146 #19480]  INFO -- : Player NoCo responded with 180 (200)
I, [2014-04-05T16:10:48.859316 #19480]  INFO -- : NoCo made a bet of 180 (raise) and is left with 730 chips. The pot now contains 240 chips.
I, [2014-04-05T16:10:48.861729 #19480]  INFO -- : Player R3T responded with 520 (200)
I, [2014-04-05T16:10:48.861978 #19480]  INFO -- : R3T made a bet of 520 (raise) and is left with 1510 chips. The pot now contains 760 chips.
I, [2014-04-05T16:10:48.863662 #19480]  INFO -- : Player NoCo responded with 560 (200)
I, [2014-04-05T16:10:48.863871 #19480]  INFO -- : NoCo made a bet of 360 (call) and is left with 370 chips. The pot now contains 1120 chips.
I, [2014-04-05T16:10:48.864113 #19480]  INFO -- : community card 5 of Clubs
I, [2014-04-05T16:10:48.864288 #19480]  INFO -- : community card 10 of Hearts
I, [2014-04-05T16:10:48.864459 #19480]  INFO -- : community card Jack of Diamonds
E, [2014-04-05T16:10:49.366796 #19480] ERROR -- : Net::ReadTimeout
E, [2014-04-05T16:10:49.367196 #19480] ERROR -- : Player NoCo is unreachable
I, [2014-04-05T16:10:49.367803 #19480]  INFO -- : NoCo made a bet of 0 (check) and is left with 370 chips. The pot now contains 1120 chips.
I, [2014-04-05T16:10:49.459141 #19480]  INFO -- : Player R3T responded with 0 (200)
I, [2014-04-05T16:10:49.459832 #19480]  INFO -- : R3T made a bet of 0 (check) and is left with 1510 chips. The pot now contains 1120 chips.
I, [2014-04-05T16:10:49.460649 #19480]  INFO -- : community card 2 of Hearts
E, [2014-04-05T16:10:49.963915 #19480] ERROR -- : Net::ReadTimeout
E, [2014-04-05T16:10:49.964055 #19480] ERROR -- : Player NoCo is unreachable
I, [2014-04-05T16:10:49.964228 #19480]  INFO -- : NoCo made a bet of 0 (check) and is left with 370 chips. The pot now contains 1120 chips.
I, [2014-04-05T16:10:49.974691 #19480]  INFO -- : Player R3T responded with 0 (200)
I, [2014-04-05T16:10:49.974981 #19480]  INFO -- : R3T made a bet of 0 (check) and is left with 1510 chips. The pot now contains 1120 chips.
I, [2014-04-05T16:10:49.975217 #19480]  INFO -- : community card Jack of Clubs
E, [2014-04-05T16:10:50.477221 #19480] ERROR -- : Net::ReadTimeout
E, [2014-04-05T16:10:50.477591 #19480] ERROR -- : Player NoCo is unreachable
I, [2014-04-05T16:10:50.478166 #19480]  INFO -- : NoCo made a bet of 0 (check) and is left with 370 chips. The pot now contains 1120 chips.
I, [2014-04-05T16:10:50.496371 #19480]  INFO -- : Player R3T responded with 600 (200)
I, [2014-04-05T16:10:50.497014 #19480]  INFO -- : R3T made a bet of 600 (raise) and is left with 910 chips. The pot now contains 1720 chips.
E, [2014-04-05T16:10:51.001949 #19480] ERROR -- : Net::ReadTimeout
E, [2014-04-05T16:10:51.002267 #19480] ERROR -- : Player NoCo is unreachable
I, [2014-04-05T16:10:51.002780 #19480]  INFO -- : NoCo made a bet of 0 (fold) and is left with 370 chips. The pot now contains 1720 chips.
I, [2014-04-05T16:10:51.004103 #19480]  INFO -- : R3T won 1720
I, [2014-04-05T16:10:51.010962 #19480]  INFO -- : Player R3T responded with  (200)
I, [2014-04-05T16:10:51.016247 #19480]  INFO -- : Player Mr Bazinga responded with OK (200)
E, [2014-04-05T16:10:51.519961 #19480] ERROR -- : Net::ReadTimeout
E, [2014-04-05T16:10:51.520435 #19480] ERROR -- : Player NoCo is unreachable
I, [2014-04-05T16:10:51.521140 #19480]  INFO -- : R3T received hole_card 8 of Hearts
I, [2014-04-05T16:10:51.521697 #19480]  INFO -- : NoCo received hole_card 2 of Spades
I, [2014-04-05T16:10:51.522289 #19480]  INFO -- : R3T received hole_card 2 of Diamonds
I, [2014-04-05T16:10:51.522859 #19480]  INFO -- : NoCo received hole_card Jack of Spades
I, [2014-04-05T16:10:51.523713 #19480]  INFO -- : R3T made a bet of 20 (raise) and is left with 2610 chips. The pot now contains 20 chips.
I, [2014-04-05T16:10:51.524480 #19480]  INFO -- : NoCo made a bet of 40 (raise) and is left with 330 chips. The pot now contains 60 chips.
I, [2014-04-05T16:10:51.527650 #19480]  INFO -- : Player R3T responded with 0 (200)
I, [2014-04-05T16:10:51.528138 #19480]  INFO -- : R3T made a bet of 0 (fold) and is left with 2610 chips. The pot now contains 60 chips.
I, [2014-04-05T16:10:51.528670 #19480]  INFO -- : NoCo won 60
I, [2014-04-05T16:10:51.533116 #19480]  INFO -- : Player R3T responded with  (200)
I, [2014-04-05T16:10:51.535288 #19480]  INFO -- : Player Mr Bazinga responded with OK (200)
E, [2014-04-05T16:10:52.037021 #19480] ERROR -- : Net::ReadTimeout
E, [2014-04-05T16:10:52.037203 #19480] ERROR -- : Player NoCo is unreachable
I, [2014-04-05T16:10:52.037676 #19480]  INFO -- : NoCo received hole_card King of Hearts
I, [2014-04-05T16:10:52.038556 #19480]  INFO -- : R3T received hole_card 6 of Diamonds
I, [2014-04-05T16:10:52.039167 #19480]  INFO -- : NoCo received hole_card 10 of Clubs
I, [2014-04-05T16:10:52.039607 #19480]  INFO -- : R3T received hole_card 7 of Clubs
I, [2014-04-05T16:10:52.040652 #19480]  INFO -- : NoCo made a bet of 40 (raise) and is left with 350 chips. The pot now contains 40 chips.
I, [2014-04-05T16:10:52.041533 #19480]  INFO -- : R3T made a bet of 80 (raise) and is left with 2530 chips. The pot now contains 120 chips.
E, [2014-04-05T16:10:52.545197 #19480] ERROR -- : Net::ReadTimeout
E, [2014-04-05T16:10:52.545361 #19480] ERROR -- : Player NoCo is unreachable
I, [2014-04-05T16:10:52.545544 #19480]  INFO -- : NoCo made a bet of 0 (fold) and is left with 350 chips. The pot now contains 120 chips.
I, [2014-04-05T16:10:52.548530 #19480]  INFO -- : Player R3T responded with 0 (200)
I, [2014-04-05T16:10:52.548879 #19480]  INFO -- : R3T made a bet of 0 (check) and is left with 2530 chips. The pot now contains 120 chips.
I, [2014-04-05T16:10:52.549317 #19480]  INFO -- : R3T won 120
I, [2014-04-05T16:10:52.552289 #19480]  INFO -- : Player R3T responded with  (200)
I, [2014-04-05T16:10:52.554252 #19480]  INFO -- : Player Mr Bazinga responded with OK (200)
E, [2014-04-05T16:10:53.056068 #19480] ERROR -- : Net::ReadTimeout
E, [2014-04-05T16:10:53.056192 #19480] ERROR -- : Player NoCo is unreachable
I, [2014-04-05T16:10:53.056467 #19480]  INFO -- : R3T received hole_card Ace of Clubs
I, [2014-04-05T16:10:53.056630 #19480]  INFO -- : NoCo received hole_card Queen of Clubs
I, [2014-04-05T16:10:53.056776 #19480]  INFO -- : R3T received hole_card 6 of Diamonds
I, [2014-04-05T16:10:53.056932 #19480]  INFO -- : NoCo received hole_card Jack of Clubs
I, [2014-04-05T16:10:53.057175 #19480]  INFO -- : R3T made a bet of 40 (raise) and is left with 2610 chips. The pot now contains 40 chips.
I, [2014-04-05T16:10:53.057416 #19480]  INFO -- : NoCo made a bet of 80 (raise) and is left with 270 chips. The pot now contains 120 chips.
I, [2014-04-05T16:10:53.062979 #19480]  INFO -- : Player R3T responded with 0 (200)
I, [2014-04-05T16:10:53.063448 #19480]  INFO -- : R3T made a bet of 0 (fold) and is left with 2610 chips. The pot now contains 120 chips.
I, [2014-04-05T16:10:53.064263 #19480]  INFO -- : NoCo won 120
I, [2014-04-05T16:10:53.068659 #19480]  INFO -- : Player R3T responded with  (200)
I, [2014-04-05T16:10:53.074846 #19480]  INFO -- : Player Mr Bazinga responded with OK (200)
E, [2014-04-05T16:10:53.577722 #19480] ERROR -- : Net::ReadTimeout
E, [2014-04-05T16:10:53.578046 #19480] ERROR -- : Player NoCo is unreachable
I, [2014-04-05T16:10:53.578885 #19480]  INFO -- : NoCo received hole_card Ace of Clubs
I, [2014-04-05T16:10:53.579430 #19480]  INFO -- : R3T received hole_card 3 of Clubs
I, [2014-04-05T16:10:53.580015 #19480]  INFO -- : NoCo received hole_card 4 of Diamonds
I, [2014-04-05T16:10:53.580661 #19480]  INFO -- : R3T received hole_card 6 of Diamonds
I, [2014-04-05T16:10:53.581728 #19480]  INFO -- : NoCo made a bet of 40 (raise) and is left with 350 chips. The pot now contains 40 chips.
I, [2014-04-05T16:10:53.582577 #19480]  INFO -- : R3T made a bet of 80 (raise) and is left with 2530 chips. The pot now contains 120 chips.
E, [2014-04-05T16:10:54.086493 #19480] ERROR -- : Net::ReadTimeout
E, [2014-04-05T16:10:54.086797 #19480] ERROR -- : Player NoCo is unreachable
I, [2014-04-05T16:10:54.087245 #19480]  INFO -- : NoCo made a bet of 0 (fold) and is left with 350 chips. The pot now contains 120 chips.
I, [2014-04-05T16:10:54.095000 #19480]  INFO -- : Player R3T responded with 0 (200)
I, [2014-04-05T16:10:54.096091 #19480]  INFO -- : R3T made a bet of 0 (check) and is left with 2530 chips. The pot now contains 120 chips.
I, [2014-04-05T16:10:54.098186 #19480]  INFO -- : R3T won 120
I, [2014-04-05T16:10:54.107908 #19480]  INFO -- : Player R3T responded with  (200)
I, [2014-04-05T16:10:54.110244 #19480]  INFO -- : Player Mr Bazinga responded with OK (200)
I, [2014-04-05T16:10:54.162480 #19480]  INFO -- : Player NoCo responded with  (200)
I, [2014-04-05T16:10:54.163187 #19480]  INFO -- : R3T received hole_card Queen of Diamonds
I, [2014-04-05T16:10:54.163578 #19480]  INFO -- : NoCo received hole_card 4 of Clubs
I, [2014-04-05T16:10:54.163890 #19480]  INFO -- : R3T received hole_card 8 of Hearts
I, [2014-04-05T16:10:54.164473 #19480]  INFO -- : NoCo received hole_card 5 of Clubs
I, [2014-04-05T16:10:54.165347 #19480]  INFO -- : R3T made a bet of 40 (raise) and is left with 2610 chips. The pot now contains 40 chips.
I, [2014-04-05T16:10:54.166325 #19480]  INFO -- : NoCo made a bet of 80 (raise) and is left with 270 chips. The pot now contains 120 chips.
I, [2014-04-05T16:10:54.172899 #19480]  INFO -- : Player R3T responded with 0 (200)
I, [2014-04-05T16:10:54.173531 #19480]  INFO -- : R3T made a bet of 0 (fold) and is left with 2610 chips. The pot now contains 120 chips.
I, [2014-04-05T16:10:54.174653 #19480]  INFO -- : NoCo won 120
I, [2014-04-05T16:10:54.180023 #19480]  INFO -- : Player R3T responded with  (200)
I, [2014-04-05T16:10:54.186101 #19480]  INFO -- : Player Mr Bazinga responded with OK (200)
I, [2014-04-05T16:10:54.191263 #19480]  INFO -- : Player NoCo responded with  (200)
I, [2014-04-05T16:10:54.192277 #19480]  INFO -- : NoCo received hole_card 10 of Clubs
I, [2014-04-05T16:10:54.192909 #19480]  INFO -- : R3T received hole_card King of Hearts
I, [2014-04-05T16:10:54.193528 #19480]  INFO -- : NoCo received hole_card King of Spades
I, [2014-04-05T16:10:54.194293 #19480]  INFO -- : R3T received hole_card 8 of Clubs
I, [2014-04-05T16:10:54.195193 #19480]  INFO -- : NoCo made a bet of 40 (raise) and is left with 350 chips. The pot now contains 40 chips.
I, [2014-04-05T16:10:54.196308 #19480]  INFO -- : R3T made a bet of 80 (raise) and is left with 2530 chips. The pot now contains 120 chips.
I, [2014-04-05T16:10:54.202869 #19480]  INFO -- : Player NoCo responded with 180 (200)
I, [2014-04-05T16:10:54.203657 #19480]  INFO -- : NoCo made a bet of 180 (raise) and is left with 170 chips. The pot now contains 300 chips.
I, [2014-04-05T16:10:54.207906 #19480]  INFO -- : Player R3T responded with 0 (200)
I, [2014-04-05T16:10:54.208217 #19480]  INFO -- : R3T made a bet of 0 (fold) and is left with 2530 chips. The pot now contains 300 chips.
I, [2014-04-05T16:10:54.209198 #19480]  INFO -- : NoCo won 300
I, [2014-04-05T16:10:54.213410 #19480]  INFO -- : Player R3T responded with  (200)
I, [2014-04-05T16:10:54.216700 #19480]  INFO -- : Player Mr Bazinga responded with OK (200)
I, [2014-04-05T16:10:54.219235 #19480]  INFO -- : Player NoCo responded with  (200)
I, [2014-04-05T16:10:54.219506 #19480]  INFO -- : R3T received hole_card 5 of Clubs
I, [2014-04-05T16:10:54.219683 #19480]  INFO -- : NoCo received hole_card 2 of Diamonds
I, [2014-04-05T16:10:54.219855 #19480]  INFO -- : R3T received hole_card 9 of Clubs
I, [2014-04-05T16:10:54.220024 #19480]  INFO -- : NoCo received hole_card King of Diamonds
I, [2014-04-05T16:10:54.220349 #19480]  INFO -- : R3T made a bet of 40 (raise) and is left with 2490 chips. The pot now contains 40 chips.
I, [2014-04-05T16:10:54.220588 #19480]  INFO -- : NoCo made a bet of 80 (raise) and is left with 390 chips. The pot now contains 120 chips.
I, [2014-04-05T16:10:54.223744 #19480]  INFO -- : Player R3T responded with 0 (200)
I, [2014-04-05T16:10:54.223981 #19480]  INFO -- : R3T made a bet of 0 (fold) and is left with 2490 chips. The pot now contains 120 chips.
I, [2014-04-05T16:10:54.224404 #19480]  INFO -- : NoCo won 120
I, [2014-04-05T16:10:54.227575 #19480]  INFO -- : Player R3T responded with  (200)
I, [2014-04-05T16:10:54.229946 #19480]  INFO -- : Player Mr Bazinga responded with OK (200)
I, [2014-04-05T16:10:54.232834 #19480]  INFO -- : Player NoCo responded with  (200)
I, [2014-04-05T16:10:54.233495 #19480]  INFO -- : NoCo received hole_card 5 of Hearts
I, [2014-04-05T16:10:54.233910 #19480]  INFO -- : R3T received hole_card King of Spades
I, [2014-04-05T16:10:54.234302 #19480]  INFO -- : NoCo received hole_card 6 of Diamonds
I, [2014-04-05T16:10:54.234796 #19480]  INFO -- : R3T received hole_card 5 of Diamonds
I, [2014-04-05T16:10:54.235408 #19480]  INFO -- : NoCo made a bet of 40 (raise) and is left with 470 chips. The pot now contains 40 chips.
I, [2014-04-05T16:10:54.235982 #19480]  INFO -- : R3T made a bet of 80 (raise) and is left with 2410 chips. The pot now contains 120 chips.
I, [2014-04-05T16:10:54.239242 #19480]  INFO -- : Player NoCo responded with 0 (200)
I, [2014-04-05T16:10:54.239934 #19480]  INFO -- : NoCo made a bet of 0 (fold) and is left with 470 chips. The pot now contains 120 chips.
I, [2014-04-05T16:10:54.244916 #19480]  INFO -- : Player R3T responded with 0 (200)
I, [2014-04-05T16:10:54.245284 #19480]  INFO -- : R3T made a bet of 0 (check) and is left with 2410 chips. The pot now contains 120 chips.
I, [2014-04-05T16:10:54.245760 #19480]  INFO -- : R3T won 120
I, [2014-04-05T16:10:54.251442 #19480]  INFO -- : Player R3T responded with  (200)
I, [2014-04-05T16:10:54.254771 #19480]  INFO -- : Player Mr Bazinga responded with OK (200)
I, [2014-04-05T16:10:54.259375 #19480]  INFO -- : Player NoCo responded with  (200)
I, [2014-04-05T16:10:54.260402 #19480]  INFO -- : R3T received hole_card 5 of Spades
I, [2014-04-05T16:10:54.261970 #19480]  INFO -- : NoCo received hole_card 5 of Hearts
I, [2014-04-05T16:10:54.262598 #19480]  INFO -- : R3T received hole_card King of Diamonds
I, [2014-04-05T16:10:54.263228 #19480]  INFO -- : NoCo received hole_card Jack of Spades
I, [2014-04-05T16:10:54.264274 #19480]  INFO -- : R3T made a bet of 40 (raise) and is left with 2490 chips. The pot now contains 40 chips.
I, [2014-04-05T16:10:54.264514 #19480]  INFO -- : NoCo made a bet of 80 (raise) and is left with 390 chips. The pot now contains 120 chips.
I, [2014-04-05T16:10:54.267235 #19480]  INFO -- : Player R3T responded with 0 (200)
I, [2014-04-05T16:10:54.267603 #19480]  INFO -- : R3T made a bet of 0 (fold) and is left with 2490 chips. The pot now contains 120 chips.
I, [2014-04-05T16:10:54.268035 #19480]  INFO -- : NoCo won 120
I, [2014-04-05T16:10:54.274418 #19480]  INFO -- : Player R3T responded with  (200)
I, [2014-04-05T16:10:54.277862 #19480]  INFO -- : Player Mr Bazinga responded with OK (200)
I, [2014-04-05T16:10:54.279550 #19480]  INFO -- : Player NoCo responded with  (200)
I, [2014-04-05T16:10:54.279841 #19480]  INFO -- : NoCo received hole_card 2 of Hearts
I, [2014-04-05T16:10:54.280037 #19480]  INFO -- : R3T received hole_card 5 of Diamonds
I, [2014-04-05T16:10:54.280261 #19480]  INFO -- : NoCo received hole_card 5 of Hearts
I, [2014-04-05T16:10:54.280437 #19480]  INFO -- : R3T received hole_card King of Spades
I, [2014-04-05T16:10:54.280741 #19480]  INFO -- : NoCo made a bet of 40 (raise) and is left with 470 chips. The pot now contains 40 chips.
I, [2014-04-05T16:10:54.280988 #19480]  INFO -- : R3T made a bet of 80 (raise) and is left with 2410 chips. The pot now contains 120 chips.
I, [2014-04-05T16:10:54.282659 #19480]  INFO -- : Player NoCo responded with 0 (200)
I, [2014-04-05T16:10:54.283029 #19480]  INFO -- : NoCo made a bet of 0 (fold) and is left with 470 chips. The pot now contains 120 chips.
I, [2014-04-05T16:10:54.285638 #19480]  INFO -- : Player R3T responded with 0 (200)
I, [2014-04-05T16:10:54.285841 #19480]  INFO -- : R3T made a bet of 0 (check) and is left with 2410 chips. The pot now contains 120 chips.
I, [2014-04-05T16:10:54.286160 #19480]  INFO -- : R3T won 120
I, [2014-04-05T16:10:54.287928 #19480]  INFO -- : Player R3T responded with  (200)
I, [2014-04-05T16:10:54.290191 #19480]  INFO -- : Player Mr Bazinga responded with OK (200)
I, [2014-04-05T16:10:54.293511 #19480]  INFO -- : Player NoCo responded with  (200)
I, [2014-04-05T16:10:54.294475 #19480]  INFO -- : R3T received hole_card 4 of Spades
I, [2014-04-05T16:10:54.294973 #19480]  INFO -- : NoCo received hole_card Jack of Clubs
I, [2014-04-05T16:10:54.295338 #19480]  INFO -- : R3T received hole_card Queen of Diamonds
I, [2014-04-05T16:10:54.295757 #19480]  INFO -- : NoCo received hole_card 7 of Hearts
I, [2014-04-05T16:10:54.296753 #19480]  INFO -- : R3T made a bet of 80 (raise) and is left with 2450 chips. The pot now contains 80 chips.
I, [2014-04-05T16:10:54.297417 #19480]  INFO -- : NoCo made a bet of 160 (raise) and is left with 310 chips. The pot now contains 240 chips.
I, [2014-04-05T16:10:54.303222 #19480]  INFO -- : Player R3T responded with 0 (200)
I, [2014-04-05T16:10:54.303578 #19480]  INFO -- : R3T made a bet of 0 (fold) and is left with 2450 chips. The pot now contains 240 chips.
I, [2014-04-05T16:10:54.303974 #19480]  INFO -- : NoCo won 240
I, [2014-04-05T16:10:54.307143 #19480]  INFO -- : Player R3T responded with  (200)
I, [2014-04-05T16:10:54.312413 #19480]  INFO -- : Player Mr Bazinga responded with OK (200)
I, [2014-04-05T16:10:54.315522 #19480]  INFO -- : Player NoCo responded with  (200)
I, [2014-04-05T16:10:54.316548 #19480]  INFO -- : NoCo received hole_card King of Spades
I, [2014-04-05T16:10:54.317135 #19480]  INFO -- : R3T received hole_card King of Clubs
I, [2014-04-05T16:10:54.317699 #19480]  INFO -- : NoCo received hole_card Ace of Diamonds
I, [2014-04-05T16:10:54.318274 #19480]  INFO -- : R3T received hole_card 3 of Diamonds
I, [2014-04-05T16:10:54.319150 #19480]  INFO -- : NoCo made a bet of 80 (raise) and is left with 470 chips. The pot now contains 80 chips.
I, [2014-04-05T16:10:54.319912 #19480]  INFO -- : R3T made a bet of 160 (raise) and is left with 2290 chips. The pot now contains 240 chips.
I, [2014-04-05T16:10:54.322893 #19480]  INFO -- : Player NoCo responded with 470 (200)
I, [2014-04-05T16:10:54.323319 #19480]  INFO -- : NoCo made a bet of 470 (allin) and is left with 0 chips. The pot now contains 710 chips.
I, [2014-04-05T16:10:54.326894 #19480]  INFO -- : Player R3T responded with 0 (200)
I, [2014-04-05T16:10:54.327596 #19480]  INFO -- : R3T made a bet of 0 (fold) and is left with 2290 chips. The pot now contains 710 chips.
I, [2014-04-05T16:10:54.328830 #19480]  INFO -- : NoCo won 710
I, [2014-04-05T16:10:54.335217 #19480]  INFO -- : Player R3T responded with  (200)
I, [2014-04-05T16:10:54.337993 #19480]  INFO -- : Player Mr Bazinga responded with OK (200)
I, [2014-04-05T16:10:54.343447 #19480]  INFO -- : Player NoCo responded with  (200)
I, [2014-04-05T16:10:54.344449 #19480]  INFO -- : R3T received hole_card 3 of Spades
I, [2014-04-05T16:10:54.344966 #19480]  INFO -- : NoCo received hole_card 2 of Clubs
I, [2014-04-05T16:10:54.345527 #19480]  INFO -- : R3T received hole_card Jack of Clubs
I, [2014-04-05T16:10:54.346085 #19480]  INFO -- : NoCo received hole_card 10 of Clubs
I, [2014-04-05T16:10:54.346935 #19480]  INFO -- : R3T made a bet of 80 (raise) and is left with 2210 chips. The pot now contains 80 chips.
I, [2014-04-05T16:10:54.347702 #19480]  INFO -- : NoCo made a bet of 160 (raise) and is left with 550 chips. The pot now contains 240 chips.
I, [2014-04-05T16:10:54.354256 #19480]  INFO -- : Player R3T responded with 0 (200)
I, [2014-04-05T16:10:54.355078 #19480]  INFO -- : R3T made a bet of 0 (fold) and is left with 2210 chips. The pot now contains 240 chips.
I, [2014-04-05T16:10:54.356373 #19480]  INFO -- : NoCo won 240
I, [2014-04-05T16:10:54.362544 #19480]  INFO -- : Player R3T responded with  (200)
I, [2014-04-05T16:10:54.367886 #19480]  INFO -- : Player Mr Bazinga responded with OK (200)
I, [2014-04-05T16:10:54.374080 #19480]  INFO -- : Player NoCo responded with  (200)
I, [2014-04-05T16:10:54.375251 #19480]  INFO -- : NoCo received hole_card 5 of Clubs
I, [2014-04-05T16:10:54.375438 #19480]  INFO -- : R3T received hole_card Ace of Spades
I, [2014-04-05T16:10:54.375641 #19480]  INFO -- : NoCo received hole_card 4 of Clubs
I, [2014-04-05T16:10:54.375962 #19480]  INFO -- : R3T received hole_card King of Clubs
I, [2014-04-05T16:10:54.377273 #19480]  INFO -- : NoCo made a bet of 80 (raise) and is left with 710 chips. The pot now contains 80 chips.
I, [2014-04-05T16:10:54.378649 #19480]  INFO -- : R3T made a bet of 160 (raise) and is left with 2050 chips. The pot now contains 240 chips.
I, [2014-04-05T16:10:54.381764 #19480]  INFO -- : Player NoCo responded with 0 (200)
I, [2014-04-05T16:10:54.382047 #19480]  INFO -- : NoCo made a bet of 0 (fold) and is left with 710 chips. The pot now contains 240 chips.
I, [2014-04-05T16:10:54.384993 #19480]  INFO -- : Player R3T responded with 240 (200)
I, [2014-04-05T16:10:54.385436 #19480]  INFO -- : R3T made a bet of 240 (raise) and is left with 1810 chips. The pot now contains 480 chips.
I, [2014-04-05T16:10:54.386015 #19480]  INFO -- : R3T won 480
I, [2014-04-05T16:10:54.390720 #19480]  INFO -- : Player R3T responded with  (200)
I, [2014-04-05T16:10:54.392591 #19480]  INFO -- : Player Mr Bazinga responded with OK (200)
I, [2014-04-05T16:10:54.394498 #19480]  INFO -- : Player NoCo responded with  (200)
I, [2014-04-05T16:10:54.394813 #19480]  INFO -- : R3T received hole_card 7 of Clubs
I, [2014-04-05T16:10:54.394971 #19480]  INFO -- : NoCo received hole_card 9 of Hearts
I, [2014-04-05T16:10:54.395168 #19480]  INFO -- : R3T received hole_card Queen of Spades
I, [2014-04-05T16:10:54.395347 #19480]  INFO -- : NoCo received hole_card 9 of Clubs
I, [2014-04-05T16:10:54.395656 #19480]  INFO -- : R3T made a bet of 80 (raise) and is left with 2210 chips. The pot now contains 80 chips.
I, [2014-04-05T16:10:54.395965 #19480]  INFO -- : NoCo made a bet of 160 (raise) and is left with 550 chips. The pot now contains 240 chips.
I, [2014-04-05T16:10:54.398921 #19480]  INFO -- : Player R3T responded with 0 (200)
I, [2014-04-05T16:10:54.399171 #19480]  INFO -- : R3T made a bet of 0 (fold) and is left with 2210 chips. The pot now contains 240 chips.
I, [2014-04-05T16:10:54.399548 #19480]  INFO -- : NoCo won 240
I, [2014-04-05T16:10:54.402215 #19480]  INFO -- : Player R3T responded with  (200)
I, [2014-04-05T16:10:54.403950 #19480]  INFO -- : Player Mr Bazinga responded with OK (200)
I, [2014-04-05T16:10:54.407084 #19480]  INFO -- : Player NoCo responded with  (200)
I, [2014-04-05T16:10:54.407535 #19480]  INFO -- : NoCo received hole_card 6 of Clubs
I, [2014-04-05T16:10:54.407801 #19480]  INFO -- : R3T received hole_card 2 of Diamonds
I, [2014-04-05T16:10:54.408076 #19480]  INFO -- : NoCo received hole_card 7 of Hearts
I, [2014-04-05T16:10:54.408360 #19480]  INFO -- : R3T received hole_card Ace of Spades
I, [2014-04-05T16:10:54.408816 #19480]  INFO -- : NoCo made a bet of 80 (raise) and is left with 710 chips. The pot now contains 80 chips.
I, [2014-04-05T16:10:54.409192 #19480]  INFO -- : R3T made a bet of 160 (raise) and is left with 2050 chips. The pot now contains 240 chips.
I, [2014-04-05T16:10:54.411141 #19480]  INFO -- : Player NoCo responded with 0 (200)
I, [2014-04-05T16:10:54.411345 #19480]  INFO -- : NoCo made a bet of 0 (fold) and is left with 710 chips. The pot now contains 240 chips.
I, [2014-04-05T16:10:54.413540 #19480]  INFO -- : Player R3T responded with 0 (200)
I, [2014-04-05T16:10:54.413768 #19480]  INFO -- : R3T made a bet of 0 (check) and is left with 2050 chips. The pot now contains 240 chips.
I, [2014-04-05T16:10:54.414141 #19480]  INFO -- : R3T won 240
I, [2014-04-05T16:10:54.416153 #19480]  INFO -- : Player R3T responded with  (200)
I, [2014-04-05T16:10:54.418788 #19480]  INFO -- : Player Mr Bazinga responded with OK (200)
I, [2014-04-05T16:10:54.420713 #19480]  INFO -- : Player NoCo responded with  (200)
I, [2014-04-05T16:10:54.421056 #19480]  INFO -- : R3T received hole_card 5 of Clubs
I, [2014-04-05T16:10:54.421221 #19480]  INFO -- : NoCo received hole_card Ace of Spades
I, [2014-04-05T16:10:54.421399 #19480]  INFO -- : R3T received hole_card 10 of Clubs
I, [2014-04-05T16:10:54.421553 #19480]  INFO -- : NoCo received hole_card 2 of Clubs
I, [2014-04-05T16:10:54.421979 #19480]  INFO -- : R3T made a bet of 80 (raise) and is left with 2210 chips. The pot now contains 80 chips.
I, [2014-04-05T16:10:54.422714 #19480]  INFO -- : NoCo made a bet of 160 (raise) and is left with 550 chips. The pot now contains 240 chips.
I, [2014-04-05T16:10:54.425698 #19480]  INFO -- : Player R3T responded with 0 (200)
I, [2014-04-05T16:10:54.426030 #19480]  INFO -- : R3T made a bet of 0 (fold) and is left with 2210 chips. The pot now contains 240 chips.
I, [2014-04-05T16:10:54.426807 #19480]  INFO -- : NoCo won 240
I, [2014-04-05T16:10:54.431544 #19480]  INFO -- : Player R3T responded with  (200)
I, [2014-04-05T16:10:54.433979 #19480]  INFO -- : Player Mr Bazinga responded with OK (200)
I, [2014-04-05T16:10:54.439114 #19480]  INFO -- : Player NoCo responded with  (200)
I, [2014-04-05T16:10:54.439449 #19480]  INFO -- : NoCo received hole_card 8 of Diamonds
I, [2014-04-05T16:10:54.439602 #19480]  INFO -- : R3T received hole_card 3 of Spades
I, [2014-04-05T16:10:54.439848 #19480]  INFO -- : NoCo received hole_card Queen of Spades
I, [2014-04-05T16:10:54.440185 #19480]  INFO -- : R3T received hole_card Jack of Diamonds
I, [2014-04-05T16:10:54.440662 #19480]  INFO -- : NoCo made a bet of 80 (raise) and is left with 710 chips. The pot now contains 80 chips.
I, [2014-04-05T16:10:54.441001 #19480]  INFO -- : R3T made a bet of 160 (raise) and is left with 2050 chips. The pot now contains 240 chips.
I, [2014-04-05T16:10:54.443017 #19480]  INFO -- : Player NoCo responded with 80 (200)
I, [2014-04-05T16:10:54.443241 #19480]  INFO -- : NoCo made a bet of 80 (call) and is left with 630 chips. The pot now contains 320 chips.
I, [2014-04-05T16:10:54.445743 #19480]  INFO -- : Player R3T responded with 0 (200)
I, [2014-04-05T16:10:54.446098 #19480]  INFO -- : R3T made a bet of 0 (check) and is left with 2050 chips. The pot now contains 320 chips.
I, [2014-04-05T16:10:54.446439 #19480]  INFO -- : community card 4 of Diamonds
I, [2014-04-05T16:10:54.446630 #19480]  INFO -- : community card 7 of Diamonds
I, [2014-04-05T16:10:54.446873 #19480]  INFO -- : community card 2 of Clubs
E, [2014-04-05T16:10:54.949052 #19480] ERROR -- : Net::ReadTimeout
E, [2014-04-05T16:10:54.949356 #19480] ERROR -- : Player NoCo is unreachable
I, [2014-04-05T16:10:54.949885 #19480]  INFO -- : NoCo made a bet of 0 (check) and is left with 630 chips. The pot now contains 320 chips.
I, [2014-04-05T16:10:55.071946 #19480]  INFO -- : Player R3T responded with 0 (200)
I, [2014-04-05T16:10:55.072291 #19480]  INFO -- : R3T made a bet of 0 (check) and is left with 2050 chips. The pot now contains 320 chips.
I, [2014-04-05T16:10:55.072639 #19480]  INFO -- : community card 10 of Hearts
E, [2014-04-05T16:10:55.574872 #19480] ERROR -- : Net::ReadTimeout
E, [2014-04-05T16:10:55.575199 #19480] ERROR -- : Player NoCo is unreachable
I, [2014-04-05T16:10:55.575738 #19480]  INFO -- : NoCo made a bet of 0 (check) and is left with 630 chips. The pot now contains 320 chips.
I, [2014-04-05T16:10:55.689363 #19480]  INFO -- : Player R3T responded with 0 (200)
I, [2014-04-05T16:10:55.690255 #19480]  INFO -- : R3T made a bet of 0 (check) and is left with 2050 chips. The pot now contains 320 chips.
I, [2014-04-05T16:10:55.690933 #19480]  INFO -- : community card 7 of Spades
E, [2014-04-05T16:10:56.195189 #19480] ERROR -- : Net::ReadTimeout
E, [2014-04-05T16:10:56.195494 #19480] ERROR -- : Player NoCo is unreachable
I, [2014-04-05T16:10:56.196090 #19480]  INFO -- : NoCo made a bet of 0 (check) and is left with 630 chips. The pot now contains 320 chips.
I, [2014-04-05T16:10:56.223510 #19480]  INFO -- : Player R3T responded with 320 (200)
I, [2014-04-05T16:10:56.224119 #19480]  INFO -- : R3T made a bet of 320 (raise) and is left with 1730 chips. The pot now contains 640 chips.
E, [2014-04-05T16:10:56.727166 #19480] ERROR -- : Net::ReadTimeout
E, [2014-04-05T16:10:56.727517 #19480] ERROR -- : Player NoCo is unreachable
I, [2014-04-05T16:10:56.728113 #19480]  INFO -- : NoCo made a bet of 0 (fold) and is left with 630 chips. The pot now contains 640 chips.
I, [2014-04-05T16:10:56.729433 #19480]  INFO -- : R3T won 640
I, [2014-04-05T16:10:56.736459 #19480]  INFO -- : Player R3T responded with  (200)
I, [2014-04-05T16:10:56.742660 #19480]  INFO -- : Player Mr Bazinga responded with OK (200)
E, [2014-04-05T16:10:57.248458 #19480] ERROR -- : Net::ReadTimeout
E, [2014-04-05T16:10:57.248579 #19480] ERROR -- : Player NoCo is unreachable
I, [2014-04-05T16:10:57.248884 #19480]  INFO -- : R3T received hole_card 2 of Hearts
I, [2014-04-05T16:10:57.249078 #19480]  INFO -- : NoCo received hole_card King of Spades
I, [2014-04-05T16:10:57.249282 #19480]  INFO -- : R3T received hole_card 4 of Diamonds
I, [2014-04-05T16:10:57.249433 #19480]  INFO -- : NoCo received hole_card 5 of Hearts
I, [2014-04-05T16:10:57.249706 #19480]  INFO -- : R3T made a bet of 80 (raise) and is left with 2290 chips. The pot now contains 80 chips.
I, [2014-04-05T16:10:57.249960 #19480]  INFO -- : NoCo made a bet of 160 (raise) and is left with 470 chips. The pot now contains 240 chips.
I, [2014-04-05T16:10:57.252596 #19480]  INFO -- : Player R3T responded with 0 (200)
I, [2014-04-05T16:10:57.252959 #19480]  INFO -- : R3T made a bet of 0 (fold) and is left with 2290 chips. The pot now contains 240 chips.
I, [2014-04-05T16:10:57.253442 #19480]  INFO -- : NoCo won 240
I, [2014-04-05T16:10:57.257013 #19480]  INFO -- : Player R3T responded with  (200)
I, [2014-04-05T16:10:57.258650 #19480]  INFO -- : Player Mr Bazinga responded with OK (200)
E, [2014-04-05T16:10:57.760506 #19480] ERROR -- : Net::ReadTimeout
E, [2014-04-05T16:10:57.760843 #19480] ERROR -- : Player NoCo is unreachable
I, [2014-04-05T16:10:57.761673 #19480]  INFO -- : NoCo received hole_card 9 of Spades
I, [2014-04-05T16:10:57.762156 #19480]  INFO -- : R3T received hole_card 9 of Diamonds
I, [2014-04-05T16:10:57.762696 #19480]  INFO -- : NoCo received hole_card 5 of Hearts
I, [2014-04-05T16:10:57.763244 #19480]  INFO -- : R3T received hole_card Queen of Hearts
I, [2014-04-05T16:10:57.764418 #19480]  INFO -- : NoCo made a bet of 160 (raise) and is left with 550 chips. The pot now contains 160 chips.
I, [2014-04-05T16:10:57.765299 #19480]  INFO -- : R3T made a bet of 320 (raise) and is left with 1970 chips. The pot now contains 480 chips.
E, [2014-04-05T16:10:58.269097 #19480] ERROR -- : Net::ReadTimeout
E, [2014-04-05T16:10:58.269451 #19480] ERROR -- : Player NoCo is unreachable
I, [2014-04-05T16:10:58.269954 #19480]  INFO -- : NoCo made a bet of 0 (fold) and is left with 550 chips. The pot now contains 480 chips.
I, [2014-04-05T16:10:58.277475 #19480]  INFO -- : Player R3T responded with 0 (200)
I, [2014-04-05T16:10:58.278254 #19480]  INFO -- : R3T made a bet of 0 (check) and is left with 1970 chips. The pot now contains 480 chips.
I, [2014-04-05T16:10:58.279385 #19480]  INFO -- : R3T won 480
I, [2014-04-05T16:10:58.285140 #19480]  INFO -- : Player R3T responded with  (200)
I, [2014-04-05T16:10:58.288537 #19480]  INFO -- : Player Mr Bazinga responded with OK (200)
E, [2014-04-05T16:10:58.792536 #19480] ERROR -- : Net::ReadTimeout
E, [2014-04-05T16:10:58.792917 #19480] ERROR -- : Player NoCo is unreachable
I, [2014-04-05T16:10:58.793811 #19480]  INFO -- : R3T received hole_card Jack of Hearts
I, [2014-04-05T16:10:58.794452 #19480]  INFO -- : NoCo received hole_card 4 of Clubs
I, [2014-04-05T16:10:58.795064 #19480]  INFO -- : R3T received hole_card 5 of Hearts
I, [2014-04-05T16:10:58.795604 #19480]  INFO -- : NoCo received hole_card Jack of Diamonds
I, [2014-04-05T16:10:58.796697 #19480]  INFO -- : R3T made a bet of 160 (raise) and is left with 2290 chips. The pot now contains 160 chips.
I, [2014-04-05T16:10:58.797651 #19480]  INFO -- : NoCo made a bet of 320 (raise) and is left with 230 chips. The pot now contains 480 chips.
I, [2014-04-05T16:10:58.804580 #19480]  INFO -- : Player R3T responded with 640 (200)
I, [2014-04-05T16:10:58.805276 #19480]  INFO -- : R3T made a bet of 640 (raise) and is left with 1650 chips. The pot now contains 1120 chips.
E, [2014-04-05T16:10:59.308518 #19480] ERROR -- : Net::ReadTimeout
E, [2014-04-05T16:10:59.308652 #19480] ERROR -- : Player NoCo is unreachable
I, [2014-04-05T16:10:59.308859 #19480]  INFO -- : NoCo made a bet of 0 (fold) and is left with 230 chips. The pot now contains 1120 chips.
I, [2014-04-05T16:10:59.309228 #19480]  INFO -- : R3T won 1120
I, [2014-04-05T16:10:59.311396 #19480]  INFO -- : Player R3T responded with  (200)
I, [2014-04-05T16:10:59.313079 #19480]  INFO -- : Player Mr Bazinga responded with OK (200)
E, [2014-04-05T16:10:59.814750 #19480] ERROR -- : Net::ReadTimeout
E, [2014-04-05T16:10:59.814881 #19480] ERROR -- : Player NoCo is unreachable
I, [2014-04-05T16:10:59.815174 #19480]  INFO -- : NoCo received hole_card 5 of Diamonds
I, [2014-04-05T16:10:59.815335 #19480]  INFO -- : R3T received hole_card Queen of Diamonds
I, [2014-04-05T16:10:59.815491 #19480]  INFO -- : NoCo received hole_card 6 of Spades
I, [2014-04-05T16:10:59.815648 #19480]  INFO -- : R3T received hole_card 3 of Hearts
I, [2014-04-05T16:10:59.815896 #19480]  INFO -- : NoCo made a bet of 160 (raise) and is left with 70 chips. The pot now contains 160 chips.
I, [2014-04-05T16:10:59.816127 #19480]  INFO -- : R3T made a bet of 320 (raise) and is left with 2450 chips. The pot now contains 480 chips.
I, [2014-04-05T16:10:59.971816 #19480]  INFO -- : Player NoCo responded with 0 (200)
I, [2014-04-05T16:10:59.972128 #19480]  INFO -- : NoCo made a bet of 0 (fold) and is left with 70 chips. The pot now contains 480 chips.
I, [2014-04-05T16:10:59.975520 #19480]  INFO -- : Player R3T responded with 0 (200)
I, [2014-04-05T16:10:59.975824 #19480]  INFO -- : R3T made a bet of 0 (check) and is left with 2450 chips. The pot now contains 480 chips.
I, [2014-04-05T16:10:59.976368 #19480]  INFO -- : R3T won 480
I, [2014-04-05T16:10:59.979019 #19480]  INFO -- : Player R3T responded with  (200)
I, [2014-04-05T16:10:59.980716 #19480]  INFO -- : Player Mr Bazinga responded with OK (200)
I, [2014-04-05T16:10:59.983712 #19480]  INFO -- : Player NoCo responded with  (200)
I, [2014-04-05T16:10:59.984260 #19480]  INFO -- : R3T received hole_card King of Spades
I, [2014-04-05T16:10:59.984532 #19480]  INFO -- : NoCo received hole_card 3 of Clubs
I, [2014-04-05T16:10:59.984827 #19480]  INFO -- : R3T received hole_card Ace of Spades
I, [2014-04-05T16:10:59.985107 #19480]  INFO -- : NoCo received hole_card 7 of Hearts
I, [2014-04-05T16:10:59.985565 #19480]  INFO -- : R3T made a bet of 160 (raise) and is left with 2770 chips. The pot now contains 160 chips.
I, [2014-04-05T16:10:59.985975 #19480]  INFO -- : NoCo made a bet of 70 (allin) and is left with 0 chips. The pot now contains 230 chips.
I, [2014-04-05T16:10:59.988443 #19480]  INFO -- : Player R3T responded with 640 (200)
I, [2014-04-05T16:10:59.988837 #19480]  INFO -- : R3T made a bet of 640 (raise) and is left with 2130 chips. The pot now contains 870 chips.
I, [2014-04-05T16:10:59.989086 #19480]  INFO -- : community card 3 of Hearts
I, [2014-04-05T16:10:59.989270 #19480]  INFO -- : community card 6 of Hearts
I, [2014-04-05T16:10:59.989489 #19480]  INFO -- : community card Ace of Clubs
I, [2014-04-05T16:10:59.989704 #19480]  INFO -- : community card 10 of Spades
I, [2014-04-05T16:10:59.989904 #19480]  INFO -- : community card 6 of Clubs
I, [2014-04-05T16:10:59.990401 #19480]  INFO -- : R3T showed 6 of Hearts,6 of Clubs,King of Spades,Ace of Clubs,Ace of Spades making a two pairs
I, [2014-04-05T16:10:59.990788 #19480]  INFO -- : R3T won 870
I, [2014-04-05T16:10:59.993138 #19480]  INFO -- : Player R3T responded with  (200)
I, [2014-04-05T16:10:59.995159 #19480]  INFO -- : Player Mr Bazinga responded with OK (200)
I, [2014-04-05T16:10:59.998423 #19480]  INFO -- : Player NoCo responded with  (200)
