# Logfile created on 2014-04-05 14:40:03 +0200 by logger.rb/44203
I, [2014-04-05T14:40:03.434139 #26377]  INFO -- : Reseting R3T to origin/master
I, [2014-04-05T14:40:05.062038 #26377]  INFO -- : Reseting Mr Bazinga to origin/master
I, [2014-04-05T14:40:05.919850 #26377]  INFO -- : Reseting NoCo to origin/master
I, [2014-04-05T14:40:07.513532 #26377]  INFO -- : Connected R3T at http://localhost:8080/
I, [2014-04-05T14:40:07.516785 #26377]  INFO -- : Connected Mr Bazinga at http://localhost:1337/
I, [2014-04-05T14:40:07.519281 #26377]  INFO -- : Connected NoCo at http://localhost:8000/player_service.php
E, [2014-04-05T14:40:07.520655 #26377] ERROR -- : Connection refused - connect(2) for "localhost" port 8080
E, [2014-04-05T14:40:07.520828 #26377] ERROR -- : Player R3T is unreachable
I, [2014-04-05T14:40:07.520950 #26377]  INFO -- : Waiting for players to start
E, [2014-04-05T14:40:08.521836 #26377] ERROR -- : Connection refused - connect(2) for "localhost" port 8080
E, [2014-04-05T14:40:08.521960 #26377] ERROR -- : Player R3T is unreachable
I, [2014-04-05T14:40:08.522022 #26377]  INFO -- : Waiting for players to start
E, [2014-04-05T14:40:09.522652 #26377] ERROR -- : Connection refused - connect(2) for "localhost" port 8080
E, [2014-04-05T14:40:09.522821 #26377] ERROR -- : Player R3T is unreachable
I, [2014-04-05T14:40:09.522924 #26377]  INFO -- : Waiting for players to start
E, [2014-04-05T14:40:10.523642 #26377] ERROR -- : Connection refused - connect(2) for "localhost" port 8080
E, [2014-04-05T14:40:10.523801 #26377] ERROR -- : Player R3T is unreachable
I, [2014-04-05T14:40:10.523897 #26377]  INFO -- : Waiting for players to start
E, [2014-04-05T14:40:11.524477 #26377] ERROR -- : Connection refused - connect(2) for "localhost" port 8080
E, [2014-04-05T14:40:11.524620 #26377] ERROR -- : Player R3T is unreachable
I, [2014-04-05T14:40:11.524711 #26377]  INFO -- : Waiting for players to start
E, [2014-04-05T14:40:12.525397 #26377] ERROR -- : Connection refused - connect(2) for "localhost" port 8080
E, [2014-04-05T14:40:12.525567 #26377] ERROR -- : Player R3T is unreachable
I, [2014-04-05T14:40:12.525673 #26377]  INFO -- : Waiting for players to start
E, [2014-04-05T14:40:13.526319 #26377] ERROR -- : Connection refused - connect(2) for "localhost" port 8080
E, [2014-04-05T14:40:13.526465 #26377] ERROR -- : Player R3T is unreachable
I, [2014-04-05T14:40:13.526566 #26377]  INFO -- : Waiting for players to start
E, [2014-04-05T14:40:14.527239 #26377] ERROR -- : Connection refused - connect(2) for "localhost" port 8080
E, [2014-04-05T14:40:14.527400 #26377] ERROR -- : Player R3T is unreachable
I, [2014-04-05T14:40:14.527501 #26377]  INFO -- : Waiting for players to start
E, [2014-04-05T14:40:15.528111 #26377] ERROR -- : Connection refused - connect(2) for "localhost" port 8080
E, [2014-04-05T14:40:15.528255 #26377] ERROR -- : Player R3T is unreachable
I, [2014-04-05T14:40:15.528349 #26377]  INFO -- : Waiting for players to start
E, [2014-04-05T14:40:16.529005 #26377] ERROR -- : Connection refused - connect(2) for "localhost" port 8080
E, [2014-04-05T14:40:16.529142 #26377] ERROR -- : Player R3T is unreachable
I, [2014-04-05T14:40:16.529221 #26377]  INFO -- : Waiting for players to start
E, [2014-04-05T14:40:17.529839 #26377] ERROR -- : Connection refused - connect(2) for "localhost" port 8080
E, [2014-04-05T14:40:17.530132 #26377] ERROR -- : Player R3T is unreachable
I, [2014-04-05T14:40:17.530377 #26377]  INFO -- : Waiting for players to start
E, [2014-04-05T14:40:18.531083 #26377] ERROR -- : Connection refused - connect(2) for "localhost" port 8080
E, [2014-04-05T14:40:18.531205 #26377] ERROR -- : Player R3T is unreachable
I, [2014-04-05T14:40:18.531271 #26377]  INFO -- : Waiting for players to start
E, [2014-04-05T14:40:19.531763 #26377] ERROR -- : Connection refused - connect(2) for "localhost" port 8080
E, [2014-04-05T14:40:19.531887 #26377] ERROR -- : Player R3T is unreachable
I, [2014-04-05T14:40:19.531970 #26377]  INFO -- : Waiting for players to start
E, [2014-04-05T14:40:20.532528 #26377] ERROR -- : Connection refused - connect(2) for "localhost" port 8080
E, [2014-04-05T14:40:20.532669 #26377] ERROR -- : Player R3T is unreachable
I, [2014-04-05T14:40:20.532729 #26377]  INFO -- : Waiting for players to start
E, [2014-04-05T14:40:21.533319 #26377] ERROR -- : Connection refused - connect(2) for "localhost" port 8080
E, [2014-04-05T14:40:21.533441 #26377] ERROR -- : Player R3T is unreachable
I, [2014-04-05T14:40:21.533501 #26377]  INFO -- : Waiting for players to start
E, [2014-04-05T14:40:23.035635 #26377] ERROR -- : Net::ReadTimeout
E, [2014-04-05T14:40:23.035826 #26377] ERROR -- : Player R3T is unreachable
I, [2014-04-05T14:40:23.035927 #26377]  INFO -- : Waiting for players to start
I, [2014-04-05T14:40:24.041915 #26377]  INFO -- : Player R3T responded with  (200)
I, [2014-04-05T14:40:24.057257 #26377]  INFO -- : Player Mr Bazinga responded with OK (200)
I, [2014-04-05T14:40:24.060215 #26377]  INFO -- : Player NoCo responded with  (200)
I, [2014-04-05T14:40:24.060525 #26377]  INFO -- : Players are running
I, [2014-04-05T14:40:24.090693 #26377]  INFO -- : Player R3T responded with v0.3 (200)
I, [2014-04-05T14:40:24.096892 #26377]  INFO -- : Player Mr Bazinga responded with Mr Bazinga PreFlop Version 2 (200)
I, [2014-04-05T14:40:24.098650 #26377]  INFO -- : Player NoCo responded with NoCo1406 (200)
I, [2014-04-05T14:40:24.098946 #26377]  INFO -- : Mr Bazinga received hole_card 2 of Diamonds
I, [2014-04-05T14:40:24.099127 #26377]  INFO -- : NoCo received hole_card Jack of Hearts
I, [2014-04-05T14:40:24.099270 #26377]  INFO -- : R3T received hole_card 7 of Hearts
I, [2014-04-05T14:40:24.099447 #26377]  INFO -- : Mr Bazinga received hole_card 6 of Spades
I, [2014-04-05T14:40:24.099617 #26377]  INFO -- : NoCo received hole_card Ace of Spades
I, [2014-04-05T14:40:24.099777 #26377]  INFO -- : R3T received hole_card 4 of Clubs
I, [2014-04-05T14:40:24.102180 #26377]  INFO -- : Mr Bazinga made a bet of 10 (raise) and is left with 990 chips. The pot now contains 10 chips.
I, [2014-04-05T14:40:24.102890 #26377]  INFO -- : NoCo made a bet of 20 (raise) and is left with 980 chips. The pot now contains 30 chips.
I, [2014-04-05T14:40:24.171285 #26377]  INFO -- : Player R3T responded with 20 (200)
I, [2014-04-05T14:40:24.171696 #26377]  INFO -- : R3T made a bet of 20 (call) and is left with 980 chips. The pot now contains 50 chips.
I, [2014-04-05T14:40:24.175146 #26377]  INFO -- : Player Mr Bazinga responded with 0 (200)
I, [2014-04-05T14:40:24.175493 #26377]  INFO -- : Mr Bazinga made a bet of 0 (fold) and is left with 990 chips. The pot now contains 50 chips.
I, [2014-04-05T14:40:24.178995 #26377]  INFO -- : Player NoCo responded with Cannot GET /bet_request0 (200)
I, [2014-04-05T14:40:24.179319 #26377]  INFO -- : NoCo made a bet of 0 (check) and is left with 980 chips. The pot now contains 50 chips.
I, [2014-04-05T14:40:24.179725 #26377]  INFO -- : community card 7 of Clubs
I, [2014-04-05T14:40:24.180019 #26377]  INFO -- : community card 3 of Hearts
I, [2014-04-05T14:40:24.180345 #26377]  INFO -- : community card 9 of Spades
E, [2014-04-05T14:40:24.682512 #26377] ERROR -- : Net::ReadTimeout
E, [2014-04-05T14:40:24.682751 #26377] ERROR -- : Player NoCo is unreachable
I, [2014-04-05T14:40:24.682924 #26377]  INFO -- : NoCo made a bet of 0 (check) and is left with 980 chips. The pot now contains 50 chips.
I, [2014-04-05T14:40:24.709351 #26377]  INFO -- : Player R3T responded with 0 (200)
I, [2014-04-05T14:40:24.709703 #26377]  INFO -- : R3T made a bet of 0 (check) and is left with 980 chips. The pot now contains 50 chips.
I, [2014-04-05T14:40:24.709997 #26377]  INFO -- : community card 5 of Spades
E, [2014-04-05T14:40:25.212078 #26377] ERROR -- : Net::ReadTimeout
E, [2014-04-05T14:40:25.212520 #26377] ERROR -- : Player NoCo is unreachable
I, [2014-04-05T14:40:25.213047 #26377]  INFO -- : NoCo made a bet of 0 (check) and is left with 980 chips. The pot now contains 50 chips.
I, [2014-04-05T14:40:25.239223 #26377]  INFO -- : Player R3T responded with 0 (200)
I, [2014-04-05T14:40:25.240309 #26377]  INFO -- : R3T made a bet of 0 (check) and is left with 980 chips. The pot now contains 50 chips.
I, [2014-04-05T14:40:25.241750 #26377]  INFO -- : community card 8 of Spades
E, [2014-04-05T14:40:25.746584 #26377] ERROR -- : Net::ReadTimeout
E, [2014-04-05T14:40:25.746985 #26377] ERROR -- : Player NoCo is unreachable
I, [2014-04-05T14:40:25.747752 #26377]  INFO -- : NoCo made a bet of 0 (check) and is left with 980 chips. The pot now contains 50 chips.
I, [2014-04-05T14:40:25.767021 #26377]  INFO -- : Player R3T responded with 0 (200)
I, [2014-04-05T14:40:25.767783 #26377]  INFO -- : R3T made a bet of 0 (check) and is left with 980 chips. The pot now contains 50 chips.
I, [2014-04-05T14:40:25.769848 #26377]  INFO -- : NoCo showed 7 of Clubs,8 of Spades,9 of Spades,Jack of Hearts,Ace of Spades making a high card
I, [2014-04-05T14:40:25.771443 #26377]  INFO -- : R3T showed 5 of Spades,7 of Hearts,7 of Clubs,8 of Spades,9 of Spades making a pair
I, [2014-04-05T14:40:25.772464 #26377]  INFO -- : R3T won 50
I, [2014-04-05T14:40:25.778439 #26377]  INFO -- : Player R3T responded with  (200)
I, [2014-04-05T14:40:25.792630 #26377]  INFO -- : Player Mr Bazinga responded with OK (200)
E, [2014-04-05T14:40:26.296255 #26377] ERROR -- : Net::ReadTimeout
E, [2014-04-05T14:40:26.296561 #26377] ERROR -- : Player NoCo is unreachable
I, [2014-04-05T14:40:26.297424 #26377]  INFO -- : NoCo received hole_card Jack of Spades
I, [2014-04-05T14:40:26.297996 #26377]  INFO -- : R3T received hole_card Queen of Clubs
I, [2014-04-05T14:40:26.298588 #26377]  INFO -- : Mr Bazinga received hole_card 10 of Diamonds
I, [2014-04-05T14:40:26.299165 #26377]  INFO -- : NoCo received hole_card Ace of Hearts
I, [2014-04-05T14:40:26.299801 #26377]  INFO -- : R3T received hole_card 7 of Spades
I, [2014-04-05T14:40:26.300550 #26377]  INFO -- : Mr Bazinga received hole_card Ace of Diamonds
I, [2014-04-05T14:40:26.301836 #26377]  INFO -- : NoCo made a bet of 10 (raise) and is left with 970 chips. The pot now contains 10 chips.
I, [2014-04-05T14:40:26.302897 #26377]  INFO -- : R3T made a bet of 20 (raise) and is left with 1010 chips. The pot now contains 30 chips.
I, [2014-04-05T14:40:26.308177 #26377]  INFO -- : Player Mr Bazinga responded with 30 (200)
I, [2014-04-05T14:40:26.308403 #26377]  INFO -- : Mr Bazinga made a bet of 30 (raise) and is left with 960 chips. The pot now contains 60 chips.
E, [2014-04-05T14:40:26.810321 #26377] ERROR -- : Net::ReadTimeout
E, [2014-04-05T14:40:26.810688 #26377] ERROR -- : Player NoCo is unreachable
I, [2014-04-05T14:40:26.811403 #26377]  INFO -- : NoCo made a bet of 0 (fold) and is left with 970 chips. The pot now contains 60 chips.
I, [2014-04-05T14:40:26.819388 #26377]  INFO -- : Player R3T responded with 30 (200)
I, [2014-04-05T14:40:26.820092 #26377]  INFO -- : R3T made a bet of 30 (raise) and is left with 980 chips. The pot now contains 90 chips.
I, [2014-04-05T14:40:26.830167 #26377]  INFO -- : Player Mr Bazinga responded with 40 (200)
I, [2014-04-05T14:40:26.830964 #26377]  INFO -- : Mr Bazinga made a bet of 40 (raise) and is left with 920 chips. The pot now contains 130 chips.
I, [2014-04-05T14:40:26.838889 #26377]  INFO -- : Player R3T responded with 70 (200)
I, [2014-04-05T14:40:26.840008 #26377]  INFO -- : R3T made a bet of 70 (raise) and is left with 910 chips. The pot now contains 200 chips.
I, [2014-04-05T14:40:26.845255 #26377]  INFO -- : Player Mr Bazinga responded with 100 (200)
I, [2014-04-05T14:40:26.845705 #26377]  INFO -- : Mr Bazinga made a bet of 100 (raise) and is left with 820 chips. The pot now contains 300 chips.
I, [2014-04-05T14:40:26.851804 #26377]  INFO -- : Player R3T responded with 170 (200)
I, [2014-04-05T14:40:26.852384 #26377]  INFO -- : R3T made a bet of 170 (raise) and is left with 740 chips. The pot now contains 470 chips.
I, [2014-04-05T14:40:26.856538 #26377]  INFO -- : Player Mr Bazinga responded with 240 (200)
I, [2014-04-05T14:40:26.857178 #26377]  INFO -- : Mr Bazinga made a bet of 240 (raise) and is left with 580 chips. The pot now contains 710 chips.
I, [2014-04-05T14:40:26.861196 #26377]  INFO -- : Player R3T responded with 410 (200)
I, [2014-04-05T14:40:26.861648 #26377]  INFO -- : R3T made a bet of 410 (raise) and is left with 330 chips. The pot now contains 1120 chips.
I, [2014-04-05T14:40:26.866726 #26377]  INFO -- : Player Mr Bazinga responded with 580 (200)
I, [2014-04-05T14:40:26.867191 #26377]  INFO -- : Mr Bazinga made a bet of 580 (allin) and is left with 0 chips. The pot now contains 1700 chips.
I, [2014-04-05T14:40:26.872854 #26377]  INFO -- : Player R3T responded with 990 (200)
I, [2014-04-05T14:40:26.873484 #26377]  INFO -- : R3T made a bet of 330 (allin) and is left with 0 chips. The pot now contains 2030 chips.
I, [2014-04-05T14:40:26.874226 #26377]  INFO -- : community card King of Hearts
I, [2014-04-05T14:40:26.875028 #26377]  INFO -- : community card 9 of Diamonds
I, [2014-04-05T14:40:26.875775 #26377]  INFO -- : community card 2 of Hearts
I, [2014-04-05T14:40:26.876551 #26377]  INFO -- : community card Queen of Spades
I, [2014-04-05T14:40:26.877227 #26377]  INFO -- : community card 8 of Hearts
I, [2014-04-05T14:40:26.877886 #26377]  INFO -- : R3T showed 8 of Hearts,9 of Diamonds,Queen of Clubs,Queen of Spades,King of Hearts making a pair
I, [2014-04-05T14:40:26.878543 #26377]  INFO -- : R3T won 2030
I, [2014-04-05T14:40:26.882234 #26377]  INFO -- : Player R3T responded with  (200)
I, [2014-04-05T14:40:26.886178 #26377]  INFO -- : Player Mr Bazinga responded with OK (200)
E, [2014-04-05T14:40:27.388942 #26377] ERROR -- : Net::ReadTimeout
E, [2014-04-05T14:40:27.389315 #26377] ERROR -- : Player NoCo is unreachable
I, [2014-04-05T14:40:27.390215 #26377]  INFO -- : R3T received hole_card 5 of Clubs
I, [2014-04-05T14:40:27.390733 #26377]  INFO -- : NoCo received hole_card 10 of Clubs
I, [2014-04-05T14:40:27.391406 #26377]  INFO -- : R3T received hole_card 8 of Diamonds
I, [2014-04-05T14:40:27.391981 #26377]  INFO -- : NoCo received hole_card 2 of Spades
I, [2014-04-05T14:40:27.392882 #26377]  INFO -- : R3T made a bet of 10 (raise) and is left with 2020 chips. The pot now contains 10 chips.
I, [2014-04-05T14:40:27.393650 #26377]  INFO -- : NoCo made a bet of 20 (raise) and is left with 950 chips. The pot now contains 30 chips.
I, [2014-04-05T14:40:27.400856 #26377]  INFO -- : Player R3T responded with 20 (200)
I, [2014-04-05T14:40:27.401739 #26377]  INFO -- : R3T made a bet of 20 (raise) and is left with 2000 chips. The pot now contains 50 chips.
E, [2014-04-05T14:40:27.906596 #26377] ERROR -- : Net::ReadTimeout
E, [2014-04-05T14:40:27.906743 #26377] ERROR -- : Player NoCo is unreachable
I, [2014-04-05T14:40:27.907429 #26377]  INFO -- : NoCo made a bet of 0 (fold) and is left with 950 chips. The pot now contains 50 chips.
I, [2014-04-05T14:40:27.907813 #26377]  INFO -- : R3T won 50
I, [2014-04-05T14:40:27.910110 #26377]  INFO -- : Player R3T responded with  (200)
I, [2014-04-05T14:40:27.911950 #26377]  INFO -- : Player Mr Bazinga responded with OK (200)
E, [2014-04-05T14:40:28.413832 #26377] ERROR -- : Net::ReadTimeout
E, [2014-04-05T14:40:28.414157 #26377] ERROR -- : Player NoCo is unreachable
I, [2014-04-05T14:40:28.415071 #26377]  INFO -- : NoCo received hole_card Ace of Hearts
I, [2014-04-05T14:40:28.415558 #26377]  INFO -- : R3T received hole_card 2 of Hearts
I, [2014-04-05T14:40:28.416125 #26377]  INFO -- : NoCo received hole_card 2 of Clubs
I, [2014-04-05T14:40:28.416669 #26377]  INFO -- : R3T received hole_card 4 of Hearts
I, [2014-04-05T14:40:28.417552 #26377]  INFO -- : NoCo made a bet of 10 (raise) and is left with 940 chips. The pot now contains 10 chips.
I, [2014-04-05T14:40:28.418413 #26377]  INFO -- : R3T made a bet of 20 (raise) and is left with 2030 chips. The pot now contains 30 chips.
I, [2014-04-05T14:40:28.562992 #26377]  INFO -- : Player NoCo responded with Cannot GET /bet_request0 (200)
I, [2014-04-05T14:40:28.563587 #26377]  INFO -- : NoCo made a bet of 0 (fold) and is left with 940 chips. The pot now contains 30 chips.
I, [2014-04-05T14:40:28.571019 #26377]  INFO -- : Player R3T responded with 30 (200)
I, [2014-04-05T14:40:28.571464 #26377]  INFO -- : R3T made a bet of 30 (raise) and is left with 2000 chips. The pot now contains 60 chips.
I, [2014-04-05T14:40:28.572000 #26377]  INFO -- : R3T won 60
I, [2014-04-05T14:40:28.576967 #26377]  INFO -- : Player R3T responded with  (200)
I, [2014-04-05T14:40:28.581432 #26377]  INFO -- : Player Mr Bazinga responded with OK (200)
I, [2014-04-05T14:40:28.586608 #26377]  INFO -- : Player NoCo responded with  (200)
I, [2014-04-05T14:40:28.587609 #26377]  INFO -- : R3T received hole_card 7 of Spades
I, [2014-04-05T14:40:28.588366 #26377]  INFO -- : NoCo received hole_card 8 of Clubs
I, [2014-04-05T14:40:28.589139 #26377]  INFO -- : R3T received hole_card King of Hearts
I, [2014-04-05T14:40:28.590105 #26377]  INFO -- : NoCo received hole_card Jack of Hearts
I, [2014-04-05T14:40:28.591768 #26377]  INFO -- : R3T made a bet of 10 (raise) and is left with 2050 chips. The pot now contains 10 chips.
I, [2014-04-05T14:40:28.593206 #26377]  INFO -- : NoCo made a bet of 20 (raise) and is left with 920 chips. The pot now contains 30 chips.
I, [2014-04-05T14:40:28.597440 #26377]  INFO -- : Player R3T responded with 20 (200)
I, [2014-04-05T14:40:28.597748 #26377]  INFO -- : R3T made a bet of 20 (raise) and is left with 2030 chips. The pot now contains 50 chips.
I, [2014-04-05T14:40:28.600469 #26377]  INFO -- : Player NoCo responded with Cannot GET /bet_request0 (200)
I, [2014-04-05T14:40:28.600706 #26377]  INFO -- : NoCo made a bet of 0 (fold) and is left with 920 chips. The pot now contains 50 chips.
I, [2014-04-05T14:40:28.601108 #26377]  INFO -- : R3T won 50
I, [2014-04-05T14:40:28.604921 #26377]  INFO -- : Player R3T responded with  (200)
I, [2014-04-05T14:40:28.610229 #26377]  INFO -- : Player Mr Bazinga responded with OK (200)
I, [2014-04-05T14:40:28.611934 #26377]  INFO -- : Player NoCo responded with  (200)
I, [2014-04-05T14:40:28.612215 #26377]  INFO -- : NoCo received hole_card 8 of Clubs
I, [2014-04-05T14:40:28.612399 #26377]  INFO -- : R3T received hole_card 4 of Clubs
I, [2014-04-05T14:40:28.612565 #26377]  INFO -- : NoCo received hole_card Jack of Spades
I, [2014-04-05T14:40:28.612712 #26377]  INFO -- : R3T received hole_card 4 of Diamonds
I, [2014-04-05T14:40:28.612996 #26377]  INFO -- : NoCo made a bet of 10 (raise) and is left with 910 chips. The pot now contains 10 chips.
I, [2014-04-05T14:40:28.613216 #26377]  INFO -- : R3T made a bet of 20 (raise) and is left with 2060 chips. The pot now contains 30 chips.
I, [2014-04-05T14:40:28.615384 #26377]  INFO -- : Player NoCo responded with Cannot GET /bet_request0 (200)
I, [2014-04-05T14:40:28.615590 #26377]  INFO -- : NoCo made a bet of 0 (fold) and is left with 910 chips. The pot now contains 30 chips.
I, [2014-04-05T14:40:28.617715 #26377]  INFO -- : Player R3T responded with 60 (200)
I, [2014-04-05T14:40:28.617905 #26377]  INFO -- : R3T made a bet of 60 (raise) and is left with 2000 chips. The pot now contains 90 chips.
I, [2014-04-05T14:40:28.618251 #26377]  INFO -- : R3T won 90
I, [2014-04-05T14:40:28.620442 #26377]  INFO -- : Player R3T responded with  (200)
I, [2014-04-05T14:40:28.624906 #26377]  INFO -- : Player Mr Bazinga responded with OK (200)
I, [2014-04-05T14:40:28.628661 #26377]  INFO -- : Player NoCo responded with  (200)
I, [2014-04-05T14:40:28.629105 #26377]  INFO -- : R3T received hole_card 5 of Diamonds
I, [2014-04-05T14:40:28.629385 #26377]  INFO -- : NoCo received hole_card 6 of Hearts
I, [2014-04-05T14:40:28.629662 #26377]  INFO -- : R3T received hole_card Queen of Spades
I, [2014-04-05T14:40:28.629935 #26377]  INFO -- : NoCo received hole_card 7 of Diamonds
I, [2014-04-05T14:40:28.630342 #26377]  INFO -- : R3T made a bet of 10 (raise) and is left with 2080 chips. The pot now contains 10 chips.
I, [2014-04-05T14:40:28.630723 #26377]  INFO -- : NoCo made a bet of 20 (raise) and is left with 890 chips. The pot now contains 30 chips.
I, [2014-04-05T14:40:28.636570 #26377]  INFO -- : Player R3T responded with 20 (200)
I, [2014-04-05T14:40:28.636924 #26377]  INFO -- : R3T made a bet of 20 (raise) and is left with 2060 chips. The pot now contains 50 chips.
I, [2014-04-05T14:40:28.642920 #26377]  INFO -- : Player NoCo responded with Cannot GET /bet_request0 (200)
I, [2014-04-05T14:40:28.643660 #26377]  INFO -- : NoCo made a bet of 0 (fold) and is left with 890 chips. The pot now contains 50 chips.
I, [2014-04-05T14:40:28.644465 #26377]  INFO -- : R3T won 50
I, [2014-04-05T14:40:28.647948 #26377]  INFO -- : Player R3T responded with  (200)
I, [2014-04-05T14:40:28.650625 #26377]  INFO -- : Player Mr Bazinga responded with OK (200)
I, [2014-04-05T14:40:28.654706 #26377]  INFO -- : Player NoCo responded with  (200)
I, [2014-04-05T14:40:28.655036 #26377]  INFO -- : NoCo received hole_card 5 of Diamonds
I, [2014-04-05T14:40:28.655216 #26377]  INFO -- : R3T received hole_card 7 of Clubs
I, [2014-04-05T14:40:28.655407 #26377]  INFO -- : NoCo received hole_card 10 of Hearts
I, [2014-04-05T14:40:28.655601 #26377]  INFO -- : R3T received hole_card 6 of Spades
I, [2014-04-05T14:40:28.655889 #26377]  INFO -- : NoCo made a bet of 10 (raise) and is left with 880 chips. The pot now contains 10 chips.
I, [2014-04-05T14:40:28.656187 #26377]  INFO -- : R3T made a bet of 20 (raise) and is left with 2090 chips. The pot now contains 30 chips.
I, [2014-04-05T14:40:28.659096 #26377]  INFO -- : Player NoCo responded with Cannot GET /bet_request0 (200)
I, [2014-04-05T14:40:28.659393 #26377]  INFO -- : NoCo made a bet of 0 (fold) and is left with 880 chips. The pot now contains 30 chips.
I, [2014-04-05T14:40:28.662215 #26377]  INFO -- : Player R3T responded with 20 (200)
I, [2014-04-05T14:40:28.662540 #26377]  INFO -- : R3T made a bet of 20 (raise) and is left with 2070 chips. The pot now contains 50 chips.
I, [2014-04-05T14:40:28.663124 #26377]  INFO -- : R3T won 50
I, [2014-04-05T14:40:28.666337 #26377]  INFO -- : Player R3T responded with  (200)
I, [2014-04-05T14:40:28.670926 #26377]  INFO -- : Player Mr Bazinga responded with OK (200)
I, [2014-04-05T14:40:28.673033 #26377]  INFO -- : Player NoCo responded with  (200)
I, [2014-04-05T14:40:28.673402 #26377]  INFO -- : R3T received hole_card 9 of Hearts
I, [2014-04-05T14:40:28.673624 #26377]  INFO -- : NoCo received hole_card 7 of Clubs
I, [2014-04-05T14:40:28.673842 #26377]  INFO -- : R3T received hole_card 10 of Clubs
I, [2014-04-05T14:40:28.674044 #26377]  INFO -- : NoCo received hole_card 9 of Diamonds
I, [2014-04-05T14:40:28.674365 #26377]  INFO -- : R3T made a bet of 10 (raise) and is left with 2110 chips. The pot now contains 10 chips.
I, [2014-04-05T14:40:28.674638 #26377]  INFO -- : NoCo made a bet of 20 (raise) and is left with 860 chips. The pot now contains 30 chips.
I, [2014-04-05T14:40:28.677620 #26377]  INFO -- : Player R3T responded with 20 (200)
I, [2014-04-05T14:40:28.678104 #26377]  INFO -- : R3T made a bet of 20 (raise) and is left with 2090 chips. The pot now contains 50 chips.
I, [2014-04-05T14:40:28.682003 #26377]  INFO -- : Player NoCo responded with Cannot GET /bet_request0 (200)
I, [2014-04-05T14:40:28.682640 #26377]  INFO -- : NoCo made a bet of 0 (fold) and is left with 860 chips. The pot now contains 50 chips.
I, [2014-04-05T14:40:28.683757 #26377]  INFO -- : R3T won 50
I, [2014-04-05T14:40:28.686836 #26377]  INFO -- : Player R3T responded with  (200)
I, [2014-04-05T14:40:28.688485 #26377]  INFO -- : Player Mr Bazinga responded with OK (200)
I, [2014-04-05T14:40:28.690842 #26377]  INFO -- : Player NoCo responded with  (200)
I, [2014-04-05T14:40:28.691545 #26377]  INFO -- : NoCo received hole_card 7 of Spades
I, [2014-04-05T14:40:28.691844 #26377]  INFO -- : R3T received hole_card 6 of Hearts
I, [2014-04-05T14:40:28.692201 #26377]  INFO -- : NoCo received hole_card 4 of Diamonds
I, [2014-04-05T14:40:28.692503 #26377]  INFO -- : R3T received hole_card 5 of Diamonds
I, [2014-04-05T14:40:28.693422 #26377]  INFO -- : NoCo made a bet of 20 (raise) and is left with 840 chips. The pot now contains 20 chips.
I, [2014-04-05T14:40:28.694199 #26377]  INFO -- : R3T made a bet of 40 (raise) and is left with 2100 chips. The pot now contains 60 chips.
I, [2014-04-05T14:40:28.698654 #26377]  INFO -- : Player NoCo responded with Cannot GET /bet_request0 (200)
I, [2014-04-05T14:40:28.698972 #26377]  INFO -- : NoCo made a bet of 0 (fold) and is left with 840 chips. The pot now contains 60 chips.
I, [2014-04-05T14:40:28.704681 #26377]  INFO -- : Player R3T responded with 40 (200)
I, [2014-04-05T14:40:28.705020 #26377]  INFO -- : R3T made a bet of 40 (raise) and is left with 2060 chips. The pot now contains 100 chips.
I, [2014-04-05T14:40:28.705655 #26377]  INFO -- : R3T won 100
I, [2014-04-05T14:40:28.708283 #26377]  INFO -- : Player R3T responded with  (200)
I, [2014-04-05T14:40:28.710431 #26377]  INFO -- : Player Mr Bazinga responded with OK (200)
I, [2014-04-05T14:40:28.712990 #26377]  INFO -- : Player NoCo responded with  (200)
I, [2014-04-05T14:40:28.713883 #26377]  INFO -- : R3T received hole_card Jack of Diamonds
I, [2014-04-05T14:40:28.714674 #26377]  INFO -- : NoCo received hole_card 5 of Hearts
I, [2014-04-05T14:40:28.715288 #26377]  INFO -- : R3T received hole_card 10 of Spades
I, [2014-04-05T14:40:28.715949 #26377]  INFO -- : NoCo received hole_card King of Diamonds
I, [2014-04-05T14:40:28.716953 #26377]  INFO -- : R3T made a bet of 20 (raise) and is left with 2140 chips. The pot now contains 20 chips.
I, [2014-04-05T14:40:28.717845 #26377]  INFO -- : NoCo made a bet of 40 (raise) and is left with 800 chips. The pot now contains 60 chips.
I, [2014-04-05T14:40:28.723236 #26377]  INFO -- : Player R3T responded with 40 (200)
I, [2014-04-05T14:40:28.723482 #26377]  INFO -- : R3T made a bet of 40 (raise) and is left with 2100 chips. The pot now contains 100 chips.
I, [2014-04-05T14:40:28.728333 #26377]  INFO -- : Player NoCo responded with Cannot GET /bet_request0 (200)
I, [2014-04-05T14:40:28.728620 #26377]  INFO -- : NoCo made a bet of 0 (fold) and is left with 800 chips. The pot now contains 100 chips.
I, [2014-04-05T14:40:28.729124 #26377]  INFO -- : R3T won 100
I, [2014-04-05T14:40:28.733756 #26377]  INFO -- : Player R3T responded with  (200)
I, [2014-04-05T14:40:28.737104 #26377]  INFO -- : Player Mr Bazinga responded with OK (200)
I, [2014-04-05T14:40:28.740342 #26377]  INFO -- : Player NoCo responded with  (200)
I, [2014-04-05T14:40:28.740642 #26377]  INFO -- : NoCo received hole_card 9 of Clubs
I, [2014-04-05T14:40:28.740812 #26377]  INFO -- : R3T received hole_card King of Spades
I, [2014-04-05T14:40:28.740982 #26377]  INFO -- : NoCo received hole_card 3 of Hearts
I, [2014-04-05T14:40:28.741153 #26377]  INFO -- : R3T received hole_card 4 of Spades
I, [2014-04-05T14:40:28.741421 #26377]  INFO -- : NoCo made a bet of 20 (raise) and is left with 780 chips. The pot now contains 20 chips.
I, [2014-04-05T14:40:28.741659 #26377]  INFO -- : R3T made a bet of 40 (raise) and is left with 2160 chips. The pot now contains 60 chips.
I, [2014-04-05T14:40:28.745832 #26377]  INFO -- : Player NoCo responded with Cannot GET /bet_request0 (200)
I, [2014-04-05T14:40:28.746054 #26377]  INFO -- : NoCo made a bet of 0 (fold) and is left with 780 chips. The pot now contains 60 chips.
I, [2014-04-05T14:40:28.751227 #26377]  INFO -- : Player R3T responded with 60 (200)
I, [2014-04-05T14:40:28.751459 #26377]  INFO -- : R3T made a bet of 60 (raise) and is left with 2100 chips. The pot now contains 120 chips.
I, [2014-04-05T14:40:28.751857 #26377]  INFO -- : R3T won 120
I, [2014-04-05T14:40:28.757489 #26377]  INFO -- : Player R3T responded with  (200)
I, [2014-04-05T14:40:28.760539 #26377]  INFO -- : Player Mr Bazinga responded with OK (200)
I, [2014-04-05T14:40:28.764812 #26377]  INFO -- : Player NoCo responded with  (200)
I, [2014-04-05T14:40:28.766206 #26377]  INFO -- : R3T received hole_card King of Hearts
I, [2014-04-05T14:40:28.766666 #26377]  INFO -- : NoCo received hole_card Queen of Clubs
I, [2014-04-05T14:40:28.766858 #26377]  INFO -- : R3T received hole_card 10 of Hearts
I, [2014-04-05T14:40:28.767011 #26377]  INFO -- : NoCo received hole_card 2 of Clubs
I, [2014-04-05T14:40:28.767308 #26377]  INFO -- : R3T made a bet of 20 (raise) and is left with 2200 chips. The pot now contains 20 chips.
I, [2014-04-05T14:40:28.767595 #26377]  INFO -- : NoCo made a bet of 40 (raise) and is left with 740 chips. The pot now contains 60 chips.
I, [2014-04-05T14:40:28.769782 #26377]  INFO -- : Player R3T responded with 60 (200)
I, [2014-04-05T14:40:28.770020 #26377]  INFO -- : R3T made a bet of 60 (raise) and is left with 2140 chips. The pot now contains 120 chips.
I, [2014-04-05T14:40:28.773638 #26377]  INFO -- : Player NoCo responded with Cannot GET /bet_request0 (200)
I, [2014-04-05T14:40:28.773856 #26377]  INFO -- : NoCo made a bet of 0 (fold) and is left with 740 chips. The pot now contains 120 chips.
I, [2014-04-05T14:40:28.774212 #26377]  INFO -- : R3T won 120
I, [2014-04-05T14:40:28.776411 #26377]  INFO -- : Player R3T responded with  (200)
I, [2014-04-05T14:40:28.778935 #26377]  INFO -- : Player Mr Bazinga responded with OK (200)
I, [2014-04-05T14:40:28.782068 #26377]  INFO -- : Player NoCo responded with  (200)
I, [2014-04-05T14:40:28.782474 #26377]  INFO -- : NoCo received hole_card 9 of Spades
I, [2014-04-05T14:40:28.782697 #26377]  INFO -- : R3T received hole_card 3 of Hearts
I, [2014-04-05T14:40:28.782948 #26377]  INFO -- : NoCo received hole_card Queen of Spades
I, [2014-04-05T14:40:28.783176 #26377]  INFO -- : R3T received hole_card Queen of Clubs
I, [2014-04-05T14:40:28.783554 #26377]  INFO -- : NoCo made a bet of 20 (raise) and is left with 720 chips. The pot now contains 20 chips.
I, [2014-04-05T14:40:28.783902 #26377]  INFO -- : R3T made a bet of 40 (raise) and is left with 2220 chips. The pot now contains 60 chips.
I, [2014-04-05T14:40:28.789838 #26377]  INFO -- : Player NoCo responded with Cannot GET /bet_request0 (200)
I, [2014-04-05T14:40:28.790183 #26377]  INFO -- : NoCo made a bet of 0 (fold) and is left with 720 chips. The pot now contains 60 chips.
I, [2014-04-05T14:40:28.795791 #26377]  INFO -- : Player R3T responded with 40 (200)
I, [2014-04-05T14:40:28.796494 #26377]  INFO -- : R3T made a bet of 40 (raise) and is left with 2180 chips. The pot now contains 100 chips.
I, [2014-04-05T14:40:28.797692 #26377]  INFO -- : R3T won 100
I, [2014-04-05T14:40:28.801404 #26377]  INFO -- : Player R3T responded with  (200)
I, [2014-04-05T14:40:28.804816 #26377]  INFO -- : Player Mr Bazinga responded with OK (200)
I, [2014-04-05T14:40:28.809435 #26377]  INFO -- : Player NoCo responded with  (200)
I, [2014-04-05T14:40:28.810330 #26377]  INFO -- : R3T received hole_card 9 of Hearts
I, [2014-04-05T14:40:28.810913 #26377]  INFO -- : NoCo received hole_card 6 of Clubs
I, [2014-04-05T14:40:28.811614 #26377]  INFO -- : R3T received hole_card 9 of Diamonds
I, [2014-04-05T14:40:28.812035 #26377]  INFO -- : NoCo received hole_card 5 of Diamonds
I, [2014-04-05T14:40:28.813090 #26377]  INFO -- : R3T made a bet of 20 (raise) and is left with 2260 chips. The pot now contains 20 chips.
I, [2014-04-05T14:40:28.813951 #26377]  INFO -- : NoCo made a bet of 40 (raise) and is left with 680 chips. The pot now contains 60 chips.
I, [2014-04-05T14:40:28.818975 #26377]  INFO -- : Player R3T responded with 120 (200)
I, [2014-04-05T14:40:28.819293 #26377]  INFO -- : R3T made a bet of 120 (raise) and is left with 2140 chips. The pot now contains 180 chips.
I, [2014-04-05T14:40:28.823663 #26377]  INFO -- : Player NoCo responded with Cannot GET /bet_request0 (200)
I, [2014-04-05T14:40:28.824543 #26377]  INFO -- : NoCo made a bet of 0 (fold) and is left with 680 chips. The pot now contains 180 chips.
I, [2014-04-05T14:40:28.825789 #26377]  INFO -- : R3T won 180
I, [2014-04-05T14:40:28.831654 #26377]  INFO -- : Player R3T responded with  (200)
I, [2014-04-05T14:40:28.835397 #26377]  INFO -- : Player Mr Bazinga responded with OK (200)
I, [2014-04-05T14:40:28.839484 #26377]  INFO -- : Player NoCo responded with  (200)
I, [2014-04-05T14:40:28.840460 #26377]  INFO -- : NoCo received hole_card 3 of Spades
I, [2014-04-05T14:40:28.841123 #26377]  INFO -- : R3T received hole_card Jack of Hearts
I, [2014-04-05T14:40:28.841831 #26377]  INFO -- : NoCo received hole_card King of Diamonds
I, [2014-04-05T14:40:28.842465 #26377]  INFO -- : R3T received hole_card Queen of Diamonds
I, [2014-04-05T14:40:28.843475 #26377]  INFO -- : NoCo made a bet of 20 (raise) and is left with 660 chips. The pot now contains 20 chips.
I, [2014-04-05T14:40:28.844599 #26377]  INFO -- : R3T made a bet of 40 (raise) and is left with 2280 chips. The pot now contains 60 chips.
I, [2014-04-05T14:40:28.849732 #26377]  INFO -- : Player NoCo responded with Cannot GET /bet_request0 (200)
I, [2014-04-05T14:40:28.850041 #26377]  INFO -- : NoCo made a bet of 0 (fold) and is left with 660 chips. The pot now contains 60 chips.
I, [2014-04-05T14:40:28.855000 #26377]  INFO -- : Player R3T responded with 40 (200)
I, [2014-04-05T14:40:28.855695 #26377]  INFO -- : R3T made a bet of 40 (raise) and is left with 2240 chips. The pot now contains 100 chips.
I, [2014-04-05T14:40:28.856949 #26377]  INFO -- : R3T won 100
I, [2014-04-05T14:40:28.862817 #26377]  INFO -- : Player R3T responded with  (200)
I, [2014-04-05T14:40:28.868627 #26377]  INFO -- : Player Mr Bazinga responded with OK (200)
I, [2014-04-05T14:40:28.873857 #26377]  INFO -- : Player NoCo responded with  (200)
I, [2014-04-05T14:40:28.874791 #26377]  INFO -- : R3T received hole_card 2 of Hearts
I, [2014-04-05T14:40:28.875390 #26377]  INFO -- : NoCo received hole_card Ace of Hearts
I, [2014-04-05T14:40:28.875960 #26377]  INFO -- : R3T received hole_card 5 of Spades
I, [2014-04-05T14:40:28.876606 #26377]  INFO -- : NoCo received hole_card Jack of Spades
I, [2014-04-05T14:40:28.877602 #26377]  INFO -- : R3T made a bet of 20 (raise) and is left with 2320 chips. The pot now contains 20 chips.
I, [2014-04-05T14:40:28.878574 #26377]  INFO -- : NoCo made a bet of 40 (raise) and is left with 620 chips. The pot now contains 60 chips.
I, [2014-04-05T14:40:28.883017 #26377]  INFO -- : Player R3T responded with 40 (200)
I, [2014-04-05T14:40:28.883355 #26377]  INFO -- : R3T made a bet of 40 (raise) and is left with 2280 chips. The pot now contains 100 chips.
I, [2014-04-05T14:40:28.891892 #26377]  INFO -- : Player NoCo responded with Cannot GET /bet_request0 (200)
I, [2014-04-05T14:40:28.892560 #26377]  INFO -- : NoCo made a bet of 0 (fold) and is left with 620 chips. The pot now contains 100 chips.
I, [2014-04-05T14:40:28.893810 #26377]  INFO -- : R3T won 100
I, [2014-04-05T14:40:28.899478 #26377]  INFO -- : Player R3T responded with  (200)
I, [2014-04-05T14:40:28.902406 #26377]  INFO -- : Player Mr Bazinga responded with OK (200)
I, [2014-04-05T14:40:28.905773 #26377]  INFO -- : Player NoCo responded with  (200)
I, [2014-04-05T14:40:28.906742 #26377]  INFO -- : NoCo received hole_card 5 of Spades
I, [2014-04-05T14:40:28.907204 #26377]  INFO -- : R3T received hole_card 2 of Diamonds
I, [2014-04-05T14:40:28.907848 #26377]  INFO -- : NoCo received hole_card 8 of Clubs
I, [2014-04-05T14:40:28.908519 #26377]  INFO -- : R3T received hole_card 4 of Clubs
I, [2014-04-05T14:40:28.909502 #26377]  INFO -- : NoCo made a bet of 20 (raise) and is left with 600 chips. The pot now contains 20 chips.
I, [2014-04-05T14:40:28.910304 #26377]  INFO -- : R3T made a bet of 40 (raise) and is left with 2340 chips. The pot now contains 60 chips.
I, [2014-04-05T14:40:28.915302 #26377]  INFO -- : Player NoCo responded with Cannot GET /bet_request0 (200)
I, [2014-04-05T14:40:28.916275 #26377]  INFO -- : NoCo made a bet of 0 (fold) and is left with 600 chips. The pot now contains 60 chips.
I, [2014-04-05T14:40:28.921311 #26377]  INFO -- : Player R3T responded with 40 (200)
I, [2014-04-05T14:40:28.921988 #26377]  INFO -- : R3T made a bet of 40 (raise) and is left with 2300 chips. The pot now contains 100 chips.
I, [2014-04-05T14:40:28.923346 #26377]  INFO -- : R3T won 100
I, [2014-04-05T14:40:28.928450 #26377]  INFO -- : Player R3T responded with  (200)
I, [2014-04-05T14:40:28.930556 #26377]  INFO -- : Player Mr Bazinga responded with OK (200)
I, [2014-04-05T14:40:28.934145 #26377]  INFO -- : Player NoCo responded with  (200)
I, [2014-04-05T14:40:28.935052 #26377]  INFO -- : R3T received hole_card 2 of Hearts
I, [2014-04-05T14:40:28.935623 #26377]  INFO -- : NoCo received hole_card 3 of Spades
I, [2014-04-05T14:40:28.936266 #26377]  INFO -- : R3T received hole_card 3 of Hearts
I, [2014-04-05T14:40:28.936851 #26377]  INFO -- : NoCo received hole_card 4 of Hearts
I, [2014-04-05T14:40:28.937753 #26377]  INFO -- : R3T made a bet of 40 (raise) and is left with 2360 chips. The pot now contains 40 chips.
I, [2014-04-05T14:40:28.938682 #26377]  INFO -- : NoCo made a bet of 80 (raise) and is left with 520 chips. The pot now contains 120 chips.
I, [2014-04-05T14:40:28.943525 #26377]  INFO -- : Player R3T responded with 120 (200)
I, [2014-04-05T14:40:28.943832 #26377]  INFO -- : R3T made a bet of 120 (raise) and is left with 2240 chips. The pot now contains 240 chips.
I, [2014-04-05T14:40:28.951339 #26377]  INFO -- : Player NoCo responded with Cannot GET /bet_request0 (200)
I, [2014-04-05T14:40:28.951958 #26377]  INFO -- : NoCo made a bet of 0 (fold) and is left with 520 chips. The pot now contains 240 chips.
I, [2014-04-05T14:40:28.953289 #26377]  INFO -- : R3T won 240
I, [2014-04-05T14:40:28.959551 #26377]  INFO -- : Player R3T responded with  (200)
I, [2014-04-05T14:40:28.963983 #26377]  INFO -- : Player Mr Bazinga responded with OK (200)
I, [2014-04-05T14:40:28.969332 #26377]  INFO -- : Player NoCo responded with  (200)
I, [2014-04-05T14:40:28.970217 #26377]  INFO -- : NoCo received hole_card Jack of Clubs
I, [2014-04-05T14:40:28.970783 #26377]  INFO -- : R3T received hole_card 8 of Spades
I, [2014-04-05T14:40:28.971363 #26377]  INFO -- : NoCo received hole_card 8 of Clubs
I, [2014-04-05T14:40:28.971907 #26377]  INFO -- : R3T received hole_card Queen of Diamonds
I, [2014-04-05T14:40:28.972621 #26377]  INFO -- : NoCo made a bet of 40 (raise) and is left with 480 chips. The pot now contains 40 chips.
I, [2014-04-05T14:40:28.972965 #26377]  INFO -- : R3T made a bet of 80 (raise) and is left with 2400 chips. The pot now contains 120 chips.
I, [2014-04-05T14:40:28.979388 #26377]  INFO -- : Player NoCo responded with Cannot GET /bet_request0 (200)
I, [2014-04-05T14:40:28.980163 #26377]  INFO -- : NoCo made a bet of 0 (fold) and is left with 480 chips. The pot now contains 120 chips.
I, [2014-04-05T14:40:28.984455 #26377]  INFO -- : Player R3T responded with 80 (200)
I, [2014-04-05T14:40:28.984652 #26377]  INFO -- : R3T made a bet of 80 (raise) and is left with 2320 chips. The pot now contains 200 chips.
I, [2014-04-05T14:40:28.985003 #26377]  INFO -- : R3T won 200
I, [2014-04-05T14:40:28.987389 #26377]  INFO -- : Player R3T responded with  (200)
I, [2014-04-05T14:40:28.989052 #26377]  INFO -- : Player Mr Bazinga responded with OK (200)
I, [2014-04-05T14:40:28.990965 #26377]  INFO -- : Player NoCo responded with  (200)
I, [2014-04-05T14:40:28.991409 #26377]  INFO -- : R3T received hole_card 5 of Spades
I, [2014-04-05T14:40:28.991705 #26377]  INFO -- : NoCo received hole_card 2 of Spades
I, [2014-04-05T14:40:28.992005 #26377]  INFO -- : R3T received hole_card 6 of Spades
I, [2014-04-05T14:40:28.992372 #26377]  INFO -- : NoCo received hole_card 8 of Clubs
I, [2014-04-05T14:40:28.992899 #26377]  INFO -- : R3T made a bet of 40 (raise) and is left with 2480 chips. The pot now contains 40 chips.
I, [2014-04-05T14:40:28.993405 #26377]  INFO -- : NoCo made a bet of 80 (raise) and is left with 400 chips. The pot now contains 120 chips.
I, [2014-04-05T14:40:28.996178 #26377]  INFO -- : Player R3T responded with 120 (200)
I, [2014-04-05T14:40:28.996576 #26377]  INFO -- : R3T made a bet of 120 (raise) and is left with 2360 chips. The pot now contains 240 chips.
I, [2014-04-05T14:40:29.001551 #26377]  INFO -- : Player NoCo responded with Cannot GET /bet_request0 (200)
I, [2014-04-05T14:40:29.002040 #26377]  INFO -- : NoCo made a bet of 0 (fold) and is left with 400 chips. The pot now contains 240 chips.
I, [2014-04-05T14:40:29.002798 #26377]  INFO -- : R3T won 240
I, [2014-04-05T14:40:29.007573 #26377]  INFO -- : Player R3T responded with  (200)
I, [2014-04-05T14:40:29.009102 #26377]  INFO -- : Player Mr Bazinga responded with OK (200)
I, [2014-04-05T14:40:29.010837 #26377]  INFO -- : Player NoCo responded with  (200)
I, [2014-04-05T14:40:29.011347 #26377]  INFO -- : NoCo received hole_card 2 of Clubs
I, [2014-04-05T14:40:29.011628 #26377]  INFO -- : R3T received hole_card 2 of Hearts
I, [2014-04-05T14:40:29.011956 #26377]  INFO -- : NoCo received hole_card 9 of Spades
I, [2014-04-05T14:40:29.012275 #26377]  INFO -- : R3T received hole_card 5 of Diamonds
I, [2014-04-05T14:40:29.012812 #26377]  INFO -- : NoCo made a bet of 40 (raise) and is left with 360 chips. The pot now contains 40 chips.
I, [2014-04-05T14:40:29.013225 #26377]  INFO -- : R3T made a bet of 80 (raise) and is left with 2520 chips. The pot now contains 120 chips.
I, [2014-04-05T14:40:29.016191 #26377]  INFO -- : Player NoCo responded with Cannot GET /bet_request0 (200)
I, [2014-04-05T14:40:29.016666 #26377]  INFO -- : NoCo made a bet of 0 (fold) and is left with 360 chips. The pot now contains 120 chips.
I, [2014-04-05T14:40:29.020694 #26377]  INFO -- : Player R3T responded with 80 (200)
I, [2014-04-05T14:40:29.021115 #26377]  INFO -- : R3T made a bet of 80 (raise) and is left with 2440 chips. The pot now contains 200 chips.
I, [2014-04-05T14:40:29.021889 #26377]  INFO -- : R3T won 200
I, [2014-04-05T14:40:29.025477 #26377]  INFO -- : Player R3T responded with  (200)
I, [2014-04-05T14:40:29.028354 #26377]  INFO -- : Player Mr Bazinga responded with OK (200)
I, [2014-04-05T14:40:29.032361 #26377]  INFO -- : Player NoCo responded with  (200)
I, [2014-04-05T14:40:29.033117 #26377]  INFO -- : R3T received hole_card Jack of Spades
I, [2014-04-05T14:40:29.033398 #26377]  INFO -- : NoCo received hole_card 4 of Hearts
I, [2014-04-05T14:40:29.033645 #26377]  INFO -- : R3T received hole_card Queen of Clubs
I, [2014-04-05T14:40:29.033914 #26377]  INFO -- : NoCo received hole_card 2 of Hearts
I, [2014-04-05T14:40:29.034317 #26377]  INFO -- : R3T made a bet of 40 (raise) and is left with 2600 chips. The pot now contains 40 chips.
I, [2014-04-05T14:40:29.034653 #26377]  INFO -- : NoCo made a bet of 80 (raise) and is left with 280 chips. The pot now contains 120 chips.
I, [2014-04-05T14:40:29.039730 #26377]  INFO -- : Player R3T responded with 80 (200)
I, [2014-04-05T14:40:29.040362 #26377]  INFO -- : R3T made a bet of 80 (raise) and is left with 2520 chips. The pot now contains 200 chips.
I, [2014-04-05T14:40:29.044896 #26377]  INFO -- : Player NoCo responded with Cannot GET /bet_request0 (200)
I, [2014-04-05T14:40:29.045107 #26377]  INFO -- : NoCo made a bet of 0 (fold) and is left with 280 chips. The pot now contains 200 chips.
I, [2014-04-05T14:40:29.045488 #26377]  INFO -- : R3T won 200
I, [2014-04-05T14:40:29.047496 #26377]  INFO -- : Player R3T responded with  (200)
I, [2014-04-05T14:40:29.050308 #26377]  INFO -- : Player Mr Bazinga responded with OK (200)
I, [2014-04-05T14:40:29.055107 #26377]  INFO -- : Player NoCo responded with  (200)
I, [2014-04-05T14:40:29.056139 #26377]  INFO -- : NoCo received hole_card 2 of Spades
I, [2014-04-05T14:40:29.056786 #26377]  INFO -- : R3T received hole_card King of Diamonds
I, [2014-04-05T14:40:29.057382 #26377]  INFO -- : NoCo received hole_card 8 of Spades
I, [2014-04-05T14:40:29.057964 #26377]  INFO -- : R3T received hole_card Ace of Hearts
I, [2014-04-05T14:40:29.058946 #26377]  INFO -- : NoCo made a bet of 40 (raise) and is left with 240 chips. The pot now contains 40 chips.
I, [2014-04-05T14:40:29.059778 #26377]  INFO -- : R3T made a bet of 80 (raise) and is left with 2640 chips. The pot now contains 120 chips.
I, [2014-04-05T14:40:29.066275 #26377]  INFO -- : Player NoCo responded with Cannot GET /bet_request0 (200)
I, [2014-04-05T14:40:29.066623 #26377]  INFO -- : NoCo made a bet of 0 (fold) and is left with 240 chips. The pot now contains 120 chips.
I, [2014-04-05T14:40:29.073085 #26377]  INFO -- : Player R3T responded with 80 (200)
I, [2014-04-05T14:40:29.073735 #26377]  INFO -- : R3T made a bet of 80 (raise) and is left with 2560 chips. The pot now contains 200 chips.
I, [2014-04-05T14:40:29.074960 #26377]  INFO -- : R3T won 200
I, [2014-04-05T14:40:29.078805 #26377]  INFO -- : Player R3T responded with  (200)
I, [2014-04-05T14:40:29.081845 #26377]  INFO -- : Player Mr Bazinga responded with OK (200)
I, [2014-04-05T14:40:29.086551 #26377]  INFO -- : Player NoCo responded with  (200)
I, [2014-04-05T14:40:29.087494 #26377]  INFO -- : R3T received hole_card King of Hearts
I, [2014-04-05T14:40:29.088341 #26377]  INFO -- : NoCo received hole_card 6 of Diamonds
I, [2014-04-05T14:40:29.088990 #26377]  INFO -- : R3T received hole_card Queen of Spades
I, [2014-04-05T14:40:29.089575 #26377]  INFO -- : NoCo received hole_card Queen of Diamonds
I, [2014-04-05T14:40:29.090589 #26377]  INFO -- : R3T made a bet of 40 (raise) and is left with 2720 chips. The pot now contains 40 chips.
I, [2014-04-05T14:40:29.091503 #26377]  INFO -- : NoCo made a bet of 80 (raise) and is left with 160 chips. The pot now contains 120 chips.
I, [2014-04-05T14:40:29.095467 #26377]  INFO -- : Player R3T responded with 80 (200)
I, [2014-04-05T14:40:29.095863 #26377]  INFO -- : R3T made a bet of 80 (raise) and is left with 2640 chips. The pot now contains 200 chips.
I, [2014-04-05T14:40:29.101860 #26377]  INFO -- : Player NoCo responded with Cannot GET /bet_request0 (200)
I, [2014-04-05T14:40:29.102481 #26377]  INFO -- : NoCo made a bet of 0 (fold) and is left with 160 chips. The pot now contains 200 chips.
I, [2014-04-05T14:40:29.103620 #26377]  INFO -- : R3T won 200
I, [2014-04-05T14:40:29.106978 #26377]  INFO -- : Player R3T responded with  (200)
I, [2014-04-05T14:40:29.108791 #26377]  INFO -- : Player Mr Bazinga responded with OK (200)
I, [2014-04-05T14:40:29.110448 #26377]  INFO -- : Player NoCo responded with  (200)
I, [2014-04-05T14:40:29.110764 #26377]  INFO -- : NoCo received hole_card 10 of Diamonds
I, [2014-04-05T14:40:29.110937 #26377]  INFO -- : R3T received hole_card Ace of Diamonds
I, [2014-04-05T14:40:29.111120 #26377]  INFO -- : NoCo received hole_card King of Hearts
I, [2014-04-05T14:40:29.111311 #26377]  INFO -- : R3T received hole_card 7 of Hearts
I, [2014-04-05T14:40:29.111608 #26377]  INFO -- : NoCo made a bet of 40 (raise) and is left with 120 chips. The pot now contains 40 chips.
I, [2014-04-05T14:40:29.111842 #26377]  INFO -- : R3T made a bet of 80 (raise) and is left with 2760 chips. The pot now contains 120 chips.
I, [2014-04-05T14:40:29.115995 #26377]  INFO -- : Player NoCo responded with Cannot GET /bet_request0 (200)
I, [2014-04-05T14:40:29.116700 #26377]  INFO -- : NoCo made a bet of 0 (fold) and is left with 120 chips. The pot now contains 120 chips.
I, [2014-04-05T14:40:29.122571 #26377]  INFO -- : Player R3T responded with 80 (200)
I, [2014-04-05T14:40:29.123503 #26377]  INFO -- : R3T made a bet of 80 (raise) and is left with 2680 chips. The pot now contains 200 chips.
I, [2014-04-05T14:40:29.124326 #26377]  INFO -- : R3T won 200
I, [2014-04-05T14:40:29.127512 #26377]  INFO -- : Player R3T responded with  (200)
I, [2014-04-05T14:40:29.133148 #26377]  INFO -- : Player Mr Bazinga responded with OK (200)
I, [2014-04-05T14:40:29.138035 #26377]  INFO -- : Player NoCo responded with  (200)
I, [2014-04-05T14:40:29.139009 #26377]  INFO -- : R3T received hole_card 4 of Hearts
I, [2014-04-05T14:40:29.139633 #26377]  INFO -- : NoCo received hole_card Jack of Hearts
I, [2014-04-05T14:40:29.140250 #26377]  INFO -- : R3T received hole_card Jack of Clubs
I, [2014-04-05T14:40:29.140844 #26377]  INFO -- : NoCo received hole_card King of Diamonds
I, [2014-04-05T14:40:29.141749 #26377]  INFO -- : R3T made a bet of 40 (raise) and is left with 2840 chips. The pot now contains 40 chips.
I, [2014-04-05T14:40:29.142582 #26377]  INFO -- : NoCo made a bet of 80 (raise) and is left with 40 chips. The pot now contains 120 chips.
I, [2014-04-05T14:40:29.149201 #26377]  INFO -- : Player R3T responded with 80 (200)
I, [2014-04-05T14:40:29.149967 #26377]  INFO -- : R3T made a bet of 80 (raise) and is left with 2760 chips. The pot now contains 200 chips.
I, [2014-04-05T14:40:29.156856 #26377]  INFO -- : Player NoCo responded with Cannot GET /bet_request0 (200)
I, [2014-04-05T14:40:29.157201 #26377]  INFO -- : NoCo made a bet of 0 (fold) and is left with 40 chips. The pot now contains 200 chips.
I, [2014-04-05T14:40:29.157736 #26377]  INFO -- : R3T won 200
I, [2014-04-05T14:40:29.163457 #26377]  INFO -- : Player R3T responded with  (200)
I, [2014-04-05T14:40:29.168817 #26377]  INFO -- : Player Mr Bazinga responded with OK (200)
I, [2014-04-05T14:40:29.172984 #26377]  INFO -- : Player NoCo responded with  (200)
I, [2014-04-05T14:40:29.173916 #26377]  INFO -- : NoCo received hole_card 3 of Diamonds
I, [2014-04-05T14:40:29.174528 #26377]  INFO -- : R3T received hole_card King of Hearts
I, [2014-04-05T14:40:29.175124 #26377]  INFO -- : NoCo received hole_card 8 of Diamonds
I, [2014-04-05T14:40:29.175740 #26377]  INFO -- : R3T received hole_card Queen of Diamonds
I, [2014-04-05T14:40:29.176742 #26377]  INFO -- : NoCo made a bet of 40 (allin) and is left with 0 chips. The pot now contains 40 chips.
I, [2014-04-05T14:40:29.177445 #26377]  INFO -- : R3T made a bet of 160 (raise) and is left with 2800 chips. The pot now contains 200 chips.
I, [2014-04-05T14:40:29.181279 #26377]  INFO -- : Player R3T responded with 240 (200)
I, [2014-04-05T14:40:29.181909 #26377]  INFO -- : R3T made a bet of 240 (raise) and is left with 2560 chips. The pot now contains 440 chips.
I, [2014-04-05T14:40:29.182699 #26377]  INFO -- : community card 9 of Hearts
I, [2014-04-05T14:40:29.183599 #26377]  INFO -- : community card 6 of Diamonds
I, [2014-04-05T14:40:29.184724 #26377]  INFO -- : community card 5 of Clubs
I, [2014-04-05T14:40:29.185968 #26377]  INFO -- : community card 9 of Clubs
I, [2014-04-05T14:40:29.186859 #26377]  INFO -- : community card King of Spades
I, [2014-04-05T14:40:29.187595 #26377]  INFO -- : R3T showed 9 of Clubs,9 of Hearts,Queen of Diamonds,King of Hearts,King of Spades making a two pairs
I, [2014-04-05T14:40:29.188258 #26377]  INFO -- : R3T won 440
I, [2014-04-05T14:40:29.193544 #26377]  INFO -- : Player R3T responded with  (200)
I, [2014-04-05T14:40:29.197275 #26377]  INFO -- : Player Mr Bazinga responded with OK (200)
I, [2014-04-05T14:40:29.200367 #26377]  INFO -- : Player NoCo responded with  (200)
