[Sat Apr  5 11:33:03 2014] 127.0.0.1:43977 [200]: /player_service.php
[Sat Apr  5 11:33:03 2014] 127.0.0.1:43980 [200]: /player_service.php
[Sat Apr  5 11:33:03 2014] PHP Notice:  Undefined variable: stderr in /home/devill/git/poker-player-noco/player.php on line 28
[Sat Apr  5 11:33:03 2014] PHP Stack trace:
[Sat Apr  5 11:33:03 2014] PHP   1. {main}() /home/devill/git/poker-player-noco/player_service.php:0
[Sat Apr  5 11:33:03 2014] PHP   2. Player->betRequest() /home/devill/git/poker-player-noco/player_service.php:10
[Sat Apr  5 11:33:03 2014] PHP Warning:  fclose() expects parameter 1 to be resource, null given in /home/devill/git/poker-player-noco/player.php on line 28
[Sat Apr  5 11:33:03 2014] PHP Stack trace:
[Sat Apr  5 11:33:03 2014] PHP   1. {main}() /home/devill/git/poker-player-noco/player_service.php:0
[Sat Apr  5 11:33:03 2014] PHP   2. Player->betRequest() /home/devill/git/poker-player-noco/player_service.php:10
[Sat Apr  5 11:33:03 2014] PHP   3. fclose() /home/devill/git/poker-player-noco/player.php:28
[Sat Apr  5 11:33:03 2014] 127.0.0.1:43981 [200]: /player_service.php
[Sat Apr  5 11:33:03 2014] PHP Notice:  Undefined variable: stderr in /home/devill/git/poker-player-noco/player.php on line 28
[Sat Apr  5 11:33:03 2014] PHP Stack trace:
[Sat Apr  5 11:33:03 2014] PHP   1. {main}() /home/devill/git/poker-player-noco/player_service.php:0
[Sat Apr  5 11:33:03 2014] PHP   2. Player->betRequest() /home/devill/git/poker-player-noco/player_service.php:10
[Sat Apr  5 11:33:03 2014] PHP Warning:  fclose() expects parameter 1 to be resource, null given in /home/devill/git/poker-player-noco/player.php on line 28
[Sat Apr  5 11:33:03 2014] PHP Stack trace:
[Sat Apr  5 11:33:03 2014] PHP   1. {main}() /home/devill/git/poker-player-noco/player_service.php:0
[Sat Apr  5 11:33:03 2014] PHP   2. Player->betRequest() /home/devill/git/poker-player-noco/player_service.php:10
[Sat Apr  5 11:33:03 2014] PHP   3. fclose() /home/devill/git/poker-player-noco/player.php:28
[Sat Apr  5 11:33:03 2014] 127.0.0.1:43984 [200]: /player_service.php
couldn't connect to host - [Sat Apr  5 11:33:03 2014] PHP Notice:  Undefined variable: stderr in /home/devill/git/poker-player-noco/player.php on line 28
[Sat Apr  5 11:33:03 2014] PHP Stack trace:
[Sat Apr  5 11:33:03 2014] PHP   1. {main}() /home/devill/git/poker-player-noco/player_service.php:0
[Sat Apr  5 11:33:03 2014] PHP   2. Player->betRequest() /home/devill/git/poker-player-noco/player_service.php:10
[Sat Apr  5 11:33:03 2014] PHP Warning:  fclose() expects parameter 1 to be resource, null given in /home/devill/git/poker-player-noco/player.php on line 28
[Sat Apr  5 11:33:03 2014] PHP Stack trace:
[Sat Apr  5 11:33:03 2014] PHP   1. {main}() /home/devill/git/poker-player-noco/player_service.php:0
[Sat Apr  5 11:33:03 2014] PHP   2. Player->betRequest() /home/devill/git/poker-player-noco/player_service.php:10
[Sat Apr  5 11:33:03 2014] PHP   3. fclose() /home/devill/git/poker-player-noco/player.php:28
[Sat Apr  5 11:33:03 2014] 127.0.0.1:43986 [200]: /player_service.php
[Sat Apr  5 11:33:03 2014] 127.0.0.1:43990 [200]: /player_service.php
[Sat Apr  5 11:33:03 2014] PHP Notice:  Undefined variable: stderr in /home/devill/git/poker-player-noco/player.php on line 28
[Sat Apr  5 11:33:03 2014] PHP Stack trace:
[Sat Apr  5 11:33:03 2014] PHP   1. {main}() /home/devill/git/poker-player-noco/player_service.php:0
[Sat Apr  5 11:33:03 2014] PHP   2. Player->betRequest() /home/devill/git/poker-player-noco/player_service.php:10
[Sat Apr  5 11:33:03 2014] PHP Warning:  fclose() expects parameter 1 to be resource, null given in /home/devill/git/poker-player-noco/player.php on line 28
[Sat Apr  5 11:33:03 2014] PHP Stack trace:
[Sat Apr  5 11:33:03 2014] PHP   1. {main}() /home/devill/git/poker-player-noco/player_service.php:0
[Sat Apr  5 11:33:03 2014] PHP   2. Player->betRequest() /home/devill/git/poker-player-noco/player_service.php:10
[Sat Apr  5 11:33:03 2014] PHP   3. fclose() /home/devill/git/poker-player-noco/player.php:28
[Sat Apr  5 11:33:03 2014] 127.0.0.1:43991 [200]: /player_service.php
couldn't connect to host - [Sat Apr  5 11:33:03 2014] PHP Notice:  Undefined variable: stderr in /home/devill/git/poker-player-noco/player.php on line 28
[Sat Apr  5 11:33:03 2014] PHP Stack trace:
[Sat Apr  5 11:33:03 2014] PHP   1. {main}() /home/devill/git/poker-player-noco/player_service.php:0
[Sat Apr  5 11:33:03 2014] PHP   2. Player->betRequest() /home/devill/git/poker-player-noco/player_service.php:10
[Sat Apr  5 11:33:03 2014] PHP Warning:  fclose() expects parameter 1 to be resource, null given in /home/devill/git/poker-player-noco/player.php on line 28
[Sat Apr  5 11:33:03 2014] PHP Stack trace:
[Sat Apr  5 11:33:03 2014] PHP   1. {main}() /home/devill/git/poker-player-noco/player_service.php:0
[Sat Apr  5 11:33:03 2014] PHP   2. Player->betRequest() /home/devill/git/poker-player-noco/player_service.php:10
[Sat Apr  5 11:33:03 2014] PHP   3. fclose() /home/devill/git/poker-player-noco/player.php:28
[Sat Apr  5 11:33:03 2014] 127.0.0.1:43993 [200]: /player_service.php
couldn't connect to host - [Sat Apr  5 11:33:03 2014] PHP Notice:  Undefined variable: stderr in /home/devill/git/poker-player-noco/player.php on line 28
[Sat Apr  5 11:33:03 2014] PHP Stack trace:
[Sat Apr  5 11:33:03 2014] PHP   1. {main}() /home/devill/git/poker-player-noco/player_service.php:0
[Sat Apr  5 11:33:03 2014] PHP   2. Player->betRequest() /home/devill/git/poker-player-noco/player_service.php:10
[Sat Apr  5 11:33:03 2014] PHP Warning:  fclose() expects parameter 1 to be resource, null given in /home/devill/git/poker-player-noco/player.php on line 28
[Sat Apr  5 11:33:03 2014] PHP Stack trace:
[Sat Apr  5 11:33:03 2014] PHP   1. {main}() /home/devill/git/poker-player-noco/player_service.php:0
[Sat Apr  5 11:33:03 2014] PHP   2. Player->betRequest() /home/devill/git/poker-player-noco/player_service.php:10
[Sat Apr  5 11:33:03 2014] PHP   3. fclose() /home/devill/git/poker-player-noco/player.php:28
[Sat Apr  5 11:33:03 2014] 127.0.0.1:43996 [200]: /player_service.php
couldn't connect to host - [Sat Apr  5 11:33:03 2014] PHP Notice:  Undefined variable: stderr in /home/devill/git/poker-player-noco/player.php on line 28
[Sat Apr  5 11:33:03 2014] PHP Stack trace:
[Sat Apr  5 11:33:03 2014] PHP   1. {main}() /home/devill/git/poker-player-noco/player_service.php:0
[Sat Apr  5 11:33:03 2014] PHP   2. Player->betRequest() /home/devill/git/poker-player-noco/player_service.php:10
[Sat Apr  5 11:33:03 2014] PHP Warning:  fclose() expects parameter 1 to be resource, null given in /home/devill/git/poker-player-noco/player.php on line 28
[Sat Apr  5 11:33:03 2014] PHP Stack trace:
[Sat Apr  5 11:33:03 2014] PHP   1. {main}() /home/devill/git/poker-player-noco/player_service.php:0
[Sat Apr  5 11:33:03 2014] PHP   2. Player->betRequest() /home/devill/git/poker-player-noco/player_service.php:10
[Sat Apr  5 11:33:03 2014] PHP   3. fclose() /home/devill/git/poker-player-noco/player.php:28
[Sat Apr  5 11:33:03 2014] 127.0.0.1:43999 [200]: /player_service.php
[Sat Apr  5 11:33:03 2014] 127.0.0.1:44004 [200]: /player_service.php
[Sat Apr  5 11:33:03 2014] 127.0.0.1:44008 [200]: /player_service.php
[Sat Apr  5 11:33:03 2014] PHP Notice:  Undefined variable: stderr in /home/devill/git/poker-player-noco/player.php on line 28
[Sat Apr  5 11:33:03 2014] PHP Stack trace:
[Sat Apr  5 11:33:03 2014] PHP   1. {main}() /home/devill/git/poker-player-noco/player_service.php:0
[Sat Apr  5 11:33:03 2014] PHP   2. Player->betRequest() /home/devill/git/poker-player-noco/player_service.php:10
[Sat Apr  5 11:33:03 2014] PHP Warning:  fclose() expects parameter 1 to be resource, null given in /home/devill/git/poker-player-noco/player.php on line 28
[Sat Apr  5 11:33:03 2014] PHP Stack trace:
[Sat Apr  5 11:33:03 2014] PHP   1. {main}() /home/devill/git/poker-player-noco/player_service.php:0
[Sat Apr  5 11:33:03 2014] PHP   2. Player->betRequest() /home/devill/git/poker-player-noco/player_service.php:10
[Sat Apr  5 11:33:03 2014] PHP   3. fclose() /home/devill/git/poker-player-noco/player.php:28
[Sat Apr  5 11:33:03 2014] 127.0.0.1:44009 [200]: /player_service.php
couldn't connect to host - [Sat Apr  5 11:33:03 2014] PHP Notice:  Undefined variable: stderr in /home/devill/git/poker-player-noco/player.php on line 28
[Sat Apr  5 11:33:03 2014] PHP Stack trace:
[Sat Apr  5 11:33:03 2014] PHP   1. {main}() /home/devill/git/poker-player-noco/player_service.php:0
[Sat Apr  5 11:33:03 2014] PHP   2. Player->betRequest() /home/devill/git/poker-player-noco/player_service.php:10
[Sat Apr  5 11:33:03 2014] PHP Warning:  fclose() expects parameter 1 to be resource, null given in /home/devill/git/poker-player-noco/player.php on line 28
[Sat Apr  5 11:33:03 2014] PHP Stack trace:
[Sat Apr  5 11:33:03 2014] PHP   1. {main}() /home/devill/git/poker-player-noco/player_service.php:0
[Sat Apr  5 11:33:03 2014] PHP   2. Player->betRequest() /home/devill/git/poker-player-noco/player_service.php:10
[Sat Apr  5 11:33:03 2014] PHP   3. fclose() /home/devill/git/poker-player-noco/player.php:28
[Sat Apr  5 11:33:03 2014] 127.0.0.1:44011 [200]: /player_service.php
couldn't connect to host - [Sat Apr  5 11:33:03 2014] PHP Notice:  Undefined variable: stderr in /home/devill/git/poker-player-noco/player.php on line 28
[Sat Apr  5 11:33:03 2014] PHP Stack trace:
[Sat Apr  5 11:33:03 2014] PHP   1. {main}() /home/devill/git/poker-player-noco/player_service.php:0
[Sat Apr  5 11:33:03 2014] PHP   2. Player->betRequest() /home/devill/git/poker-player-noco/player_service.php:10
[Sat Apr  5 11:33:03 2014] PHP Warning:  fclose() expects parameter 1 to be resource, null given in /home/devill/git/poker-player-noco/player.php on line 28
[Sat Apr  5 11:33:03 2014] PHP Stack trace:
[Sat Apr  5 11:33:03 2014] PHP   1. {main}() /home/devill/git/poker-player-noco/player_service.php:0
[Sat Apr  5 11:33:03 2014] PHP   2. Player->betRequest() /home/devill/git/poker-player-noco/player_service.php:10
[Sat Apr  5 11:33:03 2014] PHP   3. fclose() /home/devill/git/poker-player-noco/player.php:28
[Sat Apr  5 11:33:03 2014] 127.0.0.1:44014 [200]: /player_service.php
couldn't connect to host - [Sat Apr  5 11:33:03 2014] PHP Notice:  Undefined variable: stderr in /home/devill/git/poker-player-noco/player.php on line 28
[Sat Apr  5 11:33:03 2014] PHP Stack trace:
[Sat Apr  5 11:33:03 2014] PHP   1. {main}() /home/devill/git/poker-player-noco/player_service.php:0
[Sat Apr  5 11:33:03 2014] PHP   2. Player->betRequest() /home/devill/git/poker-player-noco/player_service.php:10
[Sat Apr  5 11:33:03 2014] PHP Warning:  fclose() expects parameter 1 to be resource, null given in /home/devill/git/poker-player-noco/player.php on line 28
[Sat Apr  5 11:33:03 2014] PHP Stack trace:
[Sat Apr  5 11:33:03 2014] PHP   1. {main}() /home/devill/git/poker-player-noco/player_service.php:0
[Sat Apr  5 11:33:03 2014] PHP   2. Player->betRequest() /home/devill/git/poker-player-noco/player_service.php:10
[Sat Apr  5 11:33:03 2014] PHP   3. fclose() /home/devill/git/poker-player-noco/player.php:28
[Sat Apr  5 11:33:03 2014] 127.0.0.1:44017 [200]: /player_service.php
[Sat Apr  5 11:33:03 2014] 127.0.0.1:44022 [200]: /player_service.php
[Sat Apr  5 11:33:03 2014] 127.0.0.1:44026 [200]: /player_service.php
[Sat Apr  5 11:33:03 2014] PHP Notice:  Undefined variable: stderr in /home/devill/git/poker-player-noco/player.php on line 28
[Sat Apr  5 11:33:03 2014] PHP Stack trace:
[Sat Apr  5 11:33:03 2014] PHP   1. {main}() /home/devill/git/poker-player-noco/player_service.php:0
[Sat Apr  5 11:33:03 2014] PHP   2. Player->betRequest() /home/devill/git/poker-player-noco/player_service.php:10
[Sat Apr  5 11:33:03 2014] PHP Warning:  fclose() expects parameter 1 to be resource, null given in /home/devill/git/poker-player-noco/player.php on line 28
[Sat Apr  5 11:33:03 2014] PHP Stack trace:
[Sat Apr  5 11:33:03 2014] PHP   1. {main}() /home/devill/git/poker-player-noco/player_service.php:0
[Sat Apr  5 11:33:03 2014] PHP   2. Player->betRequest() /home/devill/git/poker-player-noco/player_service.php:10
[Sat Apr  5 11:33:03 2014] PHP   3. fclose() /home/devill/git/poker-player-noco/player.php:28
[Sat Apr  5 11:33:03 2014] 127.0.0.1:44027 [200]: /player_service.php
couldn't connect to host - [Sat Apr  5 11:33:03 2014] PHP Notice:  Undefined variable: stderr in /home/devill/git/poker-player-noco/player.php on line 28
[Sat Apr  5 11:33:03 2014] PHP Stack trace:
[Sat Apr  5 11:33:03 2014] PHP   1. {main}() /home/devill/git/poker-player-noco/player_service.php:0
[Sat Apr  5 11:33:03 2014] PHP   2. Player->betRequest() /home/devill/git/poker-player-noco/player_service.php:10
[Sat Apr  5 11:33:03 2014] PHP Warning:  fclose() expects parameter 1 to be resource, null given in /home/devill/git/poker-player-noco/player.php on line 28
[Sat Apr  5 11:33:03 2014] PHP Stack trace:
[Sat Apr  5 11:33:03 2014] PHP   1. {main}() /home/devill/git/poker-player-noco/player_service.php:0
[Sat Apr  5 11:33:03 2014] PHP   2. Player->betRequest() /home/devill/git/poker-player-noco/player_service.php:10
[Sat Apr  5 11:33:03 2014] PHP   3. fclose() /home/devill/git/poker-player-noco/player.php:28
[Sat Apr  5 11:33:03 2014] 127.0.0.1:44029 [200]: /player_service.php
couldn't connect to host - [Sat Apr  5 11:33:03 2014] PHP Notice:  Undefined variable: stderr in /home/devill/git/poker-player-noco/player.php on line 28
[Sat Apr  5 11:33:03 2014] PHP Stack trace:
[Sat Apr  5 11:33:03 2014] PHP   1. {main}() /home/devill/git/poker-player-noco/player_service.php:0
[Sat Apr  5 11:33:03 2014] PHP   2. Player->betRequest() /home/devill/git/poker-player-noco/player_service.php:10
[Sat Apr  5 11:33:03 2014] PHP Warning:  fclose() expects parameter 1 to be resource, null given in /home/devill/git/poker-player-noco/player.php on line 28
[Sat Apr  5 11:33:03 2014] PHP Stack trace:
[Sat Apr  5 11:33:03 2014] PHP   1. {main}() /home/devill/git/poker-player-noco/player_service.php:0
[Sat Apr  5 11:33:03 2014] PHP   2. Player->betRequest() /home/devill/git/poker-player-noco/player_service.php:10
[Sat Apr  5 11:33:03 2014] PHP   3. fclose() /home/devill/git/poker-player-noco/player.php:28
[Sat Apr  5 11:33:03 2014] 127.0.0.1:44032 [200]: /player_service.php
couldn't connect to host - [Sat Apr  5 11:33:03 2014] PHP Notice:  Undefined variable: stderr in /home/devill/git/poker-player-noco/player.php on line 28
[Sat Apr  5 11:33:03 2014] PHP Stack trace:
[Sat Apr  5 11:33:03 2014] PHP   1. {main}() /home/devill/git/poker-player-noco/player_service.php:0
[Sat Apr  5 11:33:03 2014] PHP   2. Player->betRequest() /home/devill/git/poker-player-noco/player_service.php:10
[Sat Apr  5 11:33:03 2014] PHP Warning:  fclose() expects parameter 1 to be resource, null given in /home/devill/git/poker-player-noco/player.php on line 28
[Sat Apr  5 11:33:03 2014] PHP Stack trace:
[Sat Apr  5 11:33:03 2014] PHP   1. {main}() /home/devill/git/poker-player-noco/player_service.php:0
[Sat Apr  5 11:33:03 2014] PHP   2. Player->betRequest() /home/devill/git/poker-player-noco/player_service.php:10
[Sat Apr  5 11:33:03 2014] PHP   3. fclose() /home/devill/git/poker-player-noco/player.php:28
[Sat Apr  5 11:33:03 2014] 127.0.0.1:44035 [200]: /player_service.php
[Sat Apr  5 11:33:03 2014] 127.0.0.1:44040 [200]: /player_service.php
[Sat Apr  5 11:33:03 2014] 127.0.0.1:44044 [200]: /player_service.php
[Sat Apr  5 11:33:03 2014] PHP Notice:  Undefined variable: stderr in /home/devill/git/poker-player-noco/player.php on line 28
[Sat Apr  5 11:33:03 2014] PHP Stack trace:
[Sat Apr  5 11:33:03 2014] PHP   1. {main}() /home/devill/git/poker-player-noco/player_service.php:0
[Sat Apr  5 11:33:03 2014] PHP   2. Player->betRequest() /home/devill/git/poker-player-noco/player_service.php:10
[Sat Apr  5 11:33:03 2014] PHP Warning:  fclose() expects parameter 1 to be resource, null given in /home/devill/git/poker-player-noco/player.php on line 28
[Sat Apr  5 11:33:03 2014] PHP Stack trace:
[Sat Apr  5 11:33:03 2014] PHP   1. {main}() /home/devill/git/poker-player-noco/player_service.php:0
[Sat Apr  5 11:33:03 2014] PHP   2. Player->betRequest() /home/devill/git/poker-player-noco/player_service.php:10
[Sat Apr  5 11:33:03 2014] PHP   3. fclose() /home/devill/git/poker-player-noco/player.php:28
[Sat Apr  5 11:33:03 2014] 127.0.0.1:44045 [200]: /player_service.php
couldn't connect to host - [Sat Apr  5 11:33:03 2014] PHP Notice:  Undefined variable: stderr in /home/devill/git/poker-player-noco/player.php on line 28
[Sat Apr  5 11:33:03 2014] PHP Stack trace:
[Sat Apr  5 11:33:03 2014] PHP   1. {main}() /home/devill/git/poker-player-noco/player_service.php:0
[Sat Apr  5 11:33:03 2014] PHP   2. Player->betRequest() /home/devill/git/poker-player-noco/player_service.php:10
[Sat Apr  5 11:33:03 2014] PHP Warning:  fclose() expects parameter 1 to be resource, null given in /home/devill/git/poker-player-noco/player.php on line 28
[Sat Apr  5 11:33:03 2014] PHP Stack trace:
[Sat Apr  5 11:33:03 2014] PHP   1. {main}() /home/devill/git/poker-player-noco/player_service.php:0
[Sat Apr  5 11:33:03 2014] PHP   2. Player->betRequest() /home/devill/git/poker-player-noco/player_service.php:10
[Sat Apr  5 11:33:03 2014] PHP   3. fclose() /home/devill/git/poker-player-noco/player.php:28
[Sat Apr  5 11:33:03 2014] 127.0.0.1:44047 [200]: /player_service.php
couldn't connect to host - [Sat Apr  5 11:33:03 2014] PHP Notice:  Undefined variable: stderr in /home/devill/git/poker-player-noco/player.php on line 28
[Sat Apr  5 11:33:03 2014] PHP Stack trace:
[Sat Apr  5 11:33:03 2014] PHP   1. {main}() /home/devill/git/poker-player-noco/player_service.php:0
[Sat Apr  5 11:33:03 2014] PHP   2. Player->betRequest() /home/devill/git/poker-player-noco/player_service.php:10
[Sat Apr  5 11:33:03 2014] PHP Warning:  fclose() expects parameter 1 to be resource, null given in /home/devill/git/poker-player-noco/player.php on line 28
[Sat Apr  5 11:33:03 2014] PHP Stack trace:
[Sat Apr  5 11:33:03 2014] PHP   1. {main}() /home/devill/git/poker-player-noco/player_service.php:0
[Sat Apr  5 11:33:03 2014] PHP   2. Player->betRequest() /home/devill/git/poker-player-noco/player_service.php:10
[Sat Apr  5 11:33:03 2014] PHP   3. fclose() /home/devill/git/poker-player-noco/player.php:28
[Sat Apr  5 11:33:03 2014] 127.0.0.1:44050 [200]: /player_service.php
couldn't connect to host - [Sat Apr  5 11:33:03 2014] PHP Notice:  Undefined variable: stderr in /home/devill/git/poker-player-noco/player.php on line 28
[Sat Apr  5 11:33:03 2014] PHP Stack trace:
[Sat Apr  5 11:33:03 2014] PHP   1. {main}() /home/devill/git/poker-player-noco/player_service.php:0
[Sat Apr  5 11:33:03 2014] PHP   2. Player->betRequest() /home/devill/git/poker-player-noco/player_service.php:10
[Sat Apr  5 11:33:03 2014] PHP Warning:  fclose() expects parameter 1 to be resource, null given in /home/devill/git/poker-player-noco/player.php on line 28
[Sat Apr  5 11:33:03 2014] PHP Stack trace:
[Sat Apr  5 11:33:03 2014] PHP   1. {main}() /home/devill/git/poker-player-noco/player_service.php:0
[Sat Apr  5 11:33:03 2014] PHP   2. Player->betRequest() /home/devill/git/poker-player-noco/player_service.php:10
[Sat Apr  5 11:33:03 2014] PHP   3. fclose() /home/devill/git/poker-player-noco/player.php:28
[Sat Apr  5 11:33:03 2014] 127.0.0.1:44053 [200]: /player_service.php
[Sat Apr  5 11:33:03 2014] 127.0.0.1:44058 [200]: /player_service.php
[Sat Apr  5 11:33:03 2014] 127.0.0.1:44062 [200]: /player_service.php
[Sat Apr  5 11:33:04 2014] PHP Notice:  Undefined variable: stderr in /home/devill/git/poker-player-noco/player.php on line 28
[Sat Apr  5 11:33:04 2014] PHP Stack trace:
[Sat Apr  5 11:33:04 2014] PHP   1. {main}() /home/devill/git/poker-player-noco/player_service.php:0
[Sat Apr  5 11:33:04 2014] PHP   2. Player->betRequest() /home/devill/git/poker-player-noco/player_service.php:10
[Sat Apr  5 11:33:04 2014] PHP Warning:  fclose() expects parameter 1 to be resource, null given in /home/devill/git/poker-player-noco/player.php on line 28
[Sat Apr  5 11:33:04 2014] PHP Stack trace:
[Sat Apr  5 11:33:04 2014] PHP   1. {main}() /home/devill/git/poker-player-noco/player_service.php:0
[Sat Apr  5 11:33:04 2014] PHP   2. Player->betRequest() /home/devill/git/poker-player-noco/player_service.php:10
[Sat Apr  5 11:33:04 2014] PHP   3. fclose() /home/devill/git/poker-player-noco/player.php:28
[Sat Apr  5 11:33:04 2014] 127.0.0.1:44063 [200]: /player_service.php
couldn't connect to host - [Sat Apr  5 11:33:04 2014] PHP Notice:  Undefined variable: stderr in /home/devill/git/poker-player-noco/player.php on line 28
[Sat Apr  5 11:33:04 2014] PHP Stack trace:
[Sat Apr  5 11:33:04 2014] PHP   1. {main}() /home/devill/git/poker-player-noco/player_service.php:0
[Sat Apr  5 11:33:04 2014] PHP   2. Player->betRequest() /home/devill/git/poker-player-noco/player_service.php:10
[Sat Apr  5 11:33:04 2014] PHP Warning:  fclose() expects parameter 1 to be resource, null given in /home/devill/git/poker-player-noco/player.php on line 28
[Sat Apr  5 11:33:04 2014] PHP Stack trace:
[Sat Apr  5 11:33:04 2014] PHP   1. {main}() /home/devill/git/poker-player-noco/player_service.php:0
[Sat Apr  5 11:33:04 2014] PHP   2. Player->betRequest() /home/devill/git/poker-player-noco/player_service.php:10
[Sat Apr  5 11:33:04 2014] PHP   3. fclose() /home/devill/git/poker-player-noco/player.php:28
[Sat Apr  5 11:33:04 2014] 127.0.0.1:44065 [200]: /player_service.php
couldn't connect to host - [Sat Apr  5 11:33:04 2014] PHP Notice:  Undefined variable: stderr in /home/devill/git/poker-player-noco/player.php on line 28
[Sat Apr  5 11:33:04 2014] PHP Stack trace:
[Sat Apr  5 11:33:04 2014] PHP   1. {main}() /home/devill/git/poker-player-noco/player_service.php:0
[Sat Apr  5 11:33:04 2014] PHP   2. Player->betRequest() /home/devill/git/poker-player-noco/player_service.php:10
[Sat Apr  5 11:33:04 2014] PHP Warning:  fclose() expects parameter 1 to be resource, null given in /home/devill/git/poker-player-noco/player.php on line 28
[Sat Apr  5 11:33:04 2014] PHP Stack trace:
[Sat Apr  5 11:33:04 2014] PHP   1. {main}() /home/devill/git/poker-player-noco/player_service.php:0
[Sat Apr  5 11:33:04 2014] PHP   2. Player->betRequest() /home/devill/git/poker-player-noco/player_service.php:10
[Sat Apr  5 11:33:04 2014] PHP   3. fclose() /home/devill/git/poker-player-noco/player.php:28
[Sat Apr  5 11:33:04 2014] 127.0.0.1:44068 [200]: /player_service.php
couldn't connect to host - [Sat Apr  5 11:33:04 2014] PHP Notice:  Undefined variable: stderr in /home/devill/git/poker-player-noco/player.php on line 28
[Sat Apr  5 11:33:04 2014] PHP Stack trace:
[Sat Apr  5 11:33:04 2014] PHP   1. {main}() /home/devill/git/poker-player-noco/player_service.php:0
[Sat Apr  5 11:33:04 2014] PHP   2. Player->betRequest() /home/devill/git/poker-player-noco/player_service.php:10
[Sat Apr  5 11:33:04 2014] PHP Warning:  fclose() expects parameter 1 to be resource, null given in /home/devill/git/poker-player-noco/player.php on line 28
[Sat Apr  5 11:33:04 2014] PHP Stack trace:
[Sat Apr  5 11:33:04 2014] PHP   1. {main}() /home/devill/git/poker-player-noco/player_service.php:0
[Sat Apr  5 11:33:04 2014] PHP   2. Player->betRequest() /home/devill/git/poker-player-noco/player_service.php:10
[Sat Apr  5 11:33:04 2014] PHP   3. fclose() /home/devill/git/poker-player-noco/player.php:28
[Sat Apr  5 11:33:04 2014] 127.0.0.1:44071 [200]: /player_service.php
[Sat Apr  5 11:33:04 2014] 127.0.0.1:44076 [200]: /player_service.php
[Sat Apr  5 11:33:04 2014] 127.0.0.1:44080 [200]: /player_service.php
[Sat Apr  5 11:33:04 2014] PHP Notice:  Undefined variable: stderr in /home/devill/git/poker-player-noco/player.php on line 28
[Sat Apr  5 11:33:04 2014] PHP Stack trace:
[Sat Apr  5 11:33:04 2014] PHP   1. {main}() /home/devill/git/poker-player-noco/player_service.php:0
[Sat Apr  5 11:33:04 2014] PHP   2. Player->betRequest() /home/devill/git/poker-player-noco/player_service.php:10
[Sat Apr  5 11:33:04 2014] PHP Warning:  fclose() expects parameter 1 to be resource, null given in /home/devill/git/poker-player-noco/player.php on line 28
[Sat Apr  5 11:33:04 2014] PHP Stack trace:
[Sat Apr  5 11:33:04 2014] PHP   1. {main}() /home/devill/git/poker-player-noco/player_service.php:0
[Sat Apr  5 11:33:04 2014] PHP   2. Player->betRequest() /home/devill/git/poker-player-noco/player_service.php:10
[Sat Apr  5 11:33:04 2014] PHP   3. fclose() /home/devill/git/poker-player-noco/player.php:28
[Sat Apr  5 11:33:04 2014] 127.0.0.1:44081 [200]: /player_service.php
couldn't connect to host - [Sat Apr  5 11:33:04 2014] PHP Notice:  Undefined variable: stderr in /home/devill/git/poker-player-noco/player.php on line 28
[Sat Apr  5 11:33:04 2014] PHP Stack trace:
[Sat Apr  5 11:33:04 2014] PHP   1. {main}() /home/devill/git/poker-player-noco/player_service.php:0
[Sat Apr  5 11:33:04 2014] PHP   2. Player->betRequest() /home/devill/git/poker-player-noco/player_service.php:10
[Sat Apr  5 11:33:04 2014] PHP Warning:  fclose() expects parameter 1 to be resource, null given in /home/devill/git/poker-player-noco/player.php on line 28
[Sat Apr  5 11:33:04 2014] PHP Stack trace:
[Sat Apr  5 11:33:04 2014] PHP   1. {main}() /home/devill/git/poker-player-noco/player_service.php:0
[Sat Apr  5 11:33:04 2014] PHP   2. Player->betRequest() /home/devill/git/poker-player-noco/player_service.php:10
[Sat Apr  5 11:33:04 2014] PHP   3. fclose() /home/devill/git/poker-player-noco/player.php:28
[Sat Apr  5 11:33:04 2014] 127.0.0.1:44083 [200]: /player_service.php
couldn't connect to host - [Sat Apr  5 11:33:04 2014] PHP Notice:  Undefined variable: stderr in /home/devill/git/poker-player-noco/player.php on line 28
[Sat Apr  5 11:33:04 2014] PHP Stack trace:
[Sat Apr  5 11:33:04 2014] PHP   1. {main}() /home/devill/git/poker-player-noco/player_service.php:0
[Sat Apr  5 11:33:04 2014] PHP   2. Player->betRequest() /home/devill/git/poker-player-noco/player_service.php:10
[Sat Apr  5 11:33:04 2014] PHP Warning:  fclose() expects parameter 1 to be resource, null given in /home/devill/git/poker-player-noco/player.php on line 28
[Sat Apr  5 11:33:04 2014] PHP Stack trace:
[Sat Apr  5 11:33:04 2014] PHP   1. {main}() /home/devill/git/poker-player-noco/player_service.php:0
[Sat Apr  5 11:33:04 2014] PHP   2. Player->betRequest() /home/devill/git/poker-player-noco/player_service.php:10
[Sat Apr  5 11:33:04 2014] PHP   3. fclose() /home/devill/git/poker-player-noco/player.php:28
[Sat Apr  5 11:33:04 2014] 127.0.0.1:44086 [200]: /player_service.php
couldn't connect to host - [Sat Apr  5 11:33:04 2014] PHP Notice:  Undefined variable: stderr in /home/devill/git/poker-player-noco/player.php on line 28
[Sat Apr  5 11:33:04 2014] PHP Stack trace:
[Sat Apr  5 11:33:04 2014] PHP   1. {main}() /home/devill/git/poker-player-noco/player_service.php:0
[Sat Apr  5 11:33:04 2014] PHP   2. Player->betRequest() /home/devill/git/poker-player-noco/player_service.php:10
[Sat Apr  5 11:33:04 2014] PHP Warning:  fclose() expects parameter 1 to be resource, null given in /home/devill/git/poker-player-noco/player.php on line 28
[Sat Apr  5 11:33:04 2014] PHP Stack trace:
[Sat Apr  5 11:33:04 2014] PHP   1. {main}() /home/devill/git/poker-player-noco/player_service.php:0
[Sat Apr  5 11:33:04 2014] PHP   2. Player->betRequest() /home/devill/git/poker-player-noco/player_service.php:10
[Sat Apr  5 11:33:04 2014] PHP   3. fclose() /home/devill/git/poker-player-noco/player.php:28
[Sat Apr  5 11:33:04 2014] 127.0.0.1:44089 [200]: /player_service.php
[Sat Apr  5 11:33:04 2014] 127.0.0.1:44094 [200]: /player_service.php
[Sat Apr  5 11:33:04 2014] 127.0.0.1:44098 [200]: /player_service.php
[Sat Apr  5 11:33:04 2014] PHP Notice:  Undefined variable: stderr in /home/devill/git/poker-player-noco/player.php on line 28
[Sat Apr  5 11:33:04 2014] PHP Stack trace:
[Sat Apr  5 11:33:04 2014] PHP   1. {main}() /home/devill/git/poker-player-noco/player_service.php:0
[Sat Apr  5 11:33:04 2014] PHP   2. Player->betRequest() /home/devill/git/poker-player-noco/player_service.php:10
[Sat Apr  5 11:33:04 2014] PHP Warning:  fclose() expects parameter 1 to be resource, null given in /home/devill/git/poker-player-noco/player.php on line 28
[Sat Apr  5 11:33:04 2014] PHP Stack trace:
[Sat Apr  5 11:33:04 2014] PHP   1. {main}() /home/devill/git/poker-player-noco/player_service.php:0
[Sat Apr  5 11:33:04 2014] PHP   2. Player->betRequest() /home/devill/git/poker-player-noco/player_service.php:10
[Sat Apr  5 11:33:04 2014] PHP   3. fclose() /home/devill/git/poker-player-noco/player.php:28
[Sat Apr  5 11:33:04 2014] 127.0.0.1:44099 [200]: /player_service.php
couldn't connect to host - [Sat Apr  5 11:33:04 2014] PHP Notice:  Undefined variable: stderr in /home/devill/git/poker-player-noco/player.php on line 28
[Sat Apr  5 11:33:04 2014] PHP Stack trace:
[Sat Apr  5 11:33:04 2014] PHP   1. {main}() /home/devill/git/poker-player-noco/player_service.php:0
[Sat Apr  5 11:33:04 2014] PHP   2. Player->betRequest() /home/devill/git/poker-player-noco/player_service.php:10
[Sat Apr  5 11:33:04 2014] PHP Warning:  fclose() expects parameter 1 to be resource, null given in /home/devill/git/poker-player-noco/player.php on line 28
[Sat Apr  5 11:33:04 2014] PHP Stack trace:
[Sat Apr  5 11:33:04 2014] PHP   1. {main}() /home/devill/git/poker-player-noco/player_service.php:0
[Sat Apr  5 11:33:04 2014] PHP   2. Player->betRequest() /home/devill/git/poker-player-noco/player_service.php:10
[Sat Apr  5 11:33:04 2014] PHP   3. fclose() /home/devill/git/poker-player-noco/player.php:28
[Sat Apr  5 11:33:04 2014] 127.0.0.1:44101 [200]: /player_service.php
couldn't connect to host - [Sat Apr  5 11:33:04 2014] PHP Notice:  Undefined variable: stderr in /home/devill/git/poker-player-noco/player.php on line 28
[Sat Apr  5 11:33:04 2014] PHP Stack trace:
[Sat Apr  5 11:33:04 2014] PHP   1. {main}() /home/devill/git/poker-player-noco/player_service.php:0
[Sat Apr  5 11:33:04 2014] PHP   2. Player->betRequest() /home/devill/git/poker-player-noco/player_service.php:10
[Sat Apr  5 11:33:04 2014] PHP Warning:  fclose() expects parameter 1 to be resource, null given in /home/devill/git/poker-player-noco/player.php on line 28
[Sat Apr  5 11:33:04 2014] PHP Stack trace:
[Sat Apr  5 11:33:04 2014] PHP   1. {main}() /home/devill/git/poker-player-noco/player_service.php:0
[Sat Apr  5 11:33:04 2014] PHP   2. Player->betRequest() /home/devill/git/poker-player-noco/player_service.php:10
[Sat Apr  5 11:33:04 2014] PHP   3. fclose() /home/devill/git/poker-player-noco/player.php:28
[Sat Apr  5 11:33:04 2014] 127.0.0.1:44104 [200]: /player_service.php
couldn't connect to host - [Sat Apr  5 11:33:04 2014] PHP Notice:  Undefined variable: stderr in /home/devill/git/poker-player-noco/player.php on line 28
[Sat Apr  5 11:33:04 2014] PHP Stack trace:
[Sat Apr  5 11:33:04 2014] PHP   1. {main}() /home/devill/git/poker-player-noco/player_service.php:0
[Sat Apr  5 11:33:04 2014] PHP   2. Player->betRequest() /home/devill/git/poker-player-noco/player_service.php:10
[Sat Apr  5 11:33:04 2014] PHP Warning:  fclose() expects parameter 1 to be resource, null given in /home/devill/git/poker-player-noco/player.php on line 28
[Sat Apr  5 11:33:04 2014] PHP Stack trace:
[Sat Apr  5 11:33:04 2014] PHP   1. {main}() /home/devill/git/poker-player-noco/player_service.php:0
[Sat Apr  5 11:33:04 2014] PHP   2. Player->betRequest() /home/devill/git/poker-player-noco/player_service.php:10
[Sat Apr  5 11:33:04 2014] PHP   3. fclose() /home/devill/git/poker-player-noco/player.php:28
[Sat Apr  5 11:33:04 2014] 127.0.0.1:44107 [200]: /player_service.php
[Sat Apr  5 11:33:04 2014] 127.0.0.1:44112 [200]: /player_service.php
[Sat Apr  5 11:33:04 2014] 127.0.0.1:44116 [200]: /player_service.php
[Sat Apr  5 11:33:04 2014] PHP Notice:  Undefined variable: stderr in /home/devill/git/poker-player-noco/player.php on line 28
[Sat Apr  5 11:33:04 2014] PHP Stack trace:
[Sat Apr  5 11:33:04 2014] PHP   1. {main}() /home/devill/git/poker-player-noco/player_service.php:0
[Sat Apr  5 11:33:04 2014] PHP   2. Player->betRequest() /home/devill/git/poker-player-noco/player_service.php:10
[Sat Apr  5 11:33:04 2014] PHP Warning:  fclose() expects parameter 1 to be resource, null given in /home/devill/git/poker-player-noco/player.php on line 28
[Sat Apr  5 11:33:04 2014] PHP Stack trace:
[Sat Apr  5 11:33:04 2014] PHP   1. {main}() /home/devill/git/poker-player-noco/player_service.php:0
[Sat Apr  5 11:33:04 2014] PHP   2. Player->betRequest() /home/devill/git/poker-player-noco/player_service.php:10
[Sat Apr  5 11:33:04 2014] PHP   3. fclose() /home/devill/git/poker-player-noco/player.php:28
[Sat Apr  5 11:33:04 2014] 127.0.0.1:44117 [200]: /player_service.php
couldn't connect to host - [Sat Apr  5 11:33:04 2014] PHP Notice:  Undefined variable: stderr in /home/devill/git/poker-player-noco/player.php on line 28
[Sat Apr  5 11:33:04 2014] PHP Stack trace:
[Sat Apr  5 11:33:04 2014] PHP   1. {main}() /home/devill/git/poker-player-noco/player_service.php:0
[Sat Apr  5 11:33:04 2014] PHP   2. Player->betRequest() /home/devill/git/poker-player-noco/player_service.php:10
[Sat Apr  5 11:33:04 2014] PHP Warning:  fclose() expects parameter 1 to be resource, null given in /home/devill/git/poker-player-noco/player.php on line 28
[Sat Apr  5 11:33:04 2014] PHP Stack trace:
[Sat Apr  5 11:33:04 2014] PHP   1. {main}() /home/devill/git/poker-player-noco/player_service.php:0
[Sat Apr  5 11:33:04 2014] PHP   2. Player->betRequest() /home/devill/git/poker-player-noco/player_service.php:10
[Sat Apr  5 11:33:04 2014] PHP   3. fclose() /home/devill/git/poker-player-noco/player.php:28
[Sat Apr  5 11:33:04 2014] 127.0.0.1:44119 [200]: /player_service.php
couldn't connect to host - [Sat Apr  5 11:33:04 2014] PHP Notice:  Undefined variable: stderr in /home/devill/git/poker-player-noco/player.php on line 28
[Sat Apr  5 11:33:04 2014] PHP Stack trace:
[Sat Apr  5 11:33:04 2014] PHP   1. {main}() /home/devill/git/poker-player-noco/player_service.php:0
[Sat Apr  5 11:33:04 2014] PHP   2. Player->betRequest() /home/devill/git/poker-player-noco/player_service.php:10
[Sat Apr  5 11:33:04 2014] PHP Warning:  fclose() expects parameter 1 to be resource, null given in /home/devill/git/poker-player-noco/player.php on line 28
[Sat Apr  5 11:33:04 2014] PHP Stack trace:
[Sat Apr  5 11:33:04 2014] PHP   1. {main}() /home/devill/git/poker-player-noco/player_service.php:0
[Sat Apr  5 11:33:04 2014] PHP   2. Player->betRequest() /home/devill/git/poker-player-noco/player_service.php:10
[Sat Apr  5 11:33:04 2014] PHP   3. fclose() /home/devill/git/poker-player-noco/player.php:28
[Sat Apr  5 11:33:04 2014] 127.0.0.1:44122 [200]: /player_service.php
couldn't connect to host - [Sat Apr  5 11:33:04 2014] PHP Notice:  Undefined variable: stderr in /home/devill/git/poker-player-noco/player.php on line 28
[Sat Apr  5 11:33:04 2014] PHP Stack trace:
[Sat Apr  5 11:33:04 2014] PHP   1. {main}() /home/devill/git/poker-player-noco/player_service.php:0
[Sat Apr  5 11:33:04 2014] PHP   2. Player->betRequest() /home/devill/git/poker-player-noco/player_service.php:10
[Sat Apr  5 11:33:04 2014] PHP Warning:  fclose() expects parameter 1 to be resource, null given in /home/devill/git/poker-player-noco/player.php on line 28
[Sat Apr  5 11:33:04 2014] PHP Stack trace:
[Sat Apr  5 11:33:04 2014] PHP   1. {main}() /home/devill/git/poker-player-noco/player_service.php:0
[Sat Apr  5 11:33:04 2014] PHP   2. Player->betRequest() /home/devill/git/poker-player-noco/player_service.php:10
[Sat Apr  5 11:33:04 2014] PHP   3. fclose() /home/devill/git/poker-player-noco/player.php:28
[Sat Apr  5 11:33:04 2014] 127.0.0.1:44125 [200]: /player_service.php
[Sat Apr  5 11:33:04 2014] 127.0.0.1:44130 [200]: /player_service.php
[Sat Apr  5 11:33:04 2014] 127.0.0.1:44134 [200]: /player_service.php
[Sat Apr  5 11:33:04 2014] PHP Notice:  Undefined variable: stderr in /home/devill/git/poker-player-noco/player.php on line 28
[Sat Apr  5 11:33:04 2014] PHP Stack trace:
[Sat Apr  5 11:33:04 2014] PHP   1. {main}() /home/devill/git/poker-player-noco/player_service.php:0
[Sat Apr  5 11:33:04 2014] PHP   2. Player->betRequest() /home/devill/git/poker-player-noco/player_service.php:10
[Sat Apr  5 11:33:04 2014] PHP Warning:  fclose() expects parameter 1 to be resource, null given in /home/devill/git/poker-player-noco/player.php on line 28
[Sat Apr  5 11:33:04 2014] PHP Stack trace:
[Sat Apr  5 11:33:04 2014] PHP   1. {main}() /home/devill/git/poker-player-noco/player_service.php:0
[Sat Apr  5 11:33:04 2014] PHP   2. Player->betRequest() /home/devill/git/poker-player-noco/player_service.php:10
[Sat Apr  5 11:33:04 2014] PHP   3. fclose() /home/devill/git/poker-player-noco/player.php:28
[Sat Apr  5 11:33:04 2014] 127.0.0.1:44135 [200]: /player_service.php
couldn't connect to host - [Sat Apr  5 11:33:04 2014] PHP Notice:  Undefined variable: stderr in /home/devill/git/poker-player-noco/player.php on line 28
[Sat Apr  5 11:33:04 2014] PHP Stack trace:
[Sat Apr  5 11:33:04 2014] PHP   1. {main}() /home/devill/git/poker-player-noco/player_service.php:0
[Sat Apr  5 11:33:04 2014] PHP   2. Player->betRequest() /home/devill/git/poker-player-noco/player_service.php:10
[Sat Apr  5 11:33:04 2014] PHP Warning:  fclose() expects parameter 1 to be resource, null given in /home/devill/git/poker-player-noco/player.php on line 28
[Sat Apr  5 11:33:04 2014] PHP Stack trace:
[Sat Apr  5 11:33:04 2014] PHP   1. {main}() /home/devill/git/poker-player-noco/player_service.php:0
[Sat Apr  5 11:33:04 2014] PHP   2. Player->betRequest() /home/devill/git/poker-player-noco/player_service.php:10
[Sat Apr  5 11:33:04 2014] PHP   3. fclose() /home/devill/git/poker-player-noco/player.php:28
[Sat Apr  5 11:33:04 2014] 127.0.0.1:44137 [200]: /player_service.php
couldn't connect to host - [Sat Apr  5 11:33:04 2014] PHP Notice:  Undefined variable: stderr in /home/devill/git/poker-player-noco/player.php on line 28
[Sat Apr  5 11:33:04 2014] PHP Stack trace:
[Sat Apr  5 11:33:04 2014] PHP   1. {main}() /home/devill/git/poker-player-noco/player_service.php:0
[Sat Apr  5 11:33:04 2014] PHP   2. Player->betRequest() /home/devill/git/poker-player-noco/player_service.php:10
[Sat Apr  5 11:33:04 2014] PHP Warning:  fclose() expects parameter 1 to be resource, null given in /home/devill/git/poker-player-noco/player.php on line 28
[Sat Apr  5 11:33:04 2014] PHP Stack trace:
[Sat Apr  5 11:33:04 2014] PHP   1. {main}() /home/devill/git/poker-player-noco/player_service.php:0
[Sat Apr  5 11:33:04 2014] PHP   2. Player->betRequest() /home/devill/git/poker-player-noco/player_service.php:10
[Sat Apr  5 11:33:04 2014] PHP   3. fclose() /home/devill/git/poker-player-noco/player.php:28
[Sat Apr  5 11:33:04 2014] 127.0.0.1:44140 [200]: /player_service.php
couldn't connect to host - [Sat Apr  5 11:33:04 2014] PHP Notice:  Undefined variable: stderr in /home/devill/git/poker-player-noco/player.php on line 28
[Sat Apr  5 11:33:04 2014] PHP Stack trace:
[Sat Apr  5 11:33:04 2014] PHP   1. {main}() /home/devill/git/poker-player-noco/player_service.php:0
[Sat Apr  5 11:33:04 2014] PHP   2. Player->betRequest() /home/devill/git/poker-player-noco/player_service.php:10
[Sat Apr  5 11:33:04 2014] PHP Warning:  fclose() expects parameter 1 to be resource, null given in /home/devill/git/poker-player-noco/player.php on line 28
[Sat Apr  5 11:33:04 2014] PHP Stack trace:
[Sat Apr  5 11:33:04 2014] PHP   1. {main}() /home/devill/git/poker-player-noco/player_service.php:0
[Sat Apr  5 11:33:04 2014] PHP   2. Player->betRequest() /home/devill/git/poker-player-noco/player_service.php:10
[Sat Apr  5 11:33:04 2014] PHP   3. fclose() /home/devill/git/poker-player-noco/player.php:28
[Sat Apr  5 11:33:04 2014] 127.0.0.1:44143 [200]: /player_service.php
[Sat Apr  5 11:33:04 2014] 127.0.0.1:44148 [200]: /player_service.php
[Sat Apr  5 11:33:04 2014] 127.0.0.1:44152 [200]: /player_service.php
[Sat Apr  5 11:33:04 2014] PHP Notice:  Undefined variable: stderr in /home/devill/git/poker-player-noco/player.php on line 28
[Sat Apr  5 11:33:04 2014] PHP Stack trace:
[Sat Apr  5 11:33:04 2014] PHP   1. {main}() /home/devill/git/poker-player-noco/player_service.php:0
[Sat Apr  5 11:33:04 2014] PHP   2. Player->betRequest() /home/devill/git/poker-player-noco/player_service.php:10
[Sat Apr  5 11:33:04 2014] PHP Warning:  fclose() expects parameter 1 to be resource, null given in /home/devill/git/poker-player-noco/player.php on line 28
[Sat Apr  5 11:33:04 2014] PHP Stack trace:
[Sat Apr  5 11:33:04 2014] PHP   1. {main}() /home/devill/git/poker-player-noco/player_service.php:0
[Sat Apr  5 11:33:04 2014] PHP   2. Player->betRequest() /home/devill/git/poker-player-noco/player_service.php:10
[Sat Apr  5 11:33:04 2014] PHP   3. fclose() /home/devill/git/poker-player-noco/player.php:28
[Sat Apr  5 11:33:04 2014] 127.0.0.1:44153 [200]: /player_service.php
couldn't connect to host - [Sat Apr  5 11:33:04 2014] PHP Notice:  Undefined variable: stderr in /home/devill/git/poker-player-noco/player.php on line 28
[Sat Apr  5 11:33:04 2014] PHP Stack trace:
[Sat Apr  5 11:33:04 2014] PHP   1. {main}() /home/devill/git/poker-player-noco/player_service.php:0
[Sat Apr  5 11:33:04 2014] PHP   2. Player->betRequest() /home/devill/git/poker-player-noco/player_service.php:10
[Sat Apr  5 11:33:04 2014] PHP Warning:  fclose() expects parameter 1 to be resource, null given in /home/devill/git/poker-player-noco/player.php on line 28
[Sat Apr  5 11:33:04 2014] PHP Stack trace:
[Sat Apr  5 11:33:04 2014] PHP   1. {main}() /home/devill/git/poker-player-noco/player_service.php:0
[Sat Apr  5 11:33:04 2014] PHP   2. Player->betRequest() /home/devill/git/poker-player-noco/player_service.php:10
[Sat Apr  5 11:33:04 2014] PHP   3. fclose() /home/devill/git/poker-player-noco/player.php:28
[Sat Apr  5 11:33:04 2014] 127.0.0.1:44155 [200]: /player_service.php
couldn't connect to host - [Sat Apr  5 11:33:04 2014] PHP Notice:  Undefined variable: stderr in /home/devill/git/poker-player-noco/player.php on line 28
[Sat Apr  5 11:33:04 2014] PHP Stack trace:
[Sat Apr  5 11:33:04 2014] PHP   1. {main}() /home/devill/git/poker-player-noco/player_service.php:0
[Sat Apr  5 11:33:04 2014] PHP   2. Player->betRequest() /home/devill/git/poker-player-noco/player_service.php:10
[Sat Apr  5 11:33:04 2014] PHP Warning:  fclose() expects parameter 1 to be resource, null given in /home/devill/git/poker-player-noco/player.php on line 28
[Sat Apr  5 11:33:04 2014] PHP Stack trace:
[Sat Apr  5 11:33:04 2014] PHP   1. {main}() /home/devill/git/poker-player-noco/player_service.php:0
[Sat Apr  5 11:33:04 2014] PHP   2. Player->betRequest() /home/devill/git/poker-player-noco/player_service.php:10
[Sat Apr  5 11:33:04 2014] PHP   3. fclose() /home/devill/git/poker-player-noco/player.php:28
[Sat Apr  5 11:33:04 2014] 127.0.0.1:44158 [200]: /player_service.php
couldn't connect to host - [Sat Apr  5 11:33:04 2014] PHP Notice:  Undefined variable: stderr in /home/devill/git/poker-player-noco/player.php on line 28
[Sat Apr  5 11:33:04 2014] PHP Stack trace:
[Sat Apr  5 11:33:04 2014] PHP   1. {main}() /home/devill/git/poker-player-noco/player_service.php:0
[Sat Apr  5 11:33:04 2014] PHP   2. Player->betRequest() /home/devill/git/poker-player-noco/player_service.php:10
[Sat Apr  5 11:33:04 2014] PHP Warning:  fclose() expects parameter 1 to be resource, null given in /home/devill/git/poker-player-noco/player.php on line 28
[Sat Apr  5 11:33:04 2014] PHP Stack trace:
[Sat Apr  5 11:33:04 2014] PHP   1. {main}() /home/devill/git/poker-player-noco/player_service.php:0
[Sat Apr  5 11:33:04 2014] PHP   2. Player->betRequest() /home/devill/git/poker-player-noco/player_service.php:10
[Sat Apr  5 11:33:04 2014] PHP   3. fclose() /home/devill/git/poker-player-noco/player.php:28
[Sat Apr  5 11:33:04 2014] 127.0.0.1:44161 [200]: /player_service.php
[Sat Apr  5 11:33:04 2014] 127.0.0.1:44166 [200]: /player_service.php
[Sat Apr  5 11:33:04 2014] 127.0.0.1:44170 [200]: /player_service.php
[Sat Apr  5 11:33:04 2014] PHP Notice:  Undefined variable: stderr in /home/devill/git/poker-player-noco/player.php on line 28
[Sat Apr  5 11:33:04 2014] PHP Stack trace:
[Sat Apr  5 11:33:04 2014] PHP   1. {main}() /home/devill/git/poker-player-noco/player_service.php:0
[Sat Apr  5 11:33:04 2014] PHP   2. Player->betRequest() /home/devill/git/poker-player-noco/player_service.php:10
[Sat Apr  5 11:33:04 2014] PHP Warning:  fclose() expects parameter 1 to be resource, null given in /home/devill/git/poker-player-noco/player.php on line 28
[Sat Apr  5 11:33:04 2014] PHP Stack trace:
[Sat Apr  5 11:33:04 2014] PHP   1. {main}() /home/devill/git/poker-player-noco/player_service.php:0
[Sat Apr  5 11:33:04 2014] PHP   2. Player->betRequest() /home/devill/git/poker-player-noco/player_service.php:10
[Sat Apr  5 11:33:04 2014] PHP   3. fclose() /home/devill/git/poker-player-noco/player.php:28
[Sat Apr  5 11:33:04 2014] 127.0.0.1:44171 [200]: /player_service.php
couldn't connect to host - [Sat Apr  5 11:33:04 2014] PHP Notice:  Undefined variable: stderr in /home/devill/git/poker-player-noco/player.php on line 28
[Sat Apr  5 11:33:04 2014] PHP Stack trace:
[Sat Apr  5 11:33:04 2014] PHP   1. {main}() /home/devill/git/poker-player-noco/player_service.php:0
[Sat Apr  5 11:33:04 2014] PHP   2. Player->betRequest() /home/devill/git/poker-player-noco/player_service.php:10
[Sat Apr  5 11:33:04 2014] PHP Warning:  fclose() expects parameter 1 to be resource, null given in /home/devill/git/poker-player-noco/player.php on line 28
[Sat Apr  5 11:33:04 2014] PHP Stack trace:
[Sat Apr  5 11:33:04 2014] PHP   1. {main}() /home/devill/git/poker-player-noco/player_service.php:0
[Sat Apr  5 11:33:04 2014] PHP   2. Player->betRequest() /home/devill/git/poker-player-noco/player_service.php:10
[Sat Apr  5 11:33:04 2014] PHP   3. fclose() /home/devill/git/poker-player-noco/player.php:28
[Sat Apr  5 11:33:04 2014] 127.0.0.1:44173 [200]: /player_service.php
couldn't connect to host - [Sat Apr  5 11:33:04 2014] PHP Notice:  Undefined variable: stderr in /home/devill/git/poker-player-noco/player.php on line 28
[Sat Apr  5 11:33:04 2014] PHP Stack trace:
[Sat Apr  5 11:33:04 2014] PHP   1. {main}() /home/devill/git/poker-player-noco/player_service.php:0
[Sat Apr  5 11:33:04 2014] PHP   2. Player->betRequest() /home/devill/git/poker-player-noco/player_service.php:10
[Sat Apr  5 11:33:04 2014] PHP Warning:  fclose() expects parameter 1 to be resource, null given in /home/devill/git/poker-player-noco/player.php on line 28
[Sat Apr  5 11:33:04 2014] PHP Stack trace:
[Sat Apr  5 11:33:04 2014] PHP   1. {main}() /home/devill/git/poker-player-noco/player_service.php:0
[Sat Apr  5 11:33:04 2014] PHP   2. Player->betRequest() /home/devill/git/poker-player-noco/player_service.php:10
[Sat Apr  5 11:33:04 2014] PHP   3. fclose() /home/devill/git/poker-player-noco/player.php:28
[Sat Apr  5 11:33:04 2014] 127.0.0.1:44176 [200]: /player_service.php
couldn't connect to host - [Sat Apr  5 11:33:04 2014] PHP Notice:  Undefined variable: stderr in /home/devill/git/poker-player-noco/player.php on line 28
[Sat Apr  5 11:33:04 2014] PHP Stack trace:
[Sat Apr  5 11:33:04 2014] PHP   1. {main}() /home/devill/git/poker-player-noco/player_service.php:0
[Sat Apr  5 11:33:04 2014] PHP   2. Player->betRequest() /home/devill/git/poker-player-noco/player_service.php:10
[Sat Apr  5 11:33:04 2014] PHP Warning:  fclose() expects parameter 1 to be resource, null given in /home/devill/git/poker-player-noco/player.php on line 28
[Sat Apr  5 11:33:04 2014] PHP Stack trace:
[Sat Apr  5 11:33:04 2014] PHP   1. {main}() /home/devill/git/poker-player-noco/player_service.php:0
[Sat Apr  5 11:33:04 2014] PHP   2. Player->betRequest() /home/devill/git/poker-player-noco/player_service.php:10
[Sat Apr  5 11:33:04 2014] PHP   3. fclose() /home/devill/git/poker-player-noco/player.php:28
[Sat Apr  5 11:33:04 2014] 127.0.0.1:44179 [200]: /player_service.php
[Sat Apr  5 11:33:04 2014] 127.0.0.1:44184 [200]: /player_service.php
[Sat Apr  5 11:33:04 2014] 127.0.0.1:44188 [200]: /player_service.php
[Sat Apr  5 11:33:04 2014] PHP Notice:  Undefined variable: stderr in /home/devill/git/poker-player-noco/player.php on line 28
[Sat Apr  5 11:33:04 2014] PHP Stack trace:
[Sat Apr  5 11:33:04 2014] PHP   1. {main}() /home/devill/git/poker-player-noco/player_service.php:0
[Sat Apr  5 11:33:04 2014] PHP   2. Player->betRequest() /home/devill/git/poker-player-noco/player_service.php:10
[Sat Apr  5 11:33:04 2014] PHP Warning:  fclose() expects parameter 1 to be resource, null given in /home/devill/git/poker-player-noco/player.php on line 28
[Sat Apr  5 11:33:04 2014] PHP Stack trace:
[Sat Apr  5 11:33:04 2014] PHP   1. {main}() /home/devill/git/poker-player-noco/player_service.php:0
[Sat Apr  5 11:33:04 2014] PHP   2. Player->betRequest() /home/devill/git/poker-player-noco/player_service.php:10
[Sat Apr  5 11:33:04 2014] PHP   3. fclose() /home/devill/git/poker-player-noco/player.php:28
[Sat Apr  5 11:33:04 2014] 127.0.0.1:44189 [200]: /player_service.php
couldn't connect to host - [Sat Apr  5 11:33:04 2014] PHP Notice:  Undefined variable: stderr in /home/devill/git/poker-player-noco/player.php on line 28
[Sat Apr  5 11:33:04 2014] PHP Stack trace:
[Sat Apr  5 11:33:04 2014] PHP   1. {main}() /home/devill/git/poker-player-noco/player_service.php:0
[Sat Apr  5 11:33:04 2014] PHP   2. Player->betRequest() /home/devill/git/poker-player-noco/player_service.php:10
[Sat Apr  5 11:33:04 2014] PHP Warning:  fclose() expects parameter 1 to be resource, null given in /home/devill/git/poker-player-noco/player.php on line 28
[Sat Apr  5 11:33:04 2014] PHP Stack trace:
[Sat Apr  5 11:33:04 2014] PHP   1. {main}() /home/devill/git/poker-player-noco/player_service.php:0
[Sat Apr  5 11:33:04 2014] PHP   2. Player->betRequest() /home/devill/git/poker-player-noco/player_service.php:10
[Sat Apr  5 11:33:04 2014] PHP   3. fclose() /home/devill/git/poker-player-noco/player.php:28
[Sat Apr  5 11:33:04 2014] 127.0.0.1:44191 [200]: /player_service.php
couldn't connect to host - [Sat Apr  5 11:33:04 2014] PHP Notice:  Undefined variable: stderr in /home/devill/git/poker-player-noco/player.php on line 28
[Sat Apr  5 11:33:04 2014] PHP Stack trace:
[Sat Apr  5 11:33:04 2014] PHP   1. {main}() /home/devill/git/poker-player-noco/player_service.php:0
[Sat Apr  5 11:33:04 2014] PHP   2. Player->betRequest() /home/devill/git/poker-player-noco/player_service.php:10
[Sat Apr  5 11:33:04 2014] PHP Warning:  fclose() expects parameter 1 to be resource, null given in /home/devill/git/poker-player-noco/player.php on line 28
[Sat Apr  5 11:33:04 2014] PHP Stack trace:
[Sat Apr  5 11:33:04 2014] PHP   1. {main}() /home/devill/git/poker-player-noco/player_service.php:0
[Sat Apr  5 11:33:04 2014] PHP   2. Player->betRequest() /home/devill/git/poker-player-noco/player_service.php:10
[Sat Apr  5 11:33:04 2014] PHP   3. fclose() /home/devill/git/poker-player-noco/player.php:28
[Sat Apr  5 11:33:04 2014] 127.0.0.1:44194 [200]: /player_service.php
couldn't connect to host - [Sat Apr  5 11:33:04 2014] PHP Notice:  Undefined variable: stderr in /home/devill/git/poker-player-noco/player.php on line 28
[Sat Apr  5 11:33:04 2014] PHP Stack trace:
[Sat Apr  5 11:33:04 2014] PHP   1. {main}() /home/devill/git/poker-player-noco/player_service.php:0
[Sat Apr  5 11:33:04 2014] PHP   2. Player->betRequest() /home/devill/git/poker-player-noco/player_service.php:10
[Sat Apr  5 11:33:04 2014] PHP Warning:  fclose() expects parameter 1 to be resource, null given in /home/devill/git/poker-player-noco/player.php on line 28
[Sat Apr  5 11:33:04 2014] PHP Stack trace:
[Sat Apr  5 11:33:04 2014] PHP   1. {main}() /home/devill/git/poker-player-noco/player_service.php:0
[Sat Apr  5 11:33:04 2014] PHP   2. Player->betRequest() /home/devill/git/poker-player-noco/player_service.php:10
[Sat Apr  5 11:33:04 2014] PHP   3. fclose() /home/devill/git/poker-player-noco/player.php:28
[Sat Apr  5 11:33:04 2014] 127.0.0.1:44197 [200]: /player_service.php
[Sat Apr  5 11:33:04 2014] 127.0.0.1:44202 [200]: /player_service.php
[Sat Apr  5 11:33:04 2014] 127.0.0.1:44206 [200]: /player_service.php
[Sat Apr  5 11:33:04 2014] PHP Notice:  Undefined variable: stderr in /home/devill/git/poker-player-noco/player.php on line 28
[Sat Apr  5 11:33:04 2014] PHP Stack trace:
[Sat Apr  5 11:33:04 2014] PHP   1. {main}() /home/devill/git/poker-player-noco/player_service.php:0
[Sat Apr  5 11:33:04 2014] PHP   2. Player->betRequest() /home/devill/git/poker-player-noco/player_service.php:10
[Sat Apr  5 11:33:04 2014] PHP Warning:  fclose() expects parameter 1 to be resource, null given in /home/devill/git/poker-player-noco/player.php on line 28
[Sat Apr  5 11:33:04 2014] PHP Stack trace:
[Sat Apr  5 11:33:04 2014] PHP   1. {main}() /home/devill/git/poker-player-noco/player_service.php:0
[Sat Apr  5 11:33:04 2014] PHP   2. Player->betRequest() /home/devill/git/poker-player-noco/player_service.php:10
[Sat Apr  5 11:33:04 2014] PHP   3. fclose() /home/devill/git/poker-player-noco/player.php:28
[Sat Apr  5 11:33:04 2014] 127.0.0.1:44207 [200]: /player_service.php
couldn't connect to host - [Sat Apr  5 11:33:04 2014] PHP Notice:  Undefined variable: stderr in /home/devill/git/poker-player-noco/player.php on line 28
[Sat Apr  5 11:33:04 2014] PHP Stack trace:
[Sat Apr  5 11:33:04 2014] PHP   1. {main}() /home/devill/git/poker-player-noco/player_service.php:0
[Sat Apr  5 11:33:04 2014] PHP   2. Player->betRequest() /home/devill/git/poker-player-noco/player_service.php:10
[Sat Apr  5 11:33:04 2014] PHP Warning:  fclose() expects parameter 1 to be resource, null given in /home/devill/git/poker-player-noco/player.php on line 28
[Sat Apr  5 11:33:04 2014] PHP Stack trace:
[Sat Apr  5 11:33:04 2014] PHP   1. {main}() /home/devill/git/poker-player-noco/player_service.php:0
[Sat Apr  5 11:33:04 2014] PHP   2. Player->betRequest() /home/devill/git/poker-player-noco/player_service.php:10
[Sat Apr  5 11:33:04 2014] PHP   3. fclose() /home/devill/git/poker-player-noco/player.php:28
[Sat Apr  5 11:33:04 2014] 127.0.0.1:44209 [200]: /player_service.php
couldn't connect to host - [Sat Apr  5 11:33:04 2014] PHP Notice:  Undefined variable: stderr in /home/devill/git/poker-player-noco/player.php on line 28
[Sat Apr  5 11:33:04 2014] PHP Stack trace:
[Sat Apr  5 11:33:04 2014] PHP   1. {main}() /home/devill/git/poker-player-noco/player_service.php:0
[Sat Apr  5 11:33:04 2014] PHP   2. Player->betRequest() /home/devill/git/poker-player-noco/player_service.php:10
[Sat Apr  5 11:33:04 2014] PHP Warning:  fclose() expects parameter 1 to be resource, null given in /home/devill/git/poker-player-noco/player.php on line 28
[Sat Apr  5 11:33:04 2014] PHP Stack trace:
[Sat Apr  5 11:33:04 2014] PHP   1. {main}() /home/devill/git/poker-player-noco/player_service.php:0
[Sat Apr  5 11:33:04 2014] PHP   2. Player->betRequest() /home/devill/git/poker-player-noco/player_service.php:10
[Sat Apr  5 11:33:04 2014] PHP   3. fclose() /home/devill/git/poker-player-noco/player.php:28
[Sat Apr  5 11:33:04 2014] 127.0.0.1:44212 [200]: /player_service.php
couldn't connect to host - [Sat Apr  5 11:33:04 2014] PHP Notice:  Undefined variable: stderr in /home/devill/git/poker-player-noco/player.php on line 28
[Sat Apr  5 11:33:04 2014] PHP Stack trace:
[Sat Apr  5 11:33:04 2014] PHP   1. {main}() /home/devill/git/poker-player-noco/player_service.php:0
[Sat Apr  5 11:33:04 2014] PHP   2. Player->betRequest() /home/devill/git/poker-player-noco/player_service.php:10
[Sat Apr  5 11:33:04 2014] PHP Warning:  fclose() expects parameter 1 to be resource, null given in /home/devill/git/poker-player-noco/player.php on line 28
[Sat Apr  5 11:33:04 2014] PHP Stack trace:
[Sat Apr  5 11:33:04 2014] PHP   1. {main}() /home/devill/git/poker-player-noco/player_service.php:0
[Sat Apr  5 11:33:04 2014] PHP   2. Player->betRequest() /home/devill/git/poker-player-noco/player_service.php:10
[Sat Apr  5 11:33:04 2014] PHP   3. fclose() /home/devill/git/poker-player-noco/player.php:28
[Sat Apr  5 11:33:04 2014] 127.0.0.1:44215 [200]: /player_service.php
[Sat Apr  5 11:33:04 2014] 127.0.0.1:44220 [200]: /player_service.php
[Sat Apr  5 11:33:04 2014] 127.0.0.1:44224 [200]: /player_service.php
[Sat Apr  5 11:33:04 2014] PHP Notice:  Undefined variable: stderr in /home/devill/git/poker-player-noco/player.php on line 28
[Sat Apr  5 11:33:04 2014] PHP Stack trace:
[Sat Apr  5 11:33:04 2014] PHP   1. {main}() /home/devill/git/poker-player-noco/player_service.php:0
[Sat Apr  5 11:33:04 2014] PHP   2. Player->betRequest() /home/devill/git/poker-player-noco/player_service.php:10
[Sat Apr  5 11:33:04 2014] PHP Warning:  fclose() expects parameter 1 to be resource, null given in /home/devill/git/poker-player-noco/player.php on line 28
[Sat Apr  5 11:33:04 2014] PHP Stack trace:
[Sat Apr  5 11:33:04 2014] PHP   1. {main}() /home/devill/git/poker-player-noco/player_service.php:0
[Sat Apr  5 11:33:04 2014] PHP   2. Player->betRequest() /home/devill/git/poker-player-noco/player_service.php:10
[Sat Apr  5 11:33:04 2014] PHP   3. fclose() /home/devill/git/poker-player-noco/player.php:28
[Sat Apr  5 11:33:04 2014] 127.0.0.1:44225 [200]: /player_service.php
couldn't connect to host - [Sat Apr  5 11:33:04 2014] PHP Notice:  Undefined variable: stderr in /home/devill/git/poker-player-noco/player.php on line 28
[Sat Apr  5 11:33:04 2014] PHP Stack trace:
[Sat Apr  5 11:33:04 2014] PHP   1. {main}() /home/devill/git/poker-player-noco/player_service.php:0
[Sat Apr  5 11:33:04 2014] PHP   2. Player->betRequest() /home/devill/git/poker-player-noco/player_service.php:10
[Sat Apr  5 11:33:04 2014] PHP Warning:  fclose() expects parameter 1 to be resource, null given in /home/devill/git/poker-player-noco/player.php on line 28
[Sat Apr  5 11:33:04 2014] PHP Stack trace:
[Sat Apr  5 11:33:04 2014] PHP   1. {main}() /home/devill/git/poker-player-noco/player_service.php:0
[Sat Apr  5 11:33:04 2014] PHP   2. Player->betRequest() /home/devill/git/poker-player-noco/player_service.php:10
[Sat Apr  5 11:33:04 2014] PHP   3. fclose() /home/devill/git/poker-player-noco/player.php:28
[Sat Apr  5 11:33:04 2014] 127.0.0.1:44227 [200]: /player_service.php
couldn't connect to host - [Sat Apr  5 11:33:04 2014] PHP Notice:  Undefined variable: stderr in /home/devill/git/poker-player-noco/player.php on line 28
[Sat Apr  5 11:33:04 2014] PHP Stack trace:
[Sat Apr  5 11:33:04 2014] PHP   1. {main}() /home/devill/git/poker-player-noco/player_service.php:0
[Sat Apr  5 11:33:04 2014] PHP   2. Player->betRequest() /home/devill/git/poker-player-noco/player_service.php:10
[Sat Apr  5 11:33:04 2014] PHP Warning:  fclose() expects parameter 1 to be resource, null given in /home/devill/git/poker-player-noco/player.php on line 28
[Sat Apr  5 11:33:04 2014] PHP Stack trace:
[Sat Apr  5 11:33:04 2014] PHP   1. {main}() /home/devill/git/poker-player-noco/player_service.php:0
[Sat Apr  5 11:33:04 2014] PHP   2. Player->betRequest() /home/devill/git/poker-player-noco/player_service.php:10
[Sat Apr  5 11:33:04 2014] PHP   3. fclose() /home/devill/git/poker-player-noco/player.php:28
[Sat Apr  5 11:33:04 2014] 127.0.0.1:44230 [200]: /player_service.php
couldn't connect to host - [Sat Apr  5 11:33:04 2014] PHP Notice:  Undefined variable: stderr in /home/devill/git/poker-player-noco/player.php on line 28
[Sat Apr  5 11:33:04 2014] PHP Stack trace:
[Sat Apr  5 11:33:04 2014] PHP   1. {main}() /home/devill/git/poker-player-noco/player_service.php:0
[Sat Apr  5 11:33:04 2014] PHP   2. Player->betRequest() /home/devill/git/poker-player-noco/player_service.php:10
[Sat Apr  5 11:33:04 2014] PHP Warning:  fclose() expects parameter 1 to be resource, null given in /home/devill/git/poker-player-noco/player.php on line 28
[Sat Apr  5 11:33:04 2014] PHP Stack trace:
[Sat Apr  5 11:33:04 2014] PHP   1. {main}() /home/devill/git/poker-player-noco/player_service.php:0
[Sat Apr  5 11:33:04 2014] PHP   2. Player->betRequest() /home/devill/git/poker-player-noco/player_service.php:10
[Sat Apr  5 11:33:04 2014] PHP   3. fclose() /home/devill/git/poker-player-noco/player.php:28
[Sat Apr  5 11:33:04 2014] 127.0.0.1:44233 [200]: /player_service.php
[Sat Apr  5 11:33:04 2014] 127.0.0.1:44238 [200]: /player_service.php
[Sat Apr  5 11:33:04 2014] 127.0.0.1:44242 [200]: /player_service.php
[Sat Apr  5 11:33:04 2014] PHP Notice:  Undefined variable: stderr in /home/devill/git/poker-player-noco/player.php on line 28
[Sat Apr  5 11:33:04 2014] PHP Stack trace:
[Sat Apr  5 11:33:04 2014] PHP   1. {main}() /home/devill/git/poker-player-noco/player_service.php:0
[Sat Apr  5 11:33:04 2014] PHP   2. Player->betRequest() /home/devill/git/poker-player-noco/player_service.php:10
[Sat Apr  5 11:33:04 2014] PHP Warning:  fclose() expects parameter 1 to be resource, null given in /home/devill/git/poker-player-noco/player.php on line 28
[Sat Apr  5 11:33:04 2014] PHP Stack trace:
[Sat Apr  5 11:33:04 2014] PHP   1. {main}() /home/devill/git/poker-player-noco/player_service.php:0
[Sat Apr  5 11:33:04 2014] PHP   2. Player->betRequest() /home/devill/git/poker-player-noco/player_service.php:10
[Sat Apr  5 11:33:04 2014] PHP   3. fclose() /home/devill/git/poker-player-noco/player.php:28
[Sat Apr  5 11:33:04 2014] 127.0.0.1:44243 [200]: /player_service.php
couldn't connect to host - [Sat Apr  5 11:33:04 2014] PHP Notice:  Undefined variable: stderr in /home/devill/git/poker-player-noco/player.php on line 28
[Sat Apr  5 11:33:04 2014] PHP Stack trace:
[Sat Apr  5 11:33:04 2014] PHP   1. {main}() /home/devill/git/poker-player-noco/player_service.php:0
[Sat Apr  5 11:33:04 2014] PHP   2. Player->betRequest() /home/devill/git/poker-player-noco/player_service.php:10
[Sat Apr  5 11:33:04 2014] PHP Warning:  fclose() expects parameter 1 to be resource, null given in /home/devill/git/poker-player-noco/player.php on line 28
[Sat Apr  5 11:33:04 2014] PHP Stack trace:
[Sat Apr  5 11:33:04 2014] PHP   1. {main}() /home/devill/git/poker-player-noco/player_service.php:0
[Sat Apr  5 11:33:04 2014] PHP   2. Player->betRequest() /home/devill/git/poker-player-noco/player_service.php:10
[Sat Apr  5 11:33:04 2014] PHP   3. fclose() /home/devill/git/poker-player-noco/player.php:28
[Sat Apr  5 11:33:04 2014] 127.0.0.1:44245 [200]: /player_service.php
couldn't connect to host - [Sat Apr  5 11:33:04 2014] PHP Notice:  Undefined variable: stderr in /home/devill/git/poker-player-noco/player.php on line 28
[Sat Apr  5 11:33:04 2014] PHP Stack trace:
[Sat Apr  5 11:33:04 2014] PHP   1. {main}() /home/devill/git/poker-player-noco/player_service.php:0
[Sat Apr  5 11:33:04 2014] PHP   2. Player->betRequest() /home/devill/git/poker-player-noco/player_service.php:10
[Sat Apr  5 11:33:04 2014] PHP Warning:  fclose() expects parameter 1 to be resource, null given in /home/devill/git/poker-player-noco/player.php on line 28
[Sat Apr  5 11:33:04 2014] PHP Stack trace:
[Sat Apr  5 11:33:04 2014] PHP   1. {main}() /home/devill/git/poker-player-noco/player_service.php:0
[Sat Apr  5 11:33:04 2014] PHP   2. Player->betRequest() /home/devill/git/poker-player-noco/player_service.php:10
[Sat Apr  5 11:33:04 2014] PHP   3. fclose() /home/devill/git/poker-player-noco/player.php:28
[Sat Apr  5 11:33:04 2014] 127.0.0.1:44248 [200]: /player_service.php
couldn't connect to host - [Sat Apr  5 11:33:04 2014] PHP Notice:  Undefined variable: stderr in /home/devill/git/poker-player-noco/player.php on line 28
[Sat Apr  5 11:33:04 2014] PHP Stack trace:
[Sat Apr  5 11:33:04 2014] PHP   1. {main}() /home/devill/git/poker-player-noco/player_service.php:0
[Sat Apr  5 11:33:04 2014] PHP   2. Player->betRequest() /home/devill/git/poker-player-noco/player_service.php:10
[Sat Apr  5 11:33:04 2014] PHP Warning:  fclose() expects parameter 1 to be resource, null given in /home/devill/git/poker-player-noco/player.php on line 28
[Sat Apr  5 11:33:04 2014] PHP Stack trace:
[Sat Apr  5 11:33:04 2014] PHP   1. {main}() /home/devill/git/poker-player-noco/player_service.php:0
[Sat Apr  5 11:33:04 2014] PHP   2. Player->betRequest() /home/devill/git/poker-player-noco/player_service.php:10
[Sat Apr  5 11:33:04 2014] PHP   3. fclose() /home/devill/git/poker-player-noco/player.php:28
[Sat Apr  5 11:33:04 2014] 127.0.0.1:44251 [200]: /player_service.php
[Sat Apr  5 11:33:04 2014] 127.0.0.1:44256 [200]: /player_service.php
[Sat Apr  5 11:33:04 2014] 127.0.0.1:44260 [200]: /player_service.php
[Sat Apr  5 11:33:04 2014] PHP Notice:  Undefined variable: stderr in /home/devill/git/poker-player-noco/player.php on line 28
[Sat Apr  5 11:33:04 2014] PHP Stack trace:
[Sat Apr  5 11:33:04 2014] PHP   1. {main}() /home/devill/git/poker-player-noco/player_service.php:0
[Sat Apr  5 11:33:04 2014] PHP   2. Player->betRequest() /home/devill/git/poker-player-noco/player_service.php:10
[Sat Apr  5 11:33:04 2014] PHP Warning:  fclose() expects parameter 1 to be resource, null given in /home/devill/git/poker-player-noco/player.php on line 28
[Sat Apr  5 11:33:04 2014] PHP Stack trace:
[Sat Apr  5 11:33:04 2014] PHP   1. {main}() /home/devill/git/poker-player-noco/player_service.php:0
[Sat Apr  5 11:33:04 2014] PHP   2. Player->betRequest() /home/devill/git/poker-player-noco/player_service.php:10
[Sat Apr  5 11:33:04 2014] PHP   3. fclose() /home/devill/git/poker-player-noco/player.php:28
[Sat Apr  5 11:33:04 2014] 127.0.0.1:44261 [200]: /player_service.php
couldn't connect to host - [Sat Apr  5 11:33:04 2014] PHP Notice:  Undefined variable: stderr in /home/devill/git/poker-player-noco/player.php on line 28
[Sat Apr  5 11:33:04 2014] PHP Stack trace:
[Sat Apr  5 11:33:04 2014] PHP   1. {main}() /home/devill/git/poker-player-noco/player_service.php:0
[Sat Apr  5 11:33:04 2014] PHP   2. Player->betRequest() /home/devill/git/poker-player-noco/player_service.php:10
[Sat Apr  5 11:33:04 2014] PHP Warning:  fclose() expects parameter 1 to be resource, null given in /home/devill/git/poker-player-noco/player.php on line 28
[Sat Apr  5 11:33:04 2014] PHP Stack trace:
[Sat Apr  5 11:33:04 2014] PHP   1. {main}() /home/devill/git/poker-player-noco/player_service.php:0
[Sat Apr  5 11:33:04 2014] PHP   2. Player->betRequest() /home/devill/git/poker-player-noco/player_service.php:10
[Sat Apr  5 11:33:04 2014] PHP   3. fclose() /home/devill/git/poker-player-noco/player.php:28
[Sat Apr  5 11:33:04 2014] 127.0.0.1:44263 [200]: /player_service.php
couldn't connect to host - [Sat Apr  5 11:33:04 2014] PHP Notice:  Undefined variable: stderr in /home/devill/git/poker-player-noco/player.php on line 28
[Sat Apr  5 11:33:04 2014] PHP Stack trace:
[Sat Apr  5 11:33:04 2014] PHP   1. {main}() /home/devill/git/poker-player-noco/player_service.php:0
[Sat Apr  5 11:33:04 2014] PHP   2. Player->betRequest() /home/devill/git/poker-player-noco/player_service.php:10
[Sat Apr  5 11:33:04 2014] PHP Warning:  fclose() expects parameter 1 to be resource, null given in /home/devill/git/poker-player-noco/player.php on line 28
[Sat Apr  5 11:33:04 2014] PHP Stack trace:
[Sat Apr  5 11:33:04 2014] PHP   1. {main}() /home/devill/git/poker-player-noco/player_service.php:0
[Sat Apr  5 11:33:04 2014] PHP   2. Player->betRequest() /home/devill/git/poker-player-noco/player_service.php:10
[Sat Apr  5 11:33:04 2014] PHP   3. fclose() /home/devill/git/poker-player-noco/player.php:28
[Sat Apr  5 11:33:04 2014] 127.0.0.1:44266 [200]: /player_service.php
couldn't connect to host - [Sat Apr  5 11:33:04 2014] PHP Notice:  Undefined variable: stderr in /home/devill/git/poker-player-noco/player.php on line 28
[Sat Apr  5 11:33:04 2014] PHP Stack trace:
[Sat Apr  5 11:33:04 2014] PHP   1. {main}() /home/devill/git/poker-player-noco/player_service.php:0
[Sat Apr  5 11:33:04 2014] PHP   2. Player->betRequest() /home/devill/git/poker-player-noco/player_service.php:10
[Sat Apr  5 11:33:04 2014] PHP Warning:  fclose() expects parameter 1 to be resource, null given in /home/devill/git/poker-player-noco/player.php on line 28
[Sat Apr  5 11:33:04 2014] PHP Stack trace:
[Sat Apr  5 11:33:04 2014] PHP   1. {main}() /home/devill/git/poker-player-noco/player_service.php:0
[Sat Apr  5 11:33:04 2014] PHP   2. Player->betRequest() /home/devill/git/poker-player-noco/player_service.php:10
[Sat Apr  5 11:33:04 2014] PHP   3. fclose() /home/devill/git/poker-player-noco/player.php:28
[Sat Apr  5 11:33:04 2014] 127.0.0.1:44269 [200]: /player_service.php
[Sat Apr  5 11:33:04 2014] 127.0.0.1:44274 [200]: /player_service.php
[Sat Apr  5 11:33:04 2014] 127.0.0.1:44278 [200]: /player_service.php
[Sat Apr  5 11:33:04 2014] PHP Notice:  Undefined variable: stderr in /home/devill/git/poker-player-noco/player.php on line 28
[Sat Apr  5 11:33:04 2014] PHP Stack trace:
[Sat Apr  5 11:33:04 2014] PHP   1. {main}() /home/devill/git/poker-player-noco/player_service.php:0
[Sat Apr  5 11:33:04 2014] PHP   2. Player->betRequest() /home/devill/git/poker-player-noco/player_service.php:10
[Sat Apr  5 11:33:04 2014] PHP Warning:  fclose() expects parameter 1 to be resource, null given in /home/devill/git/poker-player-noco/player.php on line 28
[Sat Apr  5 11:33:04 2014] PHP Stack trace:
[Sat Apr  5 11:33:04 2014] PHP   1. {main}() /home/devill/git/poker-player-noco/player_service.php:0
[Sat Apr  5 11:33:04 2014] PHP   2. Player->betRequest() /home/devill/git/poker-player-noco/player_service.php:10
[Sat Apr  5 11:33:04 2014] PHP   3. fclose() /home/devill/git/poker-player-noco/player.php:28
[Sat Apr  5 11:33:04 2014] 127.0.0.1:44279 [200]: /player_service.php
couldn't connect to host - [Sat Apr  5 11:33:04 2014] PHP Notice:  Undefined variable: stderr in /home/devill/git/poker-player-noco/player.php on line 28
[Sat Apr  5 11:33:04 2014] PHP Stack trace:
[Sat Apr  5 11:33:04 2014] PHP   1. {main}() /home/devill/git/poker-player-noco/player_service.php:0
[Sat Apr  5 11:33:04 2014] PHP   2. Player->betRequest() /home/devill/git/poker-player-noco/player_service.php:10
[Sat Apr  5 11:33:04 2014] PHP Warning:  fclose() expects parameter 1 to be resource, null given in /home/devill/git/poker-player-noco/player.php on line 28
[Sat Apr  5 11:33:04 2014] PHP Stack trace:
[Sat Apr  5 11:33:04 2014] PHP   1. {main}() /home/devill/git/poker-player-noco/player_service.php:0
[Sat Apr  5 11:33:04 2014] PHP   2. Player->betRequest() /home/devill/git/poker-player-noco/player_service.php:10
[Sat Apr  5 11:33:04 2014] PHP   3. fclose() /home/devill/git/poker-player-noco/player.php:28
[Sat Apr  5 11:33:04 2014] 127.0.0.1:44281 [200]: /player_service.php
couldn't connect to host - [Sat Apr  5 11:33:04 2014] PHP Notice:  Undefined variable: stderr in /home/devill/git/poker-player-noco/player.php on line 28
[Sat Apr  5 11:33:04 2014] PHP Stack trace:
[Sat Apr  5 11:33:04 2014] PHP   1. {main}() /home/devill/git/poker-player-noco/player_service.php:0
[Sat Apr  5 11:33:04 2014] PHP   2. Player->betRequest() /home/devill/git/poker-player-noco/player_service.php:10
[Sat Apr  5 11:33:04 2014] PHP Warning:  fclose() expects parameter 1 to be resource, null given in /home/devill/git/poker-player-noco/player.php on line 28
[Sat Apr  5 11:33:04 2014] PHP Stack trace:
[Sat Apr  5 11:33:04 2014] PHP   1. {main}() /home/devill/git/poker-player-noco/player_service.php:0
[Sat Apr  5 11:33:04 2014] PHP   2. Player->betRequest() /home/devill/git/poker-player-noco/player_service.php:10
[Sat Apr  5 11:33:04 2014] PHP   3. fclose() /home/devill/git/poker-player-noco/player.php:28
[Sat Apr  5 11:33:04 2014] 127.0.0.1:44284 [200]: /player_service.php
couldn't connect to host - [Sat Apr  5 11:33:04 2014] PHP Notice:  Undefined variable: stderr in /home/devill/git/poker-player-noco/player.php on line 28
[Sat Apr  5 11:33:04 2014] PHP Stack trace:
[Sat Apr  5 11:33:04 2014] PHP   1. {main}() /home/devill/git/poker-player-noco/player_service.php:0
[Sat Apr  5 11:33:04 2014] PHP   2. Player->betRequest() /home/devill/git/poker-player-noco/player_service.php:10
[Sat Apr  5 11:33:04 2014] PHP Warning:  fclose() expects parameter 1 to be resource, null given in /home/devill/git/poker-player-noco/player.php on line 28
[Sat Apr  5 11:33:04 2014] PHP Stack trace:
[Sat Apr  5 11:33:04 2014] PHP   1. {main}() /home/devill/git/poker-player-noco/player_service.php:0
[Sat Apr  5 11:33:04 2014] PHP   2. Player->betRequest() /home/devill/git/poker-player-noco/player_service.php:10
[Sat Apr  5 11:33:04 2014] PHP   3. fclose() /home/devill/git/poker-player-noco/player.php:28
[Sat Apr  5 11:33:04 2014] 127.0.0.1:44287 [200]: /player_service.php
[Sat Apr  5 11:33:04 2014] 127.0.0.1:44292 [200]: /player_service.php
[Sat Apr  5 11:33:04 2014] 127.0.0.1:44296 [200]: /player_service.php
[Sat Apr  5 11:33:04 2014] PHP Notice:  Undefined variable: stderr in /home/devill/git/poker-player-noco/player.php on line 28
[Sat Apr  5 11:33:04 2014] PHP Stack trace:
[Sat Apr  5 11:33:04 2014] PHP   1. {main}() /home/devill/git/poker-player-noco/player_service.php:0
[Sat Apr  5 11:33:04 2014] PHP   2. Player->betRequest() /home/devill/git/poker-player-noco/player_service.php:10
[Sat Apr  5 11:33:04 2014] PHP Warning:  fclose() expects parameter 1 to be resource, null given in /home/devill/git/poker-player-noco/player.php on line 28
[Sat Apr  5 11:33:04 2014] PHP Stack trace:
[Sat Apr  5 11:33:04 2014] PHP   1. {main}() /home/devill/git/poker-player-noco/player_service.php:0
[Sat Apr  5 11:33:04 2014] PHP   2. Player->betRequest() /home/devill/git/poker-player-noco/player_service.php:10
[Sat Apr  5 11:33:04 2014] PHP   3. fclose() /home/devill/git/poker-player-noco/player.php:28
[Sat Apr  5 11:33:04 2014] 127.0.0.1:44297 [200]: /player_service.php
couldn't connect to host - [Sat Apr  5 11:33:04 2014] PHP Notice:  Undefined variable: stderr in /home/devill/git/poker-player-noco/player.php on line 28
[Sat Apr  5 11:33:04 2014] PHP Stack trace:
[Sat Apr  5 11:33:04 2014] PHP   1. {main}() /home/devill/git/poker-player-noco/player_service.php:0
[Sat Apr  5 11:33:04 2014] PHP   2. Player->betRequest() /home/devill/git/poker-player-noco/player_service.php:10
[Sat Apr  5 11:33:04 2014] PHP Warning:  fclose() expects parameter 1 to be resource, null given in /home/devill/git/poker-player-noco/player.php on line 28
[Sat Apr  5 11:33:04 2014] PHP Stack trace:
[Sat Apr  5 11:33:04 2014] PHP   1. {main}() /home/devill/git/poker-player-noco/player_service.php:0
[Sat Apr  5 11:33:04 2014] PHP   2. Player->betRequest() /home/devill/git/poker-player-noco/player_service.php:10
[Sat Apr  5 11:33:04 2014] PHP   3. fclose() /home/devill/git/poker-player-noco/player.php:28
[Sat Apr  5 11:33:04 2014] 127.0.0.1:44299 [200]: /player_service.php
couldn't connect to host - [Sat Apr  5 11:33:04 2014] PHP Notice:  Undefined variable: stderr in /home/devill/git/poker-player-noco/player.php on line 28
[Sat Apr  5 11:33:04 2014] PHP Stack trace:
[Sat Apr  5 11:33:04 2014] PHP   1. {main}() /home/devill/git/poker-player-noco/player_service.php:0
[Sat Apr  5 11:33:04 2014] PHP   2. Player->betRequest() /home/devill/git/poker-player-noco/player_service.php:10
[Sat Apr  5 11:33:04 2014] PHP Warning:  fclose() expects parameter 1 to be resource, null given in /home/devill/git/poker-player-noco/player.php on line 28
[Sat Apr  5 11:33:04 2014] PHP Stack trace:
[Sat Apr  5 11:33:04 2014] PHP   1. {main}() /home/devill/git/poker-player-noco/player_service.php:0
[Sat Apr  5 11:33:04 2014] PHP   2. Player->betRequest() /home/devill/git/poker-player-noco/player_service.php:10
[Sat Apr  5 11:33:04 2014] PHP   3. fclose() /home/devill/git/poker-player-noco/player.php:28
[Sat Apr  5 11:33:04 2014] 127.0.0.1:44302 [200]: /player_service.php
couldn't connect to host - [Sat Apr  5 11:33:04 2014] PHP Notice:  Undefined variable: stderr in /home/devill/git/poker-player-noco/player.php on line 28
[Sat Apr  5 11:33:04 2014] PHP Stack trace:
[Sat Apr  5 11:33:04 2014] PHP   1. {main}() /home/devill/git/poker-player-noco/player_service.php:0
[Sat Apr  5 11:33:04 2014] PHP   2. Player->betRequest() /home/devill/git/poker-player-noco/player_service.php:10
[Sat Apr  5 11:33:04 2014] PHP Warning:  fclose() expects parameter 1 to be resource, null given in /home/devill/git/poker-player-noco/player.php on line 28
[Sat Apr  5 11:33:04 2014] PHP Stack trace:
[Sat Apr  5 11:33:04 2014] PHP   1. {main}() /home/devill/git/poker-player-noco/player_service.php:0
[Sat Apr  5 11:33:04 2014] PHP   2. Player->betRequest() /home/devill/git/poker-player-noco/player_service.php:10
[Sat Apr  5 11:33:04 2014] PHP   3. fclose() /home/devill/git/poker-player-noco/player.php:28
[Sat Apr  5 11:33:04 2014] 127.0.0.1:44305 [200]: /player_service.php
[Sat Apr  5 11:33:04 2014] 127.0.0.1:44310 [200]: /player_service.php
[Sat Apr  5 11:33:04 2014] 127.0.0.1:44314 [200]: /player_service.php
[Sat Apr  5 11:33:04 2014] PHP Notice:  Undefined variable: stderr in /home/devill/git/poker-player-noco/player.php on line 28
[Sat Apr  5 11:33:04 2014] PHP Stack trace:
[Sat Apr  5 11:33:04 2014] PHP   1. {main}() /home/devill/git/poker-player-noco/player_service.php:0
[Sat Apr  5 11:33:04 2014] PHP   2. Player->betRequest() /home/devill/git/poker-player-noco/player_service.php:10
[Sat Apr  5 11:33:04 2014] PHP Warning:  fclose() expects parameter 1 to be resource, null given in /home/devill/git/poker-player-noco/player.php on line 28
[Sat Apr  5 11:33:04 2014] PHP Stack trace:
[Sat Apr  5 11:33:04 2014] PHP   1. {main}() /home/devill/git/poker-player-noco/player_service.php:0
[Sat Apr  5 11:33:04 2014] PHP   2. Player->betRequest() /home/devill/git/poker-player-noco/player_service.php:10
[Sat Apr  5 11:33:04 2014] PHP   3. fclose() /home/devill/git/poker-player-noco/player.php:28
[Sat Apr  5 11:33:04 2014] 127.0.0.1:44315 [200]: /player_service.php
[Sat Apr  5 11:33:04 2014] 127.0.0.1:44318 [200]: /player_service.php
[Sat Apr  5 11:33:04 2014] 127.0.0.1:44322 [200]: /player_service.php
[Sat Apr  5 11:33:04 2014] PHP Notice:  Undefined variable: stderr in /home/devill/git/poker-player-noco/player.php on line 28
[Sat Apr  5 11:33:04 2014] PHP Stack trace:
[Sat Apr  5 11:33:04 2014] PHP   1. {main}() /home/devill/git/poker-player-noco/player_service.php:0
[Sat Apr  5 11:33:04 2014] PHP   2. Player->betRequest() /home/devill/git/poker-player-noco/player_service.php:10
[Sat Apr  5 11:33:04 2014] PHP Warning:  fclose() expects parameter 1 to be resource, null given in /home/devill/git/poker-player-noco/player.php on line 28
[Sat Apr  5 11:33:04 2014] PHP Stack trace:
[Sat Apr  5 11:33:04 2014] PHP   1. {main}() /home/devill/git/poker-player-noco/player_service.php:0
[Sat Apr  5 11:33:04 2014] PHP   2. Player->betRequest() /home/devill/git/poker-player-noco/player_service.php:10
[Sat Apr  5 11:33:04 2014] PHP   3. fclose() /home/devill/git/poker-player-noco/player.php:28
[Sat Apr  5 11:33:04 2014] 127.0.0.1:44323 [200]: /player_service.php
couldn't connect to host - [Sat Apr  5 11:33:04 2014] PHP Notice:  Undefined variable: stderr in /home/devill/git/poker-player-noco/player.php on line 28
[Sat Apr  5 11:33:04 2014] PHP Stack trace:
[Sat Apr  5 11:33:04 2014] PHP   1. {main}() /home/devill/git/poker-player-noco/player_service.php:0
[Sat Apr  5 11:33:04 2014] PHP   2. Player->betRequest() /home/devill/git/poker-player-noco/player_service.php:10
[Sat Apr  5 11:33:04 2014] PHP Warning:  fclose() expects parameter 1 to be resource, null given in /home/devill/git/poker-player-noco/player.php on line 28
[Sat Apr  5 11:33:04 2014] PHP Stack trace:
[Sat Apr  5 11:33:04 2014] PHP   1. {main}() /home/devill/git/poker-player-noco/player_service.php:0
[Sat Apr  5 11:33:04 2014] PHP   2. Player->betRequest() /home/devill/git/poker-player-noco/player_service.php:10
[Sat Apr  5 11:33:04 2014] PHP   3. fclose() /home/devill/git/poker-player-noco/player.php:28
[Sat Apr  5 11:33:04 2014] 127.0.0.1:44325 [200]: /player_service.php
couldn't connect to host - [Sat Apr  5 11:33:04 2014] PHP Notice:  Undefined variable: stderr in /home/devill/git/poker-player-noco/player.php on line 28
[Sat Apr  5 11:33:04 2014] PHP Stack trace:
[Sat Apr  5 11:33:04 2014] PHP   1. {main}() /home/devill/git/poker-player-noco/player_service.php:0
[Sat Apr  5 11:33:04 2014] PHP   2. Player->betRequest() /home/devill/git/poker-player-noco/player_service.php:10
[Sat Apr  5 11:33:04 2014] PHP Warning:  fclose() expects parameter 1 to be resource, null given in /home/devill/git/poker-player-noco/player.php on line 28
[Sat Apr  5 11:33:04 2014] PHP Stack trace:
[Sat Apr  5 11:33:04 2014] PHP   1. {main}() /home/devill/git/poker-player-noco/player_service.php:0
[Sat Apr  5 11:33:04 2014] PHP   2. Player->betRequest() /home/devill/git/poker-player-noco/player_service.php:10
[Sat Apr  5 11:33:04 2014] PHP   3. fclose() /home/devill/git/poker-player-noco/player.php:28
[Sat Apr  5 11:33:04 2014] 127.0.0.1:44328 [200]: /player_service.php
couldn't connect to host - [Sat Apr  5 11:33:04 2014] PHP Notice:  Undefined variable: stderr in /home/devill/git/poker-player-noco/player.php on line 28
[Sat Apr  5 11:33:04 2014] PHP Stack trace:
[Sat Apr  5 11:33:04 2014] PHP   1. {main}() /home/devill/git/poker-player-noco/player_service.php:0
[Sat Apr  5 11:33:04 2014] PHP   2. Player->betRequest() /home/devill/git/poker-player-noco/player_service.php:10
[Sat Apr  5 11:33:04 2014] PHP Warning:  fclose() expects parameter 1 to be resource, null given in /home/devill/git/poker-player-noco/player.php on line 28
[Sat Apr  5 11:33:04 2014] PHP Stack trace:
[Sat Apr  5 11:33:04 2014] PHP   1. {main}() /home/devill/git/poker-player-noco/player_service.php:0
[Sat Apr  5 11:33:04 2014] PHP   2. Player->betRequest() /home/devill/git/poker-player-noco/player_service.php:10
[Sat Apr  5 11:33:04 2014] PHP   3. fclose() /home/devill/git/poker-player-noco/player.php:28
[Sat Apr  5 11:33:04 2014] 127.0.0.1:44331 [200]: /player_service.php
[Sat Apr  5 11:33:04 2014] 127.0.0.1:44336 [200]: /player_service.php
[Sat Apr  5 11:33:05 2014] 127.0.0.1:44340 [200]: /player_service.php
[Sat Apr  5 11:33:05 2014] PHP Notice:  Undefined variable: stderr in /home/devill/git/poker-player-noco/player.php on line 28
[Sat Apr  5 11:33:05 2014] PHP Stack trace:
[Sat Apr  5 11:33:05 2014] PHP   1. {main}() /home/devill/git/poker-player-noco/player_service.php:0
[Sat Apr  5 11:33:05 2014] PHP   2. Player->betRequest() /home/devill/git/poker-player-noco/player_service.php:10
[Sat Apr  5 11:33:05 2014] PHP Warning:  fclose() expects parameter 1 to be resource, null given in /home/devill/git/poker-player-noco/player.php on line 28
[Sat Apr  5 11:33:05 2014] PHP Stack trace:
[Sat Apr  5 11:33:05 2014] PHP   1. {main}() /home/devill/git/poker-player-noco/player_service.php:0
[Sat Apr  5 11:33:05 2014] PHP   2. Player->betRequest() /home/devill/git/poker-player-noco/player_service.php:10
[Sat Apr  5 11:33:05 2014] PHP   3. fclose() /home/devill/git/poker-player-noco/player.php:28
[Sat Apr  5 11:33:05 2014] 127.0.0.1:44341 [200]: /player_service.php
couldn't connect to host - [Sat Apr  5 11:33:05 2014] PHP Notice:  Undefined variable: stderr in /home/devill/git/poker-player-noco/player.php on line 28
[Sat Apr  5 11:33:05 2014] PHP Stack trace:
[Sat Apr  5 11:33:05 2014] PHP   1. {main}() /home/devill/git/poker-player-noco/player_service.php:0
[Sat Apr  5 11:33:05 2014] PHP   2. Player->betRequest() /home/devill/git/poker-player-noco/player_service.php:10
[Sat Apr  5 11:33:05 2014] PHP Warning:  fclose() expects parameter 1 to be resource, null given in /home/devill/git/poker-player-noco/player.php on line 28
[Sat Apr  5 11:33:05 2014] PHP Stack trace:
[Sat Apr  5 11:33:05 2014] PHP   1. {main}() /home/devill/git/poker-player-noco/player_service.php:0
[Sat Apr  5 11:33:05 2014] PHP   2. Player->betRequest() /home/devill/git/poker-player-noco/player_service.php:10
[Sat Apr  5 11:33:05 2014] PHP   3. fclose() /home/devill/git/poker-player-noco/player.php:28
[Sat Apr  5 11:33:05 2014] 127.0.0.1:44343 [200]: /player_service.php
couldn't connect to host - [Sat Apr  5 11:33:05 2014] PHP Notice:  Undefined variable: stderr in /home/devill/git/poker-player-noco/player.php on line 28
[Sat Apr  5 11:33:05 2014] PHP Stack trace:
[Sat Apr  5 11:33:05 2014] PHP   1. {main}() /home/devill/git/poker-player-noco/player_service.php:0
[Sat Apr  5 11:33:05 2014] PHP   2. Player->betRequest() /home/devill/git/poker-player-noco/player_service.php:10
[Sat Apr  5 11:33:05 2014] PHP Warning:  fclose() expects parameter 1 to be resource, null given in /home/devill/git/poker-player-noco/player.php on line 28
[Sat Apr  5 11:33:05 2014] PHP Stack trace:
[Sat Apr  5 11:33:05 2014] PHP   1. {main}() /home/devill/git/poker-player-noco/player_service.php:0
[Sat Apr  5 11:33:05 2014] PHP   2. Player->betRequest() /home/devill/git/poker-player-noco/player_service.php:10
[Sat Apr  5 11:33:05 2014] PHP   3. fclose() /home/devill/git/poker-player-noco/player.php:28
[Sat Apr  5 11:33:05 2014] 127.0.0.1:44346 [200]: /player_service.php
couldn't connect to host - [Sat Apr  5 11:33:05 2014] PHP Notice:  Undefined variable: stderr in /home/devill/git/poker-player-noco/player.php on line 28
[Sat Apr  5 11:33:05 2014] PHP Stack trace:
[Sat Apr  5 11:33:05 2014] PHP   1. {main}() /home/devill/git/poker-player-noco/player_service.php:0
[Sat Apr  5 11:33:05 2014] PHP   2. Player->betRequest() /home/devill/git/poker-player-noco/player_service.php:10
[Sat Apr  5 11:33:05 2014] PHP Warning:  fclose() expects parameter 1 to be resource, null given in /home/devill/git/poker-player-noco/player.php on line 28
[Sat Apr  5 11:33:05 2014] PHP Stack trace:
[Sat Apr  5 11:33:05 2014] PHP   1. {main}() /home/devill/git/poker-player-noco/player_service.php:0
[Sat Apr  5 11:33:05 2014] PHP   2. Player->betRequest() /home/devill/git/poker-player-noco/player_service.php:10
[Sat Apr  5 11:33:05 2014] PHP   3. fclose() /home/devill/git/poker-player-noco/player.php:28
[Sat Apr  5 11:33:05 2014] 127.0.0.1:44349 [200]: /player_service.php
[Sat Apr  5 11:33:05 2014] 127.0.0.1:44354 [200]: /player_service.php
[Sat Apr  5 11:33:05 2014] 127.0.0.1:44358 [200]: /player_service.php
[Sat Apr  5 11:33:05 2014] PHP Notice:  Undefined variable: stderr in /home/devill/git/poker-player-noco/player.php on line 28
[Sat Apr  5 11:33:05 2014] PHP Stack trace:
[Sat Apr  5 11:33:05 2014] PHP   1. {main}() /home/devill/git/poker-player-noco/player_service.php:0
[Sat Apr  5 11:33:05 2014] PHP   2. Player->betRequest() /home/devill/git/poker-player-noco/player_service.php:10
[Sat Apr  5 11:33:05 2014] PHP Warning:  fclose() expects parameter 1 to be resource, null given in /home/devill/git/poker-player-noco/player.php on line 28
[Sat Apr  5 11:33:05 2014] PHP Stack trace:
[Sat Apr  5 11:33:05 2014] PHP   1. {main}() /home/devill/git/poker-player-noco/player_service.php:0
[Sat Apr  5 11:33:05 2014] PHP   2. Player->betRequest() /home/devill/git/poker-player-noco/player_service.php:10
[Sat Apr  5 11:33:05 2014] PHP   3. fclose() /home/devill/git/poker-player-noco/player.php:28
[Sat Apr  5 11:33:05 2014] 127.0.0.1:44359 [200]: /player_service.php
couldn't connect to host - [Sat Apr  5 11:33:05 2014] PHP Notice:  Undefined variable: stderr in /home/devill/git/poker-player-noco/player.php on line 28
[Sat Apr  5 11:33:05 2014] PHP Stack trace:
[Sat Apr  5 11:33:05 2014] PHP   1. {main}() /home/devill/git/poker-player-noco/player_service.php:0
[Sat Apr  5 11:33:05 2014] PHP   2. Player->betRequest() /home/devill/git/poker-player-noco/player_service.php:10
[Sat Apr  5 11:33:05 2014] PHP Warning:  fclose() expects parameter 1 to be resource, null given in /home/devill/git/poker-player-noco/player.php on line 28
[Sat Apr  5 11:33:05 2014] PHP Stack trace:
[Sat Apr  5 11:33:05 2014] PHP   1. {main}() /home/devill/git/poker-player-noco/player_service.php:0
[Sat Apr  5 11:33:05 2014] PHP   2. Player->betRequest() /home/devill/git/poker-player-noco/player_service.php:10
[Sat Apr  5 11:33:05 2014] PHP   3. fclose() /home/devill/git/poker-player-noco/player.php:28
[Sat Apr  5 11:33:05 2014] 127.0.0.1:44361 [200]: /player_service.php
couldn't connect to host - [Sat Apr  5 11:33:05 2014] PHP Notice:  Undefined variable: stderr in /home/devill/git/poker-player-noco/player.php on line 28
[Sat Apr  5 11:33:05 2014] PHP Stack trace:
[Sat Apr  5 11:33:05 2014] PHP   1. {main}() /home/devill/git/poker-player-noco/player_service.php:0
[Sat Apr  5 11:33:05 2014] PHP   2. Player->betRequest() /home/devill/git/poker-player-noco/player_service.php:10
[Sat Apr  5 11:33:05 2014] PHP Warning:  fclose() expects parameter 1 to be resource, null given in /home/devill/git/poker-player-noco/player.php on line 28
[Sat Apr  5 11:33:05 2014] PHP Stack trace:
[Sat Apr  5 11:33:05 2014] PHP   1. {main}() /home/devill/git/poker-player-noco/player_service.php:0
[Sat Apr  5 11:33:05 2014] PHP   2. Player->betRequest() /home/devill/git/poker-player-noco/player_service.php:10
[Sat Apr  5 11:33:05 2014] PHP   3. fclose() /home/devill/git/poker-player-noco/player.php:28
[Sat Apr  5 11:33:05 2014] 127.0.0.1:44364 [200]: /player_service.php
couldn't connect to host - [Sat Apr  5 11:33:05 2014] PHP Notice:  Undefined variable: stderr in /home/devill/git/poker-player-noco/player.php on line 28
[Sat Apr  5 11:33:05 2014] PHP Stack trace:
[Sat Apr  5 11:33:05 2014] PHP   1. {main}() /home/devill/git/poker-player-noco/player_service.php:0
[Sat Apr  5 11:33:05 2014] PHP   2. Player->betRequest() /home/devill/git/poker-player-noco/player_service.php:10
[Sat Apr  5 11:33:05 2014] PHP Warning:  fclose() expects parameter 1 to be resource, null given in /home/devill/git/poker-player-noco/player.php on line 28
[Sat Apr  5 11:33:05 2014] PHP Stack trace:
[Sat Apr  5 11:33:05 2014] PHP   1. {main}() /home/devill/git/poker-player-noco/player_service.php:0
[Sat Apr  5 11:33:05 2014] PHP   2. Player->betRequest() /home/devill/git/poker-player-noco/player_service.php:10
[Sat Apr  5 11:33:05 2014] PHP   3. fclose() /home/devill/git/poker-player-noco/player.php:28
[Sat Apr  5 11:33:05 2014] 127.0.0.1:44367 [200]: /player_service.php
[Sat Apr  5 11:33:05 2014] 127.0.0.1:44372 [200]: /player_service.php
[Sat Apr  5 11:33:05 2014] 127.0.0.1:44376 [200]: /player_service.php
[Sat Apr  5 11:33:05 2014] PHP Notice:  Undefined variable: stderr in /home/devill/git/poker-player-noco/player.php on line 28
[Sat Apr  5 11:33:05 2014] PHP Stack trace:
[Sat Apr  5 11:33:05 2014] PHP   1. {main}() /home/devill/git/poker-player-noco/player_service.php:0
[Sat Apr  5 11:33:05 2014] PHP   2. Player->betRequest() /home/devill/git/poker-player-noco/player_service.php:10
[Sat Apr  5 11:33:05 2014] PHP Warning:  fclose() expects parameter 1 to be resource, null given in /home/devill/git/poker-player-noco/player.php on line 28
[Sat Apr  5 11:33:05 2014] PHP Stack trace:
[Sat Apr  5 11:33:05 2014] PHP   1. {main}() /home/devill/git/poker-player-noco/player_service.php:0
[Sat Apr  5 11:33:05 2014] PHP   2. Player->betRequest() /home/devill/git/poker-player-noco/player_service.php:10
[Sat Apr  5 11:33:05 2014] PHP   3. fclose() /home/devill/git/poker-player-noco/player.php:28
[Sat Apr  5 11:33:05 2014] 127.0.0.1:44377 [200]: /player_service.php
[Sat Apr  5 11:33:05 2014] 127.0.0.1:44380 [200]: /player_service.php
[Sat Apr  5 11:33:05 2014] 127.0.0.1:44384 [200]: /player_service.php
[Sat Apr  5 11:33:05 2014] PHP Notice:  Undefined variable: stderr in /home/devill/git/poker-player-noco/player.php on line 28
[Sat Apr  5 11:33:05 2014] PHP Stack trace:
[Sat Apr  5 11:33:05 2014] PHP   1. {main}() /home/devill/git/poker-player-noco/player_service.php:0
[Sat Apr  5 11:33:05 2014] PHP   2. Player->betRequest() /home/devill/git/poker-player-noco/player_service.php:10
[Sat Apr  5 11:33:05 2014] PHP Warning:  fclose() expects parameter 1 to be resource, null given in /home/devill/git/poker-player-noco/player.php on line 28
[Sat Apr  5 11:33:05 2014] PHP Stack trace:
[Sat Apr  5 11:33:05 2014] PHP   1. {main}() /home/devill/git/poker-player-noco/player_service.php:0
[Sat Apr  5 11:33:05 2014] PHP   2. Player->betRequest() /home/devill/git/poker-player-noco/player_service.php:10
[Sat Apr  5 11:33:05 2014] PHP   3. fclose() /home/devill/git/poker-player-noco/player.php:28
[Sat Apr  5 11:33:05 2014] 127.0.0.1:44385 [200]: /player_service.php
[Sat Apr  5 11:33:05 2014] 127.0.0.1:44388 [200]: /player_service.php
[Sat Apr  5 11:33:05 2014] 127.0.0.1:44392 [200]: /player_service.php
[Sat Apr  5 11:33:05 2014] PHP Notice:  Undefined variable: stderr in /home/devill/git/poker-player-noco/player.php on line 28
[Sat Apr  5 11:33:05 2014] PHP Stack trace:
[Sat Apr  5 11:33:05 2014] PHP   1. {main}() /home/devill/git/poker-player-noco/player_service.php:0
[Sat Apr  5 11:33:05 2014] PHP   2. Player->betRequest() /home/devill/git/poker-player-noco/player_service.php:10
[Sat Apr  5 11:33:05 2014] PHP Warning:  fclose() expects parameter 1 to be resource, null given in /home/devill/git/poker-player-noco/player.php on line 28
[Sat Apr  5 11:33:05 2014] PHP Stack trace:
[Sat Apr  5 11:33:05 2014] PHP   1. {main}() /home/devill/git/poker-player-noco/player_service.php:0
[Sat Apr  5 11:33:05 2014] PHP   2. Player->betRequest() /home/devill/git/poker-player-noco/player_service.php:10
[Sat Apr  5 11:33:05 2014] PHP   3. fclose() /home/devill/git/poker-player-noco/player.php:28
[Sat Apr  5 11:33:05 2014] 127.0.0.1:44393 [200]: /player_service.php
[Sat Apr  5 11:33:05 2014] 127.0.0.1:44396 [200]: /player_service.php
[Sat Apr  5 11:33:05 2014] 127.0.0.1:44400 [200]: /player_service.php
[Sat Apr  5 11:33:05 2014] PHP Notice:  Undefined variable: stderr in /home/devill/git/poker-player-noco/player.php on line 28
[Sat Apr  5 11:33:05 2014] PHP Stack trace:
[Sat Apr  5 11:33:05 2014] PHP   1. {main}() /home/devill/git/poker-player-noco/player_service.php:0
[Sat Apr  5 11:33:05 2014] PHP   2. Player->betRequest() /home/devill/git/poker-player-noco/player_service.php:10
[Sat Apr  5 11:33:05 2014] PHP Warning:  fclose() expects parameter 1 to be resource, null given in /home/devill/git/poker-player-noco/player.php on line 28
[Sat Apr  5 11:33:05 2014] PHP Stack trace:
[Sat Apr  5 11:33:05 2014] PHP   1. {main}() /home/devill/git/poker-player-noco/player_service.php:0
[Sat Apr  5 11:33:05 2014] PHP   2. Player->betRequest() /home/devill/git/poker-player-noco/player_service.php:10
[Sat Apr  5 11:33:05 2014] PHP   3. fclose() /home/devill/git/poker-player-noco/player.php:28
[Sat Apr  5 11:33:05 2014] 127.0.0.1:44401 [200]: /player_service.php
[Sat Apr  5 11:33:05 2014] 127.0.0.1:44404 [200]: /player_service.php
