:compileJava UP-TO-DATE
:processResources UP-TO-DATE
:classes UP-TO-DATE
:tomcatRun
Started Tomcat Server
The Server is running at http://localhost:8080
players : [{"name":"R3T","stack":980,"status":"active","bet":20,"hole_cards":[{"rank":"K","suit":"diamonds"},{"rank":"J","suit":"clubs"}],"version":"","id":0},{"name":"Mr Bazinga","stack":500,"status":"active","bet":500,"version":"Mr Bazinga version 0.1","id":1},{"name":"NoCo","stack":500,"status":"active","bet":500,"version":"NoCo1137","id":2}]
small_blind : 10
orbits : 0
dealer : 1
community_cards : []
current_buy_in : 500
pot : 1020
in_action : 0
minimum_raise : 480
players : [{"name":"R3T","stack":970,"status":"active","bet":10,"hole_cards":[{"rank":"7","suit":"hearts"},{"rank":"A","suit":"diamonds"}],"version":"","id":0},{"name":"Mr Bazinga","stack":1500,"status":"active","bet":20,"version":"Mr Bazinga version 0.1","id":1},{"name":"NoCo","stack":500,"status":"folded","bet":0,"version":"NoCo1137","id":2}]
small_blind : 10
orbits : 0
dealer : 2
community_cards : []
current_buy_in : 20
pot : 30
in_action : 0
minimum_raise : 10
players : [{"name":"R3T","stack":970,"status":"active","bet":0,"hole_cards":[{"rank":"K","suit":"diamonds"},{"rank":"5","suit":"diamonds"}],"version":"","id":0},{"name":"Mr Bazinga","stack":1520,"status":"active","bet":10,"version":"Mr Bazinga version 0.1","id":1},{"name":"NoCo","stack":480,"status":"active","bet":20,"version":"NoCo1137","id":2}]
small_blind : 10
orbits : 0
dealer : 0
community_cards : []
current_buy_in : 20
pot : 30
in_action : 0
minimum_raise : 10
players : [{"name":"R3T","stack":950,"status":"active","bet":20,"hole_cards":[{"rank":"4","suit":"clubs"},{"rank":"9","suit":"diamonds"}],"version":"","id":0},{"name":"Mr Bazinga","stack":1050,"status":"active","bet":500,"version":"Mr Bazinga version 0.1","id":1},{"name":"NoCo","stack":470,"status":"folded","bet":10,"version":"NoCo1137","id":2}]
small_blind : 10
orbits : 1
dealer : 1
community_cards : []
current_buy_in : 500
pot : 530
in_action : 0
minimum_raise : 480
players : [{"name":"R3T","stack":940,"status":"active","bet":10,"hole_cards":[{"rank":"8","suit":"clubs"},{"rank":"J","suit":"clubs"}],"version":"","id":0},{"name":"Mr Bazinga","stack":1560,"status":"active","bet":20,"version":"Mr Bazinga version 0.1","id":1},{"name":"NoCo","stack":450,"status":"active","bet":20,"version":"NoCo1137","id":2}]
small_blind : 10
orbits : 1
dealer : 2
community_cards : []
current_buy_in : 20
pot : 50
in_action : 0
minimum_raise : 10
players : [{"name":"R3T","stack":940,"status":"active","bet":0,"hole_cards":[{"rank":"Q","suit":"diamonds"},{"rank":"10","suit":"diamonds"}],"version":"","id":0},{"name":"Mr Bazinga","stack":1100,"status":"active","bet":10,"version":"Mr Bazinga version 0.1","id":1},{"name":"NoCo","stack":930,"status":"active","bet":20,"version":"NoCo1137","id":2}]
small_blind : 10
orbits : 1
dealer : 0
community_cards : []
current_buy_in : 20
pot : 30
in_action : 0
minimum_raise : 10
players : [{"name":"R3T","stack":920,"status":"active","bet":20,"hole_cards":[{"rank":"K","suit":"spades"},{"rank":"10","suit":"clubs"}],"version":"","id":0},{"name":"Mr Bazinga","stack":1120,"status":"active","bet":500,"version":"Mr Bazinga version 0.1","id":1},{"name":"NoCo","stack":430,"status":"folded","bet":10,"version":"NoCo1137","id":2}]
small_blind : 10
orbits : 2
dealer : 1
community_cards : []
current_buy_in : 500
pot : 530
in_action : 0
minimum_raise : 480
players : [{"name":"R3T","stack":910,"status":"active","bet":10,"hole_cards":[{"rank":"K","suit":"diamonds"},{"rank":"A","suit":"hearts"}],"version":"","id":0},{"name":"Mr Bazinga","stack":1630,"status":"active","bet":20,"version":"Mr Bazinga version 0.1","id":1},{"name":"NoCo","stack":410,"status":"active","bet":20,"version":"NoCo1137","id":2}]
small_blind : 10
orbits : 2
dealer : 2
community_cards : []
current_buy_in : 20
pot : 50
in_action : 0
minimum_raise : 10
players : [{"name":"R3T","stack":910,"status":"active","bet":0,"hole_cards":[{"rank":"2","suit":"hearts"},{"rank":"6","suit":"clubs"}],"version":"","id":0},{"name":"Mr Bazinga","stack":1210,"status":"active","bet":10,"version":"Mr Bazinga version 0.1","id":1},{"name":"NoCo","stack":850,"status":"active","bet":20,"version":"NoCo1137","id":2}]
small_blind : 10
orbits : 2
dealer : 0
community_cards : []
current_buy_in : 20
pot : 30
in_action : 0
minimum_raise : 10
players : [{"name":"R3T","stack":870,"status":"active","bet":40,"hole_cards":[{"rank":"5","suit":"clubs"},{"rank":"6","suit":"spades"}],"version":"","id":0},{"name":"Mr Bazinga","stack":1230,"status":"active","bet":500,"version":"Mr Bazinga version 0.1","id":1},{"name":"NoCo","stack":340,"status":"folded","bet":20,"version":"NoCo1137","id":2}]
small_blind : 10
orbits : 3
dealer : 1
community_cards : []
current_buy_in : 500
pot : 560
in_action : 0
minimum_raise : 460
players : [{"name":"R3T","stack":850,"status":"active","bet":20,"hole_cards":[{"rank":"8","suit":"spades"},{"rank":"3","suit":"hearts"}],"version":"","id":0},{"name":"Mr Bazinga","stack":1750,"status":"active","bet":40,"version":"Mr Bazinga version 0.1","id":1},{"name":"NoCo","stack":340,"status":"folded","bet":0,"version":"NoCo1137","id":2}]
small_blind : 10
orbits : 3
dealer : 2
community_cards : []
current_buy_in : 40
pot : 60
in_action : 0
minimum_raise : 20
players : [{"name":"R3T","stack":850,"status":"active","bet":0,"hole_cards":[{"rank":"A","suit":"spades"},{"rank":"10","suit":"hearts"}],"version":"","id":0},{"name":"Mr Bazinga","stack":1790,"status":"active","bet":20,"version":"Mr Bazinga version 0.1","id":1},{"name":"NoCo","stack":300,"status":"active","bet":40,"version":"NoCo1137","id":2}]
small_blind : 10
orbits : 3
dealer : 0
community_cards : []
current_buy_in : 40
pot : 60
in_action : 0
minimum_raise : 20
players : [{"name":"R3T","stack":810,"status":"active","bet":40,"hole_cards":[{"rank":"K","suit":"clubs"},{"rank":"K","suit":"diamonds"}],"version":"","id":0},{"name":"Mr Bazinga","stack":970,"status":"active","bet":500,"version":"Mr Bazinga version 0.1","id":1},{"name":"NoCo","stack":180,"status":"active","bet":500,"version":"NoCo1137","id":2}]
small_blind : 10
orbits : 4
dealer : 1
community_cards : []
current_buy_in : 500
pot : 1040
in_action : 0
minimum_raise : 460
players : [{"name":"R3T","stack":790,"status":"active","bet":20,"hole_cards":[{"rank":"Q","suit":"hearts"},{"rank":"5","suit":"diamonds"}],"version":"","id":0},{"name":"Mr Bazinga","stack":1970,"status":"active","bet":40,"version":"Mr Bazinga version 0.1","id":1},{"name":"NoCo","stack":180,"status":"folded","bet":0,"version":"NoCo1137","id":2}]
small_blind : 10
orbits : 4
dealer : 2
community_cards : []
current_buy_in : 40
pot : 60
in_action : 0
minimum_raise : 20
players : [{"name":"R3T","stack":790,"status":"active","bet":0,"hole_cards":[{"rank":"8","suit":"diamonds"},{"rank":"2","suit":"spades"}],"version":"","id":0},{"name":"Mr Bazinga","stack":2010,"status":"active","bet":20,"version":"Mr Bazinga version 0.1","id":1},{"name":"NoCo","stack":140,"status":"active","bet":40,"version":"NoCo1137","id":2}]
small_blind : 10
orbits : 4
dealer : 0
community_cards : []
current_buy_in : 40
pot : 60
in_action : 0
minimum_raise : 20
players : [{"name":"R3T","stack":750,"status":"active","bet":40,"hole_cards":[{"rank":"3","suit":"diamonds"},{"rank":"2","suit":"hearts"}],"version":"","id":0},{"name":"Mr Bazinga","stack":1570,"status":"active","bet":500,"version":"Mr Bazinga version 0.1","id":1},{"name":"NoCo","stack":120,"status":"folded","bet":20,"version":"NoCo1137","id":2}]
small_blind : 10
orbits : 5
dealer : 1
community_cards : []
current_buy_in : 500
pot : 560
in_action : 0
minimum_raise : 460
players : [{"name":"R3T","stack":730,"status":"active","bet":20,"hole_cards":[{"rank":"10","suit":"clubs"},{"rank":"4","suit":"clubs"}],"version":"","id":0},{"name":"Mr Bazinga","stack":2090,"status":"active","bet":40,"version":"Mr Bazinga version 0.1","id":1},{"name":"NoCo","stack":80,"status":"active","bet":40,"version":"NoCo1137","id":2}]
small_blind : 10
orbits : 5
dealer : 2
community_cards : []
current_buy_in : 40
pot : 100
in_action : 0
minimum_raise : 20
players : [{"name":"R3T","stack":730,"status":"active","bet":0,"hole_cards":[{"rank":"5","suit":"spades"},{"rank":"7","suit":"clubs"}],"version":"","id":0},{"name":"Mr Bazinga","stack":2120,"status":"active","bet":20,"version":"Mr Bazinga version 0.1","id":1},{"name":"NoCo","stack":90,"status":"active","bet":40,"version":"NoCo1137","id":2}]
small_blind : 10
orbits : 5
dealer : 0
community_cards : []
current_buy_in : 40
pot : 60
in_action : 0
minimum_raise : 20
players : [{"name":"R3T","stack":650,"status":"active","bet":80,"hole_cards":[{"rank":"9","suit":"clubs"},{"rank":"2","suit":"hearts"}],"version":"","id":0},{"name":"Mr Bazinga","stack":1510,"status":"active","bet":500,"version":"Mr Bazinga version 0.1","id":1},{"name":"NoCo","stack":0,"status":"active","bet":260,"version":"NoCo1137","id":2}]
small_blind : 10
orbits : 6
dealer : 1
community_cards : []
current_buy_in : 500
pot : 840
in_action : 0
minimum_raise : 420
players : [{"name":"R3T","stack":610,"status":"active","bet":40,"hole_cards":[{"rank":"3","suit":"hearts"},{"rank":"J","suit":"diamonds"}],"version":"","id":0},{"name":"Mr Bazinga","stack":1670,"status":"active","bet":80,"version":"Mr Bazinga version 0.1","id":1},{"name":"NoCo","stack":520,"status":"active","bet":80,"version":"NoCo1137","id":2}]
small_blind : 10
orbits : 6
dealer : 2
community_cards : []
current_buy_in : 80
pot : 200
in_action : 0
minimum_raise : 40
players : [{"name":"R3T","stack":610,"status":"active","bet":0,"hole_cards":[{"rank":"7","suit":"diamonds"},{"rank":"3","suit":"diamonds"}],"version":"","id":0},{"name":"Mr Bazinga","stack":2330,"status":"active","bet":40,"version":"Mr Bazinga version 0.1","id":1},{"name":"NoCo","stack":0,"status":"active","bet":20,"version":"NoCo1137","id":2}]
small_blind : 10
orbits : 6
dealer : 0
community_cards : []
current_buy_in : 40
pot : 60
in_action : 0
minimum_raise : 40
players : [{"name":"R3T","stack":530,"status":"active","bet":80,"hole_cards":[{"rank":"8","suit":"clubs"},{"rank":"6","suit":"diamonds"}],"version":"","id":0},{"name":"Mr Bazinga","stack":1850,"status":"active","bet":500,"version":"Mr Bazinga version 0.1","id":1},{"name":"NoCo","stack":0,"status":"active","bet":40,"version":"NoCo1137","id":2}]
small_blind : 10
orbits : 7
dealer : 1
community_cards : []
current_buy_in : 500
pot : 620
in_action : 0
minimum_raise : 420
players : [{"name":"R3T","stack":450,"status":"active","bet":80,"hole_cards":[{"rank":"2","suit":"clubs"},{"rank":"3","suit":"hearts"}],"version":"","id":0},{"name":"Mr Bazinga","stack":1930,"status":"active","bet":540,"version":"Mr Bazinga version 0.1","id":1},{"name":"NoCo","stack":0,"status":"out","bet":0,"version":"NoCo1137","id":2}]
small_blind : 10
orbits : 7
dealer : 0
community_cards : []
current_buy_in : 540
pot : 620
in_action : 0
minimum_raise : 460
players : [{"name":"R3T","stack":410,"status":"active","bet":40,"hole_cards":[{"rank":"5","suit":"diamonds"},{"rank":"7","suit":"diamonds"}],"version":"","id":0},{"name":"Mr Bazinga","stack":2470,"status":"active","bet":80,"version":"Mr Bazinga version 0.1","id":1},{"name":"NoCo","stack":0,"status":"out","bet":0,"version":"NoCo1137","id":2}]
small_blind : 10
orbits : 7
dealer : 1
community_cards : []
current_buy_in : 80
pot : 120
in_action : 0
minimum_raise : 40
players : [{"name":"R3T","stack":330,"status":"active","bet":80,"hole_cards":[{"rank":"9","suit":"diamonds"},{"rank":"3","suit":"hearts"}],"version":"","id":0},{"name":"Mr Bazinga","stack":2050,"status":"active","bet":540,"version":"Mr Bazinga version 0.1","id":1},{"name":"NoCo","stack":0,"status":"out","bet":0,"version":"NoCo1137","id":2}]
small_blind : 10
orbits : 8
dealer : 0
community_cards : []
current_buy_in : 540
pot : 620
in_action : 0
minimum_raise : 460
players : [{"name":"R3T","stack":290,"status":"active","bet":40,"hole_cards":[{"rank":"4","suit":"diamonds"},{"rank":"K","suit":"diamonds"}],"version":"","id":0},{"name":"Mr Bazinga","stack":2590,"status":"active","bet":80,"version":"Mr Bazinga version 0.1","id":1},{"name":"NoCo","stack":0,"status":"out","bet":0,"version":"NoCo1137","id":2}]
small_blind : 10
orbits : 8
dealer : 1
community_cards : []
current_buy_in : 80
pot : 120
in_action : 0
minimum_raise : 40
players : [{"name":"R3T","stack":210,"status":"active","bet":80,"hole_cards":[{"rank":"3","suit":"clubs"},{"rank":"10","suit":"spades"}],"version":"","id":0},{"name":"Mr Bazinga","stack":2170,"status":"active","bet":540,"version":"Mr Bazinga version 0.1","id":1},{"name":"NoCo","stack":0,"status":"out","bet":0,"version":"NoCo1137","id":2}]
small_blind : 10
orbits : 8
dealer : 0
community_cards : []
current_buy_in : 540
pot : 620
in_action : 0
minimum_raise : 460
players : [{"name":"R3T","stack":130,"status":"active","bet":80,"hole_cards":[{"rank":"5","suit":"diamonds"},{"rank":"2","suit":"clubs"}],"version":"","id":0},{"name":"Mr Bazinga","stack":2630,"status":"active","bet":160,"version":"Mr Bazinga version 0.1","id":1},{"name":"NoCo","stack":0,"status":"out","bet":0,"version":"NoCo1137","id":2}]
small_blind : 10
orbits : 9
dealer : 1
community_cards : []
current_buy_in : 160
pot : 240
in_action : 0
minimum_raise : 80

BUILD SUCCESSFUL

Total time: 44.761 secs
