# Logfile created on 2014-04-05 13:00:43 +0200 by logger.rb/44203
I, [2014-04-05T13:00:43.544280 #11090]  INFO -- : Reseting R3T to origin/master
I, [2014-04-05T13:00:44.418159 #11090]  INFO -- : Reseting Mr Bazinga to origin/master
I, [2014-04-05T13:00:45.261357 #11090]  INFO -- : Reseting NoCo to origin/master
I, [2014-04-05T13:00:46.122708 #11090]  INFO -- : Connected R3T at http://localhost:8080/
I, [2014-04-05T13:00:46.127165 #11090]  INFO -- : Connected Mr Bazinga at http://localhost:1337/
I, [2014-04-05T13:00:46.130073 #11090]  INFO -- : Connected NoCo at http://localhost:8000/player_service.php
E, [2014-04-05T13:00:46.131066 #11090] ERROR -- : Connection refused - connect(2) for "localhost" port 8080
E, [2014-04-05T13:00:46.131255 #11090] ERROR -- : Player R3T is unreachable
I, [2014-04-05T13:00:46.131526 #11090]  INFO -- : Waiting for players to start
E, [2014-04-05T13:00:47.132451 #11090] ERROR -- : Connection refused - connect(2) for "localhost" port 8080
E, [2014-04-05T13:00:47.132616 #11090] ERROR -- : Player R3T is unreachable
I, [2014-04-05T13:00:47.132719 #11090]  INFO -- : Waiting for players to start
E, [2014-04-05T13:00:48.133382 #11090] ERROR -- : Connection refused - connect(2) for "localhost" port 8080
E, [2014-04-05T13:00:48.133520 #11090] ERROR -- : Player R3T is unreachable
I, [2014-04-05T13:00:48.133616 #11090]  INFO -- : Waiting for players to start
E, [2014-04-05T13:00:49.138632 #11090] ERROR -- : Connection refused - connect(2) for "localhost" port 8080
E, [2014-04-05T13:00:49.138971 #11090] ERROR -- : Player R3T is unreachable
I, [2014-04-05T13:00:49.139080 #11090]  INFO -- : Waiting for players to start
E, [2014-04-05T13:00:50.143848 #11090] ERROR -- : Connection refused - connect(2) for "localhost" port 8080
E, [2014-04-05T13:00:50.144026 #11090] ERROR -- : Player R3T is unreachable
I, [2014-04-05T13:00:50.144128 #11090]  INFO -- : Waiting for players to start
E, [2014-04-05T13:00:51.144723 #11090] ERROR -- : Connection refused - connect(2) for "localhost" port 8080
E, [2014-04-05T13:00:51.144971 #11090] ERROR -- : Player R3T is unreachable
I, [2014-04-05T13:00:51.145123 #11090]  INFO -- : Waiting for players to start
E, [2014-04-05T13:00:52.146072 #11090] ERROR -- : Connection refused - connect(2) for "localhost" port 8080
E, [2014-04-05T13:00:52.146236 #11090] ERROR -- : Player R3T is unreachable
I, [2014-04-05T13:00:52.146324 #11090]  INFO -- : Waiting for players to start
E, [2014-04-05T13:00:53.160153 #11090] ERROR -- : Connection refused - connect(2) for "localhost" port 8080
E, [2014-04-05T13:00:53.160443 #11090] ERROR -- : Player R3T is unreachable
I, [2014-04-05T13:00:53.160601 #11090]  INFO -- : Waiting for players to start
E, [2014-04-05T13:00:54.165384 #11090] ERROR -- : Connection refused - connect(2) for "localhost" port 8080
E, [2014-04-05T13:00:54.165670 #11090] ERROR -- : Player R3T is unreachable
I, [2014-04-05T13:00:54.165831 #11090]  INFO -- : Waiting for players to start
E, [2014-04-05T13:00:55.173778 #11090] ERROR -- : Connection refused - connect(2) for "localhost" port 8080
E, [2014-04-05T13:00:55.174082 #11090] ERROR -- : Player R3T is unreachable
I, [2014-04-05T13:00:55.174258 #11090]  INFO -- : Waiting for players to start
E, [2014-04-05T13:00:56.177410 #11090] ERROR -- : Connection refused - connect(2) for "localhost" port 8080
E, [2014-04-05T13:00:56.178113 #11090] ERROR -- : Player R3T is unreachable
I, [2014-04-05T13:00:56.178255 #11090]  INFO -- : Waiting for players to start
E, [2014-04-05T13:00:57.178852 #11090] ERROR -- : Connection refused - connect(2) for "localhost" port 8080
E, [2014-04-05T13:00:57.179003 #11090] ERROR -- : Player R3T is unreachable
I, [2014-04-05T13:00:57.179807 #11090]  INFO -- : Waiting for players to start
E, [2014-04-05T13:00:58.181207 #11090] ERROR -- : Connection refused - connect(2) for "localhost" port 8080
E, [2014-04-05T13:00:58.181432 #11090] ERROR -- : Player R3T is unreachable
I, [2014-04-05T13:00:58.181575 #11090]  INFO -- : Waiting for players to start
E, [2014-04-05T13:00:59.182269 #11090] ERROR -- : Connection refused - connect(2) for "localhost" port 8080
E, [2014-04-05T13:00:59.182682 #11090] ERROR -- : Player R3T is unreachable
I, [2014-04-05T13:00:59.182798 #11090]  INFO -- : Waiting for players to start
E, [2014-04-05T13:01:00.183405 #11090] ERROR -- : Connection refused - connect(2) for "localhost" port 8080
E, [2014-04-05T13:01:00.183539 #11090] ERROR -- : Player R3T is unreachable
I, [2014-04-05T13:01:00.183632 #11090]  INFO -- : Waiting for players to start
E, [2014-04-05T13:01:01.184165 #11090] ERROR -- : Connection refused - connect(2) for "localhost" port 8080
E, [2014-04-05T13:01:01.184286 #11090] ERROR -- : Player R3T is unreachable
I, [2014-04-05T13:01:01.184345 #11090]  INFO -- : Waiting for players to start
E, [2014-04-05T13:01:02.184961 #11090] ERROR -- : Connection refused - connect(2) for "localhost" port 8080
E, [2014-04-05T13:01:02.185151 #11090] ERROR -- : Player R3T is unreachable
I, [2014-04-05T13:01:02.185228 #11090]  INFO -- : Waiting for players to start
E, [2014-04-05T13:01:03.688067 #11090] ERROR -- : Net::ReadTimeout
E, [2014-04-05T13:01:03.688303 #11090] ERROR -- : Player R3T is unreachable
I, [2014-04-05T13:01:03.688411 #11090]  INFO -- : Waiting for players to start
I, [2014-04-05T13:01:04.694872 #11090]  INFO -- : Player R3T responded with  (200)
I, [2014-04-05T13:01:04.720798 #11090]  INFO -- : Player Mr Bazinga responded with OK (200)
I, [2014-04-05T13:01:04.723407 #11090]  INFO -- : Player NoCo responded with  (200)
I, [2014-04-05T13:01:04.723558 #11090]  INFO -- : Players are running
I, [2014-04-05T13:01:04.755393 #11090]  INFO -- : Player R3T responded with v0.1 (200)
I, [2014-04-05T13:01:04.757988 #11090]  INFO -- : Player Mr Bazinga responded with Mr Bazinga PreFlop Version (200)
I, [2014-04-05T13:01:04.759924 #11090]  INFO -- : Player NoCo responded with NoCo1247 (200)
I, [2014-04-05T13:01:04.760235 #11090]  INFO -- : Mr Bazinga received hole_card 4 of Hearts
I, [2014-04-05T13:01:04.760412 #11090]  INFO -- : NoCo received hole_card 4 of Clubs
I, [2014-04-05T13:01:04.760554 #11090]  INFO -- : R3T received hole_card 9 of Diamonds
I, [2014-04-05T13:01:04.760734 #11090]  INFO -- : Mr Bazinga received hole_card Jack of Spades
I, [2014-04-05T13:01:04.760904 #11090]  INFO -- : NoCo received hole_card 3 of Hearts
I, [2014-04-05T13:01:04.761165 #11090]  INFO -- : R3T received hole_card Queen of Clubs
I, [2014-04-05T13:01:04.763516 #11090]  INFO -- : Mr Bazinga made a bet of 10 (raise) and is left with 990 chips. The pot now contains 10 chips.
I, [2014-04-05T13:01:04.763968 #11090]  INFO -- : NoCo made a bet of 20 (raise) and is left with 980 chips. The pot now contains 30 chips.
I, [2014-04-05T13:01:04.818813 #11090]  INFO -- : Player R3T responded with 0 (200)
I, [2014-04-05T13:01:04.819458 #11090]  INFO -- : R3T made a bet of 0 (fold) and is left with 1000 chips. The pot now contains 30 chips.
I, [2014-04-05T13:01:04.825624 #11090]  INFO -- : Player Mr Bazinga responded with 0 (200)
I, [2014-04-05T13:01:04.825888 #11090]  INFO -- : Mr Bazinga made a bet of 0 (fold) and is left with 990 chips. The pot now contains 30 chips.
I, [2014-04-05T13:01:04.828841 #11090]  INFO -- : Player NoCo responded with 0 (200)
I, [2014-04-05T13:01:04.829176 #11090]  INFO -- : NoCo made a bet of 0 (check) and is left with 980 chips. The pot now contains 30 chips.
I, [2014-04-05T13:01:04.829796 #11090]  INFO -- : NoCo won 30
I, [2014-04-05T13:01:04.832993 #11090]  INFO -- : Player R3T responded with  (200)
I, [2014-04-05T13:01:04.835149 #11090]  INFO -- : Player Mr Bazinga responded with OK (200)
I, [2014-04-05T13:01:04.837038 #11090]  INFO -- : Player NoCo responded with  (200)
I, [2014-04-05T13:01:04.837522 #11090]  INFO -- : NoCo received hole_card King of Spades
I, [2014-04-05T13:01:04.837806 #11090]  INFO -- : R3T received hole_card 3 of Hearts
I, [2014-04-05T13:01:04.838082 #11090]  INFO -- : Mr Bazinga received hole_card 8 of Hearts
I, [2014-04-05T13:01:04.838365 #11090]  INFO -- : NoCo received hole_card 5 of Spades
I, [2014-04-05T13:01:04.838645 #11090]  INFO -- : R3T received hole_card 5 of Diamonds
I, [2014-04-05T13:01:04.838901 #11090]  INFO -- : Mr Bazinga received hole_card 5 of Clubs
I, [2014-04-05T13:01:04.839409 #11090]  INFO -- : NoCo made a bet of 10 (raise) and is left with 1000 chips. The pot now contains 10 chips.
I, [2014-04-05T13:01:04.839843 #11090]  INFO -- : R3T made a bet of 20 (raise) and is left with 980 chips. The pot now contains 30 chips.
I, [2014-04-05T13:01:04.841864 #11090]  INFO -- : Player Mr Bazinga responded with 0 (200)
I, [2014-04-05T13:01:04.842113 #11090]  INFO -- : Mr Bazinga made a bet of 0 (fold) and is left with 990 chips. The pot now contains 30 chips.
I, [2014-04-05T13:01:04.844093 #11090]  INFO -- : Player NoCo responded with 0 (200)
I, [2014-04-05T13:01:04.844653 #11090]  INFO -- : NoCo made a bet of 0 (fold) and is left with 1000 chips. The pot now contains 30 chips.
I, [2014-04-05T13:01:04.848129 #11090]  INFO -- : Player R3T responded with 0 (200)
I, [2014-04-05T13:01:04.848462 #11090]  INFO -- : R3T made a bet of 0 (check) and is left with 980 chips. The pot now contains 30 chips.
I, [2014-04-05T13:01:04.849187 #11090]  INFO -- : R3T won 30
I, [2014-04-05T13:01:04.854305 #11090]  INFO -- : Player R3T responded with  (200)
I, [2014-04-05T13:01:04.858940 #11090]  INFO -- : Player Mr Bazinga responded with OK (200)
I, [2014-04-05T13:01:04.862085 #11090]  INFO -- : Player NoCo responded with  (200)
I, [2014-04-05T13:01:04.862800 #11090]  INFO -- : R3T received hole_card 10 of Spades
I, [2014-04-05T13:01:04.863250 #11090]  INFO -- : Mr Bazinga received hole_card 10 of Hearts
I, [2014-04-05T13:01:04.863653 #11090]  INFO -- : NoCo received hole_card 6 of Spades
I, [2014-04-05T13:01:04.864202 #11090]  INFO -- : R3T received hole_card Ace of Diamonds
I, [2014-04-05T13:01:04.864688 #11090]  INFO -- : Mr Bazinga received hole_card 5 of Spades
I, [2014-04-05T13:01:04.865154 #11090]  INFO -- : NoCo received hole_card Queen of Diamonds
I, [2014-04-05T13:01:04.865858 #11090]  INFO -- : R3T made a bet of 10 (raise) and is left with 1000 chips. The pot now contains 10 chips.
I, [2014-04-05T13:01:04.866537 #11090]  INFO -- : Mr Bazinga made a bet of 20 (raise) and is left with 970 chips. The pot now contains 30 chips.
I, [2014-04-05T13:01:04.871074 #11090]  INFO -- : Player NoCo responded with 0 (200)
I, [2014-04-05T13:01:04.871563 #11090]  INFO -- : NoCo made a bet of 0 (fold) and is left with 1000 chips. The pot now contains 30 chips.
I, [2014-04-05T13:01:04.883799 #11090]  INFO -- : Player R3T responded with 0 (200)
I, [2014-04-05T13:01:04.884509 #11090]  INFO -- : R3T made a bet of 0 (fold) and is left with 1000 chips. The pot now contains 30 chips.
I, [2014-04-05T13:01:04.888122 #11090]  INFO -- : Player Mr Bazinga responded with 0 (200)
I, [2014-04-05T13:01:04.888553 #11090]  INFO -- : Mr Bazinga made a bet of 0 (check) and is left with 970 chips. The pot now contains 30 chips.
I, [2014-04-05T13:01:04.889130 #11090]  INFO -- : Mr Bazinga won 30
I, [2014-04-05T13:01:04.892017 #11090]  INFO -- : Player R3T responded with  (200)
I, [2014-04-05T13:01:04.904869 #11090]  INFO -- : Player Mr Bazinga responded with OK (200)
I, [2014-04-05T13:01:04.907780 #11090]  INFO -- : Player NoCo responded with  (200)
I, [2014-04-05T13:01:04.908320 #11090]  INFO -- : Mr Bazinga received hole_card 2 of Diamonds
I, [2014-04-05T13:01:04.908939 #11090]  INFO -- : NoCo received hole_card 3 of Spades
I, [2014-04-05T13:01:04.909312 #11090]  INFO -- : R3T received hole_card Jack of Clubs
I, [2014-04-05T13:01:04.909564 #11090]  INFO -- : Mr Bazinga received hole_card Jack of Diamonds
I, [2014-04-05T13:01:04.909858 #11090]  INFO -- : NoCo received hole_card 7 of Diamonds
I, [2014-04-05T13:01:04.910101 #11090]  INFO -- : R3T received hole_card 5 of Hearts
I, [2014-04-05T13:01:04.910553 #11090]  INFO -- : Mr Bazinga made a bet of 10 (raise) and is left with 990 chips. The pot now contains 10 chips.
I, [2014-04-05T13:01:04.911248 #11090]  INFO -- : NoCo made a bet of 20 (raise) and is left with 980 chips. The pot now contains 30 chips.
I, [2014-04-05T13:01:04.916019 #11090]  INFO -- : Player R3T responded with 0 (200)
I, [2014-04-05T13:01:04.917130 #11090]  INFO -- : R3T made a bet of 0 (fold) and is left with 1000 chips. The pot now contains 30 chips.
I, [2014-04-05T13:01:04.920252 #11090]  INFO -- : Player Mr Bazinga responded with 70 (200)
I, [2014-04-05T13:01:04.920443 #11090]  INFO -- : Mr Bazinga made a bet of 70 (raise) and is left with 920 chips. The pot now contains 100 chips.
I, [2014-04-05T13:01:04.925423 #11090]  INFO -- : Player NoCo responded with 0 (200)
I, [2014-04-05T13:01:04.925654 #11090]  INFO -- : NoCo made a bet of 0 (fold) and is left with 980 chips. The pot now contains 100 chips.
I, [2014-04-05T13:01:04.926018 #11090]  INFO -- : Mr Bazinga won 100
I, [2014-04-05T13:01:04.929474 #11090]  INFO -- : Player R3T responded with  (200)
I, [2014-04-05T13:01:04.934087 #11090]  INFO -- : Player Mr Bazinga responded with OK (200)
I, [2014-04-05T13:01:04.936467 #11090]  INFO -- : Player NoCo responded with  (200)
I, [2014-04-05T13:01:04.936837 #11090]  INFO -- : NoCo received hole_card 8 of Diamonds
I, [2014-04-05T13:01:04.937071 #11090]  INFO -- : R3T received hole_card Jack of Spades
I, [2014-04-05T13:01:04.937276 #11090]  INFO -- : Mr Bazinga received hole_card 2 of Clubs
I, [2014-04-05T13:01:04.937523 #11090]  INFO -- : NoCo received hole_card 3 of Hearts
I, [2014-04-05T13:01:04.937788 #11090]  INFO -- : R3T received hole_card 5 of Spades
I, [2014-04-05T13:01:04.938024 #11090]  INFO -- : Mr Bazinga received hole_card King of Hearts
I, [2014-04-05T13:01:04.938376 #11090]  INFO -- : NoCo made a bet of 10 (raise) and is left with 970 chips. The pot now contains 10 chips.
I, [2014-04-05T13:01:04.938674 #11090]  INFO -- : R3T made a bet of 20 (raise) and is left with 980 chips. The pot now contains 30 chips.
I, [2014-04-05T13:01:04.941905 #11090]  INFO -- : Player Mr Bazinga responded with 0 (200)
I, [2014-04-05T13:01:04.942288 #11090]  INFO -- : Mr Bazinga made a bet of 0 (fold) and is left with 1020 chips. The pot now contains 30 chips.
I, [2014-04-05T13:01:04.945501 #11090]  INFO -- : Player NoCo responded with 0 (200)
I, [2014-04-05T13:01:04.945883 #11090]  INFO -- : NoCo made a bet of 0 (fold) and is left with 970 chips. The pot now contains 30 chips.
I, [2014-04-05T13:01:04.951740 #11090]  INFO -- : Player R3T responded with 0 (200)
I, [2014-04-05T13:01:04.952020 #11090]  INFO -- : R3T made a bet of 0 (check) and is left with 980 chips. The pot now contains 30 chips.
I, [2014-04-05T13:01:04.952459 #11090]  INFO -- : R3T won 30
I, [2014-04-05T13:01:04.955668 #11090]  INFO -- : Player R3T responded with  (200)
I, [2014-04-05T13:01:04.957853 #11090]  INFO -- : Player Mr Bazinga responded with OK (200)
I, [2014-04-05T13:01:04.959903 #11090]  INFO -- : Player NoCo responded with  (200)
I, [2014-04-05T13:01:04.960317 #11090]  INFO -- : R3T received hole_card Ace of Diamonds
I, [2014-04-05T13:01:04.960487 #11090]  INFO -- : Mr Bazinga received hole_card Queen of Hearts
I, [2014-04-05T13:01:04.960657 #11090]  INFO -- : NoCo received hole_card Jack of Clubs
I, [2014-04-05T13:01:04.960883 #11090]  INFO -- : R3T received hole_card 7 of Clubs
I, [2014-04-05T13:01:04.961061 #11090]  INFO -- : Mr Bazinga received hole_card 7 of Spades
I, [2014-04-05T13:01:04.961242 #11090]  INFO -- : NoCo received hole_card 6 of Hearts
I, [2014-04-05T13:01:04.961526 #11090]  INFO -- : R3T made a bet of 10 (raise) and is left with 1000 chips. The pot now contains 10 chips.
I, [2014-04-05T13:01:04.961786 #11090]  INFO -- : Mr Bazinga made a bet of 20 (raise) and is left with 1000 chips. The pot now contains 30 chips.
I, [2014-04-05T13:01:04.963676 #11090]  INFO -- : Player NoCo responded with 0 (200)
I, [2014-04-05T13:01:04.963912 #11090]  INFO -- : NoCo made a bet of 0 (fold) and is left with 970 chips. The pot now contains 30 chips.
I, [2014-04-05T13:01:04.967410 #11090]  INFO -- : Player R3T responded with 0 (200)
I, [2014-04-05T13:01:04.967708 #11090]  INFO -- : R3T made a bet of 0 (fold) and is left with 1000 chips. The pot now contains 30 chips.
I, [2014-04-05T13:01:04.970595 #11090]  INFO -- : Player Mr Bazinga responded with 0 (200)
I, [2014-04-05T13:01:04.970867 #11090]  INFO -- : Mr Bazinga made a bet of 0 (check) and is left with 1000 chips. The pot now contains 30 chips.
I, [2014-04-05T13:01:04.971276 #11090]  INFO -- : Mr Bazinga won 30
I, [2014-04-05T13:01:04.975472 #11090]  INFO -- : Player R3T responded with  (200)
I, [2014-04-05T13:01:04.978632 #11090]  INFO -- : Player Mr Bazinga responded with OK (200)
I, [2014-04-05T13:01:04.981434 #11090]  INFO -- : Player NoCo responded with  (200)
I, [2014-04-05T13:01:04.982270 #11090]  INFO -- : Mr Bazinga received hole_card Ace of Hearts
I, [2014-04-05T13:01:04.983362 #11090]  INFO -- : NoCo received hole_card 8 of Clubs
I, [2014-04-05T13:01:04.983920 #11090]  INFO -- : R3T received hole_card 3 of Spades
I, [2014-04-05T13:01:04.984247 #11090]  INFO -- : Mr Bazinga received hole_card 8 of Hearts
I, [2014-04-05T13:01:04.984462 #11090]  INFO -- : NoCo received hole_card King of Hearts
I, [2014-04-05T13:01:04.984723 #11090]  INFO -- : R3T received hole_card 6 of Spades
I, [2014-04-05T13:01:04.985235 #11090]  INFO -- : Mr Bazinga made a bet of 10 (raise) and is left with 1020 chips. The pot now contains 10 chips.
I, [2014-04-05T13:01:04.985843 #11090]  INFO -- : NoCo made a bet of 20 (raise) and is left with 950 chips. The pot now contains 30 chips.
I, [2014-04-05T13:01:04.988892 #11090]  INFO -- : Player R3T responded with 0 (200)
I, [2014-04-05T13:01:04.989165 #11090]  INFO -- : R3T made a bet of 0 (fold) and is left with 1000 chips. The pot now contains 30 chips.
I, [2014-04-05T13:01:04.991567 #11090]  INFO -- : Player Mr Bazinga responded with 70 (200)
I, [2014-04-05T13:01:04.991844 #11090]  INFO -- : Mr Bazinga made a bet of 70 (raise) and is left with 950 chips. The pot now contains 100 chips.
I, [2014-04-05T13:01:04.993951 #11090]  INFO -- : Player NoCo responded with 0 (200)
I, [2014-04-05T13:01:04.994173 #11090]  INFO -- : NoCo made a bet of 0 (fold) and is left with 950 chips. The pot now contains 100 chips.
I, [2014-04-05T13:01:04.994589 #11090]  INFO -- : Mr Bazinga won 100
I, [2014-04-05T13:01:04.997882 #11090]  INFO -- : Player R3T responded with  (200)
I, [2014-04-05T13:01:05.000594 #11090]  INFO -- : Player Mr Bazinga responded with OK (200)
I, [2014-04-05T13:01:05.002965 #11090]  INFO -- : Player NoCo responded with  (200)
I, [2014-04-05T13:01:05.003407 #11090]  INFO -- : NoCo received hole_card 4 of Clubs
I, [2014-04-05T13:01:05.003680 #11090]  INFO -- : R3T received hole_card 10 of Diamonds
I, [2014-04-05T13:01:05.003927 #11090]  INFO -- : Mr Bazinga received hole_card 10 of Clubs
I, [2014-04-05T13:01:05.004241 #11090]  INFO -- : NoCo received hole_card 9 of Clubs
I, [2014-04-05T13:01:05.004733 #11090]  INFO -- : R3T received hole_card 6 of Hearts
I, [2014-04-05T13:01:05.005231 #11090]  INFO -- : Mr Bazinga received hole_card 4 of Spades
I, [2014-04-05T13:01:05.006029 #11090]  INFO -- : NoCo made a bet of 10 (raise) and is left with 940 chips. The pot now contains 10 chips.
I, [2014-04-05T13:01:05.006559 #11090]  INFO -- : R3T made a bet of 20 (raise) and is left with 980 chips. The pot now contains 30 chips.
I, [2014-04-05T13:01:05.011265 #11090]  INFO -- : Player Mr Bazinga responded with 0 (200)
I, [2014-04-05T13:01:05.011709 #11090]  INFO -- : Mr Bazinga made a bet of 0 (fold) and is left with 1050 chips. The pot now contains 30 chips.
I, [2014-04-05T13:01:05.014478 #11090]  INFO -- : Player NoCo responded with 0 (200)
I, [2014-04-05T13:01:05.015022 #11090]  INFO -- : NoCo made a bet of 0 (fold) and is left with 940 chips. The pot now contains 30 chips.
I, [2014-04-05T13:01:05.022756 #11090]  INFO -- : Player R3T responded with 0 (200)
I, [2014-04-05T13:01:05.023460 #11090]  INFO -- : R3T made a bet of 0 (check) and is left with 980 chips. The pot now contains 30 chips.
I, [2014-04-05T13:01:05.024689 #11090]  INFO -- : R3T won 30
I, [2014-04-05T13:01:05.035897 #11090]  INFO -- : Player R3T responded with  (200)
I, [2014-04-05T13:01:05.044336 #11090]  INFO -- : Player Mr Bazinga responded with OK (200)
I, [2014-04-05T13:01:05.046828 #11090]  INFO -- : Player NoCo responded with  (200)
I, [2014-04-05T13:01:05.047170 #11090]  INFO -- : R3T received hole_card Ace of Hearts
I, [2014-04-05T13:01:05.047415 #11090]  INFO -- : Mr Bazinga received hole_card 5 of Hearts
I, [2014-04-05T13:01:05.047596 #11090]  INFO -- : NoCo received hole_card 4 of Spades
I, [2014-04-05T13:01:05.047812 #11090]  INFO -- : R3T received hole_card Ace of Clubs
I, [2014-04-05T13:01:05.048014 #11090]  INFO -- : Mr Bazinga received hole_card 9 of Spades
I, [2014-04-05T13:01:05.048212 #11090]  INFO -- : NoCo received hole_card 8 of Hearts
I, [2014-04-05T13:01:05.048584 #11090]  INFO -- : R3T made a bet of 10 (raise) and is left with 1000 chips. The pot now contains 10 chips.
I, [2014-04-05T13:01:05.048906 #11090]  INFO -- : Mr Bazinga made a bet of 20 (raise) and is left with 1030 chips. The pot now contains 30 chips.
I, [2014-04-05T13:01:05.050871 #11090]  INFO -- : Player NoCo responded with 0 (200)
I, [2014-04-05T13:01:05.051114 #11090]  INFO -- : NoCo made a bet of 0 (fold) and is left with 940 chips. The pot now contains 30 chips.
I, [2014-04-05T13:01:05.054275 #11090]  INFO -- : Player R3T responded with 620 (200)
I, [2014-04-05T13:01:05.054545 #11090]  INFO -- : R3T made a bet of 620 (raise) and is left with 380 chips. The pot now contains 650 chips.
I, [2014-04-05T13:01:05.057035 #11090]  INFO -- : Player Mr Bazinga responded with 0 (200)
I, [2014-04-05T13:01:05.057742 #11090]  INFO -- : Mr Bazinga made a bet of 0 (fold) and is left with 1030 chips. The pot now contains 650 chips.
I, [2014-04-05T13:01:05.058606 #11090]  INFO -- : R3T won 650
I, [2014-04-05T13:01:05.061025 #11090]  INFO -- : Player R3T responded with  (200)
I, [2014-04-05T13:01:05.063086 #11090]  INFO -- : Player Mr Bazinga responded with OK (200)
I, [2014-04-05T13:01:05.065096 #11090]  INFO -- : Player NoCo responded with  (200)
I, [2014-04-05T13:01:05.065646 #11090]  INFO -- : Mr Bazinga received hole_card 9 of Diamonds
I, [2014-04-05T13:01:05.065950 #11090]  INFO -- : NoCo received hole_card 4 of Hearts
I, [2014-04-05T13:01:05.066172 #11090]  INFO -- : R3T received hole_card King of Spades
I, [2014-04-05T13:01:05.066487 #11090]  INFO -- : Mr Bazinga received hole_card Jack of Spades
I, [2014-04-05T13:01:05.066826 #11090]  INFO -- : NoCo received hole_card 3 of Clubs
I, [2014-04-05T13:01:05.067224 #11090]  INFO -- : R3T received hole_card Ace of Clubs
I, [2014-04-05T13:01:05.067788 #11090]  INFO -- : Mr Bazinga made a bet of 20 (raise) and is left with 1010 chips. The pot now contains 20 chips.
I, [2014-04-05T13:01:05.068381 #11090]  INFO -- : NoCo made a bet of 40 (raise) and is left with 900 chips. The pot now contains 60 chips.
I, [2014-04-05T13:01:05.073653 #11090]  INFO -- : Player R3T responded with 0 (200)
I, [2014-04-05T13:01:05.074140 #11090]  INFO -- : R3T made a bet of 0 (fold) and is left with 1030 chips. The pot now contains 60 chips.
I, [2014-04-05T13:01:05.079194 #11090]  INFO -- : Player Mr Bazinga responded with 0 (200)
I, [2014-04-05T13:01:05.079866 #11090]  INFO -- : Mr Bazinga made a bet of 0 (fold) and is left with 1010 chips. The pot now contains 60 chips.
I, [2014-04-05T13:01:05.083255 #11090]  INFO -- : Player NoCo responded with 0 (200)
I, [2014-04-05T13:01:05.083756 #11090]  INFO -- : NoCo made a bet of 0 (check) and is left with 900 chips. The pot now contains 60 chips.
I, [2014-04-05T13:01:05.084740 #11090]  INFO -- : NoCo won 60
I, [2014-04-05T13:01:05.093166 #11090]  INFO -- : Player R3T responded with  (200)
I, [2014-04-05T13:01:05.098057 #11090]  INFO -- : Player Mr Bazinga responded with OK (200)
I, [2014-04-05T13:01:05.101269 #11090]  INFO -- : Player NoCo responded with  (200)
I, [2014-04-05T13:01:05.101702 #11090]  INFO -- : NoCo received hole_card 8 of Diamonds
I, [2014-04-05T13:01:05.101920 #11090]  INFO -- : R3T received hole_card 10 of Spades
I, [2014-04-05T13:01:05.102116 #11090]  INFO -- : Mr Bazinga received hole_card 4 of Diamonds
I, [2014-04-05T13:01:05.102301 #11090]  INFO -- : NoCo received hole_card Jack of Clubs
I, [2014-04-05T13:01:05.102513 #11090]  INFO -- : R3T received hole_card King of Clubs
I, [2014-04-05T13:01:05.102693 #11090]  INFO -- : Mr Bazinga received hole_card 9 of Diamonds
I, [2014-04-05T13:01:05.102966 #11090]  INFO -- : NoCo made a bet of 20 (raise) and is left with 940 chips. The pot now contains 20 chips.
I, [2014-04-05T13:01:05.103203 #11090]  INFO -- : R3T made a bet of 40 (raise) and is left with 990 chips. The pot now contains 60 chips.
I, [2014-04-05T13:01:05.104868 #11090]  INFO -- : Player Mr Bazinga responded with 110 (200)
I, [2014-04-05T13:01:05.105113 #11090]  INFO -- : Mr Bazinga made a bet of 110 (raise) and is left with 900 chips. The pot now contains 170 chips.
I, [2014-04-05T13:01:05.107123 #11090]  INFO -- : Player NoCo responded with 0 (200)
I, [2014-04-05T13:01:05.107885 #11090]  INFO -- : NoCo made a bet of 0 (fold) and is left with 940 chips. The pot now contains 170 chips.
I, [2014-04-05T13:01:05.110949 #11090]  INFO -- : Player R3T responded with 0 (200)
I, [2014-04-05T13:01:05.111458 #11090]  INFO -- : R3T made a bet of 0 (fold) and is left with 990 chips. The pot now contains 170 chips.
I, [2014-04-05T13:01:05.112656 #11090]  INFO -- : Mr Bazinga won 170
I, [2014-04-05T13:01:05.116412 #11090]  INFO -- : Player R3T responded with  (200)
I, [2014-04-05T13:01:05.118173 #11090]  INFO -- : Player Mr Bazinga responded with OK (200)
I, [2014-04-05T13:01:05.119884 #11090]  INFO -- : Player NoCo responded with  (200)
I, [2014-04-05T13:01:05.120218 #11090]  INFO -- : R3T received hole_card 6 of Clubs
I, [2014-04-05T13:01:05.120412 #11090]  INFO -- : Mr Bazinga received hole_card 2 of Hearts
I, [2014-04-05T13:01:05.120605 #11090]  INFO -- : NoCo received hole_card 3 of Hearts
I, [2014-04-05T13:01:05.120784 #11090]  INFO -- : R3T received hole_card King of Spades
I, [2014-04-05T13:01:05.120961 #11090]  INFO -- : Mr Bazinga received hole_card 2 of Spades
I, [2014-04-05T13:01:05.121144 #11090]  INFO -- : NoCo received hole_card 8 of Clubs
I, [2014-04-05T13:01:05.121459 #11090]  INFO -- : R3T made a bet of 20 (raise) and is left with 970 chips. The pot now contains 20 chips.
I, [2014-04-05T13:01:05.121714 #11090]  INFO -- : Mr Bazinga made a bet of 40 (raise) and is left with 1030 chips. The pot now contains 60 chips.
I, [2014-04-05T13:01:05.124642 #11090]  INFO -- : Player NoCo responded with 0 (200)
I, [2014-04-05T13:01:05.124978 #11090]  INFO -- : NoCo made a bet of 0 (fold) and is left with 940 chips. The pot now contains 60 chips.
I, [2014-04-05T13:01:05.129288 #11090]  INFO -- : Player R3T responded with 0 (200)
I, [2014-04-05T13:01:05.129786 #11090]  INFO -- : R3T made a bet of 0 (fold) and is left with 970 chips. The pot now contains 60 chips.
I, [2014-04-05T13:01:05.136373 #11090]  INFO -- : Player Mr Bazinga responded with 220 (200)
I, [2014-04-05T13:01:05.136715 #11090]  INFO -- : Mr Bazinga made a bet of 220 (raise) and is left with 810 chips. The pot now contains 280 chips.
I, [2014-04-05T13:01:05.137304 #11090]  INFO -- : Mr Bazinga won 280
I, [2014-04-05T13:01:05.140460 #11090]  INFO -- : Player R3T responded with  (200)
I, [2014-04-05T13:01:05.142956 #11090]  INFO -- : Player Mr Bazinga responded with OK (200)
I, [2014-04-05T13:01:05.145257 #11090]  INFO -- : Player NoCo responded with  (200)
I, [2014-04-05T13:01:05.145714 #11090]  INFO -- : Mr Bazinga received hole_card 10 of Diamonds
I, [2014-04-05T13:01:05.145977 #11090]  INFO -- : NoCo received hole_card 6 of Clubs
I, [2014-04-05T13:01:05.146279 #11090]  INFO -- : R3T received hole_card Jack of Diamonds
I, [2014-04-05T13:01:05.146552 #11090]  INFO -- : Mr Bazinga received hole_card 7 of Clubs
I, [2014-04-05T13:01:05.146813 #11090]  INFO -- : NoCo received hole_card 8 of Hearts
I, [2014-04-05T13:01:05.147127 #11090]  INFO -- : R3T received hole_card 8 of Clubs
I, [2014-04-05T13:01:05.147616 #11090]  INFO -- : Mr Bazinga made a bet of 20 (raise) and is left with 1070 chips. The pot now contains 20 chips.
I, [2014-04-05T13:01:05.148627 #11090]  INFO -- : NoCo made a bet of 40 (raise) and is left with 900 chips. The pot now contains 60 chips.
I, [2014-04-05T13:01:05.151913 #11090]  INFO -- : Player R3T responded with 0 (200)
I, [2014-04-05T13:01:05.152247 #11090]  INFO -- : R3T made a bet of 0 (fold) and is left with 970 chips. The pot now contains 60 chips.
I, [2014-04-05T13:01:05.154245 #11090]  INFO -- : Player Mr Bazinga responded with 0 (200)
I, [2014-04-05T13:01:05.154425 #11090]  INFO -- : Mr Bazinga made a bet of 0 (fold) and is left with 1070 chips. The pot now contains 60 chips.
I, [2014-04-05T13:01:05.158276 #11090]  INFO -- : Player NoCo responded with 0 (200)
I, [2014-04-05T13:01:05.158593 #11090]  INFO -- : NoCo made a bet of 0 (check) and is left with 900 chips. The pot now contains 60 chips.
I, [2014-04-05T13:01:05.158951 #11090]  INFO -- : NoCo won 60
I, [2014-04-05T13:01:05.161118 #11090]  INFO -- : Player R3T responded with  (200)
I, [2014-04-05T13:01:05.162514 #11090]  INFO -- : Player Mr Bazinga responded with OK (200)
I, [2014-04-05T13:01:05.164253 #11090]  INFO -- : Player NoCo responded with  (200)
I, [2014-04-05T13:01:05.164637 #11090]  INFO -- : NoCo received hole_card 4 of Clubs
I, [2014-04-05T13:01:05.164792 #11090]  INFO -- : R3T received hole_card 10 of Clubs
I, [2014-04-05T13:01:05.164963 #11090]  INFO -- : Mr Bazinga received hole_card 8 of Spades
I, [2014-04-05T13:01:05.165491 #11090]  INFO -- : NoCo received hole_card King of Spades
I, [2014-04-05T13:01:05.165922 #11090]  INFO -- : R3T received hole_card 9 of Spades
I, [2014-04-05T13:01:05.166268 #11090]  INFO -- : Mr Bazinga received hole_card 5 of Spades
I, [2014-04-05T13:01:05.166605 #11090]  INFO -- : NoCo made a bet of 20 (raise) and is left with 940 chips. The pot now contains 20 chips.
I, [2014-04-05T13:01:05.166851 #11090]  INFO -- : R3T made a bet of 40 (raise) and is left with 930 chips. The pot now contains 60 chips.
I, [2014-04-05T13:01:05.168313 #11090]  INFO -- : Player Mr Bazinga responded with 110 (200)
I, [2014-04-05T13:01:05.168502 #11090]  INFO -- : Mr Bazinga made a bet of 110 (raise) and is left with 960 chips. The pot now contains 170 chips.
I, [2014-04-05T13:01:05.170429 #11090]  INFO -- : Player NoCo responded with 0 (200)
I, [2014-04-05T13:01:05.170632 #11090]  INFO -- : NoCo made a bet of 0 (fold) and is left with 940 chips. The pot now contains 170 chips.
I, [2014-04-05T13:01:05.174554 #11090]  INFO -- : Player R3T responded with 0 (200)
I, [2014-04-05T13:01:05.175003 #11090]  INFO -- : R3T made a bet of 0 (fold) and is left with 930 chips. The pot now contains 170 chips.
I, [2014-04-05T13:01:05.175841 #11090]  INFO -- : Mr Bazinga won 170
I, [2014-04-05T13:01:05.179763 #11090]  INFO -- : Player R3T responded with  (200)
I, [2014-04-05T13:01:05.183381 #11090]  INFO -- : Player Mr Bazinga responded with OK (200)
I, [2014-04-05T13:01:05.187269 #11090]  INFO -- : Player NoCo responded with  (200)
I, [2014-04-05T13:01:05.187768 #11090]  INFO -- : R3T received hole_card 10 of Spades
I, [2014-04-05T13:01:05.188055 #11090]  INFO -- : Mr Bazinga received hole_card 8 of Diamonds
I, [2014-04-05T13:01:05.188293 #11090]  INFO -- : NoCo received hole_card 3 of Hearts
I, [2014-04-05T13:01:05.188540 #11090]  INFO -- : R3T received hole_card Jack of Clubs
I, [2014-04-05T13:01:05.188776 #11090]  INFO -- : Mr Bazinga received hole_card 5 of Clubs
I, [2014-04-05T13:01:05.189056 #11090]  INFO -- : NoCo received hole_card 7 of Clubs
I, [2014-04-05T13:01:05.189593 #11090]  INFO -- : R3T made a bet of 20 (raise) and is left with 910 chips. The pot now contains 20 chips.
I, [2014-04-05T13:01:05.190567 #11090]  INFO -- : Mr Bazinga made a bet of 40 (raise) and is left with 1090 chips. The pot now contains 60 chips.
I, [2014-04-05T13:01:05.195690 #11090]  INFO -- : Player NoCo responded with 0 (200)
I, [2014-04-05T13:01:05.196413 #11090]  INFO -- : NoCo made a bet of 0 (fold) and is left with 940 chips. The pot now contains 60 chips.
I, [2014-04-05T13:01:05.202516 #11090]  INFO -- : Player R3T responded with 0 (200)
I, [2014-04-05T13:01:05.202734 #11090]  INFO -- : R3T made a bet of 0 (fold) and is left with 910 chips. The pot now contains 60 chips.
I, [2014-04-05T13:01:05.209116 #11090]  INFO -- : Player Mr Bazinga responded with 0 (200)
I, [2014-04-05T13:01:05.209877 #11090]  INFO -- : Mr Bazinga made a bet of 0 (check) and is left with 1090 chips. The pot now contains 60 chips.
I, [2014-04-05T13:01:05.211278 #11090]  INFO -- : Mr Bazinga won 60
I, [2014-04-05T13:01:05.219810 #11090]  INFO -- : Player R3T responded with  (200)
I, [2014-04-05T13:01:05.224199 #11090]  INFO -- : Player Mr Bazinga responded with OK (200)
I, [2014-04-05T13:01:05.228653 #11090]  INFO -- : Player NoCo responded with  (200)
I, [2014-04-05T13:01:05.228969 #11090]  INFO -- : Mr Bazinga received hole_card Ace of Diamonds
I, [2014-04-05T13:01:05.229178 #11090]  INFO -- : NoCo received hole_card 8 of Hearts
I, [2014-04-05T13:01:05.229363 #11090]  INFO -- : R3T received hole_card 6 of Clubs
I, [2014-04-05T13:01:05.229551 #11090]  INFO -- : Mr Bazinga received hole_card 8 of Spades
I, [2014-04-05T13:01:05.229734 #11090]  INFO -- : NoCo received hole_card 7 of Hearts
I, [2014-04-05T13:01:05.229943 #11090]  INFO -- : R3T received hole_card 4 of Spades
I, [2014-04-05T13:01:05.230235 #11090]  INFO -- : Mr Bazinga made a bet of 20 (raise) and is left with 1130 chips. The pot now contains 20 chips.
I, [2014-04-05T13:01:05.230480 #11090]  INFO -- : NoCo made a bet of 40 (raise) and is left with 900 chips. The pot now contains 60 chips.
I, [2014-04-05T13:01:05.233376 #11090]  INFO -- : Player R3T responded with 0 (200)
I, [2014-04-05T13:01:05.233966 #11090]  INFO -- : R3T made a bet of 0 (fold) and is left with 910 chips. The pot now contains 60 chips.
I, [2014-04-05T13:01:05.237173 #11090]  INFO -- : Player Mr Bazinga responded with 0 (200)
I, [2014-04-05T13:01:05.237518 #11090]  INFO -- : Mr Bazinga made a bet of 0 (fold) and is left with 1130 chips. The pot now contains 60 chips.
I, [2014-04-05T13:01:05.239897 #11090]  INFO -- : Player NoCo responded with 0 (200)
I, [2014-04-05T13:01:05.240883 #11090]  INFO -- : NoCo made a bet of 0 (check) and is left with 900 chips. The pot now contains 60 chips.
I, [2014-04-05T13:01:05.242065 #11090]  INFO -- : NoCo won 60
I, [2014-04-05T13:01:05.246163 #11090]  INFO -- : Player R3T responded with  (200)
I, [2014-04-05T13:01:05.248860 #11090]  INFO -- : Player Mr Bazinga responded with OK (200)
I, [2014-04-05T13:01:05.250861 #11090]  INFO -- : Player NoCo responded with  (200)
I, [2014-04-05T13:01:05.251183 #11090]  INFO -- : NoCo received hole_card 2 of Hearts
I, [2014-04-05T13:01:05.251379 #11090]  INFO -- : R3T received hole_card Queen of Hearts
I, [2014-04-05T13:01:05.251542 #11090]  INFO -- : Mr Bazinga received hole_card 5 of Hearts
I, [2014-04-05T13:01:05.251748 #11090]  INFO -- : NoCo received hole_card 10 of Hearts
I, [2014-04-05T13:01:05.251934 #11090]  INFO -- : R3T received hole_card 5 of Clubs
I, [2014-04-05T13:01:05.252127 #11090]  INFO -- : Mr Bazinga received hole_card 7 of Diamonds
I, [2014-04-05T13:01:05.252436 #11090]  INFO -- : NoCo made a bet of 20 (raise) and is left with 940 chips. The pot now contains 20 chips.
I, [2014-04-05T13:01:05.252681 #11090]  INFO -- : R3T made a bet of 40 (raise) and is left with 870 chips. The pot now contains 60 chips.
I, [2014-04-05T13:01:05.257311 #11090]  INFO -- : Player Mr Bazinga responded with 0 (200)
I, [2014-04-05T13:01:05.257614 #11090]  INFO -- : Mr Bazinga made a bet of 0 (fold) and is left with 1130 chips. The pot now contains 60 chips.
I, [2014-04-05T13:01:05.259423 #11090]  INFO -- : Player NoCo responded with 0 (200)
I, [2014-04-05T13:01:05.259722 #11090]  INFO -- : NoCo made a bet of 0 (fold) and is left with 940 chips. The pot now contains 60 chips.
I, [2014-04-05T13:01:05.262753 #11090]  INFO -- : Player R3T responded with 0 (200)
I, [2014-04-05T13:01:05.263085 #11090]  INFO -- : R3T made a bet of 0 (check) and is left with 870 chips. The pot now contains 60 chips.
I, [2014-04-05T13:01:05.263835 #11090]  INFO -- : R3T won 60
I, [2014-04-05T13:01:05.266611 #11090]  INFO -- : Player R3T responded with  (200)
I, [2014-04-05T13:01:05.268815 #11090]  INFO -- : Player Mr Bazinga responded with OK (200)
I, [2014-04-05T13:01:05.272413 #11090]  INFO -- : Player NoCo responded with  (200)
I, [2014-04-05T13:01:05.273177 #11090]  INFO -- : R3T received hole_card King of Clubs
I, [2014-04-05T13:01:05.273789 #11090]  INFO -- : Mr Bazinga received hole_card 5 of Hearts
I, [2014-04-05T13:01:05.274341 #11090]  INFO -- : NoCo received hole_card 3 of Spades
I, [2014-04-05T13:01:05.274866 #11090]  INFO -- : R3T received hole_card Jack of Hearts
I, [2014-04-05T13:01:05.275443 #11090]  INFO -- : Mr Bazinga received hole_card 4 of Spades
I, [2014-04-05T13:01:05.276239 #11090]  INFO -- : NoCo received hole_card 5 of Spades
I, [2014-04-05T13:01:05.277796 #11090]  INFO -- : R3T made a bet of 20 (raise) and is left with 910 chips. The pot now contains 20 chips.
I, [2014-04-05T13:01:05.278911 #11090]  INFO -- : Mr Bazinga made a bet of 40 (raise) and is left with 1090 chips. The pot now contains 60 chips.
I, [2014-04-05T13:01:05.282818 #11090]  INFO -- : Player NoCo responded with 0 (200)
I, [2014-04-05T13:01:05.283569 #11090]  INFO -- : NoCo made a bet of 0 (fold) and is left with 940 chips. The pot now contains 60 chips.
I, [2014-04-05T13:01:05.292521 #11090]  INFO -- : Player R3T responded with 0 (200)
I, [2014-04-05T13:01:05.293030 #11090]  INFO -- : R3T made a bet of 0 (fold) and is left with 910 chips. The pot now contains 60 chips.
I, [2014-04-05T13:01:05.296186 #11090]  INFO -- : Player Mr Bazinga responded with 0 (200)
I, [2014-04-05T13:01:05.296422 #11090]  INFO -- : Mr Bazinga made a bet of 0 (check) and is left with 1090 chips. The pot now contains 60 chips.
I, [2014-04-05T13:01:05.296776 #11090]  INFO -- : Mr Bazinga won 60
I, [2014-04-05T13:01:05.299496 #11090]  INFO -- : Player R3T responded with  (200)
I, [2014-04-05T13:01:05.302071 #11090]  INFO -- : Player Mr Bazinga responded with OK (200)
I, [2014-04-05T13:01:05.303643 #11090]  INFO -- : Player NoCo responded with  (200)
I, [2014-04-05T13:01:05.303980 #11090]  INFO -- : Mr Bazinga received hole_card 10 of Hearts
I, [2014-04-05T13:01:05.304217 #11090]  INFO -- : NoCo received hole_card 8 of Spades
I, [2014-04-05T13:01:05.304396 #11090]  INFO -- : R3T received hole_card 2 of Diamonds
I, [2014-04-05T13:01:05.304588 #11090]  INFO -- : Mr Bazinga received hole_card 3 of Diamonds
I, [2014-04-05T13:01:05.304821 #11090]  INFO -- : NoCo received hole_card 4 of Diamonds
I, [2014-04-05T13:01:05.305061 #11090]  INFO -- : R3T received hole_card Ace of Diamonds
I, [2014-04-05T13:01:05.305438 #11090]  INFO -- : Mr Bazinga made a bet of 40 (raise) and is left with 1110 chips. The pot now contains 40 chips.
I, [2014-04-05T13:01:05.305819 #11090]  INFO -- : NoCo made a bet of 80 (raise) and is left with 860 chips. The pot now contains 120 chips.
I, [2014-04-05T13:01:05.308755 #11090]  INFO -- : Player R3T responded with 0 (200)
I, [2014-04-05T13:01:05.309235 #11090]  INFO -- : R3T made a bet of 0 (fold) and is left with 910 chips. The pot now contains 120 chips.
I, [2014-04-05T13:01:05.311633 #11090]  INFO -- : Player Mr Bazinga responded with 0 (200)
I, [2014-04-05T13:01:05.311882 #11090]  INFO -- : Mr Bazinga made a bet of 0 (fold) and is left with 1110 chips. The pot now contains 120 chips.
I, [2014-04-05T13:01:05.313933 #11090]  INFO -- : Player NoCo responded with 0 (200)
I, [2014-04-05T13:01:05.314117 #11090]  INFO -- : NoCo made a bet of 0 (check) and is left with 860 chips. The pot now contains 120 chips.
I, [2014-04-05T13:01:05.314464 #11090]  INFO -- : NoCo won 120
I, [2014-04-05T13:01:05.318595 #11090]  INFO -- : Player R3T responded with  (200)
I, [2014-04-05T13:01:05.321592 #11090]  INFO -- : Player Mr Bazinga responded with OK (200)
I, [2014-04-05T13:01:05.324065 #11090]  INFO -- : Player NoCo responded with  (200)
I, [2014-04-05T13:01:05.324573 #11090]  INFO -- : NoCo received hole_card 9 of Diamonds
I, [2014-04-05T13:01:05.324940 #11090]  INFO -- : R3T received hole_card 9 of Clubs
I, [2014-04-05T13:01:05.325201 #11090]  INFO -- : Mr Bazinga received hole_card 9 of Spades
I, [2014-04-05T13:01:05.325440 #11090]  INFO -- : NoCo received hole_card King of Spades
I, [2014-04-05T13:01:05.325702 #11090]  INFO -- : R3T received hole_card Queen of Spades
I, [2014-04-05T13:01:05.326040 #11090]  INFO -- : Mr Bazinga received hole_card 5 of Diamonds
I, [2014-04-05T13:01:05.326540 #11090]  INFO -- : NoCo made a bet of 40 (raise) and is left with 940 chips. The pot now contains 40 chips.
I, [2014-04-05T13:01:05.326927 #11090]  INFO -- : R3T made a bet of 80 (raise) and is left with 830 chips. The pot now contains 120 chips.
I, [2014-04-05T13:01:05.329737 #11090]  INFO -- : Player Mr Bazinga responded with 0 (200)
I, [2014-04-05T13:01:05.330235 #11090]  INFO -- : Mr Bazinga made a bet of 0 (fold) and is left with 1110 chips. The pot now contains 120 chips.
I, [2014-04-05T13:01:05.334031 #11090]  INFO -- : Player NoCo responded with 0 (200)
I, [2014-04-05T13:01:05.334611 #11090]  INFO -- : NoCo made a bet of 0 (fold) and is left with 940 chips. The pot now contains 120 chips.
I, [2014-04-05T13:01:05.339845 #11090]  INFO -- : Player R3T responded with 0 (200)
I, [2014-04-05T13:01:05.340318 #11090]  INFO -- : R3T made a bet of 0 (check) and is left with 830 chips. The pot now contains 120 chips.
I, [2014-04-05T13:01:05.340855 #11090]  INFO -- : R3T won 120
I, [2014-04-05T13:01:05.345614 #11090]  INFO -- : Player R3T responded with  (200)
I, [2014-04-05T13:01:05.351478 #11090]  INFO -- : Player Mr Bazinga responded with OK (200)
I, [2014-04-05T13:01:05.354738 #11090]  INFO -- : Player NoCo responded with  (200)
I, [2014-04-05T13:01:05.355064 #11090]  INFO -- : R3T received hole_card 8 of Spades
I, [2014-04-05T13:01:05.355352 #11090]  INFO -- : Mr Bazinga received hole_card 9 of Spades
I, [2014-04-05T13:01:05.355638 #11090]  INFO -- : NoCo received hole_card 5 of Hearts
I, [2014-04-05T13:01:05.355848 #11090]  INFO -- : R3T received hole_card King of Hearts
I, [2014-04-05T13:01:05.356061 #11090]  INFO -- : Mr Bazinga received hole_card 7 of Spades
I, [2014-04-05T13:01:05.356257 #11090]  INFO -- : NoCo received hole_card 2 of Hearts
I, [2014-04-05T13:01:05.356547 #11090]  INFO -- : R3T made a bet of 40 (raise) and is left with 910 chips. The pot now contains 40 chips.
I, [2014-04-05T13:01:05.356857 #11090]  INFO -- : Mr Bazinga made a bet of 80 (raise) and is left with 1030 chips. The pot now contains 120 chips.
I, [2014-04-05T13:01:05.359270 #11090]  INFO -- : Player NoCo responded with 0 (200)
I, [2014-04-05T13:01:05.359452 #11090]  INFO -- : NoCo made a bet of 0 (fold) and is left with 940 chips. The pot now contains 120 chips.
I, [2014-04-05T13:01:05.363602 #11090]  INFO -- : Player R3T responded with 0 (200)
I, [2014-04-05T13:01:05.363838 #11090]  INFO -- : R3T made a bet of 0 (fold) and is left with 910 chips. The pot now contains 120 chips.
I, [2014-04-05T13:01:05.367073 #11090]  INFO -- : Player Mr Bazinga responded with 90 (200)
I, [2014-04-05T13:01:05.367599 #11090]  INFO -- : Mr Bazinga made a bet of 90 (raise) and is left with 940 chips. The pot now contains 210 chips.
I, [2014-04-05T13:01:05.368260 #11090]  INFO -- : Mr Bazinga won 210
I, [2014-04-05T13:01:05.371730 #11090]  INFO -- : Player R3T responded with  (200)
I, [2014-04-05T13:01:05.377946 #11090]  INFO -- : Player Mr Bazinga responded with OK (200)
I, [2014-04-05T13:01:05.380336 #11090]  INFO -- : Player NoCo responded with  (200)
I, [2014-04-05T13:01:05.380611 #11090]  INFO -- : Mr Bazinga received hole_card 10 of Diamonds
I, [2014-04-05T13:01:05.380776 #11090]  INFO -- : NoCo received hole_card 10 of Spades
I, [2014-04-05T13:01:05.380946 #11090]  INFO -- : R3T received hole_card 3 of Clubs
I, [2014-04-05T13:01:05.381095 #11090]  INFO -- : Mr Bazinga received hole_card 4 of Spades
I, [2014-04-05T13:01:05.381265 #11090]  INFO -- : NoCo received hole_card King of Spades
I, [2014-04-05T13:01:05.381438 #11090]  INFO -- : R3T received hole_card 8 of Spades
I, [2014-04-05T13:01:05.381717 #11090]  INFO -- : Mr Bazinga made a bet of 40 (raise) and is left with 1110 chips. The pot now contains 40 chips.
I, [2014-04-05T13:01:05.381949 #11090]  INFO -- : NoCo made a bet of 80 (raise) and is left with 860 chips. The pot now contains 120 chips.
I, [2014-04-05T13:01:05.384924 #11090]  INFO -- : Player R3T responded with 0 (200)
I, [2014-04-05T13:01:05.385150 #11090]  INFO -- : R3T made a bet of 0 (fold) and is left with 910 chips. The pot now contains 120 chips.
I, [2014-04-05T13:01:05.388241 #11090]  INFO -- : Player Mr Bazinga responded with 0 (200)
I, [2014-04-05T13:01:05.388567 #11090]  INFO -- : Mr Bazinga made a bet of 0 (fold) and is left with 1110 chips. The pot now contains 120 chips.
I, [2014-04-05T13:01:05.391568 #11090]  INFO -- : Player NoCo responded with 0 (200)
I, [2014-04-05T13:01:05.391979 #11090]  INFO -- : NoCo made a bet of 0 (check) and is left with 860 chips. The pot now contains 120 chips.
I, [2014-04-05T13:01:05.392925 #11090]  INFO -- : NoCo won 120
I, [2014-04-05T13:01:05.397663 #11090]  INFO -- : Player R3T responded with  (200)
I, [2014-04-05T13:01:05.400259 #11090]  INFO -- : Player Mr Bazinga responded with OK (200)
I, [2014-04-05T13:01:05.403241 #11090]  INFO -- : Player NoCo responded with  (200)
I, [2014-04-05T13:01:05.403595 #11090]  INFO -- : NoCo received hole_card Ace of Clubs
I, [2014-04-05T13:01:05.403778 #11090]  INFO -- : R3T received hole_card 7 of Spades
I, [2014-04-05T13:01:05.403932 #11090]  INFO -- : Mr Bazinga received hole_card 7 of Hearts
I, [2014-04-05T13:01:05.404128 #11090]  INFO -- : NoCo received hole_card 2 of Diamonds
I, [2014-04-05T13:01:05.404317 #11090]  INFO -- : R3T received hole_card 5 of Spades
I, [2014-04-05T13:01:05.404490 #11090]  INFO -- : Mr Bazinga received hole_card Ace of Spades
I, [2014-04-05T13:01:05.404758 #11090]  INFO -- : NoCo made a bet of 40 (raise) and is left with 940 chips. The pot now contains 40 chips.
I, [2014-04-05T13:01:05.404993 #11090]  INFO -- : R3T made a bet of 80 (raise) and is left with 830 chips. The pot now contains 120 chips.
I, [2014-04-05T13:01:05.408572 #11090]  INFO -- : Player Mr Bazinga responded with 0 (200)
I, [2014-04-05T13:01:05.408881 #11090]  INFO -- : Mr Bazinga made a bet of 0 (fold) and is left with 1110 chips. The pot now contains 120 chips.
I, [2014-04-05T13:01:05.411923 #11090]  INFO -- : Player NoCo responded with 0 (200)
I, [2014-04-05T13:01:05.412190 #11090]  INFO -- : NoCo made a bet of 0 (fold) and is left with 940 chips. The pot now contains 120 chips.
I, [2014-04-05T13:01:05.415160 #11090]  INFO -- : Player R3T responded with 0 (200)
I, [2014-04-05T13:01:05.415410 #11090]  INFO -- : R3T made a bet of 0 (check) and is left with 830 chips. The pot now contains 120 chips.
I, [2014-04-05T13:01:05.415776 #11090]  INFO -- : R3T won 120
I, [2014-04-05T13:01:05.418050 #11090]  INFO -- : Player R3T responded with  (200)
I, [2014-04-05T13:01:05.419660 #11090]  INFO -- : Player Mr Bazinga responded with OK (200)
I, [2014-04-05T13:01:05.421373 #11090]  INFO -- : Player NoCo responded with  (200)
I, [2014-04-05T13:01:05.421701 #11090]  INFO -- : R3T received hole_card 8 of Spades
I, [2014-04-05T13:01:05.421881 #11090]  INFO -- : Mr Bazinga received hole_card 2 of Spades
I, [2014-04-05T13:01:05.422082 #11090]  INFO -- : NoCo received hole_card 4 of Hearts
I, [2014-04-05T13:01:05.422639 #11090]  INFO -- : R3T received hole_card 3 of Clubs
I, [2014-04-05T13:01:05.423195 #11090]  INFO -- : Mr Bazinga received hole_card Jack of Hearts
I, [2014-04-05T13:01:05.423461 #11090]  INFO -- : NoCo received hole_card 7 of Diamonds
I, [2014-04-05T13:01:05.423841 #11090]  INFO -- : R3T made a bet of 40 (raise) and is left with 910 chips. The pot now contains 40 chips.
I, [2014-04-05T13:01:05.424244 #11090]  INFO -- : Mr Bazinga made a bet of 80 (raise) and is left with 1030 chips. The pot now contains 120 chips.
I, [2014-04-05T13:01:05.426060 #11090]  INFO -- : Player NoCo responded with 0 (200)
I, [2014-04-05T13:01:05.426279 #11090]  INFO -- : NoCo made a bet of 0 (fold) and is left with 940 chips. The pot now contains 120 chips.
I, [2014-04-05T13:01:05.429206 #11090]  INFO -- : Player R3T responded with 0 (200)
I, [2014-04-05T13:01:05.429739 #11090]  INFO -- : R3T made a bet of 0 (fold) and is left with 910 chips. The pot now contains 120 chips.
I, [2014-04-05T13:01:05.433441 #11090]  INFO -- : Player Mr Bazinga responded with 0 (200)
I, [2014-04-05T13:01:05.433929 #11090]  INFO -- : Mr Bazinga made a bet of 0 (check) and is left with 1030 chips. The pot now contains 120 chips.
I, [2014-04-05T13:01:05.434767 #11090]  INFO -- : Mr Bazinga won 120
I, [2014-04-05T13:01:05.437938 #11090]  INFO -- : Player R3T responded with  (200)
I, [2014-04-05T13:01:05.441565 #11090]  INFO -- : Player Mr Bazinga responded with OK (200)
I, [2014-04-05T13:01:05.444060 #11090]  INFO -- : Player NoCo responded with  (200)
I, [2014-04-05T13:01:05.444555 #11090]  INFO -- : Mr Bazinga received hole_card 8 of Clubs
I, [2014-04-05T13:01:05.444866 #11090]  INFO -- : NoCo received hole_card 8 of Diamonds
I, [2014-04-05T13:01:05.445147 #11090]  INFO -- : R3T received hole_card 6 of Diamonds
I, [2014-04-05T13:01:05.445470 #11090]  INFO -- : Mr Bazinga received hole_card 6 of Hearts
I, [2014-04-05T13:01:05.445747 #11090]  INFO -- : NoCo received hole_card Ace of Clubs
I, [2014-04-05T13:01:05.446037 #11090]  INFO -- : R3T received hole_card Jack of Diamonds
I, [2014-04-05T13:01:05.446463 #11090]  INFO -- : Mr Bazinga made a bet of 40 (raise) and is left with 1110 chips. The pot now contains 40 chips.
I, [2014-04-05T13:01:05.446868 #11090]  INFO -- : NoCo made a bet of 80 (raise) and is left with 860 chips. The pot now contains 120 chips.
I, [2014-04-05T13:01:05.449636 #11090]  INFO -- : Player R3T responded with 0 (200)
I, [2014-04-05T13:01:05.449923 #11090]  INFO -- : R3T made a bet of 0 (fold) and is left with 910 chips. The pot now contains 120 chips.
I, [2014-04-05T13:01:05.451644 #11090]  INFO -- : Player Mr Bazinga responded with 0 (200)
I, [2014-04-05T13:01:05.451854 #11090]  INFO -- : Mr Bazinga made a bet of 0 (fold) and is left with 1110 chips. The pot now contains 120 chips.
I, [2014-04-05T13:01:05.453882 #11090]  INFO -- : Player NoCo responded with 0 (200)
I, [2014-04-05T13:01:05.454267 #11090]  INFO -- : NoCo made a bet of 0 (check) and is left with 860 chips. The pot now contains 120 chips.
I, [2014-04-05T13:01:05.454855 #11090]  INFO -- : NoCo won 120
I, [2014-04-05T13:01:05.459843 #11090]  INFO -- : Player R3T responded with  (200)
I, [2014-04-05T13:01:05.462081 #11090]  INFO -- : Player Mr Bazinga responded with OK (200)
I, [2014-04-05T13:01:05.464369 #11090]  INFO -- : Player NoCo responded with  (200)
I, [2014-04-05T13:01:05.464841 #11090]  INFO -- : NoCo received hole_card 2 of Hearts
I, [2014-04-05T13:01:05.465111 #11090]  INFO -- : R3T received hole_card 9 of Diamonds
I, [2014-04-05T13:01:05.465390 #11090]  INFO -- : Mr Bazinga received hole_card 4 of Diamonds
I, [2014-04-05T13:01:05.465689 #11090]  INFO -- : NoCo received hole_card 6 of Spades
I, [2014-04-05T13:01:05.465989 #11090]  INFO -- : R3T received hole_card 6 of Diamonds
I, [2014-04-05T13:01:05.466235 #11090]  INFO -- : Mr Bazinga received hole_card 9 of Spades
I, [2014-04-05T13:01:05.466665 #11090]  INFO -- : NoCo made a bet of 40 (raise) and is left with 940 chips. The pot now contains 40 chips.
I, [2014-04-05T13:01:05.467078 #11090]  INFO -- : R3T made a bet of 80 (raise) and is left with 830 chips. The pot now contains 120 chips.
I, [2014-04-05T13:01:05.470072 #11090]  INFO -- : Player Mr Bazinga responded with 0 (200)
I, [2014-04-05T13:01:05.470394 #11090]  INFO -- : Mr Bazinga made a bet of 0 (fold) and is left with 1110 chips. The pot now contains 120 chips.
I, [2014-04-05T13:01:05.473894 #11090]  INFO -- : Player NoCo responded with 0 (200)
I, [2014-04-05T13:01:05.474685 #11090]  INFO -- : NoCo made a bet of 0 (fold) and is left with 940 chips. The pot now contains 120 chips.
I, [2014-04-05T13:01:05.482004 #11090]  INFO -- : Player R3T responded with 0 (200)
I, [2014-04-05T13:01:05.482575 #11090]  INFO -- : R3T made a bet of 0 (check) and is left with 830 chips. The pot now contains 120 chips.
I, [2014-04-05T13:01:05.483611 #11090]  INFO -- : R3T won 120
I, [2014-04-05T13:01:05.486252 #11090]  INFO -- : Player R3T responded with  (200)
I, [2014-04-05T13:01:05.487803 #11090]  INFO -- : Player Mr Bazinga responded with OK (200)
I, [2014-04-05T13:01:05.491751 #11090]  INFO -- : Player NoCo responded with  (200)
I, [2014-04-05T13:01:05.493439 #11090]  INFO -- : R3T received hole_card 6 of Diamonds
I, [2014-04-05T13:01:05.494044 #11090]  INFO -- : Mr Bazinga received hole_card Queen of Hearts
I, [2014-04-05T13:01:05.494385 #11090]  INFO -- : NoCo received hole_card 4 of Diamonds
I, [2014-04-05T13:01:05.494747 #11090]  INFO -- : R3T received hole_card 7 of Diamonds
I, [2014-04-05T13:01:05.495901 #11090]  INFO -- : Mr Bazinga received hole_card Jack of Diamonds
I, [2014-04-05T13:01:05.496569 #11090]  INFO -- : NoCo received hole_card King of Diamonds
I, [2014-04-05T13:01:05.497104 #11090]  INFO -- : R3T made a bet of 40 (raise) and is left with 910 chips. The pot now contains 40 chips.
I, [2014-04-05T13:01:05.497516 #11090]  INFO -- : Mr Bazinga made a bet of 80 (raise) and is left with 1030 chips. The pot now contains 120 chips.
I, [2014-04-05T13:01:05.499374 #11090]  INFO -- : Player NoCo responded with 0 (200)
I, [2014-04-05T13:01:05.499617 #11090]  INFO -- : NoCo made a bet of 0 (fold) and is left with 940 chips. The pot now contains 120 chips.
I, [2014-04-05T13:01:05.502082 #11090]  INFO -- : Player R3T responded with 0 (200)
I, [2014-04-05T13:01:05.502357 #11090]  INFO -- : R3T made a bet of 0 (fold) and is left with 910 chips. The pot now contains 120 chips.
I, [2014-04-05T13:01:05.504069 #11090]  INFO -- : Player Mr Bazinga responded with 90 (200)
I, [2014-04-05T13:01:05.504363 #11090]  INFO -- : Mr Bazinga made a bet of 90 (raise) and is left with 940 chips. The pot now contains 210 chips.
I, [2014-04-05T13:01:05.504800 #11090]  INFO -- : Mr Bazinga won 210
I, [2014-04-05T13:01:05.506848 #11090]  INFO -- : Player R3T responded with  (200)
I, [2014-04-05T13:01:05.508470 #11090]  INFO -- : Player Mr Bazinga responded with OK (200)
I, [2014-04-05T13:01:05.510298 #11090]  INFO -- : Player NoCo responded with  (200)
I, [2014-04-05T13:01:05.510644 #11090]  INFO -- : Mr Bazinga received hole_card 2 of Hearts
I, [2014-04-05T13:01:05.510796 #11090]  INFO -- : NoCo received hole_card 5 of Diamonds
I, [2014-04-05T13:01:05.511109 #11090]  INFO -- : R3T received hole_card 4 of Diamonds
I, [2014-04-05T13:01:05.511753 #11090]  INFO -- : Mr Bazinga received hole_card 4 of Hearts
I, [2014-04-05T13:01:05.512080 #11090]  INFO -- : NoCo received hole_card 8 of Hearts
I, [2014-04-05T13:01:05.512419 #11090]  INFO -- : R3T received hole_card 9 of Clubs
I, [2014-04-05T13:01:05.512686 #11090]  INFO -- : Mr Bazinga made a bet of 80 (raise) and is left with 1070 chips. The pot now contains 80 chips.
I, [2014-04-05T13:01:05.512930 #11090]  INFO -- : NoCo made a bet of 160 (raise) and is left with 780 chips. The pot now contains 240 chips.
I, [2014-04-05T13:01:05.516726 #11090]  INFO -- : Player R3T responded with 0 (200)
I, [2014-04-05T13:01:05.517027 #11090]  INFO -- : R3T made a bet of 0 (fold) and is left with 910 chips. The pot now contains 240 chips.
I, [2014-04-05T13:01:05.519501 #11090]  INFO -- : Player Mr Bazinga responded with 0 (200)
I, [2014-04-05T13:01:05.519945 #11090]  INFO -- : Mr Bazinga made a bet of 0 (fold) and is left with 1070 chips. The pot now contains 240 chips.
I, [2014-04-05T13:01:05.522325 #11090]  INFO -- : Player NoCo responded with 0 (200)
I, [2014-04-05T13:01:05.522678 #11090]  INFO -- : NoCo made a bet of 0 (check) and is left with 780 chips. The pot now contains 240 chips.
I, [2014-04-05T13:01:05.523571 #11090]  INFO -- : NoCo won 240
I, [2014-04-05T13:01:05.529228 #11090]  INFO -- : Player R3T responded with  (200)
I, [2014-04-05T13:01:05.532899 #11090]  INFO -- : Player Mr Bazinga responded with OK (200)
I, [2014-04-05T13:01:05.534467 #11090]  INFO -- : Player NoCo responded with  (200)
I, [2014-04-05T13:01:05.534763 #11090]  INFO -- : NoCo received hole_card 9 of Diamonds
I, [2014-04-05T13:01:05.534941 #11090]  INFO -- : R3T received hole_card 5 of Spades
I, [2014-04-05T13:01:05.535104 #11090]  INFO -- : Mr Bazinga received hole_card 9 of Clubs
I, [2014-04-05T13:01:05.535289 #11090]  INFO -- : NoCo received hole_card Queen of Diamonds
I, [2014-04-05T13:01:05.535458 #11090]  INFO -- : R3T received hole_card 9 of Hearts
I, [2014-04-05T13:01:05.535623 #11090]  INFO -- : Mr Bazinga received hole_card 2 of Spades
I, [2014-04-05T13:01:05.535904 #11090]  INFO -- : NoCo made a bet of 80 (raise) and is left with 940 chips. The pot now contains 80 chips.
I, [2014-04-05T13:01:05.536187 #11090]  INFO -- : R3T made a bet of 160 (raise) and is left with 750 chips. The pot now contains 240 chips.
I, [2014-04-05T13:01:05.537688 #11090]  INFO -- : Player Mr Bazinga responded with 0 (200)
I, [2014-04-05T13:01:05.537890 #11090]  INFO -- : Mr Bazinga made a bet of 0 (fold) and is left with 1070 chips. The pot now contains 240 chips.
I, [2014-04-05T13:01:05.539441 #11090]  INFO -- : Player NoCo responded with 0 (200)
I, [2014-04-05T13:01:05.539692 #11090]  INFO -- : NoCo made a bet of 0 (fold) and is left with 940 chips. The pot now contains 240 chips.
I, [2014-04-05T13:01:05.542316 #11090]  INFO -- : Player R3T responded with 0 (200)
I, [2014-04-05T13:01:05.542588 #11090]  INFO -- : R3T made a bet of 0 (check) and is left with 750 chips. The pot now contains 240 chips.
I, [2014-04-05T13:01:05.542952 #11090]  INFO -- : R3T won 240
I, [2014-04-05T13:01:05.546720 #11090]  INFO -- : Player R3T responded with  (200)
I, [2014-04-05T13:01:05.548908 #11090]  INFO -- : Player Mr Bazinga responded with OK (200)
I, [2014-04-05T13:01:05.551288 #11090]  INFO -- : Player NoCo responded with  (200)
I, [2014-04-05T13:01:05.551753 #11090]  INFO -- : R3T received hole_card King of Hearts
I, [2014-04-05T13:01:05.552147 #11090]  INFO -- : Mr Bazinga received hole_card 4 of Spades
I, [2014-04-05T13:01:05.552374 #11090]  INFO -- : NoCo received hole_card 2 of Hearts
I, [2014-04-05T13:01:05.552665 #11090]  INFO -- : R3T received hole_card Queen of Hearts
I, [2014-04-05T13:01:05.552932 #11090]  INFO -- : Mr Bazinga received hole_card 8 of Spades
I, [2014-04-05T13:01:05.553164 #11090]  INFO -- : NoCo received hole_card Jack of Clubs
I, [2014-04-05T13:01:05.553646 #11090]  INFO -- : R3T made a bet of 80 (raise) and is left with 910 chips. The pot now contains 80 chips.
I, [2014-04-05T13:01:05.553941 #11090]  INFO -- : Mr Bazinga made a bet of 160 (raise) and is left with 910 chips. The pot now contains 240 chips.
I, [2014-04-05T13:01:05.556494 #11090]  INFO -- : Player NoCo responded with 0 (200)
I, [2014-04-05T13:01:05.556864 #11090]  INFO -- : NoCo made a bet of 0 (fold) and is left with 940 chips. The pot now contains 240 chips.
I, [2014-04-05T13:01:05.562054 #11090]  INFO -- : Player R3T responded with 0 (200)
I, [2014-04-05T13:01:05.563714 #11090]  INFO -- : R3T made a bet of 0 (fold) and is left with 910 chips. The pot now contains 240 chips.
I, [2014-04-05T13:01:05.569723 #11090]  INFO -- : Player Mr Bazinga responded with 130 (200)
I, [2014-04-05T13:01:05.570259 #11090]  INFO -- : Mr Bazinga made a bet of 130 (raise) and is left with 780 chips. The pot now contains 370 chips.
I, [2014-04-05T13:01:05.571030 #11090]  INFO -- : Mr Bazinga won 370
I, [2014-04-05T13:01:05.574401 #11090]  INFO -- : Player R3T responded with  (200)
I, [2014-04-05T13:01:05.576679 #11090]  INFO -- : Player Mr Bazinga responded with OK (200)
I, [2014-04-05T13:01:05.580101 #11090]  INFO -- : Player NoCo responded with  (200)
I, [2014-04-05T13:01:05.580573 #11090]  INFO -- : Mr Bazinga received hole_card 7 of Spades
I, [2014-04-05T13:01:05.580939 #11090]  INFO -- : NoCo received hole_card 5 of Hearts
I, [2014-04-05T13:01:05.581319 #11090]  INFO -- : R3T received hole_card 2 of Hearts
I, [2014-04-05T13:01:05.581719 #11090]  INFO -- : Mr Bazinga received hole_card 4 of Clubs
I, [2014-04-05T13:01:05.582113 #11090]  INFO -- : NoCo received hole_card 6 of Diamonds
I, [2014-04-05T13:01:05.582513 #11090]  INFO -- : R3T received hole_card 6 of Hearts
I, [2014-04-05T13:01:05.583350 #11090]  INFO -- : Mr Bazinga made a bet of 80 (raise) and is left with 1070 chips. The pot now contains 80 chips.
I, [2014-04-05T13:01:05.583615 #11090]  INFO -- : NoCo made a bet of 160 (raise) and is left with 780 chips. The pot now contains 240 chips.
I, [2014-04-05T13:01:05.586729 #11090]  INFO -- : Player R3T responded with 0 (200)
I, [2014-04-05T13:01:05.587023 #11090]  INFO -- : R3T made a bet of 0 (fold) and is left with 910 chips. The pot now contains 240 chips.
I, [2014-04-05T13:01:05.589188 #11090]  INFO -- : Player Mr Bazinga responded with 0 (200)
I, [2014-04-05T13:01:05.589486 #11090]  INFO -- : Mr Bazinga made a bet of 0 (fold) and is left with 1070 chips. The pot now contains 240 chips.
I, [2014-04-05T13:01:05.591506 #11090]  INFO -- : Player NoCo responded with 0 (200)
I, [2014-04-05T13:01:05.591707 #11090]  INFO -- : NoCo made a bet of 0 (check) and is left with 780 chips. The pot now contains 240 chips.
I, [2014-04-05T13:01:05.592143 #11090]  INFO -- : NoCo won 240
I, [2014-04-05T13:01:05.597394 #11090]  INFO -- : Player R3T responded with  (200)
I, [2014-04-05T13:01:05.599807 #11090]  INFO -- : Player Mr Bazinga responded with OK (200)
I, [2014-04-05T13:01:05.602384 #11090]  INFO -- : Player NoCo responded with  (200)
I, [2014-04-05T13:01:05.603288 #11090]  INFO -- : NoCo received hole_card 5 of Hearts
I, [2014-04-05T13:01:05.603802 #11090]  INFO -- : R3T received hole_card Ace of Spades
I, [2014-04-05T13:01:05.604374 #11090]  INFO -- : Mr Bazinga received hole_card 6 of Spades
I, [2014-04-05T13:01:05.604984 #11090]  INFO -- : NoCo received hole_card King of Spades
I, [2014-04-05T13:01:05.605536 #11090]  INFO -- : R3T received hole_card 7 of Hearts
I, [2014-04-05T13:01:05.606051 #11090]  INFO -- : Mr Bazinga received hole_card 4 of Spades
I, [2014-04-05T13:01:05.607110 #11090]  INFO -- : NoCo made a bet of 80 (raise) and is left with 940 chips. The pot now contains 80 chips.
I, [2014-04-05T13:01:05.608007 #11090]  INFO -- : R3T made a bet of 160 (raise) and is left with 750 chips. The pot now contains 240 chips.
I, [2014-04-05T13:01:05.614593 #11090]  INFO -- : Player Mr Bazinga responded with 0 (200)
I, [2014-04-05T13:01:05.615722 #11090]  INFO -- : Mr Bazinga made a bet of 0 (fold) and is left with 1070 chips. The pot now contains 240 chips.
I, [2014-04-05T13:01:05.619052 #11090]  INFO -- : Player NoCo responded with 0 (200)
I, [2014-04-05T13:01:05.619291 #11090]  INFO -- : NoCo made a bet of 0 (fold) and is left with 940 chips. The pot now contains 240 chips.
I, [2014-04-05T13:01:05.622535 #11090]  INFO -- : Player R3T responded with 0 (200)
I, [2014-04-05T13:01:05.622901 #11090]  INFO -- : R3T made a bet of 0 (check) and is left with 750 chips. The pot now contains 240 chips.
I, [2014-04-05T13:01:05.623638 #11090]  INFO -- : R3T won 240
I, [2014-04-05T13:01:05.627051 #11090]  INFO -- : Player R3T responded with  (200)
I, [2014-04-05T13:01:05.633712 #11090]  INFO -- : Player Mr Bazinga responded with OK (200)
I, [2014-04-05T13:01:05.636370 #11090]  INFO -- : Player NoCo responded with  (200)
I, [2014-04-05T13:01:05.636728 #11090]  INFO -- : R3T received hole_card Ace of Clubs
I, [2014-04-05T13:01:05.636887 #11090]  INFO -- : Mr Bazinga received hole_card 10 of Spades
I, [2014-04-05T13:01:05.637059 #11090]  INFO -- : NoCo received hole_card 10 of Diamonds
I, [2014-04-05T13:01:05.637249 #11090]  INFO -- : R3T received hole_card 9 of Hearts
I, [2014-04-05T13:01:05.637408 #11090]  INFO -- : Mr Bazinga received hole_card Queen of Clubs
I, [2014-04-05T13:01:05.637586 #11090]  INFO -- : NoCo received hole_card Queen of Spades
I, [2014-04-05T13:01:05.637886 #11090]  INFO -- : R3T made a bet of 80 (raise) and is left with 910 chips. The pot now contains 80 chips.
I, [2014-04-05T13:01:05.638137 #11090]  INFO -- : Mr Bazinga made a bet of 160 (raise) and is left with 910 chips. The pot now contains 240 chips.
I, [2014-04-05T13:01:05.639897 #11090]  INFO -- : Player NoCo responded with 0 (200)
I, [2014-04-05T13:01:05.640229 #11090]  INFO -- : NoCo made a bet of 0 (fold) and is left with 940 chips. The pot now contains 240 chips.
I, [2014-04-05T13:01:05.643102 #11090]  INFO -- : Player R3T responded with 0 (200)
I, [2014-04-05T13:01:05.643431 #11090]  INFO -- : R3T made a bet of 0 (fold) and is left with 910 chips. The pot now contains 240 chips.
I, [2014-04-05T13:01:05.646489 #11090]  INFO -- : Player Mr Bazinga responded with 0 (200)
I, [2014-04-05T13:01:05.646966 #11090]  INFO -- : Mr Bazinga made a bet of 0 (check) and is left with 910 chips. The pot now contains 240 chips.
I, [2014-04-05T13:01:05.647483 #11090]  INFO -- : Mr Bazinga won 240
I, [2014-04-05T13:01:05.651610 #11090]  INFO -- : Player R3T responded with  (200)
I, [2014-04-05T13:01:05.653357 #11090]  INFO -- : Player Mr Bazinga responded with OK (200)
I, [2014-04-05T13:01:05.654816 #11090]  INFO -- : Player NoCo responded with  (200)
I, [2014-04-05T13:01:05.655115 #11090]  INFO -- : Mr Bazinga received hole_card 4 of Clubs
I, [2014-04-05T13:01:05.655296 #11090]  INFO -- : NoCo received hole_card 2 of Hearts
I, [2014-04-05T13:01:05.655519 #11090]  INFO -- : R3T received hole_card Queen of Clubs
I, [2014-04-05T13:01:05.655787 #11090]  INFO -- : Mr Bazinga received hole_card 7 of Clubs
I, [2014-04-05T13:01:05.656002 #11090]  INFO -- : NoCo received hole_card 6 of Spades
I, [2014-04-05T13:01:05.656266 #11090]  INFO -- : R3T received hole_card 5 of Clubs
I, [2014-04-05T13:01:05.656631 #11090]  INFO -- : Mr Bazinga made a bet of 80 (raise) and is left with 1070 chips. The pot now contains 80 chips.
I, [2014-04-05T13:01:05.656915 #11090]  INFO -- : NoCo made a bet of 160 (raise) and is left with 780 chips. The pot now contains 240 chips.
I, [2014-04-05T13:01:05.659994 #11090]  INFO -- : Player R3T responded with 0 (200)
I, [2014-04-05T13:01:05.660380 #11090]  INFO -- : R3T made a bet of 0 (fold) and is left with 910 chips. The pot now contains 240 chips.
I, [2014-04-05T13:01:05.662481 #11090]  INFO -- : Player Mr Bazinga responded with 0 (200)
I, [2014-04-05T13:01:05.662946 #11090]  INFO -- : Mr Bazinga made a bet of 0 (fold) and is left with 1070 chips. The pot now contains 240 chips.
I, [2014-04-05T13:01:05.666833 #11090]  INFO -- : Player NoCo responded with 0 (200)
I, [2014-04-05T13:01:05.667329 #11090]  INFO -- : NoCo made a bet of 0 (check) and is left with 780 chips. The pot now contains 240 chips.
I, [2014-04-05T13:01:05.668323 #11090]  INFO -- : NoCo won 240
I, [2014-04-05T13:01:05.672204 #11090]  INFO -- : Player R3T responded with  (200)
I, [2014-04-05T13:01:05.674517 #11090]  INFO -- : Player Mr Bazinga responded with OK (200)
I, [2014-04-05T13:01:05.677118 #11090]  INFO -- : Player NoCo responded with  (200)
I, [2014-04-05T13:01:05.677599 #11090]  INFO -- : NoCo received hole_card 6 of Spades
I, [2014-04-05T13:01:05.678014 #11090]  INFO -- : R3T received hole_card 7 of Spades
I, [2014-04-05T13:01:05.678532 #11090]  INFO -- : Mr Bazinga received hole_card 9 of Hearts
I, [2014-04-05T13:01:05.679046 #11090]  INFO -- : NoCo received hole_card Jack of Spades
I, [2014-04-05T13:01:05.679608 #11090]  INFO -- : R3T received hole_card Ace of Clubs
I, [2014-04-05T13:01:05.680269 #11090]  INFO -- : Mr Bazinga received hole_card 8 of Diamonds
I, [2014-04-05T13:01:05.681075 #11090]  INFO -- : NoCo made a bet of 80 (raise) and is left with 940 chips. The pot now contains 80 chips.
I, [2014-04-05T13:01:05.681626 #11090]  INFO -- : R3T made a bet of 160 (raise) and is left with 750 chips. The pot now contains 240 chips.
I, [2014-04-05T13:01:05.686225 #11090]  INFO -- : Player Mr Bazinga responded with 0 (200)
I, [2014-04-05T13:01:05.686839 #11090]  INFO -- : Mr Bazinga made a bet of 0 (fold) and is left with 1070 chips. The pot now contains 240 chips.
I, [2014-04-05T13:01:05.692111 #11090]  INFO -- : Player NoCo responded with 0 (200)
I, [2014-04-05T13:01:05.692765 #11090]  INFO -- : NoCo made a bet of 0 (fold) and is left with 940 chips. The pot now contains 240 chips.
I, [2014-04-05T13:01:05.700002 #11090]  INFO -- : Player R3T responded with 0 (200)
I, [2014-04-05T13:01:05.700515 #11090]  INFO -- : R3T made a bet of 0 (check) and is left with 750 chips. The pot now contains 240 chips.
I, [2014-04-05T13:01:05.701162 #11090]  INFO -- : R3T won 240
I, [2014-04-05T13:01:05.705862 #11090]  INFO -- : Player R3T responded with  (200)
I, [2014-04-05T13:01:05.708773 #11090]  INFO -- : Player Mr Bazinga responded with OK (200)
I, [2014-04-05T13:01:05.712091 #11090]  INFO -- : Player NoCo responded with  (200)
I, [2014-04-05T13:01:05.712418 #11090]  INFO -- : R3T received hole_card 10 of Diamonds
I, [2014-04-05T13:01:05.712593 #11090]  INFO -- : Mr Bazinga received hole_card 2 of Spades
I, [2014-04-05T13:01:05.712738 #11090]  INFO -- : NoCo received hole_card 7 of Hearts
I, [2014-04-05T13:01:05.712910 #11090]  INFO -- : R3T received hole_card Ace of Spades
I, [2014-04-05T13:01:05.713066 #11090]  INFO -- : Mr Bazinga received hole_card Queen of Hearts
I, [2014-04-05T13:01:05.713226 #11090]  INFO -- : NoCo received hole_card 10 of Hearts
I, [2014-04-05T13:01:05.713866 #11090]  INFO -- : R3T made a bet of 80 (raise) and is left with 910 chips. The pot now contains 80 chips.
I, [2014-04-05T13:01:05.714104 #11090]  INFO -- : Mr Bazinga made a bet of 160 (raise) and is left with 910 chips. The pot now contains 240 chips.
I, [2014-04-05T13:01:05.716894 #11090]  INFO -- : Player NoCo responded with 0 (200)
I, [2014-04-05T13:01:05.717125 #11090]  INFO -- : NoCo made a bet of 0 (fold) and is left with 940 chips. The pot now contains 240 chips.
I, [2014-04-05T13:01:05.719216 #11090]  INFO -- : Player R3T responded with 0 (200)
I, [2014-04-05T13:01:05.719409 #11090]  INFO -- : R3T made a bet of 0 (fold) and is left with 910 chips. The pot now contains 240 chips.
I, [2014-04-05T13:01:05.721064 #11090]  INFO -- : Player Mr Bazinga responded with 0 (200)
I, [2014-04-05T13:01:05.721362 #11090]  INFO -- : Mr Bazinga made a bet of 0 (check) and is left with 910 chips. The pot now contains 240 chips.
I, [2014-04-05T13:01:05.721998 #11090]  INFO -- : Mr Bazinga won 240
I, [2014-04-05T13:01:05.726736 #11090]  INFO -- : Player R3T responded with  (200)
I, [2014-04-05T13:01:05.731575 #11090]  INFO -- : Player Mr Bazinga responded with OK (200)
I, [2014-04-05T13:01:05.738227 #11090]  INFO -- : Player NoCo responded with  (200)
I, [2014-04-05T13:01:05.738963 #11090]  INFO -- : Mr Bazinga received hole_card 3 of Diamonds
I, [2014-04-05T13:01:05.739398 #11090]  INFO -- : NoCo received hole_card 3 of Spades
I, [2014-04-05T13:01:05.739752 #11090]  INFO -- : R3T received hole_card Ace of Clubs
I, [2014-04-05T13:01:05.740192 #11090]  INFO -- : Mr Bazinga received hole_card Queen of Clubs
I, [2014-04-05T13:01:05.740588 #11090]  INFO -- : NoCo received hole_card 4 of Hearts
I, [2014-04-05T13:01:05.741317 #11090]  INFO -- : R3T received hole_card King of Spades
I, [2014-04-05T13:01:05.742045 #11090]  INFO -- : Mr Bazinga made a bet of 160 (raise) and is left with 990 chips. The pot now contains 160 chips.
I, [2014-04-05T13:01:05.742539 #11090]  INFO -- : NoCo made a bet of 320 (raise) and is left with 620 chips. The pot now contains 480 chips.
I, [2014-04-05T13:01:05.746014 #11090]  INFO -- : Player R3T responded with 0 (200)
I, [2014-04-05T13:01:05.746258 #11090]  INFO -- : R3T made a bet of 0 (fold) and is left with 910 chips. The pot now contains 480 chips.
I, [2014-04-05T13:01:05.749540 #11090]  INFO -- : Player Mr Bazinga responded with 0 (200)
I, [2014-04-05T13:01:05.749827 #11090]  INFO -- : Mr Bazinga made a bet of 0 (fold) and is left with 990 chips. The pot now contains 480 chips.
I, [2014-04-05T13:01:05.752560 #11090]  INFO -- : Player NoCo responded with 0 (200)
I, [2014-04-05T13:01:05.753504 #11090]  INFO -- : NoCo made a bet of 0 (check) and is left with 620 chips. The pot now contains 480 chips.
I, [2014-04-05T13:01:05.754294 #11090]  INFO -- : NoCo won 480
I, [2014-04-05T13:01:05.757657 #11090]  INFO -- : Player R3T responded with  (200)
I, [2014-04-05T13:01:05.759394 #11090]  INFO -- : Player Mr Bazinga responded with OK (200)
I, [2014-04-05T13:01:05.761121 #11090]  INFO -- : Player NoCo responded with  (200)
I, [2014-04-05T13:01:05.761413 #11090]  INFO -- : NoCo received hole_card Queen of Spades
I, [2014-04-05T13:01:05.761565 #11090]  INFO -- : R3T received hole_card Queen of Hearts
I, [2014-04-05T13:01:05.761736 #11090]  INFO -- : Mr Bazinga received hole_card 5 of Spades
I, [2014-04-05T13:01:05.761904 #11090]  INFO -- : NoCo received hole_card Ace of Diamonds
I, [2014-04-05T13:01:05.762060 #11090]  INFO -- : R3T received hole_card 6 of Hearts
I, [2014-04-05T13:01:05.762205 #11090]  INFO -- : Mr Bazinga received hole_card 6 of Diamonds
I, [2014-04-05T13:01:05.762502 #11090]  INFO -- : NoCo made a bet of 160 (raise) and is left with 940 chips. The pot now contains 160 chips.
I, [2014-04-05T13:01:05.762726 #11090]  INFO -- : R3T made a bet of 320 (raise) and is left with 590 chips. The pot now contains 480 chips.
I, [2014-04-05T13:01:05.765877 #11090]  INFO -- : Player Mr Bazinga responded with 0 (200)
I, [2014-04-05T13:01:05.766322 #11090]  INFO -- : Mr Bazinga made a bet of 0 (fold) and is left with 990 chips. The pot now contains 480 chips.
I, [2014-04-05T13:01:05.770833 #11090]  INFO -- : Player NoCo responded with 0 (200)
I, [2014-04-05T13:01:05.771075 #11090]  INFO -- : NoCo made a bet of 0 (fold) and is left with 940 chips. The pot now contains 480 chips.
I, [2014-04-05T13:01:05.774241 #11090]  INFO -- : Player R3T responded with 0 (200)
I, [2014-04-05T13:01:05.774649 #11090]  INFO -- : R3T made a bet of 0 (check) and is left with 590 chips. The pot now contains 480 chips.
I, [2014-04-05T13:01:05.775273 #11090]  INFO -- : R3T won 480
I, [2014-04-05T13:01:05.777855 #11090]  INFO -- : Player R3T responded with  (200)
I, [2014-04-05T13:01:05.779583 #11090]  INFO -- : Player Mr Bazinga responded with OK (200)
I, [2014-04-05T13:01:05.782874 #11090]  INFO -- : Player NoCo responded with  (200)
I, [2014-04-05T13:01:05.783225 #11090]  INFO -- : R3T received hole_card 4 of Hearts
I, [2014-04-05T13:01:05.783411 #11090]  INFO -- : Mr Bazinga received hole_card 5 of Spades
I, [2014-04-05T13:01:05.783618 #11090]  INFO -- : NoCo received hole_card 7 of Clubs
I, [2014-04-05T13:01:05.783810 #11090]  INFO -- : R3T received hole_card 6 of Diamonds
I, [2014-04-05T13:01:05.783995 #11090]  INFO -- : Mr Bazinga received hole_card Queen of Diamonds
I, [2014-04-05T13:01:05.784418 #11090]  INFO -- : NoCo received hole_card Ace of Clubs
I, [2014-04-05T13:01:05.785174 #11090]  INFO -- : R3T made a bet of 160 (raise) and is left with 910 chips. The pot now contains 160 chips.
I, [2014-04-05T13:01:05.785875 #11090]  INFO -- : Mr Bazinga made a bet of 320 (raise) and is left with 670 chips. The pot now contains 480 chips.
I, [2014-04-05T13:01:05.789060 #11090]  INFO -- : Player NoCo responded with 0 (200)
I, [2014-04-05T13:01:05.789520 #11090]  INFO -- : NoCo made a bet of 0 (fold) and is left with 940 chips. The pot now contains 480 chips.
I, [2014-04-05T13:01:05.794502 #11090]  INFO -- : Player R3T responded with 0 (200)
I, [2014-04-05T13:01:05.795086 #11090]  INFO -- : R3T made a bet of 0 (fold) and is left with 910 chips. The pot now contains 480 chips.
I, [2014-04-05T13:01:05.800015 #11090]  INFO -- : Player Mr Bazinga responded with 0 (200)
I, [2014-04-05T13:01:05.800385 #11090]  INFO -- : Mr Bazinga made a bet of 0 (check) and is left with 670 chips. The pot now contains 480 chips.
I, [2014-04-05T13:01:05.800967 #11090]  INFO -- : Mr Bazinga won 480
I, [2014-04-05T13:01:05.803170 #11090]  INFO -- : Player R3T responded with  (200)
I, [2014-04-05T13:01:05.804614 #11090]  INFO -- : Player Mr Bazinga responded with OK (200)
I, [2014-04-05T13:01:05.806120 #11090]  INFO -- : Player NoCo responded with  (200)
I, [2014-04-05T13:01:05.806575 #11090]  INFO -- : Mr Bazinga received hole_card 2 of Spades
I, [2014-04-05T13:01:05.806900 #11090]  INFO -- : NoCo received hole_card 9 of Spades
I, [2014-04-05T13:01:05.807220 #11090]  INFO -- : R3T received hole_card 7 of Diamonds
I, [2014-04-05T13:01:05.807452 #11090]  INFO -- : Mr Bazinga received hole_card Ace of Diamonds
I, [2014-04-05T13:01:05.807620 #11090]  INFO -- : NoCo received hole_card Jack of Diamonds
I, [2014-04-05T13:01:05.807865 #11090]  INFO -- : R3T received hole_card Jack of Clubs
I, [2014-04-05T13:01:05.808250 #11090]  INFO -- : Mr Bazinga made a bet of 160 (raise) and is left with 990 chips. The pot now contains 160 chips.
I, [2014-04-05T13:01:05.808530 #11090]  INFO -- : NoCo made a bet of 320 (raise) and is left with 620 chips. The pot now contains 480 chips.
I, [2014-04-05T13:01:05.810593 #11090]  INFO -- : Player R3T responded with 0 (200)
I, [2014-04-05T13:01:05.810847 #11090]  INFO -- : R3T made a bet of 0 (fold) and is left with 910 chips. The pot now contains 480 chips.
I, [2014-04-05T13:01:05.813086 #11090]  INFO -- : Player Mr Bazinga responded with 0 (200)
I, [2014-04-05T13:01:05.813335 #11090]  INFO -- : Mr Bazinga made a bet of 0 (fold) and is left with 990 chips. The pot now contains 480 chips.
I, [2014-04-05T13:01:05.816232 #11090]  INFO -- : Player NoCo responded with 0 (200)
I, [2014-04-05T13:01:05.816451 #11090]  INFO -- : NoCo made a bet of 0 (check) and is left with 620 chips. The pot now contains 480 chips.
I, [2014-04-05T13:01:05.816807 #11090]  INFO -- : NoCo won 480
I, [2014-04-05T13:01:05.818778 #11090]  INFO -- : Player R3T responded with  (200)
I, [2014-04-05T13:01:05.820305 #11090]  INFO -- : Player Mr Bazinga responded with OK (200)
I, [2014-04-05T13:01:05.822038 #11090]  INFO -- : Player NoCo responded with  (200)
I, [2014-04-05T13:01:05.822410 #11090]  INFO -- : NoCo received hole_card 10 of Clubs
I, [2014-04-05T13:01:05.822636 #11090]  INFO -- : R3T received hole_card 8 of Spades
I, [2014-04-05T13:01:05.822859 #11090]  INFO -- : Mr Bazinga received hole_card Ace of Hearts
I, [2014-04-05T13:01:05.823091 #11090]  INFO -- : NoCo received hole_card 4 of Diamonds
I, [2014-04-05T13:01:05.823315 #11090]  INFO -- : R3T received hole_card 8 of Diamonds
I, [2014-04-05T13:01:05.825172 #11090]  INFO -- : Mr Bazinga received hole_card King of Clubs
I, [2014-04-05T13:01:05.825912 #11090]  INFO -- : NoCo made a bet of 160 (raise) and is left with 940 chips. The pot now contains 160 chips.
I, [2014-04-05T13:01:05.826314 #11090]  INFO -- : R3T made a bet of 320 (raise) and is left with 590 chips. The pot now contains 480 chips.
I, [2014-04-05T13:01:05.829305 #11090]  INFO -- : Player Mr Bazinga responded with 530 (200)
I, [2014-04-05T13:01:05.829747 #11090]  INFO -- : Mr Bazinga made a bet of 530 (raise) and is left with 460 chips. The pot now contains 1010 chips.
I, [2014-04-05T13:01:05.832741 #11090]  INFO -- : Player NoCo responded with 0 (200)
I, [2014-04-05T13:01:05.833037 #11090]  INFO -- : NoCo made a bet of 0 (fold) and is left with 940 chips. The pot now contains 1010 chips.
I, [2014-04-05T13:01:05.835974 #11090]  INFO -- : Player R3T responded with 1130 (200)
I, [2014-04-05T13:01:05.836311 #11090]  INFO -- : R3T made a bet of 590 (allin) and is left with 0 chips. The pot now contains 1600 chips.
I, [2014-04-05T13:01:05.838156 #11090]  INFO -- : Player Mr Bazinga responded with 810 (200)
I, [2014-04-05T13:01:05.838416 #11090]  INFO -- : Mr Bazinga made a bet of 460 (allin) and is left with 0 chips. The pot now contains 2060 chips.
I, [2014-04-05T13:01:05.838655 #11090]  INFO -- : community card Ace of Spades
I, [2014-04-05T13:01:05.838888 #11090]  INFO -- : community card Queen of Hearts
I, [2014-04-05T13:01:05.839107 #11090]  INFO -- : community card 6 of Spades
I, [2014-04-05T13:01:05.839310 #11090]  INFO -- : community card 9 of Diamonds
I, [2014-04-05T13:01:05.839532 #11090]  INFO -- : community card King of Hearts
I, [2014-04-05T13:01:05.843742 #11090]  INFO -- : Mr Bazinga showed Queen of Hearts,King of Clubs,King of Hearts,Ace of Spades,Ace of Hearts making a two pairs
I, [2014-04-05T13:01:05.844319 #11090]  INFO -- : Mr Bazinga won 2060
I, [2014-04-05T13:01:05.846947 #11090]  INFO -- : Player R3T responded with  (200)
I, [2014-04-05T13:01:05.849955 #11090]  INFO -- : Player Mr Bazinga responded with OK (200)
I, [2014-04-05T13:01:05.857947 #11090]  INFO -- : Player NoCo responded with  (200)
I, [2014-04-05T13:01:05.858996 #11090]  INFO -- : Mr Bazinga received hole_card Queen of Spades
I, [2014-04-05T13:01:05.860005 #11090]  INFO -- : NoCo received hole_card 3 of Diamonds
I, [2014-04-05T13:01:05.861429 #11090]  INFO -- : Mr Bazinga received hole_card Queen of Hearts
I, [2014-04-05T13:01:05.861712 #11090]  INFO -- : NoCo received hole_card Ace of Spades
I, [2014-04-05T13:01:05.862169 #11090]  INFO -- : Mr Bazinga made a bet of 160 (raise) and is left with 1900 chips. The pot now contains 160 chips.
I, [2014-04-05T13:01:05.863870 #11090]  INFO -- : NoCo made a bet of 320 (raise) and is left with 620 chips. The pot now contains 480 chips.
I, [2014-04-05T13:01:05.871444 #11090]  INFO -- : Player Mr Bazinga responded with 520 (200)
I, [2014-04-05T13:01:05.872448 #11090]  INFO -- : Mr Bazinga made a bet of 520 (raise) and is left with 1380 chips. The pot now contains 1000 chips.
I, [2014-04-05T13:01:05.878247 #11090]  INFO -- : Player NoCo responded with 0 (200)
I, [2014-04-05T13:01:05.878711 #11090]  INFO -- : NoCo made a bet of 0 (fold) and is left with 620 chips. The pot now contains 1000 chips.
I, [2014-04-05T13:01:05.880375 #11090]  INFO -- : Mr Bazinga won 1000
I, [2014-04-05T13:01:05.883739 #11090]  INFO -- : Player R3T responded with  (200)
I, [2014-04-05T13:01:05.886147 #11090]  INFO -- : Player Mr Bazinga responded with OK (200)
I, [2014-04-05T13:01:05.890352 #11090]  INFO -- : Player NoCo responded with  (200)
I, [2014-04-05T13:01:05.890805 #11090]  INFO -- : NoCo received hole_card 2 of Hearts
I, [2014-04-05T13:01:05.891061 #11090]  INFO -- : Mr Bazinga received hole_card Queen of Hearts
I, [2014-04-05T13:01:05.891278 #11090]  INFO -- : NoCo received hole_card King of Diamonds
I, [2014-04-05T13:01:05.891481 #11090]  INFO -- : Mr Bazinga received hole_card King of Hearts
I, [2014-04-05T13:01:05.892637 #11090]  INFO -- : NoCo made a bet of 160 (raise) and is left with 460 chips. The pot now contains 160 chips.
I, [2014-04-05T13:01:05.893067 #11090]  INFO -- : Mr Bazinga made a bet of 320 (raise) and is left with 2060 chips. The pot now contains 480 chips.
I, [2014-04-05T13:01:05.896277 #11090]  INFO -- : Player NoCo responded with 0 (200)
I, [2014-04-05T13:01:05.896512 #11090]  INFO -- : NoCo made a bet of 0 (fold) and is left with 460 chips. The pot now contains 480 chips.
I, [2014-04-05T13:01:05.896930 #11090]  INFO -- : Mr Bazinga won 480
I, [2014-04-05T13:01:05.899120 #11090]  INFO -- : Player R3T responded with  (200)
I, [2014-04-05T13:01:05.904884 #11090]  INFO -- : Player Mr Bazinga responded with OK (200)
I, [2014-04-05T13:01:05.907204 #11090]  INFO -- : Player NoCo responded with  (200)
I, [2014-04-05T13:01:05.907582 #11090]  INFO -- : Mr Bazinga received hole_card Queen of Diamonds
I, [2014-04-05T13:01:05.907757 #11090]  INFO -- : NoCo received hole_card 9 of Diamonds
I, [2014-04-05T13:01:05.907939 #11090]  INFO -- : Mr Bazinga received hole_card 10 of Clubs
I, [2014-04-05T13:01:05.908162 #11090]  INFO -- : NoCo received hole_card King of Diamonds
I, [2014-04-05T13:01:05.908525 #11090]  INFO -- : Mr Bazinga made a bet of 160 (raise) and is left with 2380 chips. The pot now contains 160 chips.
I, [2014-04-05T13:01:05.908820 #11090]  INFO -- : NoCo made a bet of 320 (raise) and is left with 140 chips. The pot now contains 480 chips.
I, [2014-04-05T13:01:05.910798 #11090]  INFO -- : Player Mr Bazinga responded with 0 (200)
I, [2014-04-05T13:01:05.911008 #11090]  INFO -- : Mr Bazinga made a bet of 0 (fold) and is left with 2380 chips. The pot now contains 480 chips.
I, [2014-04-05T13:01:05.912716 #11090]  INFO -- : Player NoCo responded with 0 (200)
I, [2014-04-05T13:01:05.912936 #11090]  INFO -- : NoCo made a bet of 0 (check) and is left with 140 chips. The pot now contains 480 chips.
I, [2014-04-05T13:01:05.913348 #11090]  INFO -- : NoCo won 480
I, [2014-04-05T13:01:05.915371 #11090]  INFO -- : Player R3T responded with  (200)
I, [2014-04-05T13:01:05.916840 #11090]  INFO -- : Player Mr Bazinga responded with OK (200)
I, [2014-04-05T13:01:05.918833 #11090]  INFO -- : Player NoCo responded with  (200)
I, [2014-04-05T13:01:05.919919 #11090]  INFO -- : NoCo received hole_card 10 of Clubs
I, [2014-04-05T13:01:05.920195 #11090]  INFO -- : Mr Bazinga received hole_card 3 of Clubs
I, [2014-04-05T13:01:05.920406 #11090]  INFO -- : NoCo received hole_card 2 of Spades
I, [2014-04-05T13:01:05.920592 #11090]  INFO -- : Mr Bazinga received hole_card Ace of Clubs
I, [2014-04-05T13:01:05.920928 #11090]  INFO -- : NoCo made a bet of 160 (raise) and is left with 460 chips. The pot now contains 160 chips.
I, [2014-04-05T13:01:05.921191 #11090]  INFO -- : Mr Bazinga made a bet of 320 (raise) and is left with 2060 chips. The pot now contains 480 chips.
I, [2014-04-05T13:01:05.923145 #11090]  INFO -- : Player NoCo responded with 0 (200)
I, [2014-04-05T13:01:05.923390 #11090]  INFO -- : NoCo made a bet of 0 (fold) and is left with 460 chips. The pot now contains 480 chips.
I, [2014-04-05T13:01:05.923809 #11090]  INFO -- : Mr Bazinga won 480
I, [2014-04-05T13:01:05.926055 #11090]  INFO -- : Player R3T responded with  (200)
I, [2014-04-05T13:01:05.927606 #11090]  INFO -- : Player Mr Bazinga responded with OK (200)
I, [2014-04-05T13:01:05.929116 #11090]  INFO -- : Player NoCo responded with  (200)
I, [2014-04-05T13:01:05.929397 #11090]  INFO -- : Mr Bazinga received hole_card 7 of Diamonds
I, [2014-04-05T13:01:05.929573 #11090]  INFO -- : NoCo received hole_card 5 of Spades
I, [2014-04-05T13:01:05.929740 #11090]  INFO -- : Mr Bazinga received hole_card 2 of Spades
I, [2014-04-05T13:01:05.929880 #11090]  INFO -- : NoCo received hole_card Ace of Diamonds
I, [2014-04-05T13:01:05.930150 #11090]  INFO -- : Mr Bazinga made a bet of 320 (raise) and is left with 2220 chips. The pot now contains 320 chips.
I, [2014-04-05T13:01:05.930364 #11090]  INFO -- : NoCo made a bet of 460 (allin) and is left with 0 chips. The pot now contains 780 chips.
I, [2014-04-05T13:01:05.931722 #11090]  INFO -- : Player Mr Bazinga responded with 0 (200)
I, [2014-04-05T13:01:05.931923 #11090]  INFO -- : Mr Bazinga made a bet of 0 (fold) and is left with 2220 chips. The pot now contains 780 chips.
I, [2014-04-05T13:01:05.932264 #11090]  INFO -- : NoCo won 780
I, [2014-04-05T13:01:05.934086 #11090]  INFO -- : Player R3T responded with  (200)
I, [2014-04-05T13:01:05.936456 #11090]  INFO -- : Player Mr Bazinga responded with OK (200)
I, [2014-04-05T13:01:05.938460 #11090]  INFO -- : Player NoCo responded with  (200)
I, [2014-04-05T13:01:05.938916 #11090]  INFO -- : NoCo received hole_card 7 of Diamonds
I, [2014-04-05T13:01:05.939148 #11090]  INFO -- : Mr Bazinga received hole_card 6 of Clubs
I, [2014-04-05T13:01:05.939360 #11090]  INFO -- : NoCo received hole_card 4 of Clubs
I, [2014-04-05T13:01:05.939558 #11090]  INFO -- : Mr Bazinga received hole_card 10 of Diamonds
I, [2014-04-05T13:01:05.939929 #11090]  INFO -- : NoCo made a bet of 320 (raise) and is left with 460 chips. The pot now contains 320 chips.
I, [2014-04-05T13:01:05.940360 #11090]  INFO -- : Mr Bazinga made a bet of 640 (raise) and is left with 1580 chips. The pot now contains 960 chips.
I, [2014-04-05T13:01:05.942226 #11090]  INFO -- : Player NoCo responded with 0 (200)
I, [2014-04-05T13:01:05.942491 #11090]  INFO -- : NoCo made a bet of 0 (fold) and is left with 460 chips. The pot now contains 960 chips.
I, [2014-04-05T13:01:05.942881 #11090]  INFO -- : Mr Bazinga won 960
I, [2014-04-05T13:01:05.945015 #11090]  INFO -- : Player R3T responded with  (200)
I, [2014-04-05T13:01:05.946530 #11090]  INFO -- : Player Mr Bazinga responded with OK (200)
I, [2014-04-05T13:01:05.948244 #11090]  INFO -- : Player NoCo responded with  (200)
I, [2014-04-05T13:01:05.948656 #11090]  INFO -- : Mr Bazinga received hole_card 10 of Diamonds
I, [2014-04-05T13:01:05.948911 #11090]  INFO -- : NoCo received hole_card 10 of Spades
I, [2014-04-05T13:01:05.949169 #11090]  INFO -- : Mr Bazinga received hole_card 3 of Clubs
I, [2014-04-05T13:01:05.949443 #11090]  INFO -- : NoCo received hole_card 9 of Spades
I, [2014-04-05T13:01:05.949914 #11090]  INFO -- : Mr Bazinga made a bet of 320 (raise) and is left with 2220 chips. The pot now contains 320 chips.
I, [2014-04-05T13:01:05.950441 #11090]  INFO -- : NoCo made a bet of 460 (allin) and is left with 0 chips. The pot now contains 780 chips.
I, [2014-04-05T13:01:05.954308 #11090]  INFO -- : Player Mr Bazinga responded with 0 (200)
I, [2014-04-05T13:01:05.954819 #11090]  INFO -- : Mr Bazinga made a bet of 0 (fold) and is left with 2220 chips. The pot now contains 780 chips.
I, [2014-04-05T13:01:05.955417 #11090]  INFO -- : NoCo won 780
I, [2014-04-05T13:01:05.961010 #11090]  INFO -- : Player R3T responded with  (200)
I, [2014-04-05T13:01:05.962681 #11090]  INFO -- : Player Mr Bazinga responded with OK (200)
I, [2014-04-05T13:01:05.964357 #11090]  INFO -- : Player NoCo responded with  (200)
I, [2014-04-05T13:01:05.964742 #11090]  INFO -- : NoCo received hole_card King of Diamonds
I, [2014-04-05T13:01:05.964990 #11090]  INFO -- : Mr Bazinga received hole_card Ace of Diamonds
I, [2014-04-05T13:01:05.965224 #11090]  INFO -- : NoCo received hole_card Queen of Clubs
I, [2014-04-05T13:01:05.965465 #11090]  INFO -- : Mr Bazinga received hole_card Ace of Spades
I, [2014-04-05T13:01:05.965831 #11090]  INFO -- : NoCo made a bet of 320 (raise) and is left with 460 chips. The pot now contains 320 chips.
I, [2014-04-05T13:01:05.966154 #11090]  INFO -- : Mr Bazinga made a bet of 640 (raise) and is left with 1580 chips. The pot now contains 960 chips.
I, [2014-04-05T13:01:05.967798 #11090]  INFO -- : Player NoCo responded with 0 (200)
I, [2014-04-05T13:01:05.968035 #11090]  INFO -- : NoCo made a bet of 0 (fold) and is left with 460 chips. The pot now contains 960 chips.
I, [2014-04-05T13:01:05.968547 #11090]  INFO -- : Mr Bazinga won 960
I, [2014-04-05T13:01:05.973349 #11090]  INFO -- : Player R3T responded with  (200)
I, [2014-04-05T13:01:05.975840 #11090]  INFO -- : Player Mr Bazinga responded with OK (200)
I, [2014-04-05T13:01:05.977522 #11090]  INFO -- : Player NoCo responded with  (200)
I, [2014-04-05T13:01:05.977881 #11090]  INFO -- : Mr Bazinga received hole_card 4 of Diamonds
I, [2014-04-05T13:01:05.978099 #11090]  INFO -- : NoCo received hole_card 10 of Diamonds
I, [2014-04-05T13:01:05.978322 #11090]  INFO -- : Mr Bazinga received hole_card King of Spades
I, [2014-04-05T13:01:05.978609 #11090]  INFO -- : NoCo received hole_card 4 of Clubs
I, [2014-04-05T13:01:05.979112 #11090]  INFO -- : Mr Bazinga made a bet of 320 (raise) and is left with 2220 chips. The pot now contains 320 chips.
I, [2014-04-05T13:01:05.979541 #11090]  INFO -- : NoCo made a bet of 460 (allin) and is left with 0 chips. The pot now contains 780 chips.
I, [2014-04-05T13:01:05.982124 #11090]  INFO -- : Player Mr Bazinga responded with 0 (200)
I, [2014-04-05T13:01:05.982456 #11090]  INFO -- : Mr Bazinga made a bet of 0 (fold) and is left with 2220 chips. The pot now contains 780 chips.
I, [2014-04-05T13:01:05.982860 #11090]  INFO -- : NoCo won 780
I, [2014-04-05T13:01:05.984991 #11090]  INFO -- : Player R3T responded with  (200)
I, [2014-04-05T13:01:05.989675 #11090]  INFO -- : Player Mr Bazinga responded with OK (200)
I, [2014-04-05T13:01:05.991942 #11090]  INFO -- : Player NoCo responded with  (200)
I, [2014-04-05T13:01:05.993024 #11090]  INFO -- : NoCo received hole_card 2 of Hearts
I, [2014-04-05T13:01:05.993400 #11090]  INFO -- : Mr Bazinga received hole_card 7 of Clubs
I, [2014-04-05T13:01:05.993711 #11090]  INFO -- : NoCo received hole_card 4 of Clubs
I, [2014-04-05T13:01:05.993952 #11090]  INFO -- : Mr Bazinga received hole_card 3 of Clubs
I, [2014-04-05T13:01:05.994344 #11090]  INFO -- : NoCo made a bet of 320 (raise) and is left with 460 chips. The pot now contains 320 chips.
I, [2014-04-05T13:01:05.994634 #11090]  INFO -- : Mr Bazinga made a bet of 640 (raise) and is left with 1580 chips. The pot now contains 960 chips.
I, [2014-04-05T13:01:05.996381 #11090]  INFO -- : Player NoCo responded with 0 (200)
I, [2014-04-05T13:01:05.996608 #11090]  INFO -- : NoCo made a bet of 0 (fold) and is left with 460 chips. The pot now contains 960 chips.
I, [2014-04-05T13:01:05.997041 #11090]  INFO -- : Mr Bazinga won 960
I, [2014-04-05T13:01:05.999139 #11090]  INFO -- : Player R3T responded with  (200)
I, [2014-04-05T13:01:06.000687 #11090]  INFO -- : Player Mr Bazinga responded with OK (200)
I, [2014-04-05T13:01:06.002393 #11090]  INFO -- : Player NoCo responded with  (200)
I, [2014-04-05T13:01:06.003132 #11090]  INFO -- : Mr Bazinga received hole_card 5 of Clubs
I, [2014-04-05T13:01:06.003814 #11090]  INFO -- : NoCo received hole_card King of Clubs
I, [2014-04-05T13:01:06.004104 #11090]  INFO -- : Mr Bazinga received hole_card Jack of Spades
I, [2014-04-05T13:01:06.004312 #11090]  INFO -- : NoCo received hole_card 10 of Diamonds
I, [2014-04-05T13:01:06.004698 #11090]  INFO -- : Mr Bazinga made a bet of 320 (raise) and is left with 2220 chips. The pot now contains 320 chips.
I, [2014-04-05T13:01:06.004987 #11090]  INFO -- : NoCo made a bet of 460 (allin) and is left with 0 chips. The pot now contains 780 chips.
I, [2014-04-05T13:01:06.008097 #11090]  INFO -- : Player Mr Bazinga responded with 0 (200)
I, [2014-04-05T13:01:06.008380 #11090]  INFO -- : Mr Bazinga made a bet of 0 (fold) and is left with 2220 chips. The pot now contains 780 chips.
I, [2014-04-05T13:01:06.008955 #11090]  INFO -- : NoCo won 780
I, [2014-04-05T13:01:06.011856 #11090]  INFO -- : Player R3T responded with  (200)
I, [2014-04-05T13:01:06.013817 #11090]  INFO -- : Player Mr Bazinga responded with OK (200)
I, [2014-04-05T13:01:06.015424 #11090]  INFO -- : Player NoCo responded with  (200)
I, [2014-04-05T13:01:06.015761 #11090]  INFO -- : NoCo received hole_card 2 of Spades
I, [2014-04-05T13:01:06.015955 #11090]  INFO -- : Mr Bazinga received hole_card 2 of Diamonds
I, [2014-04-05T13:01:06.016175 #11090]  INFO -- : NoCo received hole_card 3 of Diamonds
I, [2014-04-05T13:01:06.016414 #11090]  INFO -- : Mr Bazinga received hole_card 6 of Hearts
I, [2014-04-05T13:01:06.016730 #11090]  INFO -- : NoCo made a bet of 320 (raise) and is left with 460 chips. The pot now contains 320 chips.
I, [2014-04-05T13:01:06.017022 #11090]  INFO -- : Mr Bazinga made a bet of 640 (raise) and is left with 1580 chips. The pot now contains 960 chips.
I, [2014-04-05T13:01:06.018498 #11090]  INFO -- : Player NoCo responded with 0 (200)
I, [2014-04-05T13:01:06.018727 #11090]  INFO -- : NoCo made a bet of 0 (fold) and is left with 460 chips. The pot now contains 960 chips.
I, [2014-04-05T13:01:06.019182 #11090]  INFO -- : Mr Bazinga won 960
I, [2014-04-05T13:01:06.022656 #11090]  INFO -- : Player R3T responded with  (200)
I, [2014-04-05T13:01:06.024190 #11090]  INFO -- : Player Mr Bazinga responded with OK (200)
I, [2014-04-05T13:01:06.026181 #11090]  INFO -- : Player NoCo responded with  (200)
I, [2014-04-05T13:01:06.026485 #11090]  INFO -- : Mr Bazinga received hole_card Jack of Diamonds
I, [2014-04-05T13:01:06.026647 #11090]  INFO -- : NoCo received hole_card 8 of Hearts
I, [2014-04-05T13:01:06.026798 #11090]  INFO -- : Mr Bazinga received hole_card Jack of Hearts
I, [2014-04-05T13:01:06.026957 #11090]  INFO -- : NoCo received hole_card 9 of Hearts
I, [2014-04-05T13:01:06.027220 #11090]  INFO -- : Mr Bazinga made a bet of 320 (raise) and is left with 2220 chips. The pot now contains 320 chips.
I, [2014-04-05T13:01:06.027436 #11090]  INFO -- : NoCo made a bet of 460 (allin) and is left with 0 chips. The pot now contains 780 chips.
I, [2014-04-05T13:01:06.028981 #11090]  INFO -- : Player Mr Bazinga responded with 660 (200)
I, [2014-04-05T13:01:06.029171 #11090]  INFO -- : Mr Bazinga made a bet of 660 (raise) and is left with 1560 chips. The pot now contains 1440 chips.
I, [2014-04-05T13:01:06.029399 #11090]  INFO -- : community card 3 of Spades
I, [2014-04-05T13:01:06.029593 #11090]  INFO -- : community card 2 of Clubs
I, [2014-04-05T13:01:06.029817 #11090]  INFO -- : community card 8 of Clubs
I, [2014-04-05T13:01:06.030030 #11090]  INFO -- : community card Queen of Diamonds
I, [2014-04-05T13:01:06.030215 #11090]  INFO -- : community card 10 of Spades
I, [2014-04-05T13:01:06.030698 #11090]  INFO -- : Mr Bazinga showed 8 of Clubs,10 of Spades,Jack of Hearts,Jack of Diamonds,Queen of Diamonds making a pair
I, [2014-04-05T13:01:06.031090 #11090]  INFO -- : Mr Bazinga won 1440
I, [2014-04-05T13:01:06.033365 #11090]  INFO -- : Player R3T responded with  (200)
I, [2014-04-05T13:01:06.035000 #11090]  INFO -- : Player Mr Bazinga responded with OK (200)
I, [2014-04-05T13:01:06.036782 #11090]  INFO -- : Player NoCo responded with  (200)
