# Logfile created on 2014-04-05 16:38:34 +0200 by logger.rb/44203
I, [2014-04-05T16:38:34.497661 #28578]  INFO -- : Reseting R3T to origin/master
I, [2014-04-05T16:38:35.746939 #28578]  INFO -- : Reseting Mr Bazinga to origin/master
I, [2014-04-05T16:38:36.566167 #28578]  INFO -- : Reseting NoCo to origin/master
I, [2014-04-05T16:38:38.572131 #28578]  INFO -- : Connected R3T at http://localhost:8080/
I, [2014-04-05T16:38:38.574567 #28578]  INFO -- : Connected Mr Bazinga at http://localhost:1337/
I, [2014-04-05T16:38:38.577583 #28578]  INFO -- : Connected NoCo at http://localhost:8000/player_service.php
E, [2014-04-05T16:38:38.579613 #28578] ERROR -- : Connection refused - connect(2) for "localhost" port 8080
E, [2014-04-05T16:38:38.579792 #28578] ERROR -- : Player R3T is unreachable
I, [2014-04-05T16:38:38.579892 #28578]  INFO -- : Waiting for players to start
E, [2014-04-05T16:38:39.580552 #28578] ERROR -- : Connection refused - connect(2) for "localhost" port 8080
E, [2014-04-05T16:38:39.580677 #28578] ERROR -- : Player R3T is unreachable
I, [2014-04-05T16:38:39.580742 #28578]  INFO -- : Waiting for players to start
E, [2014-04-05T16:38:40.581472 #28578] ERROR -- : Connection refused - connect(2) for "localhost" port 8080
E, [2014-04-05T16:38:40.581622 #28578] ERROR -- : Player R3T is unreachable
I, [2014-04-05T16:38:40.581713 #28578]  INFO -- : Waiting for players to start
E, [2014-04-05T16:38:41.586895 #28578] ERROR -- : Connection refused - connect(2) for "localhost" port 8080
E, [2014-04-05T16:38:41.587068 #28578] ERROR -- : Player R3T is unreachable
I, [2014-04-05T16:38:41.587165 #28578]  INFO -- : Waiting for players to start
E, [2014-04-05T16:38:42.597497 #28578] ERROR -- : Connection refused - connect(2) for "localhost" port 8080
E, [2014-04-05T16:38:42.597675 #28578] ERROR -- : Player R3T is unreachable
I, [2014-04-05T16:38:42.597760 #28578]  INFO -- : Waiting for players to start
E, [2014-04-05T16:38:43.603224 #28578] ERROR -- : Connection refused - connect(2) for "localhost" port 8080
E, [2014-04-05T16:38:43.603470 #28578] ERROR -- : Player R3T is unreachable
I, [2014-04-05T16:38:43.603568 #28578]  INFO -- : Waiting for players to start
E, [2014-04-05T16:38:44.608075 #28578] ERROR -- : Connection refused - connect(2) for "localhost" port 8080
E, [2014-04-05T16:38:44.608248 #28578] ERROR -- : Player R3T is unreachable
I, [2014-04-05T16:38:44.608343 #28578]  INFO -- : Waiting for players to start
E, [2014-04-05T16:38:45.622838 #28578] ERROR -- : Connection refused - connect(2) for "localhost" port 8080
E, [2014-04-05T16:38:45.623040 #28578] ERROR -- : Player R3T is unreachable
I, [2014-04-05T16:38:45.623147 #28578]  INFO -- : Waiting for players to start
E, [2014-04-05T16:38:46.632132 #28578] ERROR -- : Connection refused - connect(2) for "localhost" port 8080
E, [2014-04-05T16:38:46.632336 #28578] ERROR -- : Player R3T is unreachable
I, [2014-04-05T16:38:46.632455 #28578]  INFO -- : Waiting for players to start
E, [2014-04-05T16:38:47.640469 #28578] ERROR -- : Connection refused - connect(2) for "localhost" port 8080
E, [2014-04-05T16:38:47.640802 #28578] ERROR -- : Player R3T is unreachable
I, [2014-04-05T16:38:47.640917 #28578]  INFO -- : Waiting for players to start
E, [2014-04-05T16:38:48.648155 #28578] ERROR -- : Connection refused - connect(2) for "localhost" port 8080
E, [2014-04-05T16:38:48.648357 #28578] ERROR -- : Player R3T is unreachable
I, [2014-04-05T16:38:48.648513 #28578]  INFO -- : Waiting for players to start
E, [2014-04-05T16:38:49.649331 #28578] ERROR -- : Connection refused - connect(2) for "localhost" port 8080
E, [2014-04-05T16:38:49.649502 #28578] ERROR -- : Player R3T is unreachable
I, [2014-04-05T16:38:49.649630 #28578]  INFO -- : Waiting for players to start
E, [2014-04-05T16:38:50.650235 #28578] ERROR -- : Connection refused - connect(2) for "localhost" port 8080
E, [2014-04-05T16:38:50.650377 #28578] ERROR -- : Player R3T is unreachable
I, [2014-04-05T16:38:50.650485 #28578]  INFO -- : Waiting for players to start
E, [2014-04-05T16:38:51.651053 #28578] ERROR -- : Connection refused - connect(2) for "localhost" port 8080
E, [2014-04-05T16:38:51.651204 #28578] ERROR -- : Player R3T is unreachable
I, [2014-04-05T16:38:51.651270 #28578]  INFO -- : Waiting for players to start
E, [2014-04-05T16:38:53.154868 #28578] ERROR -- : Net::ReadTimeout
E, [2014-04-05T16:38:53.155028 #28578] ERROR -- : Player R3T is unreachable
I, [2014-04-05T16:38:53.155114 #28578]  INFO -- : Waiting for players to start
E, [2014-04-05T16:38:54.657287 #28578] ERROR -- : Net::ReadTimeout
E, [2014-04-05T16:38:54.657413 #28578] ERROR -- : Player R3T is unreachable
I, [2014-04-05T16:38:54.657467 #28578]  INFO -- : Waiting for players to start
E, [2014-04-05T16:38:56.159185 #28578] ERROR -- : Net::ReadTimeout
E, [2014-04-05T16:38:56.159326 #28578] ERROR -- : Player R3T is unreachable
I, [2014-04-05T16:38:56.159396 #28578]  INFO -- : Waiting for players to start
E, [2014-04-05T16:38:57.662318 #28578] ERROR -- : Net::ReadTimeout
E, [2014-04-05T16:38:57.662684 #28578] ERROR -- : Player R3T is unreachable
I, [2014-04-05T16:38:57.663046 #28578]  INFO -- : Waiting for players to start
I, [2014-04-05T16:38:58.665892 #28578]  INFO -- : Player R3T responded with  (200)
I, [2014-04-05T16:38:58.683447 #28578]  INFO -- : Player Mr Bazinga responded with OK (200)
I, [2014-04-05T16:38:58.685607 #28578]  INFO -- : Player NoCo responded with  (200)
I, [2014-04-05T16:38:58.685737 #28578]  INFO -- : Players are running
I, [2014-04-05T16:38:58.713021 #28578]  INFO -- : Player R3T responded with v0.44 (200)
I, [2014-04-05T16:38:58.717139 #28578]  INFO -- : Player Mr Bazinga responded with Super AI 2.0 Semi-Courage Engine (200)
I, [2014-04-05T16:38:58.719407 #28578]  INFO -- : Player NoCo responded with NoCo1637 (200)
I, [2014-04-05T16:38:58.719776 #28578]  INFO -- : Mr Bazinga received hole_card 10 of Spades
I, [2014-04-05T16:38:58.719975 #28578]  INFO -- : NoCo received hole_card Queen of Spades
I, [2014-04-05T16:38:58.720574 #28578]  INFO -- : R3T received hole_card Jack of Spades
I, [2014-04-05T16:38:58.721045 #28578]  INFO -- : Mr Bazinga received hole_card 9 of Spades
I, [2014-04-05T16:38:58.721403 #28578]  INFO -- : NoCo received hole_card 8 of Diamonds
I, [2014-04-05T16:38:58.721677 #28578]  INFO -- : R3T received hole_card King of Diamonds
I, [2014-04-05T16:38:58.723606 #28578]  INFO -- : Mr Bazinga made a bet of 10 (raise) and is left with 990 chips. The pot now contains 10 chips.
I, [2014-04-05T16:38:58.723893 #28578]  INFO -- : NoCo made a bet of 20 (raise) and is left with 980 chips. The pot now contains 30 chips.
I, [2014-04-05T16:38:58.789110 #28578]  INFO -- : Player R3T responded with 30 (200)
I, [2014-04-05T16:38:58.789423 #28578]  INFO -- : R3T made a bet of 30 (raise) and is left with 970 chips. The pot now contains 60 chips.
I, [2014-04-05T16:38:58.792649 #28578]  INFO -- : Player Mr Bazinga responded with 20 (200)
I, [2014-04-05T16:38:58.793006 #28578]  INFO -- : Mr Bazinga made a bet of 20 (call) and is left with 970 chips. The pot now contains 80 chips.
I, [2014-04-05T16:38:58.795159 #28578]  INFO -- : Player NoCo responded with 80 (200)
I, [2014-04-05T16:38:58.795431 #28578]  INFO -- : NoCo made a bet of 80 (raise) and is left with 900 chips. The pot now contains 160 chips.
I, [2014-04-05T16:38:58.801134 #28578]  INFO -- : Player R3T responded with 170 (200)
I, [2014-04-05T16:38:58.801392 #28578]  INFO -- : R3T made a bet of 170 (raise) and is left with 800 chips. The pot now contains 330 chips.
I, [2014-04-05T16:38:58.807732 #28578]  INFO -- : Player Mr Bazinga responded with 170 (200)
I, [2014-04-05T16:38:58.808127 #28578]  INFO -- : Mr Bazinga made a bet of 170 (call) and is left with 800 chips. The pot now contains 500 chips.
I, [2014-04-05T16:38:58.811620 #28578]  INFO -- : Player NoCo responded with 80 (200)
I, [2014-04-05T16:38:58.811861 #28578]  INFO -- : NoCo made a bet of 0 (fold) and is left with 900 chips. The pot now contains 500 chips.
I, [2014-04-05T16:38:58.812171 #28578]  INFO -- : community card 7 of Spades
I, [2014-04-05T16:38:58.812383 #28578]  INFO -- : community card 6 of Diamonds
I, [2014-04-05T16:38:58.812594 #28578]  INFO -- : community card 10 of Diamonds
I, [2014-04-05T16:38:58.854341 #28578]  INFO -- : Player Mr Bazinga responded with 0 (200)
I, [2014-04-05T16:38:58.855516 #28578]  INFO -- : Mr Bazinga made a bet of 0 (check) and is left with 800 chips. The pot now contains 500 chips.
I, [2014-04-05T16:38:58.896131 #28578]  INFO -- : Player R3T responded with 0 (200)
I, [2014-04-05T16:38:58.896485 #28578]  INFO -- : R3T made a bet of 0 (check) and is left with 800 chips. The pot now contains 500 chips.
I, [2014-04-05T16:38:58.896904 #28578]  INFO -- : community card 5 of Spades
I, [2014-04-05T16:38:58.917520 #28578]  INFO -- : Player Mr Bazinga responded with 0 (200)
I, [2014-04-05T16:38:58.917813 #28578]  INFO -- : Mr Bazinga made a bet of 0 (check) and is left with 800 chips. The pot now contains 500 chips.
I, [2014-04-05T16:38:58.951232 #28578]  INFO -- : Player R3T responded with 0 (200)
I, [2014-04-05T16:38:58.951626 #28578]  INFO -- : R3T made a bet of 0 (check) and is left with 800 chips. The pot now contains 500 chips.
I, [2014-04-05T16:38:58.951928 #28578]  INFO -- : community card King of Clubs
I, [2014-04-05T16:38:59.014760 #28578]  INFO -- : Player Mr Bazinga responded with 0 (200)
I, [2014-04-05T16:38:59.015765 #28578]  INFO -- : Mr Bazinga made a bet of 0 (check) and is left with 800 chips. The pot now contains 500 chips.
I, [2014-04-05T16:38:59.035991 #28578]  INFO -- : Player R3T responded with 220 (200)
I, [2014-04-05T16:38:59.036621 #28578]  INFO -- : R3T made a bet of 220 (raise) and is left with 580 chips. The pot now contains 720 chips.
I, [2014-04-05T16:38:59.070102 #28578]  INFO -- : Player Mr Bazinga responded with 220 (200)
I, [2014-04-05T16:38:59.070898 #28578]  INFO -- : Mr Bazinga made a bet of 220 (call) and is left with 580 chips. The pot now contains 940 chips.
I, [2014-04-05T16:38:59.072406 #28578]  INFO -- : R3T showed 7 of Spades,10 of Diamonds,Jack of Spades,King of Diamonds,King of Clubs making a pair
I, [2014-04-05T16:38:59.073971 #28578]  INFO -- : R3T won 940
I, [2014-04-05T16:38:59.080908 #28578]  INFO -- : Player R3T responded with  (200)
I, [2014-04-05T16:38:59.084482 #28578]  INFO -- : Player Mr Bazinga responded with OK (200)
I, [2014-04-05T16:38:59.090101 #28578]  INFO -- : Player NoCo responded with  (200)
I, [2014-04-05T16:38:59.090438 #28578]  INFO -- : NoCo received hole_card King of Clubs
I, [2014-04-05T16:38:59.090634 #28578]  INFO -- : R3T received hole_card 4 of Spades
I, [2014-04-05T16:38:59.090781 #28578]  INFO -- : Mr Bazinga received hole_card Ace of Clubs
I, [2014-04-05T16:38:59.090957 #28578]  INFO -- : NoCo received hole_card 6 of Spades
I, [2014-04-05T16:38:59.091128 #28578]  INFO -- : R3T received hole_card 3 of Clubs
I, [2014-04-05T16:38:59.091314 #28578]  INFO -- : Mr Bazinga received hole_card 3 of Hearts
I, [2014-04-05T16:38:59.091605 #28578]  INFO -- : NoCo made a bet of 10 (raise) and is left with 890 chips. The pot now contains 10 chips.
I, [2014-04-05T16:38:59.091845 #28578]  INFO -- : R3T made a bet of 20 (raise) and is left with 1500 chips. The pot now contains 30 chips.
I, [2014-04-05T16:38:59.094112 #28578]  INFO -- : Player Mr Bazinga responded with 0 (200)
I, [2014-04-05T16:38:59.094334 #28578]  INFO -- : Mr Bazinga made a bet of 0 (fold) and is left with 580 chips. The pot now contains 30 chips.
I, [2014-04-05T16:38:59.095967 #28578]  INFO -- : Player NoCo responded with 80 (200)
I, [2014-04-05T16:38:59.096370 #28578]  INFO -- : NoCo made a bet of 80 (raise) and is left with 810 chips. The pot now contains 110 chips.
I, [2014-04-05T16:38:59.099478 #28578]  INFO -- : Player R3T responded with 90 (200)
I, [2014-04-05T16:38:59.099722 #28578]  INFO -- : R3T made a bet of 70 (call) and is left with 1430 chips. The pot now contains 180 chips.
I, [2014-04-05T16:38:59.099984 #28578]  INFO -- : community card King of Diamonds
I, [2014-04-05T16:38:59.100357 #28578]  INFO -- : community card Queen of Clubs
I, [2014-04-05T16:38:59.100684 #28578]  INFO -- : community card 9 of Diamonds
E, [2014-04-05T16:38:59.605445 #28578] ERROR -- : Net::ReadTimeout
E, [2014-04-05T16:38:59.605586 #28578] ERROR -- : Player NoCo is unreachable
I, [2014-04-05T16:38:59.605821 #28578]  INFO -- : NoCo made a bet of 0 (check) and is left with 810 chips. The pot now contains 180 chips.
I, [2014-04-05T16:38:59.733274 #28578]  INFO -- : Player R3T responded with 0 (200)
I, [2014-04-05T16:38:59.734254 #28578]  INFO -- : R3T made a bet of 0 (check) and is left with 1430 chips. The pot now contains 180 chips.
I, [2014-04-05T16:38:59.735705 #28578]  INFO -- : community card 7 of Clubs
E, [2014-04-05T16:39:00.243260 #28578] ERROR -- : Net::ReadTimeout
E, [2014-04-05T16:39:00.243775 #28578] ERROR -- : Player NoCo is unreachable
I, [2014-04-05T16:39:00.244364 #28578]  INFO -- : NoCo made a bet of 0 (check) and is left with 810 chips. The pot now contains 180 chips.
I, [2014-04-05T16:39:00.285805 #28578]  INFO -- : Player R3T responded with 0 (200)
I, [2014-04-05T16:39:00.286265 #28578]  INFO -- : R3T made a bet of 0 (check) and is left with 1430 chips. The pot now contains 180 chips.
I, [2014-04-05T16:39:00.286915 #28578]  INFO -- : community card 10 of Spades
E, [2014-04-05T16:39:00.790547 #28578] ERROR -- : Net::ReadTimeout
E, [2014-04-05T16:39:00.790751 #28578] ERROR -- : Player NoCo is unreachable
I, [2014-04-05T16:39:00.791187 #28578]  INFO -- : NoCo made a bet of 0 (check) and is left with 810 chips. The pot now contains 180 chips.
I, [2014-04-05T16:39:01.019256 #28578]  INFO -- : Player R3T responded with 0 (200)
I, [2014-04-05T16:39:01.020211 #28578]  INFO -- : R3T made a bet of 0 (check) and is left with 1430 chips. The pot now contains 180 chips.
I, [2014-04-05T16:39:01.021757 #28578]  INFO -- : NoCo showed 9 of Diamonds,10 of Spades,Queen of Clubs,King of Diamonds,King of Clubs making a pair
I, [2014-04-05T16:39:01.023130 #28578]  INFO -- : NoCo won 180
I, [2014-04-05T16:39:01.027935 #28578]  INFO -- : Player R3T responded with  (200)
I, [2014-04-05T16:39:01.040892 #28578]  INFO -- : Player Mr Bazinga responded with OK (200)
E, [2014-04-05T16:39:01.543890 #28578] ERROR -- : Net::ReadTimeout
E, [2014-04-05T16:39:01.544331 #28578] ERROR -- : Player NoCo is unreachable
I, [2014-04-05T16:39:01.545622 #28578]  INFO -- : R3T received hole_card 7 of Spades
I, [2014-04-05T16:39:01.546612 #28578]  INFO -- : Mr Bazinga received hole_card Queen of Spades
I, [2014-04-05T16:39:01.547424 #28578]  INFO -- : NoCo received hole_card 7 of Diamonds
I, [2014-04-05T16:39:01.548350 #28578]  INFO -- : R3T received hole_card Ace of Diamonds
I, [2014-04-05T16:39:01.548638 #28578]  INFO -- : Mr Bazinga received hole_card King of Spades
I, [2014-04-05T16:39:01.548924 #28578]  INFO -- : NoCo received hole_card King of Hearts
I, [2014-04-05T16:39:01.549372 #28578]  INFO -- : R3T made a bet of 10 (raise) and is left with 1420 chips. The pot now contains 10 chips.
I, [2014-04-05T16:39:01.549750 #28578]  INFO -- : Mr Bazinga made a bet of 20 (raise) and is left with 560 chips. The pot now contains 30 chips.
E, [2014-04-05T16:39:02.051969 #28578] ERROR -- : Net::ReadTimeout
E, [2014-04-05T16:39:02.052140 #28578] ERROR -- : Player NoCo is unreachable
I, [2014-04-05T16:39:02.052398 #28578]  INFO -- : NoCo made a bet of 0 (fold) and is left with 990 chips. The pot now contains 30 chips.
I, [2014-04-05T16:39:02.057490 #28578]  INFO -- : Player R3T responded with 0 (200)
I, [2014-04-05T16:39:02.058489 #28578]  INFO -- : R3T made a bet of 0 (fold) and is left with 1420 chips. The pot now contains 30 chips.
I, [2014-04-05T16:39:02.063147 #28578]  INFO -- : Player Mr Bazinga responded with 191 (200)
I, [2014-04-05T16:39:02.063574 #28578]  INFO -- : Mr Bazinga made a bet of 191 (raise) and is left with 369 chips. The pot now contains 221 chips.
I, [2014-04-05T16:39:02.064705 #28578]  INFO -- : Mr Bazinga won 221
I, [2014-04-05T16:39:02.068859 #28578]  INFO -- : Player R3T responded with  (200)
I, [2014-04-05T16:39:02.072171 #28578]  INFO -- : Player Mr Bazinga responded with OK (200)
E, [2014-04-05T16:39:02.574968 #28578] ERROR -- : Net::ReadTimeout
E, [2014-04-05T16:39:02.575335 #28578] ERROR -- : Player NoCo is unreachable
I, [2014-04-05T16:39:02.576253 #28578]  INFO -- : Mr Bazinga received hole_card Ace of Spades
I, [2014-04-05T16:39:02.576927 #28578]  INFO -- : NoCo received hole_card 3 of Hearts
I, [2014-04-05T16:39:02.577499 #28578]  INFO -- : R3T received hole_card 4 of Hearts
I, [2014-04-05T16:39:02.578064 #28578]  INFO -- : Mr Bazinga received hole_card King of Hearts
I, [2014-04-05T16:39:02.578661 #28578]  INFO -- : NoCo received hole_card Jack of Clubs
I, [2014-04-05T16:39:02.579199 #28578]  INFO -- : R3T received hole_card Jack of Diamonds
I, [2014-04-05T16:39:02.580031 #28578]  INFO -- : Mr Bazinga made a bet of 10 (raise) and is left with 580 chips. The pot now contains 10 chips.
I, [2014-04-05T16:39:02.580859 #28578]  INFO -- : NoCo made a bet of 20 (raise) and is left with 970 chips. The pot now contains 30 chips.
I, [2014-04-05T16:39:02.590423 #28578]  INFO -- : Player R3T responded with 0 (200)
I, [2014-04-05T16:39:02.591139 #28578]  INFO -- : R3T made a bet of 0 (fold) and is left with 1420 chips. The pot now contains 30 chips.
I, [2014-04-05T16:39:02.594603 #28578]  INFO -- : Player Mr Bazinga responded with 10 (200)
I, [2014-04-05T16:39:02.595041 #28578]  INFO -- : Mr Bazinga made a bet of 10 (call) and is left with 570 chips. The pot now contains 40 chips.
E, [2014-04-05T16:39:03.097082 #28578] ERROR -- : Net::ReadTimeout
E, [2014-04-05T16:39:03.097206 #28578] ERROR -- : Player NoCo is unreachable
I, [2014-04-05T16:39:03.097355 #28578]  INFO -- : NoCo made a bet of 0 (check) and is left with 970 chips. The pot now contains 40 chips.
I, [2014-04-05T16:39:03.097560 #28578]  INFO -- : community card Queen of Spades
I, [2014-04-05T16:39:03.097713 #28578]  INFO -- : community card 6 of Clubs
I, [2014-04-05T16:39:03.097895 #28578]  INFO -- : community card 5 of Diamonds
I, [2014-04-05T16:39:03.152026 #28578]  INFO -- : Player Mr Bazinga responded with 0 (200)
I, [2014-04-05T16:39:03.152330 #28578]  INFO -- : Mr Bazinga made a bet of 0 (check) and is left with 570 chips. The pot now contains 40 chips.
E, [2014-04-05T16:39:03.654581 #28578] ERROR -- : Net::ReadTimeout
E, [2014-04-05T16:39:03.654911 #28578] ERROR -- : Player NoCo is unreachable
I, [2014-04-05T16:39:03.655456 #28578]  INFO -- : NoCo made a bet of 0 (check) and is left with 970 chips. The pot now contains 40 chips.
I, [2014-04-05T16:39:03.656207 #28578]  INFO -- : community card Queen of Diamonds
I, [2014-04-05T16:39:03.701647 #28578]  INFO -- : Player Mr Bazinga responded with 0 (200)
I, [2014-04-05T16:39:03.702373 #28578]  INFO -- : Mr Bazinga made a bet of 0 (check) and is left with 570 chips. The pot now contains 40 chips.
E, [2014-04-05T16:39:04.206548 #28578] ERROR -- : Net::ReadTimeout
E, [2014-04-05T16:39:04.207101 #28578] ERROR -- : Player NoCo is unreachable
I, [2014-04-05T16:39:04.207568 #28578]  INFO -- : NoCo made a bet of 0 (check) and is left with 970 chips. The pot now contains 40 chips.
I, [2014-04-05T16:39:04.208296 #28578]  INFO -- : community card 10 of Hearts
I, [2014-04-05T16:39:04.469708 #28578]  INFO -- : Player Mr Bazinga responded with 0 (200)
I, [2014-04-05T16:39:04.470770 #28578]  INFO -- : Mr Bazinga made a bet of 0 (check) and is left with 570 chips. The pot now contains 40 chips.
E, [2014-04-05T16:39:04.976472 #28578] ERROR -- : Net::ReadTimeout
E, [2014-04-05T16:39:04.976891 #28578] ERROR -- : Player NoCo is unreachable
I, [2014-04-05T16:39:04.977466 #28578]  INFO -- : NoCo made a bet of 0 (check) and is left with 970 chips. The pot now contains 40 chips.
I, [2014-04-05T16:39:04.979484 #28578]  INFO -- : Mr Bazinga showed 10 of Hearts,Queen of Spades,Queen of Diamonds,King of Hearts,Ace of Spades making a pair
I, [2014-04-05T16:39:04.980707 #28578]  INFO -- : Mr Bazinga won 40
I, [2014-04-05T16:39:04.989885 #28578]  INFO -- : Player R3T responded with  (200)
I, [2014-04-05T16:39:04.997166 #28578]  INFO -- : Player Mr Bazinga responded with OK (200)
E, [2014-04-05T16:39:05.501702 #28578] ERROR -- : Net::ReadTimeout
E, [2014-04-05T16:39:05.501861 #28578] ERROR -- : Player NoCo is unreachable
I, [2014-04-05T16:39:05.502118 #28578]  INFO -- : NoCo received hole_card 2 of Diamonds
I, [2014-04-05T16:39:05.502294 #28578]  INFO -- : R3T received hole_card 6 of Spades
I, [2014-04-05T16:39:05.502450 #28578]  INFO -- : Mr Bazinga received hole_card 9 of Spades
I, [2014-04-05T16:39:05.502601 #28578]  INFO -- : NoCo received hole_card 4 of Diamonds
I, [2014-04-05T16:39:05.502771 #28578]  INFO -- : R3T received hole_card 5 of Clubs
I, [2014-04-05T16:39:05.502937 #28578]  INFO -- : Mr Bazinga received hole_card 7 of Diamonds
I, [2014-04-05T16:39:05.503200 #28578]  INFO -- : NoCo made a bet of 10 (raise) and is left with 960 chips. The pot now contains 10 chips.
I, [2014-04-05T16:39:05.503424 #28578]  INFO -- : R3T made a bet of 20 (raise) and is left with 1400 chips. The pot now contains 30 chips.
I, [2014-04-05T16:39:05.505311 #28578]  INFO -- : Player Mr Bazinga responded with 0 (200)
I, [2014-04-05T16:39:05.505562 #28578]  INFO -- : Mr Bazinga made a bet of 0 (fold) and is left with 610 chips. The pot now contains 30 chips.
E, [2014-04-05T16:39:06.007629 #28578] ERROR -- : Net::ReadTimeout
E, [2014-04-05T16:39:06.008078 #28578] ERROR -- : Player NoCo is unreachable
I, [2014-04-05T16:39:06.008450 #28578]  INFO -- : NoCo made a bet of 0 (fold) and is left with 960 chips. The pot now contains 30 chips.
I, [2014-04-05T16:39:06.012436 #28578]  INFO -- : Player R3T responded with 20 (200)
I, [2014-04-05T16:39:06.012920 #28578]  INFO -- : R3T made a bet of 20 (raise) and is left with 1380 chips. The pot now contains 50 chips.
I, [2014-04-05T16:39:06.014019 #28578]  INFO -- : R3T won 50
I, [2014-04-05T16:39:06.019878 #28578]  INFO -- : Player R3T responded with  (200)
I, [2014-04-05T16:39:06.022588 #28578]  INFO -- : Player Mr Bazinga responded with OK (200)
E, [2014-04-05T16:39:06.524398 #28578] ERROR -- : Net::ReadTimeout
E, [2014-04-05T16:39:06.524519 #28578] ERROR -- : Player NoCo is unreachable
I, [2014-04-05T16:39:06.524800 #28578]  INFO -- : R3T received hole_card Jack of Clubs
I, [2014-04-05T16:39:06.524938 #28578]  INFO -- : Mr Bazinga received hole_card King of Hearts
I, [2014-04-05T16:39:06.525082 #28578]  INFO -- : NoCo received hole_card 5 of Spades
I, [2014-04-05T16:39:06.525224 #28578]  INFO -- : R3T received hole_card 10 of Spades
I, [2014-04-05T16:39:06.525383 #28578]  INFO -- : Mr Bazinga received hole_card 3 of Hearts
I, [2014-04-05T16:39:06.525550 #28578]  INFO -- : NoCo received hole_card 8 of Spades
I, [2014-04-05T16:39:06.525833 #28578]  INFO -- : R3T made a bet of 10 (raise) and is left with 1420 chips. The pot now contains 10 chips.
I, [2014-04-05T16:39:06.526054 #28578]  INFO -- : Mr Bazinga made a bet of 20 (raise) and is left with 590 chips. The pot now contains 30 chips.
E, [2014-04-05T16:39:07.028448 #28578] ERROR -- : Net::ReadTimeout
E, [2014-04-05T16:39:07.028848 #28578] ERROR -- : Player NoCo is unreachable
I, [2014-04-05T16:39:07.029303 #28578]  INFO -- : NoCo made a bet of 0 (fold) and is left with 960 chips. The pot now contains 30 chips.
I, [2014-04-05T16:39:07.034083 #28578]  INFO -- : Player R3T responded with 20 (200)
I, [2014-04-05T16:39:07.034624 #28578]  INFO -- : R3T made a bet of 20 (raise) and is left with 1400 chips. The pot now contains 50 chips.
I, [2014-04-05T16:39:07.040378 #28578]  INFO -- : Player Mr Bazinga responded with 10 (200)
I, [2014-04-05T16:39:07.040650 #28578]  INFO -- : Mr Bazinga made a bet of 10 (call) and is left with 580 chips. The pot now contains 60 chips.
I, [2014-04-05T16:39:07.040861 #28578]  INFO -- : community card 2 of Hearts
I, [2014-04-05T16:39:07.041045 #28578]  INFO -- : community card Ace of Spades
I, [2014-04-05T16:39:07.041211 #28578]  INFO -- : community card Queen of Spades
I, [2014-04-05T16:39:07.152464 #28578]  INFO -- : Player R3T responded with 0 (200)
I, [2014-04-05T16:39:07.154428 #28578]  INFO -- : R3T made a bet of 0 (check) and is left with 1400 chips. The pot now contains 60 chips.
I, [2014-04-05T16:39:07.173238 #28578]  INFO -- : Player Mr Bazinga responded with 0 (200)
I, [2014-04-05T16:39:07.173953 #28578]  INFO -- : Mr Bazinga made a bet of 0 (check) and is left with 580 chips. The pot now contains 60 chips.
I, [2014-04-05T16:39:07.174869 #28578]  INFO -- : community card 9 of Hearts
I, [2014-04-05T16:39:07.194882 #28578]  INFO -- : Player R3T responded with 0 (200)
I, [2014-04-05T16:39:07.195256 #28578]  INFO -- : R3T made a bet of 0 (check) and is left with 1400 chips. The pot now contains 60 chips.
I, [2014-04-05T16:39:07.209473 #28578]  INFO -- : Player Mr Bazinga responded with 0 (200)
I, [2014-04-05T16:39:07.210129 #28578]  INFO -- : Mr Bazinga made a bet of 0 (check) and is left with 580 chips. The pot now contains 60 chips.
I, [2014-04-05T16:39:07.211307 #28578]  INFO -- : community card Jack of Spades
I, [2014-04-05T16:39:07.225438 #28578]  INFO -- : Player R3T responded with 50 (200)
I, [2014-04-05T16:39:07.226977 #28578]  INFO -- : R3T made a bet of 50 (raise) and is left with 1350 chips. The pot now contains 110 chips.
I, [2014-04-05T16:39:07.238653 #28578]  INFO -- : Player Mr Bazinga responded with 50 (200)
I, [2014-04-05T16:39:07.239883 #28578]  INFO -- : Mr Bazinga made a bet of 50 (call) and is left with 530 chips. The pot now contains 160 chips.
I, [2014-04-05T16:39:07.240764 #28578]  INFO -- : R3T showed 10 of Spades,Jack of Clubs,Jack of Spades,Queen of Spades,Ace of Spades making a pair
I, [2014-04-05T16:39:07.241148 #28578]  INFO -- : R3T won 160
I, [2014-04-05T16:39:07.245537 #28578]  INFO -- : Player R3T responded with  (200)
I, [2014-04-05T16:39:07.247814 #28578]  INFO -- : Player Mr Bazinga responded with OK (200)
I, [2014-04-05T16:39:07.550376 #28578]  INFO -- : Player NoCo responded with  (200)
I, [2014-04-05T16:39:07.550662 #28578]  INFO -- : Mr Bazinga received hole_card 7 of Clubs
I, [2014-04-05T16:39:07.550811 #28578]  INFO -- : NoCo received hole_card 2 of Diamonds
I, [2014-04-05T16:39:07.550972 #28578]  INFO -- : R3T received hole_card 7 of Hearts
I, [2014-04-05T16:39:07.551112 #28578]  INFO -- : Mr Bazinga received hole_card 9 of Diamonds
I, [2014-04-05T16:39:07.551266 #28578]  INFO -- : NoCo received hole_card 10 of Hearts
I, [2014-04-05T16:39:07.551428 #28578]  INFO -- : R3T received hole_card Jack of Clubs
I, [2014-04-05T16:39:07.551687 #28578]  INFO -- : Mr Bazinga made a bet of 10 (raise) and is left with 520 chips. The pot now contains 10 chips.
I, [2014-04-05T16:39:07.551923 #28578]  INFO -- : NoCo made a bet of 20 (raise) and is left with 940 chips. The pot now contains 30 chips.
I, [2014-04-05T16:39:07.555906 #28578]  INFO -- : Player R3T responded with 0 (200)
I, [2014-04-05T16:39:07.556428 #28578]  INFO -- : R3T made a bet of 0 (fold) and is left with 1510 chips. The pot now contains 30 chips.
I, [2014-04-05T16:39:07.559859 #28578]  INFO -- : Player Mr Bazinga responded with 0 (200)
I, [2014-04-05T16:39:07.561488 #28578]  INFO -- : Mr Bazinga made a bet of 0 (fold) and is left with 520 chips. The pot now contains 30 chips.
I, [2014-04-05T16:39:07.565274 #28578]  INFO -- : Player NoCo responded with 0 (200)
I, [2014-04-05T16:39:07.565676 #28578]  INFO -- : NoCo made a bet of 0 (check) and is left with 940 chips. The pot now contains 30 chips.
I, [2014-04-05T16:39:07.566122 #28578]  INFO -- : NoCo won 30
I, [2014-04-05T16:39:07.568828 #28578]  INFO -- : Player R3T responded with  (200)
I, [2014-04-05T16:39:07.571346 #28578]  INFO -- : Player Mr Bazinga responded with OK (200)
I, [2014-04-05T16:39:07.576700 #28578]  INFO -- : Player NoCo responded with  (200)
I, [2014-04-05T16:39:07.577089 #28578]  INFO -- : NoCo received hole_card 2 of Spades
I, [2014-04-05T16:39:07.577291 #28578]  INFO -- : R3T received hole_card 7 of Clubs
I, [2014-04-05T16:39:07.577459 #28578]  INFO -- : Mr Bazinga received hole_card 2 of Diamonds
I, [2014-04-05T16:39:07.577654 #28578]  INFO -- : NoCo received hole_card 10 of Diamonds
I, [2014-04-05T16:39:07.577841 #28578]  INFO -- : R3T received hole_card 3 of Clubs
I, [2014-04-05T16:39:07.578037 #28578]  INFO -- : Mr Bazinga received hole_card 9 of Hearts
I, [2014-04-05T16:39:07.578333 #28578]  INFO -- : NoCo made a bet of 10 (raise) and is left with 960 chips. The pot now contains 10 chips.
I, [2014-04-05T16:39:07.578611 #28578]  INFO -- : R3T made a bet of 20 (raise) and is left with 1490 chips. The pot now contains 30 chips.
I, [2014-04-05T16:39:07.580389 #28578]  INFO -- : Player Mr Bazinga responded with 0 (200)
I, [2014-04-05T16:39:07.580659 #28578]  INFO -- : Mr Bazinga made a bet of 0 (fold) and is left with 520 chips. The pot now contains 30 chips.
I, [2014-04-05T16:39:07.582524 #28578]  INFO -- : Player NoCo responded with 0 (200)
I, [2014-04-05T16:39:07.582769 #28578]  INFO -- : NoCo made a bet of 0 (fold) and is left with 960 chips. The pot now contains 30 chips.
I, [2014-04-05T16:39:07.586669 #28578]  INFO -- : Player R3T responded with 0 (200)
I, [2014-04-05T16:39:07.587124 #28578]  INFO -- : R3T made a bet of 0 (check) and is left with 1490 chips. The pot now contains 30 chips.
I, [2014-04-05T16:39:07.587794 #28578]  INFO -- : R3T won 30
I, [2014-04-05T16:39:07.592542 #28578]  INFO -- : Player R3T responded with  (200)
I, [2014-04-05T16:39:07.595868 #28578]  INFO -- : Player Mr Bazinga responded with OK (200)
I, [2014-04-05T16:39:07.597690 #28578]  INFO -- : Player NoCo responded with  (200)
I, [2014-04-05T16:39:07.597999 #28578]  INFO -- : R3T received hole_card Queen of Spades
I, [2014-04-05T16:39:07.598173 #28578]  INFO -- : Mr Bazinga received hole_card 2 of Hearts
I, [2014-04-05T16:39:07.598363 #28578]  INFO -- : NoCo received hole_card Jack of Clubs
I, [2014-04-05T16:39:07.598550 #28578]  INFO -- : R3T received hole_card 5 of Diamonds
I, [2014-04-05T16:39:07.598731 #28578]  INFO -- : Mr Bazinga received hole_card 6 of Clubs
I, [2014-04-05T16:39:07.598926 #28578]  INFO -- : NoCo received hole_card 9 of Hearts
I, [2014-04-05T16:39:07.599221 #28578]  INFO -- : R3T made a bet of 10 (raise) and is left with 1510 chips. The pot now contains 10 chips.
I, [2014-04-05T16:39:07.599475 #28578]  INFO -- : Mr Bazinga made a bet of 20 (raise) and is left with 500 chips. The pot now contains 30 chips.
I, [2014-04-05T16:39:07.603372 #28578]  INFO -- : Player NoCo responded with 80 (200)
I, [2014-04-05T16:39:07.603656 #28578]  INFO -- : NoCo made a bet of 80 (raise) and is left with 880 chips. The pot now contains 110 chips.
I, [2014-04-05T16:39:07.609489 #28578]  INFO -- : Player R3T responded with 0 (200)
I, [2014-04-05T16:39:07.610352 #28578]  INFO -- : R3T made a bet of 0 (fold) and is left with 1510 chips. The pot now contains 110 chips.
I, [2014-04-05T16:39:07.613860 #28578]  INFO -- : Player Mr Bazinga responded with 0 (200)
I, [2014-04-05T16:39:07.614403 #28578]  INFO -- : Mr Bazinga made a bet of 0 (fold) and is left with 500 chips. The pot now contains 110 chips.
I, [2014-04-05T16:39:07.615050 #28578]  INFO -- : NoCo won 110
I, [2014-04-05T16:39:07.618251 #28578]  INFO -- : Player R3T responded with  (200)
I, [2014-04-05T16:39:07.629014 #28578]  INFO -- : Player Mr Bazinga responded with OK (200)
I, [2014-04-05T16:39:07.631676 #28578]  INFO -- : Player NoCo responded with  (200)
I, [2014-04-05T16:39:07.632169 #28578]  INFO -- : Mr Bazinga received hole_card 6 of Hearts
I, [2014-04-05T16:39:07.632456 #28578]  INFO -- : NoCo received hole_card 4 of Spades
I, [2014-04-05T16:39:07.632826 #28578]  INFO -- : R3T received hole_card 8 of Spades
I, [2014-04-05T16:39:07.633111 #28578]  INFO -- : Mr Bazinga received hole_card King of Diamonds
I, [2014-04-05T16:39:07.633422 #28578]  INFO -- : NoCo received hole_card 7 of Spades
I, [2014-04-05T16:39:07.633716 #28578]  INFO -- : R3T received hole_card King of Clubs
I, [2014-04-05T16:39:07.634338 #28578]  INFO -- : Mr Bazinga made a bet of 20 (raise) and is left with 480 chips. The pot now contains 20 chips.
I, [2014-04-05T16:39:07.634962 #28578]  INFO -- : NoCo made a bet of 40 (raise) and is left with 950 chips. The pot now contains 60 chips.
I, [2014-04-05T16:39:07.641678 #28578]  INFO -- : Player R3T responded with 0 (200)
I, [2014-04-05T16:39:07.643197 #28578]  INFO -- : R3T made a bet of 0 (fold) and is left with 1510 chips. The pot now contains 60 chips.
I, [2014-04-05T16:39:07.646811 #28578]  INFO -- : Player Mr Bazinga responded with 0 (200)
I, [2014-04-05T16:39:07.647305 #28578]  INFO -- : Mr Bazinga made a bet of 0 (fold) and is left with 480 chips. The pot now contains 60 chips.
I, [2014-04-05T16:39:07.650471 #28578]  INFO -- : Player NoCo responded with 0 (200)
I, [2014-04-05T16:39:07.650936 #28578]  INFO -- : NoCo made a bet of 0 (check) and is left with 950 chips. The pot now contains 60 chips.
I, [2014-04-05T16:39:07.651692 #28578]  INFO -- : NoCo won 60
I, [2014-04-05T16:39:07.657787 #28578]  INFO -- : Player R3T responded with  (200)
I, [2014-04-05T16:39:07.664035 #28578]  INFO -- : Player Mr Bazinga responded with OK (200)
I, [2014-04-05T16:39:07.667090 #28578]  INFO -- : Player NoCo responded with  (200)
I, [2014-04-05T16:39:07.667679 #28578]  INFO -- : NoCo received hole_card 3 of Hearts
I, [2014-04-05T16:39:07.668079 #28578]  INFO -- : R3T received hole_card Ace of Diamonds
I, [2014-04-05T16:39:07.668454 #28578]  INFO -- : Mr Bazinga received hole_card 6 of Spades
I, [2014-04-05T16:39:07.668895 #28578]  INFO -- : NoCo received hole_card 2 of Clubs
I, [2014-04-05T16:39:07.669275 #28578]  INFO -- : R3T received hole_card 9 of Diamonds
I, [2014-04-05T16:39:07.669655 #28578]  INFO -- : Mr Bazinga received hole_card Jack of Spades
I, [2014-04-05T16:39:07.670263 #28578]  INFO -- : NoCo made a bet of 20 (raise) and is left with 990 chips. The pot now contains 20 chips.
I, [2014-04-05T16:39:07.670783 #28578]  INFO -- : R3T made a bet of 40 (raise) and is left with 1470 chips. The pot now contains 60 chips.
I, [2014-04-05T16:39:07.673818 #28578]  INFO -- : Player Mr Bazinga responded with 40 (200)
I, [2014-04-05T16:39:07.674295 #28578]  INFO -- : Mr Bazinga made a bet of 40 (call) and is left with 440 chips. The pot now contains 100 chips.
I, [2014-04-05T16:39:07.677204 #28578]  INFO -- : Player NoCo responded with 0 (200)
I, [2014-04-05T16:39:07.677587 #28578]  INFO -- : NoCo made a bet of 0 (fold) and is left with 990 chips. The pot now contains 100 chips.
I, [2014-04-05T16:39:07.685859 #28578]  INFO -- : Player R3T responded with 80 (200)
I, [2014-04-05T16:39:07.686497 #28578]  INFO -- : R3T made a bet of 80 (raise) and is left with 1390 chips. The pot now contains 180 chips.
I, [2014-04-05T16:39:07.690197 #28578]  INFO -- : Player Mr Bazinga responded with 80 (200)
I, [2014-04-05T16:39:07.691132 #28578]  INFO -- : Mr Bazinga made a bet of 80 (call) and is left with 360 chips. The pot now contains 260 chips.
I, [2014-04-05T16:39:07.691748 #28578]  INFO -- : community card 3 of Clubs
I, [2014-04-05T16:39:07.692239 #28578]  INFO -- : community card 6 of Clubs
I, [2014-04-05T16:39:07.692710 #28578]  INFO -- : community card Queen of Spades
I, [2014-04-05T16:39:07.729276 #28578]  INFO -- : Player R3T responded with 0 (200)
I, [2014-04-05T16:39:07.729639 #28578]  INFO -- : R3T made a bet of 0 (check) and is left with 1390 chips. The pot now contains 260 chips.
I, [2014-04-05T16:39:07.819346 #28578]  INFO -- : Player Mr Bazinga responded with 0 (200)
I, [2014-04-05T16:39:07.819725 #28578]  INFO -- : Mr Bazinga made a bet of 0 (check) and is left with 360 chips. The pot now contains 260 chips.
I, [2014-04-05T16:39:07.820085 #28578]  INFO -- : community card 9 of Hearts
I, [2014-04-05T16:39:07.884763 #28578]  INFO -- : Player R3T responded with 160 (200)
I, [2014-04-05T16:39:07.885513 #28578]  INFO -- : R3T made a bet of 160 (raise) and is left with 1230 chips. The pot now contains 420 chips.
I, [2014-04-05T16:39:07.992338 #28578]  INFO -- : Player Mr Bazinga responded with 160 (200)
I, [2014-04-05T16:39:07.992698 #28578]  INFO -- : Mr Bazinga made a bet of 160 (call) and is left with 200 chips. The pot now contains 580 chips.
I, [2014-04-05T16:39:07.993131 #28578]  INFO -- : community card King of Hearts
I, [2014-04-05T16:39:08.020526 #28578]  INFO -- : Player R3T responded with 320 (200)
I, [2014-04-05T16:39:08.020897 #28578]  INFO -- : R3T made a bet of 320 (raise) and is left with 910 chips. The pot now contains 900 chips.
I, [2014-04-05T16:39:08.070663 #28578]  INFO -- : Player Mr Bazinga responded with 320 (200)
I, [2014-04-05T16:39:08.070914 #28578]  INFO -- : Mr Bazinga made a bet of 200 (allin) and is left with 0 chips. The pot now contains 1100 chips.
I, [2014-04-05T16:39:08.071473 #28578]  INFO -- : R3T showed 9 of Hearts,9 of Diamonds,Queen of Spades,King of Hearts,Ace of Diamonds making a pair
I, [2014-04-05T16:39:08.071854 #28578]  INFO -- : R3T won 1100
I, [2014-04-05T16:39:08.074231 #28578]  INFO -- : Player R3T responded with  (200)
I, [2014-04-05T16:39:08.075874 #28578]  INFO -- : Player Mr Bazinga responded with OK (200)
I, [2014-04-05T16:39:08.077518 #28578]  INFO -- : Player NoCo responded with  (200)
I, [2014-04-05T16:39:08.077943 #28578]  INFO -- : R3T received hole_card Jack of Diamonds
I, [2014-04-05T16:39:08.078186 #28578]  INFO -- : NoCo received hole_card 7 of Clubs
I, [2014-04-05T16:39:08.078424 #28578]  INFO -- : R3T received hole_card 2 of Spades
I, [2014-04-05T16:39:08.078657 #28578]  INFO -- : NoCo received hole_card 9 of Diamonds
I, [2014-04-05T16:39:08.078987 #28578]  INFO -- : R3T made a bet of 20 (raise) and is left with 1990 chips. The pot now contains 20 chips.
I, [2014-04-05T16:39:08.079308 #28578]  INFO -- : NoCo made a bet of 40 (raise) and is left with 950 chips. The pot now contains 60 chips.
I, [2014-04-05T16:39:08.081460 #28578]  INFO -- : Player R3T responded with 0 (200)
I, [2014-04-05T16:39:08.081660 #28578]  INFO -- : R3T made a bet of 0 (fold) and is left with 1990 chips. The pot now contains 60 chips.
I, [2014-04-05T16:39:08.082029 #28578]  INFO -- : NoCo won 60
I, [2014-04-05T16:39:08.084189 #28578]  INFO -- : Player R3T responded with  (200)
I, [2014-04-05T16:39:08.086633 #28578]  INFO -- : Player Mr Bazinga responded with OK (200)
I, [2014-04-05T16:39:08.092441 #28578]  INFO -- : Player NoCo responded with  (200)
I, [2014-04-05T16:39:08.093495 #28578]  INFO -- : NoCo received hole_card 7 of Hearts
I, [2014-04-05T16:39:08.094056 #28578]  INFO -- : R3T received hole_card Queen of Spades
I, [2014-04-05T16:39:08.094346 #28578]  INFO -- : NoCo received hole_card Jack of Hearts
I, [2014-04-05T16:39:08.094645 #28578]  INFO -- : R3T received hole_card 5 of Hearts
I, [2014-04-05T16:39:08.095035 #28578]  INFO -- : NoCo made a bet of 20 (raise) and is left with 990 chips. The pot now contains 20 chips.
I, [2014-04-05T16:39:08.096077 #28578]  INFO -- : R3T made a bet of 40 (raise) and is left with 1950 chips. The pot now contains 60 chips.
I, [2014-04-05T16:39:08.098219 #28578]  INFO -- : Player NoCo responded with 80 (200)
I, [2014-04-05T16:39:08.098463 #28578]  INFO -- : NoCo made a bet of 80 (raise) and is left with 910 chips. The pot now contains 140 chips.
I, [2014-04-05T16:39:08.100805 #28578]  INFO -- : Player R3T responded with 0 (200)
I, [2014-04-05T16:39:08.101117 #28578]  INFO -- : R3T made a bet of 0 (fold) and is left with 1950 chips. The pot now contains 140 chips.
I, [2014-04-05T16:39:08.101553 #28578]  INFO -- : NoCo won 140
I, [2014-04-05T16:39:08.103898 #28578]  INFO -- : Player R3T responded with  (200)
I, [2014-04-05T16:39:08.107809 #28578]  INFO -- : Player Mr Bazinga responded with OK (200)
I, [2014-04-05T16:39:08.109572 #28578]  INFO -- : Player NoCo responded with  (200)
I, [2014-04-05T16:39:08.109913 #28578]  INFO -- : R3T received hole_card 2 of Spades
I, [2014-04-05T16:39:08.110124 #28578]  INFO -- : NoCo received hole_card 5 of Clubs
I, [2014-04-05T16:39:08.110315 #28578]  INFO -- : R3T received hole_card 4 of Hearts
I, [2014-04-05T16:39:08.110532 #28578]  INFO -- : NoCo received hole_card 4 of Diamonds
I, [2014-04-05T16:39:08.110846 #28578]  INFO -- : R3T made a bet of 20 (raise) and is left with 1930 chips. The pot now contains 20 chips.
I, [2014-04-05T16:39:08.111122 #28578]  INFO -- : NoCo made a bet of 40 (raise) and is left with 1010 chips. The pot now contains 60 chips.
I, [2014-04-05T16:39:08.113418 #28578]  INFO -- : Player R3T responded with 0 (200)
I, [2014-04-05T16:39:08.113637 #28578]  INFO -- : R3T made a bet of 0 (fold) and is left with 1930 chips. The pot now contains 60 chips.
I, [2014-04-05T16:39:08.114023 #28578]  INFO -- : NoCo won 60
I, [2014-04-05T16:39:08.116708 #28578]  INFO -- : Player R3T responded with  (200)
I, [2014-04-05T16:39:08.118553 #28578]  INFO -- : Player Mr Bazinga responded with OK (200)
I, [2014-04-05T16:39:08.120359 #28578]  INFO -- : Player NoCo responded with  (200)
I, [2014-04-05T16:39:08.120687 #28578]  INFO -- : NoCo received hole_card 3 of Hearts
I, [2014-04-05T16:39:08.120875 #28578]  INFO -- : R3T received hole_card 8 of Spades
I, [2014-04-05T16:39:08.121099 #28578]  INFO -- : NoCo received hole_card 5 of Clubs
I, [2014-04-05T16:39:08.121298 #28578]  INFO -- : R3T received hole_card King of Diamonds
I, [2014-04-05T16:39:08.122390 #28578]  INFO -- : NoCo made a bet of 20 (raise) and is left with 1050 chips. The pot now contains 20 chips.
I, [2014-04-05T16:39:08.123177 #28578]  INFO -- : R3T made a bet of 40 (raise) and is left with 1890 chips. The pot now contains 60 chips.
I, [2014-04-05T16:39:08.125491 #28578]  INFO -- : Player NoCo responded with 0 (200)
I, [2014-04-05T16:39:08.125694 #28578]  INFO -- : NoCo made a bet of 0 (fold) and is left with 1050 chips. The pot now contains 60 chips.
I, [2014-04-05T16:39:08.127793 #28578]  INFO -- : Player R3T responded with 0 (200)
I, [2014-04-05T16:39:08.127968 #28578]  INFO -- : R3T made a bet of 0 (check) and is left with 1890 chips. The pot now contains 60 chips.
I, [2014-04-05T16:39:08.128337 #28578]  INFO -- : R3T won 60
I, [2014-04-05T16:39:08.130450 #28578]  INFO -- : Player R3T responded with  (200)
I, [2014-04-05T16:39:08.131974 #28578]  INFO -- : Player Mr Bazinga responded with OK (200)
I, [2014-04-05T16:39:08.133690 #28578]  INFO -- : Player NoCo responded with  (200)
I, [2014-04-05T16:39:08.134042 #28578]  INFO -- : R3T received hole_card 6 of Clubs
I, [2014-04-05T16:39:08.134279 #28578]  INFO -- : NoCo received hole_card Queen of Diamonds
I, [2014-04-05T16:39:08.134512 #28578]  INFO -- : R3T received hole_card 4 of Diamonds
I, [2014-04-05T16:39:08.134721 #28578]  INFO -- : NoCo received hole_card King of Spades
I, [2014-04-05T16:39:08.135074 #28578]  INFO -- : R3T made a bet of 20 (raise) and is left with 1930 chips. The pot now contains 20 chips.
I, [2014-04-05T16:39:08.135396 #28578]  INFO -- : NoCo made a bet of 40 (raise) and is left with 1010 chips. The pot now contains 60 chips.
I, [2014-04-05T16:39:08.137877 #28578]  INFO -- : Player R3T responded with 0 (200)
I, [2014-04-05T16:39:08.138157 #28578]  INFO -- : R3T made a bet of 0 (fold) and is left with 1930 chips. The pot now contains 60 chips.
I, [2014-04-05T16:39:08.138666 #28578]  INFO -- : NoCo won 60
I, [2014-04-05T16:39:08.141261 #28578]  INFO -- : Player R3T responded with  (200)
I, [2014-04-05T16:39:08.144202 #28578]  INFO -- : Player Mr Bazinga responded with OK (200)
I, [2014-04-05T16:39:08.146713 #28578]  INFO -- : Player NoCo responded with  (200)
I, [2014-04-05T16:39:08.147223 #28578]  INFO -- : NoCo received hole_card 10 of Spades
I, [2014-04-05T16:39:08.147496 #28578]  INFO -- : R3T received hole_card Jack of Spades
I, [2014-04-05T16:39:08.147746 #28578]  INFO -- : NoCo received hole_card 5 of Diamonds
I, [2014-04-05T16:39:08.148024 #28578]  INFO -- : R3T received hole_card 6 of Hearts
I, [2014-04-05T16:39:08.148389 #28578]  INFO -- : NoCo made a bet of 20 (raise) and is left with 1050 chips. The pot now contains 20 chips.
I, [2014-04-05T16:39:08.148646 #28578]  INFO -- : R3T made a bet of 40 (raise) and is left with 1890 chips. The pot now contains 60 chips.
I, [2014-04-05T16:39:08.152580 #28578]  INFO -- : Player NoCo responded with 0 (200)
I, [2014-04-05T16:39:08.152797 #28578]  INFO -- : NoCo made a bet of 0 (fold) and is left with 1050 chips. The pot now contains 60 chips.
I, [2014-04-05T16:39:08.155218 #28578]  INFO -- : Player R3T responded with 0 (200)
I, [2014-04-05T16:39:08.155447 #28578]  INFO -- : R3T made a bet of 0 (check) and is left with 1890 chips. The pot now contains 60 chips.
I, [2014-04-05T16:39:08.155821 #28578]  INFO -- : R3T won 60
I, [2014-04-05T16:39:08.157902 #28578]  INFO -- : Player R3T responded with  (200)
I, [2014-04-05T16:39:08.159280 #28578]  INFO -- : Player Mr Bazinga responded with OK (200)
I, [2014-04-05T16:39:08.160868 #28578]  INFO -- : Player NoCo responded with  (200)
I, [2014-04-05T16:39:08.161188 #28578]  INFO -- : R3T received hole_card 9 of Clubs
I, [2014-04-05T16:39:08.161392 #28578]  INFO -- : NoCo received hole_card 5 of Clubs
I, [2014-04-05T16:39:08.161575 #28578]  INFO -- : R3T received hole_card 6 of Hearts
I, [2014-04-05T16:39:08.161768 #28578]  INFO -- : NoCo received hole_card King of Hearts
I, [2014-04-05T16:39:08.162074 #28578]  INFO -- : R3T made a bet of 20 (raise) and is left with 1930 chips. The pot now contains 20 chips.
I, [2014-04-05T16:39:08.162370 #28578]  INFO -- : NoCo made a bet of 40 (raise) and is left with 1010 chips. The pot now contains 60 chips.
I, [2014-04-05T16:39:08.164524 #28578]  INFO -- : Player R3T responded with 0 (200)
I, [2014-04-05T16:39:08.164741 #28578]  INFO -- : R3T made a bet of 0 (fold) and is left with 1930 chips. The pot now contains 60 chips.
I, [2014-04-05T16:39:08.165131 #28578]  INFO -- : NoCo won 60
I, [2014-04-05T16:39:08.167222 #28578]  INFO -- : Player R3T responded with  (200)
I, [2014-04-05T16:39:08.168679 #28578]  INFO -- : Player Mr Bazinga responded with OK (200)
I, [2014-04-05T16:39:08.170376 #28578]  INFO -- : Player NoCo responded with  (200)
I, [2014-04-05T16:39:08.171060 #28578]  INFO -- : NoCo received hole_card King of Spades
I, [2014-04-05T16:39:08.171247 #28578]  INFO -- : R3T received hole_card 7 of Clubs
I, [2014-04-05T16:39:08.171433 #28578]  INFO -- : NoCo received hole_card 6 of Clubs
I, [2014-04-05T16:39:08.171617 #28578]  INFO -- : R3T received hole_card Queen of Diamonds
I, [2014-04-05T16:39:08.171907 #28578]  INFO -- : NoCo made a bet of 40 (raise) and is left with 1030 chips. The pot now contains 40 chips.
I, [2014-04-05T16:39:08.172209 #28578]  INFO -- : R3T made a bet of 80 (raise) and is left with 1850 chips. The pot now contains 120 chips.
I, [2014-04-05T16:39:08.173965 #28578]  INFO -- : Player NoCo responded with 80 (200)
I, [2014-04-05T16:39:08.174163 #28578]  INFO -- : NoCo made a bet of 80 (raise) and is left with 950 chips. The pot now contains 200 chips.
I, [2014-04-05T16:39:08.176877 #28578]  INFO -- : Player R3T responded with 0 (200)
I, [2014-04-05T16:39:08.177180 #28578]  INFO -- : R3T made a bet of 0 (fold) and is left with 1850 chips. The pot now contains 200 chips.
I, [2014-04-05T16:39:08.177689 #28578]  INFO -- : NoCo won 200
I, [2014-04-05T16:39:08.181701 #28578]  INFO -- : Player R3T responded with  (200)
I, [2014-04-05T16:39:08.183280 #28578]  INFO -- : Player Mr Bazinga responded with OK (200)
I, [2014-04-05T16:39:08.185052 #28578]  INFO -- : Player NoCo responded with  (200)
I, [2014-04-05T16:39:08.185335 #28578]  INFO -- : R3T received hole_card 4 of Diamonds
I, [2014-04-05T16:39:08.185492 #28578]  INFO -- : NoCo received hole_card 10 of Spades
I, [2014-04-05T16:39:08.185646 #28578]  INFO -- : R3T received hole_card 2 of Hearts
I, [2014-04-05T16:39:08.185807 #28578]  INFO -- : NoCo received hole_card 6 of Hearts
I, [2014-04-05T16:39:08.186062 #28578]  INFO -- : R3T made a bet of 40 (raise) and is left with 1810 chips. The pot now contains 40 chips.
I, [2014-04-05T16:39:08.186352 #28578]  INFO -- : NoCo made a bet of 80 (raise) and is left with 1070 chips. The pot now contains 120 chips.
I, [2014-04-05T16:39:08.188505 #28578]  INFO -- : Player R3T responded with 0 (200)
I, [2014-04-05T16:39:08.188794 #28578]  INFO -- : R3T made a bet of 0 (fold) and is left with 1810 chips. The pot now contains 120 chips.
I, [2014-04-05T16:39:08.189210 #28578]  INFO -- : NoCo won 120
I, [2014-04-05T16:39:08.191542 #28578]  INFO -- : Player R3T responded with  (200)
I, [2014-04-05T16:39:08.193463 #28578]  INFO -- : Player Mr Bazinga responded with OK (200)
I, [2014-04-05T16:39:08.195584 #28578]  INFO -- : Player NoCo responded with  (200)
I, [2014-04-05T16:39:08.195883 #28578]  INFO -- : NoCo received hole_card 10 of Clubs
I, [2014-04-05T16:39:08.196157 #28578]  INFO -- : R3T received hole_card 3 of Spades
I, [2014-04-05T16:39:08.196402 #28578]  INFO -- : NoCo received hole_card 7 of Clubs
I, [2014-04-05T16:39:08.196670 #28578]  INFO -- : R3T received hole_card 9 of Diamonds
I, [2014-04-05T16:39:08.197322 #28578]  INFO -- : NoCo made a bet of 40 (raise) and is left with 1150 chips. The pot now contains 40 chips.
I, [2014-04-05T16:39:08.198286 #28578]  INFO -- : R3T made a bet of 80 (raise) and is left with 1730 chips. The pot now contains 120 chips.
I, [2014-04-05T16:39:08.201092 #28578]  INFO -- : Player NoCo responded with 80 (200)
I, [2014-04-05T16:39:08.201286 #28578]  INFO -- : NoCo made a bet of 80 (raise) and is left with 1070 chips. The pot now contains 200 chips.
I, [2014-04-05T16:39:08.204062 #28578]  INFO -- : Player R3T responded with 0 (200)
I, [2014-04-05T16:39:08.204385 #28578]  INFO -- : R3T made a bet of 0 (fold) and is left with 1730 chips. The pot now contains 200 chips.
I, [2014-04-05T16:39:08.204936 #28578]  INFO -- : NoCo won 200
I, [2014-04-05T16:39:08.207852 #28578]  INFO -- : Player R3T responded with  (200)
I, [2014-04-05T16:39:08.210236 #28578]  INFO -- : Player Mr Bazinga responded with OK (200)
I, [2014-04-05T16:39:08.212357 #28578]  INFO -- : Player NoCo responded with  (200)
I, [2014-04-05T16:39:08.213031 #28578]  INFO -- : R3T received hole_card 6 of Diamonds
I, [2014-04-05T16:39:08.213338 #28578]  INFO -- : NoCo received hole_card 10 of Diamonds
I, [2014-04-05T16:39:08.213617 #28578]  INFO -- : R3T received hole_card 7 of Spades
I, [2014-04-05T16:39:08.213947 #28578]  INFO -- : NoCo received hole_card 10 of Spades
I, [2014-04-05T16:39:08.214400 #28578]  INFO -- : R3T made a bet of 40 (raise) and is left with 1690 chips. The pot now contains 40 chips.
I, [2014-04-05T16:39:08.215035 #28578]  INFO -- : NoCo made a bet of 80 (raise) and is left with 1190 chips. The pot now contains 120 chips.
I, [2014-04-05T16:39:08.220544 #28578]  INFO -- : Player R3T responded with 80 (200)
I, [2014-04-05T16:39:08.221028 #28578]  INFO -- : R3T made a bet of 80 (raise) and is left with 1610 chips. The pot now contains 200 chips.
I, [2014-04-05T16:39:08.224946 #28578]  INFO -- : Player NoCo responded with 1190 (200)
I, [2014-04-05T16:39:08.225489 #28578]  INFO -- : NoCo made a bet of 1190 (allin) and is left with 0 chips. The pot now contains 1390 chips.
I, [2014-04-05T16:39:08.230869 #28578]  INFO -- : Player R3T responded with 1270 (200)
I, [2014-04-05T16:39:08.231500 #28578]  INFO -- : R3T made a bet of 1150 (call) and is left with 460 chips. The pot now contains 2540 chips.
I, [2014-04-05T16:39:08.232418 #28578]  INFO -- : community card 3 of Diamonds
I, [2014-04-05T16:39:08.233159 #28578]  INFO -- : community card 2 of Diamonds
I, [2014-04-05T16:39:08.233827 #28578]  INFO -- : community card 9 of Hearts
I, [2014-04-05T16:39:08.234842 #28578]  INFO -- : community card 7 of Hearts
I, [2014-04-05T16:39:08.235882 #28578]  INFO -- : community card 10 of Hearts
I, [2014-04-05T16:39:08.238529 #28578]  INFO -- : NoCo showed 7 of Hearts,9 of Hearts,10 of Diamonds,10 of Spades,10 of Hearts making a three of a kind
I, [2014-04-05T16:39:08.239715 #28578]  INFO -- : NoCo won 2540
I, [2014-04-05T16:39:08.244688 #28578]  INFO -- : Player R3T responded with  (200)
I, [2014-04-05T16:39:08.249594 #28578]  INFO -- : Player Mr Bazinga responded with OK (200)
I, [2014-04-05T16:39:08.252735 #28578]  INFO -- : Player NoCo responded with  (200)
I, [2014-04-05T16:39:08.253916 #28578]  INFO -- : NoCo received hole_card 7 of Spades
I, [2014-04-05T16:39:08.254576 #28578]  INFO -- : R3T received hole_card 9 of Diamonds
I, [2014-04-05T16:39:08.255201 #28578]  INFO -- : NoCo received hole_card 9 of Spades
I, [2014-04-05T16:39:08.255834 #28578]  INFO -- : R3T received hole_card 6 of Spades
I, [2014-04-05T16:39:08.256804 #28578]  INFO -- : NoCo made a bet of 40 (raise) and is left with 2500 chips. The pot now contains 40 chips.
I, [2014-04-05T16:39:08.257625 #28578]  INFO -- : R3T made a bet of 80 (raise) and is left with 380 chips. The pot now contains 120 chips.
I, [2014-04-05T16:39:08.262478 #28578]  INFO -- : Player NoCo responded with 80 (200)
I, [2014-04-05T16:39:08.263054 #28578]  INFO -- : NoCo made a bet of 80 (raise) and is left with 2420 chips. The pot now contains 200 chips.
I, [2014-04-05T16:39:08.268714 #28578]  INFO -- : Player R3T responded with 0 (200)
I, [2014-04-05T16:39:08.269378 #28578]  INFO -- : R3T made a bet of 0 (fold) and is left with 380 chips. The pot now contains 200 chips.
I, [2014-04-05T16:39:08.269857 #28578]  INFO -- : NoCo won 200
I, [2014-04-05T16:39:08.275795 #28578]  INFO -- : Player R3T responded with  (200)
I, [2014-04-05T16:39:08.280277 #28578]  INFO -- : Player Mr Bazinga responded with OK (200)
I, [2014-04-05T16:39:08.283476 #28578]  INFO -- : Player NoCo responded with  (200)
I, [2014-04-05T16:39:08.284522 #28578]  INFO -- : R3T received hole_card 2 of Diamonds
I, [2014-04-05T16:39:08.285021 #28578]  INFO -- : NoCo received hole_card 3 of Clubs
I, [2014-04-05T16:39:08.285594 #28578]  INFO -- : R3T received hole_card 10 of Clubs
I, [2014-04-05T16:39:08.286240 #28578]  INFO -- : NoCo received hole_card 8 of Spades
I, [2014-04-05T16:39:08.287356 #28578]  INFO -- : R3T made a bet of 40 (raise) and is left with 340 chips. The pot now contains 40 chips.
I, [2014-04-05T16:39:08.288105 #28578]  INFO -- : NoCo made a bet of 80 (raise) and is left with 2540 chips. The pot now contains 120 chips.
I, [2014-04-05T16:39:08.290624 #28578]  INFO -- : Player R3T responded with 0 (200)
I, [2014-04-05T16:39:08.290872 #28578]  INFO -- : R3T made a bet of 0 (fold) and is left with 340 chips. The pot now contains 120 chips.
I, [2014-04-05T16:39:08.291238 #28578]  INFO -- : NoCo won 120
I, [2014-04-05T16:39:08.293424 #28578]  INFO -- : Player R3T responded with  (200)
I, [2014-04-05T16:39:08.296352 #28578]  INFO -- : Player Mr Bazinga responded with OK (200)
I, [2014-04-05T16:39:08.298617 #28578]  INFO -- : Player NoCo responded with  (200)
I, [2014-04-05T16:39:08.299097 #28578]  INFO -- : NoCo received hole_card 2 of Spades
I, [2014-04-05T16:39:08.299427 #28578]  INFO -- : R3T received hole_card Ace of Clubs
I, [2014-04-05T16:39:08.299718 #28578]  INFO -- : NoCo received hole_card 9 of Diamonds
I, [2014-04-05T16:39:08.299943 #28578]  INFO -- : R3T received hole_card 4 of Spades
I, [2014-04-05T16:39:08.300276 #28578]  INFO -- : NoCo made a bet of 40 (raise) and is left with 2620 chips. The pot now contains 40 chips.
I, [2014-04-05T16:39:08.300754 #28578]  INFO -- : R3T made a bet of 80 (raise) and is left with 260 chips. The pot now contains 120 chips.
I, [2014-04-05T16:39:08.305048 #28578]  INFO -- : Player NoCo responded with 0 (200)
I, [2014-04-05T16:39:08.305479 #28578]  INFO -- : NoCo made a bet of 0 (fold) and is left with 2620 chips. The pot now contains 120 chips.
I, [2014-04-05T16:39:08.308790 #28578]  INFO -- : Player R3T responded with 0 (200)
I, [2014-04-05T16:39:08.308991 #28578]  INFO -- : R3T made a bet of 0 (check) and is left with 260 chips. The pot now contains 120 chips.
I, [2014-04-05T16:39:08.309381 #28578]  INFO -- : R3T won 120
I, [2014-04-05T16:39:08.312207 #28578]  INFO -- : Player R3T responded with  (200)
I, [2014-04-05T16:39:08.313977 #28578]  INFO -- : Player Mr Bazinga responded with OK (200)
I, [2014-04-05T16:39:08.316212 #28578]  INFO -- : Player NoCo responded with  (200)
I, [2014-04-05T16:39:08.316545 #28578]  INFO -- : R3T received hole_card King of Spades
I, [2014-04-05T16:39:08.316745 #28578]  INFO -- : NoCo received hole_card 2 of Diamonds
I, [2014-04-05T16:39:08.316960 #28578]  INFO -- : R3T received hole_card 9 of Spades
I, [2014-04-05T16:39:08.317176 #28578]  INFO -- : NoCo received hole_card 6 of Spades
I, [2014-04-05T16:39:08.317495 #28578]  INFO -- : R3T made a bet of 40 (raise) and is left with 340 chips. The pot now contains 40 chips.
I, [2014-04-05T16:39:08.317756 #28578]  INFO -- : NoCo made a bet of 80 (raise) and is left with 2540 chips. The pot now contains 120 chips.
I, [2014-04-05T16:39:08.321714 #28578]  INFO -- : Player R3T responded with 160 (200)
I, [2014-04-05T16:39:08.321998 #28578]  INFO -- : R3T made a bet of 160 (raise) and is left with 180 chips. The pot now contains 280 chips.
I, [2014-04-05T16:39:08.324786 #28578]  INFO -- : Player NoCo responded with 0 (200)
I, [2014-04-05T16:39:08.325048 #28578]  INFO -- : NoCo made a bet of 0 (fold) and is left with 2540 chips. The pot now contains 280 chips.
I, [2014-04-05T16:39:08.325684 #28578]  INFO -- : R3T won 280
I, [2014-04-05T16:39:08.329788 #28578]  INFO -- : Player R3T responded with  (200)
I, [2014-04-05T16:39:08.335819 #28578]  INFO -- : Player Mr Bazinga responded with OK (200)
I, [2014-04-05T16:39:08.338643 #28578]  INFO -- : Player NoCo responded with  (200)
I, [2014-04-05T16:39:08.339308 #28578]  INFO -- : NoCo received hole_card Ace of Clubs
I, [2014-04-05T16:39:08.339652 #28578]  INFO -- : R3T received hole_card King of Hearts
I, [2014-04-05T16:39:08.339950 #28578]  INFO -- : NoCo received hole_card 10 of Hearts
I, [2014-04-05T16:39:08.340230 #28578]  INFO -- : R3T received hole_card 6 of Clubs
I, [2014-04-05T16:39:08.340826 #28578]  INFO -- : NoCo made a bet of 40 (raise) and is left with 2500 chips. The pot now contains 40 chips.
I, [2014-04-05T16:39:08.341205 #28578]  INFO -- : R3T made a bet of 80 (raise) and is left with 380 chips. The pot now contains 120 chips.
I, [2014-04-05T16:39:08.343971 #28578]  INFO -- : Player NoCo responded with 180 (200)
I, [2014-04-05T16:39:08.344340 #28578]  INFO -- : NoCo made a bet of 180 (raise) and is left with 2320 chips. The pot now contains 300 chips.
I, [2014-04-05T16:39:08.347175 #28578]  INFO -- : Player R3T responded with 0 (200)
I, [2014-04-05T16:39:08.347444 #28578]  INFO -- : R3T made a bet of 0 (fold) and is left with 380 chips. The pot now contains 300 chips.
I, [2014-04-05T16:39:08.347845 #28578]  INFO -- : NoCo won 300
I, [2014-04-05T16:39:08.350331 #28578]  INFO -- : Player R3T responded with  (200)
I, [2014-04-05T16:39:08.352284 #28578]  INFO -- : Player Mr Bazinga responded with OK (200)
I, [2014-04-05T16:39:08.355128 #28578]  INFO -- : Player NoCo responded with  (200)
I, [2014-04-05T16:39:08.355445 #28578]  INFO -- : R3T received hole_card 7 of Hearts
I, [2014-04-05T16:39:08.355590 #28578]  INFO -- : NoCo received hole_card 7 of Clubs
I, [2014-04-05T16:39:08.355747 #28578]  INFO -- : R3T received hole_card 8 of Spades
I, [2014-04-05T16:39:08.355883 #28578]  INFO -- : NoCo received hole_card 9 of Diamonds
I, [2014-04-05T16:39:08.356217 #28578]  INFO -- : R3T made a bet of 80 (raise) and is left with 300 chips. The pot now contains 80 chips.
I, [2014-04-05T16:39:08.356491 #28578]  INFO -- : NoCo made a bet of 160 (raise) and is left with 2460 chips. The pot now contains 240 chips.
I, [2014-04-05T16:39:08.359533 #28578]  INFO -- : Player R3T responded with 160 (200)
I, [2014-04-05T16:39:08.359785 #28578]  INFO -- : R3T made a bet of 160 (raise) and is left with 140 chips. The pot now contains 400 chips.
I, [2014-04-05T16:39:08.363764 #28578]  INFO -- : Player NoCo responded with 0 (200)
I, [2014-04-05T16:39:08.364183 #28578]  INFO -- : NoCo made a bet of 0 (fold) and is left with 2460 chips. The pot now contains 400 chips.
I, [2014-04-05T16:39:08.365097 #28578]  INFO -- : R3T won 400
I, [2014-04-05T16:39:08.368542 #28578]  INFO -- : Player R3T responded with  (200)
I, [2014-04-05T16:39:08.373445 #28578]  INFO -- : Player Mr Bazinga responded with OK (200)
I, [2014-04-05T16:39:08.377029 #28578]  INFO -- : Player NoCo responded with  (200)
I, [2014-04-05T16:39:08.377325 #28578]  INFO -- : NoCo received hole_card Jack of Diamonds
I, [2014-04-05T16:39:08.377473 #28578]  INFO -- : R3T received hole_card 5 of Hearts
I, [2014-04-05T16:39:08.377611 #28578]  INFO -- : NoCo received hole_card 3 of Clubs
I, [2014-04-05T16:39:08.377765 #28578]  INFO -- : R3T received hole_card King of Hearts
I, [2014-04-05T16:39:08.378010 #28578]  INFO -- : NoCo made a bet of 80 (raise) and is left with 2380 chips. The pot now contains 80 chips.
I, [2014-04-05T16:39:08.378219 #28578]  INFO -- : R3T made a bet of 160 (raise) and is left with 380 chips. The pot now contains 240 chips.
I, [2014-04-05T16:39:08.381027 #28578]  INFO -- : Player NoCo responded with 0 (200)
I, [2014-04-05T16:39:08.381668 #28578]  INFO -- : NoCo made a bet of 0 (fold) and is left with 2380 chips. The pot now contains 240 chips.
I, [2014-04-05T16:39:08.387164 #28578]  INFO -- : Player R3T responded with 320 (200)
I, [2014-04-05T16:39:08.388315 #28578]  INFO -- : R3T made a bet of 320 (raise) and is left with 60 chips. The pot now contains 560 chips.
I, [2014-04-05T16:39:08.389261 #28578]  INFO -- : R3T won 560
I, [2014-04-05T16:39:08.396135 #28578]  INFO -- : Player R3T responded with  (200)
I, [2014-04-05T16:39:08.398396 #28578]  INFO -- : Player Mr Bazinga responded with OK (200)
I, [2014-04-05T16:39:08.400754 #28578]  INFO -- : Player NoCo responded with  (200)
I, [2014-04-05T16:39:08.401152 #28578]  INFO -- : R3T received hole_card Queen of Diamonds
I, [2014-04-05T16:39:08.401376 #28578]  INFO -- : NoCo received hole_card King of Spades
I, [2014-04-05T16:39:08.401539 #28578]  INFO -- : R3T received hole_card Jack of Spades
I, [2014-04-05T16:39:08.401703 #28578]  INFO -- : NoCo received hole_card 3 of Hearts
I, [2014-04-05T16:39:08.401965 #28578]  INFO -- : R3T made a bet of 80 (raise) and is left with 540 chips. The pot now contains 80 chips.
I, [2014-04-05T16:39:08.402191 #28578]  INFO -- : NoCo made a bet of 160 (raise) and is left with 2220 chips. The pot now contains 240 chips.
I, [2014-04-05T16:39:08.404202 #28578]  INFO -- : Player R3T responded with 160 (200)
I, [2014-04-05T16:39:08.404434 #28578]  INFO -- : R3T made a bet of 160 (raise) and is left with 380 chips. The pot now contains 400 chips.
I, [2014-04-05T16:39:08.406113 #28578]  INFO -- : Player NoCo responded with 0 (200)
I, [2014-04-05T16:39:08.406301 #28578]  INFO -- : NoCo made a bet of 0 (fold) and is left with 2220 chips. The pot now contains 400 chips.
I, [2014-04-05T16:39:08.406663 #28578]  INFO -- : R3T won 400
I, [2014-04-05T16:39:08.408530 #28578]  INFO -- : Player R3T responded with  (200)
I, [2014-04-05T16:39:08.412225 #28578]  INFO -- : Player Mr Bazinga responded with OK (200)
I, [2014-04-05T16:39:08.414341 #28578]  INFO -- : Player NoCo responded with  (200)
I, [2014-04-05T16:39:08.415245 #28578]  INFO -- : NoCo received hole_card King of Hearts
I, [2014-04-05T16:39:08.415805 #28578]  INFO -- : R3T received hole_card 5 of Hearts
I, [2014-04-05T16:39:08.416302 #28578]  INFO -- : NoCo received hole_card 7 of Clubs
I, [2014-04-05T16:39:08.416485 #28578]  INFO -- : R3T received hole_card 2 of Clubs
I, [2014-04-05T16:39:08.417181 #28578]  INFO -- : NoCo made a bet of 80 (raise) and is left with 2140 chips. The pot now contains 80 chips.
I, [2014-04-05T16:39:08.417991 #28578]  INFO -- : R3T made a bet of 160 (raise) and is left with 620 chips. The pot now contains 240 chips.
I, [2014-04-05T16:39:08.420637 #28578]  INFO -- : Player NoCo responded with 80 (200)
I, [2014-04-05T16:39:08.420955 #28578]  INFO -- : NoCo made a bet of 80 (call) and is left with 2060 chips. The pot now contains 320 chips.
I, [2014-04-05T16:39:08.423248 #28578]  INFO -- : Player R3T responded with 0 (200)
I, [2014-04-05T16:39:08.423513 #28578]  INFO -- : R3T made a bet of 0 (check) and is left with 620 chips. The pot now contains 320 chips.
I, [2014-04-05T16:39:08.423783 #28578]  INFO -- : community card 9 of Spades
I, [2014-04-05T16:39:08.424029 #28578]  INFO -- : community card 6 of Clubs
I, [2014-04-05T16:39:08.424495 #28578]  INFO -- : community card 8 of Hearts
E, [2014-04-05T16:39:08.926610 #28578] ERROR -- : Net::ReadTimeout
E, [2014-04-05T16:39:08.926924 #28578] ERROR -- : Player NoCo is unreachable
I, [2014-04-05T16:39:08.927415 #28578]  INFO -- : NoCo made a bet of 0 (check) and is left with 2060 chips. The pot now contains 320 chips.
I, [2014-04-05T16:39:08.999088 #28578]  INFO -- : Player R3T responded with 0 (200)
I, [2014-04-05T16:39:08.999790 #28578]  INFO -- : R3T made a bet of 0 (check) and is left with 620 chips. The pot now contains 320 chips.
I, [2014-04-05T16:39:09.001036 #28578]  INFO -- : community card 7 of Hearts
E, [2014-04-05T16:39:09.503875 #28578] ERROR -- : Net::ReadTimeout
E, [2014-04-05T16:39:09.504012 #28578] ERROR -- : Player NoCo is unreachable
I, [2014-04-05T16:39:09.504356 #28578]  INFO -- : NoCo made a bet of 0 (check) and is left with 2060 chips. The pot now contains 320 chips.
I, [2014-04-05T16:39:09.517363 #28578]  INFO -- : Player R3T responded with 800 (200)
I, [2014-04-05T16:39:09.518061 #28578]  INFO -- : R3T made a bet of 620 (allin) and is left with 0 chips. The pot now contains 940 chips.
E, [2014-04-05T16:39:10.020809 #28578] ERROR -- : Net::ReadTimeout
E, [2014-04-05T16:39:10.020943 #28578] ERROR -- : Player NoCo is unreachable
I, [2014-04-05T16:39:10.021113 #28578]  INFO -- : NoCo made a bet of 0 (fold) and is left with 2060 chips. The pot now contains 940 chips.
I, [2014-04-05T16:39:10.021514 #28578]  INFO -- : R3T won 940
I, [2014-04-05T16:39:10.023882 #28578]  INFO -- : Player R3T responded with  (200)
I, [2014-04-05T16:39:10.026086 #28578]  INFO -- : Player Mr Bazinga responded with OK (200)
E, [2014-04-05T16:39:10.527788 #28578] ERROR -- : Net::ReadTimeout
E, [2014-04-05T16:39:10.527939 #28578] ERROR -- : Player NoCo is unreachable
I, [2014-04-05T16:39:10.528281 #28578]  INFO -- : R3T received hole_card Jack of Diamonds
I, [2014-04-05T16:39:10.528464 #28578]  INFO -- : NoCo received hole_card 6 of Clubs
I, [2014-04-05T16:39:10.528667 #28578]  INFO -- : R3T received hole_card Queen of Hearts
I, [2014-04-05T16:39:10.528859 #28578]  INFO -- : NoCo received hole_card 9 of Spades
I, [2014-04-05T16:39:10.529168 #28578]  INFO -- : R3T made a bet of 80 (raise) and is left with 860 chips. The pot now contains 80 chips.
I, [2014-04-05T16:39:10.529440 #28578]  INFO -- : NoCo made a bet of 160 (raise) and is left with 1900 chips. The pot now contains 240 chips.
I, [2014-04-05T16:39:10.531993 #28578]  INFO -- : Player R3T responded with 160 (200)
I, [2014-04-05T16:39:10.532357 #28578]  INFO -- : R3T made a bet of 160 (raise) and is left with 700 chips. The pot now contains 400 chips.
E, [2014-04-05T16:39:11.034819 #28578] ERROR -- : Net::ReadTimeout
E, [2014-04-05T16:39:11.035142 #28578] ERROR -- : Player NoCo is unreachable
I, [2014-04-05T16:39:11.035658 #28578]  INFO -- : NoCo made a bet of 0 (fold) and is left with 1900 chips. The pot now contains 400 chips.
I, [2014-04-05T16:39:11.036786 #28578]  INFO -- : R3T won 400
I, [2014-04-05T16:39:11.043215 #28578]  INFO -- : Player R3T responded with  (200)
I, [2014-04-05T16:39:11.047571 #28578]  INFO -- : Player Mr Bazinga responded with OK (200)
E, [2014-04-05T16:39:11.550678 #28578] ERROR -- : Net::ReadTimeout
E, [2014-04-05T16:39:11.551001 #28578] ERROR -- : Player NoCo is unreachable
I, [2014-04-05T16:39:11.551788 #28578]  INFO -- : NoCo received hole_card Jack of Diamonds
I, [2014-04-05T16:39:11.552392 #28578]  INFO -- : R3T received hole_card Queen of Clubs
I, [2014-04-05T16:39:11.552910 #28578]  INFO -- : NoCo received hole_card 9 of Spades
I, [2014-04-05T16:39:11.553461 #28578]  INFO -- : R3T received hole_card Ace of Spades
I, [2014-04-05T16:39:11.554318 #28578]  INFO -- : NoCo made a bet of 80 (raise) and is left with 1820 chips. The pot now contains 80 chips.
I, [2014-04-05T16:39:11.555048 #28578]  INFO -- : R3T made a bet of 160 (raise) and is left with 940 chips. The pot now contains 240 chips.
I, [2014-04-05T16:39:11.770746 #28578]  INFO -- : Player NoCo responded with 80 (200)
I, [2014-04-05T16:39:11.771157 #28578]  INFO -- : NoCo made a bet of 80 (call) and is left with 1740 chips. The pot now contains 320 chips.
I, [2014-04-05T16:39:11.775617 #28578]  INFO -- : Player R3T responded with 240 (200)
I, [2014-04-05T16:39:11.775880 #28578]  INFO -- : R3T made a bet of 240 (raise) and is left with 700 chips. The pot now contains 560 chips.
I, [2014-04-05T16:39:11.778293 #28578]  INFO -- : Player NoCo responded with 80 (200)
I, [2014-04-05T16:39:11.778540 #28578]  INFO -- : NoCo made a bet of 0 (fold) and is left with 1740 chips. The pot now contains 560 chips.
I, [2014-04-05T16:39:11.778960 #28578]  INFO -- : R3T won 560
I, [2014-04-05T16:39:11.780958 #28578]  INFO -- : Player R3T responded with  (200)
I, [2014-04-05T16:39:11.782628 #28578]  INFO -- : Player Mr Bazinga responded with OK (200)
I, [2014-04-05T16:39:11.784690 #28578]  INFO -- : Player NoCo responded with  (200)
I, [2014-04-05T16:39:11.785131 #28578]  INFO -- : R3T received hole_card 9 of Clubs
I, [2014-04-05T16:39:11.785414 #28578]  INFO -- : NoCo received hole_card Queen of Diamonds
I, [2014-04-05T16:39:11.785687 #28578]  INFO -- : R3T received hole_card Ace of Clubs
I, [2014-04-05T16:39:11.785994 #28578]  INFO -- : NoCo received hole_card 6 of Spades
I, [2014-04-05T16:39:11.786536 #28578]  INFO -- : R3T made a bet of 80 (raise) and is left with 1180 chips. The pot now contains 80 chips.
I, [2014-04-05T16:39:11.787089 #28578]  INFO -- : NoCo made a bet of 160 (raise) and is left with 1580 chips. The pot now contains 240 chips.
I, [2014-04-05T16:39:11.792351 #28578]  INFO -- : Player R3T responded with 320 (200)
I, [2014-04-05T16:39:11.792653 #28578]  INFO -- : R3T made a bet of 320 (raise) and is left with 860 chips. The pot now contains 560 chips.
I, [2014-04-05T16:39:11.794840 #28578]  INFO -- : Player NoCo responded with 80 (200)
I, [2014-04-05T16:39:11.795066 #28578]  INFO -- : NoCo made a bet of 0 (fold) and is left with 1580 chips. The pot now contains 560 chips.
I, [2014-04-05T16:39:11.795451 #28578]  INFO -- : R3T won 560
I, [2014-04-05T16:39:11.797580 #28578]  INFO -- : Player R3T responded with  (200)
I, [2014-04-05T16:39:11.799301 #28578]  INFO -- : Player Mr Bazinga responded with OK (200)
I, [2014-04-05T16:39:11.801037 #28578]  INFO -- : Player NoCo responded with  (200)
I, [2014-04-05T16:39:11.801429 #28578]  INFO -- : NoCo received hole_card 8 of Clubs
I, [2014-04-05T16:39:11.801614 #28578]  INFO -- : R3T received hole_card Queen of Diamonds
I, [2014-04-05T16:39:11.801833 #28578]  INFO -- : NoCo received hole_card Jack of Hearts
I, [2014-04-05T16:39:11.802179 #28578]  INFO -- : R3T received hole_card 4 of Hearts
I, [2014-04-05T16:39:11.802502 #28578]  INFO -- : NoCo made a bet of 80 (raise) and is left with 1500 chips. The pot now contains 80 chips.
I, [2014-04-05T16:39:11.802760 #28578]  INFO -- : R3T made a bet of 160 (raise) and is left with 1260 chips. The pot now contains 240 chips.
I, [2014-04-05T16:39:11.804474 #28578]  INFO -- : Player NoCo responded with 80 (200)
I, [2014-04-05T16:39:11.804694 #28578]  INFO -- : NoCo made a bet of 80 (call) and is left with 1420 chips. The pot now contains 320 chips.
I, [2014-04-05T16:39:11.806865 #28578]  INFO -- : Player R3T responded with 0 (200)
I, [2014-04-05T16:39:11.807131 #28578]  INFO -- : R3T made a bet of 0 (check) and is left with 1260 chips. The pot now contains 320 chips.
I, [2014-04-05T16:39:11.807370 #28578]  INFO -- : community card 9 of Clubs
I, [2014-04-05T16:39:11.807572 #28578]  INFO -- : community card 7 of Spades
I, [2014-04-05T16:39:11.807763 #28578]  INFO -- : community card 2 of Spades
E, [2014-04-05T16:39:12.309704 #28578] ERROR -- : Net::ReadTimeout
E, [2014-04-05T16:39:12.310105 #28578] ERROR -- : Player NoCo is unreachable
I, [2014-04-05T16:39:12.310750 #28578]  INFO -- : NoCo made a bet of 0 (check) and is left with 1420 chips. The pot now contains 320 chips.
I, [2014-04-05T16:39:12.369309 #28578]  INFO -- : Player R3T responded with 0 (200)
I, [2014-04-05T16:39:12.370074 #28578]  INFO -- : R3T made a bet of 0 (check) and is left with 1260 chips. The pot now contains 320 chips.
I, [2014-04-05T16:39:12.370510 #28578]  INFO -- : community card 2 of Hearts
E, [2014-04-05T16:39:12.873492 #28578] ERROR -- : Net::ReadTimeout
E, [2014-04-05T16:39:12.873807 #28578] ERROR -- : Player NoCo is unreachable
I, [2014-04-05T16:39:12.874372 #28578]  INFO -- : NoCo made a bet of 0 (check) and is left with 1420 chips. The pot now contains 320 chips.
I, [2014-04-05T16:39:12.888965 #28578]  INFO -- : Player R3T responded with 320 (200)
I, [2014-04-05T16:39:12.889901 #28578]  INFO -- : R3T made a bet of 320 (raise) and is left with 940 chips. The pot now contains 640 chips.
E, [2014-04-05T16:39:13.393093 #28578] ERROR -- : Net::ReadTimeout
E, [2014-04-05T16:39:13.393406 #28578] ERROR -- : Player NoCo is unreachable
I, [2014-04-05T16:39:13.393941 #28578]  INFO -- : NoCo made a bet of 0 (fold) and is left with 1420 chips. The pot now contains 640 chips.
I, [2014-04-05T16:39:13.395182 #28578]  INFO -- : R3T won 640
I, [2014-04-05T16:39:13.399274 #28578]  INFO -- : Player R3T responded with  (200)
I, [2014-04-05T16:39:13.403747 #28578]  INFO -- : Player Mr Bazinga responded with OK (200)
E, [2014-04-05T16:39:13.907474 #28578] ERROR -- : Net::ReadTimeout
E, [2014-04-05T16:39:13.907879 #28578] ERROR -- : Player NoCo is unreachable
I, [2014-04-05T16:39:13.908979 #28578]  INFO -- : R3T received hole_card 7 of Hearts
I, [2014-04-05T16:39:13.909574 #28578]  INFO -- : NoCo received hole_card 4 of Diamonds
I, [2014-04-05T16:39:13.910152 #28578]  INFO -- : R3T received hole_card 6 of Clubs
I, [2014-04-05T16:39:13.910654 #28578]  INFO -- : NoCo received hole_card 2 of Spades
I, [2014-04-05T16:39:13.911587 #28578]  INFO -- : R3T made a bet of 80 (raise) and is left with 1500 chips. The pot now contains 80 chips.
I, [2014-04-05T16:39:13.912395 #28578]  INFO -- : NoCo made a bet of 160 (raise) and is left with 1260 chips. The pot now contains 240 chips.
I, [2014-04-05T16:39:13.919132 #28578]  INFO -- : Player R3T responded with 160 (200)
I, [2014-04-05T16:39:13.919989 #28578]  INFO -- : R3T made a bet of 160 (raise) and is left with 1340 chips. The pot now contains 400 chips.
E, [2014-04-05T16:39:14.423244 #28578] ERROR -- : Net::ReadTimeout
E, [2014-04-05T16:39:14.423613 #28578] ERROR -- : Player NoCo is unreachable
I, [2014-04-05T16:39:14.424165 #28578]  INFO -- : NoCo made a bet of 0 (fold) and is left with 1260 chips. The pot now contains 400 chips.
I, [2014-04-05T16:39:14.425395 #28578]  INFO -- : R3T won 400
I, [2014-04-05T16:39:14.431608 #28578]  INFO -- : Player R3T responded with  (200)
I, [2014-04-05T16:39:14.436467 #28578]  INFO -- : Player Mr Bazinga responded with OK (200)
I, [2014-04-05T16:39:14.919932 #28578]  INFO -- : Player NoCo responded with  (200)
I, [2014-04-05T16:39:14.920281 #28578]  INFO -- : NoCo received hole_card 5 of Diamonds
I, [2014-04-05T16:39:14.920449 #28578]  INFO -- : R3T received hole_card King of Diamonds
I, [2014-04-05T16:39:14.920629 #28578]  INFO -- : NoCo received hole_card 7 of Hearts
I, [2014-04-05T16:39:14.920785 #28578]  INFO -- : R3T received hole_card Ace of Hearts
I, [2014-04-05T16:39:14.921056 #28578]  INFO -- : NoCo made a bet of 160 (raise) and is left with 1100 chips. The pot now contains 160 chips.
I, [2014-04-05T16:39:14.921279 #28578]  INFO -- : R3T made a bet of 320 (raise) and is left with 1420 chips. The pot now contains 480 chips.
I, [2014-04-05T16:39:14.922951 #28578]  INFO -- : Player NoCo responded with 0 (200)
I, [2014-04-05T16:39:14.923143 #28578]  INFO -- : NoCo made a bet of 0 (fold) and is left with 1100 chips. The pot now contains 480 chips.
I, [2014-04-05T16:39:14.925870 #28578]  INFO -- : Player R3T responded with 320 (200)
I, [2014-04-05T16:39:14.926236 #28578]  INFO -- : R3T made a bet of 320 (raise) and is left with 1100 chips. The pot now contains 800 chips.
I, [2014-04-05T16:39:14.926773 #28578]  INFO -- : R3T won 800
I, [2014-04-05T16:39:14.929974 #28578]  INFO -- : Player R3T responded with  (200)
I, [2014-04-05T16:39:14.932810 #28578]  INFO -- : Player Mr Bazinga responded with OK (200)
I, [2014-04-05T16:39:14.935592 #28578]  INFO -- : Player NoCo responded with  (200)
I, [2014-04-05T16:39:14.935887 #28578]  INFO -- : R3T received hole_card Jack of Hearts
I, [2014-04-05T16:39:14.936083 #28578]  INFO -- : NoCo received hole_card 8 of Hearts
I, [2014-04-05T16:39:14.936260 #28578]  INFO -- : R3T received hole_card 5 of Clubs
I, [2014-04-05T16:39:14.936402 #28578]  INFO -- : NoCo received hole_card Jack of Spades
I, [2014-04-05T16:39:14.936679 #28578]  INFO -- : R3T made a bet of 160 (raise) and is left with 1740 chips. The pot now contains 160 chips.
I, [2014-04-05T16:39:14.936937 #28578]  INFO -- : NoCo made a bet of 320 (raise) and is left with 780 chips. The pot now contains 480 chips.
I, [2014-04-05T16:39:14.942129 #28578]  INFO -- : Player R3T responded with 0 (200)
I, [2014-04-05T16:39:14.942863 #28578]  INFO -- : R3T made a bet of 0 (fold) and is left with 1740 chips. The pot now contains 480 chips.
I, [2014-04-05T16:39:14.943683 #28578]  INFO -- : NoCo won 480
I, [2014-04-05T16:39:14.947107 #28578]  INFO -- : Player R3T responded with  (200)
I, [2014-04-05T16:39:14.953936 #28578]  INFO -- : Player Mr Bazinga responded with OK (200)
I, [2014-04-05T16:39:14.956522 #28578]  INFO -- : Player NoCo responded with  (200)
I, [2014-04-05T16:39:14.957042 #28578]  INFO -- : NoCo received hole_card Jack of Clubs
I, [2014-04-05T16:39:14.957330 #28578]  INFO -- : R3T received hole_card 5 of Spades
I, [2014-04-05T16:39:14.957641 #28578]  INFO -- : NoCo received hole_card 4 of Spades
I, [2014-04-05T16:39:14.957939 #28578]  INFO -- : R3T received hole_card 9 of Diamonds
I, [2014-04-05T16:39:14.958526 #28578]  INFO -- : NoCo made a bet of 160 (raise) and is left with 1100 chips. The pot now contains 160 chips.
I, [2014-04-05T16:39:14.958954 #28578]  INFO -- : R3T made a bet of 320 (raise) and is left with 1420 chips. The pot now contains 480 chips.
I, [2014-04-05T16:39:14.962068 #28578]  INFO -- : Player NoCo responded with 0 (200)
I, [2014-04-05T16:39:14.962356 #28578]  INFO -- : NoCo made a bet of 0 (fold) and is left with 1100 chips. The pot now contains 480 chips.
I, [2014-04-05T16:39:14.965414 #28578]  INFO -- : Player R3T responded with 0 (200)
I, [2014-04-05T16:39:14.965715 #28578]  INFO -- : R3T made a bet of 0 (check) and is left with 1420 chips. The pot now contains 480 chips.
I, [2014-04-05T16:39:14.966147 #28578]  INFO -- : R3T won 480
I, [2014-04-05T16:39:14.970695 #28578]  INFO -- : Player R3T responded with  (200)
I, [2014-04-05T16:39:14.972986 #28578]  INFO -- : Player Mr Bazinga responded with OK (200)
I, [2014-04-05T16:39:14.974777 #28578]  INFO -- : Player NoCo responded with  (200)
I, [2014-04-05T16:39:14.975074 #28578]  INFO -- : R3T received hole_card 2 of Spades
I, [2014-04-05T16:39:14.975298 #28578]  INFO -- : NoCo received hole_card 3 of Diamonds
I, [2014-04-05T16:39:14.975505 #28578]  INFO -- : R3T received hole_card King of Diamonds
I, [2014-04-05T16:39:14.975707 #28578]  INFO -- : NoCo received hole_card Ace of Spades
I, [2014-04-05T16:39:14.976006 #28578]  INFO -- : R3T made a bet of 160 (raise) and is left with 1740 chips. The pot now contains 160 chips.
I, [2014-04-05T16:39:14.976321 #28578]  INFO -- : NoCo made a bet of 320 (raise) and is left with 780 chips. The pot now contains 480 chips.
I, [2014-04-05T16:39:14.978696 #28578]  INFO -- : Player R3T responded with 0 (200)
I, [2014-04-05T16:39:14.979158 #28578]  INFO -- : R3T made a bet of 0 (fold) and is left with 1740 chips. The pot now contains 480 chips.
I, [2014-04-05T16:39:14.979596 #28578]  INFO -- : NoCo won 480
I, [2014-04-05T16:39:14.982343 #28578]  INFO -- : Player R3T responded with  (200)
I, [2014-04-05T16:39:14.984993 #28578]  INFO -- : Player Mr Bazinga responded with OK (200)
I, [2014-04-05T16:39:14.986739 #28578]  INFO -- : Player NoCo responded with  (200)
I, [2014-04-05T16:39:14.987096 #28578]  INFO -- : NoCo received hole_card 2 of Hearts
I, [2014-04-05T16:39:14.987276 #28578]  INFO -- : R3T received hole_card 9 of Clubs
I, [2014-04-05T16:39:14.987467 #28578]  INFO -- : NoCo received hole_card 9 of Diamonds
I, [2014-04-05T16:39:14.987660 #28578]  INFO -- : R3T received hole_card 8 of Clubs
I, [2014-04-05T16:39:14.987957 #28578]  INFO -- : NoCo made a bet of 160 (raise) and is left with 1100 chips. The pot now contains 160 chips.
I, [2014-04-05T16:39:14.988246 #28578]  INFO -- : R3T made a bet of 320 (raise) and is left with 1420 chips. The pot now contains 480 chips.
I, [2014-04-05T16:39:14.990091 #28578]  INFO -- : Player NoCo responded with 0 (200)
I, [2014-04-05T16:39:14.990294 #28578]  INFO -- : NoCo made a bet of 0 (fold) and is left with 1100 chips. The pot now contains 480 chips.
I, [2014-04-05T16:39:14.993119 #28578]  INFO -- : Player R3T responded with 320 (200)
I, [2014-04-05T16:39:14.993416 #28578]  INFO -- : R3T made a bet of 320 (raise) and is left with 1100 chips. The pot now contains 800 chips.
I, [2014-04-05T16:39:14.993913 #28578]  INFO -- : R3T won 800
I, [2014-04-05T16:39:14.996836 #28578]  INFO -- : Player R3T responded with  (200)
I, [2014-04-05T16:39:14.998592 #28578]  INFO -- : Player Mr Bazinga responded with OK (200)
I, [2014-04-05T16:39:15.002415 #28578]  INFO -- : Player NoCo responded with  (200)
I, [2014-04-05T16:39:15.002755 #28578]  INFO -- : R3T received hole_card 5 of Clubs
I, [2014-04-05T16:39:15.003032 #28578]  INFO -- : NoCo received hole_card 9 of Hearts
I, [2014-04-05T16:39:15.003225 #28578]  INFO -- : R3T received hole_card 10 of Diamonds
I, [2014-04-05T16:39:15.003422 #28578]  INFO -- : NoCo received hole_card Jack of Spades
I, [2014-04-05T16:39:15.003709 #28578]  INFO -- : R3T made a bet of 160 (raise) and is left with 1740 chips. The pot now contains 160 chips.
I, [2014-04-05T16:39:15.003999 #28578]  INFO -- : NoCo made a bet of 320 (raise) and is left with 780 chips. The pot now contains 480 chips.
I, [2014-04-05T16:39:15.006653 #28578]  INFO -- : Player R3T responded with 0 (200)
I, [2014-04-05T16:39:15.007029 #28578]  INFO -- : R3T made a bet of 0 (fold) and is left with 1740 chips. The pot now contains 480 chips.
I, [2014-04-05T16:39:15.007686 #28578]  INFO -- : NoCo won 480
I, [2014-04-05T16:39:15.011700 #28578]  INFO -- : Player R3T responded with  (200)
I, [2014-04-05T16:39:15.014363 #28578]  INFO -- : Player Mr Bazinga responded with OK (200)
I, [2014-04-05T16:39:15.018372 #28578]  INFO -- : Player NoCo responded with  (200)
I, [2014-04-05T16:39:15.019012 #28578]  INFO -- : NoCo received hole_card 2 of Hearts
I, [2014-04-05T16:39:15.019444 #28578]  INFO -- : R3T received hole_card 5 of Diamonds
I, [2014-04-05T16:39:15.019872 #28578]  INFO -- : NoCo received hole_card King of Hearts
I, [2014-04-05T16:39:15.020285 #28578]  INFO -- : R3T received hole_card 4 of Clubs
I, [2014-04-05T16:39:15.020937 #28578]  INFO -- : NoCo made a bet of 160 (raise) and is left with 1100 chips. The pot now contains 160 chips.
I, [2014-04-05T16:39:15.021506 #28578]  INFO -- : R3T made a bet of 320 (raise) and is left with 1420 chips. The pot now contains 480 chips.
I, [2014-04-05T16:39:15.026361 #28578]  INFO -- : Player NoCo responded with 80 (200)
I, [2014-04-05T16:39:15.026588 #28578]  INFO -- : NoCo made a bet of 0 (fold) and is left with 1100 chips. The pot now contains 480 chips.
I, [2014-04-05T16:39:15.028917 #28578]  INFO -- : Player R3T responded with 320 (200)
I, [2014-04-05T16:39:15.029222 #28578]  INFO -- : R3T made a bet of 320 (raise) and is left with 1100 chips. The pot now contains 800 chips.
I, [2014-04-05T16:39:15.029582 #28578]  INFO -- : R3T won 800
I, [2014-04-05T16:39:15.032280 #28578]  INFO -- : Player R3T responded with  (200)
I, [2014-04-05T16:39:15.036326 #28578]  INFO -- : Player Mr Bazinga responded with OK (200)
I, [2014-04-05T16:39:15.038174 #28578]  INFO -- : Player NoCo responded with  (200)
I, [2014-04-05T16:39:15.038466 #28578]  INFO -- : R3T received hole_card 9 of Hearts
I, [2014-04-05T16:39:15.038657 #28578]  INFO -- : NoCo received hole_card 5 of Clubs
I, [2014-04-05T16:39:15.038916 #28578]  INFO -- : R3T received hole_card Ace of Diamonds
I, [2014-04-05T16:39:15.039225 #28578]  INFO -- : NoCo received hole_card 8 of Hearts
I, [2014-04-05T16:39:15.039671 #28578]  INFO -- : R3T made a bet of 160 (raise) and is left with 1740 chips. The pot now contains 160 chips.
I, [2014-04-05T16:39:15.040229 #28578]  INFO -- : NoCo made a bet of 320 (raise) and is left with 780 chips. The pot now contains 480 chips.
I, [2014-04-05T16:39:15.046107 #28578]  INFO -- : Player R3T responded with 0 (200)
I, [2014-04-05T16:39:15.047101 #28578]  INFO -- : R3T made a bet of 0 (fold) and is left with 1740 chips. The pot now contains 480 chips.
I, [2014-04-05T16:39:15.047972 #28578]  INFO -- : NoCo won 480
I, [2014-04-05T16:39:15.053214 #28578]  INFO -- : Player R3T responded with  (200)
I, [2014-04-05T16:39:15.055869 #28578]  INFO -- : Player Mr Bazinga responded with OK (200)
I, [2014-04-05T16:39:15.058088 #28578]  INFO -- : Player NoCo responded with  (200)
I, [2014-04-05T16:39:15.058432 #28578]  INFO -- : NoCo received hole_card King of Clubs
I, [2014-04-05T16:39:15.058617 #28578]  INFO -- : R3T received hole_card Jack of Spades
I, [2014-04-05T16:39:15.058811 #28578]  INFO -- : NoCo received hole_card Ace of Clubs
I, [2014-04-05T16:39:15.058986 #28578]  INFO -- : R3T received hole_card Jack of Clubs
I, [2014-04-05T16:39:15.059292 #28578]  INFO -- : NoCo made a bet of 160 (raise) and is left with 1100 chips. The pot now contains 160 chips.
I, [2014-04-05T16:39:15.059610 #28578]  INFO -- : R3T made a bet of 320 (raise) and is left with 1420 chips. The pot now contains 480 chips.
I, [2014-04-05T16:39:15.061403 #28578]  INFO -- : Player NoCo responded with 1100 (200)
I, [2014-04-05T16:39:15.061634 #28578]  INFO -- : NoCo made a bet of 1100 (allin) and is left with 0 chips. The pot now contains 1580 chips.
I, [2014-04-05T16:39:15.064316 #28578]  INFO -- : Player R3T responded with 4080 (200)
I, [2014-04-05T16:39:15.064658 #28578]  INFO -- : R3T made a bet of 1420 (allin) and is left with 0 chips. The pot now contains 3000 chips.
I, [2014-04-05T16:39:15.065920 #28578]  INFO -- : community card Jack of Diamonds
I, [2014-04-05T16:39:15.066671 #28578]  INFO -- : community card 4 of Clubs
I, [2014-04-05T16:39:15.067216 #28578]  INFO -- : community card 4 of Diamonds
I, [2014-04-05T16:39:15.067538 #28578]  INFO -- : community card 9 of Hearts
I, [2014-04-05T16:39:15.067853 #28578]  INFO -- : community card 10 of Hearts
I, [2014-04-05T16:39:15.068456 #28578]  INFO -- : R3T showed 4 of Clubs,4 of Diamonds,Jack of Diamonds,Jack of Clubs,Jack of Spades making a full house
I, [2014-04-05T16:39:15.069063 #28578]  INFO -- : R3T won 3000
I, [2014-04-05T16:39:15.072752 #28578]  INFO -- : Player R3T responded with  (200)
I, [2014-04-05T16:39:15.074874 #28578]  INFO -- : Player Mr Bazinga responded with OK (200)
I, [2014-04-05T16:39:15.077174 #28578]  INFO -- : Player NoCo responded with  (200)
