# Logfile created on 2014-04-05 12:19:50 +0200 by logger.rb/44203
I, [2014-04-05T12:19:50.191328 #30912]  INFO -- : Reseting R3T to origin/master
I, [2014-04-05T12:19:51.845574 #30912]  INFO -- : Reseting Mr Bazinga to origin/master
I, [2014-04-05T12:19:52.663504 #30912]  INFO -- : Reseting NoCo to origin/master
I, [2014-04-05T12:19:53.493949 #30912]  INFO -- : Connected R3T at http://localhost:8080/
I, [2014-04-05T12:19:53.496919 #30912]  INFO -- : Connected Mr Bazinga at http://localhost:1337/
I, [2014-04-05T12:19:53.499256 #30912]  INFO -- : Connected NoCo at http://localhost:8000/player_service.php
E, [2014-04-05T12:19:53.500618 #30912] ERROR -- : Connection refused - connect(2) for "localhost" port 8080
E, [2014-04-05T12:19:53.500776 #30912] ERROR -- : Player R3T is unreachable
I, [2014-04-05T12:19:53.500887 #30912]  INFO -- : Waiting for players to start
E, [2014-04-05T12:19:54.501535 #30912] ERROR -- : Connection refused - connect(2) for "localhost" port 8080
E, [2014-04-05T12:19:54.501651 #30912] ERROR -- : Player R3T is unreachable
I, [2014-04-05T12:19:54.501701 #30912]  INFO -- : Waiting for players to start
E, [2014-04-05T12:19:55.502266 #30912] ERROR -- : Connection refused - connect(2) for "localhost" port 8080
E, [2014-04-05T12:19:55.502403 #30912] ERROR -- : Player R3T is unreachable
I, [2014-04-05T12:19:55.502497 #30912]  INFO -- : Waiting for players to start
E, [2014-04-05T12:19:56.505028 #30912] ERROR -- : Connection refused - connect(2) for "localhost" port 8080
E, [2014-04-05T12:19:56.505207 #30912] ERROR -- : Player R3T is unreachable
I, [2014-04-05T12:19:56.505307 #30912]  INFO -- : Waiting for players to start
E, [2014-04-05T12:19:57.505926 #30912] ERROR -- : Connection refused - connect(2) for "localhost" port 8080
E, [2014-04-05T12:19:57.506080 #30912] ERROR -- : Player R3T is unreachable
I, [2014-04-05T12:19:57.506184 #30912]  INFO -- : Waiting for players to start
E, [2014-04-05T12:19:58.506815 #30912] ERROR -- : Connection refused - connect(2) for "localhost" port 8080
E, [2014-04-05T12:19:58.506956 #30912] ERROR -- : Player R3T is unreachable
I, [2014-04-05T12:19:58.507047 #30912]  INFO -- : Waiting for players to start
E, [2014-04-05T12:19:59.507648 #30912] ERROR -- : Connection refused - connect(2) for "localhost" port 8080
E, [2014-04-05T12:19:59.507787 #30912] ERROR -- : Player R3T is unreachable
I, [2014-04-05T12:19:59.507865 #30912]  INFO -- : Waiting for players to start
E, [2014-04-05T12:20:00.508525 #30912] ERROR -- : Connection refused - connect(2) for "localhost" port 8080
E, [2014-04-05T12:20:00.508773 #30912] ERROR -- : Player R3T is unreachable
I, [2014-04-05T12:20:00.508930 #30912]  INFO -- : Waiting for players to start
E, [2014-04-05T12:20:01.509549 #30912] ERROR -- : Connection refused - connect(2) for "localhost" port 8080
E, [2014-04-05T12:20:01.509695 #30912] ERROR -- : Player R3T is unreachable
I, [2014-04-05T12:20:01.509789 #30912]  INFO -- : Waiting for players to start
E, [2014-04-05T12:20:02.510478 #30912] ERROR -- : Connection refused - connect(2) for "localhost" port 8080
E, [2014-04-05T12:20:02.510615 #30912] ERROR -- : Player R3T is unreachable
I, [2014-04-05T12:20:02.510693 #30912]  INFO -- : Waiting for players to start
E, [2014-04-05T12:20:03.528855 #30912] ERROR -- : Connection refused - connect(2) for "localhost" port 8080
E, [2014-04-05T12:20:03.529011 #30912] ERROR -- : Player R3T is unreachable
I, [2014-04-05T12:20:03.529121 #30912]  INFO -- : Waiting for players to start
E, [2014-04-05T12:20:04.529679 #30912] ERROR -- : Connection refused - connect(2) for "localhost" port 8080
E, [2014-04-05T12:20:04.529814 #30912] ERROR -- : Player R3T is unreachable
I, [2014-04-05T12:20:04.529891 #30912]  INFO -- : Waiting for players to start
E, [2014-04-05T12:20:05.530544 #30912] ERROR -- : Connection refused - connect(2) for "localhost" port 8080
E, [2014-04-05T12:20:05.530681 #30912] ERROR -- : Player R3T is unreachable
I, [2014-04-05T12:20:05.530797 #30912]  INFO -- : Waiting for players to start
E, [2014-04-05T12:20:06.531371 #30912] ERROR -- : Connection refused - connect(2) for "localhost" port 8080
E, [2014-04-05T12:20:06.531511 #30912] ERROR -- : Player R3T is unreachable
I, [2014-04-05T12:20:06.531569 #30912]  INFO -- : Waiting for players to start
E, [2014-04-05T12:20:08.033650 #30912] ERROR -- : Net::ReadTimeout
E, [2014-04-05T12:20:08.033819 #30912] ERROR -- : Player R3T is unreachable
I, [2014-04-05T12:20:08.033915 #30912]  INFO -- : Waiting for players to start
I, [2014-04-05T12:20:09.040347 #30912]  INFO -- : Player R3T responded with  (200)
I, [2014-04-05T12:20:09.064208 #30912]  INFO -- : Player Mr Bazinga responded with OK (200)
I, [2014-04-05T12:20:09.066738 #30912]  INFO -- : Player NoCo responded with  (200)
I, [2014-04-05T12:20:09.067042 #30912]  INFO -- : Players are running
I, [2014-04-05T12:20:09.092570 #30912]  INFO -- : Player R3T responded with v0.1 (200)
I, [2014-04-05T12:20:09.099811 #30912]  INFO -- : Player Mr Bazinga responded with Mr Bazinga version 0.1 (200)
I, [2014-04-05T12:20:09.102190 #30912]  INFO -- : Player NoCo responded with NoCo1216 (200)
I, [2014-04-05T12:20:09.103205 #30912]  INFO -- : Mr Bazinga received hole_card Queen of Clubs
I, [2014-04-05T12:20:09.103858 #30912]  INFO -- : NoCo received hole_card 7 of Clubs
I, [2014-04-05T12:20:09.104668 #30912]  INFO -- : R3T received hole_card 8 of Clubs
I, [2014-04-05T12:20:09.105134 #30912]  INFO -- : Mr Bazinga received hole_card 5 of Spades
I, [2014-04-05T12:20:09.105445 #30912]  INFO -- : NoCo received hole_card 5 of Clubs
I, [2014-04-05T12:20:09.106155 #30912]  INFO -- : R3T received hole_card 8 of Diamonds
I, [2014-04-05T12:20:09.111374 #30912]  INFO -- : Mr Bazinga made a bet of 10 (raise) and is left with 990 chips. The pot now contains 10 chips.
I, [2014-04-05T12:20:09.112359 #30912]  INFO -- : NoCo made a bet of 20 (raise) and is left with 980 chips. The pot now contains 30 chips.
I, [2014-04-05T12:20:09.193753 #30912]  INFO -- : Player R3T responded with 620 (200)
I, [2014-04-05T12:20:09.194097 #30912]  INFO -- : R3T made a bet of 620 (raise) and is left with 380 chips. The pot now contains 650 chips.
I, [2014-04-05T12:20:09.199110 #30912]  INFO -- : Player Mr Bazinga responded with 500 (200)
I, [2014-04-05T12:20:09.199387 #30912]  INFO -- : Mr Bazinga made a bet of 0 (fold) and is left with 990 chips. The pot now contains 650 chips.
I, [2014-04-05T12:20:09.201167 #30912]  INFO -- : Player NoCo responded with  (200)
I, [2014-04-05T12:20:09.201408 #30912]  INFO -- : NoCo made a bet of 0 (fold) and is left with 980 chips. The pot now contains 650 chips.
I, [2014-04-05T12:20:09.202025 #30912]  INFO -- : R3T won 650
I, [2014-04-05T12:20:09.206056 #30912]  INFO -- : Player R3T responded with  (200)
I, [2014-04-05T12:20:09.208311 #30912]  INFO -- : Player Mr Bazinga responded with OK (200)
I, [2014-04-05T12:20:09.210202 #30912]  INFO -- : Player NoCo responded with  (200)
I, [2014-04-05T12:20:09.210542 #30912]  INFO -- : NoCo received hole_card Ace of Clubs
I, [2014-04-05T12:20:09.210760 #30912]  INFO -- : R3T received hole_card 9 of Diamonds
I, [2014-04-05T12:20:09.210971 #30912]  INFO -- : Mr Bazinga received hole_card 10 of Hearts
I, [2014-04-05T12:20:09.211181 #30912]  INFO -- : NoCo received hole_card 10 of Spades
I, [2014-04-05T12:20:09.211362 #30912]  INFO -- : R3T received hole_card 7 of Hearts
I, [2014-04-05T12:20:09.211590 #30912]  INFO -- : Mr Bazinga received hole_card Queen of Diamonds
I, [2014-04-05T12:20:09.211913 #30912]  INFO -- : NoCo made a bet of 10 (raise) and is left with 970 chips. The pot now contains 10 chips.
I, [2014-04-05T12:20:09.212206 #30912]  INFO -- : R3T made a bet of 20 (raise) and is left with 1010 chips. The pot now contains 30 chips.
I, [2014-04-05T12:20:09.214158 #30912]  INFO -- : Player Mr Bazinga responded with 500 (200)
I, [2014-04-05T12:20:09.214454 #30912]  INFO -- : Mr Bazinga made a bet of 500 (raise) and is left with 490 chips. The pot now contains 530 chips.
I, [2014-04-05T12:20:09.216262 #30912]  INFO -- : Player NoCo responded with  (200)
I, [2014-04-05T12:20:09.216486 #30912]  INFO -- : NoCo made a bet of 0 (fold) and is left with 970 chips. The pot now contains 530 chips.
I, [2014-04-05T12:20:09.241027 #30912]  INFO -- : Player R3T responded with 0 (200)
I, [2014-04-05T12:20:09.241309 #30912]  INFO -- : R3T made a bet of 0 (fold) and is left with 1010 chips. The pot now contains 530 chips.
I, [2014-04-05T12:20:09.241686 #30912]  INFO -- : Mr Bazinga won 530
I, [2014-04-05T12:20:09.244662 #30912]  INFO -- : Player R3T responded with  (200)
I, [2014-04-05T12:20:09.247751 #30912]  INFO -- : Player Mr Bazinga responded with OK (200)
I, [2014-04-05T12:20:09.249477 #30912]  INFO -- : Player NoCo responded with  (200)
I, [2014-04-05T12:20:09.249801 #30912]  INFO -- : R3T received hole_card 8 of Hearts
I, [2014-04-05T12:20:09.249979 #30912]  INFO -- : Mr Bazinga received hole_card 4 of Hearts
I, [2014-04-05T12:20:09.250147 #30912]  INFO -- : NoCo received hole_card 10 of Clubs
I, [2014-04-05T12:20:09.250303 #30912]  INFO -- : R3T received hole_card 8 of Spades
I, [2014-04-05T12:20:09.250478 #30912]  INFO -- : Mr Bazinga received hole_card Queen of Spades
I, [2014-04-05T12:20:09.250702 #30912]  INFO -- : NoCo received hole_card King of Hearts
I, [2014-04-05T12:20:09.251029 #30912]  INFO -- : R3T made a bet of 10 (raise) and is left with 1000 chips. The pot now contains 10 chips.
I, [2014-04-05T12:20:09.251273 #30912]  INFO -- : Mr Bazinga made a bet of 20 (raise) and is left with 1000 chips. The pot now contains 30 chips.
I, [2014-04-05T12:20:09.253602 #30912]  INFO -- : Player NoCo responded with  (200)
I, [2014-04-05T12:20:09.254154 #30912]  INFO -- : NoCo made a bet of 0 (fold) and is left with 970 chips. The pot now contains 30 chips.
I, [2014-04-05T12:20:09.259567 #30912]  INFO -- : Player R3T responded with 620 (200)
I, [2014-04-05T12:20:09.260146 #30912]  INFO -- : R3T made a bet of 620 (raise) and is left with 380 chips. The pot now contains 650 chips.
I, [2014-04-05T12:20:09.262513 #30912]  INFO -- : Player Mr Bazinga responded with 500 (200)
I, [2014-04-05T12:20:09.262842 #30912]  INFO -- : Mr Bazinga made a bet of 0 (fold) and is left with 1000 chips. The pot now contains 650 chips.
I, [2014-04-05T12:20:09.263436 #30912]  INFO -- : R3T won 650
I, [2014-04-05T12:20:09.266135 #30912]  INFO -- : Player R3T responded with  (200)
I, [2014-04-05T12:20:09.273608 #30912]  INFO -- : Player Mr Bazinga responded with OK (200)
I, [2014-04-05T12:20:09.275404 #30912]  INFO -- : Player NoCo responded with  (200)
I, [2014-04-05T12:20:09.275736 #30912]  INFO -- : Mr Bazinga received hole_card 9 of Clubs
I, [2014-04-05T12:20:09.275943 #30912]  INFO -- : NoCo received hole_card Jack of Hearts
I, [2014-04-05T12:20:09.276153 #30912]  INFO -- : R3T received hole_card 10 of Diamonds
I, [2014-04-05T12:20:09.276371 #30912]  INFO -- : Mr Bazinga received hole_card 8 of Hearts
I, [2014-04-05T12:20:09.276571 #30912]  INFO -- : NoCo received hole_card Jack of Diamonds
I, [2014-04-05T12:20:09.276778 #30912]  INFO -- : R3T received hole_card Queen of Spades
I, [2014-04-05T12:20:09.277071 #30912]  INFO -- : Mr Bazinga made a bet of 10 (raise) and is left with 990 chips. The pot now contains 10 chips.
I, [2014-04-05T12:20:09.277331 #30912]  INFO -- : NoCo made a bet of 20 (raise) and is left with 950 chips. The pot now contains 30 chips.
I, [2014-04-05T12:20:09.289752 #30912]  INFO -- : Player R3T responded with 0 (200)
I, [2014-04-05T12:20:09.290142 #30912]  INFO -- : R3T made a bet of 0 (fold) and is left with 1030 chips. The pot now contains 30 chips.
I, [2014-04-05T12:20:09.293395 #30912]  INFO -- : Player Mr Bazinga responded with 500 (200)
I, [2014-04-05T12:20:09.293829 #30912]  INFO -- : Mr Bazinga made a bet of 500 (raise) and is left with 490 chips. The pot now contains 530 chips.
I, [2014-04-05T12:20:09.296269 #30912]  INFO -- : Player NoCo responded with 0 (200)
I, [2014-04-05T12:20:09.298465 #30912]  INFO -- : NoCo made a bet of 0 (fold) and is left with 950 chips. The pot now contains 530 chips.
I, [2014-04-05T12:20:09.299169 #30912]  INFO -- : Mr Bazinga won 530
I, [2014-04-05T12:20:09.302011 #30912]  INFO -- : Player R3T responded with  (200)
I, [2014-04-05T12:20:09.304155 #30912]  INFO -- : Player Mr Bazinga responded with OK (200)
I, [2014-04-05T12:20:09.306483 #30912]  INFO -- : Player NoCo responded with  (200)
I, [2014-04-05T12:20:09.307139 #30912]  INFO -- : NoCo received hole_card 4 of Spades
I, [2014-04-05T12:20:09.307539 #30912]  INFO -- : R3T received hole_card Jack of Diamonds
I, [2014-04-05T12:20:09.307913 #30912]  INFO -- : Mr Bazinga received hole_card 8 of Diamonds
I, [2014-04-05T12:20:09.308280 #30912]  INFO -- : NoCo received hole_card Ace of Spades
I, [2014-04-05T12:20:09.308664 #30912]  INFO -- : R3T received hole_card 9 of Hearts
I, [2014-04-05T12:20:09.309074 #30912]  INFO -- : Mr Bazinga received hole_card 2 of Diamonds
I, [2014-04-05T12:20:09.309710 #30912]  INFO -- : NoCo made a bet of 10 (raise) and is left with 940 chips. The pot now contains 10 chips.
I, [2014-04-05T12:20:09.310289 #30912]  INFO -- : R3T made a bet of 20 (raise) and is left with 1010 chips. The pot now contains 30 chips.
I, [2014-04-05T12:20:09.314009 #30912]  INFO -- : Player Mr Bazinga responded with 500 (200)
I, [2014-04-05T12:20:09.314520 #30912]  INFO -- : Mr Bazinga made a bet of 500 (raise) and is left with 520 chips. The pot now contains 530 chips.
I, [2014-04-05T12:20:09.317091 #30912]  INFO -- : Player NoCo responded with  (200)
I, [2014-04-05T12:20:09.317460 #30912]  INFO -- : NoCo made a bet of 0 (fold) and is left with 940 chips. The pot now contains 530 chips.
I, [2014-04-05T12:20:09.337556 #30912]  INFO -- : Player R3T responded with 0 (200)
I, [2014-04-05T12:20:09.338031 #30912]  INFO -- : R3T made a bet of 0 (fold) and is left with 1010 chips. The pot now contains 530 chips.
I, [2014-04-05T12:20:09.338954 #30912]  INFO -- : Mr Bazinga won 530
I, [2014-04-05T12:20:09.342955 #30912]  INFO -- : Player R3T responded with  (200)
I, [2014-04-05T12:20:09.351601 #30912]  INFO -- : Player Mr Bazinga responded with OK (200)
I, [2014-04-05T12:20:09.353304 #30912]  INFO -- : Player NoCo responded with  (200)
I, [2014-04-05T12:20:09.353612 #30912]  INFO -- : R3T received hole_card 5 of Diamonds
I, [2014-04-05T12:20:09.353772 #30912]  INFO -- : Mr Bazinga received hole_card Ace of Spades
I, [2014-04-05T12:20:09.353933 #30912]  INFO -- : NoCo received hole_card Jack of Hearts
I, [2014-04-05T12:20:09.354078 #30912]  INFO -- : R3T received hole_card King of Spades
I, [2014-04-05T12:20:09.354238 #30912]  INFO -- : Mr Bazinga received hole_card 10 of Clubs
I, [2014-04-05T12:20:09.354398 #30912]  INFO -- : NoCo received hole_card King of Diamonds
I, [2014-04-05T12:20:09.354677 #30912]  INFO -- : R3T made a bet of 10 (raise) and is left with 1000 chips. The pot now contains 10 chips.
I, [2014-04-05T12:20:09.354902 #30912]  INFO -- : Mr Bazinga made a bet of 20 (raise) and is left with 1030 chips. The pot now contains 30 chips.
I, [2014-04-05T12:20:09.357305 #30912]  INFO -- : Player NoCo responded with  (200)
I, [2014-04-05T12:20:09.357543 #30912]  INFO -- : NoCo made a bet of 0 (fold) and is left with 940 chips. The pot now contains 30 chips.
I, [2014-04-05T12:20:09.372125 #30912]  INFO -- : Player R3T responded with 0 (200)
I, [2014-04-05T12:20:09.372663 #30912]  INFO -- : R3T made a bet of 0 (fold) and is left with 1000 chips. The pot now contains 30 chips.
I, [2014-04-05T12:20:09.374762 #30912]  INFO -- : Player Mr Bazinga responded with 500 (200)
I, [2014-04-05T12:20:09.375117 #30912]  INFO -- : Mr Bazinga made a bet of 500 (raise) and is left with 530 chips. The pot now contains 530 chips.
I, [2014-04-05T12:20:09.375772 #30912]  INFO -- : Mr Bazinga won 530
I, [2014-04-05T12:20:09.379803 #30912]  INFO -- : Player R3T responded with  (200)
I, [2014-04-05T12:20:09.383822 #30912]  INFO -- : Player Mr Bazinga responded with OK (200)
I, [2014-04-05T12:20:09.387401 #30912]  INFO -- : Player NoCo responded with  (200)
I, [2014-04-05T12:20:09.388167 #30912]  INFO -- : Mr Bazinga received hole_card 10 of Clubs
I, [2014-04-05T12:20:09.388630 #30912]  INFO -- : NoCo received hole_card 10 of Hearts
I, [2014-04-05T12:20:09.389074 #30912]  INFO -- : R3T received hole_card 3 of Spades
I, [2014-04-05T12:20:09.389531 #30912]  INFO -- : Mr Bazinga received hole_card 8 of Spades
I, [2014-04-05T12:20:09.390038 #30912]  INFO -- : NoCo received hole_card 6 of Spades
I, [2014-04-05T12:20:09.390453 #30912]  INFO -- : R3T received hole_card Queen of Diamonds
I, [2014-04-05T12:20:09.391191 #30912]  INFO -- : Mr Bazinga made a bet of 10 (raise) and is left with 1050 chips. The pot now contains 10 chips.
I, [2014-04-05T12:20:09.391824 #30912]  INFO -- : NoCo made a bet of 20 (raise) and is left with 920 chips. The pot now contains 30 chips.
I, [2014-04-05T12:20:09.409032 #30912]  INFO -- : Player R3T responded with 0 (200)
I, [2014-04-05T12:20:09.409315 #30912]  INFO -- : R3T made a bet of 0 (fold) and is left with 1000 chips. The pot now contains 30 chips.
I, [2014-04-05T12:20:09.412899 #30912]  INFO -- : Player Mr Bazinga responded with 500 (200)
I, [2014-04-05T12:20:09.413132 #30912]  INFO -- : Mr Bazinga made a bet of 500 (raise) and is left with 550 chips. The pot now contains 530 chips.
I, [2014-04-05T12:20:09.415151 #30912]  INFO -- : Player NoCo responded with  (200)
I, [2014-04-05T12:20:09.415348 #30912]  INFO -- : NoCo made a bet of 0 (fold) and is left with 920 chips. The pot now contains 530 chips.
I, [2014-04-05T12:20:09.415948 #30912]  INFO -- : Mr Bazinga won 530
I, [2014-04-05T12:20:09.418282 #30912]  INFO -- : Player R3T responded with  (200)
I, [2014-04-05T12:20:09.420074 #30912]  INFO -- : Player Mr Bazinga responded with OK (200)
I, [2014-04-05T12:20:09.421937 #30912]  INFO -- : Player NoCo responded with  (200)
I, [2014-04-05T12:20:09.422384 #30912]  INFO -- : NoCo received hole_card 2 of Spades
I, [2014-04-05T12:20:09.422648 #30912]  INFO -- : R3T received hole_card King of Clubs
I, [2014-04-05T12:20:09.422914 #30912]  INFO -- : Mr Bazinga received hole_card Queen of Clubs
I, [2014-04-05T12:20:09.423197 #30912]  INFO -- : NoCo received hole_card 10 of Diamonds
I, [2014-04-05T12:20:09.423451 #30912]  INFO -- : R3T received hole_card 3 of Hearts
I, [2014-04-05T12:20:09.423727 #30912]  INFO -- : Mr Bazinga received hole_card 7 of Spades
I, [2014-04-05T12:20:09.424185 #30912]  INFO -- : NoCo made a bet of 10 (raise) and is left with 910 chips. The pot now contains 10 chips.
I, [2014-04-05T12:20:09.424591 #30912]  INFO -- : R3T made a bet of 20 (raise) and is left with 980 chips. The pot now contains 30 chips.
I, [2014-04-05T12:20:09.427367 #30912]  INFO -- : Player Mr Bazinga responded with 500 (200)
I, [2014-04-05T12:20:09.427669 #30912]  INFO -- : Mr Bazinga made a bet of 500 (raise) and is left with 580 chips. The pot now contains 530 chips.
I, [2014-04-05T12:20:09.429977 #30912]  INFO -- : Player NoCo responded with  (200)
I, [2014-04-05T12:20:09.430205 #30912]  INFO -- : NoCo made a bet of 0 (fold) and is left with 910 chips. The pot now contains 530 chips.
I, [2014-04-05T12:20:09.443007 #30912]  INFO -- : Player R3T responded with 0 (200)
I, [2014-04-05T12:20:09.443235 #30912]  INFO -- : R3T made a bet of 0 (fold) and is left with 980 chips. The pot now contains 530 chips.
I, [2014-04-05T12:20:09.443586 #30912]  INFO -- : Mr Bazinga won 530
I, [2014-04-05T12:20:09.445654 #30912]  INFO -- : Player R3T responded with  (200)
I, [2014-04-05T12:20:09.447975 #30912]  INFO -- : Player Mr Bazinga responded with OK (200)
I, [2014-04-05T12:20:09.449717 #30912]  INFO -- : Player NoCo responded with  (200)
I, [2014-04-05T12:20:09.450083 #30912]  INFO -- : R3T received hole_card 5 of Clubs
I, [2014-04-05T12:20:09.450304 #30912]  INFO -- : Mr Bazinga received hole_card 9 of Diamonds
I, [2014-04-05T12:20:09.450507 #30912]  INFO -- : NoCo received hole_card 7 of Diamonds
I, [2014-04-05T12:20:09.450717 #30912]  INFO -- : R3T received hole_card King of Hearts
I, [2014-04-05T12:20:09.450922 #30912]  INFO -- : Mr Bazinga received hole_card Queen of Clubs
I, [2014-04-05T12:20:09.451147 #30912]  INFO -- : NoCo received hole_card Jack of Clubs
I, [2014-04-05T12:20:09.451525 #30912]  INFO -- : R3T made a bet of 10 (raise) and is left with 970 chips. The pot now contains 10 chips.
I, [2014-04-05T12:20:09.451826 #30912]  INFO -- : Mr Bazinga made a bet of 20 (raise) and is left with 1090 chips. The pot now contains 30 chips.
I, [2014-04-05T12:20:09.453517 #30912]  INFO -- : Player NoCo responded with  (200)
I, [2014-04-05T12:20:09.453711 #30912]  INFO -- : NoCo made a bet of 0 (fold) and is left with 910 chips. The pot now contains 30 chips.
I, [2014-04-05T12:20:09.467104 #30912]  INFO -- : Player R3T responded with 0 (200)
I, [2014-04-05T12:20:09.467444 #30912]  INFO -- : R3T made a bet of 0 (fold) and is left with 970 chips. The pot now contains 30 chips.
I, [2014-04-05T12:20:09.471576 #30912]  INFO -- : Player Mr Bazinga responded with 500 (200)
I, [2014-04-05T12:20:09.471898 #30912]  INFO -- : Mr Bazinga made a bet of 500 (raise) and is left with 590 chips. The pot now contains 530 chips.
I, [2014-04-05T12:20:09.472504 #30912]  INFO -- : Mr Bazinga won 530
I, [2014-04-05T12:20:09.479068 #30912]  INFO -- : Player R3T responded with  (200)
I, [2014-04-05T12:20:09.481074 #30912]  INFO -- : Player Mr Bazinga responded with OK (200)
I, [2014-04-05T12:20:09.483301 #30912]  INFO -- : Player NoCo responded with  (200)
I, [2014-04-05T12:20:09.483589 #30912]  INFO -- : Mr Bazinga received hole_card King of Clubs
I, [2014-04-05T12:20:09.483764 #30912]  INFO -- : NoCo received hole_card 9 of Diamonds
I, [2014-04-05T12:20:09.483922 #30912]  INFO -- : R3T received hole_card Queen of Clubs
I, [2014-04-05T12:20:09.484106 #30912]  INFO -- : Mr Bazinga received hole_card 3 of Hearts
I, [2014-04-05T12:20:09.484254 #30912]  INFO -- : NoCo received hole_card King of Spades
I, [2014-04-05T12:20:09.484408 #30912]  INFO -- : R3T received hole_card 2 of Hearts
I, [2014-04-05T12:20:09.484699 #30912]  INFO -- : Mr Bazinga made a bet of 20 (raise) and is left with 1100 chips. The pot now contains 20 chips.
I, [2014-04-05T12:20:09.484908 #30912]  INFO -- : NoCo made a bet of 40 (raise) and is left with 870 chips. The pot now contains 60 chips.
I, [2014-04-05T12:20:09.493221 #30912]  INFO -- : Player R3T responded with 0 (200)
I, [2014-04-05T12:20:09.493567 #30912]  INFO -- : R3T made a bet of 0 (fold) and is left with 970 chips. The pot now contains 60 chips.
I, [2014-04-05T12:20:09.497047 #30912]  INFO -- : Player Mr Bazinga responded with 500 (200)
I, [2014-04-05T12:20:09.497390 #30912]  INFO -- : Mr Bazinga made a bet of 500 (raise) and is left with 600 chips. The pot now contains 560 chips.
I, [2014-04-05T12:20:09.500888 #30912]  INFO -- : Player NoCo responded with  (200)
I, [2014-04-05T12:20:09.501531 #30912]  INFO -- : NoCo made a bet of 0 (fold) and is left with 870 chips. The pot now contains 560 chips.
I, [2014-04-05T12:20:09.501930 #30912]  INFO -- : Mr Bazinga won 560
I, [2014-04-05T12:20:09.505142 #30912]  INFO -- : Player R3T responded with  (200)
I, [2014-04-05T12:20:09.508770 #30912]  INFO -- : Player Mr Bazinga responded with OK (200)
I, [2014-04-05T12:20:09.512138 #30912]  INFO -- : Player NoCo responded with  (200)
I, [2014-04-05T12:20:09.512454 #30912]  INFO -- : NoCo received hole_card Jack of Diamonds
I, [2014-04-05T12:20:09.512633 #30912]  INFO -- : R3T received hole_card 3 of Hearts
I, [2014-04-05T12:20:09.512823 #30912]  INFO -- : Mr Bazinga received hole_card 3 of Spades
I, [2014-04-05T12:20:09.513022 #30912]  INFO -- : NoCo received hole_card Ace of Clubs
I, [2014-04-05T12:20:09.513210 #30912]  INFO -- : R3T received hole_card King of Diamonds
I, [2014-04-05T12:20:09.513407 #30912]  INFO -- : Mr Bazinga received hole_card 6 of Diamonds
I, [2014-04-05T12:20:09.513700 #30912]  INFO -- : NoCo made a bet of 20 (raise) and is left with 850 chips. The pot now contains 20 chips.
I, [2014-04-05T12:20:09.513945 #30912]  INFO -- : R3T made a bet of 40 (raise) and is left with 930 chips. The pot now contains 60 chips.
I, [2014-04-05T12:20:09.517041 #30912]  INFO -- : Player Mr Bazinga responded with 500 (200)
I, [2014-04-05T12:20:09.517873 #30912]  INFO -- : Mr Bazinga made a bet of 500 (raise) and is left with 660 chips. The pot now contains 560 chips.
I, [2014-04-05T12:20:09.522232 #30912]  INFO -- : Player NoCo responded with  (200)
I, [2014-04-05T12:20:09.522855 #30912]  INFO -- : NoCo made a bet of 0 (fold) and is left with 850 chips. The pot now contains 560 chips.
I, [2014-04-05T12:20:09.539681 #30912]  INFO -- : Player R3T responded with 0 (200)
I, [2014-04-05T12:20:09.540325 #30912]  INFO -- : R3T made a bet of 0 (fold) and is left with 930 chips. The pot now contains 560 chips.
I, [2014-04-05T12:20:09.541505 #30912]  INFO -- : Mr Bazinga won 560
I, [2014-04-05T12:20:09.548496 #30912]  INFO -- : Player R3T responded with  (200)
I, [2014-04-05T12:20:09.551723 #30912]  INFO -- : Player Mr Bazinga responded with OK (200)
I, [2014-04-05T12:20:09.553492 #30912]  INFO -- : Player NoCo responded with  (200)
I, [2014-04-05T12:20:09.553771 #30912]  INFO -- : R3T received hole_card 9 of Hearts
I, [2014-04-05T12:20:09.553935 #30912]  INFO -- : Mr Bazinga received hole_card Queen of Spades
I, [2014-04-05T12:20:09.554100 #30912]  INFO -- : NoCo received hole_card 3 of Hearts
I, [2014-04-05T12:20:09.554291 #30912]  INFO -- : R3T received hole_card 6 of Clubs
I, [2014-04-05T12:20:09.554446 #30912]  INFO -- : Mr Bazinga received hole_card Jack of Diamonds
I, [2014-04-05T12:20:09.554603 #30912]  INFO -- : NoCo received hole_card 2 of Clubs
I, [2014-04-05T12:20:09.554956 #30912]  INFO -- : R3T made a bet of 20 (raise) and is left with 910 chips. The pot now contains 20 chips.
I, [2014-04-05T12:20:09.555204 #30912]  INFO -- : Mr Bazinga made a bet of 40 (raise) and is left with 1180 chips. The pot now contains 60 chips.
I, [2014-04-05T12:20:09.556981 #30912]  INFO -- : Player NoCo responded with  (200)
I, [2014-04-05T12:20:09.557321 #30912]  INFO -- : NoCo made a bet of 0 (fold) and is left with 850 chips. The pot now contains 60 chips.
I, [2014-04-05T12:20:09.572327 #30912]  INFO -- : Player R3T responded with 0 (200)
I, [2014-04-05T12:20:09.572689 #30912]  INFO -- : R3T made a bet of 0 (fold) and is left with 910 chips. The pot now contains 60 chips.
I, [2014-04-05T12:20:09.574830 #30912]  INFO -- : Player Mr Bazinga responded with 500 (200)
I, [2014-04-05T12:20:09.575046 #30912]  INFO -- : Mr Bazinga made a bet of 500 (raise) and is left with 680 chips. The pot now contains 560 chips.
I, [2014-04-05T12:20:09.575415 #30912]  INFO -- : Mr Bazinga won 560
I, [2014-04-05T12:20:09.577882 #30912]  INFO -- : Player R3T responded with  (200)
I, [2014-04-05T12:20:09.579715 #30912]  INFO -- : Player Mr Bazinga responded with OK (200)
I, [2014-04-05T12:20:09.581334 #30912]  INFO -- : Player NoCo responded with  (200)
I, [2014-04-05T12:20:09.581659 #30912]  INFO -- : Mr Bazinga received hole_card 4 of Spades
I, [2014-04-05T12:20:09.581874 #30912]  INFO -- : NoCo received hole_card 2 of Hearts
I, [2014-04-05T12:20:09.582066 #30912]  INFO -- : R3T received hole_card 2 of Clubs
I, [2014-04-05T12:20:09.582298 #30912]  INFO -- : Mr Bazinga received hole_card 3 of Clubs
I, [2014-04-05T12:20:09.582516 #30912]  INFO -- : NoCo received hole_card 5 of Spades
I, [2014-04-05T12:20:09.582709 #30912]  INFO -- : R3T received hole_card 6 of Diamonds
I, [2014-04-05T12:20:09.583051 #30912]  INFO -- : Mr Bazinga made a bet of 20 (raise) and is left with 1220 chips. The pot now contains 20 chips.
I, [2014-04-05T12:20:09.583339 #30912]  INFO -- : NoCo made a bet of 40 (raise) and is left with 810 chips. The pot now contains 60 chips.
I, [2014-04-05T12:20:09.591761 #30912]  INFO -- : Player R3T responded with 0 (200)
I, [2014-04-05T12:20:09.592112 #30912]  INFO -- : R3T made a bet of 0 (fold) and is left with 910 chips. The pot now contains 60 chips.
I, [2014-04-05T12:20:09.596207 #30912]  INFO -- : Player Mr Bazinga responded with 500 (200)
I, [2014-04-05T12:20:09.596510 #30912]  INFO -- : Mr Bazinga made a bet of 500 (raise) and is left with 720 chips. The pot now contains 560 chips.
I, [2014-04-05T12:20:09.598746 #30912]  INFO -- : Player NoCo responded with  (200)
I, [2014-04-05T12:20:09.598992 #30912]  INFO -- : NoCo made a bet of 0 (fold) and is left with 810 chips. The pot now contains 560 chips.
I, [2014-04-05T12:20:09.599490 #30912]  INFO -- : Mr Bazinga won 560
I, [2014-04-05T12:20:09.604410 #30912]  INFO -- : Player R3T responded with  (200)
I, [2014-04-05T12:20:09.607716 #30912]  INFO -- : Player Mr Bazinga responded with OK (200)
I, [2014-04-05T12:20:09.612006 #30912]  INFO -- : Player NoCo responded with  (200)
I, [2014-04-05T12:20:09.612471 #30912]  INFO -- : NoCo received hole_card 5 of Spades
I, [2014-04-05T12:20:09.612631 #30912]  INFO -- : R3T received hole_card 10 of Spades
I, [2014-04-05T12:20:09.612789 #30912]  INFO -- : Mr Bazinga received hole_card Queen of Hearts
I, [2014-04-05T12:20:09.612954 #30912]  INFO -- : NoCo received hole_card 9 of Hearts
I, [2014-04-05T12:20:09.613097 #30912]  INFO -- : R3T received hole_card 2 of Hearts
I, [2014-04-05T12:20:09.613258 #30912]  INFO -- : Mr Bazinga received hole_card Queen of Diamonds
I, [2014-04-05T12:20:09.613520 #30912]  INFO -- : NoCo made a bet of 20 (raise) and is left with 790 chips. The pot now contains 20 chips.
I, [2014-04-05T12:20:09.613739 #30912]  INFO -- : R3T made a bet of 40 (raise) and is left with 870 chips. The pot now contains 60 chips.
I, [2014-04-05T12:20:09.615938 #30912]  INFO -- : Player Mr Bazinga responded with 500 (200)
I, [2014-04-05T12:20:09.616194 #30912]  INFO -- : Mr Bazinga made a bet of 500 (raise) and is left with 780 chips. The pot now contains 560 chips.
I, [2014-04-05T12:20:09.618087 #30912]  INFO -- : Player NoCo responded with  (200)
I, [2014-04-05T12:20:09.618352 #30912]  INFO -- : NoCo made a bet of 0 (fold) and is left with 790 chips. The pot now contains 560 chips.
I, [2014-04-05T12:20:09.631866 #30912]  INFO -- : Player R3T responded with 0 (200)
I, [2014-04-05T12:20:09.632115 #30912]  INFO -- : R3T made a bet of 0 (fold) and is left with 870 chips. The pot now contains 560 chips.
I, [2014-04-05T12:20:09.632486 #30912]  INFO -- : Mr Bazinga won 560
I, [2014-04-05T12:20:09.635717 #30912]  INFO -- : Player R3T responded with  (200)
I, [2014-04-05T12:20:09.637527 #30912]  INFO -- : Player Mr Bazinga responded with OK (200)
I, [2014-04-05T12:20:09.639202 #30912]  INFO -- : Player NoCo responded with  (200)
I, [2014-04-05T12:20:09.639619 #30912]  INFO -- : R3T received hole_card 3 of Spades
I, [2014-04-05T12:20:09.639908 #30912]  INFO -- : Mr Bazinga received hole_card 6 of Diamonds
I, [2014-04-05T12:20:09.640175 #30912]  INFO -- : NoCo received hole_card Ace of Clubs
I, [2014-04-05T12:20:09.640452 #30912]  INFO -- : R3T received hole_card 5 of Clubs
I, [2014-04-05T12:20:09.640695 #30912]  INFO -- : Mr Bazinga received hole_card 7 of Spades
I, [2014-04-05T12:20:09.640902 #30912]  INFO -- : NoCo received hole_card 2 of Clubs
I, [2014-04-05T12:20:09.641171 #30912]  INFO -- : R3T made a bet of 20 (raise) and is left with 850 chips. The pot now contains 20 chips.
I, [2014-04-05T12:20:09.641400 #30912]  INFO -- : Mr Bazinga made a bet of 40 (raise) and is left with 1300 chips. The pot now contains 60 chips.
I, [2014-04-05T12:20:09.642916 #30912]  INFO -- : Player NoCo responded with  (200)
I, [2014-04-05T12:20:09.643091 #30912]  INFO -- : NoCo made a bet of 0 (fold) and is left with 790 chips. The pot now contains 60 chips.
I, [2014-04-05T12:20:09.652123 #30912]  INFO -- : Player R3T responded with 0 (200)
I, [2014-04-05T12:20:09.652766 #30912]  INFO -- : R3T made a bet of 0 (fold) and is left with 850 chips. The pot now contains 60 chips.
I, [2014-04-05T12:20:09.656574 #30912]  INFO -- : Player Mr Bazinga responded with 500 (200)
I, [2014-04-05T12:20:09.656927 #30912]  INFO -- : Mr Bazinga made a bet of 500 (raise) and is left with 800 chips. The pot now contains 560 chips.
I, [2014-04-05T12:20:09.657403 #30912]  INFO -- : Mr Bazinga won 560
I, [2014-04-05T12:20:09.661066 #30912]  INFO -- : Player R3T responded with  (200)
I, [2014-04-05T12:20:09.663167 #30912]  INFO -- : Player Mr Bazinga responded with OK (200)
I, [2014-04-05T12:20:09.666461 #30912]  INFO -- : Player NoCo responded with  (200)
I, [2014-04-05T12:20:09.667397 #30912]  INFO -- : Mr Bazinga received hole_card 10 of Diamonds
I, [2014-04-05T12:20:09.668032 #30912]  INFO -- : NoCo received hole_card King of Diamonds
I, [2014-04-05T12:20:09.668697 #30912]  INFO -- : R3T received hole_card King of Hearts
I, [2014-04-05T12:20:09.669412 #30912]  INFO -- : Mr Bazinga received hole_card Jack of Spades
I, [2014-04-05T12:20:09.670051 #30912]  INFO -- : NoCo received hole_card 5 of Hearts
I, [2014-04-05T12:20:09.670674 #30912]  INFO -- : R3T received hole_card 10 of Spades
I, [2014-04-05T12:20:09.671723 #30912]  INFO -- : Mr Bazinga made a bet of 20 (raise) and is left with 1340 chips. The pot now contains 20 chips.
I, [2014-04-05T12:20:09.672604 #30912]  INFO -- : NoCo made a bet of 40 (raise) and is left with 750 chips. The pot now contains 60 chips.
I, [2014-04-05T12:20:09.686844 #30912]  INFO -- : Player R3T responded with 0 (200)
I, [2014-04-05T12:20:09.687471 #30912]  INFO -- : R3T made a bet of 0 (fold) and is left with 850 chips. The pot now contains 60 chips.
I, [2014-04-05T12:20:09.693053 #30912]  INFO -- : Player Mr Bazinga responded with 500 (200)
I, [2014-04-05T12:20:09.693277 #30912]  INFO -- : Mr Bazinga made a bet of 500 (raise) and is left with 840 chips. The pot now contains 560 chips.
I, [2014-04-05T12:20:09.696342 #30912]  INFO -- : Player NoCo responded with  (200)
I, [2014-04-05T12:20:09.696938 #30912]  INFO -- : NoCo made a bet of 0 (fold) and is left with 750 chips. The pot now contains 560 chips.
I, [2014-04-05T12:20:09.698188 #30912]  INFO -- : Mr Bazinga won 560
I, [2014-04-05T12:20:09.704306 #30912]  INFO -- : Player R3T responded with  (200)
I, [2014-04-05T12:20:09.707009 #30912]  INFO -- : Player Mr Bazinga responded with OK (200)
I, [2014-04-05T12:20:09.712260 #30912]  INFO -- : Player NoCo responded with  (200)
I, [2014-04-05T12:20:09.713071 #30912]  INFO -- : NoCo received hole_card 7 of Clubs
I, [2014-04-05T12:20:09.713499 #30912]  INFO -- : R3T received hole_card 3 of Spades
I, [2014-04-05T12:20:09.713854 #30912]  INFO -- : Mr Bazinga received hole_card 9 of Hearts
I, [2014-04-05T12:20:09.714274 #30912]  INFO -- : NoCo received hole_card 6 of Spades
I, [2014-04-05T12:20:09.714625 #30912]  INFO -- : R3T received hole_card 6 of Diamonds
I, [2014-04-05T12:20:09.714919 #30912]  INFO -- : Mr Bazinga received hole_card Jack of Spades
I, [2014-04-05T12:20:09.715721 #30912]  INFO -- : NoCo made a bet of 20 (raise) and is left with 730 chips. The pot now contains 20 chips.
I, [2014-04-05T12:20:09.716902 #30912]  INFO -- : R3T made a bet of 40 (raise) and is left with 810 chips. The pot now contains 60 chips.
I, [2014-04-05T12:20:09.721557 #30912]  INFO -- : Player Mr Bazinga responded with 500 (200)
I, [2014-04-05T12:20:09.721822 #30912]  INFO -- : Mr Bazinga made a bet of 500 (raise) and is left with 900 chips. The pot now contains 560 chips.
I, [2014-04-05T12:20:09.723481 #30912]  INFO -- : Player NoCo responded with  (200)
I, [2014-04-05T12:20:09.723669 #30912]  INFO -- : NoCo made a bet of 0 (fold) and is left with 730 chips. The pot now contains 560 chips.
I, [2014-04-05T12:20:09.734241 #30912]  INFO -- : Player R3T responded with 0 (200)
I, [2014-04-05T12:20:09.734501 #30912]  INFO -- : R3T made a bet of 0 (fold) and is left with 810 chips. The pot now contains 560 chips.
I, [2014-04-05T12:20:09.734866 #30912]  INFO -- : Mr Bazinga won 560
I, [2014-04-05T12:20:09.738957 #30912]  INFO -- : Player R3T responded with  (200)
I, [2014-04-05T12:20:09.741355 #30912]  INFO -- : Player Mr Bazinga responded with OK (200)
I, [2014-04-05T12:20:09.743759 #30912]  INFO -- : Player NoCo responded with  (200)
I, [2014-04-05T12:20:09.744260 #30912]  INFO -- : R3T received hole_card 3 of Hearts
I, [2014-04-05T12:20:09.744508 #30912]  INFO -- : Mr Bazinga received hole_card 5 of Clubs
I, [2014-04-05T12:20:09.744707 #30912]  INFO -- : NoCo received hole_card Jack of Spades
I, [2014-04-05T12:20:09.744931 #30912]  INFO -- : R3T received hole_card Queen of Spades
I, [2014-04-05T12:20:09.745152 #30912]  INFO -- : Mr Bazinga received hole_card 10 of Hearts
I, [2014-04-05T12:20:09.745369 #30912]  INFO -- : NoCo received hole_card 2 of Spades
I, [2014-04-05T12:20:09.745684 #30912]  INFO -- : R3T made a bet of 20 (raise) and is left with 790 chips. The pot now contains 20 chips.
I, [2014-04-05T12:20:09.745984 #30912]  INFO -- : Mr Bazinga made a bet of 40 (raise) and is left with 1420 chips. The pot now contains 60 chips.
I, [2014-04-05T12:20:09.747908 #30912]  INFO -- : Player NoCo responded with  (200)
I, [2014-04-05T12:20:09.748193 #30912]  INFO -- : NoCo made a bet of 0 (fold) and is left with 730 chips. The pot now contains 60 chips.
I, [2014-04-05T12:20:09.756477 #30912]  INFO -- : Player R3T responded with 0 (200)
I, [2014-04-05T12:20:09.757163 #30912]  INFO -- : R3T made a bet of 0 (fold) and is left with 790 chips. The pot now contains 60 chips.
I, [2014-04-05T12:20:09.760319 #30912]  INFO -- : Player Mr Bazinga responded with 500 (200)
I, [2014-04-05T12:20:09.760572 #30912]  INFO -- : Mr Bazinga made a bet of 500 (raise) and is left with 920 chips. The pot now contains 560 chips.
I, [2014-04-05T12:20:09.761085 #30912]  INFO -- : Mr Bazinga won 560
I, [2014-04-05T12:20:09.764270 #30912]  INFO -- : Player R3T responded with  (200)
I, [2014-04-05T12:20:09.766689 #30912]  INFO -- : Player Mr Bazinga responded with OK (200)
I, [2014-04-05T12:20:09.770027 #30912]  INFO -- : Player NoCo responded with  (200)
I, [2014-04-05T12:20:09.770874 #30912]  INFO -- : Mr Bazinga received hole_card 3 of Hearts
I, [2014-04-05T12:20:09.771499 #30912]  INFO -- : NoCo received hole_card 6 of Hearts
I, [2014-04-05T12:20:09.772070 #30912]  INFO -- : R3T received hole_card Queen of Hearts
I, [2014-04-05T12:20:09.772707 #30912]  INFO -- : Mr Bazinga received hole_card 9 of Spades
I, [2014-04-05T12:20:09.773344 #30912]  INFO -- : NoCo received hole_card 4 of Hearts
I, [2014-04-05T12:20:09.773864 #30912]  INFO -- : R3T received hole_card Jack of Diamonds
I, [2014-04-05T12:20:09.774738 #30912]  INFO -- : Mr Bazinga made a bet of 40 (raise) and is left with 1440 chips. The pot now contains 40 chips.
I, [2014-04-05T12:20:09.775402 #30912]  INFO -- : NoCo made a bet of 80 (raise) and is left with 650 chips. The pot now contains 120 chips.
I, [2014-04-05T12:20:09.792992 #30912]  INFO -- : Player R3T responded with 0 (200)
I, [2014-04-05T12:20:09.793274 #30912]  INFO -- : R3T made a bet of 0 (fold) and is left with 790 chips. The pot now contains 120 chips.
I, [2014-04-05T12:20:09.795064 #30912]  INFO -- : Player Mr Bazinga responded with 500 (200)
I, [2014-04-05T12:20:09.795300 #30912]  INFO -- : Mr Bazinga made a bet of 500 (raise) and is left with 940 chips. The pot now contains 620 chips.
I, [2014-04-05T12:20:09.798658 #30912]  INFO -- : Player NoCo responded with  (200)
I, [2014-04-05T12:20:09.798896 #30912]  INFO -- : NoCo made a bet of 0 (fold) and is left with 650 chips. The pot now contains 620 chips.
I, [2014-04-05T12:20:09.799286 #30912]  INFO -- : Mr Bazinga won 620
I, [2014-04-05T12:20:09.802735 #30912]  INFO -- : Player R3T responded with  (200)
I, [2014-04-05T12:20:09.804713 #30912]  INFO -- : Player Mr Bazinga responded with OK (200)
I, [2014-04-05T12:20:09.806484 #30912]  INFO -- : Player NoCo responded with  (200)
I, [2014-04-05T12:20:09.806738 #30912]  INFO -- : NoCo received hole_card 7 of Spades
I, [2014-04-05T12:20:09.806899 #30912]  INFO -- : R3T received hole_card 4 of Hearts
I, [2014-04-05T12:20:09.807054 #30912]  INFO -- : Mr Bazinga received hole_card King of Hearts
I, [2014-04-05T12:20:09.807200 #30912]  INFO -- : NoCo received hole_card 10 of Clubs
I, [2014-04-05T12:20:09.807358 #30912]  INFO -- : R3T received hole_card Jack of Clubs
I, [2014-04-05T12:20:09.807559 #30912]  INFO -- : Mr Bazinga received hole_card Ace of Diamonds
I, [2014-04-05T12:20:09.807815 #30912]  INFO -- : NoCo made a bet of 40 (raise) and is left with 610 chips. The pot now contains 40 chips.
I, [2014-04-05T12:20:09.808036 #30912]  INFO -- : R3T made a bet of 80 (raise) and is left with 710 chips. The pot now contains 120 chips.
I, [2014-04-05T12:20:09.809432 #30912]  INFO -- : Player Mr Bazinga responded with 500 (200)
I, [2014-04-05T12:20:09.809654 #30912]  INFO -- : Mr Bazinga made a bet of 500 (raise) and is left with 1060 chips. The pot now contains 620 chips.
I, [2014-04-05T12:20:09.811368 #30912]  INFO -- : Player NoCo responded with  (200)
I, [2014-04-05T12:20:09.811565 #30912]  INFO -- : NoCo made a bet of 0 (fold) and is left with 610 chips. The pot now contains 620 chips.
I, [2014-04-05T12:20:09.824845 #30912]  INFO -- : Player R3T responded with 0 (200)
I, [2014-04-05T12:20:09.825314 #30912]  INFO -- : R3T made a bet of 0 (fold) and is left with 710 chips. The pot now contains 620 chips.
I, [2014-04-05T12:20:09.826424 #30912]  INFO -- : Mr Bazinga won 620
I, [2014-04-05T12:20:09.830822 #30912]  INFO -- : Player R3T responded with  (200)
I, [2014-04-05T12:20:09.833644 #30912]  INFO -- : Player Mr Bazinga responded with OK (200)
I, [2014-04-05T12:20:09.837334 #30912]  INFO -- : Player NoCo responded with  (200)
I, [2014-04-05T12:20:09.837914 #30912]  INFO -- : R3T received hole_card 8 of Hearts
I, [2014-04-05T12:20:09.838283 #30912]  INFO -- : Mr Bazinga received hole_card King of Diamonds
I, [2014-04-05T12:20:09.838632 #30912]  INFO -- : NoCo received hole_card 4 of Clubs
I, [2014-04-05T12:20:09.838983 #30912]  INFO -- : R3T received hole_card 2 of Spades
I, [2014-04-05T12:20:09.839333 #30912]  INFO -- : Mr Bazinga received hole_card 9 of Diamonds
I, [2014-04-05T12:20:09.839699 #30912]  INFO -- : NoCo received hole_card 3 of Hearts
I, [2014-04-05T12:20:09.840300 #30912]  INFO -- : R3T made a bet of 40 (raise) and is left with 670 chips. The pot now contains 40 chips.
I, [2014-04-05T12:20:09.840559 #30912]  INFO -- : Mr Bazinga made a bet of 80 (raise) and is left with 1600 chips. The pot now contains 120 chips.
I, [2014-04-05T12:20:09.842905 #30912]  INFO -- : Player NoCo responded with  (200)
I, [2014-04-05T12:20:09.843510 #30912]  INFO -- : NoCo made a bet of 0 (fold) and is left with 610 chips. The pot now contains 120 chips.
I, [2014-04-05T12:20:09.857280 #30912]  INFO -- : Player R3T responded with 0 (200)
I, [2014-04-05T12:20:09.857777 #30912]  INFO -- : R3T made a bet of 0 (fold) and is left with 670 chips. The pot now contains 120 chips.
I, [2014-04-05T12:20:09.861197 #30912]  INFO -- : Player Mr Bazinga responded with 500 (200)
I, [2014-04-05T12:20:09.861566 #30912]  INFO -- : Mr Bazinga made a bet of 500 (raise) and is left with 1100 chips. The pot now contains 620 chips.
I, [2014-04-05T12:20:09.862366 #30912]  INFO -- : Mr Bazinga won 620
I, [2014-04-05T12:20:09.866504 #30912]  INFO -- : Player R3T responded with  (200)
I, [2014-04-05T12:20:09.873246 #30912]  INFO -- : Player Mr Bazinga responded with OK (200)
I, [2014-04-05T12:20:09.875772 #30912]  INFO -- : Player NoCo responded with  (200)
I, [2014-04-05T12:20:09.876715 #30912]  INFO -- : Mr Bazinga received hole_card 8 of Hearts
I, [2014-04-05T12:20:09.877302 #30912]  INFO -- : NoCo received hole_card Jack of Spades
I, [2014-04-05T12:20:09.877807 #30912]  INFO -- : R3T received hole_card 9 of Hearts
I, [2014-04-05T12:20:09.878362 #30912]  INFO -- : Mr Bazinga received hole_card 6 of Spades
I, [2014-04-05T12:20:09.878914 #30912]  INFO -- : NoCo received hole_card 8 of Clubs
I, [2014-04-05T12:20:09.879477 #30912]  INFO -- : R3T received hole_card 5 of Hearts
I, [2014-04-05T12:20:09.880482 #30912]  INFO -- : Mr Bazinga made a bet of 40 (raise) and is left with 1680 chips. The pot now contains 40 chips.
I, [2014-04-05T12:20:09.881383 #30912]  INFO -- : NoCo made a bet of 80 (raise) and is left with 530 chips. The pot now contains 120 chips.
I, [2014-04-05T12:20:09.893167 #30912]  INFO -- : Player R3T responded with 0 (200)
I, [2014-04-05T12:20:09.893778 #30912]  INFO -- : R3T made a bet of 0 (fold) and is left with 670 chips. The pot now contains 120 chips.
I, [2014-04-05T12:20:09.898002 #30912]  INFO -- : Player Mr Bazinga responded with 500 (200)
I, [2014-04-05T12:20:09.898694 #30912]  INFO -- : Mr Bazinga made a bet of 500 (raise) and is left with 1180 chips. The pot now contains 620 chips.
I, [2014-04-05T12:20:09.901829 #30912]  INFO -- : Player NoCo responded with  (200)
I, [2014-04-05T12:20:09.902040 #30912]  INFO -- : NoCo made a bet of 0 (fold) and is left with 530 chips. The pot now contains 620 chips.
I, [2014-04-05T12:20:09.902433 #30912]  INFO -- : Mr Bazinga won 620
I, [2014-04-05T12:20:09.906340 #30912]  INFO -- : Player R3T responded with  (200)
I, [2014-04-05T12:20:09.908134 #30912]  INFO -- : Player Mr Bazinga responded with OK (200)
I, [2014-04-05T12:20:09.911315 #30912]  INFO -- : Player NoCo responded with  (200)
I, [2014-04-05T12:20:09.911952 #30912]  INFO -- : NoCo received hole_card 5 of Spades
I, [2014-04-05T12:20:09.912525 #30912]  INFO -- : R3T received hole_card 3 of Diamonds
I, [2014-04-05T12:20:09.913123 #30912]  INFO -- : Mr Bazinga received hole_card 4 of Diamonds
I, [2014-04-05T12:20:09.913754 #30912]  INFO -- : NoCo received hole_card Ace of Spades
I, [2014-04-05T12:20:09.914330 #30912]  INFO -- : R3T received hole_card King of Hearts
I, [2014-04-05T12:20:09.914891 #30912]  INFO -- : Mr Bazinga received hole_card 8 of Clubs
I, [2014-04-05T12:20:09.915884 #30912]  INFO -- : NoCo made a bet of 40 (raise) and is left with 490 chips. The pot now contains 40 chips.
I, [2014-04-05T12:20:09.916784 #30912]  INFO -- : R3T made a bet of 80 (raise) and is left with 590 chips. The pot now contains 120 chips.
I, [2014-04-05T12:20:09.920551 #30912]  INFO -- : Player Mr Bazinga responded with 500 (200)
I, [2014-04-05T12:20:09.921082 #30912]  INFO -- : Mr Bazinga made a bet of 500 (raise) and is left with 1300 chips. The pot now contains 620 chips.
I, [2014-04-05T12:20:09.925184 #30912]  INFO -- : Player NoCo responded with  (200)
I, [2014-04-05T12:20:09.925496 #30912]  INFO -- : NoCo made a bet of 0 (fold) and is left with 490 chips. The pot now contains 620 chips.
I, [2014-04-05T12:20:09.939520 #30912]  INFO -- : Player R3T responded with 0 (200)
I, [2014-04-05T12:20:09.940267 #30912]  INFO -- : R3T made a bet of 0 (fold) and is left with 590 chips. The pot now contains 620 chips.
I, [2014-04-05T12:20:09.942654 #30912]  INFO -- : Mr Bazinga won 620
I, [2014-04-05T12:20:09.948447 #30912]  INFO -- : Player R3T responded with  (200)
I, [2014-04-05T12:20:09.951794 #30912]  INFO -- : Player Mr Bazinga responded with OK (200)
I, [2014-04-05T12:20:09.955541 #30912]  INFO -- : Player NoCo responded with  (200)
I, [2014-04-05T12:20:09.956131 #30912]  INFO -- : R3T received hole_card Queen of Spades
I, [2014-04-05T12:20:09.956373 #30912]  INFO -- : Mr Bazinga received hole_card 9 of Clubs
I, [2014-04-05T12:20:09.956580 #30912]  INFO -- : NoCo received hole_card 3 of Diamonds
I, [2014-04-05T12:20:09.956790 #30912]  INFO -- : R3T received hole_card 10 of Clubs
I, [2014-04-05T12:20:09.957072 #30912]  INFO -- : Mr Bazinga received hole_card Jack of Diamonds
I, [2014-04-05T12:20:09.957461 #30912]  INFO -- : NoCo received hole_card 4 of Diamonds
I, [2014-04-05T12:20:09.958532 #30912]  INFO -- : R3T made a bet of 40 (raise) and is left with 550 chips. The pot now contains 40 chips.
I, [2014-04-05T12:20:09.959528 #30912]  INFO -- : Mr Bazinga made a bet of 80 (raise) and is left with 1840 chips. The pot now contains 120 chips.
I, [2014-04-05T12:20:09.963971 #30912]  INFO -- : Player NoCo responded with  (200)
I, [2014-04-05T12:20:09.964694 #30912]  INFO -- : NoCo made a bet of 0 (fold) and is left with 490 chips. The pot now contains 120 chips.
I, [2014-04-05T12:20:09.987592 #30912]  INFO -- : Player R3T responded with 0 (200)
I, [2014-04-05T12:20:09.988313 #30912]  INFO -- : R3T made a bet of 0 (fold) and is left with 550 chips. The pot now contains 120 chips.
I, [2014-04-05T12:20:09.991365 #30912]  INFO -- : Player Mr Bazinga responded with 500 (200)
I, [2014-04-05T12:20:09.991667 #30912]  INFO -- : Mr Bazinga made a bet of 500 (raise) and is left with 1340 chips. The pot now contains 620 chips.
I, [2014-04-05T12:20:09.992278 #30912]  INFO -- : Mr Bazinga won 620
I, [2014-04-05T12:20:09.994611 #30912]  INFO -- : Player R3T responded with  (200)
I, [2014-04-05T12:20:09.996235 #30912]  INFO -- : Player Mr Bazinga responded with OK (200)
I, [2014-04-05T12:20:09.997978 #30912]  INFO -- : Player NoCo responded with  (200)
I, [2014-04-05T12:20:09.998274 #30912]  INFO -- : Mr Bazinga received hole_card Ace of Clubs
I, [2014-04-05T12:20:09.998443 #30912]  INFO -- : NoCo received hole_card 5 of Spades
I, [2014-04-05T12:20:09.998603 #30912]  INFO -- : R3T received hole_card Jack of Hearts
I, [2014-04-05T12:20:09.998770 #30912]  INFO -- : Mr Bazinga received hole_card 6 of Diamonds
I, [2014-04-05T12:20:09.998956 #30912]  INFO -- : NoCo received hole_card 7 of Spades
I, [2014-04-05T12:20:09.999119 #30912]  INFO -- : R3T received hole_card 6 of Clubs
I, [2014-04-05T12:20:09.999393 #30912]  INFO -- : Mr Bazinga made a bet of 40 (raise) and is left with 1920 chips. The pot now contains 40 chips.
I, [2014-04-05T12:20:09.999623 #30912]  INFO -- : NoCo made a bet of 80 (raise) and is left with 410 chips. The pot now contains 120 chips.
I, [2014-04-05T12:20:10.005510 #30912]  INFO -- : Player R3T responded with 0 (200)
I, [2014-04-05T12:20:10.005735 #30912]  INFO -- : R3T made a bet of 0 (fold) and is left with 550 chips. The pot now contains 120 chips.
I, [2014-04-05T12:20:10.007705 #30912]  INFO -- : Player Mr Bazinga responded with 500 (200)
I, [2014-04-05T12:20:10.007910 #30912]  INFO -- : Mr Bazinga made a bet of 500 (raise) and is left with 1420 chips. The pot now contains 620 chips.
I, [2014-04-05T12:20:10.011297 #30912]  INFO -- : Player NoCo responded with  (200)
I, [2014-04-05T12:20:10.011742 #30912]  INFO -- : NoCo made a bet of 0 (fold) and is left with 410 chips. The pot now contains 620 chips.
I, [2014-04-05T12:20:10.012641 #30912]  INFO -- : Mr Bazinga won 620
I, [2014-04-05T12:20:10.016592 #30912]  INFO -- : Player R3T responded with  (200)
I, [2014-04-05T12:20:10.019019 #30912]  INFO -- : Player Mr Bazinga responded with OK (200)
I, [2014-04-05T12:20:10.023075 #30912]  INFO -- : Player NoCo responded with  (200)
I, [2014-04-05T12:20:10.024167 #30912]  INFO -- : NoCo received hole_card 5 of Diamonds
I, [2014-04-05T12:20:10.024867 #30912]  INFO -- : R3T received hole_card 6 of Clubs
I, [2014-04-05T12:20:10.025533 #30912]  INFO -- : Mr Bazinga received hole_card 5 of Clubs
I, [2014-04-05T12:20:10.026186 #30912]  INFO -- : NoCo received hole_card 4 of Clubs
I, [2014-04-05T12:20:10.026903 #30912]  INFO -- : R3T received hole_card 2 of Clubs
I, [2014-04-05T12:20:10.027665 #30912]  INFO -- : Mr Bazinga received hole_card Queen of Diamonds
I, [2014-04-05T12:20:10.028660 #30912]  INFO -- : NoCo made a bet of 40 (raise) and is left with 370 chips. The pot now contains 40 chips.
I, [2014-04-05T12:20:10.029591 #30912]  INFO -- : R3T made a bet of 80 (raise) and is left with 470 chips. The pot now contains 120 chips.
I, [2014-04-05T12:20:10.034319 #30912]  INFO -- : Player Mr Bazinga responded with 500 (200)
I, [2014-04-05T12:20:10.034864 #30912]  INFO -- : Mr Bazinga made a bet of 500 (raise) and is left with 1540 chips. The pot now contains 620 chips.
I, [2014-04-05T12:20:10.039801 #30912]  INFO -- : Player NoCo responded with  (200)
I, [2014-04-05T12:20:10.040508 #30912]  INFO -- : NoCo made a bet of 0 (fold) and is left with 370 chips. The pot now contains 620 chips.
I, [2014-04-05T12:20:10.055894 #30912]  INFO -- : Player R3T responded with 0 (200)
I, [2014-04-05T12:20:10.056374 #30912]  INFO -- : R3T made a bet of 0 (fold) and is left with 470 chips. The pot now contains 620 chips.
I, [2014-04-05T12:20:10.056751 #30912]  INFO -- : Mr Bazinga won 620
I, [2014-04-05T12:20:10.060782 #30912]  INFO -- : Player R3T responded with  (200)
I, [2014-04-05T12:20:10.063008 #30912]  INFO -- : Player Mr Bazinga responded with OK (200)
I, [2014-04-05T12:20:10.065226 #30912]  INFO -- : Player NoCo responded with  (200)
I, [2014-04-05T12:20:10.065536 #30912]  INFO -- : R3T received hole_card 9 of Hearts
I, [2014-04-05T12:20:10.065699 #30912]  INFO -- : Mr Bazinga received hole_card Jack of Spades
I, [2014-04-05T12:20:10.065838 #30912]  INFO -- : NoCo received hole_card 7 of Hearts
I, [2014-04-05T12:20:10.065993 #30912]  INFO -- : R3T received hole_card 5 of Diamonds
I, [2014-04-05T12:20:10.066150 #30912]  INFO -- : Mr Bazinga received hole_card 7 of Clubs
I, [2014-04-05T12:20:10.066310 #30912]  INFO -- : NoCo received hole_card 3 of Clubs
I, [2014-04-05T12:20:10.066564 #30912]  INFO -- : R3T made a bet of 40 (raise) and is left with 430 chips. The pot now contains 40 chips.
I, [2014-04-05T12:20:10.066798 #30912]  INFO -- : Mr Bazinga made a bet of 80 (raise) and is left with 2080 chips. The pot now contains 120 chips.
I, [2014-04-05T12:20:10.068379 #30912]  INFO -- : Player NoCo responded with  (200)
I, [2014-04-05T12:20:10.068894 #30912]  INFO -- : NoCo made a bet of 0 (fold) and is left with 370 chips. The pot now contains 120 chips.
I, [2014-04-05T12:20:10.082459 #30912]  INFO -- : Player R3T responded with 0 (200)
I, [2014-04-05T12:20:10.083430 #30912]  INFO -- : R3T made a bet of 0 (fold) and is left with 430 chips. The pot now contains 120 chips.
I, [2014-04-05T12:20:10.087030 #30912]  INFO -- : Player Mr Bazinga responded with 500 (200)
I, [2014-04-05T12:20:10.087641 #30912]  INFO -- : Mr Bazinga made a bet of 500 (raise) and is left with 1580 chips. The pot now contains 620 chips.
I, [2014-04-05T12:20:10.088846 #30912]  INFO -- : Mr Bazinga won 620
I, [2014-04-05T12:20:10.094871 #30912]  INFO -- : Player R3T responded with  (200)
I, [2014-04-05T12:20:10.098952 #30912]  INFO -- : Player Mr Bazinga responded with OK (200)
I, [2014-04-05T12:20:10.102693 #30912]  INFO -- : Player NoCo responded with  (200)
I, [2014-04-05T12:20:10.103599 #30912]  INFO -- : Mr Bazinga received hole_card King of Diamonds
I, [2014-04-05T12:20:10.104349 #30912]  INFO -- : NoCo received hole_card 7 of Diamonds
I, [2014-04-05T12:20:10.104982 #30912]  INFO -- : R3T received hole_card 2 of Hearts
I, [2014-04-05T12:20:10.105516 #30912]  INFO -- : Mr Bazinga received hole_card Jack of Hearts
I, [2014-04-05T12:20:10.106122 #30912]  INFO -- : NoCo received hole_card 6 of Spades
I, [2014-04-05T12:20:10.106691 #30912]  INFO -- : R3T received hole_card 9 of Spades
I, [2014-04-05T12:20:10.107573 #30912]  INFO -- : Mr Bazinga made a bet of 80 (raise) and is left with 2120 chips. The pot now contains 80 chips.
I, [2014-04-05T12:20:10.108421 #30912]  INFO -- : NoCo made a bet of 160 (raise) and is left with 210 chips. The pot now contains 240 chips.
I, [2014-04-05T12:20:10.119337 #30912]  INFO -- : Player R3T responded with 0 (200)
I, [2014-04-05T12:20:10.120101 #30912]  INFO -- : R3T made a bet of 0 (fold) and is left with 430 chips. The pot now contains 240 chips.
I, [2014-04-05T12:20:10.123727 #30912]  INFO -- : Player Mr Bazinga responded with 500 (200)
I, [2014-04-05T12:20:10.124277 #30912]  INFO -- : Mr Bazinga made a bet of 500 (raise) and is left with 1620 chips. The pot now contains 740 chips.
I, [2014-04-05T12:20:10.128873 #30912]  INFO -- : Player NoCo responded with  (200)
I, [2014-04-05T12:20:10.129241 #30912]  INFO -- : NoCo made a bet of 0 (fold) and is left with 210 chips. The pot now contains 740 chips.
I, [2014-04-05T12:20:10.130009 #30912]  INFO -- : Mr Bazinga won 740
I, [2014-04-05T12:20:10.135149 #30912]  INFO -- : Player R3T responded with  (200)
I, [2014-04-05T12:20:10.138681 #30912]  INFO -- : Player Mr Bazinga responded with OK (200)
I, [2014-04-05T12:20:10.141062 #30912]  INFO -- : Player NoCo responded with  (200)
I, [2014-04-05T12:20:10.141834 #30912]  INFO -- : NoCo received hole_card Ace of Diamonds
I, [2014-04-05T12:20:10.142354 #30912]  INFO -- : R3T received hole_card 7 of Clubs
I, [2014-04-05T12:20:10.143041 #30912]  INFO -- : Mr Bazinga received hole_card 5 of Clubs
I, [2014-04-05T12:20:10.143584 #30912]  INFO -- : NoCo received hole_card 8 of Clubs
I, [2014-04-05T12:20:10.144022 #30912]  INFO -- : R3T received hole_card 3 of Spades
I, [2014-04-05T12:20:10.144727 #30912]  INFO -- : Mr Bazinga received hole_card Queen of Hearts
I, [2014-04-05T12:20:10.145787 #30912]  INFO -- : NoCo made a bet of 80 (raise) and is left with 130 chips. The pot now contains 80 chips.
I, [2014-04-05T12:20:10.146737 #30912]  INFO -- : R3T made a bet of 160 (raise) and is left with 270 chips. The pot now contains 240 chips.
I, [2014-04-05T12:20:10.151190 #30912]  INFO -- : Player Mr Bazinga responded with 500 (200)
I, [2014-04-05T12:20:10.151714 #30912]  INFO -- : Mr Bazinga made a bet of 500 (raise) and is left with 1860 chips. The pot now contains 740 chips.
I, [2014-04-05T12:20:10.156634 #30912]  INFO -- : Player NoCo responded with  (200)
I, [2014-04-05T12:20:10.157290 #30912]  INFO -- : NoCo made a bet of 0 (fold) and is left with 130 chips. The pot now contains 740 chips.
I, [2014-04-05T12:20:10.173807 #30912]  INFO -- : Player R3T responded with 0 (200)
I, [2014-04-05T12:20:10.174773 #30912]  INFO -- : R3T made a bet of 0 (fold) and is left with 270 chips. The pot now contains 740 chips.
I, [2014-04-05T12:20:10.175841 #30912]  INFO -- : Mr Bazinga won 740
I, [2014-04-05T12:20:10.180238 #30912]  INFO -- : Player R3T responded with  (200)
I, [2014-04-05T12:20:10.182379 #30912]  INFO -- : Player Mr Bazinga responded with OK (200)
I, [2014-04-05T12:20:10.186066 #30912]  INFO -- : Player NoCo responded with  (200)
I, [2014-04-05T12:20:10.187159 #30912]  INFO -- : R3T received hole_card 5 of Hearts
I, [2014-04-05T12:20:10.187707 #30912]  INFO -- : Mr Bazinga received hole_card Jack of Clubs
I, [2014-04-05T12:20:10.188426 #30912]  INFO -- : NoCo received hole_card 9 of Clubs
I, [2014-04-05T12:20:10.189105 #30912]  INFO -- : R3T received hole_card Ace of Diamonds
I, [2014-04-05T12:20:10.189759 #30912]  INFO -- : Mr Bazinga received hole_card 5 of Clubs
I, [2014-04-05T12:20:10.190399 #30912]  INFO -- : NoCo received hole_card 6 of Diamonds
I, [2014-04-05T12:20:10.191362 #30912]  INFO -- : R3T made a bet of 80 (raise) and is left with 190 chips. The pot now contains 80 chips.
I, [2014-04-05T12:20:10.192277 #30912]  INFO -- : Mr Bazinga made a bet of 160 (raise) and is left with 2440 chips. The pot now contains 240 chips.
I, [2014-04-05T12:20:10.196225 #30912]  INFO -- : Player NoCo responded with  (200)
I, [2014-04-05T12:20:10.197113 #30912]  INFO -- : NoCo made a bet of 0 (fold) and is left with 130 chips. The pot now contains 240 chips.
I, [2014-04-05T12:20:10.213212 #30912]  INFO -- : Player R3T responded with 0 (200)
I, [2014-04-05T12:20:10.213768 #30912]  INFO -- : R3T made a bet of 0 (fold) and is left with 190 chips. The pot now contains 240 chips.
I, [2014-04-05T12:20:10.220188 #30912]  INFO -- : Player Mr Bazinga responded with 500 (200)
I, [2014-04-05T12:20:10.220392 #30912]  INFO -- : Mr Bazinga made a bet of 500 (raise) and is left with 1940 chips. The pot now contains 740 chips.
I, [2014-04-05T12:20:10.220798 #30912]  INFO -- : Mr Bazinga won 740
I, [2014-04-05T12:20:10.225472 #30912]  INFO -- : Player R3T responded with  (200)
I, [2014-04-05T12:20:10.230110 #30912]  INFO -- : Player Mr Bazinga responded with OK (200)
I, [2014-04-05T12:20:10.236388 #30912]  INFO -- : Player NoCo responded with  (200)
I, [2014-04-05T12:20:10.236924 #30912]  INFO -- : Mr Bazinga received hole_card King of Clubs
I, [2014-04-05T12:20:10.237947 #30912]  INFO -- : NoCo received hole_card Ace of Hearts
I, [2014-04-05T12:20:10.238366 #30912]  INFO -- : R3T received hole_card 5 of Hearts
I, [2014-04-05T12:20:10.238712 #30912]  INFO -- : Mr Bazinga received hole_card 7 of Clubs
I, [2014-04-05T12:20:10.239562 #30912]  INFO -- : NoCo received hole_card 8 of Hearts
I, [2014-04-05T12:20:10.240010 #30912]  INFO -- : R3T received hole_card Jack of Clubs
I, [2014-04-05T12:20:10.241099 #30912]  INFO -- : Mr Bazinga made a bet of 80 (raise) and is left with 2600 chips. The pot now contains 80 chips.
I, [2014-04-05T12:20:10.241638 #30912]  INFO -- : NoCo made a bet of 130 (allin) and is left with 0 chips. The pot now contains 210 chips.
I, [2014-04-05T12:20:10.250586 #30912]  INFO -- : Player R3T responded with 0 (200)
I, [2014-04-05T12:20:10.250860 #30912]  INFO -- : R3T made a bet of 0 (fold) and is left with 190 chips. The pot now contains 210 chips.
I, [2014-04-05T12:20:10.252501 #30912]  INFO -- : Player Mr Bazinga responded with 500 (200)
I, [2014-04-05T12:20:10.252708 #30912]  INFO -- : Mr Bazinga made a bet of 500 (raise) and is left with 2100 chips. The pot now contains 710 chips.
I, [2014-04-05T12:20:10.252938 #30912]  INFO -- : community card Queen of Diamonds
I, [2014-04-05T12:20:10.253157 #30912]  INFO -- : community card 6 of Hearts
I, [2014-04-05T12:20:10.253352 #30912]  INFO -- : community card 4 of Clubs
I, [2014-04-05T12:20:10.253539 #30912]  INFO -- : community card 2 of Clubs
I, [2014-04-05T12:20:10.253735 #30912]  INFO -- : community card 8 of Clubs
I, [2014-04-05T12:20:10.254145 #30912]  INFO -- : Mr Bazinga showed 2 of Clubs,4 of Clubs,7 of Clubs,8 of Clubs,King of Clubs making a flush
I, [2014-04-05T12:20:10.254512 #30912]  INFO -- : Mr Bazinga won 710
I, [2014-04-05T12:20:10.257959 #30912]  INFO -- : Player R3T responded with  (200)
I, [2014-04-05T12:20:10.261407 #30912]  INFO -- : Player Mr Bazinga responded with OK (200)
I, [2014-04-05T12:20:10.263968 #30912]  INFO -- : Player NoCo responded with  (200)
I, [2014-04-05T12:20:10.264446 #30912]  INFO -- : R3T received hole_card 10 of Spades
I, [2014-04-05T12:20:10.264766 #30912]  INFO -- : Mr Bazinga received hole_card 5 of Hearts
I, [2014-04-05T12:20:10.265047 #30912]  INFO -- : R3T received hole_card 5 of Clubs
I, [2014-04-05T12:20:10.265313 #30912]  INFO -- : Mr Bazinga received hole_card 4 of Clubs
I, [2014-04-05T12:20:10.265742 #30912]  INFO -- : R3T made a bet of 80 (raise) and is left with 110 chips. The pot now contains 80 chips.
I, [2014-04-05T12:20:10.266162 #30912]  INFO -- : Mr Bazinga made a bet of 160 (raise) and is left with 2650 chips. The pot now contains 240 chips.
I, [2014-04-05T12:20:10.277269 #30912]  INFO -- : Player R3T responded with 0 (200)
I, [2014-04-05T12:20:10.277610 #30912]  INFO -- : R3T made a bet of 0 (fold) and is left with 110 chips. The pot now contains 240 chips.
I, [2014-04-05T12:20:10.284476 #30912]  INFO -- : Player Mr Bazinga responded with 500 (200)
I, [2014-04-05T12:20:10.284961 #30912]  INFO -- : Mr Bazinga made a bet of 500 (raise) and is left with 2150 chips. The pot now contains 740 chips.
I, [2014-04-05T12:20:10.285563 #30912]  INFO -- : Mr Bazinga won 740
I, [2014-04-05T12:20:10.291734 #30912]  INFO -- : Player R3T responded with  (200)
I, [2014-04-05T12:20:10.296201 #30912]  INFO -- : Player Mr Bazinga responded with OK (200)
I, [2014-04-05T12:20:10.298647 #30912]  INFO -- : Player NoCo responded with  (200)
I, [2014-04-05T12:20:10.299011 #30912]  INFO -- : Mr Bazinga received hole_card 4 of Diamonds
I, [2014-04-05T12:20:10.299192 #30912]  INFO -- : R3T received hole_card 4 of Spades
I, [2014-04-05T12:20:10.299392 #30912]  INFO -- : Mr Bazinga received hole_card Jack of Diamonds
I, [2014-04-05T12:20:10.299592 #30912]  INFO -- : R3T received hole_card 5 of Hearts
I, [2014-04-05T12:20:10.299885 #30912]  INFO -- : Mr Bazinga made a bet of 80 (raise) and is left with 2810 chips. The pot now contains 80 chips.
I, [2014-04-05T12:20:10.300171 #30912]  INFO -- : R3T made a bet of 110 (allin) and is left with 0 chips. The pot now contains 190 chips.
I, [2014-04-05T12:20:10.302407 #30912]  INFO -- : Player Mr Bazinga responded with 500 (200)
I, [2014-04-05T12:20:10.302672 #30912]  INFO -- : Mr Bazinga made a bet of 500 (raise) and is left with 2310 chips. The pot now contains 690 chips.
I, [2014-04-05T12:20:10.302994 #30912]  INFO -- : community card 6 of Hearts
I, [2014-04-05T12:20:10.303287 #30912]  INFO -- : community card 10 of Spades
I, [2014-04-05T12:20:10.303610 #30912]  INFO -- : community card 10 of Diamonds
I, [2014-04-05T12:20:10.303923 #30912]  INFO -- : community card 5 of Diamonds
I, [2014-04-05T12:20:10.304682 #30912]  INFO -- : community card Ace of Hearts
I, [2014-04-05T12:20:10.306129 #30912]  INFO -- : Mr Bazinga showed 6 of Hearts,10 of Diamonds,10 of Spades,Jack of Diamonds,Ace of Hearts making a pair
I, [2014-04-05T12:20:10.306709 #30912]  INFO -- : R3T showed 5 of Diamonds,5 of Hearts,10 of Diamonds,10 of Spades,Ace of Hearts making a two pairs
I, [2014-04-05T12:20:10.306981 #30912]  INFO -- : R3T won 220
I, [2014-04-05T12:20:10.307371 #30912]  INFO -- : Mr Bazinga won 470
I, [2014-04-05T12:20:10.310214 #30912]  INFO -- : Player R3T responded with  (200)
I, [2014-04-05T12:20:10.312418 #30912]  INFO -- : Player Mr Bazinga responded with OK (200)
I, [2014-04-05T12:20:10.314231 #30912]  INFO -- : Player NoCo responded with  (200)
I, [2014-04-05T12:20:10.314578 #30912]  INFO -- : R3T received hole_card Queen of Spades
I, [2014-04-05T12:20:10.314798 #30912]  INFO -- : Mr Bazinga received hole_card Queen of Diamonds
I, [2014-04-05T12:20:10.314999 #30912]  INFO -- : R3T received hole_card 2 of Spades
I, [2014-04-05T12:20:10.315187 #30912]  INFO -- : Mr Bazinga received hole_card 6 of Clubs
I, [2014-04-05T12:20:10.315530 #30912]  INFO -- : R3T made a bet of 80 (raise) and is left with 140 chips. The pot now contains 80 chips.
I, [2014-04-05T12:20:10.315811 #30912]  INFO -- : Mr Bazinga made a bet of 160 (raise) and is left with 2620 chips. The pot now contains 240 chips.
I, [2014-04-05T12:20:10.325367 #30912]  INFO -- : Player R3T responded with 0 (200)
I, [2014-04-05T12:20:10.325601 #30912]  INFO -- : R3T made a bet of 0 (fold) and is left with 140 chips. The pot now contains 240 chips.
I, [2014-04-05T12:20:10.327401 #30912]  INFO -- : Player Mr Bazinga responded with 500 (200)
I, [2014-04-05T12:20:10.327632 #30912]  INFO -- : Mr Bazinga made a bet of 500 (raise) and is left with 2120 chips. The pot now contains 740 chips.
I, [2014-04-05T12:20:10.328013 #30912]  INFO -- : Mr Bazinga won 740
I, [2014-04-05T12:20:10.330259 #30912]  INFO -- : Player R3T responded with  (200)
I, [2014-04-05T12:20:10.331850 #30912]  INFO -- : Player Mr Bazinga responded with OK (200)
I, [2014-04-05T12:20:10.333388 #30912]  INFO -- : Player NoCo responded with  (200)
I, [2014-04-05T12:20:10.333674 #30912]  INFO -- : Mr Bazinga received hole_card 2 of Diamonds
I, [2014-04-05T12:20:10.333849 #30912]  INFO -- : R3T received hole_card Jack of Diamonds
I, [2014-04-05T12:20:10.334023 #30912]  INFO -- : Mr Bazinga received hole_card 10 of Clubs
I, [2014-04-05T12:20:10.334182 #30912]  INFO -- : R3T received hole_card 5 of Clubs
I, [2014-04-05T12:20:10.334466 #30912]  INFO -- : Mr Bazinga made a bet of 80 (raise) and is left with 2780 chips. The pot now contains 80 chips.
I, [2014-04-05T12:20:10.334740 #30912]  INFO -- : R3T made a bet of 140 (allin) and is left with 0 chips. The pot now contains 220 chips.
I, [2014-04-05T12:20:10.336511 #30912]  INFO -- : Player Mr Bazinga responded with 500 (200)
I, [2014-04-05T12:20:10.336743 #30912]  INFO -- : Mr Bazinga made a bet of 500 (raise) and is left with 2280 chips. The pot now contains 720 chips.
I, [2014-04-05T12:20:10.336996 #30912]  INFO -- : community card 6 of Diamonds
I, [2014-04-05T12:20:10.337178 #30912]  INFO -- : community card 3 of Hearts
I, [2014-04-05T12:20:10.337363 #30912]  INFO -- : community card Ace of Clubs
I, [2014-04-05T12:20:10.337546 #30912]  INFO -- : community card 8 of Hearts
I, [2014-04-05T12:20:10.337733 #30912]  INFO -- : community card 5 of Hearts
I, [2014-04-05T12:20:10.338194 #30912]  INFO -- : Mr Bazinga showed 5 of Hearts,6 of Diamonds,8 of Hearts,10 of Clubs,Ace of Clubs making a high card
I, [2014-04-05T12:20:10.339041 #30912]  INFO -- : R3T showed 5 of Hearts,5 of Clubs,8 of Hearts,Jack of Diamonds,Ace of Clubs making a pair
I, [2014-04-05T12:20:10.339551 #30912]  INFO -- : R3T won 280
I, [2014-04-05T12:20:10.340734 #30912]  INFO -- : Mr Bazinga won 440
I, [2014-04-05T12:20:10.343342 #30912]  INFO -- : Player R3T responded with  (200)
I, [2014-04-05T12:20:10.345097 #30912]  INFO -- : Player Mr Bazinga responded with OK (200)
I, [2014-04-05T12:20:10.346707 #30912]  INFO -- : Player NoCo responded with  (200)
I, [2014-04-05T12:20:10.347012 #30912]  INFO -- : R3T received hole_card 8 of Spades
I, [2014-04-05T12:20:10.347186 #30912]  INFO -- : Mr Bazinga received hole_card 7 of Hearts
I, [2014-04-05T12:20:10.347352 #30912]  INFO -- : R3T received hole_card 3 of Diamonds
I, [2014-04-05T12:20:10.347555 #30912]  INFO -- : Mr Bazinga received hole_card King of Clubs
I, [2014-04-05T12:20:10.347827 #30912]  INFO -- : R3T made a bet of 80 (raise) and is left with 200 chips. The pot now contains 80 chips.
I, [2014-04-05T12:20:10.348075 #30912]  INFO -- : Mr Bazinga made a bet of 160 (raise) and is left with 2560 chips. The pot now contains 240 chips.
I, [2014-04-05T12:20:10.358626 #30912]  INFO -- : Player R3T responded with 0 (200)
I, [2014-04-05T12:20:10.358897 #30912]  INFO -- : R3T made a bet of 0 (fold) and is left with 200 chips. The pot now contains 240 chips.
I, [2014-04-05T12:20:10.360725 #30912]  INFO -- : Player Mr Bazinga responded with 500 (200)
I, [2014-04-05T12:20:10.360967 #30912]  INFO -- : Mr Bazinga made a bet of 500 (raise) and is left with 2060 chips. The pot now contains 740 chips.
I, [2014-04-05T12:20:10.361716 #30912]  INFO -- : Mr Bazinga won 740
I, [2014-04-05T12:20:10.364538 #30912]  INFO -- : Player R3T responded with  (200)
I, [2014-04-05T12:20:10.367145 #30912]  INFO -- : Player Mr Bazinga responded with OK (200)
I, [2014-04-05T12:20:10.369307 #30912]  INFO -- : Player NoCo responded with  (200)
I, [2014-04-05T12:20:10.369625 #30912]  INFO -- : Mr Bazinga received hole_card Queen of Spades
I, [2014-04-05T12:20:10.369780 #30912]  INFO -- : R3T received hole_card 9 of Spades
I, [2014-04-05T12:20:10.369959 #30912]  INFO -- : Mr Bazinga received hole_card 7 of Clubs
I, [2014-04-05T12:20:10.370130 #30912]  INFO -- : R3T received hole_card 5 of Hearts
I, [2014-04-05T12:20:10.370392 #30912]  INFO -- : Mr Bazinga made a bet of 160 (raise) and is left with 2640 chips. The pot now contains 160 chips.
I, [2014-04-05T12:20:10.370623 #30912]  INFO -- : R3T made a bet of 200 (allin) and is left with 0 chips. The pot now contains 360 chips.
I, [2014-04-05T12:20:10.372284 #30912]  INFO -- : Player Mr Bazinga responded with 500 (200)
I, [2014-04-05T12:20:10.372594 #30912]  INFO -- : Mr Bazinga made a bet of 500 (raise) and is left with 2140 chips. The pot now contains 860 chips.
I, [2014-04-05T12:20:10.372927 #30912]  INFO -- : community card 4 of Hearts
I, [2014-04-05T12:20:10.373239 #30912]  INFO -- : community card Ace of Spades
I, [2014-04-05T12:20:10.373524 #30912]  INFO -- : community card 5 of Spades
I, [2014-04-05T12:20:10.373740 #30912]  INFO -- : community card 2 of Diamonds
I, [2014-04-05T12:20:10.373924 #30912]  INFO -- : community card 9 of Diamonds
I, [2014-04-05T12:20:10.374367 #30912]  INFO -- : Mr Bazinga showed 5 of Spades,7 of Clubs,9 of Diamonds,Queen of Spades,Ace of Spades making a high card
I, [2014-04-05T12:20:10.374821 #30912]  INFO -- : R3T showed 5 of Spades,5 of Hearts,9 of Spades,9 of Diamonds,Ace of Spades making a two pairs
I, [2014-04-05T12:20:10.375020 #30912]  INFO -- : R3T won 400
I, [2014-04-05T12:20:10.375355 #30912]  INFO -- : Mr Bazinga won 460
I, [2014-04-05T12:20:10.378234 #30912]  INFO -- : Player R3T responded with  (200)
I, [2014-04-05T12:20:10.380061 #30912]  INFO -- : Player Mr Bazinga responded with OK (200)
I, [2014-04-05T12:20:10.383745 #30912]  INFO -- : Player NoCo responded with  (200)
I, [2014-04-05T12:20:10.384343 #30912]  INFO -- : R3T received hole_card Queen of Diamonds
I, [2014-04-05T12:20:10.384662 #30912]  INFO -- : Mr Bazinga received hole_card 5 of Clubs
I, [2014-04-05T12:20:10.385041 #30912]  INFO -- : R3T received hole_card Jack of Clubs
I, [2014-04-05T12:20:10.385540 #30912]  INFO -- : Mr Bazinga received hole_card 8 of Spades
I, [2014-04-05T12:20:10.386880 #30912]  INFO -- : R3T made a bet of 160 (raise) and is left with 240 chips. The pot now contains 160 chips.
I, [2014-04-05T12:20:10.387362 #30912]  INFO -- : Mr Bazinga made a bet of 320 (raise) and is left with 2280 chips. The pot now contains 480 chips.
I, [2014-04-05T12:20:10.395443 #30912]  INFO -- : Player R3T responded with 0 (200)
I, [2014-04-05T12:20:10.395702 #30912]  INFO -- : R3T made a bet of 0 (fold) and is left with 240 chips. The pot now contains 480 chips.
I, [2014-04-05T12:20:10.397405 #30912]  INFO -- : Player Mr Bazinga responded with 500 (200)
I, [2014-04-05T12:20:10.397621 #30912]  INFO -- : Mr Bazinga made a bet of 500 (raise) and is left with 1780 chips. The pot now contains 980 chips.
I, [2014-04-05T12:20:10.398000 #30912]  INFO -- : Mr Bazinga won 980
I, [2014-04-05T12:20:10.400177 #30912]  INFO -- : Player R3T responded with  (200)
I, [2014-04-05T12:20:10.401738 #30912]  INFO -- : Player Mr Bazinga responded with OK (200)
I, [2014-04-05T12:20:10.403155 #30912]  INFO -- : Player NoCo responded with  (200)
I, [2014-04-05T12:20:10.403454 #30912]  INFO -- : Mr Bazinga received hole_card Queen of Hearts
I, [2014-04-05T12:20:10.403637 #30912]  INFO -- : R3T received hole_card 4 of Hearts
I, [2014-04-05T12:20:10.403809 #30912]  INFO -- : Mr Bazinga received hole_card 4 of Spades
I, [2014-04-05T12:20:10.403957 #30912]  INFO -- : R3T received hole_card Jack of Diamonds
I, [2014-04-05T12:20:10.404274 #30912]  INFO -- : Mr Bazinga made a bet of 160 (raise) and is left with 2600 chips. The pot now contains 160 chips.
I, [2014-04-05T12:20:10.404516 #30912]  INFO -- : R3T made a bet of 240 (allin) and is left with 0 chips. The pot now contains 400 chips.
I, [2014-04-05T12:20:10.407063 #30912]  INFO -- : Player Mr Bazinga responded with 500 (200)
I, [2014-04-05T12:20:10.407318 #30912]  INFO -- : Mr Bazinga made a bet of 500 (raise) and is left with 2100 chips. The pot now contains 900 chips.
I, [2014-04-05T12:20:10.407542 #30912]  INFO -- : community card 5 of Spades
I, [2014-04-05T12:20:10.407711 #30912]  INFO -- : community card Jack of Spades
I, [2014-04-05T12:20:10.407890 #30912]  INFO -- : community card 3 of Clubs
I, [2014-04-05T12:20:10.408099 #30912]  INFO -- : community card 10 of Diamonds
I, [2014-04-05T12:20:10.408278 #30912]  INFO -- : community card 9 of Diamonds
I, [2014-04-05T12:20:10.408726 #30912]  INFO -- : Mr Bazinga showed 5 of Spades,9 of Diamonds,10 of Diamonds,Jack of Spades,Queen of Hearts making a high card
I, [2014-04-05T12:20:10.409180 #30912]  INFO -- : R3T showed 5 of Spades,9 of Diamonds,10 of Diamonds,Jack of Diamonds,Jack of Spades making a pair
I, [2014-04-05T12:20:10.409493 #30912]  INFO -- : R3T won 480
I, [2014-04-05T12:20:10.410035 #30912]  INFO -- : Mr Bazinga won 420
I, [2014-04-05T12:20:10.415095 #30912]  INFO -- : Player R3T responded with  (200)
I, [2014-04-05T12:20:10.418661 #30912]  INFO -- : Player Mr Bazinga responded with OK (200)
I, [2014-04-05T12:20:10.420848 #30912]  INFO -- : Player NoCo responded with  (200)
I, [2014-04-05T12:20:10.421192 #30912]  INFO -- : R3T received hole_card 5 of Clubs
I, [2014-04-05T12:20:10.421378 #30912]  INFO -- : Mr Bazinga received hole_card 7 of Spades
I, [2014-04-05T12:20:10.421591 #30912]  INFO -- : R3T received hole_card Ace of Spades
I, [2014-04-05T12:20:10.421792 #30912]  INFO -- : Mr Bazinga received hole_card Queen of Spades
I, [2014-04-05T12:20:10.422091 #30912]  INFO -- : R3T made a bet of 160 (raise) and is left with 320 chips. The pot now contains 160 chips.
I, [2014-04-05T12:20:10.422350 #30912]  INFO -- : Mr Bazinga made a bet of 320 (raise) and is left with 2200 chips. The pot now contains 480 chips.
I, [2014-04-05T12:20:10.433096 #30912]  INFO -- : Player R3T responded with 0 (200)
I, [2014-04-05T12:20:10.433492 #30912]  INFO -- : R3T made a bet of 0 (fold) and is left with 320 chips. The pot now contains 480 chips.
I, [2014-04-05T12:20:10.440493 #30912]  INFO -- : Player Mr Bazinga responded with 500 (200)
I, [2014-04-05T12:20:10.440872 #30912]  INFO -- : Mr Bazinga made a bet of 500 (raise) and is left with 1700 chips. The pot now contains 980 chips.
I, [2014-04-05T12:20:10.441596 #30912]  INFO -- : Mr Bazinga won 980
I, [2014-04-05T12:20:10.445061 #30912]  INFO -- : Player R3T responded with  (200)
I, [2014-04-05T12:20:10.446701 #30912]  INFO -- : Player Mr Bazinga responded with OK (200)
I, [2014-04-05T12:20:10.450270 #30912]  INFO -- : Player NoCo responded with  (200)
I, [2014-04-05T12:20:10.450653 #30912]  INFO -- : Mr Bazinga received hole_card 4 of Spades
I, [2014-04-05T12:20:10.450868 #30912]  INFO -- : R3T received hole_card 7 of Spades
I, [2014-04-05T12:20:10.451064 #30912]  INFO -- : Mr Bazinga received hole_card Jack of Hearts
I, [2014-04-05T12:20:10.451265 #30912]  INFO -- : R3T received hole_card 7 of Diamonds
I, [2014-04-05T12:20:10.451633 #30912]  INFO -- : Mr Bazinga made a bet of 160 (raise) and is left with 2520 chips. The pot now contains 160 chips.
I, [2014-04-05T12:20:10.451952 #30912]  INFO -- : R3T made a bet of 320 (allin) and is left with 0 chips. The pot now contains 480 chips.
I, [2014-04-05T12:20:10.453950 #30912]  INFO -- : Player Mr Bazinga responded with 500 (200)
I, [2014-04-05T12:20:10.454159 #30912]  INFO -- : Mr Bazinga made a bet of 500 (raise) and is left with 2020 chips. The pot now contains 980 chips.
I, [2014-04-05T12:20:10.454394 #30912]  INFO -- : community card 8 of Spades
I, [2014-04-05T12:20:10.454556 #30912]  INFO -- : community card 6 of Hearts
I, [2014-04-05T12:20:10.454725 #30912]  INFO -- : community card 9 of Spades
I, [2014-04-05T12:20:10.454928 #30912]  INFO -- : community card 6 of Spades
I, [2014-04-05T12:20:10.455102 #30912]  INFO -- : community card 9 of Diamonds
I, [2014-04-05T12:20:10.455539 #30912]  INFO -- : Mr Bazinga showed 6 of Hearts,6 of Spades,9 of Spades,9 of Diamonds,Jack of Hearts making a two pairs
I, [2014-04-05T12:20:10.455972 #30912]  INFO -- : R3T showed 7 of Diamonds,7 of Spades,8 of Spades,9 of Spades,9 of Diamonds making a two pairs
I, [2014-04-05T12:20:10.456262 #30912]  INFO -- : R3T won 640
I, [2014-04-05T12:20:10.456627 #30912]  INFO -- : Mr Bazinga won 340
I, [2014-04-05T12:20:10.458965 #30912]  INFO -- : Player R3T responded with  (200)
I, [2014-04-05T12:20:10.461504 #30912]  INFO -- : Player Mr Bazinga responded with OK (200)
I, [2014-04-05T12:20:10.464504 #30912]  INFO -- : Player NoCo responded with  (200)
I, [2014-04-05T12:20:10.465014 #30912]  INFO -- : R3T received hole_card 8 of Diamonds
I, [2014-04-05T12:20:10.465490 #30912]  INFO -- : Mr Bazinga received hole_card 9 of Hearts
I, [2014-04-05T12:20:10.465912 #30912]  INFO -- : R3T received hole_card King of Hearts
I, [2014-04-05T12:20:10.466956 #30912]  INFO -- : Mr Bazinga received hole_card King of Spades
I, [2014-04-05T12:20:10.468582 #30912]  INFO -- : R3T made a bet of 160 (raise) and is left with 480 chips. The pot now contains 160 chips.
I, [2014-04-05T12:20:10.470363 #30912]  INFO -- : Mr Bazinga made a bet of 320 (raise) and is left with 2040 chips. The pot now contains 480 chips.
I, [2014-04-05T12:20:10.483836 #30912]  INFO -- : Player R3T responded with 0 (200)
I, [2014-04-05T12:20:10.484196 #30912]  INFO -- : R3T made a bet of 0 (fold) and is left with 480 chips. The pot now contains 480 chips.
I, [2014-04-05T12:20:10.486404 #30912]  INFO -- : Player Mr Bazinga responded with 500 (200)
I, [2014-04-05T12:20:10.486673 #30912]  INFO -- : Mr Bazinga made a bet of 500 (raise) and is left with 1540 chips. The pot now contains 980 chips.
I, [2014-04-05T12:20:10.487047 #30912]  INFO -- : Mr Bazinga won 980
I, [2014-04-05T12:20:10.490929 #30912]  INFO -- : Player R3T responded with  (200)
I, [2014-04-05T12:20:10.492562 #30912]  INFO -- : Player Mr Bazinga responded with OK (200)
I, [2014-04-05T12:20:10.494068 #30912]  INFO -- : Player NoCo responded with  (200)
I, [2014-04-05T12:20:10.494404 #30912]  INFO -- : Mr Bazinga received hole_card 9 of Diamonds
I, [2014-04-05T12:20:10.494586 #30912]  INFO -- : R3T received hole_card King of Hearts
I, [2014-04-05T12:20:10.494763 #30912]  INFO -- : Mr Bazinga received hole_card Ace of Hearts
I, [2014-04-05T12:20:10.494915 #30912]  INFO -- : R3T received hole_card 6 of Spades
I, [2014-04-05T12:20:10.495182 #30912]  INFO -- : Mr Bazinga made a bet of 160 (raise) and is left with 2360 chips. The pot now contains 160 chips.
I, [2014-04-05T12:20:10.495443 #30912]  INFO -- : R3T made a bet of 320 (raise) and is left with 160 chips. The pot now contains 480 chips.
I, [2014-04-05T12:20:10.497287 #30912]  INFO -- : Player Mr Bazinga responded with 500 (200)
I, [2014-04-05T12:20:10.497534 #30912]  INFO -- : Mr Bazinga made a bet of 500 (raise) and is left with 1860 chips. The pot now contains 980 chips.
I, [2014-04-05T12:20:10.504448 #30912]  INFO -- : Player R3T responded with 0 (200)
I, [2014-04-05T12:20:10.504837 #30912]  INFO -- : R3T made a bet of 0 (fold) and is left with 160 chips. The pot now contains 980 chips.
I, [2014-04-05T12:20:10.506002 #30912]  INFO -- : Mr Bazinga won 980
I, [2014-04-05T12:20:10.510308 #30912]  INFO -- : Player R3T responded with  (200)
I, [2014-04-05T12:20:10.515061 #30912]  INFO -- : Player Mr Bazinga responded with OK (200)
I, [2014-04-05T12:20:10.517332 #30912]  INFO -- : Player NoCo responded with  (200)
I, [2014-04-05T12:20:10.517701 #30912]  INFO -- : R3T received hole_card 6 of Diamonds
I, [2014-04-05T12:20:10.517933 #30912]  INFO -- : Mr Bazinga received hole_card 3 of Diamonds
I, [2014-04-05T12:20:10.518140 #30912]  INFO -- : R3T received hole_card Queen of Spades
I, [2014-04-05T12:20:10.518373 #30912]  INFO -- : Mr Bazinga received hole_card 2 of Clubs
I, [2014-04-05T12:20:10.518707 #30912]  INFO -- : R3T made a bet of 160 (allin) and is left with 0 chips. The pot now contains 160 chips.
I, [2014-04-05T12:20:10.518995 #30912]  INFO -- : Mr Bazinga made a bet of 320 (raise) and is left with 2520 chips. The pot now contains 480 chips.
I, [2014-04-05T12:20:10.521412 #30912]  INFO -- : Player Mr Bazinga responded with 500 (200)
I, [2014-04-05T12:20:10.521831 #30912]  INFO -- : Mr Bazinga made a bet of 500 (raise) and is left with 2020 chips. The pot now contains 980 chips.
I, [2014-04-05T12:20:10.522574 #30912]  INFO -- : community card 4 of Clubs
I, [2014-04-05T12:20:10.523227 #30912]  INFO -- : community card 9 of Clubs
I, [2014-04-05T12:20:10.523812 #30912]  INFO -- : community card 7 of Hearts
I, [2014-04-05T12:20:10.524585 #30912]  INFO -- : community card 4 of Hearts
I, [2014-04-05T12:20:10.525248 #30912]  INFO -- : community card King of Diamonds
I, [2014-04-05T12:20:10.526781 #30912]  INFO -- : Mr Bazinga showed 4 of Clubs,4 of Hearts,7 of Hearts,9 of Clubs,King of Diamonds making a pair
I, [2014-04-05T12:20:10.528358 #30912]  INFO -- : R3T showed 4 of Hearts,4 of Clubs,9 of Clubs,Queen of Spades,King of Diamonds making a pair
I, [2014-04-05T12:20:10.529099 #30912]  INFO -- : R3T won 320
I, [2014-04-05T12:20:10.530267 #30912]  INFO -- : Mr Bazinga won 660
I, [2014-04-05T12:20:10.537642 #30912]  INFO -- : Player R3T responded with  (200)
I, [2014-04-05T12:20:10.543513 #30912]  INFO -- : Player Mr Bazinga responded with OK (200)
I, [2014-04-05T12:20:10.548362 #30912]  INFO -- : Player NoCo responded with  (200)
I, [2014-04-05T12:20:10.549292 #30912]  INFO -- : Mr Bazinga received hole_card 6 of Diamonds
I, [2014-04-05T12:20:10.549887 #30912]  INFO -- : R3T received hole_card Jack of Hearts
I, [2014-04-05T12:20:10.550497 #30912]  INFO -- : Mr Bazinga received hole_card King of Hearts
I, [2014-04-05T12:20:10.551041 #30912]  INFO -- : R3T received hole_card 10 of Diamonds
I, [2014-04-05T12:20:10.552011 #30912]  INFO -- : Mr Bazinga made a bet of 160 (raise) and is left with 2520 chips. The pot now contains 160 chips.
I, [2014-04-05T12:20:10.552853 #30912]  INFO -- : R3T made a bet of 320 (allin) and is left with 0 chips. The pot now contains 480 chips.
I, [2014-04-05T12:20:10.558061 #30912]  INFO -- : Player Mr Bazinga responded with 500 (200)
I, [2014-04-05T12:20:10.558688 #30912]  INFO -- : Mr Bazinga made a bet of 500 (raise) and is left with 2020 chips. The pot now contains 980 chips.
I, [2014-04-05T12:20:10.559432 #30912]  INFO -- : community card 9 of Spades
I, [2014-04-05T12:20:10.560085 #30912]  INFO -- : community card Queen of Spades
I, [2014-04-05T12:20:10.560719 #30912]  INFO -- : community card 4 of Spades
I, [2014-04-05T12:20:10.561375 #30912]  INFO -- : community card 7 of Spades
I, [2014-04-05T12:20:10.562005 #30912]  INFO -- : community card 8 of Clubs
I, [2014-04-05T12:20:10.563528 #30912]  INFO -- : Mr Bazinga showed 7 of Spades,8 of Clubs,9 of Spades,Queen of Spades,King of Hearts making a high card
I, [2014-04-05T12:20:10.564969 #30912]  INFO -- : R3T showed 8 of Clubs,9 of Spades,10 of Diamonds,Jack of Hearts,Queen of Spades making a straight
I, [2014-04-05T12:20:10.565338 #30912]  INFO -- : R3T won 640
I, [2014-04-05T12:20:10.565872 #30912]  INFO -- : Mr Bazinga won 340
I, [2014-04-05T12:20:10.571095 #30912]  INFO -- : Player R3T responded with  (200)
I, [2014-04-05T12:20:10.575906 #30912]  INFO -- : Player Mr Bazinga responded with OK (200)
I, [2014-04-05T12:20:10.580997 #30912]  INFO -- : Player NoCo responded with  (200)
I, [2014-04-05T12:20:10.581900 #30912]  INFO -- : R3T received hole_card 5 of Clubs
I, [2014-04-05T12:20:10.582415 #30912]  INFO -- : Mr Bazinga received hole_card Jack of Clubs
I, [2014-04-05T12:20:10.583002 #30912]  INFO -- : R3T received hole_card 4 of Clubs
I, [2014-04-05T12:20:10.583590 #30912]  INFO -- : Mr Bazinga received hole_card 5 of Hearts
I, [2014-04-05T12:20:10.584662 #30912]  INFO -- : R3T made a bet of 320 (raise) and is left with 320 chips. The pot now contains 320 chips.
I, [2014-04-05T12:20:10.585455 #30912]  INFO -- : Mr Bazinga made a bet of 640 (raise) and is left with 1720 chips. The pot now contains 960 chips.
I, [2014-04-05T12:20:10.602010 #30912]  INFO -- : Player R3T responded with 0 (200)
I, [2014-04-05T12:20:10.603326 #30912]  INFO -- : R3T made a bet of 0 (fold) and is left with 320 chips. The pot now contains 960 chips.
I, [2014-04-05T12:20:10.608321 #30912]  INFO -- : Player Mr Bazinga responded with 500 (200)
I, [2014-04-05T12:20:10.608798 #30912]  INFO -- : Mr Bazinga made a bet of 500 (raise) and is left with 1220 chips. The pot now contains 1460 chips.
I, [2014-04-05T12:20:10.609911 #30912]  INFO -- : Mr Bazinga won 1460
I, [2014-04-05T12:20:10.613696 #30912]  INFO -- : Player R3T responded with  (200)
I, [2014-04-05T12:20:10.616695 #30912]  INFO -- : Player Mr Bazinga responded with OK (200)
I, [2014-04-05T12:20:10.619124 #30912]  INFO -- : Player NoCo responded with  (200)
I, [2014-04-05T12:20:10.620017 #30912]  INFO -- : Mr Bazinga received hole_card King of Hearts
I, [2014-04-05T12:20:10.620834 #30912]  INFO -- : R3T received hole_card 9 of Clubs
I, [2014-04-05T12:20:10.621550 #30912]  INFO -- : Mr Bazinga received hole_card Jack of Diamonds
I, [2014-04-05T12:20:10.622104 #30912]  INFO -- : R3T received hole_card 8 of Hearts
I, [2014-04-05T12:20:10.623010 #30912]  INFO -- : Mr Bazinga made a bet of 320 (raise) and is left with 2360 chips. The pot now contains 320 chips.
I, [2014-04-05T12:20:10.624299 #30912]  INFO -- : R3T made a bet of 320 (allin) and is left with 0 chips. The pot now contains 640 chips.
I, [2014-04-05T12:20:10.631036 #30912]  INFO -- : Player Mr Bazinga responded with 500 (200)
I, [2014-04-05T12:20:10.631501 #30912]  INFO -- : Mr Bazinga made a bet of 500 (raise) and is left with 1860 chips. The pot now contains 1140 chips.
I, [2014-04-05T12:20:10.631840 #30912]  INFO -- : community card King of Clubs
I, [2014-04-05T12:20:10.632330 #30912]  INFO -- : community card 6 of Diamonds
I, [2014-04-05T12:20:10.632568 #30912]  INFO -- : community card Queen of Diamonds
I, [2014-04-05T12:20:10.632837 #30912]  INFO -- : community card Jack of Clubs
I, [2014-04-05T12:20:10.633046 #30912]  INFO -- : community card 7 of Spades
I, [2014-04-05T12:20:10.633873 #30912]  INFO -- : Mr Bazinga showed Jack of Diamonds,Jack of Clubs,Queen of Diamonds,King of Clubs,King of Hearts making a two pairs
I, [2014-04-05T12:20:10.634798 #30912]  INFO -- : Mr Bazinga won 1140
I, [2014-04-05T12:20:10.641128 #30912]  INFO -- : Player R3T responded with  (200)
I, [2014-04-05T12:20:10.645080 #30912]  INFO -- : Player Mr Bazinga responded with OK (200)
I, [2014-04-05T12:20:10.649471 #30912]  INFO -- : Player NoCo responded with  (200)
