# Logfile created on 2014-04-05 11:20:25 +0200 by logger.rb/44203
I, [2014-04-05T11:20:25.023148 #8665]  INFO -- : Reseting R3T to origin/master
I, [2014-04-05T11:20:25.981001 #8665]  INFO -- : Reseting Mr Bazinga to origin/master
I, [2014-04-05T11:20:27.636774 #8665]  INFO -- : Reseting NoCo to origin/master
I, [2014-04-05T11:20:29.294026 #8665]  INFO -- : Connected R3T at http://localhost:8080/
I, [2014-04-05T11:20:29.297259 #8665]  INFO -- : Connected Mr Bazinga at http://localhost:1337/
I, [2014-04-05T11:20:29.300646 #8665]  INFO -- : Connected NoCo at http://localhost:8000/player_service.php
E, [2014-04-05T11:20:29.303159 #8665] ERROR -- : Connection refused - connect(2) for "localhost" port 8080
E, [2014-04-05T11:20:29.303346 #8665] ERROR -- : Player R3T is unreachable
I, [2014-04-05T11:20:29.303552 #8665]  INFO -- : Waiting for players to start
E, [2014-04-05T11:20:30.304804 #8665] ERROR -- : Connection refused - connect(2) for "localhost" port 8080
E, [2014-04-05T11:20:30.304930 #8665] ERROR -- : Player R3T is unreachable
I, [2014-04-05T11:20:30.304993 #8665]  INFO -- : Waiting for players to start
E, [2014-04-05T11:20:31.305496 #8665] ERROR -- : Connection refused - connect(2) for "localhost" port 8080
E, [2014-04-05T11:20:31.305632 #8665] ERROR -- : Player R3T is unreachable
I, [2014-04-05T11:20:31.305713 #8665]  INFO -- : Waiting for players to start
E, [2014-04-05T11:20:32.306571 #8665] ERROR -- : Connection refused - connect(2) for "localhost" port 8080
E, [2014-04-05T11:20:32.306771 #8665] ERROR -- : Player R3T is unreachable
I, [2014-04-05T11:20:32.306900 #8665]  INFO -- : Waiting for players to start
E, [2014-04-05T11:20:33.307663 #8665] ERROR -- : Connection refused - connect(2) for "localhost" port 8080
E, [2014-04-05T11:20:33.307897 #8665] ERROR -- : Player R3T is unreachable
I, [2014-04-05T11:20:33.309326 #8665]  INFO -- : Waiting for players to start
E, [2014-04-05T11:20:34.310749 #8665] ERROR -- : Connection refused - connect(2) for "localhost" port 8080
E, [2014-04-05T11:20:34.310882 #8665] ERROR -- : Player R3T is unreachable
I, [2014-04-05T11:20:34.310976 #8665]  INFO -- : Waiting for players to start
E, [2014-04-05T11:20:35.312021 #8665] ERROR -- : Connection refused - connect(2) for "localhost" port 8080
E, [2014-04-05T11:20:35.312329 #8665] ERROR -- : Player R3T is unreachable
I, [2014-04-05T11:20:35.312504 #8665]  INFO -- : Waiting for players to start
E, [2014-04-05T11:20:36.313422 #8665] ERROR -- : Connection refused - connect(2) for "localhost" port 8080
E, [2014-04-05T11:20:36.313645 #8665] ERROR -- : Player R3T is unreachable
I, [2014-04-05T11:20:36.313779 #8665]  INFO -- : Waiting for players to start
E, [2014-04-05T11:20:37.314543 #8665] ERROR -- : Connection refused - connect(2) for "localhost" port 8080
E, [2014-04-05T11:20:37.314738 #8665] ERROR -- : Player R3T is unreachable
I, [2014-04-05T11:20:37.314809 #8665]  INFO -- : Waiting for players to start
E, [2014-04-05T11:20:38.315348 #8665] ERROR -- : Connection refused - connect(2) for "localhost" port 8080
E, [2014-04-05T11:20:38.316158 #8665] ERROR -- : Player R3T is unreachable
I, [2014-04-05T11:20:38.316242 #8665]  INFO -- : Waiting for players to start
E, [2014-04-05T11:20:39.317883 #8665] ERROR -- : Connection refused - connect(2) for "localhost" port 8080
E, [2014-04-05T11:20:39.318067 #8665] ERROR -- : Player R3T is unreachable
I, [2014-04-05T11:20:39.318230 #8665]  INFO -- : Waiting for players to start
E, [2014-04-05T11:20:40.320694 #8665] ERROR -- : Connection refused - connect(2) for "localhost" port 8080
E, [2014-04-05T11:20:40.320969 #8665] ERROR -- : Player R3T is unreachable
I, [2014-04-05T11:20:40.321103 #8665]  INFO -- : Waiting for players to start
E, [2014-04-05T11:20:41.321712 #8665] ERROR -- : Connection refused - connect(2) for "localhost" port 8080
E, [2014-04-05T11:20:41.321967 #8665] ERROR -- : Player R3T is unreachable
I, [2014-04-05T11:20:41.322153 #8665]  INFO -- : Waiting for players to start
E, [2014-04-05T11:20:42.332209 #8665] ERROR -- : Connection refused - connect(2) for "localhost" port 8080
E, [2014-04-05T11:20:42.332520 #8665] ERROR -- : Player R3T is unreachable
I, [2014-04-05T11:20:42.332686 #8665]  INFO -- : Waiting for players to start
E, [2014-04-05T11:20:43.333282 #8665] ERROR -- : Connection refused - connect(2) for "localhost" port 8080
E, [2014-04-05T11:20:43.333483 #8665] ERROR -- : Player R3T is unreachable
I, [2014-04-05T11:20:43.333917 #8665]  INFO -- : Waiting for players to start
E, [2014-04-05T11:20:44.334561 #8665] ERROR -- : Connection refused - connect(2) for "localhost" port 8080
E, [2014-04-05T11:20:44.334739 #8665] ERROR -- : Player R3T is unreachable
I, [2014-04-05T11:20:44.334856 #8665]  INFO -- : Waiting for players to start
E, [2014-04-05T11:20:45.335457 #8665] ERROR -- : Connection refused - connect(2) for "localhost" port 8080
E, [2014-04-05T11:20:45.335616 #8665] ERROR -- : Player R3T is unreachable
I, [2014-04-05T11:20:45.335718 #8665]  INFO -- : Waiting for players to start
E, [2014-04-05T11:20:46.336294 #8665] ERROR -- : Connection refused - connect(2) for "localhost" port 8080
E, [2014-04-05T11:20:46.336399 #8665] ERROR -- : Player R3T is unreachable
I, [2014-04-05T11:20:46.336449 #8665]  INFO -- : Waiting for players to start
E, [2014-04-05T11:20:47.337006 #8665] ERROR -- : Connection refused - connect(2) for "localhost" port 8080
E, [2014-04-05T11:20:47.337118 #8665] ERROR -- : Player R3T is unreachable
I, [2014-04-05T11:20:47.337166 #8665]  INFO -- : Waiting for players to start
E, [2014-04-05T11:20:48.839533 #8665] ERROR -- : Net::ReadTimeout
E, [2014-04-05T11:20:48.839708 #8665] ERROR -- : Player R3T is unreachable
I, [2014-04-05T11:20:48.839760 #8665]  INFO -- : Waiting for players to start
I, [2014-04-05T11:20:49.845704 #8665]  INFO -- : Player R3T responded with  (200)
I, [2014-04-05T11:20:49.882746 #8665]  INFO -- : Player Mr Bazinga responded with OK (200)
I, [2014-04-05T11:20:49.895536 #8665]  INFO -- : Player NoCo responded with  (200)
I, [2014-04-05T11:20:49.895864 #8665]  INFO -- : Players are running
I, [2014-04-05T11:20:49.919213 #8665]  INFO -- : Player R3T responded with  (200)
I, [2014-04-05T11:20:49.925604 #8665]  INFO -- : Player Mr Bazinga responded with Mr Bazinga version 0.1 (200)
I, [2014-04-05T11:20:49.927102 #8665]  INFO -- : Player NoCo responded with NoCo1100 (200)
I, [2014-04-05T11:20:49.927376 #8665]  INFO -- : R3T received hole_card 4 of Clubs
I, [2014-04-05T11:20:49.927549 #8665]  INFO -- : Mr Bazinga received hole_card 6 of Clubs
I, [2014-04-05T11:20:49.927691 #8665]  INFO -- : NoCo received hole_card 6 of Spades
I, [2014-04-05T11:20:49.927867 #8665]  INFO -- : R3T received hole_card 9 of Spades
I, [2014-04-05T11:20:49.928057 #8665]  INFO -- : Mr Bazinga received hole_card King of Diamonds
I, [2014-04-05T11:20:49.928246 #8665]  INFO -- : NoCo received hole_card Jack of Hearts
I, [2014-04-05T11:20:49.929649 #8665]  INFO -- : R3T made a bet of 10 (raise) and is left with 990 chips. The pot now contains 10 chips.
I, [2014-04-05T11:20:49.929953 #8665]  INFO -- : Mr Bazinga made a bet of 20 (raise) and is left with 980 chips. The pot now contains 30 chips.
I, [2014-04-05T11:20:49.993598 #8665]  INFO -- : Player NoCo responded with 20 (200)
I, [2014-04-05T11:20:49.994327 #8665]  INFO -- : NoCo made a bet of 20 (call) and is left with 980 chips. The pot now contains 50 chips.
I, [2014-04-05T11:20:50.056438 #8665]  INFO -- : Player R3T responded with 0 (200)
I, [2014-04-05T11:20:50.057416 #8665]  INFO -- : R3T made a bet of 0 (fold) and is left with 990 chips. The pot now contains 50 chips.
I, [2014-04-05T11:20:50.066708 #8665]  INFO -- : Player Mr Bazinga responded with 500 (200)
I, [2014-04-05T11:20:50.067402 #8665]  INFO -- : Mr Bazinga made a bet of 500 (raise) and is left with 480 chips. The pot now contains 550 chips.
I, [2014-04-05T11:20:50.073374 #8665]  INFO -- : Player NoCo responded with 500 (200)
I, [2014-04-05T11:20:50.074121 #8665]  INFO -- : NoCo made a bet of 500 (call) and is left with 480 chips. The pot now contains 1050 chips.
I, [2014-04-05T11:20:50.074999 #8665]  INFO -- : community card Ace of Hearts
I, [2014-04-05T11:20:50.075723 #8665]  INFO -- : community card 2 of Hearts
I, [2014-04-05T11:20:50.076733 #8665]  INFO -- : community card Jack of Clubs
I, [2014-04-05T11:20:50.082615 #8665]  INFO -- : Player Mr Bazinga responded with 500 (200)
I, [2014-04-05T11:20:50.083385 #8665]  INFO -- : Mr Bazinga made a bet of 480 (allin) and is left with 0 chips. The pot now contains 1530 chips.
I, [2014-04-05T11:20:50.087120 #8665]  INFO -- : Player NoCo responded with 480 (200)
I, [2014-04-05T11:20:50.087672 #8665]  INFO -- : NoCo made a bet of 480 (allin) and is left with 0 chips. The pot now contains 2010 chips.
I, [2014-04-05T11:20:50.088603 #8665]  INFO -- : community card Ace of Diamonds
I, [2014-04-05T11:20:50.089485 #8665]  INFO -- : community card 4 of Hearts
I, [2014-04-05T11:20:50.090988 #8665]  INFO -- : Mr Bazinga showed 6 of Clubs,Jack of Clubs,King of Diamonds,Ace of Diamonds,Ace of Hearts making a pair
I, [2014-04-05T11:20:50.092005 #8665]  INFO -- : NoCo showed 6 of Spades,Jack of Hearts,Jack of Clubs,Ace of Diamonds,Ace of Hearts making a two pairs
I, [2014-04-05T11:20:50.092482 #8665]  INFO -- : NoCo won 2010
I, [2014-04-05T11:20:50.097586 #8665]  INFO -- : Player R3T responded with  (200)
I, [2014-04-05T11:20:50.101103 #8665]  INFO -- : Player Mr Bazinga responded with OK (200)
I, [2014-04-05T11:20:50.104674 #8665]  INFO -- : Player NoCo responded with  (200)
I, [2014-04-05T11:20:50.105002 #8665]  INFO -- : NoCo received hole_card 4 of Spades
I, [2014-04-05T11:20:50.105196 #8665]  INFO -- : R3T received hole_card Jack of Diamonds
I, [2014-04-05T11:20:50.105374 #8665]  INFO -- : NoCo received hole_card Ace of Hearts
I, [2014-04-05T11:20:50.105528 #8665]  INFO -- : R3T received hole_card 7 of Hearts
I, [2014-04-05T11:20:50.105872 #8665]  INFO -- : NoCo made a bet of 10 (raise) and is left with 2000 chips. The pot now contains 10 chips.
I, [2014-04-05T11:20:50.106103 #8665]  INFO -- : R3T made a bet of 20 (raise) and is left with 970 chips. The pot now contains 30 chips.
I, [2014-04-05T11:20:50.108421 #8665]  INFO -- : Player NoCo responded with 10 (200)
I, [2014-04-05T11:20:50.108903 #8665]  INFO -- : NoCo made a bet of 10 (call) and is left with 1990 chips. The pot now contains 40 chips.
I, [2014-04-05T11:20:50.118955 #8665]  INFO -- : Player R3T responded with 0 (200)
I, [2014-04-05T11:20:50.119414 #8665]  INFO -- : R3T made a bet of 0 (check) and is left with 970 chips. The pot now contains 40 chips.
I, [2014-04-05T11:20:50.119741 #8665]  INFO -- : community card 7 of Spades
I, [2014-04-05T11:20:50.120053 #8665]  INFO -- : community card 2 of Diamonds
I, [2014-04-05T11:20:50.120534 #8665]  INFO -- : community card 6 of Diamonds
I, [2014-04-05T11:20:50.126913 #8665]  INFO -- : Player NoCo responded with 0 (200)
I, [2014-04-05T11:20:50.127252 #8665]  INFO -- : NoCo made a bet of 0 (check) and is left with 1990 chips. The pot now contains 40 chips.
I, [2014-04-05T11:20:50.133332 #8665]  INFO -- : Player R3T responded with 0 (200)
I, [2014-04-05T11:20:50.134104 #8665]  INFO -- : R3T made a bet of 0 (check) and is left with 970 chips. The pot now contains 40 chips.
I, [2014-04-05T11:20:50.134972 #8665]  INFO -- : community card 9 of Diamonds
I, [2014-04-05T11:20:50.138477 #8665]  INFO -- : Player NoCo responded with 0 (200)
I, [2014-04-05T11:20:50.138679 #8665]  INFO -- : NoCo made a bet of 0 (check) and is left with 1990 chips. The pot now contains 40 chips.
I, [2014-04-05T11:20:50.145687 #8665]  INFO -- : Player R3T responded with 0 (200)
I, [2014-04-05T11:20:50.146050 #8665]  INFO -- : R3T made a bet of 0 (check) and is left with 970 chips. The pot now contains 40 chips.
I, [2014-04-05T11:20:50.146459 #8665]  INFO -- : community card 3 of Hearts
I, [2014-04-05T11:20:50.148860 #8665]  INFO -- : Player NoCo responded with 0 (200)
I, [2014-04-05T11:20:50.149744 #8665]  INFO -- : NoCo made a bet of 0 (check) and is left with 1990 chips. The pot now contains 40 chips.
I, [2014-04-05T11:20:50.160454 #8665]  INFO -- : Player R3T responded with 0 (200)
I, [2014-04-05T11:20:50.160927 #8665]  INFO -- : R3T made a bet of 0 (check) and is left with 970 chips. The pot now contains 40 chips.
I, [2014-04-05T11:20:50.162304 #8665]  INFO -- : NoCo showed 4 of Spades,6 of Diamonds,7 of Spades,9 of Diamonds,Ace of Hearts making a high card
I, [2014-04-05T11:20:50.163533 #8665]  INFO -- : R3T showed 6 of Diamonds,7 of Spades,7 of Hearts,9 of Diamonds,Jack of Diamonds making a pair
I, [2014-04-05T11:20:50.164085 #8665]  INFO -- : R3T won 40
I, [2014-04-05T11:20:50.168945 #8665]  INFO -- : Player R3T responded with  (200)
I, [2014-04-05T11:20:50.177080 #8665]  INFO -- : Player Mr Bazinga responded with OK (200)
I, [2014-04-05T11:20:50.179709 #8665]  INFO -- : Player NoCo responded with  (200)
I, [2014-04-05T11:20:50.180648 #8665]  INFO -- : R3T received hole_card 7 of Hearts
I, [2014-04-05T11:20:50.181280 #8665]  INFO -- : NoCo received hole_card Queen of Spades
I, [2014-04-05T11:20:50.181484 #8665]  INFO -- : R3T received hole_card 5 of Clubs
I, [2014-04-05T11:20:50.181966 #8665]  INFO -- : NoCo received hole_card Queen of Clubs
I, [2014-04-05T11:20:50.182922 #8665]  INFO -- : R3T made a bet of 10 (raise) and is left with 1000 chips. The pot now contains 10 chips.
I, [2014-04-05T11:20:50.185883 #8665]  INFO -- : NoCo made a bet of 20 (raise) and is left with 1970 chips. The pot now contains 30 chips.
I, [2014-04-05T11:20:50.195301 #8665]  INFO -- : Player R3T responded with 0 (200)
I, [2014-04-05T11:20:50.195870 #8665]  INFO -- : R3T made a bet of 0 (fold) and is left with 1000 chips. The pot now contains 30 chips.
I, [2014-04-05T11:20:50.197261 #8665]  INFO -- : NoCo won 30
I, [2014-04-05T11:20:50.202163 #8665]  INFO -- : Player R3T responded with  (200)
I, [2014-04-05T11:20:50.203839 #8665]  INFO -- : Player Mr Bazinga responded with OK (200)
I, [2014-04-05T11:20:50.205420 #8665]  INFO -- : Player NoCo responded with  (200)
I, [2014-04-05T11:20:50.205737 #8665]  INFO -- : NoCo received hole_card 3 of Spades
I, [2014-04-05T11:20:50.205931 #8665]  INFO -- : R3T received hole_card Jack of Diamonds
I, [2014-04-05T11:20:50.206126 #8665]  INFO -- : NoCo received hole_card 2 of Diamonds
I, [2014-04-05T11:20:50.206296 #8665]  INFO -- : R3T received hole_card 5 of Diamonds
I, [2014-04-05T11:20:50.206591 #8665]  INFO -- : NoCo made a bet of 10 (raise) and is left with 1990 chips. The pot now contains 10 chips.
I, [2014-04-05T11:20:50.206895 #8665]  INFO -- : R3T made a bet of 20 (raise) and is left with 980 chips. The pot now contains 30 chips.
I, [2014-04-05T11:20:50.209638 #8665]  INFO -- : Player NoCo responded with 10 (200)
I, [2014-04-05T11:20:50.209895 #8665]  INFO -- : NoCo made a bet of 10 (call) and is left with 1980 chips. The pot now contains 40 chips.
I, [2014-04-05T11:20:50.217904 #8665]  INFO -- : Player R3T responded with 0 (200)
I, [2014-04-05T11:20:50.218398 #8665]  INFO -- : R3T made a bet of 0 (check) and is left with 980 chips. The pot now contains 40 chips.
I, [2014-04-05T11:20:50.218621 #8665]  INFO -- : community card 10 of Clubs
I, [2014-04-05T11:20:50.218781 #8665]  INFO -- : community card 8 of Spades
I, [2014-04-05T11:20:50.218962 #8665]  INFO -- : community card 4 of Diamonds
I, [2014-04-05T11:20:50.220961 #8665]  INFO -- : Player NoCo responded with 0 (200)
I, [2014-04-05T11:20:50.221191 #8665]  INFO -- : NoCo made a bet of 0 (check) and is left with 1980 chips. The pot now contains 40 chips.
I, [2014-04-05T11:20:50.226277 #8665]  INFO -- : Player R3T responded with 0 (200)
I, [2014-04-05T11:20:50.226530 #8665]  INFO -- : R3T made a bet of 0 (check) and is left with 980 chips. The pot now contains 40 chips.
I, [2014-04-05T11:20:50.226755 #8665]  INFO -- : community card 5 of Clubs
I, [2014-04-05T11:20:50.229306 #8665]  INFO -- : Player NoCo responded with 0 (200)
I, [2014-04-05T11:20:50.229786 #8665]  INFO -- : NoCo made a bet of 0 (check) and is left with 1980 chips. The pot now contains 40 chips.
I, [2014-04-05T11:20:50.238094 #8665]  INFO -- : Player R3T responded with 0 (200)
I, [2014-04-05T11:20:50.238581 #8665]  INFO -- : R3T made a bet of 0 (check) and is left with 980 chips. The pot now contains 40 chips.
I, [2014-04-05T11:20:50.239140 #8665]  INFO -- : community card 7 of Clubs
I, [2014-04-05T11:20:50.242902 #8665]  INFO -- : Player NoCo responded with 0 (200)
I, [2014-04-05T11:20:50.243915 #8665]  INFO -- : NoCo made a bet of 0 (check) and is left with 1980 chips. The pot now contains 40 chips.
I, [2014-04-05T11:20:50.251493 #8665]  INFO -- : Player R3T responded with 0 (200)
I, [2014-04-05T11:20:50.251965 #8665]  INFO -- : R3T made a bet of 0 (check) and is left with 980 chips. The pot now contains 40 chips.
I, [2014-04-05T11:20:50.253116 #8665]  INFO -- : NoCo showed 4 of Diamonds,5 of Clubs,7 of Clubs,8 of Spades,10 of Clubs making a high card
I, [2014-04-05T11:20:50.254130 #8665]  INFO -- : R3T showed 5 of Clubs,5 of Diamonds,8 of Spades,10 of Clubs,Jack of Diamonds making a pair
I, [2014-04-05T11:20:50.254566 #8665]  INFO -- : R3T won 40
I, [2014-04-05T11:20:50.257980 #8665]  INFO -- : Player R3T responded with  (200)
I, [2014-04-05T11:20:50.266233 #8665]  INFO -- : Player Mr Bazinga responded with OK (200)
I, [2014-04-05T11:20:50.268677 #8665]  INFO -- : Player NoCo responded with  (200)
I, [2014-04-05T11:20:50.269179 #8665]  INFO -- : R3T received hole_card Ace of Clubs
I, [2014-04-05T11:20:50.269366 #8665]  INFO -- : NoCo received hole_card 4 of Diamonds
I, [2014-04-05T11:20:50.269651 #8665]  INFO -- : R3T received hole_card Queen of Diamonds
I, [2014-04-05T11:20:50.269827 #8665]  INFO -- : NoCo received hole_card Ace of Diamonds
I, [2014-04-05T11:20:50.270145 #8665]  INFO -- : R3T made a bet of 10 (raise) and is left with 1010 chips. The pot now contains 10 chips.
I, [2014-04-05T11:20:50.270388 #8665]  INFO -- : NoCo made a bet of 20 (raise) and is left with 1960 chips. The pot now contains 30 chips.
I, [2014-04-05T11:20:50.278851 #8665]  INFO -- : Player R3T responded with 0 (200)
I, [2014-04-05T11:20:50.279408 #8665]  INFO -- : R3T made a bet of 0 (fold) and is left with 1010 chips. The pot now contains 30 chips.
I, [2014-04-05T11:20:50.280460 #8665]  INFO -- : NoCo won 30
I, [2014-04-05T11:20:50.283728 #8665]  INFO -- : Player R3T responded with  (200)
I, [2014-04-05T11:20:50.287602 #8665]  INFO -- : Player Mr Bazinga responded with OK (200)
I, [2014-04-05T11:20:50.290243 #8665]  INFO -- : Player NoCo responded with  (200)
I, [2014-04-05T11:20:50.290548 #8665]  INFO -- : NoCo received hole_card King of Diamonds
I, [2014-04-05T11:20:50.290719 #8665]  INFO -- : R3T received hole_card 3 of Clubs
I, [2014-04-05T11:20:50.290913 #8665]  INFO -- : NoCo received hole_card 2 of Spades
I, [2014-04-05T11:20:50.291100 #8665]  INFO -- : R3T received hole_card Ace of Diamonds
I, [2014-04-05T11:20:50.291377 #8665]  INFO -- : NoCo made a bet of 10 (raise) and is left with 1980 chips. The pot now contains 10 chips.
I, [2014-04-05T11:20:50.291613 #8665]  INFO -- : R3T made a bet of 20 (raise) and is left with 990 chips. The pot now contains 30 chips.
I, [2014-04-05T11:20:50.294704 #8665]  INFO -- : Player NoCo responded with 10 (200)
I, [2014-04-05T11:20:50.295404 #8665]  INFO -- : NoCo made a bet of 10 (call) and is left with 1970 chips. The pot now contains 40 chips.
I, [2014-04-05T11:20:50.303841 #8665]  INFO -- : Player R3T responded with 0 (200)
I, [2014-04-05T11:20:50.304571 #8665]  INFO -- : R3T made a bet of 0 (check) and is left with 990 chips. The pot now contains 40 chips.
I, [2014-04-05T11:20:50.305594 #8665]  INFO -- : community card 4 of Clubs
I, [2014-04-05T11:20:50.306273 #8665]  INFO -- : community card 8 of Spades
I, [2014-04-05T11:20:50.306785 #8665]  INFO -- : community card 7 of Clubs
I, [2014-04-05T11:20:50.311099 #8665]  INFO -- : Player NoCo responded with 0 (200)
I, [2014-04-05T11:20:50.311591 #8665]  INFO -- : NoCo made a bet of 0 (check) and is left with 1970 chips. The pot now contains 40 chips.
I, [2014-04-05T11:20:50.318412 #8665]  INFO -- : Player R3T responded with 0 (200)
I, [2014-04-05T11:20:50.318901 #8665]  INFO -- : R3T made a bet of 0 (check) and is left with 990 chips. The pot now contains 40 chips.
I, [2014-04-05T11:20:50.319632 #8665]  INFO -- : community card 5 of Diamonds
I, [2014-04-05T11:20:50.322292 #8665]  INFO -- : Player NoCo responded with 0 (200)
I, [2014-04-05T11:20:50.322500 #8665]  INFO -- : NoCo made a bet of 0 (check) and is left with 1970 chips. The pot now contains 40 chips.
I, [2014-04-05T11:20:50.328909 #8665]  INFO -- : Player R3T responded with 0 (200)
I, [2014-04-05T11:20:50.329307 #8665]  INFO -- : R3T made a bet of 0 (check) and is left with 990 chips. The pot now contains 40 chips.
I, [2014-04-05T11:20:50.329694 #8665]  INFO -- : community card 7 of Spades
I, [2014-04-05T11:20:50.332187 #8665]  INFO -- : Player NoCo responded with 0 (200)
I, [2014-04-05T11:20:50.333172 #8665]  INFO -- : NoCo made a bet of 0 (check) and is left with 1970 chips. The pot now contains 40 chips.
I, [2014-04-05T11:20:50.341871 #8665]  INFO -- : Player R3T responded with 0 (200)
I, [2014-04-05T11:20:50.342100 #8665]  INFO -- : R3T made a bet of 0 (check) and is left with 990 chips. The pot now contains 40 chips.
I, [2014-04-05T11:20:50.342632 #8665]  INFO -- : NoCo showed 5 of Diamonds,7 of Spades,7 of Clubs,8 of Spades,King of Diamonds making a pair
I, [2014-04-05T11:20:50.343167 #8665]  INFO -- : R3T showed 5 of Diamonds,7 of Clubs,7 of Spades,8 of Spades,Ace of Diamonds making a pair
I, [2014-04-05T11:20:50.343384 #8665]  INFO -- : R3T won 40
I, [2014-04-05T11:20:50.346087 #8665]  INFO -- : Player R3T responded with  (200)
I, [2014-04-05T11:20:50.348449 #8665]  INFO -- : Player Mr Bazinga responded with OK (200)
I, [2014-04-05T11:20:50.350621 #8665]  INFO -- : Player NoCo responded with  (200)
I, [2014-04-05T11:20:50.350936 #8665]  INFO -- : R3T received hole_card 2 of Spades
I, [2014-04-05T11:20:50.351105 #8665]  INFO -- : NoCo received hole_card 3 of Hearts
I, [2014-04-05T11:20:50.351318 #8665]  INFO -- : R3T received hole_card 10 of Diamonds
I, [2014-04-05T11:20:50.351487 #8665]  INFO -- : NoCo received hole_card Ace of Spades
I, [2014-04-05T11:20:50.351780 #8665]  INFO -- : R3T made a bet of 10 (raise) and is left with 1020 chips. The pot now contains 10 chips.
I, [2014-04-05T11:20:50.352067 #8665]  INFO -- : NoCo made a bet of 20 (raise) and is left with 1950 chips. The pot now contains 30 chips.
I, [2014-04-05T11:20:50.356487 #8665]  INFO -- : Player R3T responded with 0 (200)
I, [2014-04-05T11:20:50.356841 #8665]  INFO -- : R3T made a bet of 0 (fold) and is left with 1020 chips. The pot now contains 30 chips.
I, [2014-04-05T11:20:50.357519 #8665]  INFO -- : NoCo won 30
I, [2014-04-05T11:20:50.361471 #8665]  INFO -- : Player R3T responded with  (200)
I, [2014-04-05T11:20:50.366787 #8665]  INFO -- : Player Mr Bazinga responded with OK (200)
I, [2014-04-05T11:20:50.370965 #8665]  INFO -- : Player NoCo responded with  (200)
I, [2014-04-05T11:20:50.371307 #8665]  INFO -- : NoCo received hole_card 5 of Hearts
I, [2014-04-05T11:20:50.371507 #8665]  INFO -- : R3T received hole_card Queen of Clubs
I, [2014-04-05T11:20:50.371709 #8665]  INFO -- : NoCo received hole_card Ace of Clubs
I, [2014-04-05T11:20:50.371878 #8665]  INFO -- : R3T received hole_card Queen of Diamonds
I, [2014-04-05T11:20:50.372199 #8665]  INFO -- : NoCo made a bet of 10 (raise) and is left with 1970 chips. The pot now contains 10 chips.
I, [2014-04-05T11:20:50.372470 #8665]  INFO -- : R3T made a bet of 20 (raise) and is left with 1000 chips. The pot now contains 30 chips.
I, [2014-04-05T11:20:50.374627 #8665]  INFO -- : Player NoCo responded with 10 (200)
I, [2014-04-05T11:20:50.374866 #8665]  INFO -- : NoCo made a bet of 10 (call) and is left with 1960 chips. The pot now contains 40 chips.
I, [2014-04-05T11:20:50.379122 #8665]  INFO -- : Player R3T responded with 0 (200)
I, [2014-04-05T11:20:50.379387 #8665]  INFO -- : R3T made a bet of 0 (check) and is left with 1000 chips. The pot now contains 40 chips.
I, [2014-04-05T11:20:50.379620 #8665]  INFO -- : community card 6 of Hearts
I, [2014-04-05T11:20:50.379820 #8665]  INFO -- : community card 10 of Hearts
I, [2014-04-05T11:20:50.379999 #8665]  INFO -- : community card 7 of Clubs
I, [2014-04-05T11:20:50.381864 #8665]  INFO -- : Player NoCo responded with 0 (200)
I, [2014-04-05T11:20:50.382183 #8665]  INFO -- : NoCo made a bet of 0 (check) and is left with 1960 chips. The pot now contains 40 chips.
I, [2014-04-05T11:20:50.386990 #8665]  INFO -- : Player R3T responded with 0 (200)
I, [2014-04-05T11:20:50.387316 #8665]  INFO -- : R3T made a bet of 0 (check) and is left with 1000 chips. The pot now contains 40 chips.
I, [2014-04-05T11:20:50.387649 #8665]  INFO -- : community card 7 of Spades
I, [2014-04-05T11:20:50.390350 #8665]  INFO -- : Player NoCo responded with 0 (200)
I, [2014-04-05T11:20:50.390599 #8665]  INFO -- : NoCo made a bet of 0 (check) and is left with 1960 chips. The pot now contains 40 chips.
I, [2014-04-05T11:20:50.399703 #8665]  INFO -- : Player R3T responded with 0 (200)
I, [2014-04-05T11:20:50.400823 #8665]  INFO -- : R3T made a bet of 0 (check) and is left with 1000 chips. The pot now contains 40 chips.
I, [2014-04-05T11:20:50.401564 #8665]  INFO -- : community card 3 of Clubs
I, [2014-04-05T11:20:50.403414 #8665]  INFO -- : Player NoCo responded with 0 (200)
I, [2014-04-05T11:20:50.403632 #8665]  INFO -- : NoCo made a bet of 0 (check) and is left with 1960 chips. The pot now contains 40 chips.
I, [2014-04-05T11:20:50.407635 #8665]  INFO -- : Player R3T responded with 0 (200)
I, [2014-04-05T11:20:50.407906 #8665]  INFO -- : R3T made a bet of 0 (check) and is left with 1000 chips. The pot now contains 40 chips.
I, [2014-04-05T11:20:50.408441 #8665]  INFO -- : NoCo showed 6 of Hearts,7 of Spades,7 of Clubs,10 of Hearts,Ace of Clubs making a pair
I, [2014-04-05T11:20:50.408905 #8665]  INFO -- : R3T showed 7 of Clubs,7 of Spades,10 of Hearts,Queen of Diamonds,Queen of Clubs making a two pairs
I, [2014-04-05T11:20:50.409139 #8665]  INFO -- : R3T won 40
I, [2014-04-05T11:20:50.411727 #8665]  INFO -- : Player R3T responded with  (200)
I, [2014-04-05T11:20:50.413853 #8665]  INFO -- : Player Mr Bazinga responded with OK (200)
I, [2014-04-05T11:20:50.415489 #8665]  INFO -- : Player NoCo responded with  (200)
I, [2014-04-05T11:20:50.415819 #8665]  INFO -- : R3T received hole_card 5 of Clubs
I, [2014-04-05T11:20:50.415983 #8665]  INFO -- : NoCo received hole_card 7 of Hearts
I, [2014-04-05T11:20:50.416190 #8665]  INFO -- : R3T received hole_card Ace of Clubs
I, [2014-04-05T11:20:50.416365 #8665]  INFO -- : NoCo received hole_card Queen of Hearts
I, [2014-04-05T11:20:50.416626 #8665]  INFO -- : R3T made a bet of 10 (raise) and is left with 1030 chips. The pot now contains 10 chips.
I, [2014-04-05T11:20:50.416871 #8665]  INFO -- : NoCo made a bet of 20 (raise) and is left with 1940 chips. The pot now contains 30 chips.
I, [2014-04-05T11:20:50.421224 #8665]  INFO -- : Player R3T responded with 0 (200)
I, [2014-04-05T11:20:50.421564 #8665]  INFO -- : R3T made a bet of 0 (fold) and is left with 1030 chips. The pot now contains 30 chips.
I, [2014-04-05T11:20:50.422070 #8665]  INFO -- : NoCo won 30
I, [2014-04-05T11:20:50.426748 #8665]  INFO -- : Player R3T responded with  (200)
I, [2014-04-05T11:20:50.430830 #8665]  INFO -- : Player Mr Bazinga responded with OK (200)
I, [2014-04-05T11:20:50.433252 #8665]  INFO -- : Player NoCo responded with  (200)
I, [2014-04-05T11:20:50.433658 #8665]  INFO -- : NoCo received hole_card 6 of Clubs
I, [2014-04-05T11:20:50.433935 #8665]  INFO -- : R3T received hole_card 5 of Clubs
I, [2014-04-05T11:20:50.434218 #8665]  INFO -- : NoCo received hole_card 10 of Clubs
I, [2014-04-05T11:20:50.434461 #8665]  INFO -- : R3T received hole_card King of Diamonds
I, [2014-04-05T11:20:50.434873 #8665]  INFO -- : NoCo made a bet of 20 (raise) and is left with 1950 chips. The pot now contains 20 chips.
I, [2014-04-05T11:20:50.435237 #8665]  INFO -- : R3T made a bet of 40 (raise) and is left with 990 chips. The pot now contains 60 chips.
I, [2014-04-05T11:20:50.437406 #8665]  INFO -- : Player NoCo responded with 20 (200)
I, [2014-04-05T11:20:50.437595 #8665]  INFO -- : NoCo made a bet of 20 (call) and is left with 1930 chips. The pot now contains 80 chips.
I, [2014-04-05T11:20:50.441313 #8665]  INFO -- : Player R3T responded with 0 (200)
I, [2014-04-05T11:20:50.441678 #8665]  INFO -- : R3T made a bet of 0 (check) and is left with 990 chips. The pot now contains 80 chips.
I, [2014-04-05T11:20:50.442056 #8665]  INFO -- : community card Queen of Clubs
I, [2014-04-05T11:20:50.442402 #8665]  INFO -- : community card 5 of Diamonds
I, [2014-04-05T11:20:50.442698 #8665]  INFO -- : community card 10 of Spades
I, [2014-04-05T11:20:50.445043 #8665]  INFO -- : Player NoCo responded with 0 (200)
I, [2014-04-05T11:20:50.445330 #8665]  INFO -- : NoCo made a bet of 0 (check) and is left with 1930 chips. The pot now contains 80 chips.
I, [2014-04-05T11:20:50.450541 #8665]  INFO -- : Player R3T responded with 0 (200)
I, [2014-04-05T11:20:50.451165 #8665]  INFO -- : R3T made a bet of 0 (check) and is left with 990 chips. The pot now contains 80 chips.
I, [2014-04-05T11:20:50.451583 #8665]  INFO -- : community card 9 of Diamonds
I, [2014-04-05T11:20:50.454088 #8665]  INFO -- : Player NoCo responded with 0 (200)
I, [2014-04-05T11:20:50.454489 #8665]  INFO -- : NoCo made a bet of 0 (check) and is left with 1930 chips. The pot now contains 80 chips.
I, [2014-04-05T11:20:50.462133 #8665]  INFO -- : Player R3T responded with 0 (200)
I, [2014-04-05T11:20:50.462660 #8665]  INFO -- : R3T made a bet of 0 (check) and is left with 990 chips. The pot now contains 80 chips.
I, [2014-04-05T11:20:50.463209 #8665]  INFO -- : community card 10 of Diamonds
I, [2014-04-05T11:20:50.466393 #8665]  INFO -- : Player NoCo responded with 0 (200)
I, [2014-04-05T11:20:50.467038 #8665]  INFO -- : NoCo made a bet of 0 (check) and is left with 1930 chips. The pot now contains 80 chips.
I, [2014-04-05T11:20:50.471998 #8665]  INFO -- : Player R3T responded with 0 (200)
I, [2014-04-05T11:20:50.472721 #8665]  INFO -- : R3T made a bet of 0 (check) and is left with 990 chips. The pot now contains 80 chips.
I, [2014-04-05T11:20:50.474527 #8665]  INFO -- : NoCo showed 9 of Diamonds,10 of Clubs,10 of Spades,10 of Diamonds,Queen of Clubs making a three of a kind
I, [2014-04-05T11:20:50.475825 #8665]  INFO -- : NoCo won 80
I, [2014-04-05T11:20:50.483199 #8665]  INFO -- : Player R3T responded with  (200)
I, [2014-04-05T11:20:50.487024 #8665]  INFO -- : Player Mr Bazinga responded with OK (200)
I, [2014-04-05T11:20:50.493160 #8665]  INFO -- : Player NoCo responded with  (200)
I, [2014-04-05T11:20:50.493672 #8665]  INFO -- : R3T received hole_card 6 of Diamonds
I, [2014-04-05T11:20:50.493962 #8665]  INFO -- : NoCo received hole_card 10 of Clubs
I, [2014-04-05T11:20:50.494199 #8665]  INFO -- : R3T received hole_card 8 of Diamonds
I, [2014-04-05T11:20:50.494459 #8665]  INFO -- : NoCo received hole_card 3 of Spades
I, [2014-04-05T11:20:50.495197 #8665]  INFO -- : R3T made a bet of 20 (raise) and is left with 970 chips. The pot now contains 20 chips.
I, [2014-04-05T11:20:50.495800 #8665]  INFO -- : NoCo made a bet of 40 (raise) and is left with 1970 chips. The pot now contains 60 chips.
I, [2014-04-05T11:20:50.500304 #8665]  INFO -- : Player R3T responded with 0 (200)
I, [2014-04-05T11:20:50.500840 #8665]  INFO -- : R3T made a bet of 0 (fold) and is left with 970 chips. The pot now contains 60 chips.
I, [2014-04-05T11:20:50.501961 #8665]  INFO -- : NoCo won 60
I, [2014-04-05T11:20:50.504825 #8665]  INFO -- : Player R3T responded with  (200)
I, [2014-04-05T11:20:50.506596 #8665]  INFO -- : Player Mr Bazinga responded with OK (200)
I, [2014-04-05T11:20:50.508027 #8665]  INFO -- : Player NoCo responded with  (200)
I, [2014-04-05T11:20:50.508988 #8665]  INFO -- : NoCo received hole_card Queen of Clubs
I, [2014-04-05T11:20:50.509594 #8665]  INFO -- : R3T received hole_card Ace of Diamonds
I, [2014-04-05T11:20:50.510207 #8665]  INFO -- : NoCo received hole_card 4 of Clubs
I, [2014-04-05T11:20:50.510681 #8665]  INFO -- : R3T received hole_card 7 of Diamonds
I, [2014-04-05T11:20:50.511471 #8665]  INFO -- : NoCo made a bet of 20 (raise) and is left with 2010 chips. The pot now contains 20 chips.
I, [2014-04-05T11:20:50.512162 #8665]  INFO -- : R3T made a bet of 40 (raise) and is left with 930 chips. The pot now contains 60 chips.
I, [2014-04-05T11:20:50.514879 #8665]  INFO -- : Player NoCo responded with 20 (200)
I, [2014-04-05T11:20:50.515263 #8665]  INFO -- : NoCo made a bet of 20 (call) and is left with 1990 chips. The pot now contains 80 chips.
I, [2014-04-05T11:20:50.522785 #8665]  INFO -- : Player R3T responded with 0 (200)
I, [2014-04-05T11:20:50.523571 #8665]  INFO -- : R3T made a bet of 0 (check) and is left with 930 chips. The pot now contains 80 chips.
I, [2014-04-05T11:20:50.523987 #8665]  INFO -- : community card 4 of Diamonds
I, [2014-04-05T11:20:50.524367 #8665]  INFO -- : community card Jack of Spades
I, [2014-04-05T11:20:50.524715 #8665]  INFO -- : community card 8 of Hearts
I, [2014-04-05T11:20:50.527105 #8665]  INFO -- : Player NoCo responded with 0 (200)
I, [2014-04-05T11:20:50.527304 #8665]  INFO -- : NoCo made a bet of 0 (check) and is left with 1990 chips. The pot now contains 80 chips.
I, [2014-04-05T11:20:50.530496 #8665]  INFO -- : Player R3T responded with 0 (200)
I, [2014-04-05T11:20:50.530820 #8665]  INFO -- : R3T made a bet of 0 (check) and is left with 930 chips. The pot now contains 80 chips.
I, [2014-04-05T11:20:50.531232 #8665]  INFO -- : community card 6 of Clubs
I, [2014-04-05T11:20:50.534331 #8665]  INFO -- : Player NoCo responded with 0 (200)
I, [2014-04-05T11:20:50.534672 #8665]  INFO -- : NoCo made a bet of 0 (check) and is left with 1990 chips. The pot now contains 80 chips.
I, [2014-04-05T11:20:50.540626 #8665]  INFO -- : Player R3T responded with 0 (200)
I, [2014-04-05T11:20:50.541047 #8665]  INFO -- : R3T made a bet of 0 (check) and is left with 930 chips. The pot now contains 80 chips.
I, [2014-04-05T11:20:50.541572 #8665]  INFO -- : community card Jack of Hearts
I, [2014-04-05T11:20:50.545238 #8665]  INFO -- : Player NoCo responded with 0 (200)
I, [2014-04-05T11:20:50.545909 #8665]  INFO -- : NoCo made a bet of 0 (check) and is left with 1990 chips. The pot now contains 80 chips.
I, [2014-04-05T11:20:50.556486 #8665]  INFO -- : Player R3T responded with 0 (200)
I, [2014-04-05T11:20:50.556908 #8665]  INFO -- : R3T made a bet of 0 (check) and is left with 930 chips. The pot now contains 80 chips.
I, [2014-04-05T11:20:50.558128 #8665]  INFO -- : NoCo showed 4 of Clubs,4 of Diamonds,Jack of Hearts,Jack of Spades,Queen of Clubs making a two pairs
I, [2014-04-05T11:20:50.559076 #8665]  INFO -- : NoCo won 80
I, [2014-04-05T11:20:50.565411 #8665]  INFO -- : Player R3T responded with  (200)
I, [2014-04-05T11:20:50.569815 #8665]  INFO -- : Player Mr Bazinga responded with OK (200)
I, [2014-04-05T11:20:50.573947 #8665]  INFO -- : Player NoCo responded with  (200)
I, [2014-04-05T11:20:50.574313 #8665]  INFO -- : R3T received hole_card 8 of Hearts
I, [2014-04-05T11:20:50.574618 #8665]  INFO -- : NoCo received hole_card 5 of Clubs
I, [2014-04-05T11:20:50.574882 #8665]  INFO -- : R3T received hole_card 7 of Diamonds
I, [2014-04-05T11:20:50.575079 #8665]  INFO -- : NoCo received hole_card 10 of Hearts
I, [2014-04-05T11:20:50.575478 #8665]  INFO -- : R3T made a bet of 20 (raise) and is left with 910 chips. The pot now contains 20 chips.
I, [2014-04-05T11:20:50.575794 #8665]  INFO -- : NoCo made a bet of 40 (raise) and is left with 2030 chips. The pot now contains 60 chips.
I, [2014-04-05T11:20:50.584650 #8665]  INFO -- : Player R3T responded with 0 (200)
I, [2014-04-05T11:20:50.585483 #8665]  INFO -- : R3T made a bet of 0 (fold) and is left with 910 chips. The pot now contains 60 chips.
I, [2014-04-05T11:20:50.586603 #8665]  INFO -- : NoCo won 60
I, [2014-04-05T11:20:50.590192 #8665]  INFO -- : Player R3T responded with  (200)
I, [2014-04-05T11:20:50.594350 #8665]  INFO -- : Player Mr Bazinga responded with OK (200)
I, [2014-04-05T11:20:50.596323 #8665]  INFO -- : Player NoCo responded with  (200)
I, [2014-04-05T11:20:50.597174 #8665]  INFO -- : NoCo received hole_card 7 of Spades
I, [2014-04-05T11:20:50.597756 #8665]  INFO -- : R3T received hole_card 2 of Spades
I, [2014-04-05T11:20:50.598306 #8665]  INFO -- : NoCo received hole_card 9 of Hearts
I, [2014-04-05T11:20:50.598916 #8665]  INFO -- : R3T received hole_card Jack of Clubs
I, [2014-04-05T11:20:50.599827 #8665]  INFO -- : NoCo made a bet of 20 (raise) and is left with 2070 chips. The pot now contains 20 chips.
I, [2014-04-05T11:20:50.600679 #8665]  INFO -- : R3T made a bet of 40 (raise) and is left with 870 chips. The pot now contains 60 chips.
I, [2014-04-05T11:20:50.603387 #8665]  INFO -- : Player NoCo responded with 20 (200)
I, [2014-04-05T11:20:50.603715 #8665]  INFO -- : NoCo made a bet of 20 (call) and is left with 2050 chips. The pot now contains 80 chips.
I, [2014-04-05T11:20:50.610139 #8665]  INFO -- : Player R3T responded with 0 (200)
I, [2014-04-05T11:20:50.610482 #8665]  INFO -- : R3T made a bet of 0 (check) and is left with 870 chips. The pot now contains 80 chips.
I, [2014-04-05T11:20:50.610852 #8665]  INFO -- : community card 3 of Diamonds
I, [2014-04-05T11:20:50.611175 #8665]  INFO -- : community card 8 of Clubs
I, [2014-04-05T11:20:50.611592 #8665]  INFO -- : community card Queen of Diamonds
I, [2014-04-05T11:20:50.616235 #8665]  INFO -- : Player NoCo responded with 0 (200)
I, [2014-04-05T11:20:50.616867 #8665]  INFO -- : NoCo made a bet of 0 (check) and is left with 2050 chips. The pot now contains 80 chips.
I, [2014-04-05T11:20:50.628536 #8665]  INFO -- : Player R3T responded with 0 (200)
I, [2014-04-05T11:20:50.629132 #8665]  INFO -- : R3T made a bet of 0 (check) and is left with 870 chips. The pot now contains 80 chips.
I, [2014-04-05T11:20:50.629860 #8665]  INFO -- : community card Ace of Hearts
I, [2014-04-05T11:20:50.633550 #8665]  INFO -- : Player NoCo responded with 0 (200)
I, [2014-04-05T11:20:50.634080 #8665]  INFO -- : NoCo made a bet of 0 (check) and is left with 2050 chips. The pot now contains 80 chips.
I, [2014-04-05T11:20:50.644918 #8665]  INFO -- : Player R3T responded with 0 (200)
I, [2014-04-05T11:20:50.645407 #8665]  INFO -- : R3T made a bet of 0 (check) and is left with 870 chips. The pot now contains 80 chips.
I, [2014-04-05T11:20:50.645671 #8665]  INFO -- : community card 8 of Hearts
I, [2014-04-05T11:20:50.647664 #8665]  INFO -- : Player NoCo responded with 0 (200)
I, [2014-04-05T11:20:50.647895 #8665]  INFO -- : NoCo made a bet of 0 (check) and is left with 2050 chips. The pot now contains 80 chips.
I, [2014-04-05T11:20:50.652095 #8665]  INFO -- : Player R3T responded with 0 (200)
I, [2014-04-05T11:20:50.652385 #8665]  INFO -- : R3T made a bet of 0 (check) and is left with 870 chips. The pot now contains 80 chips.
I, [2014-04-05T11:20:50.652924 #8665]  INFO -- : NoCo showed 8 of Hearts,8 of Clubs,9 of Hearts,Queen of Diamonds,Ace of Hearts making a pair
I, [2014-04-05T11:20:50.653380 #8665]  INFO -- : R3T showed 8 of Hearts,8 of Clubs,Jack of Clubs,Queen of Diamonds,Ace of Hearts making a pair
I, [2014-04-05T11:20:50.653592 #8665]  INFO -- : R3T won 80
I, [2014-04-05T11:20:50.656332 #8665]  INFO -- : Player R3T responded with  (200)
I, [2014-04-05T11:20:50.658646 #8665]  INFO -- : Player Mr Bazinga responded with OK (200)
I, [2014-04-05T11:20:50.660425 #8665]  INFO -- : Player NoCo responded with  (200)
I, [2014-04-05T11:20:50.660724 #8665]  INFO -- : R3T received hole_card 4 of Clubs
I, [2014-04-05T11:20:50.660874 #8665]  INFO -- : NoCo received hole_card 3 of Clubs
I, [2014-04-05T11:20:50.661035 #8665]  INFO -- : R3T received hole_card 2 of Diamonds
I, [2014-04-05T11:20:50.661189 #8665]  INFO -- : NoCo received hole_card 6 of Spades
I, [2014-04-05T11:20:50.661444 #8665]  INFO -- : R3T made a bet of 20 (raise) and is left with 930 chips. The pot now contains 20 chips.
I, [2014-04-05T11:20:50.661673 #8665]  INFO -- : NoCo made a bet of 40 (raise) and is left with 2010 chips. The pot now contains 60 chips.
I, [2014-04-05T11:20:50.666232 #8665]  INFO -- : Player R3T responded with 0 (200)
I, [2014-04-05T11:20:50.667536 #8665]  INFO -- : R3T made a bet of 0 (fold) and is left with 930 chips. The pot now contains 60 chips.
I, [2014-04-05T11:20:50.669478 #8665]  INFO -- : NoCo won 60
I, [2014-04-05T11:20:50.675098 #8665]  INFO -- : Player R3T responded with  (200)
I, [2014-04-05T11:20:50.677833 #8665]  INFO -- : Player Mr Bazinga responded with OK (200)
I, [2014-04-05T11:20:50.679307 #8665]  INFO -- : Player NoCo responded with  (200)
I, [2014-04-05T11:20:50.679621 #8665]  INFO -- : NoCo received hole_card 3 of Spades
I, [2014-04-05T11:20:50.679818 #8665]  INFO -- : R3T received hole_card 9 of Diamonds
I, [2014-04-05T11:20:50.680014 #8665]  INFO -- : NoCo received hole_card 8 of Spades
I, [2014-04-05T11:20:50.680226 #8665]  INFO -- : R3T received hole_card Jack of Diamonds
I, [2014-04-05T11:20:50.680506 #8665]  INFO -- : NoCo made a bet of 20 (raise) and is left with 2050 chips. The pot now contains 20 chips.
I, [2014-04-05T11:20:50.680754 #8665]  INFO -- : R3T made a bet of 40 (raise) and is left with 890 chips. The pot now contains 60 chips.
I, [2014-04-05T11:20:50.682333 #8665]  INFO -- : Player NoCo responded with 20 (200)
I, [2014-04-05T11:20:50.682537 #8665]  INFO -- : NoCo made a bet of 20 (call) and is left with 2030 chips. The pot now contains 80 chips.
I, [2014-04-05T11:20:50.685699 #8665]  INFO -- : Player R3T responded with 0 (200)
I, [2014-04-05T11:20:50.685900 #8665]  INFO -- : R3T made a bet of 0 (check) and is left with 890 chips. The pot now contains 80 chips.
I, [2014-04-05T11:20:50.686153 #8665]  INFO -- : community card 2 of Hearts
I, [2014-04-05T11:20:50.686363 #8665]  INFO -- : community card 8 of Clubs
I, [2014-04-05T11:20:50.686552 #8665]  INFO -- : community card 6 of Spades
I, [2014-04-05T11:20:50.688465 #8665]  INFO -- : Player NoCo responded with 0 (200)
I, [2014-04-05T11:20:50.688759 #8665]  INFO -- : NoCo made a bet of 0 (check) and is left with 2030 chips. The pot now contains 80 chips.
I, [2014-04-05T11:20:50.694451 #8665]  INFO -- : Player R3T responded with 0 (200)
I, [2014-04-05T11:20:50.694947 #8665]  INFO -- : R3T made a bet of 0 (check) and is left with 890 chips. The pot now contains 80 chips.
I, [2014-04-05T11:20:50.695571 #8665]  INFO -- : community card 4 of Hearts
I, [2014-04-05T11:20:50.702206 #8665]  INFO -- : Player NoCo responded with 0 (200)
I, [2014-04-05T11:20:50.702586 #8665]  INFO -- : NoCo made a bet of 0 (check) and is left with 2030 chips. The pot now contains 80 chips.
I, [2014-04-05T11:20:50.709335 #8665]  INFO -- : Player R3T responded with 0 (200)
I, [2014-04-05T11:20:50.709577 #8665]  INFO -- : R3T made a bet of 0 (check) and is left with 890 chips. The pot now contains 80 chips.
I, [2014-04-05T11:20:50.709817 #8665]  INFO -- : community card 5 of Hearts
I, [2014-04-05T11:20:50.711486 #8665]  INFO -- : Player NoCo responded with 0 (200)
I, [2014-04-05T11:20:50.711680 #8665]  INFO -- : NoCo made a bet of 0 (check) and is left with 2030 chips. The pot now contains 80 chips.
I, [2014-04-05T11:20:50.719718 #8665]  INFO -- : Player R3T responded with 0 (200)
I, [2014-04-05T11:20:50.719934 #8665]  INFO -- : R3T made a bet of 0 (check) and is left with 890 chips. The pot now contains 80 chips.
I, [2014-04-05T11:20:50.721079 #8665]  INFO -- : NoCo showed 2 of Hearts,3 of Spades,4 of Hearts,5 of Hearts,6 of Spades making a straight
I, [2014-04-05T11:20:50.722153 #8665]  INFO -- : NoCo won 80
I, [2014-04-05T11:20:50.726203 #8665]  INFO -- : Player R3T responded with  (200)
I, [2014-04-05T11:20:50.730031 #8665]  INFO -- : Player Mr Bazinga responded with OK (200)
I, [2014-04-05T11:20:50.734414 #8665]  INFO -- : Player NoCo responded with  (200)
I, [2014-04-05T11:20:50.735590 #8665]  INFO -- : R3T received hole_card 5 of Clubs
I, [2014-04-05T11:20:50.735986 #8665]  INFO -- : NoCo received hole_card Jack of Spades
I, [2014-04-05T11:20:50.736362 #8665]  INFO -- : R3T received hole_card 10 of Clubs
I, [2014-04-05T11:20:50.736687 #8665]  INFO -- : NoCo received hole_card 9 of Hearts
I, [2014-04-05T11:20:50.737105 #8665]  INFO -- : R3T made a bet of 20 (raise) and is left with 870 chips. The pot now contains 20 chips.
I, [2014-04-05T11:20:50.737355 #8665]  INFO -- : NoCo made a bet of 40 (raise) and is left with 2070 chips. The pot now contains 60 chips.
I, [2014-04-05T11:20:50.741334 #8665]  INFO -- : Player R3T responded with 0 (200)
I, [2014-04-05T11:20:50.741680 #8665]  INFO -- : R3T made a bet of 0 (fold) and is left with 870 chips. The pot now contains 60 chips.
I, [2014-04-05T11:20:50.742774 #8665]  INFO -- : NoCo won 60
I, [2014-04-05T11:20:50.746192 #8665]  INFO -- : Player R3T responded with  (200)
I, [2014-04-05T11:20:50.748585 #8665]  INFO -- : Player Mr Bazinga responded with OK (200)
I, [2014-04-05T11:20:50.752577 #8665]  INFO -- : Player NoCo responded with  (200)
I, [2014-04-05T11:20:50.753895 #8665]  INFO -- : NoCo received hole_card Jack of Diamonds
I, [2014-04-05T11:20:50.754896 #8665]  INFO -- : R3T received hole_card Ace of Hearts
I, [2014-04-05T11:20:50.755801 #8665]  INFO -- : NoCo received hole_card 6 of Diamonds
I, [2014-04-05T11:20:50.756581 #8665]  INFO -- : R3T received hole_card 2 of Diamonds
I, [2014-04-05T11:20:50.757047 #8665]  INFO -- : NoCo made a bet of 20 (raise) and is left with 2110 chips. The pot now contains 20 chips.
I, [2014-04-05T11:20:50.757413 #8665]  INFO -- : R3T made a bet of 40 (raise) and is left with 830 chips. The pot now contains 60 chips.
I, [2014-04-05T11:20:50.760297 #8665]  INFO -- : Player NoCo responded with 20 (200)
I, [2014-04-05T11:20:50.760520 #8665]  INFO -- : NoCo made a bet of 20 (call) and is left with 2090 chips. The pot now contains 80 chips.
I, [2014-04-05T11:20:50.768414 #8665]  INFO -- : Player R3T responded with 0 (200)
I, [2014-04-05T11:20:50.769100 #8665]  INFO -- : R3T made a bet of 0 (check) and is left with 830 chips. The pot now contains 80 chips.
I, [2014-04-05T11:20:50.769762 #8665]  INFO -- : community card 5 of Hearts
I, [2014-04-05T11:20:50.770409 #8665]  INFO -- : community card Queen of Diamonds
I, [2014-04-05T11:20:50.771023 #8665]  INFO -- : community card 10 of Diamonds
I, [2014-04-05T11:20:50.773549 #8665]  INFO -- : Player NoCo responded with 0 (200)
I, [2014-04-05T11:20:50.773755 #8665]  INFO -- : NoCo made a bet of 0 (check) and is left with 2090 chips. The pot now contains 80 chips.
I, [2014-04-05T11:20:50.780800 #8665]  INFO -- : Player R3T responded with 0 (200)
I, [2014-04-05T11:20:50.781009 #8665]  INFO -- : R3T made a bet of 0 (check) and is left with 830 chips. The pot now contains 80 chips.
I, [2014-04-05T11:20:50.781225 #8665]  INFO -- : community card 10 of Spades
I, [2014-04-05T11:20:50.782968 #8665]  INFO -- : Player NoCo responded with 0 (200)
I, [2014-04-05T11:20:50.783193 #8665]  INFO -- : NoCo made a bet of 0 (check) and is left with 2090 chips. The pot now contains 80 chips.
I, [2014-04-05T11:20:50.787736 #8665]  INFO -- : Player R3T responded with 0 (200)
I, [2014-04-05T11:20:50.788077 #8665]  INFO -- : R3T made a bet of 0 (check) and is left with 830 chips. The pot now contains 80 chips.
I, [2014-04-05T11:20:50.788319 #8665]  INFO -- : community card 10 of Hearts
I, [2014-04-05T11:20:50.792947 #8665]  INFO -- : Player NoCo responded with 0 (200)
I, [2014-04-05T11:20:50.793484 #8665]  INFO -- : NoCo made a bet of 0 (check) and is left with 2090 chips. The pot now contains 80 chips.
I, [2014-04-05T11:20:50.798507 #8665]  INFO -- : Player R3T responded with 0 (200)
I, [2014-04-05T11:20:50.798726 #8665]  INFO -- : R3T made a bet of 0 (check) and is left with 830 chips. The pot now contains 80 chips.
I, [2014-04-05T11:20:50.799509 #8665]  INFO -- : NoCo showed 10 of Diamonds,10 of Spades,10 of Hearts,Jack of Diamonds,Queen of Diamonds making a three of a kind
I, [2014-04-05T11:20:50.800131 #8665]  INFO -- : R3T showed 10 of Diamonds,10 of Spades,10 of Hearts,Queen of Diamonds,Ace of Hearts making a three of a kind
I, [2014-04-05T11:20:50.800431 #8665]  INFO -- : R3T won 80
I, [2014-04-05T11:20:50.803028 #8665]  INFO -- : Player R3T responded with  (200)
I, [2014-04-05T11:20:50.805559 #8665]  INFO -- : Player Mr Bazinga responded with OK (200)
I, [2014-04-05T11:20:50.807220 #8665]  INFO -- : Player NoCo responded with  (200)
I, [2014-04-05T11:20:50.807486 #8665]  INFO -- : R3T received hole_card 3 of Hearts
I, [2014-04-05T11:20:50.807651 #8665]  INFO -- : NoCo received hole_card 10 of Diamonds
I, [2014-04-05T11:20:50.807824 #8665]  INFO -- : R3T received hole_card Queen of Spades
I, [2014-04-05T11:20:50.807969 #8665]  INFO -- : NoCo received hole_card 7 of Hearts
I, [2014-04-05T11:20:50.808931 #8665]  INFO -- : R3T made a bet of 40 (raise) and is left with 870 chips. The pot now contains 40 chips.
I, [2014-04-05T11:20:50.809628 #8665]  INFO -- : NoCo made a bet of 80 (raise) and is left with 2010 chips. The pot now contains 120 chips.
I, [2014-04-05T11:20:50.816121 #8665]  INFO -- : Player R3T responded with 0 (200)
I, [2014-04-05T11:20:50.816440 #8665]  INFO -- : R3T made a bet of 0 (fold) and is left with 870 chips. The pot now contains 120 chips.
I, [2014-04-05T11:20:50.817102 #8665]  INFO -- : NoCo won 120
I, [2014-04-05T11:20:50.820513 #8665]  INFO -- : Player R3T responded with  (200)
I, [2014-04-05T11:20:50.825705 #8665]  INFO -- : Player Mr Bazinga responded with OK (200)
I, [2014-04-05T11:20:50.829669 #8665]  INFO -- : Player NoCo responded with  (200)
I, [2014-04-05T11:20:50.830359 #8665]  INFO -- : NoCo received hole_card 7 of Spades
I, [2014-04-05T11:20:50.830825 #8665]  INFO -- : R3T received hole_card 9 of Clubs
I, [2014-04-05T11:20:50.831281 #8665]  INFO -- : NoCo received hole_card 2 of Spades
I, [2014-04-05T11:20:50.831687 #8665]  INFO -- : R3T received hole_card 2 of Clubs
I, [2014-04-05T11:20:50.832430 #8665]  INFO -- : NoCo made a bet of 40 (raise) and is left with 2090 chips. The pot now contains 40 chips.
I, [2014-04-05T11:20:50.833005 #8665]  INFO -- : R3T made a bet of 80 (raise) and is left with 790 chips. The pot now contains 120 chips.
I, [2014-04-05T11:20:50.836172 #8665]  INFO -- : Player NoCo responded with 40 (200)
I, [2014-04-05T11:20:50.836831 #8665]  INFO -- : NoCo made a bet of 40 (call) and is left with 2050 chips. The pot now contains 160 chips.
I, [2014-04-05T11:20:50.840994 #8665]  INFO -- : Player R3T responded with 0 (200)
I, [2014-04-05T11:20:50.841196 #8665]  INFO -- : R3T made a bet of 0 (check) and is left with 790 chips. The pot now contains 160 chips.
I, [2014-04-05T11:20:50.841449 #8665]  INFO -- : community card 7 of Diamonds
I, [2014-04-05T11:20:50.841625 #8665]  INFO -- : community card 5 of Spades
I, [2014-04-05T11:20:50.841839 #8665]  INFO -- : community card Queen of Hearts
I, [2014-04-05T11:20:50.843596 #8665]  INFO -- : Player NoCo responded with 0 (200)
I, [2014-04-05T11:20:50.844322 #8665]  INFO -- : NoCo made a bet of 0 (check) and is left with 2050 chips. The pot now contains 160 chips.
I, [2014-04-05T11:20:50.850876 #8665]  INFO -- : Player R3T responded with 0 (200)
I, [2014-04-05T11:20:50.851769 #8665]  INFO -- : R3T made a bet of 0 (check) and is left with 790 chips. The pot now contains 160 chips.
I, [2014-04-05T11:20:50.852932 #8665]  INFO -- : community card 4 of Clubs
I, [2014-04-05T11:20:50.858296 #8665]  INFO -- : Player NoCo responded with 0 (200)
I, [2014-04-05T11:20:50.858873 #8665]  INFO -- : NoCo made a bet of 0 (check) and is left with 2050 chips. The pot now contains 160 chips.
I, [2014-04-05T11:20:50.863311 #8665]  INFO -- : Player R3T responded with 0 (200)
I, [2014-04-05T11:20:50.863886 #8665]  INFO -- : R3T made a bet of 0 (check) and is left with 790 chips. The pot now contains 160 chips.
I, [2014-04-05T11:20:50.864765 #8665]  INFO -- : community card 4 of Spades
I, [2014-04-05T11:20:50.869045 #8665]  INFO -- : Player NoCo responded with 0 (200)
I, [2014-04-05T11:20:50.869644 #8665]  INFO -- : NoCo made a bet of 0 (check) and is left with 2050 chips. The pot now contains 160 chips.
I, [2014-04-05T11:20:50.874672 #8665]  INFO -- : Player R3T responded with 0 (200)
I, [2014-04-05T11:20:50.875291 #8665]  INFO -- : R3T made a bet of 0 (check) and is left with 790 chips. The pot now contains 160 chips.
I, [2014-04-05T11:20:50.877883 #8665]  INFO -- : NoCo showed 4 of Clubs,4 of Spades,7 of Spades,7 of Diamonds,Queen of Hearts making a two pairs
I, [2014-04-05T11:20:50.879211 #8665]  INFO -- : NoCo won 160
I, [2014-04-05T11:20:50.882511 #8665]  INFO -- : Player R3T responded with  (200)
I, [2014-04-05T11:20:50.887578 #8665]  INFO -- : Player Mr Bazinga responded with OK (200)
I, [2014-04-05T11:20:50.891444 #8665]  INFO -- : Player NoCo responded with  (200)
I, [2014-04-05T11:20:50.892306 #8665]  INFO -- : R3T received hole_card 7 of Clubs
I, [2014-04-05T11:20:50.892795 #8665]  INFO -- : NoCo received hole_card 3 of Clubs
I, [2014-04-05T11:20:50.893348 #8665]  INFO -- : R3T received hole_card 3 of Diamonds
I, [2014-04-05T11:20:50.893888 #8665]  INFO -- : NoCo received hole_card 9 of Clubs
I, [2014-04-05T11:20:50.894747 #8665]  INFO -- : R3T made a bet of 40 (raise) and is left with 750 chips. The pot now contains 40 chips.
I, [2014-04-05T11:20:50.895596 #8665]  INFO -- : NoCo made a bet of 80 (raise) and is left with 2130 chips. The pot now contains 120 chips.
I, [2014-04-05T11:20:50.901322 #8665]  INFO -- : Player R3T responded with 0 (200)
I, [2014-04-05T11:20:50.901626 #8665]  INFO -- : R3T made a bet of 0 (fold) and is left with 750 chips. The pot now contains 120 chips.
I, [2014-04-05T11:20:50.902270 #8665]  INFO -- : NoCo won 120
I, [2014-04-05T11:20:50.905475 #8665]  INFO -- : Player R3T responded with  (200)
I, [2014-04-05T11:20:50.908724 #8665]  INFO -- : Player Mr Bazinga responded with OK (200)
I, [2014-04-05T11:20:50.911869 #8665]  INFO -- : Player NoCo responded with  (200)
I, [2014-04-05T11:20:50.912754 #8665]  INFO -- : NoCo received hole_card 4 of Spades
I, [2014-04-05T11:20:50.913557 #8665]  INFO -- : R3T received hole_card Queen of Spades
I, [2014-04-05T11:20:50.914078 #8665]  INFO -- : NoCo received hole_card 10 of Hearts
I, [2014-04-05T11:20:50.914621 #8665]  INFO -- : R3T received hole_card 6 of Spades
I, [2014-04-05T11:20:50.915364 #8665]  INFO -- : NoCo made a bet of 40 (raise) and is left with 2210 chips. The pot now contains 40 chips.
I, [2014-04-05T11:20:50.915776 #8665]  INFO -- : R3T made a bet of 80 (raise) and is left with 670 chips. The pot now contains 120 chips.
I, [2014-04-05T11:20:50.919864 #8665]  INFO -- : Player NoCo responded with 40 (200)
I, [2014-04-05T11:20:50.920118 #8665]  INFO -- : NoCo made a bet of 40 (call) and is left with 2170 chips. The pot now contains 160 chips.
I, [2014-04-05T11:20:50.925511 #8665]  INFO -- : Player R3T responded with 0 (200)
I, [2014-04-05T11:20:50.925751 #8665]  INFO -- : R3T made a bet of 0 (check) and is left with 670 chips. The pot now contains 160 chips.
I, [2014-04-05T11:20:50.925964 #8665]  INFO -- : community card 9 of Spades
I, [2014-04-05T11:20:50.926158 #8665]  INFO -- : community card 4 of Diamonds
I, [2014-04-05T11:20:50.926332 #8665]  INFO -- : community card Ace of Diamonds
I, [2014-04-05T11:20:50.927976 #8665]  INFO -- : Player NoCo responded with 0 (200)
I, [2014-04-05T11:20:50.928232 #8665]  INFO -- : NoCo made a bet of 0 (check) and is left with 2170 chips. The pot now contains 160 chips.
I, [2014-04-05T11:20:50.931748 #8665]  INFO -- : Player R3T responded with 0 (200)
I, [2014-04-05T11:20:50.932555 #8665]  INFO -- : R3T made a bet of 0 (check) and is left with 670 chips. The pot now contains 160 chips.
I, [2014-04-05T11:20:50.932944 #8665]  INFO -- : community card 7 of Hearts
I, [2014-04-05T11:20:50.935027 #8665]  INFO -- : Player NoCo responded with 0 (200)
I, [2014-04-05T11:20:50.935313 #8665]  INFO -- : NoCo made a bet of 0 (check) and is left with 2170 chips. The pot now contains 160 chips.
I, [2014-04-05T11:20:50.940311 #8665]  INFO -- : Player R3T responded with 0 (200)
I, [2014-04-05T11:20:50.940595 #8665]  INFO -- : R3T made a bet of 0 (check) and is left with 670 chips. The pot now contains 160 chips.
I, [2014-04-05T11:20:50.941085 #8665]  INFO -- : community card 4 of Clubs
I, [2014-04-05T11:20:50.946775 #8665]  INFO -- : Player NoCo responded with 0 (200)
I, [2014-04-05T11:20:50.947110 #8665]  INFO -- : NoCo made a bet of 0 (check) and is left with 2170 chips. The pot now contains 160 chips.
I, [2014-04-05T11:20:50.953357 #8665]  INFO -- : Player R3T responded with 0 (200)
I, [2014-04-05T11:20:50.953589 #8665]  INFO -- : R3T made a bet of 0 (check) and is left with 670 chips. The pot now contains 160 chips.
I, [2014-04-05T11:20:50.954074 #8665]  INFO -- : NoCo showed 4 of Diamonds,4 of Clubs,4 of Spades,10 of Hearts,Ace of Diamonds making a three of a kind
I, [2014-04-05T11:20:50.954423 #8665]  INFO -- : NoCo won 160
I, [2014-04-05T11:20:50.956558 #8665]  INFO -- : Player R3T responded with  (200)
I, [2014-04-05T11:20:50.958009 #8665]  INFO -- : Player Mr Bazinga responded with OK (200)
I, [2014-04-05T11:20:50.959424 #8665]  INFO -- : Player NoCo responded with  (200)
I, [2014-04-05T11:20:50.959730 #8665]  INFO -- : R3T received hole_card 2 of Clubs
I, [2014-04-05T11:20:50.959909 #8665]  INFO -- : NoCo received hole_card Ace of Clubs
I, [2014-04-05T11:20:50.960182 #8665]  INFO -- : R3T received hole_card 6 of Hearts
I, [2014-04-05T11:20:50.960533 #8665]  INFO -- : NoCo received hole_card 3 of Spades
I, [2014-04-05T11:20:50.961045 #8665]  INFO -- : R3T made a bet of 40 (raise) and is left with 630 chips. The pot now contains 40 chips.
I, [2014-04-05T11:20:50.961399 #8665]  INFO -- : NoCo made a bet of 80 (raise) and is left with 2250 chips. The pot now contains 120 chips.
I, [2014-04-05T11:20:50.965571 #8665]  INFO -- : Player R3T responded with 0 (200)
I, [2014-04-05T11:20:50.965858 #8665]  INFO -- : R3T made a bet of 0 (fold) and is left with 630 chips. The pot now contains 120 chips.
I, [2014-04-05T11:20:50.966388 #8665]  INFO -- : NoCo won 120
I, [2014-04-05T11:20:50.969376 #8665]  INFO -- : Player R3T responded with  (200)
I, [2014-04-05T11:20:50.972132 #8665]  INFO -- : Player Mr Bazinga responded with OK (200)
I, [2014-04-05T11:20:50.975108 #8665]  INFO -- : Player NoCo responded with  (200)
I, [2014-04-05T11:20:50.976688 #8665]  INFO -- : NoCo received hole_card Queen of Clubs
I, [2014-04-05T11:20:50.977015 #8665]  INFO -- : R3T received hole_card 2 of Hearts
I, [2014-04-05T11:20:50.977271 #8665]  INFO -- : NoCo received hole_card 5 of Hearts
I, [2014-04-05T11:20:50.977476 #8665]  INFO -- : R3T received hole_card 2 of Clubs
I, [2014-04-05T11:20:50.977832 #8665]  INFO -- : NoCo made a bet of 40 (raise) and is left with 2330 chips. The pot now contains 40 chips.
I, [2014-04-05T11:20:50.978186 #8665]  INFO -- : R3T made a bet of 80 (raise) and is left with 550 chips. The pot now contains 120 chips.
I, [2014-04-05T11:20:50.981975 #8665]  INFO -- : Player NoCo responded with 40 (200)
I, [2014-04-05T11:20:50.982169 #8665]  INFO -- : NoCo made a bet of 40 (call) and is left with 2290 chips. The pot now contains 160 chips.
I, [2014-04-05T11:20:50.985299 #8665]  INFO -- : Player R3T responded with 0 (200)
I, [2014-04-05T11:20:50.985663 #8665]  INFO -- : R3T made a bet of 0 (check) and is left with 550 chips. The pot now contains 160 chips.
I, [2014-04-05T11:20:50.986033 #8665]  INFO -- : community card Queen of Hearts
I, [2014-04-05T11:20:50.986249 #8665]  INFO -- : community card 3 of Clubs
I, [2014-04-05T11:20:50.986438 #8665]  INFO -- : community card 4 of Spades
I, [2014-04-05T11:20:50.988410 #8665]  INFO -- : Player NoCo responded with 0 (200)
I, [2014-04-05T11:20:50.988635 #8665]  INFO -- : NoCo made a bet of 0 (check) and is left with 2290 chips. The pot now contains 160 chips.
I, [2014-04-05T11:20:50.991971 #8665]  INFO -- : Player R3T responded with 0 (200)
I, [2014-04-05T11:20:50.992390 #8665]  INFO -- : R3T made a bet of 0 (check) and is left with 550 chips. The pot now contains 160 chips.
I, [2014-04-05T11:20:50.992701 #8665]  INFO -- : community card 8 of Spades
I, [2014-04-05T11:20:50.994885 #8665]  INFO -- : Player NoCo responded with 0 (200)
I, [2014-04-05T11:20:50.995154 #8665]  INFO -- : NoCo made a bet of 0 (check) and is left with 2290 chips. The pot now contains 160 chips.
I, [2014-04-05T11:20:50.999637 #8665]  INFO -- : Player R3T responded with 0 (200)
I, [2014-04-05T11:20:51.000037 #8665]  INFO -- : R3T made a bet of 0 (check) and is left with 550 chips. The pot now contains 160 chips.
I, [2014-04-05T11:20:51.000780 #8665]  INFO -- : community card Queen of Spades
I, [2014-04-05T11:20:51.004117 #8665]  INFO -- : Player NoCo responded with 0 (200)
I, [2014-04-05T11:20:51.004421 #8665]  INFO -- : NoCo made a bet of 0 (check) and is left with 2290 chips. The pot now contains 160 chips.
I, [2014-04-05T11:20:51.010272 #8665]  INFO -- : Player R3T responded with 0 (200)
I, [2014-04-05T11:20:51.010502 #8665]  INFO -- : R3T made a bet of 0 (check) and is left with 550 chips. The pot now contains 160 chips.
I, [2014-04-05T11:20:51.011117 #8665]  INFO -- : NoCo showed 5 of Hearts,8 of Spades,Queen of Clubs,Queen of Hearts,Queen of Spades making a three of a kind
I, [2014-04-05T11:20:51.011535 #8665]  INFO -- : NoCo won 160
I, [2014-04-05T11:20:51.014577 #8665]  INFO -- : Player R3T responded with  (200)
I, [2014-04-05T11:20:51.017960 #8665]  INFO -- : Player Mr Bazinga responded with OK (200)
I, [2014-04-05T11:20:51.020911 #8665]  INFO -- : Player NoCo responded with  (200)
I, [2014-04-05T11:20:51.021957 #8665]  INFO -- : R3T received hole_card Jack of Spades
I, [2014-04-05T11:20:51.022818 #8665]  INFO -- : NoCo received hole_card 9 of Clubs
I, [2014-04-05T11:20:51.023402 #8665]  INFO -- : R3T received hole_card Queen of Diamonds
I, [2014-04-05T11:20:51.023862 #8665]  INFO -- : NoCo received hole_card 2 of Clubs
I, [2014-04-05T11:20:51.024462 #8665]  INFO -- : R3T made a bet of 40 (raise) and is left with 510 chips. The pot now contains 40 chips.
I, [2014-04-05T11:20:51.024770 #8665]  INFO -- : NoCo made a bet of 80 (raise) and is left with 2370 chips. The pot now contains 120 chips.
I, [2014-04-05T11:20:51.030525 #8665]  INFO -- : Player R3T responded with 0 (200)
I, [2014-04-05T11:20:51.031087 #8665]  INFO -- : R3T made a bet of 0 (fold) and is left with 510 chips. The pot now contains 120 chips.
I, [2014-04-05T11:20:51.031570 #8665]  INFO -- : NoCo won 120
I, [2014-04-05T11:20:51.034414 #8665]  INFO -- : Player R3T responded with  (200)
I, [2014-04-05T11:20:51.036521 #8665]  INFO -- : Player Mr Bazinga responded with OK (200)
I, [2014-04-05T11:20:51.040536 #8665]  INFO -- : Player NoCo responded with  (200)
I, [2014-04-05T11:20:51.040968 #8665]  INFO -- : NoCo received hole_card 10 of Diamonds
I, [2014-04-05T11:20:51.041170 #8665]  INFO -- : R3T received hole_card 9 of Clubs
I, [2014-04-05T11:20:51.041380 #8665]  INFO -- : NoCo received hole_card 8 of Diamonds
I, [2014-04-05T11:20:51.041571 #8665]  INFO -- : R3T received hole_card 10 of Hearts
I, [2014-04-05T11:20:51.042055 #8665]  INFO -- : NoCo made a bet of 40 (raise) and is left with 2450 chips. The pot now contains 40 chips.
I, [2014-04-05T11:20:51.042528 #8665]  INFO -- : R3T made a bet of 80 (raise) and is left with 430 chips. The pot now contains 120 chips.
I, [2014-04-05T11:20:51.045383 #8665]  INFO -- : Player NoCo responded with 40 (200)
I, [2014-04-05T11:20:51.045850 #8665]  INFO -- : NoCo made a bet of 40 (call) and is left with 2410 chips. The pot now contains 160 chips.
I, [2014-04-05T11:20:51.051116 #8665]  INFO -- : Player R3T responded with 0 (200)
I, [2014-04-05T11:20:51.051423 #8665]  INFO -- : R3T made a bet of 0 (check) and is left with 430 chips. The pot now contains 160 chips.
I, [2014-04-05T11:20:51.051758 #8665]  INFO -- : community card 8 of Spades
I, [2014-04-05T11:20:51.052064 #8665]  INFO -- : community card 7 of Spades
I, [2014-04-05T11:20:51.052365 #8665]  INFO -- : community card King of Diamonds
I, [2014-04-05T11:20:51.055071 #8665]  INFO -- : Player NoCo responded with 0 (200)
I, [2014-04-05T11:20:51.055278 #8665]  INFO -- : NoCo made a bet of 0 (check) and is left with 2410 chips. The pot now contains 160 chips.
I, [2014-04-05T11:20:51.059924 #8665]  INFO -- : Player R3T responded with 0 (200)
I, [2014-04-05T11:20:51.060257 #8665]  INFO -- : R3T made a bet of 0 (check) and is left with 430 chips. The pot now contains 160 chips.
I, [2014-04-05T11:20:51.060769 #8665]  INFO -- : community card 2 of Spades
I, [2014-04-05T11:20:51.064414 #8665]  INFO -- : Player NoCo responded with 0 (200)
I, [2014-04-05T11:20:51.064684 #8665]  INFO -- : NoCo made a bet of 0 (check) and is left with 2410 chips. The pot now contains 160 chips.
I, [2014-04-05T11:20:51.069890 #8665]  INFO -- : Player R3T responded with 0 (200)
I, [2014-04-05T11:20:51.070134 #8665]  INFO -- : R3T made a bet of 0 (check) and is left with 430 chips. The pot now contains 160 chips.
I, [2014-04-05T11:20:51.070378 #8665]  INFO -- : community card Queen of Hearts
I, [2014-04-05T11:20:51.072435 #8665]  INFO -- : Player NoCo responded with 0 (200)
I, [2014-04-05T11:20:51.072641 #8665]  INFO -- : NoCo made a bet of 0 (check) and is left with 2410 chips. The pot now contains 160 chips.
I, [2014-04-05T11:20:51.078144 #8665]  INFO -- : Player R3T responded with 0 (200)
I, [2014-04-05T11:20:51.078498 #8665]  INFO -- : R3T made a bet of 0 (check) and is left with 430 chips. The pot now contains 160 chips.
I, [2014-04-05T11:20:51.079285 #8665]  INFO -- : NoCo showed 8 of Spades,8 of Diamonds,10 of Diamonds,Queen of Hearts,King of Diamonds making a pair
I, [2014-04-05T11:20:51.079837 #8665]  INFO -- : NoCo won 160
I, [2014-04-05T11:20:51.086428 #8665]  INFO -- : Player R3T responded with  (200)
I, [2014-04-05T11:20:51.089028 #8665]  INFO -- : Player Mr Bazinga responded with OK (200)
I, [2014-04-05T11:20:51.091476 #8665]  INFO -- : Player NoCo responded with  (200)
I, [2014-04-05T11:20:51.091969 #8665]  INFO -- : R3T received hole_card 4 of Clubs
I, [2014-04-05T11:20:51.092245 #8665]  INFO -- : NoCo received hole_card Ace of Hearts
I, [2014-04-05T11:20:51.092488 #8665]  INFO -- : R3T received hole_card 8 of Diamonds
I, [2014-04-05T11:20:51.092704 #8665]  INFO -- : NoCo received hole_card King of Diamonds
I, [2014-04-05T11:20:51.093042 #8665]  INFO -- : R3T made a bet of 40 (raise) and is left with 390 chips. The pot now contains 40 chips.
I, [2014-04-05T11:20:51.093336 #8665]  INFO -- : NoCo made a bet of 80 (raise) and is left with 2490 chips. The pot now contains 120 chips.
I, [2014-04-05T11:20:51.100231 #8665]  INFO -- : Player R3T responded with 0 (200)
I, [2014-04-05T11:20:51.100620 #8665]  INFO -- : R3T made a bet of 0 (fold) and is left with 390 chips. The pot now contains 120 chips.
I, [2014-04-05T11:20:51.101173 #8665]  INFO -- : NoCo won 120
I, [2014-04-05T11:20:51.105264 #8665]  INFO -- : Player R3T responded with  (200)
I, [2014-04-05T11:20:51.107881 #8665]  INFO -- : Player Mr Bazinga responded with OK (200)
I, [2014-04-05T11:20:51.109439 #8665]  INFO -- : Player NoCo responded with  (200)
I, [2014-04-05T11:20:51.109733 #8665]  INFO -- : NoCo received hole_card 7 of Clubs
I, [2014-04-05T11:20:51.109927 #8665]  INFO -- : R3T received hole_card 4 of Spades
I, [2014-04-05T11:20:51.110127 #8665]  INFO -- : NoCo received hole_card 10 of Clubs
I, [2014-04-05T11:20:51.110295 #8665]  INFO -- : R3T received hole_card 10 of Diamonds
I, [2014-04-05T11:20:51.110576 #8665]  INFO -- : NoCo made a bet of 80 (raise) and is left with 2530 chips. The pot now contains 80 chips.
I, [2014-04-05T11:20:51.110817 #8665]  INFO -- : R3T made a bet of 160 (raise) and is left with 230 chips. The pot now contains 240 chips.
I, [2014-04-05T11:20:51.112423 #8665]  INFO -- : Player NoCo responded with 80 (200)
I, [2014-04-05T11:20:51.112854 #8665]  INFO -- : NoCo made a bet of 80 (call) and is left with 2450 chips. The pot now contains 320 chips.
I, [2014-04-05T11:20:51.117048 #8665]  INFO -- : Player R3T responded with 0 (200)
I, [2014-04-05T11:20:51.117241 #8665]  INFO -- : R3T made a bet of 0 (check) and is left with 230 chips. The pot now contains 320 chips.
I, [2014-04-05T11:20:51.117449 #8665]  INFO -- : community card 2 of Diamonds
I, [2014-04-05T11:20:51.117617 #8665]  INFO -- : community card King of Spades
I, [2014-04-05T11:20:51.117786 #8665]  INFO -- : community card 5 of Spades
I, [2014-04-05T11:20:51.119839 #8665]  INFO -- : Player NoCo responded with 0 (200)
I, [2014-04-05T11:20:51.120001 #8665]  INFO -- : NoCo made a bet of 0 (check) and is left with 2450 chips. The pot now contains 320 chips.
I, [2014-04-05T11:20:51.124313 #8665]  INFO -- : Player R3T responded with 0 (200)
I, [2014-04-05T11:20:51.124547 #8665]  INFO -- : R3T made a bet of 0 (check) and is left with 230 chips. The pot now contains 320 chips.
I, [2014-04-05T11:20:51.124798 #8665]  INFO -- : community card Queen of Diamonds
I, [2014-04-05T11:20:51.126655 #8665]  INFO -- : Player NoCo responded with 0 (200)
I, [2014-04-05T11:20:51.126834 #8665]  INFO -- : NoCo made a bet of 0 (check) and is left with 2450 chips. The pot now contains 320 chips.
I, [2014-04-05T11:20:51.133128 #8665]  INFO -- : Player R3T responded with 0 (200)
I, [2014-04-05T11:20:51.133754 #8665]  INFO -- : R3T made a bet of 0 (check) and is left with 230 chips. The pot now contains 320 chips.
I, [2014-04-05T11:20:51.134159 #8665]  INFO -- : community card 6 of Spades
I, [2014-04-05T11:20:51.138104 #8665]  INFO -- : Player NoCo responded with 0 (200)
I, [2014-04-05T11:20:51.138424 #8665]  INFO -- : NoCo made a bet of 0 (check) and is left with 2450 chips. The pot now contains 320 chips.
I, [2014-04-05T11:20:51.145423 #8665]  INFO -- : Player R3T responded with 0 (200)
I, [2014-04-05T11:20:51.145849 #8665]  INFO -- : R3T made a bet of 0 (check) and is left with 230 chips. The pot now contains 320 chips.
I, [2014-04-05T11:20:51.146506 #8665]  INFO -- : NoCo showed 6 of Spades,7 of Clubs,10 of Clubs,Queen of Diamonds,King of Spades making a high card
I, [2014-04-05T11:20:51.146910 #8665]  INFO -- : NoCo won 320
I, [2014-04-05T11:20:51.152161 #8665]  INFO -- : Player R3T responded with  (200)
I, [2014-04-05T11:20:51.154670 #8665]  INFO -- : Player Mr Bazinga responded with OK (200)
I, [2014-04-05T11:20:51.160018 #8665]  INFO -- : Player NoCo responded with  (200)
I, [2014-04-05T11:20:51.160484 #8665]  INFO -- : R3T received hole_card 3 of Diamonds
I, [2014-04-05T11:20:51.160681 #8665]  INFO -- : NoCo received hole_card King of Diamonds
I, [2014-04-05T11:20:51.160880 #8665]  INFO -- : R3T received hole_card 9 of Clubs
I, [2014-04-05T11:20:51.161083 #8665]  INFO -- : NoCo received hole_card 9 of Spades
I, [2014-04-05T11:20:51.161700 #8665]  INFO -- : R3T made a bet of 80 (raise) and is left with 150 chips. The pot now contains 80 chips.
I, [2014-04-05T11:20:51.162179 #8665]  INFO -- : NoCo made a bet of 160 (raise) and is left with 2610 chips. The pot now contains 240 chips.
I, [2014-04-05T11:20:51.166812 #8665]  INFO -- : Player R3T responded with 0 (200)
I, [2014-04-05T11:20:51.167071 #8665]  INFO -- : R3T made a bet of 0 (fold) and is left with 150 chips. The pot now contains 240 chips.
I, [2014-04-05T11:20:51.167476 #8665]  INFO -- : NoCo won 240
I, [2014-04-05T11:20:51.170150 #8665]  INFO -- : Player R3T responded with  (200)
I, [2014-04-05T11:20:51.174655 #8665]  INFO -- : Player Mr Bazinga responded with OK (200)
I, [2014-04-05T11:20:51.177548 #8665]  INFO -- : Player NoCo responded with  (200)
I, [2014-04-05T11:20:51.178136 #8665]  INFO -- : NoCo received hole_card 5 of Spades
I, [2014-04-05T11:20:51.178551 #8665]  INFO -- : R3T received hole_card 10 of Hearts
I, [2014-04-05T11:20:51.178935 #8665]  INFO -- : NoCo received hole_card Queen of Spades
I, [2014-04-05T11:20:51.179365 #8665]  INFO -- : R3T received hole_card 5 of Diamonds
I, [2014-04-05T11:20:51.179977 #8665]  INFO -- : NoCo made a bet of 80 (raise) and is left with 2770 chips. The pot now contains 80 chips.
I, [2014-04-05T11:20:51.180439 #8665]  INFO -- : R3T made a bet of 150 (allin) and is left with 0 chips. The pot now contains 230 chips.
I, [2014-04-05T11:20:51.183217 #8665]  INFO -- : Player NoCo responded with 70 (200)
I, [2014-04-05T11:20:51.183611 #8665]  INFO -- : NoCo made a bet of 70 (call) and is left with 2700 chips. The pot now contains 300 chips.
I, [2014-04-05T11:20:51.183873 #8665]  INFO -- : community card 5 of Hearts
I, [2014-04-05T11:20:51.184249 #8665]  INFO -- : community card 9 of Spades
I, [2014-04-05T11:20:51.184439 #8665]  INFO -- : community card 4 of Spades
I, [2014-04-05T11:20:51.184642 #8665]  INFO -- : community card Queen of Clubs
I, [2014-04-05T11:20:51.184834 #8665]  INFO -- : community card 3 of Diamonds
I, [2014-04-05T11:20:51.185278 #8665]  INFO -- : R3T showed 5 of Hearts,5 of Diamonds,9 of Spades,10 of Hearts,Queen of Clubs making a pair
I, [2014-04-05T11:20:51.185745 #8665]  INFO -- : NoCo showed 5 of Spades,5 of Hearts,9 of Spades,Queen of Clubs,Queen of Spades making a two pairs
I, [2014-04-05T11:20:51.185939 #8665]  INFO -- : NoCo won 300
I, [2014-04-05T11:20:51.189776 #8665]  INFO -- : Player R3T responded with  (200)
I, [2014-04-05T11:20:51.197044 #8665]  INFO -- : Player Mr Bazinga responded with OK (200)
I, [2014-04-05T11:20:51.198649 #8665]  INFO -- : Player NoCo responded with  (200)
