# Logfile created on 2014-03-29 15:50:55 +0100 by logger.rb/44203
I, [2014-03-29T15:50:55.943210 #9723]  INFO -- : Reseting Korda Gyuri Bacsi to origin/master
I, [2014-03-29T15:50:56.631204 #9723]  INFO -- : Reseting Martleuca to origin/master
I, [2014-03-29T15:50:57.348110 #9723]  INFO -- : Reseting KonyvtarBot to origin/master
I, [2014-03-29T15:50:58.044179 #9723]  INFO -- : Reseting Xenu to origin/master
I, [2014-03-29T15:50:58.745215 #9723]  INFO -- : Reseting Harry Haskell to origin/master
I, [2014-03-29T15:51:00.091202 #9723]  INFO -- : Connected Korda Gyuri Bacsi at http://localhost:8080/
I, [2014-03-29T15:51:00.100743 #9723]  INFO -- : Connected Martleuca at http://localhost:1042/
I, [2014-03-29T15:51:00.110151 #9723]  INFO -- : Connected KonyvtarBot at http://localhost:8123/player_service.php
I, [2014-03-29T15:51:00.113489 #9723]  INFO -- : Connected Xenu at http://localhost:8280/
I, [2014-03-29T15:51:00.136006 #9723]  INFO -- : Connected Harry Haskell at http://localhost:4127/
E, [2014-03-29T15:51:00.144055 #9723] ERROR -- : Connection refused - connect(2) for "localhost" port 8080
E, [2014-03-29T15:51:00.144241 #9723] ERROR -- : Player Korda Gyuri Bacsi is unreachable
I, [2014-03-29T15:51:00.144341 #9723]  INFO -- : Waiting for players to start
E, [2014-03-29T15:51:01.145082 #9723] ERROR -- : Connection refused - connect(2) for "localhost" port 8080
E, [2014-03-29T15:51:01.145328 #9723] ERROR -- : Player Korda Gyuri Bacsi is unreachable
I, [2014-03-29T15:51:01.145474 #9723]  INFO -- : Waiting for players to start
E, [2014-03-29T15:51:02.146143 #9723] ERROR -- : Connection refused - connect(2) for "localhost" port 8080
E, [2014-03-29T15:51:02.146302 #9723] ERROR -- : Player Korda Gyuri Bacsi is unreachable
I, [2014-03-29T15:51:02.146441 #9723]  INFO -- : Waiting for players to start
E, [2014-03-29T15:51:03.155484 #9723] ERROR -- : Connection refused - connect(2) for "localhost" port 8080
E, [2014-03-29T15:51:03.155757 #9723] ERROR -- : Player Korda Gyuri Bacsi is unreachable
I, [2014-03-29T15:51:03.155900 #9723]  INFO -- : Waiting for players to start
E, [2014-03-29T15:51:04.161172 #9723] ERROR -- : Connection refused - connect(2) for "localhost" port 8080
E, [2014-03-29T15:51:04.161359 #9723] ERROR -- : Player Korda Gyuri Bacsi is unreachable
I, [2014-03-29T15:51:04.161450 #9723]  INFO -- : Waiting for players to start
E, [2014-03-29T15:51:05.170723 #9723] ERROR -- : Connection refused - connect(2) for "localhost" port 8080
E, [2014-03-29T15:51:05.170914 #9723] ERROR -- : Player Korda Gyuri Bacsi is unreachable
I, [2014-03-29T15:51:05.171036 #9723]  INFO -- : Waiting for players to start
E, [2014-03-29T15:51:06.177760 #9723] ERROR -- : Connection refused - connect(2) for "localhost" port 8080
E, [2014-03-29T15:51:06.179677 #9723] ERROR -- : Player Korda Gyuri Bacsi is unreachable
I, [2014-03-29T15:51:06.179824 #9723]  INFO -- : Waiting for players to start
E, [2014-03-29T15:51:07.189765 #9723] ERROR -- : Connection refused - connect(2) for "localhost" port 8080
E, [2014-03-29T15:51:07.189935 #9723] ERROR -- : Player Korda Gyuri Bacsi is unreachable
I, [2014-03-29T15:51:07.190023 #9723]  INFO -- : Waiting for players to start
E, [2014-03-29T15:51:08.196377 #9723] ERROR -- : Connection refused - connect(2) for "localhost" port 8080
E, [2014-03-29T15:51:08.197244 #9723] ERROR -- : Player Korda Gyuri Bacsi is unreachable
I, [2014-03-29T15:51:08.197558 #9723]  INFO -- : Waiting for players to start
E, [2014-03-29T15:51:09.213763 #9723] ERROR -- : Connection refused - connect(2) for "localhost" port 8080
E, [2014-03-29T15:51:09.213929 #9723] ERROR -- : Player Korda Gyuri Bacsi is unreachable
I, [2014-03-29T15:51:09.214013 #9723]  INFO -- : Waiting for players to start
E, [2014-03-29T15:51:10.225783 #9723] ERROR -- : Connection refused - connect(2) for "localhost" port 8080
E, [2014-03-29T15:51:10.225961 #9723] ERROR -- : Player Korda Gyuri Bacsi is unreachable
I, [2014-03-29T15:51:10.226048 #9723]  INFO -- : Waiting for players to start
E, [2014-03-29T15:51:11.233759 #9723] ERROR -- : Connection refused - connect(2) for "localhost" port 8080
E, [2014-03-29T15:51:11.233940 #9723] ERROR -- : Player Korda Gyuri Bacsi is unreachable
I, [2014-03-29T15:51:11.234028 #9723]  INFO -- : Waiting for players to start
E, [2014-03-29T15:51:12.241781 #9723] ERROR -- : Connection refused - connect(2) for "localhost" port 8080
E, [2014-03-29T15:51:12.241966 #9723] ERROR -- : Player Korda Gyuri Bacsi is unreachable
I, [2014-03-29T15:51:12.242061 #9723]  INFO -- : Waiting for players to start
E, [2014-03-29T15:51:13.249784 #9723] ERROR -- : Connection refused - connect(2) for "localhost" port 8080
E, [2014-03-29T15:51:13.249963 #9723] ERROR -- : Player Korda Gyuri Bacsi is unreachable
I, [2014-03-29T15:51:13.250060 #9723]  INFO -- : Waiting for players to start
E, [2014-03-29T15:51:14.257800 #9723] ERROR -- : Connection refused - connect(2) for "localhost" port 8080
E, [2014-03-29T15:51:14.257982 #9723] ERROR -- : Player Korda Gyuri Bacsi is unreachable
I, [2014-03-29T15:51:14.258070 #9723]  INFO -- : Waiting for players to start
E, [2014-03-29T15:51:15.265771 #9723] ERROR -- : Connection refused - connect(2) for "localhost" port 8080
E, [2014-03-29T15:51:15.265992 #9723] ERROR -- : Player Korda Gyuri Bacsi is unreachable
I, [2014-03-29T15:51:15.266088 #9723]  INFO -- : Waiting for players to start
E, [2014-03-29T15:51:16.281972 #9723] ERROR -- : Connection refused - connect(2) for "localhost" port 8080
E, [2014-03-29T15:51:16.282255 #9723] ERROR -- : Player Korda Gyuri Bacsi is unreachable
I, [2014-03-29T15:51:16.282424 #9723]  INFO -- : Waiting for players to start
E, [2014-03-29T15:51:17.293760 #9723] ERROR -- : Connection refused - connect(2) for "localhost" port 8080
E, [2014-03-29T15:51:17.294089 #9723] ERROR -- : Player Korda Gyuri Bacsi is unreachable
I, [2014-03-29T15:51:17.294260 #9723]  INFO -- : Waiting for players to start
E, [2014-03-29T15:51:18.301756 #9723] ERROR -- : Connection refused - connect(2) for "localhost" port 8080
E, [2014-03-29T15:51:18.302061 #9723] ERROR -- : Player Korda Gyuri Bacsi is unreachable
I, [2014-03-29T15:51:18.302231 #9723]  INFO -- : Waiting for players to start
E, [2014-03-29T15:51:19.309756 #9723] ERROR -- : Connection refused - connect(2) for "localhost" port 8080
E, [2014-03-29T15:51:19.310037 #9723] ERROR -- : Player Korda Gyuri Bacsi is unreachable
I, [2014-03-29T15:51:19.310184 #9723]  INFO -- : Waiting for players to start
E, [2014-03-29T15:51:20.316050 #9723] ERROR -- : Connection refused - connect(2) for "localhost" port 8080
E, [2014-03-29T15:51:20.316331 #9723] ERROR -- : Player Korda Gyuri Bacsi is unreachable
I, [2014-03-29T15:51:20.316490 #9723]  INFO -- : Waiting for players to start
E, [2014-03-29T15:51:21.317247 #9723] ERROR -- : Connection refused - connect(2) for "localhost" port 8080
E, [2014-03-29T15:51:21.317382 #9723] ERROR -- : Player Korda Gyuri Bacsi is unreachable
I, [2014-03-29T15:51:21.317453 #9723]  INFO -- : Waiting for players to start
E, [2014-03-29T15:51:22.820645 #9723] ERROR -- : Net::ReadTimeout
E, [2014-03-29T15:51:22.820845 #9723] ERROR -- : Player Korda Gyuri Bacsi is unreachable
I, [2014-03-29T15:51:22.820948 #9723]  INFO -- : Waiting for players to start
I, [2014-03-29T15:51:24.221049 #9723]  INFO -- : Player Korda Gyuri Bacsi responded with  (200)
I, [2014-03-29T15:51:24.222959 #9723]  INFO -- : Player Martleuca responded with  (200)
I, [2014-03-29T15:51:24.225157 #9723]  INFO -- : Player KonyvtarBot responded with  (200)
E, [2014-03-29T15:51:24.726768 #9723] ERROR -- : Net::ReadTimeout
E, [2014-03-29T15:51:24.727114 #9723] ERROR -- : Player Xenu is unreachable
I, [2014-03-29T15:51:24.727346 #9723]  INFO -- : Waiting for players to start
I, [2014-03-29T15:51:25.733071 #9723]  INFO -- : Player Korda Gyuri Bacsi responded with  (200)
I, [2014-03-29T15:51:25.736320 #9723]  INFO -- : Player Martleuca responded with  (200)
I, [2014-03-29T15:51:25.740054 #9723]  INFO -- : Player KonyvtarBot responded with  (200)
E, [2014-03-29T15:51:26.242701 #9723] ERROR -- : Net::ReadTimeout
E, [2014-03-29T15:51:26.243028 #9723] ERROR -- : Player Xenu is unreachable
I, [2014-03-29T15:51:26.243217 #9723]  INFO -- : Waiting for players to start
I, [2014-03-29T15:51:27.248947 #9723]  INFO -- : Player Korda Gyuri Bacsi responded with  (200)
I, [2014-03-29T15:51:27.252438 #9723]  INFO -- : Player Martleuca responded with  (200)
I, [2014-03-29T15:51:27.256376 #9723]  INFO -- : Player KonyvtarBot responded with  (200)
E, [2014-03-29T15:51:27.759081 #9723] ERROR -- : Net::ReadTimeout
E, [2014-03-29T15:51:27.759208 #9723] ERROR -- : Player Xenu is unreachable
I, [2014-03-29T15:51:27.759262 #9723]  INFO -- : Waiting for players to start
I, [2014-03-29T15:51:28.764814 #9723]  INFO -- : Player Korda Gyuri Bacsi responded with  (200)
I, [2014-03-29T15:51:28.768118 #9723]  INFO -- : Player Martleuca responded with  (200)
I, [2014-03-29T15:51:28.771819 #9723]  INFO -- : Player KonyvtarBot responded with  (200)
E, [2014-03-29T15:51:29.274520 #9723] ERROR -- : Net::ReadTimeout
E, [2014-03-29T15:51:29.274910 #9723] ERROR -- : Player Xenu is unreachable
I, [2014-03-29T15:51:29.275081 #9723]  INFO -- : Waiting for players to start
I, [2014-03-29T15:51:30.280752 #9723]  INFO -- : Player Korda Gyuri Bacsi responded with  (200)
I, [2014-03-29T15:51:30.284022 #9723]  INFO -- : Player Martleuca responded with  (200)
I, [2014-03-29T15:51:30.287649 #9723]  INFO -- : Player KonyvtarBot responded with  (200)
E, [2014-03-29T15:51:30.790295 #9723] ERROR -- : Net::ReadTimeout
E, [2014-03-29T15:51:30.790742 #9723] ERROR -- : Player Xenu is unreachable
I, [2014-03-29T15:51:30.790956 #9723]  INFO -- : Waiting for players to start
I, [2014-03-29T15:51:31.793236 #9723]  INFO -- : Player Korda Gyuri Bacsi responded with  (200)
I, [2014-03-29T15:51:31.794559 #9723]  INFO -- : Player Martleuca responded with  (200)
I, [2014-03-29T15:51:31.795952 #9723]  INFO -- : Player KonyvtarBot responded with  (200)
E, [2014-03-29T15:51:32.297556 #9723] ERROR -- : Net::ReadTimeout
E, [2014-03-29T15:51:32.297941 #9723] ERROR -- : Player Xenu is unreachable
I, [2014-03-29T15:51:32.298103 #9723]  INFO -- : Waiting for players to start
I, [2014-03-29T15:51:33.303656 #9723]  INFO -- : Player Korda Gyuri Bacsi responded with  (200)
I, [2014-03-29T15:51:33.307584 #9723]  INFO -- : Player Martleuca responded with  (200)
I, [2014-03-29T15:51:33.311700 #9723]  INFO -- : Player KonyvtarBot responded with  (200)
E, [2014-03-29T15:51:33.814399 #9723] ERROR -- : Net::ReadTimeout
E, [2014-03-29T15:51:33.814730 #9723] ERROR -- : Player Xenu is unreachable
I, [2014-03-29T15:51:33.814895 #9723]  INFO -- : Waiting for players to start
I, [2014-03-29T15:51:34.818205 #9723]  INFO -- : Player Korda Gyuri Bacsi responded with  (200)
I, [2014-03-29T15:51:34.821350 #9723]  INFO -- : Player Martleuca responded with  (200)
I, [2014-03-29T15:51:34.824997 #9723]  INFO -- : Player KonyvtarBot responded with  (200)
E, [2014-03-29T15:51:35.327845 #9723] ERROR -- : Net::ReadTimeout
E, [2014-03-29T15:51:35.328143 #9723] ERROR -- : Player Xenu is unreachable
I, [2014-03-29T15:51:35.328305 #9723]  INFO -- : Waiting for players to start
I, [2014-03-29T15:51:36.330362 #9723]  INFO -- : Player Korda Gyuri Bacsi responded with  (200)
I, [2014-03-29T15:51:36.331594 #9723]  INFO -- : Player Martleuca responded with  (200)
I, [2014-03-29T15:51:36.332943 #9723]  INFO -- : Player KonyvtarBot responded with  (200)
E, [2014-03-29T15:51:36.834602 #9723] ERROR -- : Net::ReadTimeout
E, [2014-03-29T15:51:36.834906 #9723] ERROR -- : Player Xenu is unreachable
I, [2014-03-29T15:51:36.835068 #9723]  INFO -- : Waiting for players to start
I, [2014-03-29T15:51:37.840804 #9723]  INFO -- : Player Korda Gyuri Bacsi responded with  (200)
I, [2014-03-29T15:51:37.844057 #9723]  INFO -- : Player Martleuca responded with  (200)
I, [2014-03-29T15:51:37.847847 #9723]  INFO -- : Player KonyvtarBot responded with  (200)
E, [2014-03-29T15:51:38.350179 #9723] ERROR -- : Net::ReadTimeout
E, [2014-03-29T15:51:38.350335 #9723] ERROR -- : Player Xenu is unreachable
I, [2014-03-29T15:51:38.350424 #9723]  INFO -- : Waiting for players to start
I, [2014-03-29T15:51:39.356032 #9723]  INFO -- : Player Korda Gyuri Bacsi responded with  (200)
I, [2014-03-29T15:51:39.359400 #9723]  INFO -- : Player Martleuca responded with  (200)
I, [2014-03-29T15:51:39.363274 #9723]  INFO -- : Player KonyvtarBot responded with  (200)
E, [2014-03-29T15:51:39.866091 #9723] ERROR -- : Net::ReadTimeout
E, [2014-03-29T15:51:39.866498 #9723] ERROR -- : Player Xenu is unreachable
I, [2014-03-29T15:51:39.866727 #9723]  INFO -- : Waiting for players to start
I, [2014-03-29T15:51:40.872100 #9723]  INFO -- : Player Korda Gyuri Bacsi responded with  (200)
I, [2014-03-29T15:51:40.875526 #9723]  INFO -- : Player Martleuca responded with  (200)
I, [2014-03-29T15:51:40.879223 #9723]  INFO -- : Player KonyvtarBot responded with  (200)
E, [2014-03-29T15:51:41.381823 #9723] ERROR -- : Net::ReadTimeout
E, [2014-03-29T15:51:41.381927 #9723] ERROR -- : Player Xenu is unreachable
I, [2014-03-29T15:51:41.381971 #9723]  INFO -- : Waiting for players to start
I, [2014-03-29T15:51:42.387215 #9723]  INFO -- : Player Korda Gyuri Bacsi responded with  (200)
I, [2014-03-29T15:51:42.390459 #9723]  INFO -- : Player Martleuca responded with  (200)
I, [2014-03-29T15:51:42.394327 #9723]  INFO -- : Player KonyvtarBot responded with  (200)
I, [2014-03-29T15:51:42.398850 #9723]  INFO -- : Player Xenu responded with  (200)
I, [2014-03-29T15:51:42.402308 #9723]  INFO -- : Player Harry Haskell responded with  (200)
I, [2014-03-29T15:51:42.402727 #9723]  INFO -- : Players are running
I, [2014-03-29T15:51:42.429855 #9723]  INFO -- : Player Korda Gyuri Bacsi responded with Korda Gyuri Bacsi cc3aa59 (200)
I, [2014-03-29T15:51:42.431521 #9723]  INFO -- : Player Martleuca responded with Mort v0.x (200)
I, [2014-03-29T15:51:42.435528 #9723]  INFO -- : Player KonyvtarBot responded with Default PHP folding player (200)
I, [2014-03-29T15:51:42.443949 #9723]  INFO -- : Player Xenu responded with Sparta Edition v2 (200)
I, [2014-03-29T15:51:42.447174 #9723]  INFO -- : Player Harry Haskell responded with Haskell Player 0.1g (200)
I, [2014-03-29T15:51:42.448302 #9723]  INFO -- : Harry Haskell received hole_card 10 of Hearts
I, [2014-03-29T15:51:42.448783 #9723]  INFO -- : Korda Gyuri Bacsi received hole_card Jack of Diamonds
I, [2014-03-29T15:51:42.449046 #9723]  INFO -- : Martleuca received hole_card 9 of Diamonds
I, [2014-03-29T15:51:42.449307 #9723]  INFO -- : KonyvtarBot received hole_card 3 of Spades
I, [2014-03-29T15:51:42.449556 #9723]  INFO -- : Xenu received hole_card 7 of Hearts
I, [2014-03-29T15:51:42.449818 #9723]  INFO -- : Harry Haskell received hole_card 9 of Clubs
I, [2014-03-29T15:51:42.450078 #9723]  INFO -- : Korda Gyuri Bacsi received hole_card 10 of Clubs
I, [2014-03-29T15:51:42.450344 #9723]  INFO -- : Martleuca received hole_card Queen of Hearts
I, [2014-03-29T15:51:42.450662 #9723]  INFO -- : KonyvtarBot received hole_card Jack of Clubs
I, [2014-03-29T15:51:42.450959 #9723]  INFO -- : Xenu received hole_card Ace of Diamonds
I, [2014-03-29T15:51:42.453758 #9723]  INFO -- : Harry Haskell made a bet of 10 (raise) and is left with 990 chips. The pot now contains 10 chips.
I, [2014-03-29T15:51:42.455156 #9723]  INFO -- : Korda Gyuri Bacsi made a bet of 20 (raise) and is left with 980 chips. The pot now contains 30 chips.
I, [2014-03-29T15:51:42.463076 #9723]  INFO -- : Player Martleuca responded with 20 (200)
I, [2014-03-29T15:51:42.463376 #9723]  INFO -- : Martleuca made a bet of 20 (call) and is left with 980 chips. The pot now contains 50 chips.
I, [2014-03-29T15:51:42.466721 #9723]  INFO -- : Player KonyvtarBot responded with 0 (200)
I, [2014-03-29T15:51:42.467492 #9723]  INFO -- : KonyvtarBot made a bet of 0 (fold) and is left with 1000 chips. The pot now contains 50 chips.
I, [2014-03-29T15:51:42.579195 #9723]  INFO -- : Player Xenu responded with 200 (200)
I, [2014-03-29T15:51:42.579446 #9723]  INFO -- : Xenu made a bet of 200 (raise) and is left with 800 chips. The pot now contains 250 chips.
E, [2014-03-29T15:51:43.081758 #9723] ERROR -- : Net::ReadTimeout
E, [2014-03-29T15:51:43.082068 #9723] ERROR -- : Player Harry Haskell is unreachable
I, [2014-03-29T15:51:43.082688 #9723]  INFO -- : Harry Haskell made a bet of 0 (fold) and is left with 990 chips. The pot now contains 250 chips.
I, [2014-03-29T15:51:43.152798 #9723]  INFO -- : Player Korda Gyuri Bacsi responded with 360 (200)
I, [2014-03-29T15:51:43.153128 #9723]  INFO -- : Korda Gyuri Bacsi made a bet of 360 (raise) and is left with 620 chips. The pot now contains 610 chips.
I, [2014-03-29T15:51:43.156442 #9723]  INFO -- : Player Martleuca responded with 360 (200)
I, [2014-03-29T15:51:43.156697 #9723]  INFO -- : Martleuca made a bet of 360 (call) and is left with 620 chips. The pot now contains 970 chips.
I, [2014-03-29T15:51:43.162011 #9723]  INFO -- : Player Xenu responded with 200 (200)
I, [2014-03-29T15:51:43.162331 #9723]  INFO -- : Xenu made a bet of 180 (call) and is left with 620 chips. The pot now contains 1150 chips.
I, [2014-03-29T15:51:43.162613 #9723]  INFO -- : community card Jack of Spades
I, [2014-03-29T15:51:43.162836 #9723]  INFO -- : community card 5 of Clubs
I, [2014-03-29T15:51:43.163116 #9723]  INFO -- : community card 6 of Diamonds
I, [2014-03-29T15:51:43.167665 #9723]  INFO -- : Player Korda Gyuri Bacsi responded with 20 (200)
I, [2014-03-29T15:51:43.167950 #9723]  INFO -- : Korda Gyuri Bacsi made a bet of 20 (raise) and is left with 600 chips. The pot now contains 1170 chips.
I, [2014-03-29T15:51:43.171900 #9723]  INFO -- : Player Martleuca responded with  (200)
I, [2014-03-29T15:51:43.172146 #9723]  INFO -- : Martleuca made a bet of 0 (fold) and is left with 620 chips. The pot now contains 1170 chips.
I, [2014-03-29T15:51:43.177436 #9723]  INFO -- : Player Xenu responded with 200 (200)
I, [2014-03-29T15:51:43.177798 #9723]  INFO -- : Xenu made a bet of 200 (raise) and is left with 420 chips. The pot now contains 1370 chips.
I, [2014-03-29T15:51:43.182719 #9723]  INFO -- : Player Korda Gyuri Bacsi responded with 360 (200)
I, [2014-03-29T15:51:43.183228 #9723]  INFO -- : Korda Gyuri Bacsi made a bet of 360 (raise) and is left with 240 chips. The pot now contains 1730 chips.
I, [2014-03-29T15:51:43.191732 #9723]  INFO -- : Player Xenu responded with 200 (200)
I, [2014-03-29T15:51:43.192482 #9723]  INFO -- : Xenu made a bet of 180 (call) and is left with 240 chips. The pot now contains 1910 chips.
I, [2014-03-29T15:51:43.193562 #9723]  INFO -- : community card 3 of Diamonds
I, [2014-03-29T15:51:43.202765 #9723]  INFO -- : Player Korda Gyuri Bacsi responded with 20 (200)
I, [2014-03-29T15:51:43.203133 #9723]  INFO -- : Korda Gyuri Bacsi made a bet of 20 (raise) and is left with 220 chips. The pot now contains 1930 chips.
I, [2014-03-29T15:51:43.210101 #9723]  INFO -- : Player Xenu responded with 200 (200)
I, [2014-03-29T15:51:43.210379 #9723]  INFO -- : Xenu made a bet of 200 (raise) and is left with 40 chips. The pot now contains 2130 chips.
I, [2014-03-29T15:51:43.217931 #9723]  INFO -- : Player Korda Gyuri Bacsi responded with 360 (200)
I, [2014-03-29T15:51:43.218401 #9723]  INFO -- : Korda Gyuri Bacsi made a bet of 220 (allin) and is left with 0 chips. The pot now contains 2350 chips.
I, [2014-03-29T15:51:43.232003 #9723]  INFO -- : Player Xenu responded with 200 (200)
I, [2014-03-29T15:51:43.232624 #9723]  INFO -- : Xenu made a bet of 40 (allin) and is left with 0 chips. The pot now contains 2390 chips.
I, [2014-03-29T15:51:43.233138 #9723]  INFO -- : community card 6 of Clubs
I, [2014-03-29T15:51:43.233974 #9723]  INFO -- : Korda Gyuri Bacsi showed 6 of Clubs,6 of Diamonds,10 of Clubs,Jack of Spades,Jack of Diamonds making a two pairs
I, [2014-03-29T15:51:43.235122 #9723]  INFO -- : Korda Gyuri Bacsi won 2390
I, [2014-03-29T15:51:43.240028 #9723]  INFO -- : Player Korda Gyuri Bacsi responded with  (200)
I, [2014-03-29T15:51:43.242818 #9723]  INFO -- : Player Martleuca responded with  (200)
I, [2014-03-29T15:51:43.246382 #9723]  INFO -- : Player KonyvtarBot responded with  (200)
I, [2014-03-29T15:51:43.252722 #9723]  INFO -- : Player Xenu responded with  (200)
I, [2014-03-29T15:51:43.255612 #9723]  INFO -- : Player Harry Haskell responded with  (200)
I, [2014-03-29T15:51:43.256443 #9723]  INFO -- : Korda Gyuri Bacsi received hole_card 9 of Hearts
I, [2014-03-29T15:51:43.257281 #9723]  INFO -- : Martleuca received hole_card King of Hearts
I, [2014-03-29T15:51:43.257888 #9723]  INFO -- : KonyvtarBot received hole_card King of Clubs
I, [2014-03-29T15:51:43.258347 #9723]  INFO -- : Harry Haskell received hole_card 6 of Hearts
I, [2014-03-29T15:51:43.258783 #9723]  INFO -- : Korda Gyuri Bacsi received hole_card 7 of Spades
I, [2014-03-29T15:51:43.259095 #9723]  INFO -- : Martleuca received hole_card 7 of Hearts
I, [2014-03-29T15:51:43.259431 #9723]  INFO -- : KonyvtarBot received hole_card 4 of Hearts
I, [2014-03-29T15:51:43.259891 #9723]  INFO -- : Harry Haskell received hole_card 3 of Hearts
I, [2014-03-29T15:51:43.260405 #9723]  INFO -- : Korda Gyuri Bacsi made a bet of 10 (raise) and is left with 2380 chips. The pot now contains 10 chips.
I, [2014-03-29T15:51:43.260798 #9723]  INFO -- : Martleuca made a bet of 20 (raise) and is left with 600 chips. The pot now contains 30 chips.
I, [2014-03-29T15:51:43.264916 #9723]  INFO -- : Player KonyvtarBot responded with 0 (200)
I, [2014-03-29T15:51:43.265925 #9723]  INFO -- : KonyvtarBot made a bet of 0 (fold) and is left with 1000 chips. The pot now contains 30 chips.
E, [2014-03-29T15:51:43.769007 #9723] ERROR -- : Net::ReadTimeout
E, [2014-03-29T15:51:43.769270 #9723] ERROR -- : Player Harry Haskell is unreachable
I, [2014-03-29T15:51:43.769957 #9723]  INFO -- : Harry Haskell made a bet of 0 (fold) and is left with 990 chips. The pot now contains 30 chips.
I, [2014-03-29T15:51:43.780127 #9723]  INFO -- : Player Korda Gyuri Bacsi responded with 20 (200)
I, [2014-03-29T15:51:43.780537 #9723]  INFO -- : Korda Gyuri Bacsi made a bet of 20 (raise) and is left with 2360 chips. The pot now contains 50 chips.
I, [2014-03-29T15:51:43.783455 #9723]  INFO -- : Player Martleuca responded with 10 (200)
I, [2014-03-29T15:51:43.783876 #9723]  INFO -- : Martleuca made a bet of 10 (call) and is left with 590 chips. The pot now contains 60 chips.
I, [2014-03-29T15:51:43.784336 #9723]  INFO -- : community card Ace of Hearts
I, [2014-03-29T15:51:43.784755 #9723]  INFO -- : community card Ace of Diamonds
I, [2014-03-29T15:51:43.785211 #9723]  INFO -- : community card Queen of Spades
I, [2014-03-29T15:51:43.793084 #9723]  INFO -- : Player Korda Gyuri Bacsi responded with 60 (200)
I, [2014-03-29T15:51:43.793523 #9723]  INFO -- : Korda Gyuri Bacsi made a bet of 60 (raise) and is left with 2300 chips. The pot now contains 120 chips.
I, [2014-03-29T15:51:43.795930 #9723]  INFO -- : Player Martleuca responded with 126.0 (200)
I, [2014-03-29T15:51:43.796292 #9723]  INFO -- : Martleuca made a bet of 126 (raise) and is left with 464 chips. The pot now contains 246 chips.
I, [2014-03-29T15:51:43.802211 #9723]  INFO -- : Player Korda Gyuri Bacsi responded with 66 (200)
I, [2014-03-29T15:51:43.802629 #9723]  INFO -- : Korda Gyuri Bacsi made a bet of 66 (call) and is left with 2234 chips. The pot now contains 312 chips.
I, [2014-03-29T15:51:43.803259 #9723]  INFO -- : community card 7 of Clubs
I, [2014-03-29T15:51:43.814061 #9723]  INFO -- : Player Korda Gyuri Bacsi responded with 20 (200)
I, [2014-03-29T15:51:43.814561 #9723]  INFO -- : Korda Gyuri Bacsi made a bet of 20 (raise) and is left with 2214 chips. The pot now contains 332 chips.
I, [2014-03-29T15:51:43.818146 #9723]  INFO -- : Player Martleuca responded with 42.0 (200)
I, [2014-03-29T15:51:43.818867 #9723]  INFO -- : Martleuca made a bet of 42 (raise) and is left with 422 chips. The pot now contains 374 chips.
I, [2014-03-29T15:51:43.823685 #9723]  INFO -- : Player Korda Gyuri Bacsi responded with 88 (200)
I, [2014-03-29T15:51:43.824049 #9723]  INFO -- : Korda Gyuri Bacsi made a bet of 88 (raise) and is left with 2126 chips. The pot now contains 462 chips.
I, [2014-03-29T15:51:43.826985 #9723]  INFO -- : Player Martleuca responded with 138.6 (200)
I, [2014-03-29T15:51:43.827635 #9723]  INFO -- : Martleuca made a bet of 138 (raise) and is left with 284 chips. The pot now contains 600 chips.
I, [2014-03-29T15:51:43.837871 #9723]  INFO -- : Player Korda Gyuri Bacsi responded with 288 (200)
I, [2014-03-29T15:51:43.838268 #9723]  INFO -- : Korda Gyuri Bacsi made a bet of 288 (raise) and is left with 1838 chips. The pot now contains 888 chips.
I, [2014-03-29T15:51:43.840910 #9723]  INFO -- : Player Martleuca responded with 453.6 (200)
I, [2014-03-29T15:51:43.841210 #9723]  INFO -- : Martleuca made a bet of 284 (allin) and is left with 0 chips. The pot now contains 1172 chips.
I, [2014-03-29T15:51:43.846987 #9723]  INFO -- : Player Korda Gyuri Bacsi responded with 716 (200)
I, [2014-03-29T15:51:43.848116 #9723]  INFO -- : Korda Gyuri Bacsi made a bet of 716 (raise) and is left with 1122 chips. The pot now contains 1888 chips.
I, [2014-03-29T15:51:43.848521 #9723]  INFO -- : community card 9 of Spades
I, [2014-03-29T15:51:43.849191 #9723]  INFO -- : Korda Gyuri Bacsi showed 9 of Spades,9 of Hearts,Queen of Spades,Ace of Hearts,Ace of Diamonds making a two pairs
I, [2014-03-29T15:51:43.850295 #9723]  INFO -- : Korda Gyuri Bacsi won 1888
I, [2014-03-29T15:51:43.855558 #9723]  INFO -- : Player Korda Gyuri Bacsi responded with  (200)
I, [2014-03-29T15:51:43.860997 #9723]  INFO -- : Player Martleuca responded with  (200)
I, [2014-03-29T15:51:43.864212 #9723]  INFO -- : Player KonyvtarBot responded with  (200)
I, [2014-03-29T15:51:43.867917 #9723]  INFO -- : Player Xenu responded with  (200)
I, [2014-03-29T15:51:43.872567 #9723]  INFO -- : Player Harry Haskell responded with  (200)
I, [2014-03-29T15:51:43.873236 #9723]  INFO -- : KonyvtarBot received hole_card Ace of Spades
I, [2014-03-29T15:51:43.873550 #9723]  INFO -- : Harry Haskell received hole_card 8 of Diamonds
I, [2014-03-29T15:51:43.873839 #9723]  INFO -- : Korda Gyuri Bacsi received hole_card King of Hearts
I, [2014-03-29T15:51:43.874059 #9723]  INFO -- : KonyvtarBot received hole_card Queen of Diamonds
I, [2014-03-29T15:51:43.874258 #9723]  INFO -- : Harry Haskell received hole_card 10 of Spades
I, [2014-03-29T15:51:43.874467 #9723]  INFO -- : Korda Gyuri Bacsi received hole_card 6 of Spades
I, [2014-03-29T15:51:43.874822 #9723]  INFO -- : KonyvtarBot made a bet of 10 (raise) and is left with 990 chips. The pot now contains 10 chips.
I, [2014-03-29T15:51:43.875241 #9723]  INFO -- : Harry Haskell made a bet of 20 (raise) and is left with 970 chips. The pot now contains 30 chips.
I, [2014-03-29T15:51:43.881333 #9723]  INFO -- : Player Korda Gyuri Bacsi responded with 30 (200)
I, [2014-03-29T15:51:43.882486 #9723]  INFO -- : Korda Gyuri Bacsi made a bet of 30 (raise) and is left with 2980 chips. The pot now contains 60 chips.
I, [2014-03-29T15:51:43.886241 #9723]  INFO -- : Player KonyvtarBot responded with 20 (200)
I, [2014-03-29T15:51:43.886501 #9723]  INFO -- : KonyvtarBot made a bet of 20 (call) and is left with 970 chips. The pot now contains 80 chips.
E, [2014-03-29T15:51:44.389335 #9723] ERROR -- : Net::ReadTimeout
E, [2014-03-29T15:51:44.389754 #9723] ERROR -- : Player Harry Haskell is unreachable
I, [2014-03-29T15:51:44.390345 #9723]  INFO -- : Harry Haskell made a bet of 0 (fold) and is left with 970 chips. The pot now contains 80 chips.
I, [2014-03-29T15:51:44.391168 #9723]  INFO -- : community card 3 of Hearts
I, [2014-03-29T15:51:44.391876 #9723]  INFO -- : community card Queen of Hearts
I, [2014-03-29T15:51:44.392558 #9723]  INFO -- : community card 6 of Diamonds
I, [2014-03-29T15:51:44.396681 #9723]  INFO -- : Player KonyvtarBot responded with 0 (200)
I, [2014-03-29T15:51:44.396896 #9723]  INFO -- : KonyvtarBot made a bet of 0 (check) and is left with 970 chips. The pot now contains 80 chips.
I, [2014-03-29T15:51:44.405232 #9723]  INFO -- : Player Korda Gyuri Bacsi responded with 0 (200)
I, [2014-03-29T15:51:44.405995 #9723]  INFO -- : Korda Gyuri Bacsi made a bet of 0 (check) and is left with 2980 chips. The pot now contains 80 chips.
I, [2014-03-29T15:51:44.407012 #9723]  INFO -- : community card 4 of Spades
I, [2014-03-29T15:51:44.412593 #9723]  INFO -- : Player KonyvtarBot responded with 0 (200)
I, [2014-03-29T15:51:44.413301 #9723]  INFO -- : KonyvtarBot made a bet of 0 (check) and is left with 970 chips. The pot now contains 80 chips.
I, [2014-03-29T15:51:44.422883 #9723]  INFO -- : Player Korda Gyuri Bacsi responded with 60 (200)
I, [2014-03-29T15:51:44.423196 #9723]  INFO -- : Korda Gyuri Bacsi made a bet of 60 (raise) and is left with 2920 chips. The pot now contains 140 chips.
I, [2014-03-29T15:51:44.426082 #9723]  INFO -- : Player KonyvtarBot responded with 60 (200)
I, [2014-03-29T15:51:44.426420 #9723]  INFO -- : KonyvtarBot made a bet of 60 (call) and is left with 910 chips. The pot now contains 200 chips.
I, [2014-03-29T15:51:44.426742 #9723]  INFO -- : community card Ace of Diamonds
I, [2014-03-29T15:51:44.431349 #9723]  INFO -- : Player KonyvtarBot responded with 0 (200)
I, [2014-03-29T15:51:44.431688 #9723]  INFO -- : KonyvtarBot made a bet of 0 (check) and is left with 910 chips. The pot now contains 200 chips.
I, [2014-03-29T15:51:44.438324 #9723]  INFO -- : Player Korda Gyuri Bacsi responded with 60 (200)
I, [2014-03-29T15:51:44.438867 #9723]  INFO -- : Korda Gyuri Bacsi made a bet of 60 (raise) and is left with 2860 chips. The pot now contains 260 chips.
I, [2014-03-29T15:51:44.443749 #9723]  INFO -- : Player KonyvtarBot responded with 60 (200)
I, [2014-03-29T15:51:44.444240 #9723]  INFO -- : KonyvtarBot made a bet of 60 (call) and is left with 850 chips. The pot now contains 320 chips.
I, [2014-03-29T15:51:44.444968 #9723]  INFO -- : Korda Gyuri Bacsi showed 6 of Diamonds,6 of Spades,Queen of Hearts,King of Hearts,Ace of Diamonds making a pair
I, [2014-03-29T15:51:44.445600 #9723]  INFO -- : KonyvtarBot showed 6 of Diamonds,Queen of Diamonds,Queen of Hearts,Ace of Spades,Ace of Diamonds making a two pairs
I, [2014-03-29T15:51:44.446068 #9723]  INFO -- : KonyvtarBot won 320
I, [2014-03-29T15:51:44.449535 #9723]  INFO -- : Player Korda Gyuri Bacsi responded with  (200)
I, [2014-03-29T15:51:44.451818 #9723]  INFO -- : Player Martleuca responded with  (200)
I, [2014-03-29T15:51:44.453887 #9723]  INFO -- : Player KonyvtarBot responded with  (200)
I, [2014-03-29T15:51:44.457626 #9723]  INFO -- : Player Xenu responded with  (200)
I, [2014-03-29T15:51:44.461463 #9723]  INFO -- : Player Harry Haskell responded with  (200)
I, [2014-03-29T15:51:44.462818 #9723]  INFO -- : Harry Haskell received hole_card 8 of Spades
I, [2014-03-29T15:51:44.463119 #9723]  INFO -- : Korda Gyuri Bacsi received hole_card 4 of Clubs
I, [2014-03-29T15:51:44.463365 #9723]  INFO -- : KonyvtarBot received hole_card Jack of Clubs
I, [2014-03-29T15:51:44.463626 #9723]  INFO -- : Harry Haskell received hole_card Ace of Clubs
I, [2014-03-29T15:51:44.463889 #9723]  INFO -- : Korda Gyuri Bacsi received hole_card 6 of Diamonds
I, [2014-03-29T15:51:44.464174 #9723]  INFO -- : KonyvtarBot received hole_card 7 of Hearts
I, [2014-03-29T15:51:44.464622 #9723]  INFO -- : Harry Haskell made a bet of 10 (raise) and is left with 960 chips. The pot now contains 10 chips.
I, [2014-03-29T15:51:44.464984 #9723]  INFO -- : Korda Gyuri Bacsi made a bet of 20 (raise) and is left with 2840 chips. The pot now contains 30 chips.
I, [2014-03-29T15:51:44.469585 #9723]  INFO -- : Player KonyvtarBot responded with 0 (200)
I, [2014-03-29T15:51:44.469923 #9723]  INFO -- : KonyvtarBot made a bet of 0 (fold) and is left with 1170 chips. The pot now contains 30 chips.
E, [2014-03-29T15:51:44.972005 #9723] ERROR -- : Net::ReadTimeout
E, [2014-03-29T15:51:44.972129 #9723] ERROR -- : Player Harry Haskell is unreachable
I, [2014-03-29T15:51:44.972332 #9723]  INFO -- : Harry Haskell made a bet of 0 (fold) and is left with 960 chips. The pot now contains 30 chips.
I, [2014-03-29T15:51:44.975685 #9723]  INFO -- : Player Korda Gyuri Bacsi responded with 10 (200)
I, [2014-03-29T15:51:44.975991 #9723]  INFO -- : Korda Gyuri Bacsi made a bet of 10 (raise) and is left with 2830 chips. The pot now contains 40 chips.
I, [2014-03-29T15:51:44.976428 #9723]  INFO -- : Korda Gyuri Bacsi won 40
I, [2014-03-29T15:51:44.978927 #9723]  INFO -- : Player Korda Gyuri Bacsi responded with  (200)
I, [2014-03-29T15:51:44.980480 #9723]  INFO -- : Player Martleuca responded with  (200)
I, [2014-03-29T15:51:44.982261 #9723]  INFO -- : Player KonyvtarBot responded with  (200)
I, [2014-03-29T15:51:44.985046 #9723]  INFO -- : Player Xenu responded with  (200)
I, [2014-03-29T15:51:44.986628 #9723]  INFO -- : Player Harry Haskell responded with  (200)
I, [2014-03-29T15:51:44.988210 #9723]  INFO -- : Korda Gyuri Bacsi received hole_card 10 of Clubs
I, [2014-03-29T15:51:44.988650 #9723]  INFO -- : KonyvtarBot received hole_card 10 of Spades
I, [2014-03-29T15:51:44.988886 #9723]  INFO -- : Harry Haskell received hole_card 2 of Diamonds
I, [2014-03-29T15:51:44.989127 #9723]  INFO -- : Korda Gyuri Bacsi received hole_card Jack of Diamonds
I, [2014-03-29T15:51:44.989406 #9723]  INFO -- : KonyvtarBot received hole_card 3 of Clubs
I, [2014-03-29T15:51:44.989641 #9723]  INFO -- : Harry Haskell received hole_card Ace of Clubs
I, [2014-03-29T15:51:44.990026 #9723]  INFO -- : Korda Gyuri Bacsi made a bet of 10 (raise) and is left with 2860 chips. The pot now contains 10 chips.
I, [2014-03-29T15:51:44.990328 #9723]  INFO -- : KonyvtarBot made a bet of 20 (raise) and is left with 1150 chips. The pot now contains 30 chips.
E, [2014-03-29T15:51:45.492286 #9723] ERROR -- : Net::ReadTimeout
E, [2014-03-29T15:51:45.492633 #9723] ERROR -- : Player Harry Haskell is unreachable
I, [2014-03-29T15:51:45.493279 #9723]  INFO -- : Harry Haskell made a bet of 0 (fold) and is left with 960 chips. The pot now contains 30 chips.
I, [2014-03-29T15:51:45.501992 #9723]  INFO -- : Player Korda Gyuri Bacsi responded with 20 (200)
I, [2014-03-29T15:51:45.502728 #9723]  INFO -- : Korda Gyuri Bacsi made a bet of 20 (raise) and is left with 2840 chips. The pot now contains 50 chips.
I, [2014-03-29T15:51:45.508205 #9723]  INFO -- : Player KonyvtarBot responded with 0 (200)
I, [2014-03-29T15:51:45.508995 #9723]  INFO -- : KonyvtarBot made a bet of 0 (fold) and is left with 1150 chips. The pot now contains 50 chips.
I, [2014-03-29T15:51:45.510436 #9723]  INFO -- : Korda Gyuri Bacsi won 50
I, [2014-03-29T15:51:45.517543 #9723]  INFO -- : Player Korda Gyuri Bacsi responded with  (200)
I, [2014-03-29T15:51:45.521329 #9723]  INFO -- : Player Martleuca responded with  (200)
I, [2014-03-29T15:51:45.524522 #9723]  INFO -- : Player KonyvtarBot responded with  (200)
I, [2014-03-29T15:51:45.536623 #9723]  INFO -- : Player Xenu responded with  (200)
I, [2014-03-29T15:51:45.542111 #9723]  INFO -- : Player Harry Haskell responded with  (200)
I, [2014-03-29T15:51:45.544520 #9723]  INFO -- : KonyvtarBot received hole_card Ace of Clubs
I, [2014-03-29T15:51:45.546070 #9723]  INFO -- : Harry Haskell received hole_card 3 of Hearts
I, [2014-03-29T15:51:45.546488 #9723]  INFO -- : Korda Gyuri Bacsi received hole_card 2 of Hearts
I, [2014-03-29T15:51:45.546809 #9723]  INFO -- : KonyvtarBot received hole_card 3 of Clubs
I, [2014-03-29T15:51:45.547140 #9723]  INFO -- : Harry Haskell received hole_card 3 of Spades
I, [2014-03-29T15:51:45.547459 #9723]  INFO -- : Korda Gyuri Bacsi received hole_card 2 of Spades
I, [2014-03-29T15:51:45.548003 #9723]  INFO -- : KonyvtarBot made a bet of 10 (raise) and is left with 1140 chips. The pot now contains 10 chips.
I, [2014-03-29T15:51:45.548536 #9723]  INFO -- : Harry Haskell made a bet of 20 (raise) and is left with 940 chips. The pot now contains 30 chips.
I, [2014-03-29T15:51:45.551794 #9723]  INFO -- : Player Korda Gyuri Bacsi responded with 20 (200)
I, [2014-03-29T15:51:45.552065 #9723]  INFO -- : Korda Gyuri Bacsi made a bet of 20 (call) and is left with 2870 chips. The pot now contains 50 chips.
I, [2014-03-29T15:51:45.554630 #9723]  INFO -- : Player KonyvtarBot responded with 0 (200)
I, [2014-03-29T15:51:45.555089 #9723]  INFO -- : KonyvtarBot made a bet of 0 (fold) and is left with 1140 chips. The pot now contains 50 chips.
I, [2014-03-29T15:51:45.555421 #9723]  INFO -- : community card 7 of Clubs
I, [2014-03-29T15:51:45.555730 #9723]  INFO -- : community card 5 of Diamonds
I, [2014-03-29T15:51:45.555989 #9723]  INFO -- : community card 4 of Hearts
E, [2014-03-29T15:51:46.059674 #9723] ERROR -- : Net::ReadTimeout
E, [2014-03-29T15:51:46.060042 #9723] ERROR -- : Player Harry Haskell is unreachable
I, [2014-03-29T15:51:46.060877 #9723]  INFO -- : Harry Haskell made a bet of 0 (check) and is left with 940 chips. The pot now contains 50 chips.
I, [2014-03-29T15:51:46.070021 #9723]  INFO -- : Player Korda Gyuri Bacsi responded with 0 (200)
I, [2014-03-29T15:51:46.070957 #9723]  INFO -- : Korda Gyuri Bacsi made a bet of 0 (check) and is left with 2870 chips. The pot now contains 50 chips.
I, [2014-03-29T15:51:46.072580 #9723]  INFO -- : community card 6 of Hearts
E, [2014-03-29T15:51:46.576569 #9723] ERROR -- : Net::ReadTimeout
E, [2014-03-29T15:51:46.576900 #9723] ERROR -- : Player Harry Haskell is unreachable
I, [2014-03-29T15:51:46.577560 #9723]  INFO -- : Harry Haskell made a bet of 0 (check) and is left with 940 chips. The pot now contains 50 chips.
I, [2014-03-29T15:51:46.586411 #9723]  INFO -- : Player Korda Gyuri Bacsi responded with 20 (200)
I, [2014-03-29T15:51:46.587048 #9723]  INFO -- : Korda Gyuri Bacsi made a bet of 20 (raise) and is left with 2850 chips. The pot now contains 70 chips.
E, [2014-03-29T15:51:47.092029 #9723] ERROR -- : Net::ReadTimeout
E, [2014-03-29T15:51:47.092137 #9723] ERROR -- : Player Harry Haskell is unreachable
I, [2014-03-29T15:51:47.092329 #9723]  INFO -- : Harry Haskell made a bet of 0 (fold) and is left with 940 chips. The pot now contains 70 chips.
I, [2014-03-29T15:51:47.092745 #9723]  INFO -- : Korda Gyuri Bacsi won 70
I, [2014-03-29T15:51:47.095401 #9723]  INFO -- : Player Korda Gyuri Bacsi responded with  (200)
I, [2014-03-29T15:51:47.097113 #9723]  INFO -- : Player Martleuca responded with  (200)
I, [2014-03-29T15:51:47.098939 #9723]  INFO -- : Player KonyvtarBot responded with  (200)
I, [2014-03-29T15:51:47.101888 #9723]  INFO -- : Player Xenu responded with  (200)
I, [2014-03-29T15:51:47.103421 #9723]  INFO -- : Player Harry Haskell responded with  (200)
I, [2014-03-29T15:51:47.103920 #9723]  INFO -- : Harry Haskell received hole_card 8 of Diamonds
I, [2014-03-29T15:51:47.104231 #9723]  INFO -- : Korda Gyuri Bacsi received hole_card 5 of Hearts
I, [2014-03-29T15:51:47.104513 #9723]  INFO -- : KonyvtarBot received hole_card King of Clubs
I, [2014-03-29T15:51:47.104739 #9723]  INFO -- : Harry Haskell received hole_card Ace of Hearts
I, [2014-03-29T15:51:47.104950 #9723]  INFO -- : Korda Gyuri Bacsi received hole_card Ace of Diamonds
I, [2014-03-29T15:51:47.105150 #9723]  INFO -- : KonyvtarBot received hole_card 5 of Spades
I, [2014-03-29T15:51:47.105490 #9723]  INFO -- : Harry Haskell made a bet of 10 (raise) and is left with 930 chips. The pot now contains 10 chips.
I, [2014-03-29T15:51:47.105805 #9723]  INFO -- : Korda Gyuri Bacsi made a bet of 20 (raise) and is left with 2900 chips. The pot now contains 30 chips.
I, [2014-03-29T15:51:47.108891 #9723]  INFO -- : Player KonyvtarBot responded with 0 (200)
I, [2014-03-29T15:51:47.109143 #9723]  INFO -- : KonyvtarBot made a bet of 0 (fold) and is left with 1140 chips. The pot now contains 30 chips.
E, [2014-03-29T15:51:47.611245 #9723] ERROR -- : Net::ReadTimeout
E, [2014-03-29T15:51:47.611555 #9723] ERROR -- : Player Harry Haskell is unreachable
I, [2014-03-29T15:51:47.612061 #9723]  INFO -- : Harry Haskell made a bet of 0 (fold) and is left with 930 chips. The pot now contains 30 chips.
I, [2014-03-29T15:51:47.621202 #9723]  INFO -- : Player Korda Gyuri Bacsi responded with 0 (200)
I, [2014-03-29T15:51:47.622362 #9723]  INFO -- : Korda Gyuri Bacsi made a bet of 0 (check) and is left with 2900 chips. The pot now contains 30 chips.
I, [2014-03-29T15:51:47.624723 #9723]  INFO -- : Korda Gyuri Bacsi won 30
I, [2014-03-29T15:51:47.632505 #9723]  INFO -- : Player Korda Gyuri Bacsi responded with  (200)
I, [2014-03-29T15:51:47.637292 #9723]  INFO -- : Player Martleuca responded with  (200)
I, [2014-03-29T15:51:47.642246 #9723]  INFO -- : Player KonyvtarBot responded with  (200)
I, [2014-03-29T15:51:47.646919 #9723]  INFO -- : Player Xenu responded with  (200)
I, [2014-03-29T15:51:47.649027 #9723]  INFO -- : Player Harry Haskell responded with  (200)
I, [2014-03-29T15:51:47.650372 #9723]  INFO -- : Korda Gyuri Bacsi received hole_card 6 of Hearts
I, [2014-03-29T15:51:47.651249 #9723]  INFO -- : KonyvtarBot received hole_card 4 of Spades
I, [2014-03-29T15:51:47.651872 #9723]  INFO -- : Harry Haskell received hole_card 5 of Hearts
I, [2014-03-29T15:51:47.652507 #9723]  INFO -- : Korda Gyuri Bacsi received hole_card 7 of Hearts
I, [2014-03-29T15:51:47.653032 #9723]  INFO -- : KonyvtarBot received hole_card 4 of Clubs
I, [2014-03-29T15:51:47.653353 #9723]  INFO -- : Harry Haskell received hole_card Queen of Diamonds
I, [2014-03-29T15:51:47.653902 #9723]  INFO -- : Korda Gyuri Bacsi made a bet of 10 (raise) and is left with 2920 chips. The pot now contains 10 chips.
I, [2014-03-29T15:51:47.654348 #9723]  INFO -- : KonyvtarBot made a bet of 20 (raise) and is left with 1120 chips. The pot now contains 30 chips.
E, [2014-03-29T15:51:48.156675 #9723] ERROR -- : Net::ReadTimeout
E, [2014-03-29T15:51:48.157031 #9723] ERROR -- : Player Harry Haskell is unreachable
I, [2014-03-29T15:51:48.157633 #9723]  INFO -- : Harry Haskell made a bet of 0 (fold) and is left with 930 chips. The pot now contains 30 chips.
I, [2014-03-29T15:51:48.166697 #9723]  INFO -- : Player Korda Gyuri Bacsi responded with 10 (200)
I, [2014-03-29T15:51:48.167426 #9723]  INFO -- : Korda Gyuri Bacsi made a bet of 10 (call) and is left with 2910 chips. The pot now contains 40 chips.
I, [2014-03-29T15:51:48.168228 #9723]  INFO -- : community card 10 of Hearts
I, [2014-03-29T15:51:48.168862 #9723]  INFO -- : community card 8 of Hearts
I, [2014-03-29T15:51:48.169728 #9723]  INFO -- : community card 8 of Spades
I, [2014-03-29T15:51:48.181181 #9723]  INFO -- : Player Korda Gyuri Bacsi responded with 60 (200)
I, [2014-03-29T15:51:48.182069 #9723]  INFO -- : Korda Gyuri Bacsi made a bet of 60 (raise) and is left with 2850 chips. The pot now contains 100 chips.
I, [2014-03-29T15:51:48.187971 #9723]  INFO -- : Player KonyvtarBot responded with 1200 (200)
I, [2014-03-29T15:51:48.188309 #9723]  INFO -- : KonyvtarBot made a bet of 1120 (allin) and is left with 0 chips. The pot now contains 1220 chips.
I, [2014-03-29T15:51:48.192319 #9723]  INFO -- : Player Korda Gyuri Bacsi responded with 2120 (200)
I, [2014-03-29T15:51:48.192675 #9723]  INFO -- : Korda Gyuri Bacsi made a bet of 2120 (raise) and is left with 730 chips. The pot now contains 3340 chips.
I, [2014-03-29T15:51:48.193087 #9723]  INFO -- : community card 7 of Clubs
I, [2014-03-29T15:51:48.193419 #9723]  INFO -- : community card King of Diamonds
I, [2014-03-29T15:51:48.194946 #9723]  INFO -- : Korda Gyuri Bacsi showed 7 of Clubs,7 of Hearts,8 of Spades,8 of Hearts,King of Diamonds making a two pairs
I, [2014-03-29T15:51:48.196226 #9723]  INFO -- : Korda Gyuri Bacsi won 3340
I, [2014-03-29T15:51:48.201108 #9723]  INFO -- : Player Korda Gyuri Bacsi responded with  (200)
I, [2014-03-29T15:51:48.204888 #9723]  INFO -- : Player Martleuca responded with  (200)
I, [2014-03-29T15:51:48.208623 #9723]  INFO -- : Player KonyvtarBot responded with  (200)
I, [2014-03-29T15:51:48.214038 #9723]  INFO -- : Player Xenu responded with  (200)
I, [2014-03-29T15:51:48.216450 #9723]  INFO -- : Player Harry Haskell responded with  (200)
I, [2014-03-29T15:51:48.216824 #9723]  INFO -- : Harry Haskell received hole_card Queen of Diamonds
I, [2014-03-29T15:51:48.217037 #9723]  INFO -- : Korda Gyuri Bacsi received hole_card Ace of Spades
I, [2014-03-29T15:51:48.217262 #9723]  INFO -- : Harry Haskell received hole_card 10 of Spades
I, [2014-03-29T15:51:48.217468 #9723]  INFO -- : Korda Gyuri Bacsi received hole_card 9 of Clubs
I, [2014-03-29T15:51:48.218227 #9723]  INFO -- : Harry Haskell made a bet of 10 (raise) and is left with 920 chips. The pot now contains 10 chips.
I, [2014-03-29T15:51:48.218564 #9723]  INFO -- : Korda Gyuri Bacsi made a bet of 20 (raise) and is left with 4050 chips. The pot now contains 30 chips.
E, [2014-03-29T15:51:48.721592 #9723] ERROR -- : Net::ReadTimeout
E, [2014-03-29T15:51:48.721983 #9723] ERROR -- : Player Harry Haskell is unreachable
I, [2014-03-29T15:51:48.722548 #9723]  INFO -- : Harry Haskell made a bet of 0 (fold) and is left with 920 chips. The pot now contains 30 chips.
I, [2014-03-29T15:51:48.730889 #9723]  INFO -- : Player Korda Gyuri Bacsi responded with 30 (200)
I, [2014-03-29T15:51:48.731752 #9723]  INFO -- : Korda Gyuri Bacsi made a bet of 30 (raise) and is left with 4020 chips. The pot now contains 60 chips.
I, [2014-03-29T15:51:48.733028 #9723]  INFO -- : Korda Gyuri Bacsi won 60
I, [2014-03-29T15:51:48.742713 #9723]  INFO -- : Player Korda Gyuri Bacsi responded with  (200)
I, [2014-03-29T15:51:48.748433 #9723]  INFO -- : Player Martleuca responded with  (200)
I, [2014-03-29T15:51:48.754786 #9723]  INFO -- : Player KonyvtarBot responded with  (200)
I, [2014-03-29T15:51:48.758981 #9723]  INFO -- : Player Xenu responded with  (200)
I, [2014-03-29T15:51:48.761017 #9723]  INFO -- : Player Harry Haskell responded with  (200)
I, [2014-03-29T15:51:48.761459 #9723]  INFO -- : Korda Gyuri Bacsi received hole_card 5 of Spades
I, [2014-03-29T15:51:48.761637 #9723]  INFO -- : Harry Haskell received hole_card Jack of Spades
I, [2014-03-29T15:51:48.761876 #9723]  INFO -- : Korda Gyuri Bacsi received hole_card 3 of Hearts
I, [2014-03-29T15:51:48.762068 #9723]  INFO -- : Harry Haskell received hole_card Queen of Hearts
I, [2014-03-29T15:51:48.762676 #9723]  INFO -- : Korda Gyuri Bacsi made a bet of 10 (raise) and is left with 4070 chips. The pot now contains 10 chips.
I, [2014-03-29T15:51:48.763646 #9723]  INFO -- : Harry Haskell made a bet of 20 (raise) and is left with 900 chips. The pot now contains 30 chips.
I, [2014-03-29T15:51:48.770743 #9723]  INFO -- : Player Korda Gyuri Bacsi responded with 20 (200)
I, [2014-03-29T15:51:48.771840 #9723]  INFO -- : Korda Gyuri Bacsi made a bet of 20 (raise) and is left with 4050 chips. The pot now contains 50 chips.
E, [2014-03-29T15:51:49.274595 #9723] ERROR -- : Net::ReadTimeout
E, [2014-03-29T15:51:49.274913 #9723] ERROR -- : Player Harry Haskell is unreachable
I, [2014-03-29T15:51:49.275476 #9723]  INFO -- : Harry Haskell made a bet of 0 (fold) and is left with 900 chips. The pot now contains 50 chips.
I, [2014-03-29T15:51:49.276690 #9723]  INFO -- : Korda Gyuri Bacsi won 50
I, [2014-03-29T15:51:49.283036 #9723]  INFO -- : Player Korda Gyuri Bacsi responded with  (200)
I, [2014-03-29T15:51:49.287433 #9723]  INFO -- : Player Martleuca responded with  (200)
I, [2014-03-29T15:51:49.291680 #9723]  INFO -- : Player KonyvtarBot responded with  (200)
I, [2014-03-29T15:51:49.296313 #9723]  INFO -- : Player Xenu responded with  (200)
I, [2014-03-29T15:51:49.297964 #9723]  INFO -- : Player Harry Haskell responded with  (200)
I, [2014-03-29T15:51:49.298329 #9723]  INFO -- : Harry Haskell received hole_card 3 of Clubs
I, [2014-03-29T15:51:49.298538 #9723]  INFO -- : Korda Gyuri Bacsi received hole_card Ace of Diamonds
I, [2014-03-29T15:51:49.298756 #9723]  INFO -- : Harry Haskell received hole_card 9 of Hearts
I, [2014-03-29T15:51:49.298960 #9723]  INFO -- : Korda Gyuri Bacsi received hole_card Queen of Spades
I, [2014-03-29T15:51:49.299284 #9723]  INFO -- : Harry Haskell made a bet of 10 (raise) and is left with 890 chips. The pot now contains 10 chips.
I, [2014-03-29T15:51:49.299566 #9723]  INFO -- : Korda Gyuri Bacsi made a bet of 20 (raise) and is left with 4080 chips. The pot now contains 30 chips.
E, [2014-03-29T15:51:49.801524 #9723] ERROR -- : Net::ReadTimeout
E, [2014-03-29T15:51:49.801867 #9723] ERROR -- : Player Harry Haskell is unreachable
I, [2014-03-29T15:51:49.802368 #9723]  INFO -- : Harry Haskell made a bet of 0 (fold) and is left with 890 chips. The pot now contains 30 chips.
I, [2014-03-29T15:51:49.811196 #9723]  INFO -- : Player Korda Gyuri Bacsi responded with 30 (200)
I, [2014-03-29T15:51:49.811960 #9723]  INFO -- : Korda Gyuri Bacsi made a bet of 30 (raise) and is left with 4050 chips. The pot now contains 60 chips.
I, [2014-03-29T15:51:49.813235 #9723]  INFO -- : Korda Gyuri Bacsi won 60
I, [2014-03-29T15:51:49.821681 #9723]  INFO -- : Player Korda Gyuri Bacsi responded with  (200)
I, [2014-03-29T15:51:49.827396 #9723]  INFO -- : Player Martleuca responded with  (200)
I, [2014-03-29T15:51:49.834004 #9723]  INFO -- : Player KonyvtarBot responded with  (200)
I, [2014-03-29T15:51:49.838854 #9723]  INFO -- : Player Xenu responded with  (200)
I, [2014-03-29T15:51:49.841287 #9723]  INFO -- : Player Harry Haskell responded with  (200)
I, [2014-03-29T15:51:49.841880 #9723]  INFO -- : Korda Gyuri Bacsi received hole_card 8 of Spades
I, [2014-03-29T15:51:49.842112 #9723]  INFO -- : Harry Haskell received hole_card 9 of Clubs
I, [2014-03-29T15:51:49.842308 #9723]  INFO -- : Korda Gyuri Bacsi received hole_card Jack of Diamonds
I, [2014-03-29T15:51:49.842483 #9723]  INFO -- : Harry Haskell received hole_card 5 of Clubs
I, [2014-03-29T15:51:49.842847 #9723]  INFO -- : Korda Gyuri Bacsi made a bet of 10 (raise) and is left with 4100 chips. The pot now contains 10 chips.
I, [2014-03-29T15:51:49.843282 #9723]  INFO -- : Harry Haskell made a bet of 20 (raise) and is left with 870 chips. The pot now contains 30 chips.
I, [2014-03-29T15:51:49.853414 #9723]  INFO -- : Player Korda Gyuri Bacsi responded with 20 (200)
I, [2014-03-29T15:51:49.854667 #9723]  INFO -- : Korda Gyuri Bacsi made a bet of 20 (raise) and is left with 4080 chips. The pot now contains 50 chips.
E, [2014-03-29T15:51:50.358704 #9723] ERROR -- : Net::ReadTimeout
E, [2014-03-29T15:51:50.359018 #9723] ERROR -- : Player Harry Haskell is unreachable
I, [2014-03-29T15:51:50.359571 #9723]  INFO -- : Harry Haskell made a bet of 0 (fold) and is left with 870 chips. The pot now contains 50 chips.
I, [2014-03-29T15:51:50.360764 #9723]  INFO -- : Korda Gyuri Bacsi won 50
I, [2014-03-29T15:51:50.367849 #9723]  INFO -- : Player Korda Gyuri Bacsi responded with  (200)
I, [2014-03-29T15:51:50.372557 #9723]  INFO -- : Player Martleuca responded with  (200)
I, [2014-03-29T15:51:50.377692 #9723]  INFO -- : Player KonyvtarBot responded with  (200)
I, [2014-03-29T15:51:50.385488 #9723]  INFO -- : Player Xenu responded with  (200)
I, [2014-03-29T15:51:50.389570 #9723]  INFO -- : Player Harry Haskell responded with  (200)
I, [2014-03-29T15:51:50.390757 #9723]  INFO -- : Harry Haskell received hole_card 5 of Spades
I, [2014-03-29T15:51:50.391540 #9723]  INFO -- : Korda Gyuri Bacsi received hole_card 8 of Diamonds
I, [2014-03-29T15:51:50.392213 #9723]  INFO -- : Harry Haskell received hole_card King of Spades
I, [2014-03-29T15:51:50.392801 #9723]  INFO -- : Korda Gyuri Bacsi received hole_card 3 of Hearts
I, [2014-03-29T15:51:50.393376 #9723]  INFO -- : Harry Haskell made a bet of 10 (raise) and is left with 860 chips. The pot now contains 10 chips.
I, [2014-03-29T15:51:50.393804 #9723]  INFO -- : Korda Gyuri Bacsi made a bet of 20 (raise) and is left with 4110 chips. The pot now contains 30 chips.
E, [2014-03-29T15:51:50.897528 #9723] ERROR -- : Net::ReadTimeout
E, [2014-03-29T15:51:50.898008 #9723] ERROR -- : Player Harry Haskell is unreachable
I, [2014-03-29T15:51:50.898634 #9723]  INFO -- : Harry Haskell made a bet of 0 (fold) and is left with 860 chips. The pot now contains 30 chips.
I, [2014-03-29T15:51:50.906914 #9723]  INFO -- : Player Korda Gyuri Bacsi responded with 10 (200)
I, [2014-03-29T15:51:50.907626 #9723]  INFO -- : Korda Gyuri Bacsi made a bet of 10 (raise) and is left with 4100 chips. The pot now contains 40 chips.
I, [2014-03-29T15:51:50.908959 #9723]  INFO -- : Korda Gyuri Bacsi won 40
I, [2014-03-29T15:51:50.921951 #9723]  INFO -- : Player Korda Gyuri Bacsi responded with  (200)
I, [2014-03-29T15:51:50.927696 #9723]  INFO -- : Player Martleuca responded with  (200)
I, [2014-03-29T15:51:50.930928 #9723]  INFO -- : Player KonyvtarBot responded with  (200)
I, [2014-03-29T15:51:50.934002 #9723]  INFO -- : Player Xenu responded with  (200)
I, [2014-03-29T15:51:50.936183 #9723]  INFO -- : Player Harry Haskell responded with  (200)
I, [2014-03-29T15:51:50.936572 #9723]  INFO -- : Korda Gyuri Bacsi received hole_card 5 of Clubs
I, [2014-03-29T15:51:50.936799 #9723]  INFO -- : Harry Haskell received hole_card Ace of Hearts
I, [2014-03-29T15:51:50.937031 #9723]  INFO -- : Korda Gyuri Bacsi received hole_card 9 of Hearts
I, [2014-03-29T15:51:50.937254 #9723]  INFO -- : Harry Haskell received hole_card 2 of Spades
I, [2014-03-29T15:51:50.938161 #9723]  INFO -- : Korda Gyuri Bacsi made a bet of 10 (raise) and is left with 4130 chips. The pot now contains 10 chips.
I, [2014-03-29T15:51:50.939174 #9723]  INFO -- : Harry Haskell made a bet of 20 (raise) and is left with 840 chips. The pot now contains 30 chips.
I, [2014-03-29T15:51:50.944659 #9723]  INFO -- : Player Korda Gyuri Bacsi responded with 10 (200)
I, [2014-03-29T15:51:50.945582 #9723]  INFO -- : Korda Gyuri Bacsi made a bet of 10 (call) and is left with 4120 chips. The pot now contains 40 chips.
I, [2014-03-29T15:51:50.946388 #9723]  INFO -- : community card 2 of Diamonds
I, [2014-03-29T15:51:50.946690 #9723]  INFO -- : community card Queen of Spades
I, [2014-03-29T15:51:50.946946 #9723]  INFO -- : community card 7 of Clubs
I, [2014-03-29T15:51:50.952438 #9723]  INFO -- : Player Korda Gyuri Bacsi responded with 60 (200)
I, [2014-03-29T15:51:50.952728 #9723]  INFO -- : Korda Gyuri Bacsi made a bet of 60 (raise) and is left with 4060 chips. The pot now contains 100 chips.
E, [2014-03-29T15:51:51.455373 #9723] ERROR -- : Net::ReadTimeout
E, [2014-03-29T15:51:51.455494 #9723] ERROR -- : Player Harry Haskell is unreachable
I, [2014-03-29T15:51:51.455706 #9723]  INFO -- : Harry Haskell made a bet of 0 (fold) and is left with 840 chips. The pot now contains 100 chips.
I, [2014-03-29T15:51:51.456177 #9723]  INFO -- : Korda Gyuri Bacsi won 100
I, [2014-03-29T15:51:51.458798 #9723]  INFO -- : Player Korda Gyuri Bacsi responded with  (200)
I, [2014-03-29T15:51:51.460371 #9723]  INFO -- : Player Martleuca responded with  (200)
I, [2014-03-29T15:51:51.462152 #9723]  INFO -- : Player KonyvtarBot responded with  (200)
I, [2014-03-29T15:51:51.464930 #9723]  INFO -- : Player Xenu responded with  (200)
I, [2014-03-29T15:51:51.466814 #9723]  INFO -- : Player Harry Haskell responded with  (200)
I, [2014-03-29T15:51:51.467241 #9723]  INFO -- : Harry Haskell received hole_card 5 of Spades
I, [2014-03-29T15:51:51.467468 #9723]  INFO -- : Korda Gyuri Bacsi received hole_card 8 of Diamonds
I, [2014-03-29T15:51:51.467675 #9723]  INFO -- : Harry Haskell received hole_card Queen of Hearts
I, [2014-03-29T15:51:51.467881 #9723]  INFO -- : Korda Gyuri Bacsi received hole_card 8 of Spades
I, [2014-03-29T15:51:51.468249 #9723]  INFO -- : Harry Haskell made a bet of 10 (raise) and is left with 830 chips. The pot now contains 10 chips.
I, [2014-03-29T15:51:51.468572 #9723]  INFO -- : Korda Gyuri Bacsi made a bet of 20 (raise) and is left with 4140 chips. The pot now contains 30 chips.
E, [2014-03-29T15:51:51.970347 #9723] ERROR -- : Net::ReadTimeout
E, [2014-03-29T15:51:51.970659 #9723] ERROR -- : Player Harry Haskell is unreachable
I, [2014-03-29T15:51:51.971220 #9723]  INFO -- : Harry Haskell made a bet of 0 (fold) and is left with 830 chips. The pot now contains 30 chips.
I, [2014-03-29T15:51:51.979911 #9723]  INFO -- : Player Korda Gyuri Bacsi responded with 0 (200)
I, [2014-03-29T15:51:51.981021 #9723]  INFO -- : Korda Gyuri Bacsi made a bet of 0 (check) and is left with 4140 chips. The pot now contains 30 chips.
I, [2014-03-29T15:51:51.983143 #9723]  INFO -- : Korda Gyuri Bacsi won 30
I, [2014-03-29T15:51:51.992740 #9723]  INFO -- : Player Korda Gyuri Bacsi responded with  (200)
I, [2014-03-29T15:51:51.998407 #9723]  INFO -- : Player Martleuca responded with  (200)
I, [2014-03-29T15:51:52.002092 #9723]  INFO -- : Player KonyvtarBot responded with  (200)
I, [2014-03-29T15:51:52.006701 #9723]  INFO -- : Player Xenu responded with  (200)
I, [2014-03-29T15:51:52.010193 #9723]  INFO -- : Player Harry Haskell responded with  (200)
I, [2014-03-29T15:51:52.010824 #9723]  INFO -- : Korda Gyuri Bacsi received hole_card 8 of Clubs
I, [2014-03-29T15:51:52.011636 #9723]  INFO -- : Harry Haskell received hole_card Queen of Hearts
I, [2014-03-29T15:51:52.012923 #9723]  INFO -- : Korda Gyuri Bacsi received hole_card Jack of Clubs
I, [2014-03-29T15:51:52.014019 #9723]  INFO -- : Harry Haskell received hole_card 4 of Clubs
I, [2014-03-29T15:51:52.014565 #9723]  INFO -- : Korda Gyuri Bacsi made a bet of 20 (raise) and is left with 4150 chips. The pot now contains 20 chips.
I, [2014-03-29T15:51:52.015070 #9723]  INFO -- : Harry Haskell made a bet of 40 (raise) and is left with 790 chips. The pot now contains 60 chips.
I, [2014-03-29T15:51:52.022065 #9723]  INFO -- : Player Korda Gyuri Bacsi responded with 40 (200)
I, [2014-03-29T15:51:52.022463 #9723]  INFO -- : Korda Gyuri Bacsi made a bet of 40 (raise) and is left with 4110 chips. The pot now contains 100 chips.
E, [2014-03-29T15:51:52.524948 #9723] ERROR -- : Net::ReadTimeout
E, [2014-03-29T15:51:52.525294 #9723] ERROR -- : Player Harry Haskell is unreachable
I, [2014-03-29T15:51:52.526061 #9723]  INFO -- : Harry Haskell made a bet of 0 (fold) and is left with 790 chips. The pot now contains 100 chips.
I, [2014-03-29T15:51:52.527370 #9723]  INFO -- : Korda Gyuri Bacsi won 100
I, [2014-03-29T15:51:52.534170 #9723]  INFO -- : Player Korda Gyuri Bacsi responded with  (200)
I, [2014-03-29T15:51:52.540206 #9723]  INFO -- : Player Martleuca responded with  (200)
I, [2014-03-29T15:51:52.545587 #9723]  INFO -- : Player KonyvtarBot responded with  (200)
I, [2014-03-29T15:51:52.552962 #9723]  INFO -- : Player Xenu responded with  (200)
I, [2014-03-29T15:51:52.556271 #9723]  INFO -- : Player Harry Haskell responded with  (200)
I, [2014-03-29T15:51:52.556816 #9723]  INFO -- : Harry Haskell received hole_card 6 of Diamonds
I, [2014-03-29T15:51:52.557081 #9723]  INFO -- : Korda Gyuri Bacsi received hole_card 9 of Spades
I, [2014-03-29T15:51:52.557290 #9723]  INFO -- : Harry Haskell received hole_card 2 of Hearts
I, [2014-03-29T15:51:52.557521 #9723]  INFO -- : Korda Gyuri Bacsi received hole_card 3 of Clubs
I, [2014-03-29T15:51:52.557934 #9723]  INFO -- : Harry Haskell made a bet of 20 (raise) and is left with 770 chips. The pot now contains 20 chips.
I, [2014-03-29T15:51:52.558309 #9723]  INFO -- : Korda Gyuri Bacsi made a bet of 40 (raise) and is left with 4170 chips. The pot now contains 60 chips.
E, [2014-03-29T15:51:53.060719 #9723] ERROR -- : Net::ReadTimeout
E, [2014-03-29T15:51:53.061042 #9723] ERROR -- : Player Harry Haskell is unreachable
I, [2014-03-29T15:51:53.061559 #9723]  INFO -- : Harry Haskell made a bet of 0 (fold) and is left with 770 chips. The pot now contains 60 chips.
I, [2014-03-29T15:51:53.070069 #9723]  INFO -- : Player Korda Gyuri Bacsi responded with 20 (200)
I, [2014-03-29T15:51:53.070755 #9723]  INFO -- : Korda Gyuri Bacsi made a bet of 20 (raise) and is left with 4150 chips. The pot now contains 80 chips.
I, [2014-03-29T15:51:53.071981 #9723]  INFO -- : Korda Gyuri Bacsi won 80
I, [2014-03-29T15:51:53.084033 #9723]  INFO -- : Player Korda Gyuri Bacsi responded with  (200)
I, [2014-03-29T15:51:53.090418 #9723]  INFO -- : Player Martleuca responded with  (200)
I, [2014-03-29T15:51:53.093859 #9723]  INFO -- : Player KonyvtarBot responded with  (200)
I, [2014-03-29T15:51:53.097119 #9723]  INFO -- : Player Xenu responded with  (200)
I, [2014-03-29T15:51:53.100895 #9723]  INFO -- : Player Harry Haskell responded with  (200)
I, [2014-03-29T15:51:53.101332 #9723]  INFO -- : Korda Gyuri Bacsi received hole_card Ace of Clubs
I, [2014-03-29T15:51:53.101627 #9723]  INFO -- : Harry Haskell received hole_card 3 of Spades
I, [2014-03-29T15:51:53.101873 #9723]  INFO -- : Korda Gyuri Bacsi received hole_card 2 of Clubs
I, [2014-03-29T15:51:53.102066 #9723]  INFO -- : Harry Haskell received hole_card 2 of Hearts
I, [2014-03-29T15:51:53.102562 #9723]  INFO -- : Korda Gyuri Bacsi made a bet of 20 (raise) and is left with 4210 chips. The pot now contains 20 chips.
I, [2014-03-29T15:51:53.103350 #9723]  INFO -- : Harry Haskell made a bet of 40 (raise) and is left with 730 chips. The pot now contains 60 chips.
I, [2014-03-29T15:51:53.109419 #9723]  INFO -- : Player Korda Gyuri Bacsi responded with 40 (200)
I, [2014-03-29T15:51:53.110413 #9723]  INFO -- : Korda Gyuri Bacsi made a bet of 40 (raise) and is left with 4170 chips. The pot now contains 100 chips.
E, [2014-03-29T15:51:53.612964 #9723] ERROR -- : Net::ReadTimeout
E, [2014-03-29T15:51:53.613086 #9723] ERROR -- : Player Harry Haskell is unreachable
I, [2014-03-29T15:51:53.613313 #9723]  INFO -- : Harry Haskell made a bet of 0 (fold) and is left with 730 chips. The pot now contains 100 chips.
I, [2014-03-29T15:51:53.613737 #9723]  INFO -- : Korda Gyuri Bacsi won 100
I, [2014-03-29T15:51:53.616118 #9723]  INFO -- : Player Korda Gyuri Bacsi responded with  (200)
I, [2014-03-29T15:51:53.617792 #9723]  INFO -- : Player Martleuca responded with  (200)
I, [2014-03-29T15:51:53.619501 #9723]  INFO -- : Player KonyvtarBot responded with  (200)
I, [2014-03-29T15:51:53.622030 #9723]  INFO -- : Player Xenu responded with  (200)
I, [2014-03-29T15:51:53.623655 #9723]  INFO -- : Player Harry Haskell responded with  (200)
I, [2014-03-29T15:51:53.624083 #9723]  INFO -- : Harry Haskell received hole_card 9 of Spades
I, [2014-03-29T15:51:53.624293 #9723]  INFO -- : Korda Gyuri Bacsi received hole_card 5 of Clubs
I, [2014-03-29T15:51:53.624508 #9723]  INFO -- : Harry Haskell received hole_card 2 of Spades
I, [2014-03-29T15:51:53.624727 #9723]  INFO -- : Korda Gyuri Bacsi received hole_card 7 of Diamonds
I, [2014-03-29T15:51:53.625098 #9723]  INFO -- : Harry Haskell made a bet of 20 (raise) and is left with 710 chips. The pot now contains 20 chips.
I, [2014-03-29T15:51:53.625502 #9723]  INFO -- : Korda Gyuri Bacsi made a bet of 40 (raise) and is left with 4230 chips. The pot now contains 60 chips.
E, [2014-03-29T15:51:54.127385 #9723] ERROR -- : Net::ReadTimeout
E, [2014-03-29T15:51:54.127727 #9723] ERROR -- : Player Harry Haskell is unreachable
I, [2014-03-29T15:51:54.128372 #9723]  INFO -- : Harry Haskell made a bet of 0 (fold) and is left with 710 chips. The pot now contains 60 chips.
I, [2014-03-29T15:51:54.136800 #9723]  INFO -- : Player Korda Gyuri Bacsi responded with 20 (200)
I, [2014-03-29T15:51:54.137587 #9723]  INFO -- : Korda Gyuri Bacsi made a bet of 20 (raise) and is left with 4210 chips. The pot now contains 80 chips.
I, [2014-03-29T15:51:54.139603 #9723]  INFO -- : Korda Gyuri Bacsi won 80
I, [2014-03-29T15:51:54.146559 #9723]  INFO -- : Player Korda Gyuri Bacsi responded with  (200)
I, [2014-03-29T15:51:54.149783 #9723]  INFO -- : Player Martleuca responded with  (200)
I, [2014-03-29T15:51:54.154219 #9723]  INFO -- : Player KonyvtarBot responded with  (200)
I, [2014-03-29T15:51:54.159861 #9723]  INFO -- : Player Xenu responded with  (200)
I, [2014-03-29T15:51:54.166115 #9723]  INFO -- : Player Harry Haskell responded with  (200)
I, [2014-03-29T15:51:54.167856 #9723]  INFO -- : Korda Gyuri Bacsi received hole_card 6 of Clubs
I, [2014-03-29T15:51:54.168490 #9723]  INFO -- : Harry Haskell received hole_card 6 of Hearts
I, [2014-03-29T15:51:54.168903 #9723]  INFO -- : Korda Gyuri Bacsi received hole_card 9 of Spades
I, [2014-03-29T15:51:54.169498 #9723]  INFO -- : Harry Haskell received hole_card 10 of Spades
I, [2014-03-29T15:51:54.170880 #9723]  INFO -- : Korda Gyuri Bacsi made a bet of 20 (raise) and is left with 4270 chips. The pot now contains 20 chips.
I, [2014-03-29T15:51:54.172697 #9723]  INFO -- : Harry Haskell made a bet of 40 (raise) and is left with 670 chips. The pot now contains 60 chips.
I, [2014-03-29T15:51:54.181014 #9723]  INFO -- : Player Korda Gyuri Bacsi responded with 40 (200)
I, [2014-03-29T15:51:54.181357 #9723]  INFO -- : Korda Gyuri Bacsi made a bet of 40 (raise) and is left with 4230 chips. The pot now contains 100 chips.
E, [2014-03-29T15:51:54.683750 #9723] ERROR -- : Net::ReadTimeout
E, [2014-03-29T15:51:54.684096 #9723] ERROR -- : Player Harry Haskell is unreachable
I, [2014-03-29T15:51:54.684847 #9723]  INFO -- : Harry Haskell made a bet of 0 (fold) and is left with 670 chips. The pot now contains 100 chips.
I, [2014-03-29T15:51:54.686324 #9723]  INFO -- : Korda Gyuri Bacsi won 100
I, [2014-03-29T15:51:54.693517 #9723]  INFO -- : Player Korda Gyuri Bacsi responded with  (200)
I, [2014-03-29T15:51:54.698488 #9723]  INFO -- : Player Martleuca responded with  (200)
I, [2014-03-29T15:51:54.703650 #9723]  INFO -- : Player KonyvtarBot responded with  (200)
I, [2014-03-29T15:51:54.711760 #9723]  INFO -- : Player Xenu responded with  (200)
I, [2014-03-29T15:51:54.716164 #9723]  INFO -- : Player Harry Haskell responded with  (200)
I, [2014-03-29T15:51:54.716739 #9723]  INFO -- : Harry Haskell received hole_card 2 of Hearts
I, [2014-03-29T15:51:54.717063 #9723]  INFO -- : Korda Gyuri Bacsi received hole_card 4 of Diamonds
I, [2014-03-29T15:51:54.717320 #9723]  INFO -- : Harry Haskell received hole_card 10 of Spades
I, [2014-03-29T15:51:54.717586 #9723]  INFO -- : Korda Gyuri Bacsi received hole_card Ace of Hearts
I, [2014-03-29T15:51:54.718048 #9723]  INFO -- : Harry Haskell made a bet of 20 (raise) and is left with 650 chips. The pot now contains 20 chips.
I, [2014-03-29T15:51:54.718401 #9723]  INFO -- : Korda Gyuri Bacsi made a bet of 40 (raise) and is left with 4290 chips. The pot now contains 60 chips.
E, [2014-03-29T15:51:55.220844 #9723] ERROR -- : Net::ReadTimeout
E, [2014-03-29T15:51:55.221155 #9723] ERROR -- : Player Harry Haskell is unreachable
I, [2014-03-29T15:51:55.221758 #9723]  INFO -- : Harry Haskell made a bet of 0 (fold) and is left with 650 chips. The pot now contains 60 chips.
I, [2014-03-29T15:51:55.230796 #9723]  INFO -- : Player Korda Gyuri Bacsi responded with 20 (200)
I, [2014-03-29T15:51:55.231465 #9723]  INFO -- : Korda Gyuri Bacsi made a bet of 20 (raise) and is left with 4270 chips. The pot now contains 80 chips.
I, [2014-03-29T15:51:55.232673 #9723]  INFO -- : Korda Gyuri Bacsi won 80
I, [2014-03-29T15:51:55.240332 #9723]  INFO -- : Player Korda Gyuri Bacsi responded with  (200)
I, [2014-03-29T15:51:55.245250 #9723]  INFO -- : Player Martleuca responded with  (200)
I, [2014-03-29T15:51:55.249935 #9723]  INFO -- : Player KonyvtarBot responded with  (200)
I, [2014-03-29T15:51:55.252845 #9723]  INFO -- : Player Xenu responded with  (200)
I, [2014-03-29T15:51:55.254821 #9723]  INFO -- : Player Harry Haskell responded with  (200)
I, [2014-03-29T15:51:55.255350 #9723]  INFO -- : Korda Gyuri Bacsi received hole_card 2 of Clubs
I, [2014-03-29T15:51:55.255759 #9723]  INFO -- : Harry Haskell received hole_card 4 of Hearts
I, [2014-03-29T15:51:55.256161 #9723]  INFO -- : Korda Gyuri Bacsi received hole_card Queen of Hearts
I, [2014-03-29T15:51:55.256529 #9723]  INFO -- : Harry Haskell received hole_card 9 of Diamonds
I, [2014-03-29T15:51:55.257516 #9723]  INFO -- : Korda Gyuri Bacsi made a bet of 20 (raise) and is left with 4330 chips. The pot now contains 20 chips.
I, [2014-03-29T15:51:55.258729 #9723]  INFO -- : Harry Haskell made a bet of 40 (raise) and is left with 610 chips. The pot now contains 60 chips.
I, [2014-03-29T15:51:55.265225 #9723]  INFO -- : Player Korda Gyuri Bacsi responded with 80 (200)
I, [2014-03-29T15:51:55.266069 #9723]  INFO -- : Korda Gyuri Bacsi made a bet of 80 (raise) and is left with 4250 chips. The pot now contains 140 chips.
E, [2014-03-29T15:51:55.768062 #9723] ERROR -- : Net::ReadTimeout
E, [2014-03-29T15:51:55.768170 #9723] ERROR -- : Player Harry Haskell is unreachable
I, [2014-03-29T15:51:55.768342 #9723]  INFO -- : Harry Haskell made a bet of 0 (fold) and is left with 610 chips. The pot now contains 140 chips.
I, [2014-03-29T15:51:55.768694 #9723]  INFO -- : Korda Gyuri Bacsi won 140
I, [2014-03-29T15:51:55.771005 #9723]  INFO -- : Player Korda Gyuri Bacsi responded with  (200)
I, [2014-03-29T15:51:55.772680 #9723]  INFO -- : Player Martleuca responded with  (200)
I, [2014-03-29T15:51:55.774355 #9723]  INFO -- : Player KonyvtarBot responded with  (200)
I, [2014-03-29T15:51:55.776699 #9723]  INFO -- : Player Xenu responded with  (200)
I, [2014-03-29T15:51:55.778266 #9723]  INFO -- : Player Harry Haskell responded with  (200)
I, [2014-03-29T15:51:55.778618 #9723]  INFO -- : Harry Haskell received hole_card Jack of Spades
I, [2014-03-29T15:51:55.778797 #9723]  INFO -- : Korda Gyuri Bacsi received hole_card 8 of Spades
I, [2014-03-29T15:51:55.778966 #9723]  INFO -- : Harry Haskell received hole_card Jack of Clubs
I, [2014-03-29T15:51:55.779147 #9723]  INFO -- : Korda Gyuri Bacsi received hole_card 10 of Hearts
I, [2014-03-29T15:51:55.779452 #9723]  INFO -- : Harry Haskell made a bet of 20 (raise) and is left with 590 chips. The pot now contains 20 chips.
I, [2014-03-29T15:51:55.779735 #9723]  INFO -- : Korda Gyuri Bacsi made a bet of 40 (raise) and is left with 4350 chips. The pot now contains 60 chips.
E, [2014-03-29T15:51:56.281812 #9723] ERROR -- : Net::ReadTimeout
E, [2014-03-29T15:51:56.282169 #9723] ERROR -- : Player Harry Haskell is unreachable
I, [2014-03-29T15:51:56.282939 #9723]  INFO -- : Harry Haskell made a bet of 0 (fold) and is left with 590 chips. The pot now contains 60 chips.
I, [2014-03-29T15:51:56.291197 #9723]  INFO -- : Player Korda Gyuri Bacsi responded with 20 (200)
I, [2014-03-29T15:51:56.291962 #9723]  INFO -- : Korda Gyuri Bacsi made a bet of 20 (raise) and is left with 4330 chips. The pot now contains 80 chips.
I, [2014-03-29T15:51:56.294051 #9723]  INFO -- : Korda Gyuri Bacsi won 80
I, [2014-03-29T15:51:56.302033 #9723]  INFO -- : Player Korda Gyuri Bacsi responded with  (200)
I, [2014-03-29T15:51:56.306619 #9723]  INFO -- : Player Martleuca responded with  (200)
I, [2014-03-29T15:51:56.308617 #9723]  INFO -- : Player KonyvtarBot responded with  (200)
I, [2014-03-29T15:51:56.314021 #9723]  INFO -- : Player Xenu responded with  (200)
I, [2014-03-29T15:51:56.320565 #9723]  INFO -- : Player Harry Haskell responded with  (200)
I, [2014-03-29T15:51:56.321689 #9723]  INFO -- : Korda Gyuri Bacsi received hole_card 9 of Hearts
I, [2014-03-29T15:51:56.322710 #9723]  INFO -- : Harry Haskell received hole_card Jack of Hearts
I, [2014-03-29T15:51:56.323486 #9723]  INFO -- : Korda Gyuri Bacsi received hole_card 8 of Diamonds
I, [2014-03-29T15:51:56.324150 #9723]  INFO -- : Harry Haskell received hole_card King of Hearts
I, [2014-03-29T15:51:56.325024 #9723]  INFO -- : Korda Gyuri Bacsi made a bet of 20 (raise) and is left with 4390 chips. The pot now contains 20 chips.
I, [2014-03-29T15:51:56.326819 #9723]  INFO -- : Harry Haskell made a bet of 40 (raise) and is left with 550 chips. The pot now contains 60 chips.
I, [2014-03-29T15:51:56.333578 #9723]  INFO -- : Player Korda Gyuri Bacsi responded with 20 (200)
I, [2014-03-29T15:51:56.334578 #9723]  INFO -- : Korda Gyuri Bacsi made a bet of 20 (call) and is left with 4370 chips. The pot now contains 80 chips.
I, [2014-03-29T15:51:56.335081 #9723]  INFO -- : community card 3 of Clubs
I, [2014-03-29T15:51:56.335288 #9723]  INFO -- : community card 5 of Hearts
I, [2014-03-29T15:51:56.335489 #9723]  INFO -- : community card 8 of Hearts
I, [2014-03-29T15:51:56.339595 #9723]  INFO -- : Player Korda Gyuri Bacsi responded with 120 (200)
I, [2014-03-29T15:51:56.339838 #9723]  INFO -- : Korda Gyuri Bacsi made a bet of 120 (raise) and is left with 4250 chips. The pot now contains 200 chips.
E, [2014-03-29T15:51:56.841941 #9723] ERROR -- : Net::ReadTimeout
E, [2014-03-29T15:51:56.842259 #9723] ERROR -- : Player Harry Haskell is unreachable
I, [2014-03-29T15:51:56.842877 #9723]  INFO -- : Harry Haskell made a bet of 0 (fold) and is left with 550 chips. The pot now contains 200 chips.
I, [2014-03-29T15:51:56.844215 #9723]  INFO -- : Korda Gyuri Bacsi won 200
I, [2014-03-29T15:51:56.851220 #9723]  INFO -- : Player Korda Gyuri Bacsi responded with  (200)
I, [2014-03-29T15:51:56.856225 #9723]  INFO -- : Player Martleuca responded with  (200)
I, [2014-03-29T15:51:56.866682 #9723]  INFO -- : Player KonyvtarBot responded with  (200)
I, [2014-03-29T15:51:56.874756 #9723]  INFO -- : Player Xenu responded with  (200)
I, [2014-03-29T15:51:56.877153 #9723]  INFO -- : Player Harry Haskell responded with  (200)
I, [2014-03-29T15:51:56.877698 #9723]  INFO -- : Harry Haskell received hole_card 6 of Hearts
I, [2014-03-29T15:51:56.877930 #9723]  INFO -- : Korda Gyuri Bacsi received hole_card 7 of Hearts
I, [2014-03-29T15:51:56.878699 #9723]  INFO -- : Harry Haskell received hole_card 3 of Spades
I, [2014-03-29T15:51:56.878953 #9723]  INFO -- : Korda Gyuri Bacsi received hole_card 7 of Diamonds
I, [2014-03-29T15:51:56.879352 #9723]  INFO -- : Harry Haskell made a bet of 20 (raise) and is left with 530 chips. The pot now contains 20 chips.
I, [2014-03-29T15:51:56.879836 #9723]  INFO -- : Korda Gyuri Bacsi made a bet of 40 (raise) and is left with 4410 chips. The pot now contains 60 chips.
E, [2014-03-29T15:51:57.382122 #9723] ERROR -- : Net::ReadTimeout
E, [2014-03-29T15:51:57.382459 #9723] ERROR -- : Player Harry Haskell is unreachable
I, [2014-03-29T15:51:57.383143 #9723]  INFO -- : Harry Haskell made a bet of 0 (fold) and is left with 530 chips. The pot now contains 60 chips.
I, [2014-03-29T15:51:57.390264 #9723]  INFO -- : Player Korda Gyuri Bacsi responded with 60 (200)
I, [2014-03-29T15:51:57.390501 #9723]  INFO -- : Korda Gyuri Bacsi made a bet of 60 (raise) and is left with 4350 chips. The pot now contains 120 chips.
I, [2014-03-29T15:51:57.390880 #9723]  INFO -- : Korda Gyuri Bacsi won 120
I, [2014-03-29T15:51:57.395538 #9723]  INFO -- : Player Korda Gyuri Bacsi responded with  (200)
I, [2014-03-29T15:51:57.401329 #9723]  INFO -- : Player Martleuca responded with  (200)
I, [2014-03-29T15:51:57.406100 #9723]  INFO -- : Player KonyvtarBot responded with  (200)
I, [2014-03-29T15:51:57.413985 #9723]  INFO -- : Player Xenu responded with  (200)
I, [2014-03-29T15:51:57.417150 #9723]  INFO -- : Player Harry Haskell responded with  (200)
I, [2014-03-29T15:51:57.417699 #9723]  INFO -- : Korda Gyuri Bacsi received hole_card Ace of Diamonds
I, [2014-03-29T15:51:57.417983 #9723]  INFO -- : Harry Haskell received hole_card 2 of Spades
I, [2014-03-29T15:51:57.418256 #9723]  INFO -- : Korda Gyuri Bacsi received hole_card Ace of Clubs
I, [2014-03-29T15:51:57.418545 #9723]  INFO -- : Harry Haskell received hole_card 5 of Spades
I, [2014-03-29T15:51:57.418949 #9723]  INFO -- : Korda Gyuri Bacsi made a bet of 20 (raise) and is left with 4450 chips. The pot now contains 20 chips.
I, [2014-03-29T15:51:57.419379 #9723]  INFO -- : Harry Haskell made a bet of 40 (raise) and is left with 490 chips. The pot now contains 60 chips.
I, [2014-03-29T15:51:57.426348 #9723]  INFO -- : Player Korda Gyuri Bacsi responded with 20 (200)
I, [2014-03-29T15:51:57.426748 #9723]  INFO -- : Korda Gyuri Bacsi made a bet of 20 (call) and is left with 4430 chips. The pot now contains 80 chips.
I, [2014-03-29T15:51:57.427188 #9723]  INFO -- : community card 8 of Spades
I, [2014-03-29T15:51:57.427812 #9723]  INFO -- : community card Jack of Diamonds
I, [2014-03-29T15:51:57.428262 #9723]  INFO -- : community card 5 of Diamonds
I, [2014-03-29T15:51:57.434793 #9723]  INFO -- : Player Korda Gyuri Bacsi responded with 40 (200)
I, [2014-03-29T15:51:57.435766 #9723]  INFO -- : Korda Gyuri Bacsi made a bet of 40 (raise) and is left with 4390 chips. The pot now contains 120 chips.
E, [2014-03-29T15:51:57.938467 #9723] ERROR -- : Net::ReadTimeout
E, [2014-03-29T15:51:57.938784 #9723] ERROR -- : Player Harry Haskell is unreachable
I, [2014-03-29T15:51:57.939286 #9723]  INFO -- : Harry Haskell made a bet of 0 (fold) and is left with 490 chips. The pot now contains 120 chips.
I, [2014-03-29T15:51:57.940653 #9723]  INFO -- : Korda Gyuri Bacsi won 120
I, [2014-03-29T15:51:57.947777 #9723]  INFO -- : Player Korda Gyuri Bacsi responded with  (200)
I, [2014-03-29T15:51:57.952527 #9723]  INFO -- : Player Martleuca responded with  (200)
I, [2014-03-29T15:51:57.956101 #9723]  INFO -- : Player KonyvtarBot responded with  (200)
I, [2014-03-29T15:51:57.960179 #9723]  INFO -- : Player Xenu responded with  (200)
I, [2014-03-29T15:51:57.961800 #9723]  INFO -- : Player Harry Haskell responded with  (200)
I, [2014-03-29T15:51:57.962130 #9723]  INFO -- : Harry Haskell received hole_card 5 of Diamonds
I, [2014-03-29T15:51:57.962310 #9723]  INFO -- : Korda Gyuri Bacsi received hole_card 3 of Hearts
I, [2014-03-29T15:51:57.962522 #9723]  INFO -- : Harry Haskell received hole_card 6 of Spades
I, [2014-03-29T15:51:57.962719 #9723]  INFO -- : Korda Gyuri Bacsi received hole_card 6 of Clubs
I, [2014-03-29T15:51:57.963055 #9723]  INFO -- : Harry Haskell made a bet of 20 (raise) and is left with 470 chips. The pot now contains 20 chips.
I, [2014-03-29T15:51:57.963330 #9723]  INFO -- : Korda Gyuri Bacsi made a bet of 40 (raise) and is left with 4470 chips. The pot now contains 60 chips.
E, [2014-03-29T15:51:58.465278 #9723] ERROR -- : Net::ReadTimeout
E, [2014-03-29T15:51:58.465633 #9723] ERROR -- : Player Harry Haskell is unreachable
I, [2014-03-29T15:51:58.466389 #9723]  INFO -- : Harry Haskell made a bet of 0 (fold) and is left with 470 chips. The pot now contains 60 chips.
I, [2014-03-29T15:51:58.476646 #9723]  INFO -- : Player Korda Gyuri Bacsi responded with 20 (200)
I, [2014-03-29T15:51:58.477698 #9723]  INFO -- : Korda Gyuri Bacsi made a bet of 20 (raise) and is left with 4450 chips. The pot now contains 80 chips.
I, [2014-03-29T15:51:58.478600 #9723]  INFO -- : Korda Gyuri Bacsi won 80
I, [2014-03-29T15:51:58.484108 #9723]  INFO -- : Player Korda Gyuri Bacsi responded with  (200)
I, [2014-03-29T15:51:58.486733 #9723]  INFO -- : Player Martleuca responded with  (200)
I, [2014-03-29T15:51:58.489008 #9723]  INFO -- : Player KonyvtarBot responded with  (200)
I, [2014-03-29T15:51:58.491614 #9723]  INFO -- : Player Xenu responded with  (200)
I, [2014-03-29T15:51:58.493200 #9723]  INFO -- : Player Harry Haskell responded with  (200)
I, [2014-03-29T15:51:58.493709 #9723]  INFO -- : Korda Gyuri Bacsi received hole_card Ace of Spades
I, [2014-03-29T15:51:58.493984 #9723]  INFO -- : Harry Haskell received hole_card 7 of Clubs
I, [2014-03-29T15:51:58.494212 #9723]  INFO -- : Korda Gyuri Bacsi received hole_card 6 of Clubs
I, [2014-03-29T15:51:58.494423 #9723]  INFO -- : Harry Haskell received hole_card King of Clubs
I, [2014-03-29T15:51:58.494787 #9723]  INFO -- : Korda Gyuri Bacsi made a bet of 20 (raise) and is left with 4510 chips. The pot now contains 20 chips.
I, [2014-03-29T15:51:58.495118 #9723]  INFO -- : Harry Haskell made a bet of 40 (raise) and is left with 430 chips. The pot now contains 60 chips.
I, [2014-03-29T15:51:58.499121 #9723]  INFO -- : Player Korda Gyuri Bacsi responded with 20 (200)
I, [2014-03-29T15:51:58.500328 #9723]  INFO -- : Korda Gyuri Bacsi made a bet of 20 (call) and is left with 4490 chips. The pot now contains 80 chips.
I, [2014-03-29T15:51:58.501254 #9723]  INFO -- : community card Queen of Diamonds
I, [2014-03-29T15:51:58.501542 #9723]  INFO -- : community card King of Spades
I, [2014-03-29T15:51:58.501906 #9723]  INFO -- : community card Jack of Diamonds
I, [2014-03-29T15:51:58.507957 #9723]  INFO -- : Player Korda Gyuri Bacsi responded with 40 (200)
I, [2014-03-29T15:51:58.508330 #9723]  INFO -- : Korda Gyuri Bacsi made a bet of 40 (raise) and is left with 4450 chips. The pot now contains 120 chips.
E, [2014-03-29T15:51:59.010756 #9723] ERROR -- : Net::ReadTimeout
E, [2014-03-29T15:51:59.011072 #9723] ERROR -- : Player Harry Haskell is unreachable
I, [2014-03-29T15:51:59.011591 #9723]  INFO -- : Harry Haskell made a bet of 0 (fold) and is left with 430 chips. The pot now contains 120 chips.
I, [2014-03-29T15:51:59.012982 #9723]  INFO -- : Korda Gyuri Bacsi won 120
I, [2014-03-29T15:51:59.020144 #9723]  INFO -- : Player Korda Gyuri Bacsi responded with  (200)
I, [2014-03-29T15:51:59.025029 #9723]  INFO -- : Player Martleuca responded with  (200)
I, [2014-03-29T15:51:59.032131 #9723]  INFO -- : Player KonyvtarBot responded with  (200)
I, [2014-03-29T15:51:59.040002 #9723]  INFO -- : Player Xenu responded with  (200)
I, [2014-03-29T15:51:59.044473 #9723]  INFO -- : Player Harry Haskell responded with  (200)
I, [2014-03-29T15:51:59.045114 #9723]  INFO -- : Harry Haskell received hole_card 10 of Hearts
I, [2014-03-29T15:51:59.045397 #9723]  INFO -- : Korda Gyuri Bacsi received hole_card 5 of Spades
I, [2014-03-29T15:51:59.045741 #9723]  INFO -- : Harry Haskell received hole_card 3 of Clubs
I, [2014-03-29T15:51:59.045983 #9723]  INFO -- : Korda Gyuri Bacsi received hole_card 7 of Clubs
I, [2014-03-29T15:51:59.046372 #9723]  INFO -- : Harry Haskell made a bet of 20 (raise) and is left with 410 chips. The pot now contains 20 chips.
I, [2014-03-29T15:51:59.046745 #9723]  INFO -- : Korda Gyuri Bacsi made a bet of 40 (raise) and is left with 4530 chips. The pot now contains 60 chips.
E, [2014-03-29T15:51:59.549089 #9723] ERROR -- : Net::ReadTimeout
E, [2014-03-29T15:51:59.549462 #9723] ERROR -- : Player Harry Haskell is unreachable
I, [2014-03-29T15:51:59.550188 #9723]  INFO -- : Harry Haskell made a bet of 0 (fold) and is left with 410 chips. The pot now contains 60 chips.
I, [2014-03-29T15:51:59.558607 #9723]  INFO -- : Player Korda Gyuri Bacsi responded with 60 (200)
I, [2014-03-29T15:51:59.559225 #9723]  INFO -- : Korda Gyuri Bacsi made a bet of 60 (raise) and is left with 4470 chips. The pot now contains 120 chips.
I, [2014-03-29T15:51:59.560478 #9723]  INFO -- : Korda Gyuri Bacsi won 120
I, [2014-03-29T15:51:59.568746 #9723]  INFO -- : Player Korda Gyuri Bacsi responded with  (200)
I, [2014-03-29T15:51:59.572738 #9723]  INFO -- : Player Martleuca responded with  (200)
I, [2014-03-29T15:51:59.577225 #9723]  INFO -- : Player KonyvtarBot responded with  (200)
I, [2014-03-29T15:51:59.580234 #9723]  INFO -- : Player Xenu responded with  (200)
I, [2014-03-29T15:51:59.582764 #9723]  INFO -- : Player Harry Haskell responded with  (200)
I, [2014-03-29T15:51:59.583673 #9723]  INFO -- : Korda Gyuri Bacsi received hole_card 2 of Clubs
I, [2014-03-29T15:51:59.584885 #9723]  INFO -- : Harry Haskell received hole_card 3 of Clubs
I, [2014-03-29T15:51:59.585913 #9723]  INFO -- : Korda Gyuri Bacsi received hole_card Queen of Spades
I, [2014-03-29T15:51:59.586365 #9723]  INFO -- : Harry Haskell received hole_card 3 of Diamonds
I, [2014-03-29T15:51:59.587737 #9723]  INFO -- : Korda Gyuri Bacsi made a bet of 20 (raise) and is left with 4570 chips. The pot now contains 20 chips.
I, [2014-03-29T15:51:59.588805 #9723]  INFO -- : Harry Haskell made a bet of 40 (raise) and is left with 370 chips. The pot now contains 60 chips.
I, [2014-03-29T15:51:59.595106 #9723]  INFO -- : Player Korda Gyuri Bacsi responded with 20 (200)
I, [2014-03-29T15:51:59.595511 #9723]  INFO -- : Korda Gyuri Bacsi made a bet of 20 (call) and is left with 4550 chips. The pot now contains 80 chips.
I, [2014-03-29T15:51:59.595900 #9723]  INFO -- : community card 7 of Diamonds
I, [2014-03-29T15:51:59.596209 #9723]  INFO -- : community card 9 of Clubs
I, [2014-03-29T15:51:59.596481 #9723]  INFO -- : community card 4 of Spades
I, [2014-03-29T15:51:59.601866 #9723]  INFO -- : Player Korda Gyuri Bacsi responded with 40 (200)
I, [2014-03-29T15:51:59.602472 #9723]  INFO -- : Korda Gyuri Bacsi made a bet of 40 (raise) and is left with 4510 chips. The pot now contains 120 chips.
E, [2014-03-29T15:52:00.106515 #9723] ERROR -- : Net::ReadTimeout
E, [2014-03-29T15:52:00.106638 #9723] ERROR -- : Player Harry Haskell is unreachable
I, [2014-03-29T15:52:00.106844 #9723]  INFO -- : Harry Haskell made a bet of 0 (fold) and is left with 370 chips. The pot now contains 120 chips.
I, [2014-03-29T15:52:00.107323 #9723]  INFO -- : Korda Gyuri Bacsi won 120
I, [2014-03-29T15:52:00.109892 #9723]  INFO -- : Player Korda Gyuri Bacsi responded with  (200)
I, [2014-03-29T15:52:00.111542 #9723]  INFO -- : Player Martleuca responded with  (200)
I, [2014-03-29T15:52:00.113253 #9723]  INFO -- : Player KonyvtarBot responded with  (200)
I, [2014-03-29T15:52:00.115664 #9723]  INFO -- : Player Xenu responded with  (200)
I, [2014-03-29T15:52:00.117136 #9723]  INFO -- : Player Harry Haskell responded with  (200)
I, [2014-03-29T15:52:00.117537 #9723]  INFO -- : Harry Haskell received hole_card 10 of Diamonds
I, [2014-03-29T15:52:00.117805 #9723]  INFO -- : Korda Gyuri Bacsi received hole_card 4 of Hearts
I, [2014-03-29T15:52:00.118006 #9723]  INFO -- : Harry Haskell received hole_card Ace of Clubs
I, [2014-03-29T15:52:00.118233 #9723]  INFO -- : Korda Gyuri Bacsi received hole_card Jack of Spades
I, [2014-03-29T15:52:00.118597 #9723]  INFO -- : Harry Haskell made a bet of 40 (raise) and is left with 330 chips. The pot now contains 40 chips.
I, [2014-03-29T15:52:00.118913 #9723]  INFO -- : Korda Gyuri Bacsi made a bet of 80 (raise) and is left with 4550 chips. The pot now contains 120 chips.
E, [2014-03-29T15:52:00.620990 #9723] ERROR -- : Net::ReadTimeout
E, [2014-03-29T15:52:00.621342 #9723] ERROR -- : Player Harry Haskell is unreachable
I, [2014-03-29T15:52:00.622057 #9723]  INFO -- : Harry Haskell made a bet of 0 (fold) and is left with 330 chips. The pot now contains 120 chips.
I, [2014-03-29T15:52:00.627720 #9723]  INFO -- : Player Korda Gyuri Bacsi responded with 40 (200)
I, [2014-03-29T15:52:00.628000 #9723]  INFO -- : Korda Gyuri Bacsi made a bet of 40 (raise) and is left with 4510 chips. The pot now contains 160 chips.
I, [2014-03-29T15:52:00.628435 #9723]  INFO -- : Korda Gyuri Bacsi won 160
I, [2014-03-29T15:52:00.631250 #9723]  INFO -- : Player Korda Gyuri Bacsi responded with  (200)
I, [2014-03-29T15:52:00.634372 #9723]  INFO -- : Player Martleuca responded with  (200)
I, [2014-03-29T15:52:00.638487 #9723]  INFO -- : Player KonyvtarBot responded with  (200)
I, [2014-03-29T15:52:00.642199 #9723]  INFO -- : Player Xenu responded with  (200)
I, [2014-03-29T15:52:00.644558 #9723]  INFO -- : Player Harry Haskell responded with  (200)
I, [2014-03-29T15:52:00.645226 #9723]  INFO -- : Korda Gyuri Bacsi received hole_card 7 of Clubs
I, [2014-03-29T15:52:00.645560 #9723]  INFO -- : Harry Haskell received hole_card 6 of Spades
I, [2014-03-29T15:52:00.645951 #9723]  INFO -- : Korda Gyuri Bacsi received hole_card 8 of Clubs
I, [2014-03-29T15:52:00.646292 #9723]  INFO -- : Harry Haskell received hole_card 4 of Diamonds
I, [2014-03-29T15:52:00.646829 #9723]  INFO -- : Korda Gyuri Bacsi made a bet of 40 (raise) and is left with 4630 chips. The pot now contains 40 chips.
I, [2014-03-29T15:52:00.647402 #9723]  INFO -- : Harry Haskell made a bet of 80 (raise) and is left with 250 chips. The pot now contains 120 chips.
I, [2014-03-29T15:52:00.652533 #9723]  INFO -- : Player Korda Gyuri Bacsi responded with 160 (200)
I, [2014-03-29T15:52:00.653000 #9723]  INFO -- : Korda Gyuri Bacsi made a bet of 160 (raise) and is left with 4470 chips. The pot now contains 280 chips.
E, [2014-03-29T15:52:01.156355 #9723] ERROR -- : Net::ReadTimeout
E, [2014-03-29T15:52:01.156706 #9723] ERROR -- : Player Harry Haskell is unreachable
I, [2014-03-29T15:52:01.157327 #9723]  INFO -- : Harry Haskell made a bet of 0 (fold) and is left with 250 chips. The pot now contains 280 chips.
I, [2014-03-29T15:52:01.158591 #9723]  INFO -- : Korda Gyuri Bacsi won 280
I, [2014-03-29T15:52:01.165300 #9723]  INFO -- : Player Korda Gyuri Bacsi responded with  (200)
I, [2014-03-29T15:52:01.170348 #9723]  INFO -- : Player Martleuca responded with  (200)
I, [2014-03-29T15:52:01.175578 #9723]  INFO -- : Player KonyvtarBot responded with  (200)
I, [2014-03-29T15:52:01.182144 #9723]  INFO -- : Player Xenu responded with  (200)
I, [2014-03-29T15:52:01.186975 #9723]  INFO -- : Player Harry Haskell responded with  (200)
I, [2014-03-29T15:52:01.187710 #9723]  INFO -- : Harry Haskell received hole_card 5 of Clubs
I, [2014-03-29T15:52:01.188112 #9723]  INFO -- : Korda Gyuri Bacsi received hole_card 6 of Clubs
I, [2014-03-29T15:52:01.188393 #9723]  INFO -- : Harry Haskell received hole_card Queen of Diamonds
I, [2014-03-29T15:52:01.188669 #9723]  INFO -- : Korda Gyuri Bacsi received hole_card 7 of Clubs
I, [2014-03-29T15:52:01.189108 #9723]  INFO -- : Harry Haskell made a bet of 40 (raise) and is left with 210 chips. The pot now contains 40 chips.
I, [2014-03-29T15:52:01.189493 #9723]  INFO -- : Korda Gyuri Bacsi made a bet of 80 (raise) and is left with 4670 chips. The pot now contains 120 chips.
E, [2014-03-29T15:52:01.693369 #9723] ERROR -- : Net::ReadTimeout
E, [2014-03-29T15:52:01.693803 #9723] ERROR -- : Player Harry Haskell is unreachable
I, [2014-03-29T15:52:01.694351 #9723]  INFO -- : Harry Haskell made a bet of 0 (fold) and is left with 210 chips. The pot now contains 120 chips.
I, [2014-03-29T15:52:01.702766 #9723]  INFO -- : Player Korda Gyuri Bacsi responded with 0 (200)
I, [2014-03-29T15:52:01.703543 #9723]  INFO -- : Korda Gyuri Bacsi made a bet of 0 (check) and is left with 4670 chips. The pot now contains 120 chips.
I, [2014-03-29T15:52:01.704416 #9723]  INFO -- : Korda Gyuri Bacsi won 120
I, [2014-03-29T15:52:01.708897 #9723]  INFO -- : Player Korda Gyuri Bacsi responded with  (200)
I, [2014-03-29T15:52:01.711483 #9723]  INFO -- : Player Martleuca responded with  (200)
I, [2014-03-29T15:52:01.713160 #9723]  INFO -- : Player KonyvtarBot responded with  (200)
I, [2014-03-29T15:52:01.715616 #9723]  INFO -- : Player Xenu responded with  (200)
I, [2014-03-29T15:52:01.716948 #9723]  INFO -- : Player Harry Haskell responded with  (200)
I, [2014-03-29T15:52:01.717353 #9723]  INFO -- : Korda Gyuri Bacsi received hole_card 3 of Diamonds
I, [2014-03-29T15:52:01.717565 #9723]  INFO -- : Harry Haskell received hole_card 10 of Diamonds
I, [2014-03-29T15:52:01.717813 #9723]  INFO -- : Korda Gyuri Bacsi received hole_card 6 of Clubs
I, [2014-03-29T15:52:01.718027 #9723]  INFO -- : Harry Haskell received hole_card Ace of Spades
I, [2014-03-29T15:52:01.718361 #9723]  INFO -- : Korda Gyuri Bacsi made a bet of 40 (raise) and is left with 4750 chips. The pot now contains 40 chips.
I, [2014-03-29T15:52:01.718775 #9723]  INFO -- : Harry Haskell made a bet of 80 (raise) and is left with 130 chips. The pot now contains 120 chips.
I, [2014-03-29T15:52:01.722695 #9723]  INFO -- : Player Korda Gyuri Bacsi responded with 160 (200)
I, [2014-03-29T15:52:01.723113 #9723]  INFO -- : Korda Gyuri Bacsi made a bet of 160 (raise) and is left with 4590 chips. The pot now contains 280 chips.
E, [2014-03-29T15:52:02.225132 #9723] ERROR -- : Net::ReadTimeout
E, [2014-03-29T15:52:02.225250 #9723] ERROR -- : Player Harry Haskell is unreachable
I, [2014-03-29T15:52:02.225435 #9723]  INFO -- : Harry Haskell made a bet of 0 (fold) and is left with 130 chips. The pot now contains 280 chips.
I, [2014-03-29T15:52:02.225890 #9723]  INFO -- : Korda Gyuri Bacsi won 280
I, [2014-03-29T15:52:02.228181 #9723]  INFO -- : Player Korda Gyuri Bacsi responded with  (200)
I, [2014-03-29T15:52:02.229831 #9723]  INFO -- : Player Martleuca responded with  (200)
I, [2014-03-29T15:52:02.231536 #9723]  INFO -- : Player KonyvtarBot responded with  (200)
I, [2014-03-29T15:52:02.233779 #9723]  INFO -- : Player Xenu responded with  (200)
I, [2014-03-29T15:52:02.235281 #9723]  INFO -- : Player Harry Haskell responded with  (200)
I, [2014-03-29T15:52:02.235685 #9723]  INFO -- : Harry Haskell received hole_card 2 of Spades
I, [2014-03-29T15:52:02.235907 #9723]  INFO -- : Korda Gyuri Bacsi received hole_card 9 of Hearts
I, [2014-03-29T15:52:02.236120 #9723]  INFO -- : Harry Haskell received hole_card King of Diamonds
I, [2014-03-29T15:52:02.236336 #9723]  INFO -- : Korda Gyuri Bacsi received hole_card 10 of Clubs
I, [2014-03-29T15:52:02.237108 #9723]  INFO -- : Harry Haskell made a bet of 40 (raise) and is left with 90 chips. The pot now contains 40 chips.
I, [2014-03-29T15:52:02.237853 #9723]  INFO -- : Korda Gyuri Bacsi made a bet of 80 (raise) and is left with 4790 chips. The pot now contains 120 chips.
E, [2014-03-29T15:52:02.741356 #9723] ERROR -- : Net::ReadTimeout
E, [2014-03-29T15:52:02.741801 #9723] ERROR -- : Player Harry Haskell is unreachable
I, [2014-03-29T15:52:02.742418 #9723]  INFO -- : Harry Haskell made a bet of 0 (fold) and is left with 90 chips. The pot now contains 120 chips.
I, [2014-03-29T15:52:02.750290 #9723]  INFO -- : Player Korda Gyuri Bacsi responded with 40 (200)
I, [2014-03-29T15:52:02.750888 #9723]  INFO -- : Korda Gyuri Bacsi made a bet of 40 (raise) and is left with 4750 chips. The pot now contains 160 chips.
I, [2014-03-29T15:52:02.752103 #9723]  INFO -- : Korda Gyuri Bacsi won 160
I, [2014-03-29T15:52:02.758093 #9723]  INFO -- : Player Korda Gyuri Bacsi responded with  (200)
I, [2014-03-29T15:52:02.761887 #9723]  INFO -- : Player Martleuca responded with  (200)
I, [2014-03-29T15:52:02.763722 #9723]  INFO -- : Player KonyvtarBot responded with  (200)
I, [2014-03-29T15:52:02.766204 #9723]  INFO -- : Player Xenu responded with  (200)
I, [2014-03-29T15:52:02.767834 #9723]  INFO -- : Player Harry Haskell responded with  (200)
I, [2014-03-29T15:52:02.768392 #9723]  INFO -- : Korda Gyuri Bacsi received hole_card 8 of Diamonds
I, [2014-03-29T15:52:02.768765 #9723]  INFO -- : Harry Haskell received hole_card 10 of Spades
I, [2014-03-29T15:52:02.769101 #9723]  INFO -- : Korda Gyuri Bacsi received hole_card Jack of Spades
I, [2014-03-29T15:52:02.769448 #9723]  INFO -- : Harry Haskell received hole_card 7 of Hearts
I, [2014-03-29T15:52:02.770148 #9723]  INFO -- : Korda Gyuri Bacsi made a bet of 40 (raise) and is left with 4870 chips. The pot now contains 40 chips.
I, [2014-03-29T15:52:02.770954 #9723]  INFO -- : Harry Haskell made a bet of 80 (raise) and is left with 10 chips. The pot now contains 120 chips.
I, [2014-03-29T15:52:02.777887 #9723]  INFO -- : Player Korda Gyuri Bacsi responded with 80 (200)
I, [2014-03-29T15:52:02.779517 #9723]  INFO -- : Korda Gyuri Bacsi made a bet of 80 (raise) and is left with 4790 chips. The pot now contains 200 chips.
E, [2014-03-29T15:52:03.283831 #9723] ERROR -- : Net::ReadTimeout
E, [2014-03-29T15:52:03.284237 #9723] ERROR -- : Player Harry Haskell is unreachable
I, [2014-03-29T15:52:03.284735 #9723]  INFO -- : Harry Haskell made a bet of 0 (fold) and is left with 10 chips. The pot now contains 200 chips.
I, [2014-03-29T15:52:03.286015 #9723]  INFO -- : Korda Gyuri Bacsi won 200
I, [2014-03-29T15:52:03.292530 #9723]  INFO -- : Player Korda Gyuri Bacsi responded with  (200)
I, [2014-03-29T15:52:03.296399 #9723]  INFO -- : Player Martleuca responded with  (200)
I, [2014-03-29T15:52:03.301318 #9723]  INFO -- : Player KonyvtarBot responded with  (200)
I, [2014-03-29T15:52:03.308688 #9723]  INFO -- : Player Xenu responded with  (200)
I, [2014-03-29T15:52:03.312889 #9723]  INFO -- : Player Harry Haskell responded with  (200)
I, [2014-03-29T15:52:03.313976 #9723]  INFO -- : Harry Haskell received hole_card 3 of Hearts
I, [2014-03-29T15:52:03.314662 #9723]  INFO -- : Korda Gyuri Bacsi received hole_card King of Diamonds
I, [2014-03-29T15:52:03.315367 #9723]  INFO -- : Harry Haskell received hole_card 4 of Spades
I, [2014-03-29T15:52:03.315999 #9723]  INFO -- : Korda Gyuri Bacsi received hole_card 5 of Diamonds
I, [2014-03-29T15:52:03.317006 #9723]  INFO -- : Harry Haskell made a bet of 10 (allin) and is left with 0 chips. The pot now contains 10 chips.
I, [2014-03-29T15:52:03.317376 #9723]  INFO -- : Korda Gyuri Bacsi made a bet of 80 (raise) and is left with 4910 chips. The pot now contains 90 chips.
I, [2014-03-29T15:52:03.320902 #9723]  INFO -- : Player Korda Gyuri Bacsi responded with 0 (200)
I, [2014-03-29T15:52:03.321364 #9723]  INFO -- : Korda Gyuri Bacsi made a bet of 0 (check) and is left with 4910 chips. The pot now contains 90 chips.
I, [2014-03-29T15:52:03.321874 #9723]  INFO -- : community card 9 of Hearts
I, [2014-03-29T15:52:03.322196 #9723]  INFO -- : community card 2 of Diamonds
I, [2014-03-29T15:52:03.322805 #9723]  INFO -- : community card 10 of Diamonds
I, [2014-03-29T15:52:03.323419 #9723]  INFO -- : community card Ace of Spades
I, [2014-03-29T15:52:03.323941 #9723]  INFO -- : community card 8 of Clubs
I, [2014-03-29T15:52:03.325319 #9723]  INFO -- : Korda Gyuri Bacsi showed 8 of Clubs,9 of Hearts,10 of Diamonds,King of Diamonds,Ace of Spades making a high card
I, [2014-03-29T15:52:03.325918 #9723]  INFO -- : Korda Gyuri Bacsi won 90
I, [2014-03-29T15:52:03.330793 #9723]  INFO -- : Player Korda Gyuri Bacsi responded with  (200)
I, [2014-03-29T15:52:03.333734 #9723]  INFO -- : Player Martleuca responded with  (200)
I, [2014-03-29T15:52:03.337823 #9723]  INFO -- : Player KonyvtarBot responded with  (200)
I, [2014-03-29T15:52:03.342631 #9723]  INFO -- : Player Xenu responded with  (200)
I, [2014-03-29T15:52:03.344687 #9723]  INFO -- : Player Harry Haskell responded with  (200)
