# Logfile created on 2014-03-29 16:13:49 +0100 by logger.rb/44203
I, [2014-03-29T16:13:49.257357 #20863]  INFO -- : Reseting Korda Gyuri Bacsi to origin/master
I, [2014-03-29T16:13:50.551917 #20863]  INFO -- : Reseting Martleuca to origin/master
I, [2014-03-29T16:13:51.917121 #20863]  INFO -- : Reseting KonyvtarBot to origin/master
I, [2014-03-29T16:13:52.606251 #20863]  INFO -- : Reseting Xenu to origin/master
I, [2014-03-29T16:13:54.024631 #20863]  INFO -- : Reseting Harry Haskell to origin/master
I, [2014-03-29T16:13:54.746698 #20863]  INFO -- : Connected Korda Gyuri Bacsi at http://localhost:8080/
I, [2014-03-29T16:13:54.750923 #20863]  INFO -- : Connected Martleuca at http://localhost:1042/
I, [2014-03-29T16:13:54.753798 #20863]  INFO -- : Connected KonyvtarBot at http://localhost:8123/player_service.php
I, [2014-03-29T16:13:54.757902 #20863]  INFO -- : Connected Xenu at http://localhost:8280/
I, [2014-03-29T16:13:54.762855 #20863]  INFO -- : Connected Harry Haskell at http://localhost:4127/
E, [2014-03-29T16:13:54.764468 #20863] ERROR -- : Connection refused - connect(2) for "localhost" port 8080
E, [2014-03-29T16:13:54.764581 #20863] ERROR -- : Player Korda Gyuri Bacsi is unreachable
I, [2014-03-29T16:13:54.764642 #20863]  INFO -- : Waiting for players to start
E, [2014-03-29T16:13:55.773316 #20863] ERROR -- : Connection refused - connect(2) for "localhost" port 8080
E, [2014-03-29T16:13:55.773515 #20863] ERROR -- : Player Korda Gyuri Bacsi is unreachable
I, [2014-03-29T16:13:55.773614 #20863]  INFO -- : Waiting for players to start
E, [2014-03-29T16:13:56.774250 #20863] ERROR -- : Connection refused - connect(2) for "localhost" port 8080
E, [2014-03-29T16:13:56.774534 #20863] ERROR -- : Player Korda Gyuri Bacsi is unreachable
I, [2014-03-29T16:13:56.774758 #20863]  INFO -- : Waiting for players to start
E, [2014-03-29T16:13:57.781774 #20863] ERROR -- : Connection refused - connect(2) for "localhost" port 8080
E, [2014-03-29T16:13:57.781975 #20863] ERROR -- : Player Korda Gyuri Bacsi is unreachable
I, [2014-03-29T16:13:57.782069 #20863]  INFO -- : Waiting for players to start
E, [2014-03-29T16:13:58.782779 #20863] ERROR -- : Connection refused - connect(2) for "localhost" port 8080
E, [2014-03-29T16:13:58.783033 #20863] ERROR -- : Player Korda Gyuri Bacsi is unreachable
I, [2014-03-29T16:13:58.783191 #20863]  INFO -- : Waiting for players to start
E, [2014-03-29T16:13:59.797751 #20863] ERROR -- : Connection refused - connect(2) for "localhost" port 8080
E, [2014-03-29T16:13:59.797922 #20863] ERROR -- : Player Korda Gyuri Bacsi is unreachable
I, [2014-03-29T16:13:59.798039 #20863]  INFO -- : Waiting for players to start
E, [2014-03-29T16:14:00.805763 #20863] ERROR -- : Connection refused - connect(2) for "localhost" port 8080
E, [2014-03-29T16:14:00.806073 #20863] ERROR -- : Player Korda Gyuri Bacsi is unreachable
I, [2014-03-29T16:14:00.806249 #20863]  INFO -- : Waiting for players to start
E, [2014-03-29T16:14:01.813763 #20863] ERROR -- : Connection refused - connect(2) for "localhost" port 8080
E, [2014-03-29T16:14:01.814063 #20863] ERROR -- : Player Korda Gyuri Bacsi is unreachable
I, [2014-03-29T16:14:01.814239 #20863]  INFO -- : Waiting for players to start
E, [2014-03-29T16:14:02.824451 #20863] ERROR -- : Connection refused - connect(2) for "localhost" port 8080
E, [2014-03-29T16:14:02.824725 #20863] ERROR -- : Player Korda Gyuri Bacsi is unreachable
I, [2014-03-29T16:14:02.824899 #20863]  INFO -- : Waiting for players to start
E, [2014-03-29T16:14:03.829758 #20863] ERROR -- : Connection refused - connect(2) for "localhost" port 8080
E, [2014-03-29T16:14:03.830048 #20863] ERROR -- : Player Korda Gyuri Bacsi is unreachable
I, [2014-03-29T16:14:03.830211 #20863]  INFO -- : Waiting for players to start
E, [2014-03-29T16:14:04.847221 #20863] ERROR -- : Connection refused - connect(2) for "localhost" port 8080
E, [2014-03-29T16:14:04.847408 #20863] ERROR -- : Player Korda Gyuri Bacsi is unreachable
I, [2014-03-29T16:14:04.847494 #20863]  INFO -- : Waiting for players to start
E, [2014-03-29T16:14:05.855186 #20863] ERROR -- : Connection refused - connect(2) for "localhost" port 8080
E, [2014-03-29T16:14:05.855372 #20863] ERROR -- : Player Korda Gyuri Bacsi is unreachable
I, [2014-03-29T16:14:05.855468 #20863]  INFO -- : Waiting for players to start
E, [2014-03-29T16:14:06.865777 #20863] ERROR -- : Connection refused - connect(2) for "localhost" port 8080
E, [2014-03-29T16:14:06.865974 #20863] ERROR -- : Player Korda Gyuri Bacsi is unreachable
I, [2014-03-29T16:14:06.866074 #20863]  INFO -- : Waiting for players to start
E, [2014-03-29T16:14:07.873773 #20863] ERROR -- : Connection refused - connect(2) for "localhost" port 8080
E, [2014-03-29T16:14:07.874057 #20863] ERROR -- : Player Korda Gyuri Bacsi is unreachable
I, [2014-03-29T16:14:07.874210 #20863]  INFO -- : Waiting for players to start
E, [2014-03-29T16:14:08.881769 #20863] ERROR -- : Connection refused - connect(2) for "localhost" port 8080
E, [2014-03-29T16:14:08.882057 #20863] ERROR -- : Player Korda Gyuri Bacsi is unreachable
I, [2014-03-29T16:14:08.882215 #20863]  INFO -- : Waiting for players to start
E, [2014-03-29T16:14:09.888317 #20863] ERROR -- : Connection refused - connect(2) for "localhost" port 8080
E, [2014-03-29T16:14:09.888630 #20863] ERROR -- : Player Korda Gyuri Bacsi is unreachable
I, [2014-03-29T16:14:09.888789 #20863]  INFO -- : Waiting for players to start
E, [2014-03-29T16:14:10.895865 #20863] ERROR -- : Connection refused - connect(2) for "localhost" port 8080
E, [2014-03-29T16:14:10.896153 #20863] ERROR -- : Player Korda Gyuri Bacsi is unreachable
I, [2014-03-29T16:14:10.896311 #20863]  INFO -- : Waiting for players to start
E, [2014-03-29T16:14:11.913778 #20863] ERROR -- : Connection refused - connect(2) for "localhost" port 8080
E, [2014-03-29T16:14:11.913974 #20863] ERROR -- : Player Korda Gyuri Bacsi is unreachable
I, [2014-03-29T16:14:11.914110 #20863]  INFO -- : Waiting for players to start
E, [2014-03-29T16:14:12.925778 #20863] ERROR -- : Connection refused - connect(2) for "localhost" port 8080
E, [2014-03-29T16:14:12.925993 #20863] ERROR -- : Player Korda Gyuri Bacsi is unreachable
I, [2014-03-29T16:14:12.926082 #20863]  INFO -- : Waiting for players to start
E, [2014-03-29T16:14:13.933750 #20863] ERROR -- : Connection refused - connect(2) for "localhost" port 8080
E, [2014-03-29T16:14:13.933926 #20863] ERROR -- : Player Korda Gyuri Bacsi is unreachable
I, [2014-03-29T16:14:13.934017 #20863]  INFO -- : Waiting for players to start
E, [2014-03-29T16:14:14.934658 #20863] ERROR -- : Connection refused - connect(2) for "localhost" port 8080
E, [2014-03-29T16:14:14.934921 #20863] ERROR -- : Player Korda Gyuri Bacsi is unreachable
I, [2014-03-29T16:14:14.935085 #20863]  INFO -- : Waiting for players to start
E, [2014-03-29T16:14:15.935838 #20863] ERROR -- : Connection refused - connect(2) for "localhost" port 8080
E, [2014-03-29T16:14:15.935985 #20863] ERROR -- : Player Korda Gyuri Bacsi is unreachable
I, [2014-03-29T16:14:15.936072 #20863]  INFO -- : Waiting for players to start
E, [2014-03-29T16:14:16.936700 #20863] ERROR -- : Connection refused - connect(2) for "localhost" port 8080
E, [2014-03-29T16:14:16.936836 #20863] ERROR -- : Player Korda Gyuri Bacsi is unreachable
I, [2014-03-29T16:14:16.936914 #20863]  INFO -- : Waiting for players to start
E, [2014-03-29T16:14:18.443700 #20863] ERROR -- : Net::ReadTimeout
E, [2014-03-29T16:14:18.443874 #20863] ERROR -- : Player Korda Gyuri Bacsi is unreachable
I, [2014-03-29T16:14:18.443982 #20863]  INFO -- : Waiting for players to start
I, [2014-03-29T16:14:19.446917 #20863]  INFO -- : Player Korda Gyuri Bacsi responded with  (200)
I, [2014-03-29T16:14:19.448783 #20863]  INFO -- : Player Martleuca responded with  (200)
I, [2014-03-29T16:14:19.450867 #20863]  INFO -- : Player KonyvtarBot responded with  (200)
E, [2014-03-29T16:14:19.952663 #20863] ERROR -- : Net::ReadTimeout
E, [2014-03-29T16:14:19.953104 #20863] ERROR -- : Player Xenu is unreachable
I, [2014-03-29T16:14:19.953266 #20863]  INFO -- : Waiting for players to start
I, [2014-03-29T16:14:20.962207 #20863]  INFO -- : Player Korda Gyuri Bacsi responded with  (200)
I, [2014-03-29T16:14:20.965509 #20863]  INFO -- : Player Martleuca responded with  (200)
I, [2014-03-29T16:14:20.969414 #20863]  INFO -- : Player KonyvtarBot responded with  (200)
E, [2014-03-29T16:14:21.471893 #20863] ERROR -- : Net::ReadTimeout
E, [2014-03-29T16:14:21.472032 #20863] ERROR -- : Player Xenu is unreachable
I, [2014-03-29T16:14:21.472127 #20863]  INFO -- : Waiting for players to start
I, [2014-03-29T16:14:22.477922 #20863]  INFO -- : Player Korda Gyuri Bacsi responded with  (200)
I, [2014-03-29T16:14:22.481238 #20863]  INFO -- : Player Martleuca responded with  (200)
I, [2014-03-29T16:14:22.484949 #20863]  INFO -- : Player KonyvtarBot responded with  (200)
E, [2014-03-29T16:14:22.987625 #20863] ERROR -- : Net::ReadTimeout
E, [2014-03-29T16:14:22.987977 #20863] ERROR -- : Player Xenu is unreachable
I, [2014-03-29T16:14:22.988259 #20863]  INFO -- : Waiting for players to start
I, [2014-03-29T16:14:23.994723 #20863]  INFO -- : Player Korda Gyuri Bacsi responded with  (200)
I, [2014-03-29T16:14:23.998587 #20863]  INFO -- : Player Martleuca responded with  (200)
I, [2014-03-29T16:14:24.002818 #20863]  INFO -- : Player KonyvtarBot responded with  (200)
E, [2014-03-29T16:14:24.505599 #20863] ERROR -- : Net::ReadTimeout
E, [2014-03-29T16:14:24.506019 #20863] ERROR -- : Player Xenu is unreachable
I, [2014-03-29T16:14:24.506186 #20863]  INFO -- : Waiting for players to start
I, [2014-03-29T16:14:25.508959 #20863]  INFO -- : Player Korda Gyuri Bacsi responded with  (200)
I, [2014-03-29T16:14:25.510357 #20863]  INFO -- : Player Martleuca responded with  (200)
I, [2014-03-29T16:14:25.511790 #20863]  INFO -- : Player KonyvtarBot responded with  (200)
E, [2014-03-29T16:14:26.013374 #20863] ERROR -- : Net::ReadTimeout
E, [2014-03-29T16:14:26.013747 #20863] ERROR -- : Player Xenu is unreachable
I, [2014-03-29T16:14:26.013934 #20863]  INFO -- : Waiting for players to start
I, [2014-03-29T16:14:27.019966 #20863]  INFO -- : Player Korda Gyuri Bacsi responded with  (200)
I, [2014-03-29T16:14:27.022963 #20863]  INFO -- : Player Martleuca responded with  (200)
I, [2014-03-29T16:14:27.026636 #20863]  INFO -- : Player KonyvtarBot responded with  (200)
E, [2014-03-29T16:14:27.529285 #20863] ERROR -- : Net::ReadTimeout
E, [2014-03-29T16:14:27.529971 #20863] ERROR -- : Player Xenu is unreachable
I, [2014-03-29T16:14:27.530721 #20863]  INFO -- : Waiting for players to start
I, [2014-03-29T16:14:28.535817 #20863]  INFO -- : Player Korda Gyuri Bacsi responded with  (200)
I, [2014-03-29T16:14:28.539274 #20863]  INFO -- : Player Martleuca responded with  (200)
I, [2014-03-29T16:14:28.543084 #20863]  INFO -- : Player KonyvtarBot responded with  (200)
E, [2014-03-29T16:14:29.045558 #20863] ERROR -- : Net::ReadTimeout
E, [2014-03-29T16:14:29.045787 #20863] ERROR -- : Player Xenu is unreachable
I, [2014-03-29T16:14:29.045991 #20863]  INFO -- : Waiting for players to start
I, [2014-03-29T16:14:30.049234 #20863]  INFO -- : Player Korda Gyuri Bacsi responded with  (200)
I, [2014-03-29T16:14:30.052455 #20863]  INFO -- : Player Martleuca responded with  (200)
I, [2014-03-29T16:14:30.056301 #20863]  INFO -- : Player KonyvtarBot responded with  (200)
E, [2014-03-29T16:14:30.558738 #20863] ERROR -- : Net::ReadTimeout
E, [2014-03-29T16:14:30.558856 #20863] ERROR -- : Player Xenu is unreachable
I, [2014-03-29T16:14:30.558901 #20863]  INFO -- : Waiting for players to start
I, [2014-03-29T16:14:31.561050 #20863]  INFO -- : Player Korda Gyuri Bacsi responded with  (200)
I, [2014-03-29T16:14:31.562372 #20863]  INFO -- : Player Martleuca responded with  (200)
I, [2014-03-29T16:14:31.563799 #20863]  INFO -- : Player KonyvtarBot responded with  (200)
I, [2014-03-29T16:14:31.581179 #20863]  INFO -- : Player Xenu responded with  (200)
I, [2014-03-29T16:14:31.582756 #20863]  INFO -- : Player Harry Haskell responded with  (200)
I, [2014-03-29T16:14:31.582922 #20863]  INFO -- : Players are running
I, [2014-03-29T16:14:31.604345 #20863]  INFO -- : Player Korda Gyuri Bacsi responded with Korda Gyuri Bacsi cc3aa59 (200)
I, [2014-03-29T16:14:31.607650 #20863]  INFO -- : Player Martleuca responded with Mort v1.5 (200)
I, [2014-03-29T16:14:31.611446 #20863]  INFO -- : Player KonyvtarBot responded with Default PHP folding player (200)
I, [2014-03-29T16:14:31.621164 #20863]  INFO -- : Player Xenu responded with Rankokoska v3 (200)
I, [2014-03-29T16:14:31.623182 #20863]  INFO -- : Player Harry Haskell responded with Haskell Player 0.1i (200)
I, [2014-03-29T16:14:31.623875 #20863]  INFO -- : Harry Haskell received hole_card 4 of Hearts
I, [2014-03-29T16:14:31.624168 #20863]  INFO -- : Korda Gyuri Bacsi received hole_card Ace of Diamonds
I, [2014-03-29T16:14:31.624447 #20863]  INFO -- : Martleuca received hole_card 7 of Spades
I, [2014-03-29T16:14:31.624676 #20863]  INFO -- : KonyvtarBot received hole_card 3 of Clubs
I, [2014-03-29T16:14:31.625042 #20863]  INFO -- : Xenu received hole_card Queen of Spades
I, [2014-03-29T16:14:31.625541 #20863]  INFO -- : Harry Haskell received hole_card 5 of Hearts
I, [2014-03-29T16:14:31.626572 #20863]  INFO -- : Korda Gyuri Bacsi received hole_card 4 of Clubs
I, [2014-03-29T16:14:31.627390 #20863]  INFO -- : Martleuca received hole_card 2 of Diamonds
I, [2014-03-29T16:14:31.627977 #20863]  INFO -- : KonyvtarBot received hole_card 6 of Clubs
I, [2014-03-29T16:14:31.628615 #20863]  INFO -- : Xenu received hole_card Queen of Hearts
I, [2014-03-29T16:14:31.633887 #20863]  INFO -- : Harry Haskell made a bet of 10 (raise) and is left with 990 chips. The pot now contains 10 chips.
I, [2014-03-29T16:14:31.634282 #20863]  INFO -- : Korda Gyuri Bacsi made a bet of 20 (raise) and is left with 980 chips. The pot now contains 30 chips.
I, [2014-03-29T16:14:31.636967 #20863]  INFO -- : Player Martleuca responded with 20 (200)
I, [2014-03-29T16:14:31.637625 #20863]  INFO -- : Martleuca made a bet of 20 (call) and is left with 980 chips. The pot now contains 50 chips.
I, [2014-03-29T16:14:31.641736 #20863]  INFO -- : Player KonyvtarBot responded with 0 (200)
I, [2014-03-29T16:14:31.642497 #20863]  INFO -- : KonyvtarBot made a bet of 0 (fold) and is left with 1000 chips. The pot now contains 50 chips.
I, [2014-03-29T16:14:31.731048 #20863]  INFO -- : Player Xenu responded with 20 (200)
I, [2014-03-29T16:14:31.731803 #20863]  INFO -- : Xenu made a bet of 20 (call) and is left with 980 chips. The pot now contains 70 chips.
E, [2014-03-29T16:14:32.235623 #20863] ERROR -- : Net::ReadTimeout
E, [2014-03-29T16:14:32.235739 #20863] ERROR -- : Player Harry Haskell is unreachable
I, [2014-03-29T16:14:32.235949 #20863]  INFO -- : Harry Haskell made a bet of 0 (fold) and is left with 990 chips. The pot now contains 70 chips.
I, [2014-03-29T16:14:32.286221 #20863]  INFO -- : Player Korda Gyuri Bacsi responded with 10 (200)
I, [2014-03-29T16:14:32.286951 #20863]  INFO -- : Korda Gyuri Bacsi made a bet of 10 (raise) and is left with 970 chips. The pot now contains 80 chips.
I, [2014-03-29T16:14:32.291738 #20863]  INFO -- : Player Martleuca responded with 10 (200)
I, [2014-03-29T16:14:32.292004 #20863]  INFO -- : Martleuca made a bet of 10 (call) and is left with 970 chips. The pot now contains 90 chips.
I, [2014-03-29T16:14:32.299600 #20863]  INFO -- : Player Xenu responded with 30 (200)
I, [2014-03-29T16:14:32.299988 #20863]  INFO -- : Xenu made a bet of 30 (raise) and is left with 950 chips. The pot now contains 120 chips.
I, [2014-03-29T16:14:32.307609 #20863]  INFO -- : Player Korda Gyuri Bacsi responded with 0 (200)
I, [2014-03-29T16:14:32.307976 #20863]  INFO -- : Korda Gyuri Bacsi made a bet of 0 (fold) and is left with 970 chips. The pot now contains 120 chips.
I, [2014-03-29T16:14:32.310133 #20863]  INFO -- : Player Martleuca responded with 20 (200)
I, [2014-03-29T16:14:32.310511 #20863]  INFO -- : Martleuca made a bet of 20 (call) and is left with 950 chips. The pot now contains 140 chips.
I, [2014-03-29T16:14:32.310959 #20863]  INFO -- : community card 10 of Hearts
I, [2014-03-29T16:14:32.311324 #20863]  INFO -- : community card 2 of Spades
I, [2014-03-29T16:14:32.311703 #20863]  INFO -- : community card 10 of Clubs
I, [2014-03-29T16:14:32.314061 #20863]  INFO -- : Player Martleuca responded with 20 (200)
I, [2014-03-29T16:14:32.314454 #20863]  INFO -- : Martleuca made a bet of 20 (raise) and is left with 930 chips. The pot now contains 160 chips.
E, [2014-03-29T16:14:32.338782 #20863] ERROR -- : Player Xenu responded with <html><head><title>Apache Tomcat/7.0.11 - Error report</title><style><!--H1 {font-family:Tahoma,Arial,sans-serif;color:white;background-color:#525D76;font-size:22px;} H2 {font-family:Tahoma,Arial,sans-serif;color:white;background-color:#525D76;font-size:16px;} H3 {font-family:Tahoma,Arial,sans-serif;color:white;background-color:#525D76;font-size:14px;} BODY {font-family:Tahoma,Arial,sans-serif;color:black;background-color:white;} B {font-family:Tahoma,Arial,sans-serif;color:white;background-color:#525D76;} P {font-family:Tahoma,Arial,sans-serif;background:white;color:black;font-size:12px;}A {color : black;}A.name {color : black;}HR {color : #525D76;}--></style> </head><body><h1>HTTP Status 500 - </h1><HR size="1" noshade="noshade"><p><b>type</b> Exception report</p><p><b>message</b> <u></u></p><p><b>description</b> <u>The server encountered an internal error () that prevented it from fulfilling this request.</u></p><p><b>exception</b> <pre>java.lang.NullPointerException
	java.util.ArrayList.addAll(ArrayList.java:559)
	org.leanpoker.player.Player.betRequest(Player.java:18)
	org.leanpoker.player.PlayerServlet.doPost(PlayerServlet.java:24)
	javax.servlet.http.HttpServlet.service(HttpServlet.java:641)
	javax.servlet.http.HttpServlet.service(HttpServlet.java:722)
</pre></p><p><b>note</b> <u>The full stack trace of the root cause is available in the Apache Tomcat/7.0.11 logs.</u></p><HR size="1" noshade="noshade"><h3>Apache Tomcat/7.0.11</h3></body></html> (500)
I, [2014-03-29T16:14:32.339950 #20863]  INFO -- : Xenu made a bet of 0 (fold) and is left with 950 chips. The pot now contains 160 chips.
I, [2014-03-29T16:14:32.341464 #20863]  INFO -- : Martleuca won 160
I, [2014-03-29T16:14:32.348527 #20863]  INFO -- : Player Korda Gyuri Bacsi responded with  (200)
I, [2014-03-29T16:14:32.353060 #20863]  INFO -- : Player Martleuca responded with  (200)
I, [2014-03-29T16:14:32.357938 #20863]  INFO -- : Player KonyvtarBot responded with  (200)
I, [2014-03-29T16:14:32.363919 #20863]  INFO -- : Player Xenu responded with  (200)
I, [2014-03-29T16:14:32.367376 #20863]  INFO -- : Player Harry Haskell responded with  (200)
I, [2014-03-29T16:14:32.368891 #20863]  INFO -- : Korda Gyuri Bacsi received hole_card Ace of Spades
I, [2014-03-29T16:14:32.369421 #20863]  INFO -- : Martleuca received hole_card 3 of Spades
I, [2014-03-29T16:14:32.369821 #20863]  INFO -- : KonyvtarBot received hole_card Jack of Clubs
I, [2014-03-29T16:14:32.370150 #20863]  INFO -- : Xenu received hole_card 2 of Hearts
I, [2014-03-29T16:14:32.370337 #20863]  INFO -- : Harry Haskell received hole_card 10 of Hearts
I, [2014-03-29T16:14:32.370528 #20863]  INFO -- : Korda Gyuri Bacsi received hole_card Ace of Clubs
I, [2014-03-29T16:14:32.370744 #20863]  INFO -- : Martleuca received hole_card King of Clubs
I, [2014-03-29T16:14:32.370938 #20863]  INFO -- : KonyvtarBot received hole_card Jack of Diamonds
I, [2014-03-29T16:14:32.371128 #20863]  INFO -- : Xenu received hole_card 7 of Clubs
I, [2014-03-29T16:14:32.371336 #20863]  INFO -- : Harry Haskell received hole_card 2 of Clubs
I, [2014-03-29T16:14:32.371667 #20863]  INFO -- : Korda Gyuri Bacsi made a bet of 10 (raise) and is left with 960 chips. The pot now contains 10 chips.
I, [2014-03-29T16:14:32.371970 #20863]  INFO -- : Martleuca made a bet of 20 (raise) and is left with 1070 chips. The pot now contains 30 chips.
I, [2014-03-29T16:14:32.373641 #20863]  INFO -- : Player KonyvtarBot responded with 300 (200)
I, [2014-03-29T16:14:32.373874 #20863]  INFO -- : KonyvtarBot made a bet of 300 (raise) and is left with 700 chips. The pot now contains 330 chips.
I, [2014-03-29T16:14:32.378427 #20863]  INFO -- : Player Xenu responded with 300 (200)
I, [2014-03-29T16:14:32.378737 #20863]  INFO -- : Xenu made a bet of 300 (call) and is left with 650 chips. The pot now contains 630 chips.
E, [2014-03-29T16:14:32.881109 #20863] ERROR -- : Net::ReadTimeout
E, [2014-03-29T16:14:32.881464 #20863] ERROR -- : Player Harry Haskell is unreachable
I, [2014-03-29T16:14:32.882198 #20863]  INFO -- : Harry Haskell made a bet of 0 (fold) and is left with 990 chips. The pot now contains 630 chips.
I, [2014-03-29T16:14:32.895070 #20863]  INFO -- : Player Korda Gyuri Bacsi responded with 1130 (200)
I, [2014-03-29T16:14:32.895846 #20863]  INFO -- : Korda Gyuri Bacsi made a bet of 960 (allin) and is left with 0 chips. The pot now contains 1590 chips.
I, [2014-03-29T16:14:32.900783 #20863]  INFO -- : Player Martleuca responded with 950 (200)
I, [2014-03-29T16:14:32.901047 #20863]  INFO -- : Martleuca made a bet of 950 (call) and is left with 120 chips. The pot now contains 2540 chips.
I, [2014-03-29T16:14:32.903816 #20863]  INFO -- : Player KonyvtarBot responded with 13400 (200)
I, [2014-03-29T16:14:32.904025 #20863]  INFO -- : KonyvtarBot made a bet of 700 (allin) and is left with 0 chips. The pot now contains 3240 chips.
I, [2014-03-29T16:14:32.909122 #20863]  INFO -- : Player Xenu responded with 1000 (200)
I, [2014-03-29T16:14:32.909516 #20863]  INFO -- : Xenu made a bet of 650 (allin) and is left with 0 chips. The pot now contains 3890 chips.
I, [2014-03-29T16:14:32.912061 #20863]  INFO -- : Player Martleuca responded with 30 (200)
I, [2014-03-29T16:14:32.912365 #20863]  INFO -- : Martleuca made a bet of 30 (call) and is left with 90 chips. The pot now contains 3920 chips.
I, [2014-03-29T16:14:32.912722 #20863]  INFO -- : community card 3 of Clubs
I, [2014-03-29T16:14:32.913032 #20863]  INFO -- : community card 9 of Clubs
I, [2014-03-29T16:14:32.913321 #20863]  INFO -- : community card 4 of Spades
I, [2014-03-29T16:14:32.913616 #20863]  INFO -- : community card 7 of Spades
I, [2014-03-29T16:14:32.913986 #20863]  INFO -- : community card 9 of Diamonds
I, [2014-03-29T16:14:32.914594 #20863]  INFO -- : KonyvtarBot showed 7 of Spades,9 of Diamonds,9 of Clubs,Jack of Diamonds,Jack of Clubs making a two pairs
I, [2014-03-29T16:14:32.915588 #20863]  INFO -- : Korda Gyuri Bacsi showed 7 of Spades,9 of Diamonds,9 of Clubs,Ace of Clubs,Ace of Spades making a two pairs
I, [2014-03-29T16:14:32.916609 #20863]  INFO -- : Korda Gyuri Bacsi won 3860
I, [2014-03-29T16:14:32.917550 #20863]  INFO -- : KonyvtarBot showed 7 of Spades,9 of Diamonds,9 of Clubs,Jack of Diamonds,Jack of Clubs making a two pairs
I, [2014-03-29T16:14:32.918536 #20863]  INFO -- : KonyvtarBot won 60
I, [2014-03-29T16:14:32.922857 #20863]  INFO -- : Player Korda Gyuri Bacsi responded with  (200)
I, [2014-03-29T16:14:32.924707 #20863]  INFO -- : Player Martleuca responded with  (200)
I, [2014-03-29T16:14:32.926558 #20863]  INFO -- : Player KonyvtarBot responded with  (200)
I, [2014-03-29T16:14:32.931311 #20863]  INFO -- : Player Xenu responded with  (200)
I, [2014-03-29T16:14:32.935516 #20863]  INFO -- : Player Harry Haskell responded with  (200)
I, [2014-03-29T16:14:32.936796 #20863]  INFO -- : Martleuca received hole_card King of Diamonds
I, [2014-03-29T16:14:32.937474 #20863]  INFO -- : KonyvtarBot received hole_card 10 of Hearts
I, [2014-03-29T16:14:32.937974 #20863]  INFO -- : Harry Haskell received hole_card King of Clubs
I, [2014-03-29T16:14:32.938323 #20863]  INFO -- : Korda Gyuri Bacsi received hole_card 5 of Diamonds
I, [2014-03-29T16:14:32.938655 #20863]  INFO -- : Martleuca received hole_card 7 of Spades
I, [2014-03-29T16:14:32.939005 #20863]  INFO -- : KonyvtarBot received hole_card King of Hearts
I, [2014-03-29T16:14:32.939380 #20863]  INFO -- : Harry Haskell received hole_card 3 of Hearts
I, [2014-03-29T16:14:32.939719 #20863]  INFO -- : Korda Gyuri Bacsi received hole_card Ace of Diamonds
I, [2014-03-29T16:14:32.940314 #20863]  INFO -- : Martleuca made a bet of 10 (raise) and is left with 80 chips. The pot now contains 10 chips.
I, [2014-03-29T16:14:32.940801 #20863]  INFO -- : KonyvtarBot made a bet of 20 (raise) and is left with 40 chips. The pot now contains 30 chips.
E, [2014-03-29T16:14:33.443740 #20863] ERROR -- : Net::ReadTimeout
E, [2014-03-29T16:14:33.444129 #20863] ERROR -- : Player Harry Haskell is unreachable
I, [2014-03-29T16:14:33.444716 #20863]  INFO -- : Harry Haskell made a bet of 0 (fold) and is left with 990 chips. The pot now contains 30 chips.
I, [2014-03-29T16:14:33.456779 #20863]  INFO -- : Player Korda Gyuri Bacsi responded with 50 (200)
I, [2014-03-29T16:14:33.457544 #20863]  INFO -- : Korda Gyuri Bacsi made a bet of 50 (raise) and is left with 3810 chips. The pot now contains 80 chips.
I, [2014-03-29T16:14:33.463562 #20863]  INFO -- : Player Martleuca responded with 40 (200)
I, [2014-03-29T16:14:33.464325 #20863]  INFO -- : Martleuca made a bet of 40 (call) and is left with 40 chips. The pot now contains 120 chips.
I, [2014-03-29T16:14:33.469563 #20863]  INFO -- : Player KonyvtarBot responded with 30 (200)
I, [2014-03-29T16:14:33.470518 #20863]  INFO -- : KonyvtarBot made a bet of 30 (call) and is left with 10 chips. The pot now contains 150 chips.
I, [2014-03-29T16:14:33.471513 #20863]  INFO -- : community card 5 of Clubs
I, [2014-03-29T16:14:33.472310 #20863]  INFO -- : community card Ace of Clubs
I, [2014-03-29T16:14:33.472998 #20863]  INFO -- : community card 6 of Hearts
I, [2014-03-29T16:14:33.476591 #20863]  INFO -- : Player Martleuca responded with 0 (200)
I, [2014-03-29T16:14:33.476944 #20863]  INFO -- : Martleuca made a bet of 0 (check) and is left with 40 chips. The pot now contains 150 chips.
I, [2014-03-29T16:14:33.479411 #20863]  INFO -- : Player KonyvtarBot responded with 0 (200)
I, [2014-03-29T16:14:33.479813 #20863]  INFO -- : KonyvtarBot made a bet of 0 (check) and is left with 10 chips. The pot now contains 150 chips.
I, [2014-03-29T16:14:33.486668 #20863]  INFO -- : Player Korda Gyuri Bacsi responded with 60 (200)
I, [2014-03-29T16:14:33.486946 #20863]  INFO -- : Korda Gyuri Bacsi made a bet of 60 (raise) and is left with 3750 chips. The pot now contains 210 chips.
I, [2014-03-29T16:14:33.488781 #20863]  INFO -- : Player Martleuca responded with 60 (200)
I, [2014-03-29T16:14:33.488979 #20863]  INFO -- : Martleuca made a bet of 40 (allin) and is left with 0 chips. The pot now contains 250 chips.
I, [2014-03-29T16:14:33.491139 #20863]  INFO -- : Player KonyvtarBot responded with 60 (200)
I, [2014-03-29T16:14:33.491342 #20863]  INFO -- : KonyvtarBot made a bet of 10 (allin) and is left with 0 chips. The pot now contains 260 chips.
I, [2014-03-29T16:14:33.491611 #20863]  INFO -- : community card 8 of Clubs
I, [2014-03-29T16:14:33.491816 #20863]  INFO -- : community card 10 of Clubs
I, [2014-03-29T16:14:33.492320 #20863]  INFO -- : Korda Gyuri Bacsi showed 5 of Clubs,5 of Diamonds,10 of Clubs,Ace of Diamonds,Ace of Clubs making a two pairs
I, [2014-03-29T16:14:33.492851 #20863]  INFO -- : Korda Gyuri Bacsi won 260
I, [2014-03-29T16:14:33.498341 #20863]  INFO -- : Player Korda Gyuri Bacsi responded with  (200)
I, [2014-03-29T16:14:33.501534 #20863]  INFO -- : Player Martleuca responded with  (200)
I, [2014-03-29T16:14:33.503895 #20863]  INFO -- : Player KonyvtarBot responded with  (200)
I, [2014-03-29T16:14:33.509275 #20863]  INFO -- : Player Xenu responded with  (200)
I, [2014-03-29T16:14:33.511618 #20863]  INFO -- : Player Harry Haskell responded with  (200)
I, [2014-03-29T16:14:33.512144 #20863]  INFO -- : Korda Gyuri Bacsi received hole_card Jack of Diamonds
I, [2014-03-29T16:14:33.512600 #20863]  INFO -- : Harry Haskell received hole_card 6 of Spades
I, [2014-03-29T16:14:33.513171 #20863]  INFO -- : Korda Gyuri Bacsi received hole_card 5 of Hearts
I, [2014-03-29T16:14:33.513909 #20863]  INFO -- : Harry Haskell received hole_card 4 of Diamonds
I, [2014-03-29T16:14:33.514907 #20863]  INFO -- : Korda Gyuri Bacsi made a bet of 10 (raise) and is left with 4000 chips. The pot now contains 10 chips.
I, [2014-03-29T16:14:33.515770 #20863]  INFO -- : Harry Haskell made a bet of 20 (raise) and is left with 970 chips. The pot now contains 30 chips.
I, [2014-03-29T16:14:33.523715 #20863]  INFO -- : Player Korda Gyuri Bacsi responded with 0 (200)
I, [2014-03-29T16:14:33.524001 #20863]  INFO -- : Korda Gyuri Bacsi made a bet of 0 (fold) and is left with 4000 chips. The pot now contains 30 chips.
I, [2014-03-29T16:14:33.524426 #20863]  INFO -- : Harry Haskell won 30
I, [2014-03-29T16:14:33.527321 #20863]  INFO -- : Player Korda Gyuri Bacsi responded with  (200)
I, [2014-03-29T16:14:33.528978 #20863]  INFO -- : Player Martleuca responded with  (200)
I, [2014-03-29T16:14:33.530699 #20863]  INFO -- : Player KonyvtarBot responded with  (200)
I, [2014-03-29T16:14:33.533172 #20863]  INFO -- : Player Xenu responded with  (200)
I, [2014-03-29T16:14:33.534749 #20863]  INFO -- : Player Harry Haskell responded with  (200)
I, [2014-03-29T16:14:33.535305 #20863]  INFO -- : Harry Haskell received hole_card 8 of Hearts
I, [2014-03-29T16:14:33.535635 #20863]  INFO -- : Korda Gyuri Bacsi received hole_card 6 of Hearts
I, [2014-03-29T16:14:33.535941 #20863]  INFO -- : Harry Haskell received hole_card 2 of Clubs
I, [2014-03-29T16:14:33.536266 #20863]  INFO -- : Korda Gyuri Bacsi received hole_card 8 of Clubs
I, [2014-03-29T16:14:33.536934 #20863]  INFO -- : Harry Haskell made a bet of 10 (raise) and is left with 990 chips. The pot now contains 10 chips.
I, [2014-03-29T16:14:33.537529 #20863]  INFO -- : Korda Gyuri Bacsi made a bet of 20 (raise) and is left with 3980 chips. The pot now contains 30 chips.
E, [2014-03-29T16:14:34.040319 #20863] ERROR -- : Net::ReadTimeout
E, [2014-03-29T16:14:34.040737 #20863] ERROR -- : Player Harry Haskell is unreachable
I, [2014-03-29T16:14:34.041503 #20863]  INFO -- : Harry Haskell made a bet of 0 (fold) and is left with 990 chips. The pot now contains 30 chips.
I, [2014-03-29T16:14:34.049258 #20863]  INFO -- : Player Korda Gyuri Bacsi responded with 0 (200)
I, [2014-03-29T16:14:34.049542 #20863]  INFO -- : Korda Gyuri Bacsi made a bet of 0 (check) and is left with 3980 chips. The pot now contains 30 chips.
I, [2014-03-29T16:14:34.049964 #20863]  INFO -- : Korda Gyuri Bacsi won 30
I, [2014-03-29T16:14:34.053080 #20863]  INFO -- : Player Korda Gyuri Bacsi responded with  (200)
I, [2014-03-29T16:14:34.061423 #20863]  INFO -- : Player Martleuca responded with  (200)
I, [2014-03-29T16:14:34.065877 #20863]  INFO -- : Player KonyvtarBot responded with  (200)
I, [2014-03-29T16:14:34.071408 #20863]  INFO -- : Player Xenu responded with  (200)
I, [2014-03-29T16:14:34.074959 #20863]  INFO -- : Player Harry Haskell responded with  (200)
I, [2014-03-29T16:14:34.075657 #20863]  INFO -- : Korda Gyuri Bacsi received hole_card 2 of Clubs
I, [2014-03-29T16:14:34.076005 #20863]  INFO -- : Harry Haskell received hole_card Queen of Diamonds
I, [2014-03-29T16:14:34.076387 #20863]  INFO -- : Korda Gyuri Bacsi received hole_card 3 of Clubs
I, [2014-03-29T16:14:34.076763 #20863]  INFO -- : Harry Haskell received hole_card 10 of Clubs
I, [2014-03-29T16:14:34.077390 #20863]  INFO -- : Korda Gyuri Bacsi made a bet of 10 (raise) and is left with 4000 chips. The pot now contains 10 chips.
I, [2014-03-29T16:14:34.078427 #20863]  INFO -- : Harry Haskell made a bet of 20 (raise) and is left with 970 chips. The pot now contains 30 chips.
I, [2014-03-29T16:14:34.089443 #20863]  INFO -- : Player Korda Gyuri Bacsi responded with 20 (200)
I, [2014-03-29T16:14:34.089823 #20863]  INFO -- : Korda Gyuri Bacsi made a bet of 20 (raise) and is left with 3980 chips. The pot now contains 50 chips.
E, [2014-03-29T16:14:34.593618 #20863] ERROR -- : Net::ReadTimeout
E, [2014-03-29T16:14:34.594062 #20863] ERROR -- : Player Harry Haskell is unreachable
I, [2014-03-29T16:14:34.594550 #20863]  INFO -- : Harry Haskell made a bet of 0 (fold) and is left with 970 chips. The pot now contains 50 chips.
I, [2014-03-29T16:14:34.595744 #20863]  INFO -- : Korda Gyuri Bacsi won 50
I, [2014-03-29T16:14:34.600219 #20863]  INFO -- : Player Korda Gyuri Bacsi responded with  (200)
I, [2014-03-29T16:14:34.604758 #20863]  INFO -- : Player Martleuca responded with  (200)
I, [2014-03-29T16:14:34.609413 #20863]  INFO -- : Player KonyvtarBot responded with  (200)
I, [2014-03-29T16:14:34.618977 #20863]  INFO -- : Player Xenu responded with  (200)
I, [2014-03-29T16:14:34.623438 #20863]  INFO -- : Player Harry Haskell responded with  (200)
I, [2014-03-29T16:14:34.624561 #20863]  INFO -- : Harry Haskell received hole_card 10 of Diamonds
I, [2014-03-29T16:14:34.625200 #20863]  INFO -- : Korda Gyuri Bacsi received hole_card 8 of Spades
I, [2014-03-29T16:14:34.626051 #20863]  INFO -- : Harry Haskell received hole_card 7 of Spades
I, [2014-03-29T16:14:34.626719 #20863]  INFO -- : Korda Gyuri Bacsi received hole_card Queen of Diamonds
I, [2014-03-29T16:14:34.627403 #20863]  INFO -- : Harry Haskell made a bet of 10 (raise) and is left with 960 chips. The pot now contains 10 chips.
I, [2014-03-29T16:14:34.627810 #20863]  INFO -- : Korda Gyuri Bacsi made a bet of 20 (raise) and is left with 4010 chips. The pot now contains 30 chips.
E, [2014-03-29T16:14:35.129986 #20863] ERROR -- : Net::ReadTimeout
E, [2014-03-29T16:14:35.130105 #20863] ERROR -- : Player Harry Haskell is unreachable
I, [2014-03-29T16:14:35.130286 #20863]  INFO -- : Harry Haskell made a bet of 0 (fold) and is left with 960 chips. The pot now contains 30 chips.
I, [2014-03-29T16:14:35.138616 #20863]  INFO -- : Player Korda Gyuri Bacsi responded with 10 (200)
I, [2014-03-29T16:14:35.138903 #20863]  INFO -- : Korda Gyuri Bacsi made a bet of 10 (raise) and is left with 4000 chips. The pot now contains 40 chips.
I, [2014-03-29T16:14:35.139320 #20863]  INFO -- : Korda Gyuri Bacsi won 40
I, [2014-03-29T16:14:35.142159 #20863]  INFO -- : Player Korda Gyuri Bacsi responded with  (200)
I, [2014-03-29T16:14:35.145135 #20863]  INFO -- : Player Martleuca responded with  (200)
I, [2014-03-29T16:14:35.148269 #20863]  INFO -- : Player KonyvtarBot responded with  (200)
I, [2014-03-29T16:14:35.150866 #20863]  INFO -- : Player Xenu responded with  (200)
I, [2014-03-29T16:14:35.152606 #20863]  INFO -- : Player Harry Haskell responded with  (200)
I, [2014-03-29T16:14:35.153006 #20863]  INFO -- : Korda Gyuri Bacsi received hole_card King of Hearts
I, [2014-03-29T16:14:35.153201 #20863]  INFO -- : Harry Haskell received hole_card 5 of Clubs
I, [2014-03-29T16:14:35.153399 #20863]  INFO -- : Korda Gyuri Bacsi received hole_card Ace of Spades
I, [2014-03-29T16:14:35.153584 #20863]  INFO -- : Harry Haskell received hole_card 10 of Spades
I, [2014-03-29T16:14:35.153943 #20863]  INFO -- : Korda Gyuri Bacsi made a bet of 10 (raise) and is left with 4030 chips. The pot now contains 10 chips.
I, [2014-03-29T16:14:35.154281 #20863]  INFO -- : Harry Haskell made a bet of 20 (raise) and is left with 940 chips. The pot now contains 30 chips.
I, [2014-03-29T16:14:35.158012 #20863]  INFO -- : Player Korda Gyuri Bacsi responded with 40 (200)
I, [2014-03-29T16:14:35.158333 #20863]  INFO -- : Korda Gyuri Bacsi made a bet of 40 (raise) and is left with 3990 chips. The pot now contains 70 chips.
E, [2014-03-29T16:14:35.662895 #20863] ERROR -- : Net::ReadTimeout
E, [2014-03-29T16:14:35.663277 #20863] ERROR -- : Player Harry Haskell is unreachable
I, [2014-03-29T16:14:35.663923 #20863]  INFO -- : Harry Haskell made a bet of 0 (fold) and is left with 940 chips. The pot now contains 70 chips.
I, [2014-03-29T16:14:35.665112 #20863]  INFO -- : Korda Gyuri Bacsi won 70
I, [2014-03-29T16:14:35.672683 #20863]  INFO -- : Player Korda Gyuri Bacsi responded with  (200)
I, [2014-03-29T16:14:35.678400 #20863]  INFO -- : Player Martleuca responded with  (200)
I, [2014-03-29T16:14:35.685078 #20863]  INFO -- : Player KonyvtarBot responded with  (200)
I, [2014-03-29T16:14:35.692326 #20863]  INFO -- : Player Xenu responded with  (200)
I, [2014-03-29T16:14:35.694528 #20863]  INFO -- : Player Harry Haskell responded with  (200)
I, [2014-03-29T16:14:35.694997 #20863]  INFO -- : Harry Haskell received hole_card Ace of Clubs
I, [2014-03-29T16:14:35.695242 #20863]  INFO -- : Korda Gyuri Bacsi received hole_card Ace of Diamonds
I, [2014-03-29T16:14:35.695454 #20863]  INFO -- : Harry Haskell received hole_card King of Spades
I, [2014-03-29T16:14:35.695652 #20863]  INFO -- : Korda Gyuri Bacsi received hole_card 5 of Clubs
I, [2014-03-29T16:14:35.696026 #20863]  INFO -- : Harry Haskell made a bet of 10 (raise) and is left with 930 chips. The pot now contains 10 chips.
I, [2014-03-29T16:14:35.696352 #20863]  INFO -- : Korda Gyuri Bacsi made a bet of 20 (raise) and is left with 4040 chips. The pot now contains 30 chips.
E, [2014-03-29T16:14:36.198742 #20863] ERROR -- : Net::ReadTimeout
E, [2014-03-29T16:14:36.199073 #20863] ERROR -- : Player Harry Haskell is unreachable
I, [2014-03-29T16:14:36.199749 #20863]  INFO -- : Harry Haskell made a bet of 0 (fold) and is left with 930 chips. The pot now contains 30 chips.
I, [2014-03-29T16:14:36.210853 #20863]  INFO -- : Player Korda Gyuri Bacsi responded with 0 (200)
I, [2014-03-29T16:14:36.211583 #20863]  INFO -- : Korda Gyuri Bacsi made a bet of 0 (check) and is left with 4040 chips. The pot now contains 30 chips.
I, [2014-03-29T16:14:36.212842 #20863]  INFO -- : Korda Gyuri Bacsi won 30
I, [2014-03-29T16:14:36.219140 #20863]  INFO -- : Player Korda Gyuri Bacsi responded with  (200)
I, [2014-03-29T16:14:36.224157 #20863]  INFO -- : Player Martleuca responded with  (200)
I, [2014-03-29T16:14:36.227279 #20863]  INFO -- : Player KonyvtarBot responded with  (200)
I, [2014-03-29T16:14:36.233934 #20863]  INFO -- : Player Xenu responded with  (200)
I, [2014-03-29T16:14:36.237218 #20863]  INFO -- : Player Harry Haskell responded with  (200)
I, [2014-03-29T16:14:36.239366 #20863]  INFO -- : Korda Gyuri Bacsi received hole_card 8 of Hearts
I, [2014-03-29T16:14:36.240342 #20863]  INFO -- : Harry Haskell received hole_card King of Hearts
I, [2014-03-29T16:14:36.241129 #20863]  INFO -- : Korda Gyuri Bacsi received hole_card Jack of Clubs
I, [2014-03-29T16:14:36.241501 #20863]  INFO -- : Harry Haskell received hole_card King of Clubs
I, [2014-03-29T16:14:36.242085 #20863]  INFO -- : Korda Gyuri Bacsi made a bet of 10 (raise) and is left with 4060 chips. The pot now contains 10 chips.
I, [2014-03-29T16:14:36.242649 #20863]  INFO -- : Harry Haskell made a bet of 20 (raise) and is left with 910 chips. The pot now contains 30 chips.
I, [2014-03-29T16:14:36.247554 #20863]  INFO -- : Player Korda Gyuri Bacsi responded with 40 (200)
I, [2014-03-29T16:14:36.247940 #20863]  INFO -- : Korda Gyuri Bacsi made a bet of 40 (raise) and is left with 4020 chips. The pot now contains 70 chips.
E, [2014-03-29T16:14:36.752368 #20863] ERROR -- : Net::ReadTimeout
E, [2014-03-29T16:14:36.752686 #20863] ERROR -- : Player Harry Haskell is unreachable
I, [2014-03-29T16:14:36.753263 #20863]  INFO -- : Harry Haskell made a bet of 0 (fold) and is left with 910 chips. The pot now contains 70 chips.
I, [2014-03-29T16:14:36.754451 #20863]  INFO -- : Korda Gyuri Bacsi won 70
I, [2014-03-29T16:14:36.761281 #20863]  INFO -- : Player Korda Gyuri Bacsi responded with  (200)
I, [2014-03-29T16:14:36.765811 #20863]  INFO -- : Player Martleuca responded with  (200)
I, [2014-03-29T16:14:36.771538 #20863]  INFO -- : Player KonyvtarBot responded with  (200)
I, [2014-03-29T16:14:36.782271 #20863]  INFO -- : Player Xenu responded with  (200)
I, [2014-03-29T16:14:36.787135 #20863]  INFO -- : Player Harry Haskell responded with  (200)
I, [2014-03-29T16:14:36.788028 #20863]  INFO -- : Harry Haskell received hole_card 7 of Spades
I, [2014-03-29T16:14:36.788489 #20863]  INFO -- : Korda Gyuri Bacsi received hole_card King of Diamonds
I, [2014-03-29T16:14:36.788957 #20863]  INFO -- : Harry Haskell received hole_card Ace of Spades
I, [2014-03-29T16:14:36.789376 #20863]  INFO -- : Korda Gyuri Bacsi received hole_card 5 of Clubs
I, [2014-03-29T16:14:36.790146 #20863]  INFO -- : Harry Haskell made a bet of 10 (raise) and is left with 900 chips. The pot now contains 10 chips.
I, [2014-03-29T16:14:36.790570 #20863]  INFO -- : Korda Gyuri Bacsi made a bet of 20 (raise) and is left with 4070 chips. The pot now contains 30 chips.
E, [2014-03-29T16:14:37.293387 #20863] ERROR -- : Net::ReadTimeout
E, [2014-03-29T16:14:37.293685 #20863] ERROR -- : Player Harry Haskell is unreachable
I, [2014-03-29T16:14:37.294237 #20863]  INFO -- : Harry Haskell made a bet of 0 (fold) and is left with 900 chips. The pot now contains 30 chips.
I, [2014-03-29T16:14:37.303302 #20863]  INFO -- : Player Korda Gyuri Bacsi responded with 30 (200)
I, [2014-03-29T16:14:37.304229 #20863]  INFO -- : Korda Gyuri Bacsi made a bet of 30 (raise) and is left with 4040 chips. The pot now contains 60 chips.
I, [2014-03-29T16:14:37.306319 #20863]  INFO -- : Korda Gyuri Bacsi won 60
I, [2014-03-29T16:14:37.313255 #20863]  INFO -- : Player Korda Gyuri Bacsi responded with  (200)
I, [2014-03-29T16:14:37.315690 #20863]  INFO -- : Player Martleuca responded with  (200)
I, [2014-03-29T16:14:37.318677 #20863]  INFO -- : Player KonyvtarBot responded with  (200)
I, [2014-03-29T16:14:37.323968 #20863]  INFO -- : Player Xenu responded with  (200)
I, [2014-03-29T16:14:37.326004 #20863]  INFO -- : Player Harry Haskell responded with  (200)
I, [2014-03-29T16:14:37.326385 #20863]  INFO -- : Korda Gyuri Bacsi received hole_card 8 of Clubs
I, [2014-03-29T16:14:37.326703 #20863]  INFO -- : Harry Haskell received hole_card 8 of Hearts
I, [2014-03-29T16:14:37.326953 #20863]  INFO -- : Korda Gyuri Bacsi received hole_card 8 of Diamonds
I, [2014-03-29T16:14:37.327184 #20863]  INFO -- : Harry Haskell received hole_card 3 of Hearts
I, [2014-03-29T16:14:37.327549 #20863]  INFO -- : Korda Gyuri Bacsi made a bet of 10 (raise) and is left with 4090 chips. The pot now contains 10 chips.
I, [2014-03-29T16:14:37.327870 #20863]  INFO -- : Harry Haskell made a bet of 20 (raise) and is left with 880 chips. The pot now contains 30 chips.
I, [2014-03-29T16:14:37.334259 #20863]  INFO -- : Player Korda Gyuri Bacsi responded with 40 (200)
I, [2014-03-29T16:14:37.334605 #20863]  INFO -- : Korda Gyuri Bacsi made a bet of 40 (raise) and is left with 4050 chips. The pot now contains 70 chips.
E, [2014-03-29T16:14:37.837273 #20863] ERROR -- : Net::ReadTimeout
E, [2014-03-29T16:14:37.837641 #20863] ERROR -- : Player Harry Haskell is unreachable
I, [2014-03-29T16:14:37.838454 #20863]  INFO -- : Harry Haskell made a bet of 0 (fold) and is left with 880 chips. The pot now contains 70 chips.
I, [2014-03-29T16:14:37.839740 #20863]  INFO -- : Korda Gyuri Bacsi won 70
I, [2014-03-29T16:14:37.846955 #20863]  INFO -- : Player Korda Gyuri Bacsi responded with  (200)
I, [2014-03-29T16:14:37.857189 #20863]  INFO -- : Player Martleuca responded with  (200)
I, [2014-03-29T16:14:37.863327 #20863]  INFO -- : Player KonyvtarBot responded with  (200)
I, [2014-03-29T16:14:37.869371 #20863]  INFO -- : Player Xenu responded with  (200)
I, [2014-03-29T16:14:37.871801 #20863]  INFO -- : Player Harry Haskell responded with  (200)
I, [2014-03-29T16:14:37.872279 #20863]  INFO -- : Harry Haskell received hole_card Jack of Clubs
I, [2014-03-29T16:14:37.872552 #20863]  INFO -- : Korda Gyuri Bacsi received hole_card 3 of Diamonds
I, [2014-03-29T16:14:37.872801 #20863]  INFO -- : Harry Haskell received hole_card Queen of Clubs
I, [2014-03-29T16:14:37.873014 #20863]  INFO -- : Korda Gyuri Bacsi received hole_card Queen of Diamonds
I, [2014-03-29T16:14:37.873924 #20863]  INFO -- : Harry Haskell made a bet of 10 (raise) and is left with 870 chips. The pot now contains 10 chips.
I, [2014-03-29T16:14:37.874195 #20863]  INFO -- : Korda Gyuri Bacsi made a bet of 20 (raise) and is left with 4100 chips. The pot now contains 30 chips.
E, [2014-03-29T16:14:38.376279 #20863] ERROR -- : Net::ReadTimeout
E, [2014-03-29T16:14:38.376591 #20863] ERROR -- : Player Harry Haskell is unreachable
I, [2014-03-29T16:14:38.377131 #20863]  INFO -- : Harry Haskell made a bet of 0 (fold) and is left with 870 chips. The pot now contains 30 chips.
I, [2014-03-29T16:14:38.386245 #20863]  INFO -- : Player Korda Gyuri Bacsi responded with 10 (200)
I, [2014-03-29T16:14:38.386885 #20863]  INFO -- : Korda Gyuri Bacsi made a bet of 10 (raise) and is left with 4090 chips. The pot now contains 40 chips.
I, [2014-03-29T16:14:38.388098 #20863]  INFO -- : Korda Gyuri Bacsi won 40
I, [2014-03-29T16:14:38.396139 #20863]  INFO -- : Player Korda Gyuri Bacsi responded with  (200)
I, [2014-03-29T16:14:38.407266 #20863]  INFO -- : Player Martleuca responded with  (200)
I, [2014-03-29T16:14:38.410640 #20863]  INFO -- : Player KonyvtarBot responded with  (200)
I, [2014-03-29T16:14:38.420060 #20863]  INFO -- : Player Xenu responded with  (200)
I, [2014-03-29T16:14:38.422790 #20863]  INFO -- : Player Harry Haskell responded with  (200)
I, [2014-03-29T16:14:38.423347 #20863]  INFO -- : Korda Gyuri Bacsi received hole_card Jack of Diamonds
I, [2014-03-29T16:14:38.423658 #20863]  INFO -- : Harry Haskell received hole_card Queen of Clubs
I, [2014-03-29T16:14:38.423972 #20863]  INFO -- : Korda Gyuri Bacsi received hole_card Queen of Diamonds
I, [2014-03-29T16:14:38.424271 #20863]  INFO -- : Harry Haskell received hole_card King of Spades
I, [2014-03-29T16:14:38.424810 #20863]  INFO -- : Korda Gyuri Bacsi made a bet of 10 (raise) and is left with 4120 chips. The pot now contains 10 chips.
I, [2014-03-29T16:14:38.425322 #20863]  INFO -- : Harry Haskell made a bet of 20 (raise) and is left with 850 chips. The pot now contains 30 chips.
I, [2014-03-29T16:14:38.431481 #20863]  INFO -- : Player Korda Gyuri Bacsi responded with 10 (200)
I, [2014-03-29T16:14:38.431780 #20863]  INFO -- : Korda Gyuri Bacsi made a bet of 10 (call) and is left with 4110 chips. The pot now contains 40 chips.
I, [2014-03-29T16:14:38.432046 #20863]  INFO -- : community card 7 of Clubs
I, [2014-03-29T16:14:38.432254 #20863]  INFO -- : community card Jack of Spades
I, [2014-03-29T16:14:38.432470 #20863]  INFO -- : community card 8 of Hearts
I, [2014-03-29T16:14:38.435999 #20863]  INFO -- : Player Korda Gyuri Bacsi responded with 0 (200)
I, [2014-03-29T16:14:38.436276 #20863]  INFO -- : Korda Gyuri Bacsi made a bet of 0 (check) and is left with 4110 chips. The pot now contains 40 chips.
E, [2014-03-29T16:14:38.939908 #20863] ERROR -- : Net::ReadTimeout
E, [2014-03-29T16:14:38.940258 #20863] ERROR -- : Player Harry Haskell is unreachable
I, [2014-03-29T16:14:38.940827 #20863]  INFO -- : Harry Haskell made a bet of 0 (check) and is left with 850 chips. The pot now contains 40 chips.
I, [2014-03-29T16:14:38.941602 #20863]  INFO -- : community card Queen of Spades
I, [2014-03-29T16:14:38.950859 #20863]  INFO -- : Player Korda Gyuri Bacsi responded with 60 (200)
I, [2014-03-29T16:14:38.951563 #20863]  INFO -- : Korda Gyuri Bacsi made a bet of 60 (raise) and is left with 4050 chips. The pot now contains 100 chips.
E, [2014-03-29T16:14:39.455931 #20863] ERROR -- : Net::ReadTimeout
E, [2014-03-29T16:14:39.456318 #20863] ERROR -- : Player Harry Haskell is unreachable
I, [2014-03-29T16:14:39.456836 #20863]  INFO -- : Harry Haskell made a bet of 0 (fold) and is left with 850 chips. The pot now contains 100 chips.
I, [2014-03-29T16:14:39.458291 #20863]  INFO -- : Korda Gyuri Bacsi won 100
I, [2014-03-29T16:14:39.465455 #20863]  INFO -- : Player Korda Gyuri Bacsi responded with  (200)
I, [2014-03-29T16:14:39.470110 #20863]  INFO -- : Player Martleuca responded with  (200)
I, [2014-03-29T16:14:39.475026 #20863]  INFO -- : Player KonyvtarBot responded with  (200)
I, [2014-03-29T16:14:39.480856 #20863]  INFO -- : Player Xenu responded with  (200)
I, [2014-03-29T16:14:39.483221 #20863]  INFO -- : Player Harry Haskell responded with  (200)
I, [2014-03-29T16:14:39.483735 #20863]  INFO -- : Harry Haskell received hole_card 8 of Hearts
I, [2014-03-29T16:14:39.484006 #20863]  INFO -- : Korda Gyuri Bacsi received hole_card King of Spades
I, [2014-03-29T16:14:39.484241 #20863]  INFO -- : Harry Haskell received hole_card 2 of Spades
I, [2014-03-29T16:14:39.484499 #20863]  INFO -- : Korda Gyuri Bacsi received hole_card 9 of Hearts
I, [2014-03-29T16:14:39.484964 #20863]  INFO -- : Harry Haskell made a bet of 10 (raise) and is left with 840 chips. The pot now contains 10 chips.
I, [2014-03-29T16:14:39.485423 #20863]  INFO -- : Korda Gyuri Bacsi made a bet of 20 (raise) and is left with 4130 chips. The pot now contains 30 chips.
E, [2014-03-29T16:14:39.989983 #20863] ERROR -- : Net::ReadTimeout
E, [2014-03-29T16:14:39.990339 #20863] ERROR -- : Player Harry Haskell is unreachable
I, [2014-03-29T16:14:39.991042 #20863]  INFO -- : Harry Haskell made a bet of 0 (fold) and is left with 840 chips. The pot now contains 30 chips.
I, [2014-03-29T16:14:39.999792 #20863]  INFO -- : Player Korda Gyuri Bacsi responded with 30 (200)
I, [2014-03-29T16:14:40.000544 #20863]  INFO -- : Korda Gyuri Bacsi made a bet of 30 (raise) and is left with 4100 chips. The pot now contains 60 chips.
I, [2014-03-29T16:14:40.001807 #20863]  INFO -- : Korda Gyuri Bacsi won 60
I, [2014-03-29T16:14:40.013055 #20863]  INFO -- : Player Korda Gyuri Bacsi responded with  (200)
I, [2014-03-29T16:14:40.016572 #20863]  INFO -- : Player Martleuca responded with  (200)
I, [2014-03-29T16:14:40.018582 #20863]  INFO -- : Player KonyvtarBot responded with  (200)
I, [2014-03-29T16:14:40.021777 #20863]  INFO -- : Player Xenu responded with  (200)
I, [2014-03-29T16:14:40.025010 #20863]  INFO -- : Player Harry Haskell responded with  (200)
I, [2014-03-29T16:14:40.026266 #20863]  INFO -- : Korda Gyuri Bacsi received hole_card 8 of Hearts
I, [2014-03-29T16:14:40.027021 #20863]  INFO -- : Harry Haskell received hole_card Ace of Diamonds
I, [2014-03-29T16:14:40.027775 #20863]  INFO -- : Korda Gyuri Bacsi received hole_card Queen of Hearts
I, [2014-03-29T16:14:40.028506 #20863]  INFO -- : Harry Haskell received hole_card 3 of Spades
I, [2014-03-29T16:14:40.029633 #20863]  INFO -- : Korda Gyuri Bacsi made a bet of 20 (raise) and is left with 4140 chips. The pot now contains 20 chips.
I, [2014-03-29T16:14:40.029982 #20863]  INFO -- : Harry Haskell made a bet of 40 (raise) and is left with 800 chips. The pot now contains 60 chips.
I, [2014-03-29T16:14:40.038280 #20863]  INFO -- : Player Korda Gyuri Bacsi responded with 40 (200)
I, [2014-03-29T16:14:40.039039 #20863]  INFO -- : Korda Gyuri Bacsi made a bet of 40 (raise) and is left with 4100 chips. The pot now contains 100 chips.
E, [2014-03-29T16:14:40.543594 #20863] ERROR -- : Net::ReadTimeout
E, [2014-03-29T16:14:40.543948 #20863] ERROR -- : Player Harry Haskell is unreachable
I, [2014-03-29T16:14:40.544546 #20863]  INFO -- : Harry Haskell made a bet of 0 (fold) and is left with 800 chips. The pot now contains 100 chips.
I, [2014-03-29T16:14:40.545769 #20863]  INFO -- : Korda Gyuri Bacsi won 100
I, [2014-03-29T16:14:40.552825 #20863]  INFO -- : Player Korda Gyuri Bacsi responded with  (200)
I, [2014-03-29T16:14:40.557770 #20863]  INFO -- : Player Martleuca responded with  (200)
I, [2014-03-29T16:14:40.562173 #20863]  INFO -- : Player KonyvtarBot responded with  (200)
I, [2014-03-29T16:14:40.566622 #20863]  INFO -- : Player Xenu responded with  (200)
I, [2014-03-29T16:14:40.568079 #20863]  INFO -- : Player Harry Haskell responded with  (200)
I, [2014-03-29T16:14:40.568511 #20863]  INFO -- : Harry Haskell received hole_card Jack of Clubs
I, [2014-03-29T16:14:40.568728 #20863]  INFO -- : Korda Gyuri Bacsi received hole_card 2 of Hearts
I, [2014-03-29T16:14:40.568962 #20863]  INFO -- : Harry Haskell received hole_card Ace of Diamonds
I, [2014-03-29T16:14:40.569166 #20863]  INFO -- : Korda Gyuri Bacsi received hole_card 3 of Hearts
I, [2014-03-29T16:14:40.569510 #20863]  INFO -- : Harry Haskell made a bet of 20 (raise) and is left with 780 chips. The pot now contains 20 chips.
I, [2014-03-29T16:14:40.569933 #20863]  INFO -- : Korda Gyuri Bacsi made a bet of 40 (raise) and is left with 4160 chips. The pot now contains 60 chips.
E, [2014-03-29T16:14:41.072722 #20863] ERROR -- : Net::ReadTimeout
E, [2014-03-29T16:14:41.073043 #20863] ERROR -- : Player Harry Haskell is unreachable
I, [2014-03-29T16:14:41.073581 #20863]  INFO -- : Harry Haskell made a bet of 0 (fold) and is left with 780 chips. The pot now contains 60 chips.
I, [2014-03-29T16:14:41.082329 #20863]  INFO -- : Player Korda Gyuri Bacsi responded with 0 (200)
I, [2014-03-29T16:14:41.083019 #20863]  INFO -- : Korda Gyuri Bacsi made a bet of 0 (check) and is left with 4160 chips. The pot now contains 60 chips.
I, [2014-03-29T16:14:41.084192 #20863]  INFO -- : Korda Gyuri Bacsi won 60
I, [2014-03-29T16:14:41.092467 #20863]  INFO -- : Player Korda Gyuri Bacsi responded with  (200)
I, [2014-03-29T16:14:41.097370 #20863]  INFO -- : Player Martleuca responded with  (200)
I, [2014-03-29T16:14:41.102371 #20863]  INFO -- : Player KonyvtarBot responded with  (200)
I, [2014-03-29T16:14:41.107350 #20863]  INFO -- : Player Xenu responded with  (200)
I, [2014-03-29T16:14:41.109358 #20863]  INFO -- : Player Harry Haskell responded with  (200)
I, [2014-03-29T16:14:41.110018 #20863]  INFO -- : Korda Gyuri Bacsi received hole_card 4 of Diamonds
I, [2014-03-29T16:14:41.110349 #20863]  INFO -- : Harry Haskell received hole_card Queen of Clubs
I, [2014-03-29T16:14:41.110953 #20863]  INFO -- : Korda Gyuri Bacsi received hole_card 10 of Diamonds
I, [2014-03-29T16:14:41.111466 #20863]  INFO -- : Harry Haskell received hole_card Queen of Spades
I, [2014-03-29T16:14:41.112272 #20863]  INFO -- : Korda Gyuri Bacsi made a bet of 20 (raise) and is left with 4200 chips. The pot now contains 20 chips.
I, [2014-03-29T16:14:41.112834 #20863]  INFO -- : Harry Haskell made a bet of 40 (raise) and is left with 740 chips. The pot now contains 60 chips.
I, [2014-03-29T16:14:41.119058 #20863]  INFO -- : Player Korda Gyuri Bacsi responded with 0 (200)
I, [2014-03-29T16:14:41.119700 #20863]  INFO -- : Korda Gyuri Bacsi made a bet of 0 (fold) and is left with 4200 chips. The pot now contains 60 chips.
I, [2014-03-29T16:14:41.120980 #20863]  INFO -- : Harry Haskell won 60
I, [2014-03-29T16:14:41.125546 #20863]  INFO -- : Player Korda Gyuri Bacsi responded with  (200)
I, [2014-03-29T16:14:41.127476 #20863]  INFO -- : Player Martleuca responded with  (200)
I, [2014-03-29T16:14:41.129226 #20863]  INFO -- : Player KonyvtarBot responded with  (200)
I, [2014-03-29T16:14:41.131778 #20863]  INFO -- : Player Xenu responded with  (200)
I, [2014-03-29T16:14:41.133123 #20863]  INFO -- : Player Harry Haskell responded with  (200)
I, [2014-03-29T16:14:41.133499 #20863]  INFO -- : Harry Haskell received hole_card 7 of Spades
I, [2014-03-29T16:14:41.133758 #20863]  INFO -- : Korda Gyuri Bacsi received hole_card 5 of Spades
I, [2014-03-29T16:14:41.133960 #20863]  INFO -- : Harry Haskell received hole_card 10 of Spades
I, [2014-03-29T16:14:41.134176 #20863]  INFO -- : Korda Gyuri Bacsi received hole_card King of Spades
I, [2014-03-29T16:14:41.134545 #20863]  INFO -- : Harry Haskell made a bet of 20 (raise) and is left with 780 chips. The pot now contains 20 chips.
I, [2014-03-29T16:14:41.134831 #20863]  INFO -- : Korda Gyuri Bacsi made a bet of 40 (raise) and is left with 4160 chips. The pot now contains 60 chips.
E, [2014-03-29T16:14:41.637321 #20863] ERROR -- : Net::ReadTimeout
E, [2014-03-29T16:14:41.637739 #20863] ERROR -- : Player Harry Haskell is unreachable
I, [2014-03-29T16:14:41.639478 #20863]  INFO -- : Harry Haskell made a bet of 0 (fold) and is left with 780 chips. The pot now contains 60 chips.
I, [2014-03-29T16:14:41.647799 #20863]  INFO -- : Player Korda Gyuri Bacsi responded with 0 (200)
I, [2014-03-29T16:14:41.648469 #20863]  INFO -- : Korda Gyuri Bacsi made a bet of 0 (check) and is left with 4160 chips. The pot now contains 60 chips.
I, [2014-03-29T16:14:41.649620 #20863]  INFO -- : Korda Gyuri Bacsi won 60
I, [2014-03-29T16:14:41.656340 #20863]  INFO -- : Player Korda Gyuri Bacsi responded with  (200)
I, [2014-03-29T16:14:41.661519 #20863]  INFO -- : Player Martleuca responded with  (200)
I, [2014-03-29T16:14:41.666398 #20863]  INFO -- : Player KonyvtarBot responded with  (200)
I, [2014-03-29T16:14:41.671919 #20863]  INFO -- : Player Xenu responded with  (200)
I, [2014-03-29T16:14:41.673847 #20863]  INFO -- : Player Harry Haskell responded with  (200)
I, [2014-03-29T16:14:41.674571 #20863]  INFO -- : Korda Gyuri Bacsi received hole_card Queen of Clubs
I, [2014-03-29T16:14:41.675056 #20863]  INFO -- : Harry Haskell received hole_card 8 of Hearts
I, [2014-03-29T16:14:41.675972 #20863]  INFO -- : Korda Gyuri Bacsi received hole_card 5 of Spades
I, [2014-03-29T16:14:41.676590 #20863]  INFO -- : Harry Haskell received hole_card 7 of Spades
I, [2014-03-29T16:14:41.677354 #20863]  INFO -- : Korda Gyuri Bacsi made a bet of 20 (raise) and is left with 4200 chips. The pot now contains 20 chips.
I, [2014-03-29T16:14:41.678068 #20863]  INFO -- : Harry Haskell made a bet of 40 (raise) and is left with 740 chips. The pot now contains 60 chips.
I, [2014-03-29T16:14:41.682759 #20863]  INFO -- : Player Korda Gyuri Bacsi responded with 20 (200)
I, [2014-03-29T16:14:41.683040 #20863]  INFO -- : Korda Gyuri Bacsi made a bet of 20 (call) and is left with 4180 chips. The pot now contains 80 chips.
I, [2014-03-29T16:14:41.683298 #20863]  INFO -- : community card Ace of Clubs
I, [2014-03-29T16:14:41.683500 #20863]  INFO -- : community card 10 of Clubs
I, [2014-03-29T16:14:41.683712 #20863]  INFO -- : community card 9 of Hearts
I, [2014-03-29T16:14:41.689722 #20863]  INFO -- : Player Korda Gyuri Bacsi responded with 120 (200)
I, [2014-03-29T16:14:41.690459 #20863]  INFO -- : Korda Gyuri Bacsi made a bet of 120 (raise) and is left with 4060 chips. The pot now contains 200 chips.
E, [2014-03-29T16:14:42.194689 #20863] ERROR -- : Net::ReadTimeout
E, [2014-03-29T16:14:42.195078 #20863] ERROR -- : Player Harry Haskell is unreachable
I, [2014-03-29T16:14:42.195807 #20863]  INFO -- : Harry Haskell made a bet of 0 (fold) and is left with 740 chips. The pot now contains 200 chips.
I, [2014-03-29T16:14:42.197135 #20863]  INFO -- : Korda Gyuri Bacsi won 200
I, [2014-03-29T16:14:42.204591 #20863]  INFO -- : Player Korda Gyuri Bacsi responded with  (200)
I, [2014-03-29T16:14:42.210344 #20863]  INFO -- : Player Martleuca responded with  (200)
I, [2014-03-29T16:14:42.216004 #20863]  INFO -- : Player KonyvtarBot responded with  (200)
I, [2014-03-29T16:14:42.223591 #20863]  INFO -- : Player Xenu responded with  (200)
I, [2014-03-29T16:14:42.226795 #20863]  INFO -- : Player Harry Haskell responded with  (200)
I, [2014-03-29T16:14:42.227344 #20863]  INFO -- : Harry Haskell received hole_card Jack of Diamonds
I, [2014-03-29T16:14:42.227619 #20863]  INFO -- : Korda Gyuri Bacsi received hole_card 10 of Clubs
I, [2014-03-29T16:14:42.227938 #20863]  INFO -- : Harry Haskell received hole_card 5 of Clubs
I, [2014-03-29T16:14:42.228199 #20863]  INFO -- : Korda Gyuri Bacsi received hole_card 4 of Diamonds
I, [2014-03-29T16:14:42.228622 #20863]  INFO -- : Harry Haskell made a bet of 20 (raise) and is left with 720 chips. The pot now contains 20 chips.
I, [2014-03-29T16:14:42.228986 #20863]  INFO -- : Korda Gyuri Bacsi made a bet of 40 (raise) and is left with 4220 chips. The pot now contains 60 chips.
E, [2014-03-29T16:14:42.731267 #20863] ERROR -- : Net::ReadTimeout
E, [2014-03-29T16:14:42.731599 #20863] ERROR -- : Player Harry Haskell is unreachable
I, [2014-03-29T16:14:42.732276 #20863]  INFO -- : Harry Haskell made a bet of 0 (fold) and is left with 720 chips. The pot now contains 60 chips.
I, [2014-03-29T16:14:42.741177 #20863]  INFO -- : Player Korda Gyuri Bacsi responded with 20 (200)
I, [2014-03-29T16:14:42.741888 #20863]  INFO -- : Korda Gyuri Bacsi made a bet of 20 (raise) and is left with 4200 chips. The pot now contains 80 chips.
I, [2014-03-29T16:14:42.743149 #20863]  INFO -- : Korda Gyuri Bacsi won 80
I, [2014-03-29T16:14:42.749076 #20863]  INFO -- : Player Korda Gyuri Bacsi responded with  (200)
I, [2014-03-29T16:14:42.751195 #20863]  INFO -- : Player Martleuca responded with  (200)
I, [2014-03-29T16:14:42.754755 #20863]  INFO -- : Player KonyvtarBot responded with  (200)
I, [2014-03-29T16:14:42.759619 #20863]  INFO -- : Player Xenu responded with  (200)
I, [2014-03-29T16:14:42.763793 #20863]  INFO -- : Player Harry Haskell responded with  (200)
I, [2014-03-29T16:14:42.764742 #20863]  INFO -- : Korda Gyuri Bacsi received hole_card 6 of Diamonds
I, [2014-03-29T16:14:42.765344 #20863]  INFO -- : Harry Haskell received hole_card Jack of Hearts
I, [2014-03-29T16:14:42.766574 #20863]  INFO -- : Korda Gyuri Bacsi received hole_card 2 of Clubs
I, [2014-03-29T16:14:42.767218 #20863]  INFO -- : Harry Haskell received hole_card 5 of Spades
I, [2014-03-29T16:14:42.767816 #20863]  INFO -- : Korda Gyuri Bacsi made a bet of 20 (raise) and is left with 4260 chips. The pot now contains 20 chips.
I, [2014-03-29T16:14:42.769478 #20863]  INFO -- : Harry Haskell made a bet of 40 (raise) and is left with 680 chips. The pot now contains 60 chips.
I, [2014-03-29T16:14:42.774619 #20863]  INFO -- : Player Korda Gyuri Bacsi responded with 20 (200)
I, [2014-03-29T16:14:42.775873 #20863]  INFO -- : Korda Gyuri Bacsi made a bet of 20 (call) and is left with 4240 chips. The pot now contains 80 chips.
I, [2014-03-29T16:14:42.776760 #20863]  INFO -- : community card Queen of Diamonds
I, [2014-03-29T16:14:42.777335 #20863]  INFO -- : community card 7 of Diamonds
I, [2014-03-29T16:14:42.777894 #20863]  INFO -- : community card Jack of Spades
I, [2014-03-29T16:14:42.780957 #20863]  INFO -- : Player Korda Gyuri Bacsi responded with 40 (200)
I, [2014-03-29T16:14:42.781241 #20863]  INFO -- : Korda Gyuri Bacsi made a bet of 40 (raise) and is left with 4200 chips. The pot now contains 120 chips.
E, [2014-03-29T16:14:43.284211 #20863] ERROR -- : Net::ReadTimeout
E, [2014-03-29T16:14:43.284543 #20863] ERROR -- : Player Harry Haskell is unreachable
I, [2014-03-29T16:14:43.284895 #20863]  INFO -- : Harry Haskell made a bet of 0 (fold) and is left with 680 chips. The pot now contains 120 chips.
I, [2014-03-29T16:14:43.285295 #20863]  INFO -- : Korda Gyuri Bacsi won 120
I, [2014-03-29T16:14:43.291552 #20863]  INFO -- : Player Korda Gyuri Bacsi responded with  (200)
I, [2014-03-29T16:14:43.295968 #20863]  INFO -- : Player Martleuca responded with  (200)
I, [2014-03-29T16:14:43.300467 #20863]  INFO -- : Player KonyvtarBot responded with  (200)
I, [2014-03-29T16:14:43.306938 #20863]  INFO -- : Player Xenu responded with  (200)
I, [2014-03-29T16:14:43.310991 #20863]  INFO -- : Player Harry Haskell responded with  (200)
I, [2014-03-29T16:14:43.311324 #20863]  INFO -- : Harry Haskell received hole_card 4 of Clubs
I, [2014-03-29T16:14:43.311509 #20863]  INFO -- : Korda Gyuri Bacsi received hole_card 6 of Spades
I, [2014-03-29T16:14:43.311702 #20863]  INFO -- : Harry Haskell received hole_card 9 of Spades
I, [2014-03-29T16:14:43.311901 #20863]  INFO -- : Korda Gyuri Bacsi received hole_card 7 of Spades
I, [2014-03-29T16:14:43.312231 #20863]  INFO -- : Harry Haskell made a bet of 20 (raise) and is left with 660 chips. The pot now contains 20 chips.
I, [2014-03-29T16:14:43.312505 #20863]  INFO -- : Korda Gyuri Bacsi made a bet of 40 (raise) and is left with 4280 chips. The pot now contains 60 chips.
E, [2014-03-29T16:14:43.815476 #20863] ERROR -- : Net::ReadTimeout
E, [2014-03-29T16:14:43.815927 #20863] ERROR -- : Player Harry Haskell is unreachable
I, [2014-03-29T16:14:43.816372 #20863]  INFO -- : Harry Haskell made a bet of 0 (fold) and is left with 660 chips. The pot now contains 60 chips.
I, [2014-03-29T16:14:43.824463 #20863]  INFO -- : Player Korda Gyuri Bacsi responded with 60 (200)
I, [2014-03-29T16:14:43.825305 #20863]  INFO -- : Korda Gyuri Bacsi made a bet of 60 (raise) and is left with 4220 chips. The pot now contains 120 chips.
I, [2014-03-29T16:14:43.826741 #20863]  INFO -- : Korda Gyuri Bacsi won 120
I, [2014-03-29T16:14:43.837263 #20863]  INFO -- : Player Korda Gyuri Bacsi responded with  (200)
I, [2014-03-29T16:14:43.843747 #20863]  INFO -- : Player Martleuca responded with  (200)
I, [2014-03-29T16:14:43.847594 #20863]  INFO -- : Player KonyvtarBot responded with  (200)
I, [2014-03-29T16:14:43.850965 #20863]  INFO -- : Player Xenu responded with  (200)
I, [2014-03-29T16:14:43.852766 #20863]  INFO -- : Player Harry Haskell responded with  (200)
I, [2014-03-29T16:14:43.854292 #20863]  INFO -- : Korda Gyuri Bacsi received hole_card Queen of Clubs
I, [2014-03-29T16:14:43.854823 #20863]  INFO -- : Harry Haskell received hole_card 3 of Clubs
I, [2014-03-29T16:14:43.855244 #20863]  INFO -- : Korda Gyuri Bacsi received hole_card 2 of Diamonds
I, [2014-03-29T16:14:43.855564 #20863]  INFO -- : Harry Haskell received hole_card 3 of Spades
I, [2014-03-29T16:14:43.856283 #20863]  INFO -- : Korda Gyuri Bacsi made a bet of 20 (raise) and is left with 4320 chips. The pot now contains 20 chips.
I, [2014-03-29T16:14:43.856587 #20863]  INFO -- : Harry Haskell made a bet of 40 (raise) and is left with 620 chips. The pot now contains 60 chips.
I, [2014-03-29T16:14:43.859721 #20863]  INFO -- : Player Korda Gyuri Bacsi responded with 40 (200)
I, [2014-03-29T16:14:43.859970 #20863]  INFO -- : Korda Gyuri Bacsi made a bet of 40 (raise) and is left with 4280 chips. The pot now contains 100 chips.
E, [2014-03-29T16:14:44.362009 #20863] ERROR -- : Net::ReadTimeout
E, [2014-03-29T16:14:44.362349 #20863] ERROR -- : Player Harry Haskell is unreachable
I, [2014-03-29T16:14:44.362952 #20863]  INFO -- : Harry Haskell made a bet of 0 (fold) and is left with 620 chips. The pot now contains 100 chips.
I, [2014-03-29T16:14:44.364152 #20863]  INFO -- : Korda Gyuri Bacsi won 100
I, [2014-03-29T16:14:44.368537 #20863]  INFO -- : Player Korda Gyuri Bacsi responded with  (200)
I, [2014-03-29T16:14:44.371716 #20863]  INFO -- : Player Martleuca responded with  (200)
I, [2014-03-29T16:14:44.375455 #20863]  INFO -- : Player KonyvtarBot responded with  (200)
I, [2014-03-29T16:14:44.383312 #20863]  INFO -- : Player Xenu responded with  (200)
I, [2014-03-29T16:14:44.387400 #20863]  INFO -- : Player Harry Haskell responded with  (200)
I, [2014-03-29T16:14:44.388484 #20863]  INFO -- : Harry Haskell received hole_card 3 of Spades
I, [2014-03-29T16:14:44.389130 #20863]  INFO -- : Korda Gyuri Bacsi received hole_card Queen of Clubs
I, [2014-03-29T16:14:44.389951 #20863]  INFO -- : Harry Haskell received hole_card Ace of Hearts
I, [2014-03-29T16:14:44.390672 #20863]  INFO -- : Korda Gyuri Bacsi received hole_card King of Hearts
I, [2014-03-29T16:14:44.391710 #20863]  INFO -- : Harry Haskell made a bet of 20 (raise) and is left with 600 chips. The pot now contains 20 chips.
I, [2014-03-29T16:14:44.392486 #20863]  INFO -- : Korda Gyuri Bacsi made a bet of 40 (raise) and is left with 4340 chips. The pot now contains 60 chips.
E, [2014-03-29T16:14:44.895000 #20863] ERROR -- : Net::ReadTimeout
E, [2014-03-29T16:14:44.895437 #20863] ERROR -- : Player Harry Haskell is unreachable
I, [2014-03-29T16:14:44.895974 #20863]  INFO -- : Harry Haskell made a bet of 0 (fold) and is left with 600 chips. The pot now contains 60 chips.
I, [2014-03-29T16:14:44.904810 #20863]  INFO -- : Player Korda Gyuri Bacsi responded with 20 (200)
I, [2014-03-29T16:14:44.905446 #20863]  INFO -- : Korda Gyuri Bacsi made a bet of 20 (raise) and is left with 4320 chips. The pot now contains 80 chips.
I, [2014-03-29T16:14:44.906799 #20863]  INFO -- : Korda Gyuri Bacsi won 80
I, [2014-03-29T16:14:44.913720 #20863]  INFO -- : Player Korda Gyuri Bacsi responded with  (200)
I, [2014-03-29T16:14:44.918690 #20863]  INFO -- : Player Martleuca responded with  (200)
I, [2014-03-29T16:14:44.923433 #20863]  INFO -- : Player KonyvtarBot responded with  (200)
I, [2014-03-29T16:14:44.928825 #20863]  INFO -- : Player Xenu responded with  (200)
I, [2014-03-29T16:14:44.933369 #20863]  INFO -- : Player Harry Haskell responded with  (200)
I, [2014-03-29T16:14:44.934906 #20863]  INFO -- : Korda Gyuri Bacsi received hole_card 8 of Hearts
I, [2014-03-29T16:14:44.935559 #20863]  INFO -- : Harry Haskell received hole_card 6 of Clubs
I, [2014-03-29T16:14:44.935782 #20863]  INFO -- : Korda Gyuri Bacsi received hole_card King of Clubs
I, [2014-03-29T16:14:44.935985 #20863]  INFO -- : Harry Haskell received hole_card 9 of Diamonds
I, [2014-03-29T16:14:44.936289 #20863]  INFO -- : Korda Gyuri Bacsi made a bet of 20 (raise) and is left with 4380 chips. The pot now contains 20 chips.
I, [2014-03-29T16:14:44.936577 #20863]  INFO -- : Harry Haskell made a bet of 40 (raise) and is left with 560 chips. The pot now contains 60 chips.
I, [2014-03-29T16:14:44.942969 #20863]  INFO -- : Player Korda Gyuri Bacsi responded with 20 (200)
I, [2014-03-29T16:14:44.943317 #20863]  INFO -- : Korda Gyuri Bacsi made a bet of 20 (call) and is left with 4360 chips. The pot now contains 80 chips.
I, [2014-03-29T16:14:44.943730 #20863]  INFO -- : community card 3 of Hearts
I, [2014-03-29T16:14:44.944066 #20863]  INFO -- : community card Queen of Spades
I, [2014-03-29T16:14:44.944413 #20863]  INFO -- : community card 7 of Hearts
I, [2014-03-29T16:14:44.949505 #20863]  INFO -- : Player Korda Gyuri Bacsi responded with 0 (200)
I, [2014-03-29T16:14:44.949863 #20863]  INFO -- : Korda Gyuri Bacsi made a bet of 0 (check) and is left with 4360 chips. The pot now contains 80 chips.
E, [2014-03-29T16:14:45.452565 #20863] ERROR -- : Net::ReadTimeout
E, [2014-03-29T16:14:45.452874 #20863] ERROR -- : Player Harry Haskell is unreachable
I, [2014-03-29T16:14:45.453408 #20863]  INFO -- : Harry Haskell made a bet of 0 (check) and is left with 560 chips. The pot now contains 80 chips.
I, [2014-03-29T16:14:45.454280 #20863]  INFO -- : community card Jack of Spades
I, [2014-03-29T16:14:45.463179 #20863]  INFO -- : Player Korda Gyuri Bacsi responded with 0 (200)
I, [2014-03-29T16:14:45.463988 #20863]  INFO -- : Korda Gyuri Bacsi made a bet of 0 (check) and is left with 4360 chips. The pot now contains 80 chips.
E, [2014-03-29T16:14:45.968896 #20863] ERROR -- : Net::ReadTimeout
E, [2014-03-29T16:14:45.969019 #20863] ERROR -- : Player Harry Haskell is unreachable
I, [2014-03-29T16:14:45.969215 #20863]  INFO -- : Harry Haskell made a bet of 0 (check) and is left with 560 chips. The pot now contains 80 chips.
I, [2014-03-29T16:14:45.969457 #20863]  INFO -- : community card 7 of Clubs
I, [2014-03-29T16:14:45.977467 #20863]  INFO -- : Player Korda Gyuri Bacsi responded with 0 (200)
I, [2014-03-29T16:14:45.978253 #20863]  INFO -- : Korda Gyuri Bacsi made a bet of 0 (check) and is left with 4360 chips. The pot now contains 80 chips.
E, [2014-03-29T16:14:46.483727 #20863] ERROR -- : Net::ReadTimeout
E, [2014-03-29T16:14:46.484086 #20863] ERROR -- : Player Harry Haskell is unreachable
I, [2014-03-29T16:14:46.484933 #20863]  INFO -- : Harry Haskell made a bet of 0 (check) and is left with 560 chips. The pot now contains 80 chips.
I, [2014-03-29T16:14:46.486778 #20863]  INFO -- : Korda Gyuri Bacsi showed 7 of Clubs,7 of Hearts,Jack of Spades,Queen of Spades,King of Clubs making a pair
I, [2014-03-29T16:14:46.488182 #20863]  INFO -- : Korda Gyuri Bacsi won 80
I, [2014-03-29T16:14:46.495284 #20863]  INFO -- : Player Korda Gyuri Bacsi responded with  (200)
I, [2014-03-29T16:14:46.501100 #20863]  INFO -- : Player Martleuca responded with  (200)
I, [2014-03-29T16:14:46.503423 #20863]  INFO -- : Player KonyvtarBot responded with  (200)
I, [2014-03-29T16:14:46.505719 #20863]  INFO -- : Player Xenu responded with  (200)
I, [2014-03-29T16:14:46.507225 #20863]  INFO -- : Player Harry Haskell responded with  (200)
I, [2014-03-29T16:14:46.507551 #20863]  INFO -- : Harry Haskell received hole_card 9 of Diamonds
I, [2014-03-29T16:14:46.507752 #20863]  INFO -- : Korda Gyuri Bacsi received hole_card 2 of Clubs
I, [2014-03-29T16:14:46.507939 #20863]  INFO -- : Harry Haskell received hole_card Ace of Hearts
I, [2014-03-29T16:14:46.508175 #20863]  INFO -- : Korda Gyuri Bacsi received hole_card 3 of Spades
I, [2014-03-29T16:14:46.508533 #20863]  INFO -- : Harry Haskell made a bet of 20 (raise) and is left with 540 chips. The pot now contains 20 chips.
I, [2014-03-29T16:14:46.508788 #20863]  INFO -- : Korda Gyuri Bacsi made a bet of 40 (raise) and is left with 4400 chips. The pot now contains 60 chips.
E, [2014-03-29T16:14:47.010439 #20863] ERROR -- : Net::ReadTimeout
E, [2014-03-29T16:14:47.010778 #20863] ERROR -- : Player Harry Haskell is unreachable
I, [2014-03-29T16:14:47.011285 #20863]  INFO -- : Harry Haskell made a bet of 0 (fold) and is left with 540 chips. The pot now contains 60 chips.
I, [2014-03-29T16:14:47.019684 #20863]  INFO -- : Player Korda Gyuri Bacsi responded with 60 (200)
I, [2014-03-29T16:14:47.020461 #20863]  INFO -- : Korda Gyuri Bacsi made a bet of 60 (raise) and is left with 4340 chips. The pot now contains 120 chips.
I, [2014-03-29T16:14:47.021743 #20863]  INFO -- : Korda Gyuri Bacsi won 120
I, [2014-03-29T16:14:47.030360 #20863]  INFO -- : Player Korda Gyuri Bacsi responded with  (200)
I, [2014-03-29T16:14:47.033268 #20863]  INFO -- : Player Martleuca responded with  (200)
I, [2014-03-29T16:14:47.034973 #20863]  INFO -- : Player KonyvtarBot responded with  (200)
I, [2014-03-29T16:14:47.037103 #20863]  INFO -- : Player Xenu responded with  (200)
I, [2014-03-29T16:14:47.038773 #20863]  INFO -- : Player Harry Haskell responded with  (200)
I, [2014-03-29T16:14:47.039119 #20863]  INFO -- : Korda Gyuri Bacsi received hole_card 10 of Hearts
I, [2014-03-29T16:14:47.039307 #20863]  INFO -- : Harry Haskell received hole_card 10 of Spades
I, [2014-03-29T16:14:47.039497 #20863]  INFO -- : Korda Gyuri Bacsi received hole_card 9 of Spades
I, [2014-03-29T16:14:47.039679 #20863]  INFO -- : Harry Haskell received hole_card Queen of Spades
I, [2014-03-29T16:14:47.039990 #20863]  INFO -- : Korda Gyuri Bacsi made a bet of 20 (raise) and is left with 4440 chips. The pot now contains 20 chips.
I, [2014-03-29T16:14:47.040340 #20863]  INFO -- : Harry Haskell made a bet of 40 (raise) and is left with 500 chips. The pot now contains 60 chips.
I, [2014-03-29T16:14:47.043895 #20863]  INFO -- : Player Korda Gyuri Bacsi responded with 20 (200)
I, [2014-03-29T16:14:47.044338 #20863]  INFO -- : Korda Gyuri Bacsi made a bet of 20 (call) and is left with 4420 chips. The pot now contains 80 chips.
I, [2014-03-29T16:14:47.044682 #20863]  INFO -- : community card 8 of Clubs
I, [2014-03-29T16:14:47.045013 #20863]  INFO -- : community card 2 of Clubs
I, [2014-03-29T16:14:47.045288 #20863]  INFO -- : community card Ace of Diamonds
I, [2014-03-29T16:14:47.051124 #20863]  INFO -- : Player Korda Gyuri Bacsi responded with 40 (200)
I, [2014-03-29T16:14:47.051834 #20863]  INFO -- : Korda Gyuri Bacsi made a bet of 40 (raise) and is left with 4380 chips. The pot now contains 120 chips.
E, [2014-03-29T16:14:47.554253 #20863] ERROR -- : Net::ReadTimeout
E, [2014-03-29T16:14:47.554627 #20863] ERROR -- : Player Harry Haskell is unreachable
I, [2014-03-29T16:14:47.555209 #20863]  INFO -- : Harry Haskell made a bet of 0 (fold) and is left with 500 chips. The pot now contains 120 chips.
I, [2014-03-29T16:14:47.557491 #20863]  INFO -- : Korda Gyuri Bacsi won 120
I, [2014-03-29T16:14:47.564431 #20863]  INFO -- : Player Korda Gyuri Bacsi responded with  (200)
I, [2014-03-29T16:14:47.568979 #20863]  INFO -- : Player Martleuca responded with  (200)
I, [2014-03-29T16:14:47.574158 #20863]  INFO -- : Player KonyvtarBot responded with  (200)
I, [2014-03-29T16:14:47.581504 #20863]  INFO -- : Player Xenu responded with  (200)
I, [2014-03-29T16:14:47.585597 #20863]  INFO -- : Player Harry Haskell responded with  (200)
I, [2014-03-29T16:14:47.586681 #20863]  INFO -- : Harry Haskell received hole_card Jack of Hearts
I, [2014-03-29T16:14:47.587320 #20863]  INFO -- : Korda Gyuri Bacsi received hole_card 3 of Diamonds
I, [2014-03-29T16:14:47.588002 #20863]  INFO -- : Harry Haskell received hole_card Ace of Clubs
I, [2014-03-29T16:14:47.588640 #20863]  INFO -- : Korda Gyuri Bacsi received hole_card 7 of Clubs
I, [2014-03-29T16:14:47.589298 #20863]  INFO -- : Harry Haskell made a bet of 20 (raise) and is left with 480 chips. The pot now contains 20 chips.
I, [2014-03-29T16:14:47.589730 #20863]  INFO -- : Korda Gyuri Bacsi made a bet of 40 (raise) and is left with 4460 chips. The pot now contains 60 chips.
E, [2014-03-29T16:14:48.093259 #20863] ERROR -- : Net::ReadTimeout
E, [2014-03-29T16:14:48.093712 #20863] ERROR -- : Player Harry Haskell is unreachable
I, [2014-03-29T16:14:48.094211 #20863]  INFO -- : Harry Haskell made a bet of 0 (fold) and is left with 480 chips. The pot now contains 60 chips.
I, [2014-03-29T16:14:48.103170 #20863]  INFO -- : Player Korda Gyuri Bacsi responded with 0 (200)
I, [2014-03-29T16:14:48.103992 #20863]  INFO -- : Korda Gyuri Bacsi made a bet of 0 (check) and is left with 4460 chips. The pot now contains 60 chips.
I, [2014-03-29T16:14:48.105250 #20863]  INFO -- : Korda Gyuri Bacsi won 60
I, [2014-03-29T16:14:48.114989 #20863]  INFO -- : Player Korda Gyuri Bacsi responded with  (200)
I, [2014-03-29T16:14:48.119917 #20863]  INFO -- : Player Martleuca responded with  (200)
I, [2014-03-29T16:14:48.124954 #20863]  INFO -- : Player KonyvtarBot responded with  (200)
I, [2014-03-29T16:14:48.128890 #20863]  INFO -- : Player Xenu responded with  (200)
I, [2014-03-29T16:14:48.131172 #20863]  INFO -- : Player Harry Haskell responded with  (200)
I, [2014-03-29T16:14:48.132644 #20863]  INFO -- : Korda Gyuri Bacsi received hole_card 4 of Spades
I, [2014-03-29T16:14:48.133246 #20863]  INFO -- : Harry Haskell received hole_card 8 of Clubs
I, [2014-03-29T16:14:48.133819 #20863]  INFO -- : Korda Gyuri Bacsi received hole_card 7 of Spades
I, [2014-03-29T16:14:48.134115 #20863]  INFO -- : Harry Haskell received hole_card 8 of Diamonds
I, [2014-03-29T16:14:48.134745 #20863]  INFO -- : Korda Gyuri Bacsi made a bet of 20 (raise) and is left with 4500 chips. The pot now contains 20 chips.
I, [2014-03-29T16:14:48.135041 #20863]  INFO -- : Harry Haskell made a bet of 40 (raise) and is left with 440 chips. The pot now contains 60 chips.
I, [2014-03-29T16:14:48.140733 #20863]  INFO -- : Player Korda Gyuri Bacsi responded with 20 (200)
I, [2014-03-29T16:14:48.141010 #20863]  INFO -- : Korda Gyuri Bacsi made a bet of 20 (call) and is left with 4480 chips. The pot now contains 80 chips.
I, [2014-03-29T16:14:48.141278 #20863]  INFO -- : community card 3 of Diamonds
I, [2014-03-29T16:14:48.141512 #20863]  INFO -- : community card Queen of Hearts
I, [2014-03-29T16:14:48.141738 #20863]  INFO -- : community card 9 of Hearts
I, [2014-03-29T16:14:48.147635 #20863]  INFO -- : Player Korda Gyuri Bacsi responded with 40 (200)
I, [2014-03-29T16:14:48.147891 #20863]  INFO -- : Korda Gyuri Bacsi made a bet of 40 (raise) and is left with 4440 chips. The pot now contains 120 chips.
E, [2014-03-29T16:14:48.649933 #20863] ERROR -- : Net::ReadTimeout
E, [2014-03-29T16:14:48.650290 #20863] ERROR -- : Player Harry Haskell is unreachable
I, [2014-03-29T16:14:48.651049 #20863]  INFO -- : Harry Haskell made a bet of 0 (fold) and is left with 440 chips. The pot now contains 120 chips.
I, [2014-03-29T16:14:48.652517 #20863]  INFO -- : Korda Gyuri Bacsi won 120
I, [2014-03-29T16:14:48.659436 #20863]  INFO -- : Player Korda Gyuri Bacsi responded with  (200)
I, [2014-03-29T16:14:48.665354 #20863]  INFO -- : Player Martleuca responded with  (200)
I, [2014-03-29T16:14:48.670636 #20863]  INFO -- : Player KonyvtarBot responded with  (200)
I, [2014-03-29T16:14:48.678679 #20863]  INFO -- : Player Xenu responded with  (200)
I, [2014-03-29T16:14:48.683187 #20863]  INFO -- : Player Harry Haskell responded with  (200)
I, [2014-03-29T16:14:48.683932 #20863]  INFO -- : Harry Haskell received hole_card 3 of Diamonds
I, [2014-03-29T16:14:48.684398 #20863]  INFO -- : Korda Gyuri Bacsi received hole_card 2 of Clubs
I, [2014-03-29T16:14:48.684818 #20863]  INFO -- : Harry Haskell received hole_card 5 of Spades
I, [2014-03-29T16:14:48.685172 #20863]  INFO -- : Korda Gyuri Bacsi received hole_card 7 of Spades
I, [2014-03-29T16:14:48.685740 #20863]  INFO -- : Harry Haskell made a bet of 40 (raise) and is left with 400 chips. The pot now contains 40 chips.
I, [2014-03-29T16:14:48.686105 #20863]  INFO -- : Korda Gyuri Bacsi made a bet of 80 (raise) and is left with 4480 chips. The pot now contains 120 chips.
E, [2014-03-29T16:14:49.188551 #20863] ERROR -- : Net::ReadTimeout
E, [2014-03-29T16:14:49.188968 #20863] ERROR -- : Player Harry Haskell is unreachable
I, [2014-03-29T16:14:49.189485 #20863]  INFO -- : Harry Haskell made a bet of 0 (fold) and is left with 400 chips. The pot now contains 120 chips.
I, [2014-03-29T16:14:49.197727 #20863]  INFO -- : Player Korda Gyuri Bacsi responded with 40 (200)
I, [2014-03-29T16:14:49.198504 #20863]  INFO -- : Korda Gyuri Bacsi made a bet of 40 (raise) and is left with 4440 chips. The pot now contains 160 chips.
I, [2014-03-29T16:14:49.199894 #20863]  INFO -- : Korda Gyuri Bacsi won 160
I, [2014-03-29T16:14:49.206916 #20863]  INFO -- : Player Korda Gyuri Bacsi responded with  (200)
I, [2014-03-29T16:14:49.210124 #20863]  INFO -- : Player Martleuca responded with  (200)
I, [2014-03-29T16:14:49.213914 #20863]  INFO -- : Player KonyvtarBot responded with  (200)
I, [2014-03-29T16:14:49.222158 #20863]  INFO -- : Player Xenu responded with  (200)
I, [2014-03-29T16:14:49.227391 #20863]  INFO -- : Player Harry Haskell responded with  (200)
I, [2014-03-29T16:14:49.228855 #20863]  INFO -- : Korda Gyuri Bacsi received hole_card 2 of Hearts
I, [2014-03-29T16:14:49.229120 #20863]  INFO -- : Harry Haskell received hole_card Ace of Clubs
I, [2014-03-29T16:14:49.229335 #20863]  INFO -- : Korda Gyuri Bacsi received hole_card 3 of Hearts
I, [2014-03-29T16:14:49.229552 #20863]  INFO -- : Harry Haskell received hole_card 7 of Spades
I, [2014-03-29T16:14:49.229924 #20863]  INFO -- : Korda Gyuri Bacsi made a bet of 40 (raise) and is left with 4560 chips. The pot now contains 40 chips.
I, [2014-03-29T16:14:49.230216 #20863]  INFO -- : Harry Haskell made a bet of 80 (raise) and is left with 320 chips. The pot now contains 120 chips.
I, [2014-03-29T16:14:49.233383 #20863]  INFO -- : Player Korda Gyuri Bacsi responded with 0 (200)
I, [2014-03-29T16:14:49.233818 #20863]  INFO -- : Korda Gyuri Bacsi made a bet of 0 (fold) and is left with 4560 chips. The pot now contains 120 chips.
I, [2014-03-29T16:14:49.234724 #20863]  INFO -- : Harry Haskell won 120
I, [2014-03-29T16:14:49.238891 #20863]  INFO -- : Player Korda Gyuri Bacsi responded with  (200)
I, [2014-03-29T16:14:49.240960 #20863]  INFO -- : Player Martleuca responded with  (200)
I, [2014-03-29T16:14:49.243393 #20863]  INFO -- : Player KonyvtarBot responded with  (200)
I, [2014-03-29T16:14:49.247078 #20863]  INFO -- : Player Xenu responded with  (200)
I, [2014-03-29T16:14:49.250628 #20863]  INFO -- : Player Harry Haskell responded with  (200)
I, [2014-03-29T16:14:49.251651 #20863]  INFO -- : Harry Haskell received hole_card Ace of Spades
I, [2014-03-29T16:14:49.252088 #20863]  INFO -- : Korda Gyuri Bacsi received hole_card 2 of Diamonds
I, [2014-03-29T16:14:49.252426 #20863]  INFO -- : Harry Haskell received hole_card 3 of Hearts
I, [2014-03-29T16:14:49.252736 #20863]  INFO -- : Korda Gyuri Bacsi received hole_card 3 of Diamonds
I, [2014-03-29T16:14:49.253208 #20863]  INFO -- : Harry Haskell made a bet of 40 (raise) and is left with 400 chips. The pot now contains 40 chips.
I, [2014-03-29T16:14:49.253601 #20863]  INFO -- : Korda Gyuri Bacsi made a bet of 80 (raise) and is left with 4480 chips. The pot now contains 120 chips.
E, [2014-03-29T16:14:49.756926 #20863] ERROR -- : Net::ReadTimeout
E, [2014-03-29T16:14:49.757044 #20863] ERROR -- : Player Harry Haskell is unreachable
I, [2014-03-29T16:14:49.757205 #20863]  INFO -- : Harry Haskell made a bet of 0 (fold) and is left with 400 chips. The pot now contains 120 chips.
I, [2014-03-29T16:14:49.764330 #20863]  INFO -- : Player Korda Gyuri Bacsi responded with 40 (200)
I, [2014-03-29T16:14:49.764964 #20863]  INFO -- : Korda Gyuri Bacsi made a bet of 40 (raise) and is left with 4440 chips. The pot now contains 160 chips.
I, [2014-03-29T16:14:49.766292 #20863]  INFO -- : Korda Gyuri Bacsi won 160
I, [2014-03-29T16:14:49.773055 #20863]  INFO -- : Player Korda Gyuri Bacsi responded with  (200)
I, [2014-03-29T16:14:49.778416 #20863]  INFO -- : Player Martleuca responded with  (200)
I, [2014-03-29T16:14:49.782202 #20863]  INFO -- : Player KonyvtarBot responded with  (200)
I, [2014-03-29T16:14:49.786462 #20863]  INFO -- : Player Xenu responded with  (200)
I, [2014-03-29T16:14:49.788900 #20863]  INFO -- : Player Harry Haskell responded with  (200)
I, [2014-03-29T16:14:49.789398 #20863]  INFO -- : Korda Gyuri Bacsi received hole_card Ace of Spades
I, [2014-03-29T16:14:49.789726 #20863]  INFO -- : Harry Haskell received hole_card 3 of Hearts
I, [2014-03-29T16:14:49.789945 #20863]  INFO -- : Korda Gyuri Bacsi received hole_card 3 of Diamonds
I, [2014-03-29T16:14:49.790161 #20863]  INFO -- : Harry Haskell received hole_card 7 of Spades
I, [2014-03-29T16:14:49.790512 #20863]  INFO -- : Korda Gyuri Bacsi made a bet of 40 (raise) and is left with 4560 chips. The pot now contains 40 chips.
I, [2014-03-29T16:14:49.790942 #20863]  INFO -- : Harry Haskell made a bet of 80 (raise) and is left with 320 chips. The pot now contains 120 chips.
I, [2014-03-29T16:14:49.797586 #20863]  INFO -- : Player Korda Gyuri Bacsi responded with 40 (200)
I, [2014-03-29T16:14:49.798295 #20863]  INFO -- : Korda Gyuri Bacsi made a bet of 40 (call) and is left with 4520 chips. The pot now contains 160 chips.
I, [2014-03-29T16:14:49.799187 #20863]  INFO -- : community card 5 of Diamonds
I, [2014-03-29T16:14:49.799888 #20863]  INFO -- : community card 10 of Clubs
I, [2014-03-29T16:14:49.800630 #20863]  INFO -- : community card Ace of Diamonds
I, [2014-03-29T16:14:49.804777 #20863]  INFO -- : Player Korda Gyuri Bacsi responded with 0 (200)
I, [2014-03-29T16:14:49.805423 #20863]  INFO -- : Korda Gyuri Bacsi made a bet of 0 (check) and is left with 4520 chips. The pot now contains 160 chips.
E, [2014-03-29T16:14:50.308638 #20863] ERROR -- : Net::ReadTimeout
E, [2014-03-29T16:14:50.309064 #20863] ERROR -- : Player Harry Haskell is unreachable
I, [2014-03-29T16:14:50.309903 #20863]  INFO -- : Harry Haskell made a bet of 0 (check) and is left with 320 chips. The pot now contains 160 chips.
I, [2014-03-29T16:14:50.310773 #20863]  INFO -- : community card 3 of Clubs
I, [2014-03-29T16:14:50.318647 #20863]  INFO -- : Player Korda Gyuri Bacsi responded with 80 (200)
I, [2014-03-29T16:14:50.319189 #20863]  INFO -- : Korda Gyuri Bacsi made a bet of 80 (raise) and is left with 4440 chips. The pot now contains 240 chips.
E, [2014-03-29T16:14:50.822389 #20863] ERROR -- : Net::ReadTimeout
E, [2014-03-29T16:14:50.822741 #20863] ERROR -- : Player Harry Haskell is unreachable
I, [2014-03-29T16:14:50.823533 #20863]  INFO -- : Harry Haskell made a bet of 0 (fold) and is left with 320 chips. The pot now contains 240 chips.
I, [2014-03-29T16:14:50.825048 #20863]  INFO -- : Korda Gyuri Bacsi won 240
I, [2014-03-29T16:14:50.833077 #20863]  INFO -- : Player Korda Gyuri Bacsi responded with  (200)
I, [2014-03-29T16:14:50.846947 #20863]  INFO -- : Player Martleuca responded with  (200)
I, [2014-03-29T16:14:50.850445 #20863]  INFO -- : Player KonyvtarBot responded with  (200)
I, [2014-03-29T16:14:50.855258 #20863]  INFO -- : Player Xenu responded with  (200)
I, [2014-03-29T16:14:50.857326 #20863]  INFO -- : Player Harry Haskell responded with  (200)
I, [2014-03-29T16:14:50.857907 #20863]  INFO -- : Harry Haskell received hole_card Ace of Hearts
I, [2014-03-29T16:14:50.858255 #20863]  INFO -- : Korda Gyuri Bacsi received hole_card 10 of Diamonds
I, [2014-03-29T16:14:50.858534 #20863]  INFO -- : Harry Haskell received hole_card 7 of Hearts
I, [2014-03-29T16:14:50.858836 #20863]  INFO -- : Korda Gyuri Bacsi received hole_card Queen of Diamonds
I, [2014-03-29T16:14:50.859311 #20863]  INFO -- : Harry Haskell made a bet of 40 (raise) and is left with 280 chips. The pot now contains 40 chips.
I, [2014-03-29T16:14:50.859736 #20863]  INFO -- : Korda Gyuri Bacsi made a bet of 80 (raise) and is left with 4600 chips. The pot now contains 120 chips.
E, [2014-03-29T16:14:51.362248 #20863] ERROR -- : Net::ReadTimeout
E, [2014-03-29T16:14:51.362601 #20863] ERROR -- : Player Harry Haskell is unreachable
I, [2014-03-29T16:14:51.363232 #20863]  INFO -- : Harry Haskell made a bet of 0 (fold) and is left with 280 chips. The pot now contains 120 chips.
I, [2014-03-29T16:14:51.371433 #20863]  INFO -- : Player Korda Gyuri Bacsi responded with 0 (200)
I, [2014-03-29T16:14:51.372214 #20863]  INFO -- : Korda Gyuri Bacsi made a bet of 0 (check) and is left with 4600 chips. The pot now contains 120 chips.
I, [2014-03-29T16:14:51.373420 #20863]  INFO -- : Korda Gyuri Bacsi won 120
I, [2014-03-29T16:14:51.381075 #20863]  INFO -- : Player Korda Gyuri Bacsi responded with  (200)
I, [2014-03-29T16:14:51.385538 #20863]  INFO -- : Player Martleuca responded with  (200)
I, [2014-03-29T16:14:51.388453 #20863]  INFO -- : Player KonyvtarBot responded with  (200)
I, [2014-03-29T16:14:51.391339 #20863]  INFO -- : Player Xenu responded with  (200)
I, [2014-03-29T16:14:51.393571 #20863]  INFO -- : Player Harry Haskell responded with  (200)
I, [2014-03-29T16:14:51.394179 #20863]  INFO -- : Korda Gyuri Bacsi received hole_card King of Spades
I, [2014-03-29T16:14:51.394456 #20863]  INFO -- : Harry Haskell received hole_card Queen of Clubs
I, [2014-03-29T16:14:51.394703 #20863]  INFO -- : Korda Gyuri Bacsi received hole_card 2 of Hearts
I, [2014-03-29T16:14:51.394950 #20863]  INFO -- : Harry Haskell received hole_card Jack of Hearts
I, [2014-03-29T16:14:51.395381 #20863]  INFO -- : Korda Gyuri Bacsi made a bet of 40 (raise) and is left with 4680 chips. The pot now contains 40 chips.
I, [2014-03-29T16:14:51.395759 #20863]  INFO -- : Harry Haskell made a bet of 80 (raise) and is left with 200 chips. The pot now contains 120 chips.
I, [2014-03-29T16:14:51.401441 #20863]  INFO -- : Player Korda Gyuri Bacsi responded with 80 (200)
I, [2014-03-29T16:14:51.401713 #20863]  INFO -- : Korda Gyuri Bacsi made a bet of 80 (raise) and is left with 4600 chips. The pot now contains 200 chips.
E, [2014-03-29T16:14:51.903363 #20863] ERROR -- : Net::ReadTimeout
E, [2014-03-29T16:14:51.903681 #20863] ERROR -- : Player Harry Haskell is unreachable
I, [2014-03-29T16:14:51.904238 #20863]  INFO -- : Harry Haskell made a bet of 0 (fold) and is left with 200 chips. The pot now contains 200 chips.
I, [2014-03-29T16:14:51.905433 #20863]  INFO -- : Korda Gyuri Bacsi won 200
I, [2014-03-29T16:14:51.910931 #20863]  INFO -- : Player Korda Gyuri Bacsi responded with  (200)
I, [2014-03-29T16:14:51.913179 #20863]  INFO -- : Player Martleuca responded with  (200)
I, [2014-03-29T16:14:51.918026 #20863]  INFO -- : Player KonyvtarBot responded with  (200)
I, [2014-03-29T16:14:51.926167 #20863]  INFO -- : Player Xenu responded with  (200)
I, [2014-03-29T16:14:51.932215 #20863]  INFO -- : Player Harry Haskell responded with  (200)
I, [2014-03-29T16:14:51.933363 #20863]  INFO -- : Harry Haskell received hole_card 10 of Spades
I, [2014-03-29T16:14:51.934097 #20863]  INFO -- : Korda Gyuri Bacsi received hole_card 7 of Spades
I, [2014-03-29T16:14:51.934733 #20863]  INFO -- : Harry Haskell received hole_card 2 of Diamonds
I, [2014-03-29T16:14:51.935343 #20863]  INFO -- : Korda Gyuri Bacsi received hole_card Ace of Spades
I, [2014-03-29T16:14:51.936408 #20863]  INFO -- : Harry Haskell made a bet of 40 (raise) and is left with 160 chips. The pot now contains 40 chips.
I, [2014-03-29T16:14:51.937398 #20863]  INFO -- : Korda Gyuri Bacsi made a bet of 80 (raise) and is left with 4720 chips. The pot now contains 120 chips.
E, [2014-03-29T16:14:52.441997 #20863] ERROR -- : Net::ReadTimeout
E, [2014-03-29T16:14:52.442118 #20863] ERROR -- : Player Harry Haskell is unreachable
I, [2014-03-29T16:14:52.442290 #20863]  INFO -- : Harry Haskell made a bet of 0 (fold) and is left with 160 chips. The pot now contains 120 chips.
I, [2014-03-29T16:14:52.448529 #20863]  INFO -- : Player Korda Gyuri Bacsi responded with 0 (200)
I, [2014-03-29T16:14:52.449344 #20863]  INFO -- : Korda Gyuri Bacsi made a bet of 0 (check) and is left with 4720 chips. The pot now contains 120 chips.
I, [2014-03-29T16:14:52.450755 #20863]  INFO -- : Korda Gyuri Bacsi won 120
I, [2014-03-29T16:14:52.459026 #20863]  INFO -- : Player Korda Gyuri Bacsi responded with  (200)
I, [2014-03-29T16:14:52.465873 #20863]  INFO -- : Player Martleuca responded with  (200)
I, [2014-03-29T16:14:52.469928 #20863]  INFO -- : Player KonyvtarBot responded with  (200)
I, [2014-03-29T16:14:52.475935 #20863]  INFO -- : Player Xenu responded with  (200)
I, [2014-03-29T16:14:52.478180 #20863]  INFO -- : Player Harry Haskell responded with  (200)
I, [2014-03-29T16:14:52.478743 #20863]  INFO -- : Korda Gyuri Bacsi received hole_card Jack of Spades
I, [2014-03-29T16:14:52.479029 #20863]  INFO -- : Harry Haskell received hole_card Ace of Hearts
I, [2014-03-29T16:14:52.479402 #20863]  INFO -- : Korda Gyuri Bacsi received hole_card King of Hearts
I, [2014-03-29T16:14:52.479932 #20863]  INFO -- : Harry Haskell received hole_card 5 of Hearts
I, [2014-03-29T16:14:52.480893 #20863]  INFO -- : Korda Gyuri Bacsi made a bet of 40 (raise) and is left with 4800 chips. The pot now contains 40 chips.
I, [2014-03-29T16:14:52.481466 #20863]  INFO -- : Harry Haskell made a bet of 80 (raise) and is left with 80 chips. The pot now contains 120 chips.
I, [2014-03-29T16:14:52.487165 #20863]  INFO -- : Player Korda Gyuri Bacsi responded with 160 (200)
I, [2014-03-29T16:14:52.487430 #20863]  INFO -- : Korda Gyuri Bacsi made a bet of 160 (raise) and is left with 4640 chips. The pot now contains 280 chips.
E, [2014-03-29T16:14:52.989266 #20863] ERROR -- : Net::ReadTimeout
E, [2014-03-29T16:14:52.989600 #20863] ERROR -- : Player Harry Haskell is unreachable
I, [2014-03-29T16:14:52.990322 #20863]  INFO -- : Harry Haskell made a bet of 0 (fold) and is left with 80 chips. The pot now contains 280 chips.
I, [2014-03-29T16:14:52.991567 #20863]  INFO -- : Korda Gyuri Bacsi won 280
I, [2014-03-29T16:14:52.999377 #20863]  INFO -- : Player Korda Gyuri Bacsi responded with  (200)
I, [2014-03-29T16:14:53.007514 #20863]  INFO -- : Player Martleuca responded with  (200)
I, [2014-03-29T16:14:53.012888 #20863]  INFO -- : Player KonyvtarBot responded with  (200)
I, [2014-03-29T16:14:53.017560 #20863]  INFO -- : Player Xenu responded with  (200)
I, [2014-03-29T16:14:53.019961 #20863]  INFO -- : Player Harry Haskell responded with  (200)
I, [2014-03-29T16:14:53.020510 #20863]  INFO -- : Harry Haskell received hole_card 6 of Spades
I, [2014-03-29T16:14:53.020790 #20863]  INFO -- : Korda Gyuri Bacsi received hole_card 7 of Hearts
I, [2014-03-29T16:14:53.021040 #20863]  INFO -- : Harry Haskell received hole_card 2 of Hearts
I, [2014-03-29T16:14:53.021288 #20863]  INFO -- : Korda Gyuri Bacsi received hole_card 2 of Clubs
I, [2014-03-29T16:14:53.021703 #20863]  INFO -- : Harry Haskell made a bet of 40 (raise) and is left with 40 chips. The pot now contains 40 chips.
I, [2014-03-29T16:14:53.022128 #20863]  INFO -- : Korda Gyuri Bacsi made a bet of 80 (raise) and is left with 4840 chips. The pot now contains 120 chips.
E, [2014-03-29T16:14:53.525482 #20863] ERROR -- : Net::ReadTimeout
E, [2014-03-29T16:14:53.525896 #20863] ERROR -- : Player Harry Haskell is unreachable
I, [2014-03-29T16:14:53.526494 #20863]  INFO -- : Harry Haskell made a bet of 0 (fold) and is left with 40 chips. The pot now contains 120 chips.
I, [2014-03-29T16:14:53.535307 #20863]  INFO -- : Player Korda Gyuri Bacsi responded with 0 (200)
I, [2014-03-29T16:14:53.536047 #20863]  INFO -- : Korda Gyuri Bacsi made a bet of 0 (check) and is left with 4840 chips. The pot now contains 120 chips.
I, [2014-03-29T16:14:53.538097 #20863]  INFO -- : Korda Gyuri Bacsi won 120
I, [2014-03-29T16:14:53.546570 #20863]  INFO -- : Player Korda Gyuri Bacsi responded with  (200)
I, [2014-03-29T16:14:53.550329 #20863]  INFO -- : Player Martleuca responded with  (200)
I, [2014-03-29T16:14:53.555018 #20863]  INFO -- : Player KonyvtarBot responded with  (200)
I, [2014-03-29T16:14:53.558197 #20863]  INFO -- : Player Xenu responded with  (200)
I, [2014-03-29T16:14:53.561061 #20863]  INFO -- : Player Harry Haskell responded with  (200)
I, [2014-03-29T16:14:53.562645 #20863]  INFO -- : Korda Gyuri Bacsi received hole_card Ace of Hearts
I, [2014-03-29T16:14:53.563229 #20863]  INFO -- : Harry Haskell received hole_card 3 of Diamonds
I, [2014-03-29T16:14:53.563706 #20863]  INFO -- : Korda Gyuri Bacsi received hole_card 5 of Diamonds
I, [2014-03-29T16:14:53.564088 #20863]  INFO -- : Harry Haskell received hole_card King of Spades
I, [2014-03-29T16:14:53.564404 #20863]  INFO -- : Korda Gyuri Bacsi made a bet of 40 (raise) and is left with 4920 chips. The pot now contains 40 chips.
I, [2014-03-29T16:14:53.564699 #20863]  INFO -- : Harry Haskell made a bet of 40 (allin) and is left with 0 chips. The pot now contains 80 chips.
I, [2014-03-29T16:14:53.567209 #20863]  INFO -- : Player Korda Gyuri Bacsi responded with 40 (200)
I, [2014-03-29T16:14:53.567478 #20863]  INFO -- : Korda Gyuri Bacsi made a bet of 40 (raise) and is left with 4880 chips. The pot now contains 120 chips.
I, [2014-03-29T16:14:53.567731 #20863]  INFO -- : community card 10 of Clubs
I, [2014-03-29T16:14:53.567937 #20863]  INFO -- : community card 7 of Diamonds
I, [2014-03-29T16:14:53.568140 #20863]  INFO -- : community card 10 of Spades
I, [2014-03-29T16:14:53.568363 #20863]  INFO -- : community card 4 of Clubs
I, [2014-03-29T16:14:53.568578 #20863]  INFO -- : community card Jack of Spades
I, [2014-03-29T16:14:53.569057 #20863]  INFO -- : Korda Gyuri Bacsi showed 7 of Diamonds,10 of Clubs,10 of Spades,Jack of Spades,Ace of Hearts making a pair
I, [2014-03-29T16:14:53.569423 #20863]  INFO -- : Korda Gyuri Bacsi won 120
I, [2014-03-29T16:14:53.573170 #20863]  INFO -- : Player Korda Gyuri Bacsi responded with  (200)
I, [2014-03-29T16:14:53.574842 #20863]  INFO -- : Player Martleuca responded with  (200)
I, [2014-03-29T16:14:53.576734 #20863]  INFO -- : Player KonyvtarBot responded with  (200)
I, [2014-03-29T16:14:53.580549 #20863]  INFO -- : Player Xenu responded with  (200)
I, [2014-03-29T16:14:53.582781 #20863]  INFO -- : Player Harry Haskell responded with  (200)
